[hades_req] package_pos=0 userid=1265 uri=/package/unpack_bundle time=2013-04-03_19:00:48.708418 consume_time=0.0111060142517 accountid=63
[hades_req] accountid=25 userid=1282 uri=/blacksmith/combine time=2013-04-03_19:18:54.689302 consume_time=0.0134260654449 should_by_buy=0 combine_id=5002
[hades_req] accountid=25 userid=1282 uri=/blacksmith/combine time=2013-04-03_19:18:55.645193 consume_time=0.013514995575 should_by_buy=0 combine_id=5002
[hades_req] accountid=25 userid=1282 uri=/blacksmith/combine time=2013-04-03_19:18:56.739316 consume_time=0.0113930702209 should_by_buy=0 combine_id=5002
[hades_req] userid=1282 uri=/scene/back_to_city time=2013-04-03_19:19:48.807422 consume_time=0.0149610042572 accountid=25
[hades_req] consume_time=0.00444602966309 uri=/admin/leave time=2013-04-03_19:19:49.054969
[hades_req] userid=1282 uri=/admin/enter mapname=city gsid=city%401 time=2013-04-03_19:19:51.121649 consume_time=0.0059278011322
[hades_req] consume_time=0.00465202331543 uri=/admin/leave time=2013-04-03_19:33:37.468364
[hades_req] userid=1352 uri=/account/choose_player player=1352_克里斯廷 time=2013-04-03_19:33:59.000090 consume_time=0.0121071338654 accountid=87
[hades_req] userid=1352 uri=/admin/enter mapname=city gsid=city%401 time=2013-04-03_19:34:01.917170 consume_time=0.00583004951477
[hades_req] userid=1352 uri=/reward/reward_by_gametime time=2013-04-03_19:34:07.853890 consume_time=0.00979399681091 id=1 accountid=87
[hades_req] userid=1352 uri=/reward/reward_by_checkin time=2013-04-03_19:34:08.699690 consume_time=0.00565004348755 accountid=87
[hades_req] consume_time=0.00441098213196 uri=/admin/leave time=2013-04-03_19:34:13.088205
[hades_req] userid=1318 uri=/account/choose_player player=1318_琳达 time=2013-04-03_19:34:17.248808 consume_time=0.0107009410858 accountid=87
[hades_req] userid=1318 uri=/admin/enter mapname=city gsid=city%401 time=2013-04-03_19:34:18.997177 consume_time=0.00570297241211
[hades_req] userid=1318 uri=/reward/reward_by_checkin time=2013-04-03_19:34:23.335809 consume_time=0.00961804389954 accountid=87
[hades_req] userid=1318 uri=/scene/go_to_boss time=2013-04-03_19:41:39.968632 consume_time=0.073714017868 accountid=87
[hades_req] consume_time=0.00428295135498 uri=/admin/leave time=2013-04-03_19:41:40.246253
[hades_req] userid=1318 uri=/admin/enter mapname=huoshan3 gsid=huoshan3%401 time=2013-04-03_19:41:43.755374 consume_time=0.00648593902588
[hades_req] userid=1318 uri=/instance/revive revive_mod=token time=2013-04-03_19:44:17.927045 death_rule_type=world_boss consume_time=0.00895619392395 accountid=87
[hades_req] userid=1318 uri=/scene/back_to_city time=2013-04-03_19:44:21.181056 consume_time=0.0133309364319 accountid=87
[hades_req] consume_time=0.00408792495728 uri=/admin/leave time=2013-04-03_19:44:21.471303
[hades_req] userid=1318 uri=/admin/enter mapname=city gsid=city%401 time=2013-04-03_19:44:23.713580 consume_time=0.00619006156921
[hades_req] consume_time=0.00552988052368 uri=/admin/leave time=2013-04-03_19:45:04.676506
[hades_req] userid=0 uri=/account/temp_login form_password=123456 time=2013-04-03_19:46:42.902856 form_email=test@test.com consume_time=0.00593614578247 accountid=0
[hades_req] userid=1317 uri=/account/choose_player player=1317_柏莎 time=2013-04-03_19:47:12.930240 consume_time=0.0116131305695 accountid=20
[hades_req] userid=1317 uri=/admin/enter mapname=city gsid=city%401 time=2013-04-03_19:47:21.906651 consume_time=0.006187915802
[hades_req] count=1 sale_id=1400121 userid=1317 uri=/trade/market/buy time=2013-04-03_19:47:35.517873 consume_time=0.00687909126282 accountid=20
[hades_req] count=1 sale_id=1400126 userid=1317 uri=/trade/market/buy time=2013-04-03_19:47:42.673554 consume_time=0.00796890258789 accountid=20
[hades_req] count=1 sale_id=140011 userid=1317 uri=/trade/market/buy time=2013-04-03_19:47:48.030340 consume_time=0.00767302513123 accountid=20
[hades_req] count=1 sale_id=1400134 userid=1317 uri=/trade/market/buy time=2013-04-03_19:47:55.932977 consume_time=0.00765419006348 accountid=20
[hades_req] count=1 sale_id=1400134 userid=1317 uri=/trade/market/buy time=2013-04-03_19:48:03.091406 consume_time=0.00761413574219 accountid=20
[hades_req] consume_time=0.00493192672729 uri=/admin/leave time=2013-04-03_19:50:23.929253
