[hades_req] userid=1347 uri=/blacksmith/enhance equipment_pos=equiped@right_hand time=2013-04-03_17:00:01.738110 lucky_stone_pos=2 consume_time=0.0269451141357 accountid=87
[hades_req] user_login=登录 uri=/account/temp_login form_password=elaine time=2013-04-03_17:00:57.814555 form_email=elaine2@abc.com consume_time=0.00628995895386
[hades_req] delete_user_id=1278 userid=966 uri=/account/delete_user time=2013-04-03_17:02:39.221266 consume_time=0.0259208679199 accountid=63
[hades_req] userid=1347 uri=/blacksmith/enhance equipment_pos=equiped@right_hand time=2013-04-03_17:03:11.587227 lucky_stone_pos=2 consume_time=0.0261669158936 accountid=87
[hades_req] accountid=63 idcard=1234345656dfdf account_id=63 gender=male camp=1 userid=966 uri=/profile/register role=master time=2013-04-03_17:03:26.456595 consume_time=0.0109848976135 name=简
[hades_req] userid=0 uri=/account/temp_login form_password=123456 time=2013-04-03_17:03:36.817936 form_email=test@test.com consume_time=0.0224041938782 accountid=0
[hades_req] userid=1334 uri=/account/choose_player player=1334_克拉彭 time=2013-04-03_17:04:07.078125 consume_time=0.012167930603 accountid=20
[hades_req] userid=1334 uri=/admin/enter mapname=city gsid=city%401 time=2013-04-03_17:04:16.068725 consume_time=0.00560593605042
[hades_req] userid=1348 uri=/account/choose_player player=1348_简 time=2013-04-03_17:04:19.161339 consume_time=0.0110399723053 accountid=63
[hades_req] userid=1348 uri=/admin/enter mapname=city gsid=city%401 time=2013-04-03_17:04:22.713286 consume_time=0.0107960700989
[hades_req] ruler=dan01-huoshan4.xml userid=1348 uri=/scene/jump_to_quest_location time=2013-04-03_17:05:02.074429 map_name=huoshan4 consume_time=0.0502440929413 accountid=63
[hades_req] consume_time=0.003830909729 uri=/admin/leave time=2013-04-03_17:05:02.259827
[hades_req] userid=1348 uri=/admin/enter mapname=huoshan4 gsid=huoshan4%401 time=2013-04-03_17:05:07.391377 consume_time=0.00568199157715
[hades_req] consume_time=0.00445294380188 uri=/admin/leave time=2013-04-03_17:05:13.598234
[hades_req] consume_time=0.00449013710022 uri=/admin/leave time=2013-04-03_17:05:42.146553
[hades_req] userid=1318 uri=/account/choose_player player=1318_琳达 time=2013-04-03_17:05:46.432275 consume_time=0.0102291107178 accountid=87
[hades_req] userid=0 uri=/account/temp_login form_password=123456 time=2013-04-03_17:05:47.852598 form_email=test@test.com consume_time=0.00552296638489 accountid=0
[hades_req] userid=1318 uri=/admin/enter mapname=city gsid=city%401 time=2013-04-03_17:05:48.051518 consume_time=0.00592994689941
[hades_req] userid=1318 uri=/scene/go_to_publicmine time=2013-04-03_17:05:49.930921 consume_time=0.052325963974 accountid=87
[hades_req] consume_time=0.00411105155945 uri=/admin/leave time=2013-04-03_17:05:50.206282
[hades_req] userid=1318 uri=/admin/enter mapname=gonggongditu gsid=gonggongditu%401 time=2013-04-03_17:05:57.189138 consume_time=0.00587677955627
[hades_req] userid=1318 uri=/instance/revive revive_mod=free time=2013-04-03_17:06:42.588805 death_rule_type=multi consume_time=0.00507497787476 accountid=87
[hades_req] userid=1348 uri=/scene/back_to_city time=2013-04-03_17:06:45.726139 consume_time=0.0104780197144 accountid=63
[hades_req] consume_time=0.00323390960693 uri=/admin/leave time=2013-04-03_17:06:45.862214
[hades_req] userid=1348 uri=/admin/enter mapname=city gsid=city%401 time=2013-04-03_17:06:48.039968 consume_time=0.00410294532776
[hades_req] consume_time=0.00283312797546 uri=/admin/leave time=2013-04-03_17:06:54.582009
[hades_req] consume_time=0.00283813476562 uri=/admin/leave time=2013-04-03_17:06:54.583707
[hades_req] consume_time=0.00323486328125 uri=/admin/leave time=2013-04-03_17:06:54.624783
[hades_req] consume_time=0.00326704978943 uri=/admin/leave time=2013-04-03_17:06:54.653830
[hades_req] userid=1334 uri=/account/choose_player player=1334_克拉彭 time=2013-04-03_17:07:05.802250 consume_time=0.0129871368408 accountid=20
[hades_req] userid=1334 uri=/admin/enter mapname=city gsid=city%401 time=2013-04-03_17:07:14.854163 consume_time=0.00711894035339
[hades_req] userid=1318 uri=/account/choose_player player=1318_琳达 time=2013-04-03_17:07:16.372379 consume_time=0.0125830173492 accountid=87
[hades_req] userid=1318 uri=/admin/enter mapname=city gsid=city%401 time=2013-04-03_17:07:17.914376 consume_time=0.00627493858337
[hades_req] userid=1318 uri=/scene/go_to_publicmine time=2013-04-03_17:07:21.596991 consume_time=0.0482478141785 accountid=87
[hades_req] consume_time=0.00437211990356 uri=/admin/leave time=2013-04-03_17:07:21.910593
[hades_req] userid=1318 uri=/admin/enter mapname=gonggongditu gsid=gonggongditu%401 time=2013-04-03_17:07:28.517682 consume_time=0.00562691688538
[hades_req] userid=1348 uri=/account/choose_player player=1348_简 time=2013-04-03_17:07:37.202792 consume_time=0.0115029811859 accountid=63
[hades_req] userid=1348 uri=/admin/enter mapname=city gsid=city%401 time=2013-04-03_17:07:40.598339 consume_time=0.0075089931488
[hades_req] userid=1348 uri=/blacksmith/enhance equipment_pos=equiped@right_hand time=2013-04-03_17:08:35.320164 lucky_stone_pos=2 consume_time=0.0252788066864 accountid=63
[hades_req] consume_time=0.00499486923218 uri=/admin/leave time=2013-04-03_17:09:11.820373
[hades_req] consume_time=0.00427603721619 uri=/admin/leave time=2013-04-03_17:09:15.160155
[hades_req] userid=1318 uri=/account/choose_player player=1318_琳达 time=2013-04-03_17:09:22.847340 consume_time=0.0128359794617 accountid=87
[hades_req] userid=1318 uri=/admin/enter mapname=city gsid=city%401 time=2013-04-03_17:09:25.147213 consume_time=0.00782799720764
[hades_req] items=consume@3@11 userid=1318 uri=/trade/store/multi_buy time=2013-04-03_17:09:33.793078 consume_time=0.00759816169739 accountid=87
[hades_req] userid=1318 uri=/shortcut/set short_cut={"0":"0@1030020@true","1":"1@1060020@true","2":"2@1090020@true","3":"3@1120020@true","4":"4@101@false","5":"5@3@false"} time=2013-04-03_17:09:33.888029 consume_time=0.00193405151367 accountid=87
[hades_req] userid=1318 uri=/scene/go_to_publicmine time=2013-04-03_17:09:41.489711 consume_time=0.0202910900116 accountid=87
[hades_req] consume_time=0.00416684150696 uri=/admin/leave time=2013-04-03_17:09:41.772470
[hades_req] userid=1318 uri=/admin/enter mapname=gonggongditu gsid=gonggongditu%401 time=2013-04-03_17:09:48.908275 consume_time=0.00539898872375
[hades_req] userid=1318 uri=/package/sort time=2013-04-03_17:10:07.444562 consume_time=0.00711393356323 accountid=87
[hades_req] userid=1318 uri=/scene/back_to_city time=2013-04-03_17:10:20.134822 consume_time=0.0129821300507 accountid=87
[hades_req] consume_time=0.00412917137146 uri=/admin/leave time=2013-04-03_17:10:20.398905
[hades_req] userid=1318 uri=/admin/enter mapname=city gsid=city%401 time=2013-04-03_17:10:22.447687 consume_time=0.00550198554993
[hades_req] userid=0 uri=/account/temp_login form_password=123456 time=2013-04-03_17:13:41.692834 form_email=test@test.com consume_time=0.00635695457458 accountid=0
[hades_req] camp=1 name=希伯来 gender=female idcard=1234345656dfdf userid=1334 uri=/profile/register account_id=20 role=priest time=2013-04-03_17:14:12.348177 consume_time=0.0115039348602 accountid=20
[hades_req] userid=1349 uri=/account/choose_player player=1349_希伯来 time=2013-04-03_17:14:14.616011 consume_time=0.0102591514587 accountid=20
[hades_req] userid=1349 uri=/admin/enter mapname=city gsid=city%401 time=2013-04-03_17:14:23.580806 consume_time=0.01069688797
[hades_req] ruler=dan01-huoshan4.xml userid=1349 uri=/scene/jump_to_quest_location time=2013-04-03_17:14:56.691115 map_name=huoshan4 consume_time=0.0537979602814 accountid=20
[hades_req] consume_time=0.00429105758667 uri=/admin/leave time=2013-04-03_17:14:56.860614
[hades_req] userid=1282 uri=/account/choose_player player=1282_安妮 time=2013-04-03_17:14:58.589492 consume_time=0.00973701477051 accountid=25
[hades_req] userid=1282 uri=/admin/enter mapname=city gsid=city%401 time=2013-04-03_17:15:00.259790 consume_time=0.00629115104675
[hades_req] userid=1349 uri=/admin/enter mapname=huoshan4 gsid=huoshan4%401 time=2013-04-03_17:15:04.686754 consume_time=0.00599980354309
[hades_req] userid=1349 uri=/scene/back_to_city time=2013-04-03_17:15:45.448031 consume_time=0.0148310661316 accountid=20
[hades_req] consume_time=0.00422191619873 uri=/admin/leave time=2013-04-03_17:15:45.604465
[hades_req] userid=1349 uri=/admin/enter mapname=city gsid=city%401 time=2013-04-03_17:15:48.185535 consume_time=0.0060350894928
[hades_req] time=2013-04-03_17:16:15.460124 userid=1282 uri=/maze/goto_maze is_continue=true consume_time=0.0570070743561 accountid=25
[hades_req] consume_time=0.00515198707581 uri=/admin/leave time=2013-04-03_17:16:15.739356
[hades_req] userid=1282 uri=/admin/enter mapname=migong gsid=migong%401 time=2013-04-03_17:16:19.267798 consume_time=0.00674295425415
[hades_req] userid=1349 uri=/blacksmith/enhance equipment_pos=equiped@right_hand time=2013-04-03_17:16:21.412079 lucky_stone_pos=2 consume_time=0.026869058609 accountid=20
[hades_req] ruler=migong userid=1282 uri=/scene/jump_to_quest_location time=2013-04-03_17:16:42.915094 map_name=migong consume_time=0.0165359973907 accountid=25
[hades_req] consume_time=0.00476598739624 uri=/admin/leave time=2013-04-03_17:16:43.144782
[hades_req] userid=1282 uri=/admin/enter mapname=migong gsid=migong%401 time=2013-04-03_17:16:44.919173 consume_time=0.00627493858337
[hades_req] ruler=migong userid=1282 uri=/scene/jump_to_quest_location time=2013-04-03_17:17:22.349536 map_name=migong consume_time=0.0191440582275 accountid=25
[hades_req] consume_time=0.00496888160706 uri=/admin/leave time=2013-04-03_17:17:22.630435
[hades_req] userid=1282 uri=/admin/enter mapname=migong gsid=migong%401 time=2013-04-03_17:17:24.323388 consume_time=0.00638508796692
[hades_req] consume_time=0.00425815582275 uri=/admin/leave time=2013-04-03_17:18:05.879477
[hades_req] user_login=登录 uri=/account/temp_login form_password=123456 time=2013-04-03_17:18:08.724317 form_email=test@test.com consume_time=0.0183231830597
[hades_req] delete_user_id=1349 userid=1334 uri=/account/delete_user time=2013-04-03_17:18:30.523359 consume_time=0.0277740955353 accountid=20
[hades_req] idcard=1234345656dfdf account_id=20 gender=female camp=1 userid=1334 uri=/profile/register name=伊芳 role=priest time=2013-04-03_17:18:32.925336 consume_time=0.0235028266907 accountid=20
[hades_req] userid=1350 uri=/account/choose_player player=1350_伊芳 time=2013-04-03_17:18:35.471983 consume_time=0.0110471248627 accountid=20
[hades_req] consume_time=0.00462079048157 uri=/admin/leave time=2013-04-03_17:18:38.075321
[hades_req] userid=1350 uri=/admin/enter mapname=city gsid=city%401 time=2013-04-03_17:18:39.392251 consume_time=0.0119080543518
[hades_req] delete_user_id=1347 userid=1318 uri=/account/delete_user time=2013-04-03_17:18:43.415490 consume_time=0.0299510955811 accountid=87
[hades_req] accountid=87 camp=1 name=罗伯塔 gender=female idcard=1234345656dfdf userid=1318 uri=/profile/register role=warrior time=2013-04-03_17:18:45.780619 consume_time=0.0142078399658 account_id=87
[hades_req] userid=1351 uri=/account/choose_player player=1351_罗伯塔 time=2013-04-03_17:18:48.268466 consume_time=0.0133879184723 accountid=87
[hades_req] userid=1351 uri=/admin/enter mapname=city gsid=city%401 time=2013-04-03_17:18:49.909270 consume_time=0.00939702987671
[hades_req] ruler=dan01-huoshan4.xml userid=1350 uri=/scene/jump_to_quest_location time=2013-04-03_17:18:57.915688 map_name=huoshan4 consume_time=0.0537970066071 accountid=20
[hades_req] consume_time=0.00438117980957 uri=/admin/leave time=2013-04-03_17:18:58.071102
[hades_req] userid=1350 uri=/admin/enter mapname=huoshan4 gsid=huoshan4%401 time=2013-04-03_17:19:03.362661 consume_time=0.00644397735596
[hades_req] userid=1350 uri=/scene/back_to_city time=2013-04-03_17:19:39.669684 consume_time=0.0143630504608 accountid=20
[hades_req] consume_time=0.00465202331543 uri=/admin/leave time=2013-04-03_17:19:39.811029
[hades_req] userid=1350 uri=/admin/enter mapname=city gsid=city%401 time=2013-04-03_17:19:42.100236 consume_time=0.00967597961426
[hades_req] userid=1350 uri=/blacksmith/enhance equipment_pos=equiped@right_hand time=2013-04-03_17:19:58.114406 lucky_stone_pos=2 consume_time=0.0274660587311 accountid=20
[hades_req] consume_time=0.00321793556213 uri=/admin/leave time=2013-04-03_17:23:31.654686
[hades_req] ruler=dan01-huoshan4.xml userid=1351 uri=/scene/jump_to_quest_location time=2013-04-03_17:23:52.257721 map_name=huoshan4 consume_time=0.0585029125214 accountid=87
[hades_req] consume_time=0.00464606285095 uri=/admin/leave time=2013-04-03_17:23:52.425556
[hades_req] userid=1351 uri=/admin/enter mapname=huoshan4 gsid=huoshan4%401 time=2013-04-03_17:23:55.795086 consume_time=0.00850820541382
[hades_req] userid=0 uri=/account/temp_login form_password=123456 time=2013-04-03_17:24:12.207843 form_email=test@test.com consume_time=0.00593400001526 accountid=0
[hades_req] userid=1351 uri=/scene/back_to_city time=2013-04-03_17:24:27.035113 consume_time=0.0140330791473 accountid=87
[hades_req] consume_time=0.00491118431091 uri=/admin/leave time=2013-04-03_17:24:27.222998
[hades_req] userid=1351 uri=/admin/enter mapname=city gsid=city%401 time=2013-04-03_17:24:29.351133 consume_time=0.00634098052979
[hades_req] userid=1351 uri=/blacksmith/enhance equipment_pos=equiped@right_hand time=2013-04-03_17:24:58.065542 lucky_stone_pos=2 consume_time=0.0274319648743 accountid=87
[hades_req] userid=1317 uri=/account/choose_player player=1317_柏莎 time=2013-04-03_17:25:28.509221 consume_time=0.0119998455048 accountid=20
[hades_req] userid=1317 uri=/admin/enter mapname=city gsid=city%401 time=2013-04-03_17:25:37.759228 consume_time=0.00844407081604
[hades_req] ruler=migong userid=1282 uri=/scene/jump_to_quest_location time=2013-04-03_17:26:48.821829 map_name=migong consume_time=0.0208048820496 accountid=25
[hades_req] consume_time=0.00491690635681 uri=/admin/leave time=2013-04-03_17:26:49.096388
[hades_req] userid=1282 uri=/admin/enter mapname=migong gsid=migong%401 time=2013-04-03_17:26:50.850578 consume_time=0.00583600997925
[hades_req] ruler=migong userid=1282 uri=/scene/jump_to_quest_location time=2013-04-03_17:28:27.262836 map_name=migong consume_time=0.01970911026 accountid=25
[hades_req] consume_time=0.00471997261047 uri=/admin/leave time=2013-04-03_17:28:27.539748
[hades_req] userid=1282 uri=/admin/enter mapname=migong gsid=migong%401 time=2013-04-03_17:28:29.246428 consume_time=0.00550985336304
[hades_req] ruler=migong userid=1282 uri=/scene/jump_to_quest_location time=2013-04-03_17:29:28.241063 map_name=migong consume_time=0.0195708274841 accountid=25
[hades_req] consume_time=0.00435495376587 uri=/admin/leave time=2013-04-03_17:29:28.470367
[hades_req] userid=1282 uri=/admin/enter mapname=migong gsid=migong%401 time=2013-04-03_17:29:30.191106 consume_time=0.004154920578
[hades_req] consume_time=0.00471806526184 uri=/admin/leave time=2013-04-03_17:29:34.718444
[hades_req] delete_user_id=1351 userid=1351 uri=/account/delete_user time=2013-04-03_17:29:47.784926 consume_time=0.0285439491272 accountid=87
[hades_req] accountid=87 camp=1 name=克里斯廷 gender=female idcard=1234345656dfdf userid=1277 uri=/profile/register role=master time=2013-04-03_17:29:50.429352 consume_time=0.0129351615906 account_id=87
[hades_req] userid=1352 uri=/account/choose_player player=1352_克里斯廷 time=2013-04-03_17:29:52.972672 consume_time=0.0119659900665 accountid=87
[hades_req] userid=1352 uri=/admin/enter mapname=city gsid=city%401 time=2013-04-03_17:29:55.396613 consume_time=0.00950407981873
[hades_req] ruler=dan01-huoshan4.xml userid=1352 uri=/scene/jump_to_quest_location time=2013-04-03_17:30:18.553999 map_name=huoshan4 consume_time=0.0518000125885 accountid=87
[hades_req] consume_time=0.00388717651367 uri=/admin/leave time=2013-04-03_17:30:18.734540
[hades_req] userid=1352 uri=/admin/enter mapname=huoshan4 gsid=huoshan4%401 time=2013-04-03_17:30:23.122422 consume_time=0.00664186477661
[hades_req] userid=1352 uri=/scene/back_to_city time=2013-04-03_17:30:52.683601 consume_time=0.0156512260437 accountid=87
[hades_req] consume_time=0.00459384918213 uri=/admin/leave time=2013-04-03_17:30:52.852972
[hades_req] userid=1352 uri=/admin/enter mapname=city gsid=city%401 time=2013-04-03_17:30:55.243293 consume_time=0.00534701347351
[hades_req] userid=1352 uri=/blacksmith/enhance equipment_pos=equiped@right_hand time=2013-04-03_17:31:08.140803 lucky_stone_pos=2 consume_time=0.0268211364746 accountid=87
[hades_req] userid=1352 uri=/blacksmith/enhance equipment_pos=equiped@right_hand time=2013-04-03_17:31:14.429103 lucky_stone_pos=2 consume_time=0.0322620868683 accountid=87
[hades_req] userid=1352 uri=/blacksmith/enhance equipment_pos=equiped@right_hand time=2013-04-03_17:31:15.760265 lucky_stone_pos=2 consume_time=0.029070854187 accountid=87
[hades_req] userid=1352 uri=/blacksmith/enhance equipment_pos=equiped@right_hand time=2013-04-03_17:31:16.832849 lucky_stone_pos=2 consume_time=0.0338499546051 accountid=87
[hades_req] userid=1352 uri=/blacksmith/enhance equipment_pos=equiped@right_hand time=2013-04-03_17:31:45.339321 lucky_stone_pos=2 consume_time=0.0250182151794 accountid=87
[hades_req] consume_time=0.00537490844727 uri=/admin/leave time=2013-04-03_17:32:09.640171
[hades_req] ruler=migong userid=1282 uri=/scene/jump_to_quest_location time=2013-04-03_17:32:34.814461 map_name=migong consume_time=0.0182020664215 accountid=25
[hades_req] consume_time=0.00416088104248 uri=/admin/leave time=2013-04-03_17:32:35.083955
[hades_req] userid=1282 uri=/admin/enter mapname=migong gsid=migong%401 time=2013-04-03_17:32:36.847458 consume_time=0.00567293167114
[hades_req] ruler=migong userid=1282 uri=/scene/jump_to_quest_location time=2013-04-03_17:33:24.932851 map_name=migong consume_time=0.020033121109 accountid=25
[hades_req] consume_time=0.00483989715576 uri=/admin/leave time=2013-04-03_17:33:25.174928
[hades_req] userid=1282 uri=/admin/enter mapname=migong gsid=migong%401 time=2013-04-03_17:33:26.840250 consume_time=0.00752305984497
[hades_req] userid=1342 uri=/account/choose_player player=1342_优娜 time=2013-04-03_17:35:56.149710 consume_time=0.012228012085 accountid=11
[hades_req] userid=1342 uri=/admin/enter mapname=city gsid=city%401 time=2013-04-03_17:35:58.412017 consume_time=0.00589799880981
[hades_req] userid=1342 uri=/account/choose_player player=1342_优娜 time=2013-04-03_17:36:06.107495 consume_time=0.0108399391174 accountid=11
[hades_req] userid=1282 uri=/shortcut/set short_cut={"0":"0@2150020@true","1":"1@2180020@true","2":"2@2210020@true","3":"3@2240020@true","4":"4@103@false"} time=2013-04-03_17:39:19.796892 consume_time=0.00179600715637 accountid=25
[hades_req] accountid=25 userid=1282 uri=/blacksmith/combine time=2013-04-03_17:39:54.861917 consume_time=0.0148899555206 should_by_buy=0 combine_id=4000
[hades_req] accountid=25 userid=1282 uri=/blacksmith/combine time=2013-04-03_17:39:56.199768 consume_time=0.0194621086121 should_by_buy=0 combine_id=4000
[hades_req] accountid=25 userid=1282 uri=/blacksmith/combine time=2013-04-03_17:40:00.936379 consume_time=0.016450881958 should_by_buy=0 combine_id=4099
[hades_req] accountid=25 userid=1282 uri=/blacksmith/combine time=2013-04-03_17:40:03.759994 consume_time=0.0126121044159 should_by_buy=0 combine_id=5001
[hades_req] accountid=25 userid=1282 uri=/blacksmith/combine time=2013-04-03_17:40:04.727935 consume_time=0.0129671096802 should_by_buy=0 combine_id=5001
[hades_req] accountid=25 userid=1282 uri=/blacksmith/combine time=2013-04-03_17:40:05.559168 consume_time=0.0133168697357 should_by_buy=0 combine_id=5001
[hades_req] accountid=25 userid=1282 uri=/blacksmith/combine time=2013-04-03_17:40:06.278177 consume_time=0.013710975647 should_by_buy=0 combine_id=5001
[hades_req] accountid=25 userid=1282 uri=/blacksmith/combine time=2013-04-03_17:40:06.960770 consume_time=0.01296210289 should_by_buy=0 combine_id=5001
[hades_req] accountid=25 userid=1282 uri=/blacksmith/combine time=2013-04-03_17:40:07.694624 consume_time=0.0121510028839 should_by_buy=0 combine_id=5001
[hades_req] accountid=25 userid=1282 uri=/blacksmith/combine time=2013-04-03_17:40:10.541728 consume_time=0.0128040313721 should_by_buy=0 combine_id=5002
[hades_req] accountid=25 userid=1282 uri=/blacksmith/combine time=2013-04-03_17:40:11.228254 consume_time=0.0126130580902 should_by_buy=0 combine_id=5002
[hades_req] accountid=25 userid=1282 uri=/blacksmith/combine time=2013-04-03_17:40:12.009176 consume_time=0.0116460323334 should_by_buy=0 combine_id=5002
[hades_req] accountid=25 userid=1282 uri=/blacksmith/combine time=2013-04-03_17:40:14.223185 consume_time=0.0258140563965 should_by_buy=0 combine_id=4011
[hades_req] accountid=25 userid=1282 uri=/blacksmith/combine time=2013-04-03_17:40:17.709785 consume_time=0.0126850605011 should_by_buy=0 combine_id=5005
[hades_req] accountid=25 userid=1282 uri=/blacksmith/combine time=2013-04-03_17:40:18.292865 consume_time=0.0123598575592 should_by_buy=0 combine_id=5005
[hades_req] accountid=25 userid=1282 uri=/blacksmith/combine time=2013-04-03_17:40:19.059723 consume_time=0.0141930580139 should_by_buy=0 combine_id=5005
[hades_req] accountid=25 userid=1282 uri=/blacksmith/combine time=2013-04-03_17:40:19.742497 consume_time=0.0125880241394 should_by_buy=0 combine_id=5005
[hades_req] accountid=25 userid=1282 uri=/blacksmith/combine time=2013-04-03_17:40:20.473765 consume_time=0.0106391906738 should_by_buy=0 combine_id=5005
[hades_req] accountid=25 userid=1282 uri=/blacksmith/combine time=2013-04-03_17:40:21.126844 consume_time=0.0123589038849 should_by_buy=0 combine_id=5005
[hades_req] accountid=25 userid=1282 uri=/blacksmith/combine time=2013-04-03_17:40:21.761576 consume_time=0.0145120620728 should_by_buy=0 combine_id=5005
[hades_req] accountid=25 userid=1282 uri=/blacksmith/combine time=2013-04-03_17:40:22.442975 consume_time=0.0136239528656 should_by_buy=0 combine_id=5005
[hades_req] accountid=25 userid=1282 uri=/blacksmith/combine time=2013-04-03_17:40:23.124274 consume_time=0.0106868743896 should_by_buy=0 combine_id=5005
[hades_req] accountid=25 userid=1282 uri=/blacksmith/combine time=2013-04-03_17:40:23.796080 consume_time=0.0151450634003 should_by_buy=0 combine_id=5005
[hades_req] accountid=25 userid=1282 uri=/blacksmith/combine time=2013-04-03_17:40:24.932373 consume_time=0.0123460292816 should_by_buy=0 combine_id=5005
[hades_req] accountid=25 userid=1282 uri=/blacksmith/combine time=2013-04-03_17:40:25.677671 consume_time=0.0121967792511 should_by_buy=0 combine_id=5005
[hades_req] accountid=25 userid=1282 uri=/blacksmith/combine time=2013-04-03_17:40:26.311180 consume_time=0.0132958889008 should_by_buy=0 combine_id=5005
[hades_req] accountid=25 userid=1282 uri=/blacksmith/combine time=2013-04-03_17:40:26.996851 consume_time=0.0124258995056 should_by_buy=0 combine_id=5005
[hades_req] accountid=25 userid=1282 uri=/blacksmith/combine time=2013-04-03_17:40:27.725396 consume_time=0.010929107666 should_by_buy=0 combine_id=5005
[hades_req] accountid=25 userid=1282 uri=/blacksmith/combine time=2013-04-03_17:40:28.458851 consume_time=0.0117161273956 should_by_buy=0 combine_id=5005
[hades_req] accountid=25 userid=1282 uri=/blacksmith/combine time=2013-04-03_17:40:29.126895 consume_time=0.0128140449524 should_by_buy=0 combine_id=5005
[hades_req] accountid=25 userid=1282 uri=/blacksmith/combine time=2013-04-03_17:40:29.807665 consume_time=0.0104761123657 should_by_buy=0 combine_id=5005
[hades_req] accountid=25 userid=1282 uri=/blacksmith/combine time=2013-04-03_17:40:30.494429 consume_time=0.0141589641571 should_by_buy=0 combine_id=5005
[hades_req] accountid=25 userid=1282 uri=/blacksmith/combine time=2013-04-03_17:40:31.192836 consume_time=0.0147340297699 should_by_buy=0 combine_id=5005
[hades_req] userid=0 uri=/account/temp_login form_password=123456 time=2013-04-03_17:40:51.086206 form_email=test@test.com consume_time=0.0193340778351 accountid=0
[hades_req] userid=1282 uri=/blacksmith/mosaic stone_pos=31@slot0 time=2013-04-03_17:40:51.862088 mosaic_item=equiped@right_hand consume_time=0.0160970687866 accountid=25
[hades_req] punch_item=equiped@right_hand time=2013-04-03_17:40:58.743400 userid=1282 uri=/blacksmith/punch slot_id=slot1 consume_time=0.0119340419769 accountid=25
[hades_req] userid=1282 uri=/blacksmith/mosaic stone_pos=28@slot1 time=2013-04-03_17:41:02.046742 mosaic_item=equiped@right_hand consume_time=0.0168960094452 accountid=25
[hades_req] userid=1282 uri=/blacksmith/mosaic stone_pos=7@slot0 time=2013-04-03_17:41:13.729045 mosaic_item=equiped@body consume_time=0.0147278308868 accountid=25
[hades_req] userid=1282 uri=/blacksmith/mosaic stone_pos=8@slot0 time=2013-04-03_17:41:25.661550 mosaic_item=equiped@legs consume_time=0.0166449546814 accountid=25
[hades_req] userid=1282 uri=/blacksmith/mosaic stone_pos=32@slot0 time=2013-04-03_17:41:34.532484 mosaic_item=equiped@shoes consume_time=0.016350030899 accountid=25
[hades_req] userid=1282 uri=/blacksmith/mosaic stone_pos=29@slot0 time=2013-04-03_17:41:41.008265 mosaic_item=equiped@head consume_time=0.0146448612213 accountid=25
[hades_req] userid=1282 uri=/blacksmith/mosaic stone_pos=31@slot0 time=2013-04-03_17:41:44.691513 mosaic_item=equiped@left_hand consume_time=0.0135679244995 accountid=25
[hades_req] ruler=migong userid=1282 uri=/scene/jump_to_quest_location time=2013-04-03_17:42:03.816450 map_name=migong consume_time=0.0177779197693 accountid=25
[hades_req] consume_time=0.00496912002563 uri=/admin/leave time=2013-04-03_17:42:04.105326
[hades_req] userid=1282 uri=/admin/enter mapname=migong gsid=migong%401 time=2013-04-03_17:42:05.851935 consume_time=0.00566792488098
[hades_req] userid=0 uri=/account/temp_login form_password=123456 time=2013-04-03_17:43:10.421130 form_email=test@test.com consume_time=0.00528311729431 accountid=0
[hades_req] ruler=migong userid=1282 uri=/scene/jump_to_quest_location time=2013-04-03_17:43:30.378459 map_name=migong consume_time=0.0180940628052 accountid=25
[hades_req] consume_time=0.00463604927063 uri=/admin/leave time=2013-04-03_17:43:30.617544
[hades_req] userid=1282 uri=/admin/enter mapname=migong gsid=migong%401 time=2013-04-03_17:43:32.304884 consume_time=0.00596690177917
[hades_req] userid=1317 uri=/account/choose_player player=1317_柏莎 time=2013-04-03_17:44:25.060575 consume_time=0.0106639862061 accountid=20
[hades_req] ruler=migong userid=1282 uri=/scene/jump_to_quest_location time=2013-04-03_17:44:33.575566 map_name=migong consume_time=0.0175189971924 accountid=25
[hades_req] consume_time=0.0046489238739 uri=/admin/leave time=2013-04-03_17:44:33.816937
[hades_req] userid=1317 uri=/admin/enter mapname=city gsid=city%401 time=2013-04-03_17:44:34.150176 consume_time=0.00588512420654
[hades_req] userid=1282 uri=/admin/enter mapname=migong gsid=migong%401 time=2013-04-03_17:44:35.518691 consume_time=0.00552701950073
[hades_req] consume_time=0.00396299362183 uri=/admin/leave time=2013-04-03_17:45:32.745281
[hades_req] userid=0 uri=/account/temp_login form_password=123456 time=2013-04-03_17:47:41.469847 form_email=test@test.com consume_time=0.00851607322693 accountid=0
[hades_req] userid=1317 uri=/account/choose_player player=1317_柏莎 time=2013-04-03_17:48:24.384025 consume_time=0.0114250183105 accountid=20
[hades_req] userid=1317 uri=/admin/enter mapname=city gsid=city%401 time=2013-04-03_17:48:33.328886 consume_time=0.00696516036987
[hades_req] ruler=migong userid=1282 uri=/scene/jump_to_quest_location time=2013-04-03_17:49:03.451557 map_name=migong consume_time=0.0201530456543 accountid=25
[hades_req] consume_time=0.00426983833313 uri=/admin/leave time=2013-04-03_17:49:03.716135
[hades_req] userid=1282 uri=/admin/enter mapname=migong gsid=migong%401 time=2013-04-03_17:49:05.409755 consume_time=0.00547194480896
[hades_req] consume_time=0.00470495223999 uri=/admin/leave time=2013-04-03_17:49:22.252767
[hades_req] userid=0 uri=/account/temp_login form_password=123456 time=2013-04-03_17:50:36.919690 form_email=test@test.com consume_time=0.0189220905304 accountid=0
[hades_req] ruler=migong userid=1282 uri=/scene/jump_to_quest_location time=2013-04-03_17:51:07.982970 map_name=migong consume_time=0.0245399475098 accountid=25
[hades_req] consume_time=0.00499105453491 uri=/admin/leave time=2013-04-03_17:51:08.257921
[hades_req] userid=1317 uri=/account/choose_player player=1317_柏莎 time=2013-04-03_17:51:08.324261 consume_time=0.010124206543 accountid=20
[hades_req] userid=1282 uri=/admin/enter mapname=migong gsid=migong%401 time=2013-04-03_17:51:09.972528 consume_time=0.00598096847534
[hades_req] userid=1317 uri=/admin/enter mapname=city gsid=city%401 time=2013-04-03_17:51:17.309819 consume_time=0.00624489784241
[hades_req] npcid=2 userid=1282 uri=/astrology/shortcut_start time=2013-04-03_17:51:32.654278 consume_time=0.0971500873566 accountid=25
[hades_req] userid=1282 uri=/astrology/shortcut_sell time=2013-04-03_17:51:41.033959 consume_time=0.0106608867645 accountid=25
[hades_req] sure=false userid=1282 uri=/astrology/shortcut_combine time=2013-04-03_17:51:44.233758 consume_time=0.0100939273834 type=astrology accountid=25
[hades_req] sure=true userid=1282 uri=/astrology/shortcut_combine time=2013-04-03_17:51:46.604871 consume_time=0.0105290412903 type=astrology accountid=25
[hades_req] uri=/astrology/collect userid=1282 pos=0 time=2013-04-03_17:51:48.599424 consume_time=0.0084400177002 accountid=25
[hades_req] uri=/astrology/equip userid=1282 pos=0 time=2013-04-03_17:51:51.308969 consume_time=0.0196981430054 accountid=25
[hades_req] techid=9 userid=1282 uri=/technology/upgrade time=2013-04-03_17:52:21.364335 consume_time=0.0204501152039 accountid=25
[hades_req] techid=9 userid=1282 uri=/technology/upgrade time=2013-04-03_17:52:23.315344 consume_time=0.0245621204376 accountid=25
[hades_req] techid=9 userid=1282 uri=/technology/upgrade time=2013-04-03_17:52:24.896673 consume_time=0.0233478546143 accountid=25
[hades_req] techid=9 userid=1282 uri=/technology/upgrade time=2013-04-03_17:52:26.193294 consume_time=0.0194518566132 accountid=25
[hades_req] techid=9 userid=1282 uri=/technology/upgrade time=2013-04-03_17:52:27.553190 consume_time=0.0290122032166 accountid=25
[hades_req] techid=9 userid=1282 uri=/technology/upgrade time=2013-04-03_17:52:28.695589 consume_time=0.0220260620117 accountid=25
[hades_req] techid=9 userid=1282 uri=/technology/upgrade time=2013-04-03_17:52:29.853838 consume_time=0.0302319526672 accountid=25
[hades_req] techid=9 userid=1282 uri=/technology/upgrade time=2013-04-03_17:52:31.410254 consume_time=0.0205929279327 accountid=25
[hades_req] userid=1282 uri=/shortcut/set short_cut={"0":"0@2150020@true","1":"1@2180020@true","2":"2@2210020@true","3":"3@2240020@true"} time=2013-04-03_17:52:40.008180 consume_time=0.00176310539246 accountid=25
