[hades_req] repeat_time=1 userid=1265 uri=/instance/start_clean_instance instance_id=10404001 time=2013-04-08_14:00:08.076158 consume_time=0.00414800643921 accountid=63
[hades_req] skip_time=1 userid=1265 uri=/instance/end_clean_instance time=2013-04-08_14:00:11.934982 consume_time=0.0463781356812 accountid=63
[hades_req] repeat_time=1 userid=1265 uri=/instance/start_clean_instance instance_id=10404001 time=2013-04-08_14:00:34.076416 consume_time=0.00437593460083 accountid=63
[hades_req] skip_time=1 userid=1265 uri=/instance/end_clean_instance time=2013-04-08_14:00:38.397270 consume_time=0.0538859367371 accountid=63
[hades_req] repeat_time=1 userid=1265 uri=/instance/start_clean_instance instance_id=10404001 time=2013-04-08_14:00:56.358022 consume_time=0.00489902496338 accountid=63
[hades_req] skip_time=1 userid=1265 uri=/instance/end_clean_instance time=2013-04-08_14:00:59.841585 consume_time=0.0525648593903 accountid=63
[hades_req] repeat_time=1 userid=1265 uri=/instance/start_clean_instance instance_id=10504101 time=2013-04-08_14:01:18.691368 consume_time=0.00457787513733 accountid=63
[hades_req] skip_time=1 userid=1265 uri=/instance/end_clean_instance time=2013-04-08_14:01:21.452084 consume_time=0.0495641231537 accountid=63
[hades_req] repeat_time=1 userid=1265 uri=/instance/start_clean_instance instance_id=10504101 time=2013-04-08_14:01:40.640936 consume_time=0.00479602813721 accountid=63
[hades_req] skip_time=1 userid=1265 uri=/instance/end_clean_instance time=2013-04-08_14:01:44.008713 consume_time=0.057678937912 accountid=63
[hades_req] repeat_time=1 userid=1265 uri=/instance/start_clean_instance instance_id=10504101 time=2013-04-08_14:02:00.107883 consume_time=0.00391888618469 accountid=63
[hades_req] skip_time=1 userid=1265 uri=/instance/end_clean_instance time=2013-04-08_14:02:03.421506 consume_time=0.0536351203918 accountid=63
[hades_req] techid=3 userid=1265 uri=/technology/upgrade time=2013-04-08_14:02:19.498931 consume_time=0.0324509143829 accountid=63
[hades_req] techid=3 userid=1265 uri=/technology/upgrade time=2013-04-08_14:02:20.654730 consume_time=0.0277810096741 accountid=63
[hades_req] repeat_time=1 userid=1265 uri=/instance/start_clean_instance instance_id=10504201 time=2013-04-08_14:02:36.421400 consume_time=0.00527215003967 accountid=63
[hades_req] skip_time=1 userid=1265 uri=/instance/end_clean_instance time=2013-04-08_14:02:39.555477 consume_time=0.0387959480286 accountid=63
[hades_req] repeat_time=1 userid=1265 uri=/instance/start_clean_instance instance_id=10504201 time=2013-04-08_14:02:58.536305 consume_time=0.00393986701965 accountid=63
[hades_req] skip_time=1 userid=1265 uri=/instance/end_clean_instance time=2013-04-08_14:03:02.104382 consume_time=0.0540721416473 accountid=63
[hades_req] repeat_time=1 userid=1265 uri=/instance/start_clean_instance instance_id=10504201 time=2013-04-08_14:04:07.084559 consume_time=0.00450992584229 accountid=63
[hades_req] skip_time=1 userid=1265 uri=/instance/end_clean_instance time=2013-04-08_14:04:11.633099 consume_time=0.0886340141296 accountid=63
[hades_req] repeat_time=1 userid=1265 uri=/instance/start_clean_instance instance_id=10504301 time=2013-04-08_14:04:34.782810 consume_time=0.0042200088501 accountid=63
[hades_req] skip_time=1 userid=1265 uri=/instance/end_clean_instance time=2013-04-08_14:04:37.628123 consume_time=0.0817360877991 accountid=63
[hades_req] repeat_time=1 userid=1265 uri=/instance/start_clean_instance instance_id=10504301 time=2013-04-08_14:04:58.681234 consume_time=0.00445580482483 accountid=63
[hades_req] skip_time=1 userid=1265 uri=/instance/end_clean_instance time=2013-04-08_14:05:01.649237 consume_time=0.0873968601227 accountid=63
[hades_req] repeat_time=1 userid=1265 uri=/instance/start_clean_instance instance_id=10504301 time=2013-04-08_14:05:26.200539 consume_time=0.00502395629883 accountid=63
[hades_req] skip_time=1 userid=1265 uri=/instance/end_clean_instance time=2013-04-08_14:05:29.099772 consume_time=0.0915820598602 accountid=63
[hades_req] userid=1265 uri=/blacksmith/separate item=package@17,package@49,package@55,package@56,package@57,package@58,package@60,package@61,package@70,package@71 time=2013-04-08_14:06:38.149528 consume_time=0.0576560497284 accountid=63
[hades_req] userid=1318 uri=/msg/delete time=2013-04-08_14:06:46.460071 consume_time=0.0168929100037 msgkey=0@1365400924.39,0@1365400622.21,0@1365397324.84,0@1365397022.55 accountid=87
[hades_req] userid=1265 uri=/blacksmith/separate item=package@72,package@73,package@74 time=2013-04-08_14:06:51.397869 consume_time=0.0239939689636 accountid=63
[hades_req] user_login=登录 uri=/account/temp_login form_password=123456 time=2013-04-08_14:07:13.655073 form_email=test@test.com consume_time=0.0182058811188
[hades_req] userid=1265 uri=/scene/go_to_battleland time=2013-04-08_14:07:29.347332 consume_time=0.0069739818573 accountid=63
[hades_req] userid=1154 uri=/account/choose_player player=1154_罗斯福 time=2013-04-08_14:07:38.166749 consume_time=0.012090921402 accountid=9
[hades_req] userid=1154 uri=/admin/enter mapname=city gsid=city@1 time=2013-04-08_14:07:40.580112 consume_time=0.00865602493286
[hades_req] userid=0 uri=/account/temp_login form_password=123456 time=2013-04-08_14:07:52.495667 form_email=test@test.com consume_time=0.0081570148468 accountid=0
[hades_req] skip_time=0 userid=1154 uri=/trade/player_store/generate_player_store time=2013-04-08_14:07:56.225060 consume_time=0.0858108997345 accountid=9
[hades_req] userid=1265 uri=/package/sort time=2013-04-08_14:07:59.276320 consume_time=0.00556206703186 accountid=63
[hades_req] userid=1265 uri=/shortcut/set short_cut={"0":"0@3260019@true","1":"1@3290019@true","2":"2@3320019@true","3":"3@3350019@true","4":"4@101@false","5":"5@3@false"} time=2013-04-08_14:07:59.756835 consume_time=0.00221705436707 accountid=63
[hades_req] consume_time=0.00474214553833 uri=/admin/leave time=2013-04-08_14:08:03.657172
[hades_req] userid=1265 uri=/trade/store/sell time=2013-04-08_14:08:13.009363 position=1 consume_time=0.00522804260254 accountid=63
[hades_req] userid=1265 uri=/trade/store/sell time=2013-04-08_14:08:18.675845 position=2 consume_time=0.00437903404236 accountid=63
[hades_req] userid=1093 uri=/scene/enter_tavern time=2013-04-08_14:08:19.437394 consume_time=0.0100891590118 type=instance accountid=6
[hades_req] consume_time=0.00421500205994 uri=/admin/leave time=2013-04-08_14:08:19.729591
[hades_req] userid=1265 uri=/package/sort time=2013-04-08_14:08:21.193225 consume_time=0.00688219070435 accountid=63
[hades_req] userid=1265 uri=/shortcut/set short_cut={"0":"0@3260019@true","1":"1@3290019@true","2":"2@3320019@true","3":"3@3350019@true","4":"4@105@false","5":"5@3@false"} time=2013-04-08_14:08:21.373652 consume_time=0.00335097312927 accountid=63
[hades_req] userid=1317 uri=/account/choose_player player=1317_柏莎 time=2013-04-08_14:08:26.000988 consume_time=0.0113909244537 accountid=20
[hades_req] userid=1154 uri=/account/choose_player player=1154_罗斯福 time=2013-04-08_14:08:26.216334 consume_time=0.0102300643921 accountid=9
[hades_req] userid=1154 uri=/admin/enter mapname=city gsid=city@1 time=2013-04-08_14:08:28.470500 consume_time=0.00646901130676
[hades_req] user_login=登录 uri=/account/temp_login form_password=000000 time=2013-04-08_14:08:28.496128 form_email=superjjmm@hotmail.com consume_time=0.00719690322876
[hades_req] userid=1317 uri=/admin/enter mapname=city gsid=city@1 time=2013-04-08_14:08:34.952711 consume_time=0.00796985626221
[hades_req] consume_time=0.00498199462891 uri=/admin/leave time=2013-04-08_14:08:38.784806
[hades_req] items=material@9003@99 userid=1265 uri=/trade/store/multi_buy time=2013-04-08_14:08:39.475180 consume_time=0.00650000572205 accountid=63
[hades_req] userid=1093 uri=/account/choose_player player=1093_卢修斯 time=2013-04-08_14:08:39.669297 consume_time=0.0110499858856 accountid=6
[hades_req] userid=1093 uri=/admin/enter mapname=city gsid=city@1 time=2013-04-08_14:08:42.414196 consume_time=0.00699615478516
[hades_req] consume_time=0.00596714019775 uri=/admin/leave time=2013-04-08_14:08:47.484404
[hades_req] userid=1265 uri=/blacksmith/combine time=2013-04-08_14:08:48.302679 consume_time=0.0192251205444 accountid=63 combine_id=181
[hades_req] userid=1265 uri=/blacksmith/combine time=2013-04-08_14:08:53.442074 consume_time=0.0229439735413 accountid=63 combine_id=186
[hades_req] userid=1265 uri=/blacksmith/combine time=2013-04-08_14:08:57.289556 consume_time=0.0207719802856 accountid=63 combine_id=187
[hades_req] userid=1265 uri=/blacksmith/enhance equipment_pos=package@61 time=2013-04-08_14:09:14.292346 lucky_stone_pos=63 consume_time=0.0402178764343 accountid=63
[hades_req] userid=1265 uri=/blacksmith/enhance equipment_pos=package@61 time=2013-04-08_14:09:15.261640 lucky_stone_pos=63 consume_time=0.0418300628662 accountid=63
[hades_req] userid=1265 uri=/blacksmith/enhance equipment_pos=package@61 time=2013-04-08_14:09:16.189550 lucky_stone_pos=63 consume_time=0.0391809940338 accountid=63
[hades_req] userid=1265 uri=/blacksmith/enhance equipment_pos=package@61 time=2013-04-08_14:09:16.907126 lucky_stone_pos=63 consume_time=0.0395491123199 accountid=63
[hades_req] userid=1265 uri=/blacksmith/enhance equipment_pos=package@61 time=2013-04-08_14:09:17.739690 lucky_stone_pos=63 consume_time=0.0379641056061 accountid=63
[hades_req] userid=1265 uri=/blacksmith/enhance equipment_pos=package@61 time=2013-04-08_14:09:18.556873 lucky_stone_pos=63 consume_time=0.0229380130768 accountid=63
[hades_req] userid=1265 uri=/blacksmith/enhance equipment_pos=package@61 time=2013-04-08_14:09:19.224021 lucky_stone_pos=63 consume_time=0.040864944458 accountid=63
[hades_req] userid=1265 uri=/blacksmith/enhance equipment_pos=package@61 time=2013-04-08_14:09:20.130291 lucky_stone_pos=63 consume_time=0.0284221172333 accountid=63
[hades_req] userid=1265 uri=/blacksmith/enhance equipment_pos=package@61 time=2013-04-08_14:09:20.841737 lucky_stone_pos=63 consume_time=0.0245540142059 accountid=63
[hades_req] userid=1265 uri=/blacksmith/enhance equipment_pos=package@61 time=2013-04-08_14:09:21.523460 lucky_stone_pos=63 consume_time=0.0386798381805 accountid=63
[hades_req] userid=1265 uri=/blacksmith/enhance equipment_pos=package@61 time=2013-04-08_14:09:22.221418 lucky_stone_pos=63 consume_time=0.0372672080994 accountid=63
[hades_req] userid=1265 uri=/blacksmith/enhance equipment_pos=package@61 time=2013-04-08_14:09:22.943135 lucky_stone_pos=63 consume_time=0.0247890949249 accountid=63
[hades_req] userid=1265 uri=/blacksmith/enhance equipment_pos=package@61 time=2013-04-08_14:09:28.753506 lucky_stone_pos=44 consume_time=0.0359649658203 accountid=63
[hades_req] userid=1265 uri=/blacksmith/enhance equipment_pos=package@61 time=2013-04-08_14:09:34.827206 lucky_stone_pos=43 consume_time=0.0271718502045 accountid=63
[hades_req] consume_time=0.00422692298889 uri=/admin/leave time=2013-04-08_14:09:36.514125
[hades_req] userid=1318 uri=/account/choose_player player=1318_琳达 time=2013-04-08_14:09:39.051194 consume_time=0.010272026062 accountid=87
[hades_req] userid=1265 uri=/blacksmith/enhance equipment_pos=package@61 time=2013-04-08_14:09:39.268773 lucky_stone_pos=45 consume_time=0.0312111377716 accountid=63
[hades_req] userid=1318 uri=/admin/enter mapname=city gsid=city@1 time=2013-04-08_14:09:41.332840 consume_time=0.00769305229187
[hades_req] userid=1265 uri=/blacksmith/enhance equipment_pos=package@61 time=2013-04-08_14:09:42.775404 lucky_stone_pos=46 consume_time=0.0263268947601 accountid=63
[hades_req] userid=1265 uri=/blacksmith/enhance equipment_pos=package@61 time=2013-04-08_14:09:43.655924 lucky_stone_pos=46 consume_time=0.0241100788116 accountid=63
[hades_req] userid=1265 uri=/blacksmith/enhance equipment_pos=package@61 time=2013-04-08_14:09:44.630123 lucky_stone_pos=46 consume_time=0.0295188426971 accountid=63
[hades_req] userid=1265 uri=/blacksmith/enhance equipment_pos=package@61 time=2013-04-08_14:09:45.389505 lucky_stone_pos=46 consume_time=0.0236790180206 accountid=63
[hades_req] userid=1265 uri=/blacksmith/enhance equipment_pos=package@61 time=2013-04-08_14:09:46.048734 lucky_stone_pos=43 consume_time=0.0239999294281 accountid=63
[hades_req] userid=1265 uri=/blacksmith/enhance equipment_pos=package@61 time=2013-04-08_14:09:46.805733 lucky_stone_pos=43 consume_time=0.024738073349 accountid=63
[hades_req] userid=1265 uri=/blacksmith/enhance equipment_pos=package@61 time=2013-04-08_14:09:47.473108 lucky_stone_pos=43 consume_time=0.0243351459503 accountid=63
[hades_req] userid=1265 uri=/blacksmith/enhance equipment_pos=package@61 time=2013-04-08_14:09:48.190581 lucky_stone_pos=43 consume_time=0.0252320766449 accountid=63
[hades_req] userid=1265 uri=/blacksmith/enhance equipment_pos=package@61 time=2013-04-08_14:09:48.841492 lucky_stone_pos=43 consume_time=0.025976896286 accountid=63
[hades_req] userid=1265 uri=/blacksmith/enhance equipment_pos=package@61 time=2013-04-08_14:09:49.408239 lucky_stone_pos=43 consume_time=0.0253691673279 accountid=63
[hades_req] userid=1265 uri=/blacksmith/enhance equipment_pos=package@61 time=2013-04-08_14:09:50.125290 lucky_stone_pos=43 consume_time=0.0241940021515 accountid=63
[hades_req] userid=1265 uri=/blacksmith/enhance equipment_pos=package@61 time=2013-04-08_14:09:50.839776 lucky_stone_pos=43 consume_time=0.0239901542664 accountid=63
[hades_req] userid=1265 uri=/blacksmith/enhance equipment_pos=package@61 time=2013-04-08_14:09:51.580915 lucky_stone_pos=43 consume_time=0.0494661331177 accountid=63
[hades_req] userid=1265 uri=/blacksmith/enhance equipment_pos=package@61 time=2013-04-08_14:09:52.324559 lucky_stone_pos=43 consume_time=0.0255389213562 accountid=63
[hades_req] userid=1265 uri=/blacksmith/enhance equipment_pos=package@61 time=2013-04-08_14:09:53.029118 lucky_stone_pos=43 consume_time=0.0291268825531 accountid=63
[hades_req] userid=1265 uri=/blacksmith/enhance equipment_pos=package@61 time=2013-04-08_14:09:53.584448 lucky_stone_pos=43 consume_time=0.0171360969543 accountid=63
[hades_req] userid=1265 uri=/blacksmith/enhance equipment_pos=package@61 time=2013-04-08_14:09:54.074742 lucky_stone_pos=43 consume_time=0.0153470039368 accountid=63
[hades_req] userid=1265 uri=/blacksmith/enhance equipment_pos=package@61 time=2013-04-08_14:09:54.630377 lucky_stone_pos=43 consume_time=0.0158140659332 accountid=63
[hades_req] userid=1265 uri=/blacksmith/enhance equipment_pos=package@61 time=2013-04-08_14:09:55.180696 lucky_stone_pos=43 consume_time=0.0160620212555 accountid=63
[hades_req] userid=1265 uri=/blacksmith/enhance equipment_pos=package@61 time=2013-04-08_14:09:55.718758 lucky_stone_pos=43 consume_time=0.0157308578491 accountid=63
[hades_req] userid=1265 uri=/blacksmith/enhance equipment_pos=package@61 time=2013-04-08_14:09:56.373360 lucky_stone_pos=43 consume_time=0.024885892868 accountid=63
[hades_req] userid=1265 uri=/blacksmith/enhance equipment_pos=package@61 time=2013-04-08_14:09:57.113812 lucky_stone_pos=43 consume_time=0.0301849842072 accountid=63
[hades_req] userid=1265 uri=/blacksmith/enhance equipment_pos=package@61 time=2013-04-08_14:09:57.796435 lucky_stone_pos=43 consume_time=0.0161049365997 accountid=63
[hades_req] userid=1265 uri=/blacksmith/enhance equipment_pos=package@61 time=2013-04-08_14:09:58.188063 lucky_stone_pos=43 consume_time=0.0229368209839 accountid=63
[hades_req] userid=1265 uri=/blacksmith/enhance equipment_pos=package@61 time=2013-04-08_14:09:58.723860 lucky_stone_pos=43 consume_time=0.015496969223 accountid=63
[hades_req] userid=1265 uri=/blacksmith/enhance equipment_pos=package@61 time=2013-04-08_14:09:59.127634 lucky_stone_pos=43 consume_time=0.0150229930878 accountid=63
[hades_req] userid=1265 uri=/blacksmith/enhance equipment_pos=package@61 time=2013-04-08_14:09:59.665667 lucky_stone_pos=43 consume_time=0.0161361694336 accountid=63
[hades_req] userid=1265 uri=/blacksmith/enhance equipment_pos=package@61 time=2013-04-08_14:10:00.248858 lucky_stone_pos=43 consume_time=0.0164649486542 accountid=63
[hades_req] userid=1265 uri=/blacksmith/enhance equipment_pos=package@61 time=2013-04-08_14:10:00.829387 lucky_stone_pos=43 consume_time=0.0151150226593 accountid=63
[hades_req] userid=1265 uri=/blacksmith/enhance equipment_pos=package@61 time=2013-04-08_14:10:01.395896 lucky_stone_pos=43 consume_time=0.0305578708649 accountid=63
[hades_req] userid=1265 uri=/blacksmith/enhance equipment_pos=package@61 time=2013-04-08_14:10:02.242528 lucky_stone_pos=43 consume_time=0.026880979538 accountid=63
[hades_req] userid=1265 uri=/blacksmith/enhance equipment_pos=package@61 time=2013-04-08_14:10:02.888060 lucky_stone_pos=43 consume_time=0.0229871273041 accountid=63
[hades_req] userid=1265 uri=/blacksmith/enhance equipment_pos=package@61 time=2013-04-08_14:10:03.433517 lucky_stone_pos=43 consume_time=0.0172719955444 accountid=63
[hades_req] userid=1265 uri=/blacksmith/enhance equipment_pos=package@61 time=2013-04-08_14:10:03.979838 lucky_stone_pos=43 consume_time=0.016282081604 accountid=63
[hades_req] userid=1265 uri=/blacksmith/enhance equipment_pos=package@61 time=2013-04-08_14:10:04.517004 lucky_stone_pos=43 consume_time=0.0167019367218 accountid=63
[hades_req] userid=1265 uri=/blacksmith/enhance equipment_pos=package@61 time=2013-04-08_14:10:05.069150 lucky_stone_pos=43 consume_time=0.0213429927826 accountid=63
[hades_req] userid=1265 uri=/blacksmith/enhance equipment_pos=package@61 time=2013-04-08_14:10:05.614736 lucky_stone_pos=43 consume_time=0.0159640312195 accountid=63
[hades_req] userid=1265 uri=/blacksmith/enhance equipment_pos=package@61 time=2013-04-08_14:10:06.096426 lucky_stone_pos=43 consume_time=0.0166058540344 accountid=63
[hades_req] userid=1265 uri=/blacksmith/enhance equipment_pos=package@61 time=2013-04-08_14:10:06.481085 lucky_stone_pos=43 consume_time=0.0170860290527 accountid=63
[hades_req] userid=1265 uri=/blacksmith/enhance equipment_pos=package@61 time=2013-04-08_14:10:06.886092 lucky_stone_pos=43 consume_time=0.0191640853882 accountid=63
[hades_req] userid=1265 uri=/blacksmith/enhance equipment_pos=package@61 time=2013-04-08_14:10:07.553082 lucky_stone_pos=43 consume_time=0.0379929542542 accountid=63
[hades_req] userid=1265 uri=/blacksmith/enhance equipment_pos=package@61 time=2013-04-08_14:10:08.264809 lucky_stone_pos=43 consume_time=0.0322949886322 accountid=63
[hades_req] userid=1265 uri=/blacksmith/enhance equipment_pos=package@61 time=2013-04-08_14:10:08.975155 lucky_stone_pos=43 consume_time=0.0257420539856 accountid=63
[hades_req] userid=1265 uri=/blacksmith/enhance equipment_pos=package@61 time=2013-04-08_14:10:09.751513 lucky_stone_pos=43 consume_time=0.0375502109528 accountid=63
[hades_req] userid=1265 uri=/blacksmith/enhance equipment_pos=package@61 time=2013-04-08_14:10:10.495805 lucky_stone_pos=43 consume_time=0.0315310955048 accountid=63
[hades_req] consume_time=0.00476098060608 uri=/admin/leave time=2013-04-08_14:10:19.695641
[hades_req] userid=1265 uri=/account/choose_player player=1265_简 time=2013-04-08_14:11:06.554148 consume_time=0.0123071670532 accountid=63
[hades_req] userid=1265 uri=/admin/enter mapname=city gsid=city@1 time=2013-04-08_14:11:10.006351 consume_time=0.00743508338928
[hades_req] userid=1265 uri=/blacksmith/enhance equipment_pos=package@61 time=2013-04-08_14:11:22.571289 lucky_stone_pos=43 consume_time=0.0261981487274 accountid=63
[hades_req] userid=1265 uri=/blacksmith/enhance equipment_pos=package@61 time=2013-04-08_14:11:23.287218 lucky_stone_pos=43 consume_time=0.0253210067749 accountid=63
[hades_req] userid=1265 uri=/blacksmith/enhance equipment_pos=package@61 time=2013-04-08_14:11:24.004645 lucky_stone_pos=43 consume_time=0.0273461341858 accountid=63
[hades_req] userid=1265 uri=/blacksmith/enhance equipment_pos=package@61 time=2013-04-08_14:11:24.720309 lucky_stone_pos=43 consume_time=0.0261950492859 accountid=63
[hades_req] userid=1265 uri=/blacksmith/enhance equipment_pos=package@61 time=2013-04-08_14:11:25.389033 lucky_stone_pos=43 consume_time=0.0275630950928 accountid=63
[hades_req] userid=1265 uri=/blacksmith/enhance equipment_pos=package@61 time=2013-04-08_14:11:26.048144 lucky_stone_pos=43 consume_time=0.0354158878326 accountid=63
[hades_req] userid=1265 uri=/blacksmith/enhance equipment_pos=package@61 time=2013-04-08_14:11:26.702752 lucky_stone_pos=43 consume_time=0.0259959697723 accountid=63
[hades_req] userid=1265 uri=/blacksmith/enhance equipment_pos=package@61 time=2013-04-08_14:11:27.445061 lucky_stone_pos=43 consume_time=0.0261979103088 accountid=63
[hades_req] userid=1265 uri=/blacksmith/enhance equipment_pos=package@61 time=2013-04-08_14:11:28.092928 lucky_stone_pos=43 consume_time=0.0328891277313 accountid=63
[hades_req] userid=1265 uri=/blacksmith/enhance equipment_pos=package@61 time=2013-04-08_14:11:28.707290 lucky_stone_pos=43 consume_time=0.029237985611 accountid=63
[hades_req] userid=1265 uri=/blacksmith/enhance equipment_pos=package@61 time=2013-04-08_14:11:29.411986 lucky_stone_pos=43 consume_time=0.0349340438843 accountid=63
[hades_req] userid=1265 uri=/blacksmith/enhance equipment_pos=package@61 time=2013-04-08_14:11:30.271865 lucky_stone_pos=43 consume_time=0.0256199836731 accountid=63
[hades_req] userid=1265 uri=/blacksmith/enhance equipment_pos=package@61 time=2013-04-08_14:11:30.916212 lucky_stone_pos=43 consume_time=0.0228869915009 accountid=63
[hades_req] userid=1265 uri=/blacksmith/enhance equipment_pos=package@61 time=2013-04-08_14:11:31.487456 lucky_stone_pos=43 consume_time=0.0265431404114 accountid=63
[hades_req] userid=1265 uri=/blacksmith/enhance equipment_pos=package@61 time=2013-04-08_14:11:32.155158 lucky_stone_pos=43 consume_time=0.0249679088593 accountid=63
[hades_req] userid=1265 uri=/blacksmith/enhance equipment_pos=package@61 time=2013-04-08_14:11:32.873203 lucky_stone_pos=43 consume_time=0.0282599925995 accountid=63
[hades_req] userid=1265 uri=/blacksmith/enhance equipment_pos=package@61 time=2013-04-08_14:11:33.588209 lucky_stone_pos=43 consume_time=0.0288589000702 accountid=63
[hades_req] userid=1265 uri=/blacksmith/enhance equipment_pos=package@61 time=2013-04-08_14:11:34.339457 lucky_stone_pos=43 consume_time=0.0260269641876 accountid=63
[hades_req] userid=1265 uri=/blacksmith/enhance equipment_pos=package@61 time=2013-04-08_14:11:34.954923 lucky_stone_pos=43 consume_time=0.0437300205231 accountid=63
[hades_req] userid=1265 uri=/blacksmith/enhance equipment_pos=package@61 time=2013-04-08_14:11:35.652545 lucky_stone_pos=43 consume_time=0.0249900817871 accountid=63
[hades_req] userid=1265 uri=/blacksmith/enhance equipment_pos=package@61 time=2013-04-08_14:11:36.419831 lucky_stone_pos=43 consume_time=0.025199174881 accountid=63
[hades_req] userid=1265 uri=/blacksmith/enhance equipment_pos=package@61 time=2013-04-08_14:11:37.137294 lucky_stone_pos=43 consume_time=0.0266470909119 accountid=63
[hades_req] userid=1265 uri=/blacksmith/enhance equipment_pos=package@61 time=2013-04-08_14:11:37.736547 lucky_stone_pos=43 consume_time=0.0263350009918 accountid=63
[hades_req] userid=1265 uri=/blacksmith/enhance equipment_pos=package@61 time=2013-04-08_14:11:38.439400 lucky_stone_pos=43 consume_time=0.0261409282684 accountid=63
[hades_req] userid=1265 uri=/blacksmith/enhance equipment_pos=package@61 time=2013-04-08_14:11:39.203117 lucky_stone_pos=43 consume_time=0.0233631134033 accountid=63
[hades_req] userid=1265 uri=/blacksmith/enhance equipment_pos=package@61 time=2013-04-08_14:11:39.769254 lucky_stone_pos=43 consume_time=0.0257589817047 accountid=63
[hades_req] userid=1265 uri=/blacksmith/enhance equipment_pos=package@61 time=2013-04-08_14:11:40.388344 lucky_stone_pos=43 consume_time=0.0280959606171 accountid=63
[hades_req] userid=1265 uri=/blacksmith/enhance equipment_pos=package@61 time=2013-04-08_14:11:41.151649 lucky_stone_pos=43 consume_time=0.0249581336975 accountid=63
[hades_req] userid=1265 uri=/blacksmith/enhance equipment_pos=package@61 time=2013-04-08_14:11:41.952616 lucky_stone_pos=43 consume_time=0.0410768985748 accountid=63
[hades_req] userid=1265 uri=/blacksmith/enhance equipment_pos=package@61 time=2013-04-08_14:11:42.686321 lucky_stone_pos=43 consume_time=0.0261170864105 accountid=63
[hades_req] userid=1265 uri=/blacksmith/enhance equipment_pos=package@61 time=2013-04-08_14:11:43.503357 lucky_stone_pos=43 consume_time=0.0268759727478 accountid=63
[hades_req] userid=1265 uri=/blacksmith/enhance equipment_pos=package@61 time=2013-04-08_14:11:44.102129 lucky_stone_pos=43 consume_time=0.0254888534546 accountid=63
[hades_req] userid=1265 uri=/blacksmith/enhance equipment_pos=package@61 time=2013-04-08_14:11:44.899679 lucky_stone_pos=43 consume_time=0.0240838527679 accountid=63
[hades_req] userid=1265 uri=/blacksmith/enhance equipment_pos=package@61 time=2013-04-08_14:11:45.473862 lucky_stone_pos=43 consume_time=0.0299398899078 accountid=63
[hades_req] userid=1265 uri=/blacksmith/enhance equipment_pos=package@61 time=2013-04-08_14:11:46.222435 lucky_stone_pos=43 consume_time=0.0256969928741 accountid=63
[hades_req] userid=1265 uri=/blacksmith/enhance equipment_pos=package@61 time=2013-04-08_14:11:46.956819 lucky_stone_pos=43 consume_time=0.0285289287567 accountid=63
[hades_req] userid=1265 uri=/blacksmith/enhance equipment_pos=package@61 time=2013-04-08_14:11:47.550700 lucky_stone_pos=43 consume_time=0.0241339206696 accountid=63
[hades_req] userid=1265 uri=/blacksmith/enhance equipment_pos=package@61 time=2013-04-08_14:11:48.300520 lucky_stone_pos=43 consume_time=0.0245199203491 accountid=63
[hades_req] userid=1265 uri=/blacksmith/enhance equipment_pos=package@61 time=2013-04-08_14:11:49.070763 lucky_stone_pos=43 consume_time=0.0270619392395 accountid=63
[hades_req] userid=1265 uri=/blacksmith/enhance equipment_pos=package@61 time=2013-04-08_14:11:49.828454 lucky_stone_pos=43 consume_time=0.0336289405823 accountid=63
[hades_req] userid=1265 uri=/blacksmith/enhance equipment_pos=package@61 time=2013-04-08_14:11:50.587099 lucky_stone_pos=43 consume_time=0.0270259380341 accountid=63
[hades_req] userid=1265 uri=/blacksmith/enhance equipment_pos=package@61 time=2013-04-08_14:11:51.337866 lucky_stone_pos=43 consume_time=0.0251090526581 accountid=63
[hades_req] userid=1265 uri=/blacksmith/enhance equipment_pos=package@61 time=2013-04-08_14:11:52.109996 lucky_stone_pos=43 consume_time=0.0348398685455 accountid=63
[hades_req] userid=1265 uri=/blacksmith/enhance equipment_pos=package@61 time=2013-04-08_14:11:52.850766 lucky_stone_pos=43 consume_time=0.0234651565552 accountid=63
[hades_req] userid=1265 uri=/blacksmith/enhance equipment_pos=package@61 time=2013-04-08_14:11:53.416311 lucky_stone_pos=43 consume_time=0.0237989425659 accountid=63
[hades_req] userid=1265 uri=/blacksmith/enhance equipment_pos=package@61 time=2013-04-08_14:11:53.967044 lucky_stone_pos=43 consume_time=0.0241219997406 accountid=63
[hades_req] userid=1265 uri=/blacksmith/enhance equipment_pos=package@61 time=2013-04-08_14:11:54.690959 lucky_stone_pos=43 consume_time=0.0304131507874 accountid=63
[hades_req] userid=1265 uri=/blacksmith/enhance equipment_pos=package@61 time=2013-04-08_14:11:55.450553 lucky_stone_pos=43 consume_time=0.0409951210022 accountid=63
[hades_req] userid=1265 uri=/blacksmith/enhance equipment_pos=package@61 time=2013-04-08_14:11:56.203194 lucky_stone_pos=43 consume_time=0.0263681411743 accountid=63
[hades_req] userid=1265 uri=/blacksmith/enhance equipment_pos=package@61 time=2013-04-08_14:11:56.925926 lucky_stone_pos=43 consume_time=0.0287120342255 accountid=63
[hades_req] userid=1265 uri=/blacksmith/enhance equipment_pos=package@61 time=2013-04-08_14:11:57.667638 lucky_stone_pos=43 consume_time=0.0240278244019 accountid=63
[hades_req] userid=1265 uri=/blacksmith/enhance equipment_pos=package@61 time=2013-04-08_14:11:58.236792 lucky_stone_pos=43 consume_time=0.0273661613464 accountid=63
[hades_req] userid=1265 uri=/blacksmith/enhance equipment_pos=package@61 time=2013-04-08_14:11:58.801739 lucky_stone_pos=43 consume_time=0.0268020629883 accountid=63
[hades_req] userid=1265 uri=/blacksmith/enhance equipment_pos=package@61 time=2013-04-08_14:11:59.566275 lucky_stone_pos=43 consume_time=0.0238199234009 accountid=63
[hades_req] userid=1265 uri=/blacksmith/enhance equipment_pos=package@61 time=2013-04-08_14:12:00.250363 lucky_stone_pos=43 consume_time=0.0250279903412 accountid=63
[hades_req] userid=1265 uri=/blacksmith/enhance equipment_pos=package@61 time=2013-04-08_14:12:01.001305 lucky_stone_pos=43 consume_time=0.0240399837494 accountid=63
[hades_req] userid=1265 uri=/blacksmith/enhance equipment_pos=package@61 time=2013-04-08_14:12:01.755474 lucky_stone_pos=43 consume_time=0.0270261764526 accountid=63
[hades_req] userid=1265 uri=/blacksmith/enhance equipment_pos=package@61 time=2013-04-08_14:12:02.550399 lucky_stone_pos=43 consume_time=0.040491104126 accountid=63
[hades_req] userid=1265 uri=/blacksmith/enhance equipment_pos=package@52 time=2013-04-08_14:12:36.531501 lucky_stone_pos=43 consume_time=0.0403430461884 accountid=63
[hades_req] userid=1265 uri=/blacksmith/enhance equipment_pos=package@52 time=2013-04-08_14:12:37.176797 lucky_stone_pos=43 consume_time=0.0362927913666 accountid=63
[hades_req] userid=1265 uri=/blacksmith/enhance equipment_pos=package@52 time=2013-04-08_14:12:37.947896 lucky_stone_pos=43 consume_time=0.0382590293884 accountid=63
[hades_req] userid=1265 uri=/blacksmith/enhance equipment_pos=package@52 time=2013-04-08_14:12:38.814326 lucky_stone_pos=43 consume_time=0.0405421257019 accountid=63
[hades_req] userid=1265 uri=/blacksmith/enhance equipment_pos=package@52 time=2013-04-08_14:12:39.534261 lucky_stone_pos=43 consume_time=0.0453231334686 accountid=63
[hades_req] userid=1265 uri=/blacksmith/enhance equipment_pos=package@52 time=2013-04-08_14:12:40.297809 lucky_stone_pos=43 consume_time=0.0251491069794 accountid=63
[hades_req] userid=1265 uri=/blacksmith/enhance equipment_pos=package@52 time=2013-04-08_14:12:41.064063 lucky_stone_pos=43 consume_time=0.0238659381866 accountid=63
[hades_req] userid=1265 uri=/blacksmith/enhance equipment_pos=package@52 time=2013-04-08_14:12:41.846889 lucky_stone_pos=43 consume_time=0.0230958461761 accountid=63
[hades_req] userid=1265 uri=/blacksmith/enhance equipment_pos=package@52 time=2013-04-08_14:12:42.689064 lucky_stone_pos=43 consume_time=0.0288670063019 accountid=63
[hades_req] userid=1265 uri=/blacksmith/enhance equipment_pos=package@52 time=2013-04-08_14:12:43.431770 lucky_stone_pos=43 consume_time=0.0396411418915 accountid=63
[hades_req] userid=1265 uri=/blacksmith/enhance equipment_pos=package@52 time=2013-04-08_14:12:44.138110 lucky_stone_pos=43 consume_time=0.0473299026489 accountid=63
[hades_req] userid=1265 uri=/blacksmith/enhance equipment_pos=package@52 time=2013-04-08_14:12:44.822263 lucky_stone_pos=43 consume_time=0.0315129756927 accountid=63
[hades_req] userid=1265 uri=/blacksmith/enhance equipment_pos=package@52 time=2013-04-08_14:12:45.554730 lucky_stone_pos=43 consume_time=0.0444719791412 accountid=63
[hades_req] userid=1265 uri=/blacksmith/enhance equipment_pos=package@52 time=2013-04-08_14:12:46.281815 lucky_stone_pos=43 consume_time=0.0408771038055 accountid=63
[hades_req] userid=1265 uri=/blacksmith/enhance equipment_pos=package@52 time=2013-04-08_14:12:47.043391 lucky_stone_pos=43 consume_time=0.0331130027771 accountid=63
[hades_req] userid=1265 uri=/blacksmith/enhance equipment_pos=package@52 time=2013-04-08_14:12:47.731590 lucky_stone_pos=43 consume_time=0.0252349376678 accountid=63
[hades_req] userid=1265 uri=/blacksmith/enhance equipment_pos=package@52 time=2013-04-08_14:12:48.452756 lucky_stone_pos=43 consume_time=0.0269808769226 accountid=63
[hades_req] userid=1265 uri=/blacksmith/enhance equipment_pos=package@52 time=2013-04-08_14:12:49.148241 lucky_stone_pos=43 consume_time=0.0255711078644 accountid=63
[hades_req] userid=1265 uri=/blacksmith/enhance equipment_pos=package@52 time=2013-04-08_14:12:49.917848 lucky_stone_pos=43 consume_time=0.0272409915924 accountid=63
[hades_req] userid=1265 uri=/blacksmith/enhance equipment_pos=package@52 time=2013-04-08_14:12:50.681130 lucky_stone_pos=43 consume_time=0.0248508453369 accountid=63
[hades_req] userid=1265 uri=/blacksmith/enhance equipment_pos=package@52 time=2013-04-08_14:12:51.399621 lucky_stone_pos=43 consume_time=0.0252239704132 accountid=63
[hades_req] userid=1265 uri=/blacksmith/enhance equipment_pos=package@52 time=2013-04-08_14:12:52.165433 lucky_stone_pos=43 consume_time=0.0420999526978 accountid=63
[hades_req] userid=1265 uri=/blacksmith/enhance equipment_pos=package@52 time=2013-04-08_14:12:52.879053 lucky_stone_pos=43 consume_time=0.0227229595184 accountid=63
[hades_req] userid=1265 uri=/blacksmith/enhance equipment_pos=package@52 time=2013-04-08_14:12:53.502162 lucky_stone_pos=43 consume_time=0.0279228687286 accountid=63
[hades_req] userid=1265 uri=/blacksmith/enhance equipment_pos=package@52 time=2013-04-08_14:12:54.318235 lucky_stone_pos=43 consume_time=0.0276000499725 accountid=63
[hades_req] userid=1265 uri=/blacksmith/enhance equipment_pos=package@52 time=2013-04-08_14:12:55.097197 lucky_stone_pos=43 consume_time=0.0246419906616 accountid=63
[hades_req] userid=1265 uri=/blacksmith/enhance equipment_pos=package@52 time=2013-04-08_14:12:55.711827 lucky_stone_pos=43 consume_time=0.0232570171356 accountid=63
[hades_req] userid=1265 uri=/blacksmith/enhance equipment_pos=package@52 time=2013-04-08_14:12:56.266059 lucky_stone_pos=43 consume_time=0.0257380008698 accountid=63
[hades_req] userid=1265 uri=/blacksmith/enhance equipment_pos=package@52 time=2013-04-08_14:12:56.830842 lucky_stone_pos=43 consume_time=0.0226929187775 accountid=63
[hades_req] userid=1265 uri=/blacksmith/enhance equipment_pos=package@52 time=2013-04-08_14:12:57.601559 lucky_stone_pos=43 consume_time=0.0280129909515 accountid=63
[hades_req] userid=1265 uri=/blacksmith/enhance equipment_pos=package@52 time=2013-04-08_14:12:58.418720 lucky_stone_pos=43 consume_time=0.028342962265 accountid=63
[hades_req] userid=1265 uri=/blacksmith/enhance equipment_pos=package@52 time=2013-04-08_14:12:59.218565 lucky_stone_pos=43 consume_time=0.0262598991394 accountid=63
[hades_req] userid=1265 uri=/blacksmith/enhance equipment_pos=package@52 time=2013-04-08_14:12:59.849265 lucky_stone_pos=43 consume_time=0.0265939235687 accountid=63
[hades_req] userid=1265 uri=/blacksmith/enhance equipment_pos=package@52 time=2013-04-08_14:13:00.580176 lucky_stone_pos=43 consume_time=0.0226709842682 accountid=63
[hades_req] userid=1265 uri=/blacksmith/enhance equipment_pos=package@52 time=2013-04-08_14:13:01.137403 lucky_stone_pos=43 consume_time=0.0295190811157 accountid=63
[hades_req] userid=1265 uri=/blacksmith/enhance equipment_pos=package@52 time=2013-04-08_14:13:01.900523 lucky_stone_pos=43 consume_time=0.0256109237671 accountid=63
[hades_req] userid=1265 uri=/blacksmith/enhance equipment_pos=package@52 time=2013-04-08_14:13:02.583222 lucky_stone_pos=43 consume_time=0.0254368782043 accountid=63
[hades_req] userid=1154 uri=/account/choose_player player=1154_罗斯福 time=2013-04-08_14:18:15.176064 consume_time=0.0107300281525 accountid=9
[hades_req] userid=1154 uri=/admin/enter mapname=city gsid=city@1 time=2013-04-08_14:18:17.268969 consume_time=0.00800395011902
[hades_req] skip_time=0 userid=1154 uri=/trade/player_store/generate_player_store time=2013-04-08_14:18:54.726011 consume_time=0.00726509094238 accountid=9
[hades_req] ruler=dan30-temple6.xml userid=1154 uri=/scene/jump_to_quest_location time=2013-04-08_14:19:46.616338 map_name=temple6 consume_time=0.0596070289612 accountid=9
[hades_req] consume_time=0.0167100429535 uri=/admin/leave time=2013-04-08_14:19:47.031425
[hades_req] consume_time=0.00574493408203 uri=/admin/leave time=2013-04-08_14:19:49.812108
[hades_req] userid=1154 uri=/admin/enter mapname=temple6 gsid=temple6@1 time=2013-04-08_14:19:50.962607 consume_time=0.0066819190979
[hades_req] userid=1154 uri=/scene/back_to_city time=2013-04-08_14:20:41.561901 consume_time=0.0158531665802 accountid=9
[hades_req] consume_time=0.00493097305298 uri=/admin/leave time=2013-04-08_14:20:41.950823
[hades_req] userid=1154 uri=/admin/enter mapname=city gsid=city@1 time=2013-04-08_14:20:44.161476 consume_time=0.00676798820496
[hades_req] target=instance_20303001 userid=607 uri=/team/join_to_queue time=2013-04-08_14:21:07.510125 consume_time=0.0076220035553 accountid=24
[hades_req] userid=607 uri=/team/leave_queue time=2013-04-08_14:21:28.941297 consume_time=0.00622892379761 accountid=24
[hades_req] target=instance_20303001 userid=607 uri=/team/join_to_queue time=2013-04-08_14:21:29.759890 consume_time=0.00752210617065 accountid=24
[hades_req] ruler=dan31-shamo4.xml userid=1154 uri=/scene/jump_to_quest_location time=2013-04-08_14:21:31.107020 map_name=shamo4 consume_time=0.0589129924774 accountid=9
[hades_req] consume_time=0.00432395935059 uri=/admin/leave time=2013-04-08_14:21:31.423188
[hades_req] userid=1265 uri=/account/choose_player player=1265_简 time=2013-04-08_14:21:33.526907 consume_time=0.0125811100006 accountid=63
[hades_req] userid=1154 uri=/admin/enter mapname=shamo4 gsid=shamo4@1 time=2013-04-08_14:21:35.113124 consume_time=0.0073778629303
[hades_req] userid=1265 uri=/admin/enter mapname=city gsid=city@1 time=2013-04-08_14:21:36.900204 consume_time=0.0060031414032
[hades_req] userid=1318 target_id=1354 uri=/friend/friend_request time=2013-04-08_14:21:50.489366 consume_time=0.0233430862427 accountid=87
[hades_req] userid=1318 target_id=1354 uri=/friend/friend_request time=2013-04-08_14:22:15.921596 consume_time=0.00534796714783 accountid=87
[hades_req] userid=607 uri=/team/leave_queue time=2013-04-08_14:22:29.911108 consume_time=0.00399303436279 accountid=24
[hades_req] userid=607 uri=/scene/back_to_city time=2013-04-08_14:22:39.457689 consume_time=0.0166609287262 accountid=24
[hades_req] consume_time=0.00408697128296 uri=/admin/leave time=2013-04-08_14:22:39.712032
[hades_req] userid=607 uri=/admin/enter mapname=city gsid=city@1 time=2013-04-08_14:22:41.724503 consume_time=0.00690007209778
[hades_req] userid=607 uri=/scene/enter_tavern time=2013-04-08_14:22:46.700780 consume_time=0.0102941989899 type=instance accountid=24
[hades_req] consume_time=0.00430583953857 uri=/admin/leave time=2013-04-08_14:22:46.943134
[hades_req] userid=607 uri=/admin/enter mapname=jiuguanshinei gsid=jiuguanshinei@98 time=2013-04-08_14:22:48.736224 consume_time=0.00860810279846
[hades_req] target=instance_20303001 userid=607 uri=/team/join_to_queue time=2013-04-08_14:22:50.545437 consume_time=0.00767803192139 accountid=24
[hades_req] userid=1154 uri=/instance/revive revive_mod=free time=2013-04-08_14:23:31.386538 death_rule_type=single consume_time=0.00809216499329 accountid=9
[hades_req] consume_time=0.00600790977478 uri=/admin/leave time=2013-04-08_14:23:34.565171
[hades_req] userid=607 uri=/team/leave_queue time=2013-04-08_14:23:51.204991 consume_time=0.00424218177795 accountid=24
[hades_req] items=material@5009@99 userid=1265 uri=/trade/store/multi_buy time=2013-04-08_14:27:05.231031 consume_time=0.00819396972656 accountid=63
[hades_req] userid=1265 uri=/blacksmith/enhance equipment_pos=package@52 time=2013-04-08_14:27:18.510358 lucky_stone_pos=43 consume_time=0.0517389774323 accountid=63
[hades_req] userid=1265 uri=/blacksmith/enhance equipment_pos=package@52 time=2013-04-08_14:27:19.764488 lucky_stone_pos=43 consume_time=0.0425050258636 accountid=63
[hades_req] userid=1265 uri=/blacksmith/enhance equipment_pos=package@52 time=2013-04-08_14:27:20.529344 lucky_stone_pos=43 consume_time=0.0393371582031 accountid=63
[hades_req] userid=1265 uri=/blacksmith/enhance equipment_pos=package@52 time=2013-04-08_14:27:21.245558 lucky_stone_pos=43 consume_time=0.039342880249 accountid=63
[hades_req] userid=1265 uri=/blacksmith/enhance equipment_pos=package@52 time=2013-04-08_14:27:22.536743 lucky_stone_pos=43 consume_time=0.0623090267181 accountid=63
[hades_req] userid=1265 uri=/blacksmith/enhance equipment_pos=package@52 time=2013-04-08_14:27:23.608430 lucky_stone_pos=43 consume_time=0.0360908508301 accountid=63
[hades_req] userid=1265 uri=/blacksmith/enhance equipment_pos=package@52 time=2013-04-08_14:27:24.597983 lucky_stone_pos=43 consume_time=0.0417370796204 accountid=63
[hades_req] userid=1265 uri=/blacksmith/enhance equipment_pos=package@52 time=2013-04-08_14:27:25.914230 lucky_stone_pos=43 consume_time=0.0402178764343 accountid=63
[hades_req] userid=1265 uri=/blacksmith/enhance equipment_pos=package@52 time=2013-04-08_14:27:27.413094 lucky_stone_pos=43 consume_time=0.040540933609 accountid=63
[hades_req] userid=1265 uri=/blacksmith/enhance equipment_pos=package@52 time=2013-04-08_14:27:28.877124 lucky_stone_pos=43 consume_time=0.0388791561127 accountid=63
[hades_req] userid=1265 uri=/blacksmith/enhance equipment_pos=package@62 time=2013-04-08_14:29:23.922418 lucky_stone_pos=44 consume_time=0.0375139713287 accountid=63
[hades_req] userid=1265 uri=/blacksmith/enhance equipment_pos=package@62 time=2013-04-08_14:29:24.581345 lucky_stone_pos=44 consume_time=0.0316200256348 accountid=63
[hades_req] userid=1265 uri=/blacksmith/enhance equipment_pos=package@62 time=2013-04-08_14:29:25.268282 lucky_stone_pos=44 consume_time=0.0352690219879 accountid=63
[hades_req] userid=1265 uri=/blacksmith/enhance equipment_pos=package@62 time=2013-04-08_14:29:25.907232 lucky_stone_pos=44 consume_time=0.0242121219635 accountid=63
[hades_req] userid=1265 uri=/blacksmith/enhance equipment_pos=package@62 time=2013-04-08_14:29:26.639545 lucky_stone_pos=44 consume_time=0.0382518768311 accountid=63
[hades_req] userid=1265 uri=/blacksmith/enhance equipment_pos=package@62 time=2013-04-08_14:29:27.382203 lucky_stone_pos=44 consume_time=0.0321907997131 accountid=63
[hades_req] userid=1265 uri=/blacksmith/enhance equipment_pos=package@62 time=2013-04-08_14:29:28.055506 lucky_stone_pos=44 consume_time=0.037985086441 accountid=63
[hades_req] userid=1265 uri=/blacksmith/enhance equipment_pos=package@62 time=2013-04-08_14:29:28.701706 lucky_stone_pos=44 consume_time=0.0348098278046 accountid=63
[hades_req] userid=1265 uri=/blacksmith/enhance equipment_pos=package@62 time=2013-04-08_14:29:29.312673 lucky_stone_pos=44 consume_time=0.0293650627136 accountid=63
[hades_req] userid=1265 uri=/blacksmith/enhance equipment_pos=package@62 time=2013-04-08_14:29:29.882389 lucky_stone_pos=44 consume_time=0.0314359664917 accountid=63
[hades_req] userid=1265 uri=/blacksmith/enhance equipment_pos=package@62 time=2013-04-08_14:29:30.529958 lucky_stone_pos=44 consume_time=0.0285069942474 accountid=63
[hades_req] userid=1265 uri=/blacksmith/enhance equipment_pos=package@62 time=2013-04-08_14:29:31.193433 lucky_stone_pos=44 consume_time=0.0257930755615 accountid=63
[hades_req] userid=1265 uri=/blacksmith/enhance equipment_pos=package@62 time=2013-04-08_14:29:31.806169 lucky_stone_pos=44 consume_time=0.0231940746307 accountid=63
[hades_req] userid=1265 uri=/blacksmith/enhance equipment_pos=package@62 time=2013-04-08_14:29:34.435139 lucky_stone_pos=43 consume_time=0.0322470664978 accountid=63
[hades_req] userid=1265 uri=/blacksmith/enhance equipment_pos=package@62 time=2013-04-08_14:29:35.299378 lucky_stone_pos=43 consume_time=0.0339360237122 accountid=63
[hades_req] userid=1265 uri=/blacksmith/enhance equipment_pos=package@62 time=2013-04-08_14:29:36.069100 lucky_stone_pos=43 consume_time=0.0351510047913 accountid=63
[hades_req] userid=1265 uri=/blacksmith/enhance equipment_pos=package@62 time=2013-04-08_14:29:36.822117 lucky_stone_pos=43 consume_time=0.039027929306 accountid=63
[hades_req] userid=1265 uri=/blacksmith/enhance equipment_pos=package@62 time=2013-04-08_14:29:37.434769 lucky_stone_pos=43 consume_time=0.0332658290863 accountid=63
[hades_req] userid=1265 uri=/blacksmith/enhance equipment_pos=package@62 time=2013-04-08_14:29:38.167142 lucky_stone_pos=43 consume_time=0.0338859558105 accountid=63
[hades_req] userid=1265 uri=/blacksmith/enhance equipment_pos=package@62 time=2013-04-08_14:29:38.883902 lucky_stone_pos=43 consume_time=0.0340871810913 accountid=63
[hades_req] userid=1265 uri=/blacksmith/enhance equipment_pos=package@62 time=2013-04-08_14:29:40.649438 lucky_stone_pos=43 consume_time=0.0324380397797 accountid=63
[hades_req] userid=1265 uri=/blacksmith/enhance equipment_pos=package@62 time=2013-04-08_14:29:41.317140 lucky_stone_pos=43 consume_time=0.0345721244812 accountid=63
[hades_req] userid=1265 uri=/blacksmith/enhance equipment_pos=package@62 time=2013-04-08_14:29:41.933914 lucky_stone_pos=43 consume_time=0.031482219696 accountid=63
[hades_req] userid=1265 uri=/blacksmith/enhance equipment_pos=package@62 time=2013-04-08_14:29:42.653302 lucky_stone_pos=43 consume_time=0.0363829135895 accountid=63
[hades_req] userid=1265 uri=/blacksmith/enhance equipment_pos=package@62 time=2013-04-08_14:29:43.307176 lucky_stone_pos=43 consume_time=0.0399849414825 accountid=63
[hades_req] userid=0 uri=/account/temp_login form_password=cx time=2013-04-08_14:33:46.342318 form_email=cx@cx.com consume_time=0.00577187538147 accountid=0
[hades_req] consume_time=0.0122621059418 uri=/admin/leave time=2013-04-08_14:34:20.410783
[hades_req] consume_time=0.00441408157349 uri=/admin/leave time=2013-04-08_14:34:20.455727
[hades_req] consume_time=0.00503897666931 uri=/admin/leave time=2013-04-08_14:34:20.489171
[hades_req] consume_time=0.00394988059998 uri=/admin/leave time=2013-04-08_14:34:20.599672
[hades_req] consume_time=0.00407719612122 uri=/admin/leave time=2013-04-08_14:34:20.704278
[hades_req] userid=1339 uri=/account/choose_player player=1339_邓巴 time=2013-04-08_14:34:44.734413 consume_time=0.050586938858 accountid=19
[hades_req] userid=1265 uri=/account/choose_player player=1265_简 time=2013-04-08_14:35:23.711019 consume_time=0.00852298736572 accountid=63
[hades_req] userid=1265 uri=/admin/enter mapname=city gsid=city@1 time=2013-04-08_14:35:27.167888 consume_time=0.00632500648499
[hades_req] userid=1265 uri=/blacksmith/mosaic stone_pos=-1@slot1 time=2013-04-08_14:36:42.450705 mosaic_item=equiped@body consume_time=0.0160541534424 accountid=63
[hades_req] userid=1265 uri=/blacksmith/mosaic stone_pos=-1@slot0 time=2013-04-08_14:36:43.930214 mosaic_item=equiped@body consume_time=0.0157778263092 accountid=63
[hades_req] userid=1154 uri=/account/choose_player player=1154_罗斯福 time=2013-04-08_14:36:55.122774 consume_time=0.0106639862061 accountid=9
[hades_req] userid=1154 uri=/admin/enter mapname=city gsid=city@1 time=2013-04-08_14:36:57.581431 consume_time=0.00601005554199
[hades_req] userid=1265 uri=/blacksmith/mosaic stone_pos=-1@slot1 time=2013-04-08_14:37:02.714009 mosaic_item=equiped@legs consume_time=0.0154919624329 accountid=63
[hades_req] ruler=dan31-shamo4.xml userid=1154 uri=/scene/jump_to_quest_location time=2013-04-08_14:37:03.603517 map_name=shamo4 consume_time=0.0636920928955 accountid=9
[hades_req] userid=1265 uri=/blacksmith/mosaic stone_pos=-1@slot3 time=2013-04-08_14:37:03.748867 mosaic_item=equiped@legs consume_time=0.0177879333496 accountid=63
[hades_req] consume_time=0.00432300567627 uri=/admin/leave time=2013-04-08_14:37:04.077452
[hades_req] userid=1265 uri=/blacksmith/mosaic stone_pos=-1@slot2 time=2013-04-08_14:37:06.068775 mosaic_item=equiped@legs consume_time=0.0203108787537 accountid=63
[hades_req] userid=1265 uri=/blacksmith/mosaic stone_pos=-1@slot0 time=2013-04-08_14:37:07.214908 mosaic_item=equiped@legs consume_time=0.0169920921326 accountid=63
[hades_req] userid=1154 uri=/admin/enter mapname=shamo4 gsid=shamo4@1 time=2013-04-08_14:37:07.504198 consume_time=0.0063738822937
[hades_req] userid=1265 uri=/blacksmith/mosaic stone_pos=-1@slot3 time=2013-04-08_14:37:13.014283 mosaic_item=equiped@right_hand consume_time=0.0163760185242 accountid=63
[hades_req] userid=1265 uri=/blacksmith/mosaic stone_pos=-1@slot1 time=2013-04-08_14:37:14.299930 mosaic_item=equiped@right_hand consume_time=0.0185389518738 accountid=63
[hades_req] userid=1265 uri=/blacksmith/mosaic stone_pos=-1@slot0 time=2013-04-08_14:37:15.564728 mosaic_item=equiped@right_hand consume_time=0.0163481235504 accountid=63
[hades_req] userid=1265 uri=/blacksmith/mosaic stone_pos=-1@slot2 time=2013-04-08_14:37:16.630149 mosaic_item=equiped@right_hand consume_time=0.0169129371643 accountid=63
[hades_req] userid=1154 uri=/blacksmith/mosaic stone_pos=46@slot0 time=2013-04-08_14:37:47.499613 mosaic_item=equiped@right_hand consume_time=0.0155580043793 accountid=9
[hades_req] punch_item=equiped@right_hand time=2013-04-08_14:37:52.498380 userid=1154 uri=/blacksmith/punch slot_id=slot1 consume_time=0.0156588554382 accountid=9
[hades_req] punch_item=equiped@right_hand time=2013-04-08_14:37:54.804846 userid=1154 uri=/blacksmith/punch slot_id=slot3 consume_time=0.0145039558411 accountid=9
[hades_req] punch_item=equiped@right_hand time=2013-04-08_14:37:57.175632 userid=1154 uri=/blacksmith/punch slot_id=slot2 consume_time=0.0131330490112 accountid=9
[hades_req] consume_time=0.00453901290894 uri=/admin/leave time=2013-04-08_14:38:01.843959
[hades_req] userid=1265 uri=/blacksmith/mosaic stone_pos=-1@slot0 time=2013-04-08_14:38:54.197518 mosaic_item=equiped@head consume_time=0.0181610584259 accountid=63
[hades_req] userid=1265 uri=/blacksmith/mosaic stone_pos=-1@slot0 time=2013-04-08_14:38:56.620435 mosaic_item=equiped@gloves consume_time=0.0111470222473 accountid=63
[hades_req] userid=1265 uri=/blacksmith/mosaic stone_pos=-1@slot0 time=2013-04-08_14:38:59.496432 mosaic_item=equiped@shoulders consume_time=0.0202507972717 accountid=63
[hades_req] userid=1265 uri=/blacksmith/mosaic stone_pos=-1@slot1 time=2013-04-08_14:39:00.774613 mosaic_item=equiped@shoulders consume_time=0.0161352157593 accountid=63
[hades_req] userid=1265 uri=/blacksmith/mosaic stone_pos=-1@slot0 time=2013-04-08_14:39:05.526945 mosaic_item=equiped@shoes consume_time=0.0177710056305 accountid=63
[hades_req] userid=1265 uri=/blacksmith/mosaic stone_pos=-1@slot1 time=2013-04-08_14:39:06.792969 mosaic_item=equiped@shoes consume_time=0.0163590908051 accountid=63
[hades_req] userid=1265 uri=/blacksmith/mosaic stone_pos=-1@slot0 time=2013-04-08_14:39:10.394476 mosaic_item=equiped@left_hand consume_time=0.0164198875427 accountid=63
[hades_req] userid=1265 uri=/blacksmith/mosaic stone_pos=-1@slot2 time=2013-04-08_14:39:11.143740 mosaic_item=equiped@left_hand consume_time=0.0167851448059 accountid=63
[hades_req] userid=1265 uri=/blacksmith/mosaic stone_pos=-1@slot3 time=2013-04-08_14:39:12.224468 mosaic_item=equiped@left_hand consume_time=0.0162808895111 accountid=63
[hades_req] userid=1265 uri=/blacksmith/mosaic stone_pos=-1@slot1 time=2013-04-08_14:39:14.242811 mosaic_item=equiped@left_hand consume_time=0.0166568756104 accountid=63
[hades_req] userid=1318 uri=/account/choose_player player=1318_琳达 time=2013-04-08_14:39:23.567861 consume_time=0.00969004631042 accountid=87
[hades_req] userid=1318 uri=/admin/enter mapname=city gsid=city@1 time=2013-04-08_14:39:25.181266 consume_time=0.00580906867981
[hades_req] userid=1318 uri=/account/choose_player player=1318_琳达 time=2013-04-08_14:39:39.617347 consume_time=0.0104329586029 accountid=87
[hades_req] userid=1318 uri=/admin/enter mapname=city gsid=city@1 time=2013-04-08_14:39:42.620686 consume_time=0.00555491447449
[hades_req] userid=1265 uri=/account/choose_player player=1265_简 time=2013-04-08_14:39:57.264233 consume_time=0.00956797599792 accountid=63
[hades_req] userid=1265 uri=/admin/enter mapname=city gsid=city@1 time=2013-04-08_14:40:00.662519 consume_time=0.00540399551392
[hades_req] userid=0 uri=/account/temp_login form_password=cx time=2013-04-08_14:40:07.149377 form_email=cx@cx.com consume_time=0.00581097602844 accountid=0
[hades_req] userid=1265 uri=/reward/reward_by_gametime time=2013-04-08_14:41:42.162400 consume_time=0.0093719959259 id=6 accountid=63
[hades_req] userid=1339 uri=/account/choose_player player=1339_邓巴 time=2013-04-08_14:42:08.233047 consume_time=0.0104928016663 accountid=19
[hades_req] userid=1339 uri=/admin/enter mapname=city gsid=city@1 time=2013-04-08_14:42:22.148513 consume_time=0.0106599330902
[hades_req] user_login=登录 uri=/account/temp_login form_password=123456 time=2013-04-08_14:42:27.679983 form_email=test@test.com consume_time=0.0059769153595
[hades_req] userid=1317 uri=/account/choose_player player=1317_柏莎 time=2013-04-08_14:42:47.151327 consume_time=0.00991106033325 accountid=20
[hades_req] items=material@8003@99 userid=1265 uri=/trade/store/multi_buy time=2013-04-08_14:42:49.127674 consume_time=0.00836300849915 accountid=63
[hades_req] userid=1317 uri=/admin/enter mapname=city gsid=city@1 time=2013-04-08_14:42:51.274596 consume_time=0.00683116912842
[hades_req] userid=1339 uri=/account/choose_player player=1339_邓巴 time=2013-04-08_14:43:04.634177 consume_time=0.0103650093079 accountid=19
[hades_req] delete_user_id=1314 userid=1318 uri=/account/delete_user time=2013-04-08_14:43:06.487954 consume_time=0.0311579704285 accountid=87
[hades_req] delete_user_id=1313 userid=1318 uri=/account/delete_user time=2013-04-08_14:43:11.904009 consume_time=0.0307590961456 accountid=87
[hades_req] userid=1339 uri=/admin/enter mapname=city gsid=city@1 time=2013-04-08_14:43:12.019959 consume_time=0.00799989700317
[hades_req] userid=1354 target_id=1318 uri=/friend/accept_friend_request time=2013-04-08_14:43:15.184137 consume_time=0.0244510173798 accountid=25
[hades_req] userid=1317 uri=/account/choose_player player=1317_柏莎 time=2013-04-08_14:43:22.883141 consume_time=0.00999999046326 accountid=20
[hades_req] userid=1354 uri=/account/choose_player player=1354_雪丽 time=2013-04-08_14:43:23.510640 consume_time=0.00931406021118 accountid=25
[hades_req] userid=1265 uri=/account/choose_player player=1265_简 time=2013-04-08_14:43:23.556158 consume_time=0.00922012329102 accountid=63
[hades_req] userid=1317 uri=/admin/enter mapname=city gsid=city@1 time=2013-04-08_14:43:24.555820 consume_time=0.00667285919189
[hades_req] userid=1317 uri=/account/choose_player player=1317_柏莎 time=2013-04-08_14:43:35.081563 consume_time=0.00950217247009 accountid=20
[hades_req] userid=1318 uri=/account/choose_player player=1318_琳达 time=2013-04-08_14:44:34.964817 consume_time=0.0122740268707 accountid=87
[hades_req] userid=1318 uri=/admin/enter mapname=city gsid=city@1 time=2013-04-08_14:44:36.620512 consume_time=0.00576877593994
[hades_req] userid=1318 uri=/reward/reward_by_gametime time=2013-04-08_14:44:43.478320 consume_time=0.00936913490295 id=3 accountid=87
[hades_req] consume_time=0.00470900535583 uri=/admin/leave time=2013-04-08_14:45:27.576126
[hades_req] userid=1318 uri=/account/choose_player player=1318_琳达 time=2013-04-08_14:45:45.896825 consume_time=0.010792016983 accountid=87
[hades_req] userid=1318 uri=/admin/enter mapname=city gsid=city@1 time=2013-04-08_14:45:47.395819 consume_time=0.00498914718628
[hades_req] userid=1318 uri=/reward/reward_by_gametime time=2013-04-08_14:45:55.711209 consume_time=0.00953602790833 id=4 accountid=87
[hades_req] userid=1318 uri=/reward/reward_by_gametime time=2013-04-08_14:46:01.578213 consume_time=0.0101249217987 id=5 accountid=87
[hades_req] userid=1318 uri=/reward/reward_by_gametime time=2013-04-08_14:46:03.277613 consume_time=0.0104329586029 id=6 accountid=87
[hades_req] userid=1317 uri=/account/choose_player player=1317_柏莎 time=2013-04-08_14:46:09.789554 consume_time=0.0114798545837 accountid=20
[hades_req] userid=1317 uri=/admin/enter mapname=city gsid=city@1 time=2013-04-08_14:46:11.513091 consume_time=0.00574207305908
[hades_req] consume_time=0.00472497940063 uri=/admin/leave time=2013-04-08_14:46:37.067359
[hades_req] userid=1317 uri=/account/choose_player player=1317_柏莎 time=2013-04-08_14:46:52.863648 consume_time=0.0131220817566 accountid=20
[hades_req] userid=1317 uri=/admin/enter mapname=city gsid=city@1 time=2013-04-08_14:46:56.894397 consume_time=0.00669097900391
[hades_req] consume_time=0.00483107566833 uri=/admin/leave time=2013-04-08_14:47:10.337051
[hades_req] userid=1318 uri=/account/choose_player player=1318_琳达 time=2013-04-08_14:47:23.092075 consume_time=0.0097451210022 accountid=87
[hades_req] userid=1318 uri=/admin/enter mapname=city gsid=city@1 time=2013-04-08_14:47:25.492923 consume_time=0.00596499443054
[hades_req] consume_time=0.00525498390198 uri=/admin/leave time=2013-04-08_14:47:54.538174
[hades_req] userid=1154 uri=/account/choose_player player=1154_罗斯福 time=2013-04-08_14:48:07.345308 consume_time=0.010575056076 accountid=9
[hades_req] userid=1154 uri=/admin/enter mapname=city gsid=city@1 time=2013-04-08_14:48:10.057477 consume_time=0.00710296630859
[hades_req] user_login=登录 uri=/account/temp_login form_password=elaine time=2013-04-08_14:48:26.436521 form_email=elaine2@abc.com consume_time=0.00648808479309
[hades_req] userid=1154 uri=/scene/go_to_publicmine time=2013-04-08_14:48:35.547455 consume_time=0.0661330223083 accountid=9
[hades_req] consume_time=0.00499105453491 uri=/admin/leave time=2013-04-08_14:48:35.938795
[hades_req] userid=1318 uri=/account/choose_player player=1318_琳达 time=2013-04-08_14:48:39.909412 consume_time=0.0101161003113 accountid=87
[hades_req] userid=1318 uri=/admin/enter mapname=city gsid=city@1 time=2013-04-08_14:48:42.223408 consume_time=0.0065610408783
[hades_req] userid=1154 uri=/admin/enter mapname=gonggongditu gsid=gonggongditu@1 time=2013-04-08_14:48:44.043646 consume_time=0.00561809539795
[hades_req] userid=1265 uri=/account/choose_player player=1265_简 time=2013-04-08_14:48:46.280467 consume_time=0.0122559070587 accountid=63
[hades_req] userid=1265 uri=/admin/enter mapname=city gsid=city@1 time=2013-04-08_14:48:49.660025 consume_time=0.00566697120667
[hades_req] consume_time=0.00607204437256 uri=/admin/leave time=2013-04-08_14:49:00.348883
[hades_req] items=consume@3@31 userid=1154 uri=/trade/store/multi_buy time=2013-04-08_14:49:04.409366 consume_time=0.00906682014465 accountid=9
[hades_req] userid=1154 uri=/shortcut/set short_cut={"0":"0@1030020@true","1":"1@1060020@true","2":"2@1090020@true","3":"3@1120020@true","4":"4@105@false","5":"5@3@false"} time=2013-04-08_14:49:04.673245 consume_time=0.0021858215332 accountid=9
[hades_req] userid=1265 uri=/blacksmith/combine time=2013-04-08_14:49:19.041415 consume_time=0.02064204216 combine_id=183 accountid=63
[hades_req] consume_time=0.00425291061401 uri=/admin/leave time=2013-04-08_14:49:53.726904
[hades_req] consume_time=0.00480699539185 uri=/admin/leave time=2013-04-08_14:49:59.316193
[hades_req] userid=1317 uri=/account/choose_player player=1317_柏莎 time=2013-04-08_14:50:20.818735 consume_time=0.0160501003265 accountid=20
[hades_req] userid=1317 uri=/admin/enter mapname=city gsid=city@1 time=2013-04-08_14:50:24.633577 consume_time=0.0066180229187
[hades_req] skip_time=0 userid=1317 uri=/trade/player_store/generate_player_store time=2013-04-08_14:50:27.255330 consume_time=0.00552797317505 accountid=20
[hades_req] userid=1318 uri=/account/choose_player player=1318_琳达 time=2013-04-08_14:50:51.541340 consume_time=0.0117969512939 accountid=87
[hades_req] userid=1318 uri=/admin/enter mapname=city gsid=city@1 time=2013-04-08_14:50:53.683781 consume_time=0.00637412071228
[hades_req] consume_time=0.00469493865967 uri=/admin/leave time=2013-04-08_14:51:03.650998
[hades_req] items=material@9003@99,material@8003@99 userid=1265 uri=/trade/store/multi_buy time=2013-04-08_14:51:33.608256 consume_time=0.0081160068512 accountid=63
[hades_req] consume_time=0.00508213043213 uri=/admin/leave time=2013-04-08_14:51:46.190223
[hades_req] userid=1265 uri=/blacksmith/combine time=2013-04-08_14:51:47.785407 consume_time=0.0210409164429 combine_id=183 accountid=63
[hades_req] userid=1265 uri=/blacksmith/combine time=2013-04-08_14:51:52.820106 consume_time=0.0233271121979 combine_id=188 accountid=63
[hades_req] userid=1317 uri=/account/choose_player player=1317_柏莎 time=2013-04-08_14:52:07.872278 consume_time=0.0114481449127 accountid=20
[hades_req] userid=1317 uri=/admin/enter mapname=city gsid=city@1 time=2013-04-08_14:52:11.650851 consume_time=0.00613307952881
[hades_req] userid=1265 uri=/blacksmith/enhance equipment_pos=package@74 time=2013-04-08_14:52:24.558494 lucky_stone_pos=70 consume_time=0.0449550151825 accountid=63
[hades_req] userid=1265 uri=/blacksmith/enhance equipment_pos=package@74 time=2013-04-08_14:52:25.642033 lucky_stone_pos=70 consume_time=0.0463979244232 accountid=63
[hades_req] userid=1265 uri=/blacksmith/enhance equipment_pos=package@74 time=2013-04-08_14:52:26.283800 lucky_stone_pos=70 consume_time=0.0391488075256 accountid=63
[hades_req] userid=1265 uri=/blacksmith/enhance equipment_pos=package@74 time=2013-04-08_14:52:27.051803 lucky_stone_pos=70 consume_time=0.0404818058014 accountid=63
[hades_req] userid=1265 uri=/blacksmith/enhance equipment_pos=package@74 time=2013-04-08_14:52:27.702986 lucky_stone_pos=70 consume_time=0.0257740020752 accountid=63
[hades_req] userid=1265 uri=/blacksmith/enhance equipment_pos=package@74 time=2013-04-08_14:52:28.599260 lucky_stone_pos=70 consume_time=0.0381970405579 accountid=63
[hades_req] userid=1265 uri=/blacksmith/enhance equipment_pos=package@74 time=2013-04-08_14:52:29.257600 lucky_stone_pos=70 consume_time=0.0293610095978 accountid=63
[hades_req] userid=1265 uri=/blacksmith/enhance equipment_pos=package@74 time=2013-04-08_14:52:29.988608 lucky_stone_pos=70 consume_time=0.0277948379517 accountid=63
[hades_req] userid=1265 uri=/blacksmith/enhance equipment_pos=package@74 time=2013-04-08_14:52:30.700121 lucky_stone_pos=70 consume_time=0.0379221439362 accountid=63
[hades_req] userid=1265 uri=/blacksmith/enhance equipment_pos=package@74 time=2013-04-08_14:52:31.373418 lucky_stone_pos=70 consume_time=0.0240240097046 accountid=63
[hades_req] userid=1265 uri=/blacksmith/enhance equipment_pos=package@74 time=2013-04-08_14:52:32.012812 lucky_stone_pos=70 consume_time=0.0363938808441 accountid=63
[hades_req] userid=1265 uri=/blacksmith/enhance equipment_pos=package@74 time=2013-04-08_14:52:32.680495 lucky_stone_pos=70 consume_time=0.035698890686 accountid=63
[hades_req] userid=1265 uri=/blacksmith/enhance equipment_pos=package@74 time=2013-04-08_14:52:33.320126 lucky_stone_pos=70 consume_time=0.0254118442535 accountid=63
[hades_req] userid=1265 uri=/blacksmith/enhance equipment_pos=package@74 time=2013-04-08_14:52:33.854337 lucky_stone_pos=70 consume_time=0.0277349948883 accountid=63
[hades_req] userid=1265 uri=/blacksmith/enhance equipment_pos=package@74 time=2013-04-08_14:52:34.523597 lucky_stone_pos=70 consume_time=0.0287849903107 accountid=63
[hades_req] userid=1265 uri=/blacksmith/enhance equipment_pos=package@74 time=2013-04-08_14:52:36.774271 lucky_stone_pos=43 consume_time=0.0471739768982 accountid=63
[hades_req] userid=1265 uri=/blacksmith/enhance equipment_pos=package@74 time=2013-04-08_14:52:37.783154 lucky_stone_pos=43 consume_time=0.0393621921539 accountid=63
[hades_req] userid=1318 uri=/account/choose_player player=1318_琳达 time=2013-04-08_14:52:38.739901 consume_time=0.0109858512878 accountid=87
[hades_req] userid=1265 uri=/blacksmith/enhance equipment_pos=package@74 time=2013-04-08_14:52:38.802370 lucky_stone_pos=43 consume_time=0.0390691757202 accountid=63
[hades_req] userid=1265 uri=/blacksmith/enhance equipment_pos=package@74 time=2013-04-08_14:52:40.153481 lucky_stone_pos=43 consume_time=0.0410029888153 accountid=63
[hades_req] userid=1265 uri=/blacksmith/enhance equipment_pos=package@74 time=2013-04-08_14:52:40.889738 lucky_stone_pos=43 consume_time=0.0439009666443 accountid=63
[hades_req] userid=1318 uri=/admin/enter mapname=city gsid=city@1 time=2013-04-08_14:52:41.009556 consume_time=0.00673508644104
[hades_req] userid=1265 uri=/blacksmith/enhance equipment_pos=package@74 time=2013-04-08_14:52:41.617700 lucky_stone_pos=43 consume_time=0.0411760807037 accountid=63
[hades_req] userid=1265 uri=/blacksmith/enhance equipment_pos=package@74 time=2013-04-08_14:52:42.362840 lucky_stone_pos=43 consume_time=0.0394937992096 accountid=63
[hades_req] userid=1265 uri=/blacksmith/enhance equipment_pos=package@74 time=2013-04-08_14:52:43.184718 lucky_stone_pos=43 consume_time=0.0402150154114 accountid=63
[hades_req] userid=1265 uri=/blacksmith/enhance equipment_pos=package@74 time=2013-04-08_14:52:44.038051 lucky_stone_pos=43 consume_time=0.0420520305634 accountid=63
[hades_req] userid=1265 uri=/blacksmith/enhance equipment_pos=package@74 time=2013-04-08_14:52:44.852857 lucky_stone_pos=43 consume_time=0.040158033371 accountid=63
[hades_req] userid=1265 uri=/blacksmith/enhance equipment_pos=package@74 time=2013-04-08_14:52:45.622282 lucky_stone_pos=43 consume_time=0.0446681976318 accountid=63
[hades_req] userid=1265 uri=/blacksmith/enhance equipment_pos=package@74 time=2013-04-08_14:52:46.231419 lucky_stone_pos=43 consume_time=0.0377490520477 accountid=63
[hades_req] consume_time=0.00489187240601 uri=/admin/leave time=2013-04-08_14:52:54.198884
[hades_req] consume_time=0.00409317016602 uri=/admin/leave time=2013-04-08_14:53:18.020588
[hades_req] user_login=登录 uri=/account/temp_login form_password=cx time=2013-04-08_14:53:21.429269 form_email=cx@cx.com consume_time=0.00581908226013
[hades_req] userid=0 uri=/account/temp_login form_password=cx time=2013-04-08_14:53:32.889602 form_email=cx@cx.com consume_time=0.00604009628296 accountid=0
[hades_req] delete_user_id=1339 userid=1339 uri=/account/delete_user time=2013-04-08_14:55:19.627056 consume_time=0.0269467830658 accountid=19
[hades_req] delete_user_id=356 userid=356 uri=/account/delete_user time=2013-04-08_14:55:22.749692 consume_time=0.0313370227814 accountid=19
[hades_req] delete_user_id=358 userid=358 uri=/account/delete_user time=2013-04-08_14:55:25.403020 consume_time=0.0353050231934 accountid=19
[hades_req] delete_user_id=360 userid=360 uri=/account/delete_user time=2013-04-08_14:55:28.019618 consume_time=0.0450110435486 accountid=19
[hades_req] delete_user_id=371 userid=371 uri=/account/delete_user time=2013-04-08_14:55:30.459860 consume_time=0.0294489860535 accountid=19
[hades_req] delete_user_id=389 userid=389 uri=/account/delete_user time=2013-04-08_14:55:33.693009 consume_time=0.0425610542297 accountid=19
[hades_req] idcard=1234345656dfdf account_id=19 gender=male camp=1 userid=389 uri=/profile/register role=master time=2013-04-08_14:55:37.557770 consume_time=0.0258040428162 accountid=19 name=耶基斯
[hades_req] userid=1358 uri=/account/choose_player player=1358_耶基斯 time=2013-04-08_14:55:47.360593 consume_time=0.0112149715424 accountid=19
[hades_req] userid=1358 uri=/admin/enter mapname=city gsid=city@1 time=2013-04-08_14:56:05.478305 consume_time=0.0120060443878
[hades_req] userid=1265 uri=/blacksmith/separate item=package@52,package@53,package@54,package@59,package@61,package@62,package@71,package@74 time=2013-04-08_14:56:22.704656 consume_time=0.0488150119781 accountid=63
[hades_req] userid=1317 uri=/account/choose_player player=1317_柏莎 time=2013-04-08_14:56:35.110397 consume_time=0.0111758708954 accountid=20
[hades_req] userid=1317 uri=/admin/enter mapname=city gsid=city@1 time=2013-04-08_14:56:39.086771 consume_time=0.00547194480896
[hades_req] userid=1318 uri=/account/choose_player player=1318_琳达 time=2013-04-08_14:56:46.953681 consume_time=0.0102190971375 accountid=87
[hades_req] userid=1318 uri=/admin/enter mapname=city gsid=city@1 time=2013-04-08_14:56:49.290773 consume_time=0.00637102127075
[hades_req] consume_time=0.00470185279846 uri=/admin/leave time=2013-04-08_14:56:57.534976
[hades_req] userid=1318 target_id=1358 uri=/friend/friend_request time=2013-04-08_14:57:19.856051 consume_time=0.016685962677 accountid=87
[hades_req] consume_time=0.00411605834961 uri=/admin/leave time=2013-04-08_14:57:21.238830
[hades_req] userid=1358 uri=/account/choose_player player=1358_耶基斯 time=2013-04-08_14:58:15.787194 consume_time=0.0113508701324 accountid=19
[hades_req] userid=1358 uri=/admin/enter mapname=city gsid=city@1 time=2013-04-08_14:58:22.484861 consume_time=0.00899386405945
[hades_req] userid=1318 uri=/scene/go_to_boss time=2013-04-08_14:58:47.633795 consume_time=0.0824699401855 accountid=87
[hades_req] consume_time=0.0048520565033 uri=/admin/leave time=2013-04-08_14:58:47.976932
[hades_req] userid=1318 uri=/admin/enter mapname=huoshan3 gsid=huoshan3@1 time=2013-04-08_14:58:51.340059 consume_time=0.00522685050964
[hades_req] userid=0 uri=/account/temp_login form_password=123456 time=2013-04-08_14:59:11.511146 form_email=test@test.com consume_time=0.018012046814 accountid=0
[hades_req] userid=1265 uri=/package/sort time=2013-04-08_14:59:31.352196 consume_time=0.00614500045776 accountid=63
[hades_req] ruler=dan01-huoshan4.xml userid=1358 uri=/scene/jump_to_quest_location time=2013-04-08_14:59:36.787664 map_name=huoshan4 consume_time=0.049115896225 accountid=19
[hades_req] consume_time=0.00423693656921 uri=/admin/leave time=2013-04-08_14:59:38.135277
[hades_req] userid=1358 uri=/admin/enter mapname=huoshan4 gsid=huoshan4@1 time=2013-04-08_14:59:49.502313 consume_time=0.00515604019165
[hades_req] userid=1265 uri=/blacksmith/separate item=package@67,package@68,package@66,package@62,package@63,package@64,package@65 time=2013-04-08_14:59:58.736226 consume_time=0.0389590263367 accountid=63
