[hades_req] ruler=migong userid=1282 uri=/scene/jump_to_quest_location time=2013-04-03_18:19:53.855933 map_name=migong consume_time=0.0218350887299 accountid=25
[hades_req] consume_time=0.00465798377991 uri=/admin/leave time=2013-04-03_18:19:54.148068
[hades_req] userid=1282 uri=/admin/enter mapname=migong gsid=migong%401 time=2013-04-03_18:19:55.893318 consume_time=0.00647187232971
[hades_req] consume_time=0.00791692733765 uri=/admin/leave time=2013-04-03_18:42:52.493637
[hades_req] userid=0 uri=/account/temp_login form_password=123456 time=2013-04-03_18:44:32.739103 form_email=test@test.com consume_time=0.00638508796692 accountid=0
[hades_req] userid=1317 uri=/account/choose_player player=1317_柏莎 time=2013-04-03_18:45:04.049974 consume_time=0.0115790367126 accountid=20
[hades_req] userid=1317 uri=/admin/enter mapname=city gsid=city%401 time=2013-04-03_18:45:12.982957 consume_time=0.00608396530151
[hades_req] consume_time=0.00449395179749 uri=/admin/leave time=2013-04-03_18:47:09.016487
[hades_req] userid=1352 uri=/account/choose_player player=1352_克里斯廷 time=2013-04-03_18:52:27.210837 consume_time=0.0118191242218 accountid=87
[hades_req] userid=1352 uri=/admin/enter mapname=city gsid=city%401 time=2013-04-03_18:52:28.895229 consume_time=0.00645303726196
[hades_req] consume_time=0.00470781326294 uri=/admin/leave time=2013-04-03_18:52:44.832944
[hades_req] userid=1352 uri=/account/choose_player player=1352_克里斯廷 time=2013-04-03_18:53:10.278368 consume_time=0.0121560096741 accountid=87
[hades_req] userid=1352 uri=/admin/enter mapname=city gsid=city%401 time=2013-04-03_18:53:12.071085 consume_time=0.00629997253418
[hades_req] userid=1348 uri=/account/choose_player player=1348_简 time=2013-04-03_18:53:36.701635 consume_time=0.0110099315643 accountid=63
[hades_req] userid=1348 uri=/admin/enter mapname=city gsid=city%401 time=2013-04-03_18:53:40.005488 consume_time=0.00501799583435
[hades_req] techid=1 userid=1352 uri=/technology/upgrade time=2013-04-03_18:53:40.593844 consume_time=0.0132050514221 accountid=87
[hades_req] userid=1348 uri=/blacksmith/enhance equipment_pos=equiped@right_hand time=2013-04-03_18:53:58.609066 lucky_stone_pos=2 consume_time=0.0311291217804 accountid=63
[hades_req] techid=1 userid=1352 uri=/technology/upgrade time=2013-04-03_18:53:59.847932 consume_time=0.00881004333496 accountid=87
[hades_req] consume_time=0.00457692146301 uri=/admin/leave time=2013-04-03_18:54:20.556496
[hades_req] user_login=登录 uri=/account/temp_login form_password=elaine time=2013-04-03_18:54:23.369533 form_email=elaine2@abc.com consume_time=0.00600695610046
[hades_req] techid=1 userid=1352 uri=/technology/upgrade time=2013-04-03_18:54:33.559061 consume_time=0.00832891464233 accountid=87
[hades_req] userid=1348 uri=/account/choose_player player=1348_简 time=2013-04-03_18:54:45.702377 consume_time=0.012757062912 accountid=63
[hades_req] userid=1348 uri=/admin/enter mapname=city gsid=city%401 time=2013-04-03_18:54:49.080355 consume_time=0.00665307044983
[hades_req] userid=1348 uri=/blacksmith/enhance equipment_pos=equiped@right_hand time=2013-04-03_18:54:56.936806 lucky_stone_pos=2 consume_time=0.0292060375214 accountid=63
[hades_req] techid=1 userid=1352 uri=/technology/upgrade time=2013-04-03_18:55:38.201520 consume_time=0.0137431621552 accountid=87
[hades_req] techid=1 userid=1352 uri=/technology/upgrade time=2013-04-03_18:55:39.387566 consume_time=0.0164752006531 accountid=87
[hades_req] techid=1 userid=1352 uri=/technology/upgrade time=2013-04-03_18:55:41.740624 consume_time=0.0154120922089 accountid=87
[hades_req] techid=1 userid=1352 uri=/technology/upgrade time=2013-04-03_18:55:43.499976 consume_time=0.0122661590576 accountid=87
[hades_req] techid=1 userid=1352 uri=/technology/upgrade time=2013-04-03_18:55:45.115589 consume_time=0.0133199691772 accountid=87
[hades_req] techid=1 userid=1352 uri=/technology/upgrade time=2013-04-03_18:55:46.782101 consume_time=0.0114619731903 accountid=87
[hades_req] consume_time=0.00416207313538 uri=/admin/leave time=2013-04-03_18:56:25.930963
[hades_req] ruler=migong userid=1282 uri=/scene/jump_to_quest_location time=2013-04-03_18:58:36.124874 map_name=migong consume_time=0.0222280025482 accountid=25
[hades_req] consume_time=0.00521016120911 uri=/admin/leave time=2013-04-03_18:58:36.413709
[hades_req] userid=1282 uri=/admin/enter mapname=migong gsid=migong%401 time=2013-04-03_18:58:38.066814 consume_time=0.00544714927673
[hades_req] userid=1286 uri=/account/choose_player player=1286_艾达 time=2013-04-03_18:59:39.591428 consume_time=0.0130679607391 accountid=10
[hades_req] userid=1286 uri=/admin/enter mapname=city gsid=city%401 time=2013-04-03_18:59:41.222413 consume_time=0.00594115257263
[hades_req] userid=1265 uri=/account/choose_player player=1265_简 time=2013-04-03_18:59:43.256057 consume_time=0.012412071228 accountid=63
[hades_req] userid=1265 uri=/admin/enter mapname=city gsid=city%401 time=2013-04-03_18:59:44.866439 consume_time=0.0055079460144
[hades_req] package_pos=0 userid=1265 uri=/package/unpack_bundle time=2013-04-03_18:59:51.893470 consume_time=0.0108509063721 accountid=63
