[hades_req] userid=1317 uri=/account/choose_player player=1317_柏莎 time=2013-04-08_11:03:29.304379 consume_time=0.01100897789 accountid=20
[hades_req] userid=1317 uri=/admin/enter mapname=city gsid=city@1 time=2013-04-08_11:03:33.349722 consume_time=0.0102829933167
[hades_req] skip_time=0 userid=1317 uri=/trade/player_store/generate_player_store time=2013-04-08_11:03:36.118636 consume_time=0.0904519557953 accountid=20
[hades_req] count=1 userid=1317 sale_id=1300186 pos=0 uri=/trade/player_store/buy time=2013-04-08_11:05:07.792033 consume_time=0.0107009410858 accountid=20
[hades_req] consume_time=0.00470995903015 uri=/admin/leave time=2013-04-08_11:05:46.354281
[hades_req] union_name=jiaban userid=1318 uri=/union/request_join_union time=2013-04-08_11:07:01.929182 consume_time=0.00857996940613 accountid=87
[hades_req] union_name=三个代表 userid=1318 uri=/union/request_join_union time=2013-04-08_11:07:02.611843 consume_time=0.00841903686523 accountid=87
[hades_req] union_name=我太他妈穷了党 userid=1318 uri=/union/request_join_union time=2013-04-08_11:07:02.965800 consume_time=0.0100090503693 accountid=87
[hades_req] union_name=高富帅联盟 userid=1318 uri=/union/request_join_union time=2013-04-08_11:07:03.448408 consume_time=0.0138080120087 accountid=87
[hades_req] union_name=88888888888888 userid=1318 uri=/union/request_join_union time=2013-04-08_11:07:05.078795 consume_time=0.00930285453796 accountid=87
[hades_req] union_name=买东西公会 userid=1318 uri=/union/request_join_union time=2013-04-08_11:07:06.692657 consume_time=0.00811314582825 accountid=87
[hades_req] union_name=搞毛啊 userid=1318 uri=/union/request_join_union time=2013-04-08_11:07:07.244292 consume_time=0.00868988037109 accountid=87
[hades_req] union_name=123 userid=1318 uri=/union/request_join_union time=2013-04-08_11:07:07.709335 consume_time=0.00743412971497 accountid=87
[hades_req] union_name=dfdf userid=1318 uri=/union/request_join_union time=2013-04-08_11:07:09.511305 consume_time=0.00742793083191 accountid=87
[hades_req] union_name=党中央 userid=1318 uri=/union/request_join_union time=2013-04-08_11:07:09.878800 consume_time=0.00705099105835 accountid=87
[hades_req] union_name=杀光你全家 userid=1318 uri=/union/request_join_union time=2013-04-08_11:07:10.976015 consume_time=0.00765109062195 accountid=87
[hades_req] union_name=321 userid=1318 uri=/union/request_join_union time=2013-04-08_11:07:11.258592 consume_time=0.00728011131287 accountid=87
[hades_req] union_name=巴扎黑俱乐部 userid=1318 uri=/union/request_join_union time=2013-04-08_11:07:11.575578 consume_time=0.00755095481873 accountid=87
[hades_req] union_name=我在东北玩泥巴 userid=1318 uri=/union/request_join_union time=2013-04-08_11:07:11.892841 consume_time=0.00791597366333 accountid=87
[hades_req] union_name=中国猥琐协会 userid=1318 uri=/union/request_join_union time=2013-04-08_11:07:12.192927 consume_time=0.00739192962646 accountid=87
[hades_req] union_name=111 userid=1318 uri=/union/request_join_union time=2013-04-08_11:07:12.496031 consume_time=0.00979900360107 accountid=87
[hades_req] userid=1318 uri=/scene/go_to_singlejjc time=2013-04-08_11:07:31.214228 consume_time=0.0584738254547 accountid=87 opponent=1160
[hades_req] consume_time=0.00473093986511 uri=/admin/leave time=2013-04-08_11:07:31.585898
[hades_req] userid=1318 uri=/admin/enter mapname=jingjichang gsid=jingjichang@1 time=2013-04-08_11:07:34.985103 consume_time=0.00581812858582
[hades_req] userid=1318 uri=/scene/back_to_city time=2013-04-08_11:07:43.887903 consume_time=0.0172989368439 accountid=87
[hades_req] consume_time=0.00481915473938 uri=/admin/leave time=2013-04-08_11:07:44.245767
[hades_req] userid=1318 uri=/admin/enter mapname=city gsid=city@1 time=2013-04-08_11:07:46.382291 consume_time=0.00699520111084
[hades_req] userid=1318 uri=/jjc/skip_cooldown time=2013-04-08_11:07:52.124065 consume_time=0.00443696975708 accountid=87
[hades_req] npcid=1 userid=1318 uri=/astrology/start time=2013-04-08_11:10:12.580922 consume_time=0.0144708156586 accountid=87
[hades_req] npcid=1 userid=1318 uri=/astrology/shortcut_start time=2013-04-08_11:10:13.855788 consume_time=0.105178833008 accountid=87
[hades_req] npcid=6 userid=1318 uri=/astrology/shortcut_start time=2013-04-08_11:10:19.618884 consume_time=0.0496249198914 accountid=87
[hades_req] userid=1318 uri=/astrology/shortcut_sell time=2013-04-08_11:10:21.248092 consume_time=0.00959897041321 accountid=87
[hades_req] skip_time=0 userid=1318 uri=/trade/player_store/generate_player_store time=2013-04-08_11:10:24.907489 consume_time=0.00698900222778 accountid=87
[hades_req] count=1 userid=1318 sale_id=1300149 pos=4 uri=/trade/player_store/buy time=2013-04-08_11:10:49.679484 consume_time=0.0149919986725 accountid=87
[hades_req] count=1 userid=1318 sale_id=1300125 pos=0 uri=/trade/player_store/buy time=2013-04-08_11:11:15.346036 consume_time=0.0133039951324 accountid=87
[hades_req] count=1 userid=1318 sale_id=1400131 uri=/trade/market/buy time=2013-04-08_11:11:47.907652 consume_time=0.00905394554138 payment=token accountid=87
[hades_req] count=1 userid=1318 sale_id=1400136 uri=/trade/market/buy time=2013-04-08_11:12:13.640607 consume_time=0.00990104675293 payment=token accountid=87
[hades_req] consume_time=0.00483989715576 uri=/admin/leave time=2013-04-08_11:13:03.295787
[hades_req] userid=1318 uri=/account/choose_player player=1318_琳达 time=2013-04-08_11:13:13.709933 consume_time=0.0117199420929 accountid=87
[hades_req] userid=1318 uri=/admin/enter mapname=city gsid=city@1 time=2013-04-08_11:13:15.345724 consume_time=0.00551199913025
[hades_req] count=1 userid=1318 sale_id=1400132 uri=/trade/market/buy time=2013-04-08_11:13:45.859864 consume_time=0.0105848312378 payment=attr6 accountid=87
[hades_req] count=1 userid=1318 sale_id=1400134 uri=/trade/market/buy time=2013-04-08_11:14:03.101309 consume_time=0.0064640045166 payment=attr6 accountid=87
[hades_req] userid=1318 uri=/package/sort time=2013-04-08_11:14:12.218007 consume_time=0.0066089630127 accountid=87
[hades_req] package_pos=2 userid=1318 uri=/package/consume_props time=2013-04-08_11:14:17.389759 consume_time=0.010978937149 accountid=87
[hades_req] userid=1318 uri=/mount/play mount_id=6 time=2013-04-08_11:14:19.551825 consume_time=0.00538110733032 accountid=87
[hades_req] userid=1265 uri=/account/choose_player player=1265_简 time=2013-04-08_11:15:15.845362 consume_time=0.0107641220093 accountid=63
[hades_req] userid=1265 uri=/admin/enter mapname=city gsid=city@1 time=2013-04-08_11:15:19.260845 consume_time=0.00896692276001
[hades_req] ruler=dan37-shamo4.xml userid=1265 uri=/scene/jump_to_quest_location time=2013-04-08_11:15:35.958982 map_name=shamo4 consume_time=0.0611770153046 accountid=63
[hades_req] consume_time=0.00453591346741 uri=/admin/leave time=2013-04-08_11:15:36.311118
[hades_req] userid=1265 uri=/admin/enter mapname=shamo4 gsid=shamo4@1 time=2013-04-08_11:15:40.815413 consume_time=0.00739097595215
[hades_req] userid=1154 uri=/account/choose_player player=1154_罗斯福 time=2013-04-08_11:19:50.584792 consume_time=0.0104751586914 accountid=9
[hades_req] userid=1154 uri=/admin/enter mapname=city gsid=city@1 time=2013-04-08_11:19:53.276567 consume_time=0.0111329555511
[hades_req] userid=1265 uri=/scene/back_to_city time=2013-04-08_11:20:08.793334 consume_time=0.0155260562897 accountid=63
[hades_req] consume_time=0.00434303283691 uri=/admin/leave time=2013-04-08_11:20:09.164172
[hades_req] userid=1265 uri=/admin/enter mapname=city gsid=city@1 time=2013-04-08_11:20:11.088596 consume_time=0.00612092018127
[hades_req] userid=1265 uri=/scene/enter_tavern time=2013-04-08_11:20:21.370014 consume_time=0.00976800918579 type=jjc accountid=63
[hades_req] consume_time=0.00419998168945 uri=/admin/leave time=2013-04-08_11:20:21.757079
[hades_req] userid=1265 uri=/admin/enter mapname=jiuguanshinei gsid=jiuguanshinei@99 time=2013-04-08_11:20:24.060948 consume_time=0.00563597679138
[hades_req] userid=1154 uri=/exchange/exchange time=2013-04-08_11:20:42.114348 consume_time=0.0124928951263 accountid=9
[hades_req] userid=1265 uri=/blacksmith/separate item=package@63,package@64,package@65,package@66,package@67 time=2013-04-08_11:20:49.458262 consume_time=0.0327861309052 accountid=63
[hades_req] consume_time=0.00395202636719 uri=/admin/leave time=2013-04-08_11:21:22.964891
[hades_req] userid=1125 uri=/account/choose_player player=1125_威尼弗雷德 time=2013-04-08_11:21:40.329854 consume_time=0.0112390518188 accountid=9
[hades_req] userid=1125 uri=/admin/enter mapname=city gsid=city@1 time=2013-04-08_11:21:42.072198 consume_time=0.0103499889374
[hades_req] ruler=dan01-huoshan4.xml userid=1125 uri=/scene/jump_to_quest_location time=2013-04-08_11:21:50.522362 map_name=huoshan4 consume_time=0.0598080158234 accountid=9
[hades_req] consume_time=0.00433897972107 uri=/admin/leave time=2013-04-08_11:21:50.913492
[hades_req] userid=1125 uri=/admin/enter mapname=huoshan4 gsid=huoshan4@1 time=2013-04-08_11:21:54.537080 consume_time=0.00726890563965
[hades_req] userid=1125 uri=/scene/back_to_city time=2013-04-08_11:22:01.998631 consume_time=0.014631986618 accountid=9
[hades_req] consume_time=0.00437498092651 uri=/admin/leave time=2013-04-08_11:22:02.331493
[hades_req] userid=1125 uri=/admin/enter mapname=city gsid=city@1 time=2013-04-08_11:22:04.422161 consume_time=0.00651001930237
[hades_req] ruler=dan01-huoshan4.xml userid=1125 uri=/scene/jump_to_quest_location time=2013-04-08_11:22:13.191216 map_name=huoshan4 consume_time=0.0148198604584 accountid=9
[hades_req] consume_time=0.00395917892456 uri=/admin/leave time=2013-04-08_11:22:13.504124
[hades_req] userid=1125 uri=/admin/enter mapname=huoshan4 gsid=huoshan4@1 time=2013-04-08_11:22:15.352772 consume_time=0.00726318359375
[hades_req] consume_time=0.00467491149902 uri=/admin/leave time=2013-04-08_11:22:38.890505
[hades_req] userid=1318 target_id=824 uri=/friend/delete_friend time=2013-04-08_11:23:01.593634 consume_time=0.0192170143127 accountid=87
[hades_req] userid=1318 target_id=1334 uri=/friend/delete_friend time=2013-04-08_11:23:03.079743 consume_time=0.0163049697876 accountid=87
[hades_req] userid=1265 uri=/scene/back_to_city time=2013-04-08_11:23:06.087195 consume_time=0.0146179199219 accountid=63
[hades_req] consume_time=0.00415706634521 uri=/admin/leave time=2013-04-08_11:23:06.454204
[hades_req] userid=1265 uri=/admin/enter mapname=city gsid=city@1 time=2013-04-08_11:23:08.464432 consume_time=0.00618982315063
[hades_req] userid=1318 target_id=1265 uri=/friend/friend_request time=2013-04-08_11:23:37.787834 consume_time=0.0143201351166 accountid=87
[hades_req] target_id=1318 userid=1265 uri=/friend/accept_friend_request time=2013-04-08_11:23:41.079133 consume_time=0.0232110023499 accountid=63
[hades_req] userid=1318 target_id=1265 uri=/friend/delete_friend time=2013-04-08_11:24:02.598760 consume_time=0.0189759731293 accountid=87
[hades_req] userid=1265 uri=/reward/reward_by_gametime time=2013-04-08_11:24:33.531163 consume_time=0.0118799209595 id=1 accountid=63
[hades_req] userid=1265 uri=/reward/reward_by_checkin time=2013-04-08_11:24:35.398256 consume_time=0.0104129314423 accountid=63
[hades_req] consume_time=0.00487399101257 uri=/admin/leave time=2013-04-08_11:24:56.270305
[hades_req] userid=1318 uri=/account/choose_player player=1318_琳达 time=2013-04-08_11:24:59.260511 consume_time=0.0121631622314 accountid=87
[hades_req] userid=1318 uri=/admin/enter mapname=city gsid=city@1 time=2013-04-08_11:25:00.783653 consume_time=0.00590705871582
[hades_req] techid=3 userid=1265 uri=/technology/upgrade time=2013-04-08_11:25:03.977208 consume_time=0.0246751308441 accountid=63
[hades_req] techid=3 userid=1265 uri=/technology/upgrade time=2013-04-08_11:25:04.895135 consume_time=0.0251820087433 accountid=63
[hades_req] techid=3 userid=1265 uri=/technology/upgrade time=2013-04-08_11:25:05.816885 consume_time=0.0289959907532 accountid=63
[hades_req] techid=3 userid=1265 uri=/technology/upgrade time=2013-04-08_11:25:08.016234 consume_time=0.0310859680176 accountid=63
[hades_req] techid=3 userid=1265 uri=/technology/upgrade time=2013-04-08_11:25:09.229451 consume_time=0.0267012119293 accountid=63
[hades_req] techid=3 userid=1265 uri=/technology/upgrade time=2013-04-08_11:25:10.689506 consume_time=0.023157119751 accountid=63
[hades_req] repeat_time=1 userid=1265 uri=/instance/start_clean_instance instance_id=10403801 time=2013-04-08_11:25:22.220730 consume_time=0.00471591949463 accountid=63
[hades_req] skip_time=1 userid=1265 uri=/instance/end_clean_instance time=2013-04-08_11:25:25.326647 consume_time=0.0422761440277 accountid=63
[hades_req] repeat_time=1 userid=1265 uri=/instance/start_clean_instance instance_id=10403801 time=2013-04-08_11:25:40.255548 consume_time=0.00461602210999 accountid=63
[hades_req] skip_time=1 userid=1265 uri=/instance/end_clean_instance time=2013-04-08_11:25:43.312341 consume_time=0.0464818477631 accountid=63
[hades_req] repeat_time=1 userid=1265 uri=/instance/start_clean_instance instance_id=10403801 time=2013-04-08_11:26:09.752833 consume_time=0.00419592857361 accountid=63
[hades_req] skip_time=1 userid=1265 uri=/instance/end_clean_instance time=2013-04-08_11:26:13.816152 consume_time=0.0357382297516 accountid=63
[hades_req] repeat_time=1 userid=1265 uri=/instance/start_clean_instance instance_id=10403901 time=2013-04-08_11:26:20.169200 consume_time=0.00545597076416 accountid=63
[hades_req] skip_time=1 userid=1265 uri=/instance/end_clean_instance time=2013-04-08_11:26:23.081165 consume_time=0.0495359897614 accountid=63
[hades_req] consume_time=0.00680899620056 uri=/admin/leave time=2013-04-08_11:26:40.634448
[hades_req] userid=1318 uri=/account/choose_player player=1318_琳达 time=2013-04-08_11:26:43.948387 consume_time=0.0140001773834 accountid=87
[hades_req] userid=1318 uri=/admin/enter mapname=city gsid=city@1 time=2013-04-08_11:26:45.522748 consume_time=0.00563311576843
[hades_req] repeat_time=1 userid=1265 uri=/instance/start_clean_instance instance_id=10403901 time=2013-04-08_11:26:51.970996 consume_time=0.00552988052368 accountid=63
[hades_req] skip_time=1 userid=1265 uri=/instance/end_clean_instance time=2013-04-08_11:26:54.666568 consume_time=0.0551900863647 accountid=63
[hades_req] userid=1318 target_id=1265 uri=/friend/friend_request time=2013-04-08_11:27:00.587750 consume_time=0.02392578125 accountid=87
[hades_req] target_id=1318 userid=1265 uri=/friend/accept_friend_request time=2013-04-08_11:27:03.638564 consume_time=0.0246860980988 accountid=63
[hades_req] techid=3 userid=1265 uri=/technology/upgrade time=2013-04-08_11:27:43.388117 consume_time=0.02596616745 accountid=63
[hades_req] userid=0 uri=/account/temp_login form_password=123456 time=2013-04-08_11:28:05.461655 form_email=test@test.com consume_time=0.00594997406006 accountid=0
[hades_req] userid=1265 uri=/blacksmith/combine time=2013-04-08_11:28:17.529928 consume_time=0.0201239585876 accountid=63 combine_id=141
[hades_req] userid=1265 uri=/blacksmith/combine time=2013-04-08_11:28:30.997265 consume_time=0.0206611156464 accountid=63 combine_id=146
[hades_req] userid=1317 uri=/account/choose_player player=1317_柏莎 time=2013-04-08_11:28:35.408041 consume_time=0.0136098861694 accountid=20
[hades_req] consume_time=0.0042290687561 uri=/admin/leave time=2013-04-08_11:28:37.614699
[hades_req] userid=1265 uri=/blacksmith/combine time=2013-04-08_11:28:38.271459 consume_time=0.0277919769287 accountid=63 combine_id=147
[hades_req] userid=1318 uri=/account/choose_player player=1318_琳达 time=2013-04-08_11:28:40.895354 consume_time=0.0107939243317 accountid=87
[hades_req] userid=1318 uri=/admin/enter mapname=city gsid=city@1 time=2013-04-08_11:28:42.525152 consume_time=0.00628900527954
[hades_req] userid=1317 uri=/admin/enter mapname=city gsid=city@1 time=2013-04-08_11:28:44.437153 consume_time=0.00765085220337
[hades_req] userid=594 uri=/account/choose_player player=594_卡罗琳 time=2013-04-08_11:29:01.704904 consume_time=0.0125508308411 accountid=9
[hades_req] userid=1265 uri=/blacksmith/enhance equipment_pos=package@71 time=2013-04-08_11:29:02.534224 lucky_stone_pos=73 consume_time=0.0539140701294 accountid=63
[hades_req] userid=1265 uri=/blacksmith/enhance equipment_pos=package@71 time=2013-04-08_11:29:03.742308 lucky_stone_pos=73 consume_time=0.0339088439941 accountid=63
[hades_req] userid=594 uri=/admin/enter mapname=city gsid=city@1 time=2013-04-08_11:29:04.110187 consume_time=0.0144290924072
[hades_req] userid=1265 uri=/blacksmith/enhance equipment_pos=package@71 time=2013-04-08_11:29:04.796139 lucky_stone_pos=73 consume_time=0.0374889373779 accountid=63
[hades_req] userid=1265 uri=/blacksmith/enhance equipment_pos=package@71 time=2013-04-08_11:29:05.902880 lucky_stone_pos=73 consume_time=0.0289208889008 accountid=63
[hades_req] userid=1265 uri=/blacksmith/enhance equipment_pos=package@71 time=2013-04-08_11:29:11.071255 lucky_stone_pos=73 consume_time=0.0246479511261 accountid=63
[hades_req] ruler=dan01-huoshan4.xml userid=594 uri=/scene/jump_to_quest_location time=2013-04-08_11:29:11.742585 map_name=huoshan4 consume_time=0.0613069534302 accountid=9
[hades_req] consume_time=0.0046501159668 uri=/admin/leave time=2013-04-08_11:29:12.183946
[hades_req] userid=1265 uri=/blacksmith/enhance equipment_pos=package@71 time=2013-04-08_11:29:21.047901 lucky_stone_pos=44 consume_time=0.0402488708496 accountid=63
[hades_req] userid=1265 uri=/blacksmith/enhance equipment_pos=package@71 time=2013-04-08_11:29:23.728441 lucky_stone_pos=44 consume_time=0.0374870300293 accountid=63
[hades_req] consume_time=0.00431489944458 uri=/admin/leave time=2013-04-08_11:29:24.858632
[hades_req] userid=1265 uri=/blacksmith/enhance equipment_pos=package@71 time=2013-04-08_11:29:26.312647 lucky_stone_pos=44 consume_time=0.0392830371857 accountid=63
[hades_req] userid=1265 uri=/blacksmith/enhance equipment_pos=package@71 time=2013-04-08_11:29:27.934274 lucky_stone_pos=44 consume_time=0.0283570289612 accountid=63
[hades_req] userid=1265 uri=/blacksmith/enhance equipment_pos=package@71 time=2013-04-08_11:29:29.826642 lucky_stone_pos=44 consume_time=0.0364508628845 accountid=63
[hades_req] userid=1265 uri=/blacksmith/enhance equipment_pos=package@71 time=2013-04-08_11:29:31.146093 lucky_stone_pos=44 consume_time=0.0386528968811 accountid=63
[hades_req] userid=1265 uri=/blacksmith/enhance equipment_pos=package@71 time=2013-04-08_11:29:32.730471 lucky_stone_pos=44 consume_time=0.0375881195068 accountid=63
[hades_req] consume_time=0.00525808334351 uri=/admin/leave time=2013-04-08_11:29:33.394692
[hades_req] userid=1318 uri=/account/choose_player player=1318_琳达 time=2013-04-08_11:29:36.339832 consume_time=0.0123598575592 accountid=87
[hades_req] userid=1318 uri=/admin/enter mapname=city gsid=city@1 time=2013-04-08_11:29:38.009907 consume_time=0.00601315498352
[hades_req] userid=1265 uri=/blacksmith/enhance equipment_pos=package@71 time=2013-04-08_11:29:38.363291 lucky_stone_pos=45 consume_time=0.0400710105896 accountid=63
[hades_req] userid=1265 uri=/blacksmith/enhance equipment_pos=package@71 time=2013-04-08_11:29:40.234826 lucky_stone_pos=45 consume_time=0.0427341461182 accountid=63
[hades_req] userid=0 uri=/account/temp_login form_password=123456 time=2013-04-08_11:29:55.049838 form_email=test@test.com consume_time=0.00636410713196 accountid=0
[hades_req] userid=1265 uri=/blacksmith/enhance equipment_pos=package@71 time=2013-04-08_11:29:55.131780 lucky_stone_pos=45 consume_time=0.0245039463043 accountid=63
[hades_req] userid=1265 uri=/blacksmith/enhance equipment_pos=package@71 time=2013-04-08_11:29:56.416884 lucky_stone_pos=45 consume_time=0.0267508029938 accountid=63
[hades_req] userid=1265 uri=/blacksmith/enhance equipment_pos=package@71 time=2013-04-08_11:29:57.165219 lucky_stone_pos=45 consume_time=0.0251750946045 accountid=63
[hades_req] userid=1265 uri=/blacksmith/enhance equipment_pos=package@71 time=2013-04-08_11:29:58.051471 lucky_stone_pos=45 consume_time=0.0286870002747 accountid=63
[hades_req] userid=1265 uri=/blacksmith/enhance equipment_pos=package@71 time=2013-04-08_11:29:58.942919 lucky_stone_pos=45 consume_time=0.0375061035156 accountid=63
[hades_req] userid=1265 uri=/blacksmith/enhance equipment_pos=package@71 time=2013-04-08_11:30:00.260418 lucky_stone_pos=45 consume_time=0.0380470752716 accountid=63
[hades_req] userid=1265 uri=/blacksmith/enhance equipment_pos=package@71 time=2013-04-08_11:30:01.297509 lucky_stone_pos=45 consume_time=0.0252311229706 accountid=63
[hades_req] userid=1265 uri=/blacksmith/enhance equipment_pos=package@71 time=2013-04-08_11:30:02.667601 lucky_stone_pos=45 consume_time=0.0280640125275 accountid=63
[hades_req] userid=1265 uri=/blacksmith/enhance equipment_pos=package@71 time=2013-04-08_11:30:03.698278 lucky_stone_pos=45 consume_time=0.0415849685669 accountid=63
[hades_req] userid=1265 uri=/blacksmith/enhance equipment_pos=package@71 time=2013-04-08_11:30:04.527619 lucky_stone_pos=45 consume_time=0.0370099544525 accountid=63
[hades_req] consume_time=0.0049991607666 uri=/admin/leave time=2013-04-08_11:30:05.332480
[hades_req] userid=1317 uri=/account/choose_player player=1317_柏莎 time=2013-04-08_11:30:31.786856 consume_time=0.00992512702942 accountid=20
[hades_req] userid=1317 uri=/admin/enter mapname=city gsid=city@1 time=2013-04-08_11:30:40.980456 consume_time=0.00690197944641
[hades_req] consume_time=0.00486016273499 uri=/admin/leave time=2013-04-08_11:31:01.265332
[hades_req] userid=0 uri=/account/temp_login form_password=123456 time=2013-04-08_11:31:29.926517 form_email=test@test.com consume_time=0.00653314590454 accountid=0
[hades_req] userid=1317 uri=/account/choose_player player=1317_柏莎 time=2013-04-08_11:32:01.552281 consume_time=0.0124921798706 accountid=20
[hades_req] userid=1317 uri=/admin/enter mapname=city gsid=city@1 time=2013-04-08_11:32:10.662402 consume_time=0.00821614265442
[hades_req] userid=1318 uri=/account/choose_player player=1318_琳达 time=2013-04-08_11:32:13.620118 consume_time=0.0122380256653 accountid=87
[hades_req] userid=1318 uri=/admin/enter mapname=city gsid=city@1 time=2013-04-08_11:32:15.929307 consume_time=0.00492095947266
[hades_req] userid=1318 target_id=1317 uri=/friend/friend_request time=2013-04-08_11:32:22.009748 consume_time=0.0158059597015 accountid=87
[hades_req] target_id=1318 userid=1317 uri=/friend/accept_friend_request time=2013-04-08_11:32:24.812891 consume_time=0.0252830982208 accountid=20
[hades_req] target_id=1318 userid=1317 uri=/friend/delete_friend time=2013-04-08_11:32:30.948155 consume_time=0.0215730667114 accountid=20
[hades_req] userid=1317 uri=/msg/read time=2013-04-08_11:32:55.513096 consume_time=0.00667786598206 msgkey=0@1365350400.76 accountid=20
[hades_req] userid=1317 uri=/msg/loads_attachment time=2013-04-08_11:32:58.406570 consume_time=0.00779604911804 msgkey=0@1365350400.76 accountid=20
[hades_req] userid=1318 target_id=1317 uri=/friend/friend_request time=2013-04-08_11:32:59.835405 consume_time=0.00404191017151 accountid=87
[hades_req] target_id=1318 userid=1317 uri=/friend/accept_friend_request time=2013-04-08_11:33:02.443077 consume_time=0.0309951305389 accountid=20
[hades_req] userid=1318 target_id=1317 uri=/friend/delete_friend time=2013-04-08_11:33:37.099048 consume_time=0.0118901729584 accountid=87
[hades_req] userid=1318 target_id=1317 uri=/friend/friend_request time=2013-04-08_11:33:54.997122 consume_time=0.0250201225281 accountid=87
[hades_req] target_id=1318 userid=1317 uri=/friend/accept_friend_request time=2013-04-08_11:33:57.509500 consume_time=0.0253250598907 accountid=20
[hades_req] consume_time=0.00441002845764 uri=/admin/leave time=2013-04-08_11:34:24.823684
[hades_req] userid=0 uri=/account/temp_login form_password=123456 time=2013-04-08_11:34:37.621635 form_email=test@test.com consume_time=0.00602006912231 accountid=0
[hades_req] userid=1317 uri=/account/choose_player player=1317_柏莎 time=2013-04-08_11:35:09.362875 consume_time=0.0161640644073 accountid=20
[hades_req] userid=1317 uri=/admin/enter mapname=city gsid=city@1 time=2013-04-08_11:35:18.439746 consume_time=0.00612187385559
[hades_req] user_login=登录 uri=/account/temp_login form_password=13524887981hf time=2013-04-08_11:36:27.501032 form_email=183709629@qq.com consume_time=0.00597500801086
[hades_req] userid=611 uri=/account/choose_player player=611_尤金 time=2013-04-08_11:36:45.826526 consume_time=0.0113821029663 accountid=24
[hades_req] userid=611 uri=/admin/enter mapname=city gsid=city@1 time=2013-04-08_11:36:48.417864 consume_time=0.010064125061
[hades_req] userid=611 uri=/msg/loads_attachment time=2013-04-08_11:37:03.675851 consume_time=0.0141930580139 msgkey=0@1365335234.3,0@1365335233.88,0@1365335233.45,0@1365335233.11,0@1365335232.73,0@1365335232.38,0@1365335232.0 accountid=24
[hades_req] userid=611 uri=/package/sort time=2013-04-08_11:37:26.495878 consume_time=0.00440883636475 accountid=24
[hades_req] userid=611 uri=/blacksmith/mosaic stone_pos=8@slot0 time=2013-04-08_11:38:06.699109 mosaic_item=equiped@legs consume_time=0.0104761123657 accountid=24
[hades_req] userid=611 uri=/blacksmith/mosaic stone_pos=10@slot0 time=2013-04-08_11:38:19.055842 mosaic_item=equiped@left_hand consume_time=0.0103068351746 accountid=24
[hades_req] userid=611 uri=/blacksmith/mosaic stone_pos=12@slot0 time=2013-04-08_11:38:28.287629 mosaic_item=equiped@gloves consume_time=0.00913500785828 accountid=24
[hades_req] userid=611 uri=/blacksmith/mosaic stone_pos=-1@slot3 time=2013-04-08_11:38:44.604478 mosaic_item=equiped@right_hand consume_time=0.010822057724 accountid=24
[hades_req] userid=611 uri=/blacksmith/mosaic stone_pos=15@slot3 time=2013-04-08_11:38:47.353262 mosaic_item=equiped@right_hand consume_time=0.0109112262726 accountid=24
[hades_req] combine_id=4077 userid=611 uri=/blacksmith/combine time=2013-04-08_11:38:55.476965 consume_time=0.0108368396759 should_by_buy=0 accountid=24
[hades_req] userid=611 uri=/blacksmith/mosaic stone_pos=15@slot0 time=2013-04-08_11:39:18.224233 mosaic_item=equiped@head consume_time=0.00980997085571 accountid=24
[hades_req] userid=611 uri=/blacksmith/mosaic stone_pos=17@slot0 time=2013-04-08_11:39:34.952376 mosaic_item=equiped@body consume_time=0.0105581283569 accountid=24
[hades_req] userid=611 uri=/blacksmith/mosaic stone_pos=12@slot0 time=2013-04-08_11:39:40.369105 mosaic_item=equiped@shoes consume_time=0.00936102867126 accountid=24
[hades_req] userid=611 uri=/blacksmith/mosaic stone_pos=17@slot0 time=2013-04-08_11:40:06.570807 mosaic_item=equiped@shoulders consume_time=0.0109839439392 accountid=24
[hades_req] userid=611 uri=/scene/enter_tavern time=2013-04-08_11:40:12.756234 consume_time=0.00923204421997 type=jjc accountid=24
[hades_req] consume_time=0.00729393959045 uri=/admin/leave time=2013-04-08_11:40:12.963730
[hades_req] userid=611 uri=/admin/enter mapname=jiuguanshinei gsid=jiuguanshinei@99 time=2013-04-08_11:40:15.300763 consume_time=0.00745296478271
[hades_req] target=jjc_0 userid=611 uri=/team/join_to_queue time=2013-04-08_11:40:44.625557 consume_time=0.0110809803009 accountid=24
[hades_req] repeat_time=1 userid=1265 uri=/instance/start_clean_instance instance_id=10403901 time=2013-04-08_11:41:10.200182 consume_time=0.00389003753662 accountid=63
[hades_req] skip_time=1 userid=1265 uri=/instance/end_clean_instance time=2013-04-08_11:41:14.417660 consume_time=0.037770986557 accountid=63
[hades_req] userid=611 uri=/team/leave_queue time=2013-04-08_11:41:21.937648 consume_time=0.00412487983704 accountid=24
[hades_req] target=jjc_0 userid=611 uri=/team/join_to_queue time=2013-04-08_11:41:41.586600 consume_time=0.00965785980225 accountid=24
[hades_req] userid=611 uri=/scene/back_to_city time=2013-04-08_11:41:45.931318 consume_time=0.0131199359894 accountid=24
[hades_req] consume_time=0.00445008277893 uri=/admin/leave time=2013-04-08_11:41:46.163311
[hades_req] userid=611 uri=/admin/enter mapname=city gsid=city@1 time=2013-04-08_11:41:48.386914 consume_time=0.00583910942078
[hades_req] userid=611 uri=/scene/enter_tavern time=2013-04-08_11:41:59.784331 consume_time=0.00776600837708 type=instance accountid=24
[hades_req] consume_time=0.00445294380188 uri=/admin/leave time=2013-04-08_11:41:59.989872
[hades_req] userid=611 uri=/admin/enter mapname=jiuguanshinei gsid=jiuguanshinei@98 time=2013-04-08_11:42:01.881851 consume_time=0.00744915008545
[hades_req] items=material@6002@99 userid=1317 uri=/trade/store/multi_buy time=2013-04-08_11:42:05.239608 consume_time=0.00551295280457 accountid=20
[hades_req] userid=611 uri=/scene/back_to_city time=2013-04-08_11:42:05.377786 consume_time=0.0151278972626 accountid=24
[hades_req] consume_time=0.00462985038757 uri=/admin/leave time=2013-04-08_11:42:05.643061
[hades_req] userid=611 uri=/admin/enter mapname=city gsid=city@1 time=2013-04-08_11:42:07.804625 consume_time=0.00736594200134
[hades_req] userid=1265 uri=/trade/store/sell time=2013-04-08_11:42:16.088263 position=51 consume_time=0.00888895988464 accountid=63
[hades_req] ruler=dan02-huoshan1.xml userid=611 uri=/scene/jump_to_quest_location time=2013-04-08_11:42:24.217119 map_name=huoshan1 consume_time=0.0523891448975 accountid=24
[hades_req] consume_time=0.00520706176758 uri=/admin/leave time=2013-04-08_11:42:24.461800
[hades_req] userid=611 uri=/admin/enter mapname=huoshan1 gsid=huoshan1@1 time=2013-04-08_11:42:28.375385 consume_time=0.00708293914795
[hades_req] userid=1317 uri=/blacksmith/wash time=2013-04-08_11:42:29.961065 consume_time=0.0172379016876 wash_item=equiped@right_hand accountid=20
[hades_req] userid=1265 uri=/trade/store/sell time=2013-04-08_11:42:32.802968 position=64 consume_time=0.00826907157898 accountid=63
[hades_req] userid=1265 uri=/trade/store/sell time=2013-04-08_11:42:35.786055 position=65 consume_time=0.00781917572021 accountid=63
[hades_req] userid=1265 uri=/blacksmith/separate item=package@68,package@70,package@71,package@72 time=2013-04-08_11:43:06.676296 consume_time=0.0346381664276 accountid=63
[hades_req] userid=1265 uri=/maze/reset time=2013-04-08_11:43:37.398234 consume_time=0.00772404670715 accountid=63
[hades_req] time=2013-04-08_11:43:40.136202 userid=1265 uri=/maze/goto_maze is_continue=false consume_time=0.0576870441437 accountid=63
[hades_req] consume_time=0.00401711463928 uri=/admin/leave time=2013-04-08_11:43:40.509038
[hades_req] userid=1265 uri=/admin/enter mapname=migong gsid=migong@1 time=2013-04-08_11:43:44.355519 consume_time=0.00766706466675
[hades_req] userid=611 uri=/scene/back_to_city time=2013-04-08_11:43:53.012001 consume_time=0.0151720046997 accountid=24
[hades_req] consume_time=0.00417900085449 uri=/admin/leave time=2013-04-08_11:43:53.217036
[hades_req] userid=611 uri=/admin/enter mapname=city gsid=city@1 time=2013-04-08_11:43:55.362930 consume_time=0.0065610408783
[hades_req] ruler=migong userid=1265 uri=/scene/jump_to_quest_location time=2013-04-08_11:44:15.441349 map_name=migong consume_time=0.0178079605103 accountid=63
[hades_req] consume_time=0.00473999977112 uri=/admin/leave time=2013-04-08_11:44:15.804188
[hades_req] userid=1265 uri=/admin/enter mapname=migong gsid=migong@1 time=2013-04-08_11:44:17.470314 consume_time=0.00744986534119
[hades_req] ruler=dan03-huoshan1.xml userid=611 uri=/scene/jump_to_quest_location time=2013-04-08_11:44:38.179969 map_name=huoshan1 consume_time=0.0557060241699 accountid=24
[hades_req] consume_time=0.00430417060852 uri=/admin/leave time=2013-04-08_11:44:38.415624
[hades_req] userid=611 uri=/admin/enter mapname=huoshan1 gsid=huoshan1@2 time=2013-04-08_11:44:42.561701 consume_time=0.00734901428223
[hades_req] ruler=migong userid=1265 uri=/scene/jump_to_quest_location time=2013-04-08_11:44:57.524475 map_name=migong consume_time=0.0206089019775 accountid=63
[hades_req] consume_time=0.00457978248596 uri=/admin/leave time=2013-04-08_11:44:57.839622
[hades_req] userid=1265 uri=/admin/enter mapname=migong gsid=migong@1 time=2013-04-08_11:44:59.491326 consume_time=0.0135359764099
[hades_req] userid=611 uri=/scene/back_to_city time=2013-04-08_11:45:41.142620 consume_time=0.0160419940948 accountid=24
[hades_req] consume_time=0.00492095947266 uri=/admin/leave time=2013-04-08_11:45:41.368847
[hades_req] userid=611 uri=/admin/enter mapname=city gsid=city@1 time=2013-04-08_11:45:43.495617 consume_time=0.00814509391785
[hades_req] ruler=migong userid=1265 uri=/scene/jump_to_quest_location time=2013-04-08_11:45:54.009116 map_name=migong consume_time=0.0209548473358 accountid=63
[hades_req] consume_time=0.00429606437683 uri=/admin/leave time=2013-04-08_11:45:54.380546
[hades_req] userid=1265 uri=/admin/enter mapname=migong gsid=migong@1 time=2013-04-08_11:45:56.035331 consume_time=0.00662207603455
[hades_req] userid=611 uri=/scene/enter_tavern time=2013-04-08_11:46:21.882716 consume_time=0.0100598335266 type=instance accountid=24
[hades_req] consume_time=0.00397300720215 uri=/admin/leave time=2013-04-08_11:46:22.167516
[hades_req] userid=611 uri=/admin/enter mapname=jiuguanshinei gsid=jiuguanshinei@98 time=2013-04-08_11:46:24.050296 consume_time=0.00743198394775
[hades_req] user_login=登录 uri=/account/temp_login form_password=000000 time=2013-04-08_11:46:34.744898 form_email=superjjmm@hotmail.com consume_time=0.0060760974884
[hades_req] userid=1093 uri=/account/choose_player player=1093_卢修斯 time=2013-04-08_11:47:04.552306 consume_time=0.0114300251007 accountid=6
[hades_req] userid=1093 uri=/admin/enter mapname=city gsid=city@1 time=2013-04-08_11:47:07.230138 consume_time=0.012825012207
[hades_req] userid=611 uri=/scene/back_to_city time=2013-04-08_11:47:16.826670 consume_time=0.02086186409 accountid=24
[hades_req] consume_time=0.00548386573792 uri=/admin/leave time=2013-04-08_11:47:17.091355
[hades_req] userid=611 uri=/admin/enter mapname=city gsid=city@1 time=2013-04-08_11:47:19.381763 consume_time=0.00742983818054
[hades_req] ruler=migong userid=1265 uri=/scene/jump_to_quest_location time=2013-04-08_11:47:41.909026 map_name=migong consume_time=0.0213589668274 accountid=63
[hades_req] consume_time=0.00418496131897 uri=/admin/leave time=2013-04-08_11:47:42.263014
[hades_req] userid=1265 uri=/admin/enter mapname=migong gsid=migong@1 time=2013-04-08_11:47:43.938502 consume_time=0.00770306587219
[hades_req] techid=9 userid=611 uri=/technology/upgrade time=2013-04-08_11:47:55.641433 consume_time=0.0165438652039 accountid=24
[hades_req] techid=1 userid=611 uri=/technology/upgrade time=2013-04-08_11:47:57.582934 consume_time=0.0159091949463 accountid=24
[hades_req] techid=1 userid=611 uri=/technology/upgrade time=2013-04-08_11:47:58.545321 consume_time=0.0145509243011 accountid=24
[hades_req] techid=1 userid=611 uri=/technology/upgrade time=2013-04-08_11:47:58.912141 consume_time=0.0146548748016 accountid=24
[hades_req] techid=1 userid=611 uri=/technology/upgrade time=2013-04-08_11:47:59.502525 consume_time=0.0183601379395 accountid=24
[hades_req] techid=1 userid=611 uri=/technology/upgrade time=2013-04-08_11:48:00.064926 consume_time=0.0162510871887 accountid=24
[hades_req] techid=1 userid=611 uri=/technology/upgrade time=2013-04-08_11:48:00.602093 consume_time=0.0143249034882 accountid=24
[hades_req] techid=1 userid=611 uri=/technology/upgrade time=2013-04-08_11:48:01.201998 consume_time=0.015233039856 accountid=24
[hades_req] techid=1 userid=611 uri=/technology/upgrade time=2013-04-08_11:48:01.676869 consume_time=0.0151860713959 accountid=24
[hades_req] techid=1 userid=611 uri=/technology/upgrade time=2013-04-08_11:48:02.139093 consume_time=0.012521982193 accountid=24
[hades_req] userid=611 uri=/scene/enter_tavern time=2013-04-08_11:48:58.781134 consume_time=0.00973010063171 type=jjc accountid=24
[hades_req] consume_time=0.00462889671326 uri=/admin/leave time=2013-04-08_11:48:59.004239
[hades_req] userid=611 uri=/admin/enter mapname=jiuguanshinei gsid=jiuguanshinei@99 time=2013-04-08_11:49:01.105903 consume_time=0.00704598426819
[hades_req] consume_time=0.00481796264648 uri=/admin/leave time=2013-04-08_11:49:04.422945
[hades_req] consume_time=0.00545597076416 uri=/admin/leave time=2013-04-08_11:49:13.781411
[hades_req] userid=1317 uri=/account/choose_player player=1317_柏莎 time=2013-04-08_11:49:19.747307 consume_time=0.0117468833923 accountid=20
[hades_req] userid=1317 uri=/admin/enter mapname=city gsid=city@1 time=2013-04-08_11:49:21.676436 consume_time=0.00835514068604
[hades_req] consume_time=0.00397896766663 uri=/admin/leave time=2013-04-08_11:49:31.425271
[hades_req] ruler=city+CityRuler userid=1265 uri=/scene/jump_to_quest_location time=2013-04-08_11:49:49.022828 map_name=city consume_time=0.0117340087891 accountid=63
[hades_req] consume_time=0.00541305541992 uri=/admin/leave time=2013-04-08_11:49:49.411110
[hades_req] userid=1265 uri=/admin/enter mapname=city gsid=city@1 time=2013-04-08_11:49:51.513145 consume_time=0.00598001480103
[hades_req] user_login=登录 uri=/account/temp_login form_password=13524887981hf time=2013-04-08_11:50:00.587377 form_email=183709629@qq.com consume_time=0.00613808631897
[hades_req] userid=1317 uri=/account/choose_player player=1317_柏莎 time=2013-04-08_11:50:07.376824 consume_time=0.0130760669708 accountid=20
[hades_req] userid=1317 uri=/admin/enter mapname=city gsid=city@1 time=2013-04-08_11:50:09.539599 consume_time=0.00711393356323
[hades_req] consume_time=0.00448799133301 uri=/admin/leave time=2013-04-08_11:50:14.585627
[hades_req] userid=619 uri=/account/choose_player player=619_埃玛 time=2013-04-08_11:50:21.874416 consume_time=0.014368057251 accountid=24
[hades_req] userid=619 uri=/admin/enter mapname=city gsid=city@1 time=2013-04-08_11:50:24.929389 consume_time=0.0120859146118
[hades_req] userid=1317 uri=/account/choose_player player=1317_柏莎 time=2013-04-08_11:50:56.198805 consume_time=0.0110700130463 accountid=20
[hades_req] userid=1317 uri=/admin/enter mapname=city gsid=city@1 time=2013-04-08_11:50:58.297154 consume_time=0.0071759223938
[hades_req] count=1 sale_id=1400131 userid=1317 uri=/trade/market/buy time=2013-04-08_11:51:12.747574 consume_time=0.00683307647705 payment=attr6 accountid=20
[hades_req] ruler=dan01-huoshan4.xml userid=619 uri=/scene/jump_to_quest_location time=2013-04-08_11:51:13.737834 map_name=huoshan4 consume_time=0.0545041561127 accountid=24
[hades_req] consume_time=0.00468897819519 uri=/admin/leave time=2013-04-08_11:51:13.953746
[hades_req] userid=619 uri=/admin/enter mapname=huoshan4 gsid=huoshan4@1 time=2013-04-08_11:51:18.632203 consume_time=0.00891709327698
[hades_req] consume_time=0.00468897819519 uri=/admin/leave time=2013-04-08_11:51:34.050308
[hades_req] count=1 sale_id=1400131 userid=1317 uri=/trade/market/buy time=2013-04-08_11:51:43.172202 consume_time=0.0065610408783 payment=token accountid=20
[hades_req] user_login=登录 uri=/account/temp_login form_password=13524887981hf time=2013-04-08_11:51:43.886273 form_email=183709629@qq.com consume_time=0.00539684295654
[hades_req] userid=1093 uri=/scene/enter_tavern time=2013-04-08_11:51:58.291339 consume_time=0.00995683670044 type=jjc accountid=6
[hades_req] consume_time=0.00482702255249 uri=/admin/leave time=2013-04-08_11:51:58.648098
[hades_req] userid=1093 uri=/admin/enter mapname=jiuguanshinei gsid=jiuguanshinei@99 time=2013-04-08_11:52:01.067201 consume_time=0.00724577903748
[hades_req] userid=1093 uri=/scene/back_to_city time=2013-04-08_11:52:06.165041 consume_time=0.014652967453 accountid=6
[hades_req] consume_time=0.0052969455719 uri=/admin/leave time=2013-04-08_11:52:06.548119
[hades_req] userid=1093 uri=/admin/enter mapname=city gsid=city@1 time=2013-04-08_11:52:08.605039 consume_time=0.00771188735962
[hades_req] userid=1093 uri=/msg/read time=2013-04-08_11:52:18.520813 consume_time=0.00653600692749 msgkey=0@1365350400.74 accountid=6
[hades_req] userid=1093 uri=/msg/loads_attachment time=2013-04-08_11:52:20.149298 consume_time=0.0204432010651 msgkey=0@1365350400.74 accountid=6
[hades_req] userid=1093 uri=/msg/read time=2013-04-08_11:52:23.918462 consume_time=0.00740790367126 msgkey=0@1365264000.31 accountid=6
[hades_req] userid=1093 uri=/msg/loads_attachment time=2013-04-08_11:52:24.859484 consume_time=0.0150828361511 msgkey=0@1365264000.31 accountid=6
[hades_req] userid=1318 target_id=1317 uri=/friend/delete_friend time=2013-04-08_11:52:25.163664 consume_time=0.0164880752563 accountid=87
[hades_req] userid=1093 uri=/msg/read time=2013-04-08_11:52:27.637905 consume_time=0.00809097290039 msgkey=0@1365177600.4 accountid=6
[hades_req] userid=1093 uri=/msg/loads_attachment time=2013-04-08_11:52:28.689616 consume_time=0.00982284545898 msgkey=0@1365177600.4 accountid=6
[hades_req] userid=1318 target_id=1317 uri=/friend/friend_request time=2013-04-08_11:52:30.994879 consume_time=0.0195169448853 accountid=87
[hades_req] target_id=1318 userid=1317 uri=/friend/accept_friend_request time=2013-04-08_11:52:33.740802 consume_time=0.0228469371796 accountid=20
[hades_req] user_login=登录 uri=/account/temp_login form_password=13524887981hf time=2013-04-08_11:52:36.664804 form_email=183709629@qq.com consume_time=0.00601315498352
[hades_req] userid=1093 uri=/scene/enter_tavern time=2013-04-08_11:52:57.340796 consume_time=0.00837302207947 type=instance accountid=6
[hades_req] consume_time=0.00438284873962 uri=/admin/leave time=2013-04-08_11:52:57.715280
[hades_req] userid=1093 uri=/admin/enter mapname=jiuguanshinei gsid=jiuguanshinei@98 time=2013-04-08_11:52:59.509595 consume_time=0.00728297233582
[hades_req] userid=1093 uri=/scene/back_to_city time=2013-04-08_11:53:03.449838 consume_time=0.0167238712311 accountid=6
[hades_req] consume_time=0.00416707992554 uri=/admin/leave time=2013-04-08_11:53:03.837572
[hades_req] package_pos=9 userid=1317 uri=/package/unpack_bundle time=2013-04-08_11:53:05.114547 consume_time=0.00942397117615 accountid=20
[hades_req] userid=1093 uri=/admin/enter mapname=city gsid=city@1 time=2013-04-08_11:53:05.868127 consume_time=0.00973391532898
[hades_req] userid=607 uri=/account/choose_player player=607_麦克亚当 time=2013-04-08_11:53:12.677931 consume_time=0.0112190246582 accountid=24
[hades_req] userid=607 uri=/admin/enter mapname=city gsid=city@1 time=2013-04-08_11:53:15.818433 consume_time=0.0134561061859
[hades_req] userid=1093 uri=/scene/enter_tavern time=2013-04-08_11:53:26.505305 consume_time=0.00789308547974 type=jjc accountid=6
[hades_req] consume_time=0.00496697425842 uri=/admin/leave time=2013-04-08_11:53:26.789444
[hades_req] userid=1093 uri=/admin/enter mapname=jiuguanshinei gsid=jiuguanshinei@99 time=2013-04-08_11:53:28.644901 consume_time=0.00746512413025
[hades_req] userid=1093 uri=/scene/back_to_city time=2013-04-08_11:53:32.230637 consume_time=0.0139229297638 accountid=6
[hades_req] consume_time=0.00465202331543 uri=/admin/leave time=2013-04-08_11:53:32.603622
[hades_req] userid=607 uri=/msg/read time=2013-04-08_11:53:33.707956 consume_time=0.00671291351318 msgkey=0@1365350400.71 accountid=24
[hades_req] userid=1093 uri=/admin/enter mapname=city gsid=city@1 time=2013-04-08_11:53:34.505353 consume_time=0.00696396827698
[hades_req] userid=607 uri=/msg/loads_attachment time=2013-04-08_11:53:35.229110 consume_time=0.010027885437 msgkey=0@1365350400.71 accountid=24
[hades_req] ruler=dan02-huoshan1.xml userid=607 uri=/scene/jump_to_quest_location time=2013-04-08_11:53:38.587170 map_name=huoshan1 consume_time=0.0610718727112 accountid=24
[hades_req] consume_time=0.00490188598633 uri=/admin/leave time=2013-04-08_11:53:38.758795
[hades_req] userid=607 uri=/admin/enter mapname=huoshan1 gsid=huoshan1@1 time=2013-04-08_11:53:43.487548 consume_time=0.00819087028503
[hades_req] userid=1093 uri=/scene/enter_tavern time=2013-04-08_11:53:55.622564 consume_time=0.00823497772217 type=instance accountid=6
[hades_req] consume_time=0.00467109680176 uri=/admin/leave time=2013-04-08_11:53:55.968859
[hades_req] userid=1093 uri=/admin/enter mapname=jiuguanshinei gsid=jiuguanshinei@98 time=2013-04-08_11:53:57.659697 consume_time=0.00753092765808
[hades_req] userid=1317 uri=/package/sort time=2013-04-08_11:54:10.171142 consume_time=0.00524997711182 accountid=20
[hades_req] userid=1093 uri=/scene/back_to_city time=2013-04-08_11:54:15.558805 consume_time=0.0170569419861 accountid=6
[hades_req] consume_time=0.0048291683197 uri=/admin/leave time=2013-04-08_11:54:15.907502
[hades_req] userid=1093 uri=/admin/enter mapname=city gsid=city@1 time=2013-04-08_11:54:17.887219 consume_time=0.00647497177124
[hades_req] userid=607 uri=/scene/back_to_city time=2013-04-08_11:54:32.025062 consume_time=0.0174190998077 accountid=24
[hades_req] consume_time=0.00388216972351 uri=/admin/leave time=2013-04-08_11:54:32.237212
[hades_req] userid=1317 uri=/blacksmith/separate item=package@27,package@28,package@29,package@30,package@34,package@33,package@32,package@31 time=2013-04-08_11:54:33.597561 consume_time=0.0398700237274 accountid=20
[hades_req] userid=607 uri=/admin/enter mapname=city gsid=city@1 time=2013-04-08_11:54:34.701379 consume_time=0.00761103630066
[hades_req] consume_time=0.005863904953 uri=/admin/leave time=2013-04-08_11:54:53.225244
[hades_req] ruler=dan03-huoshan1.xml userid=607 uri=/scene/jump_to_quest_location time=2013-04-08_11:55:04.966062 map_name=huoshan1 consume_time=0.060534954071 accountid=24
[hades_req] consume_time=0.00471711158752 uri=/admin/leave time=2013-04-08_11:55:05.230061
[hades_req] userid=607 uri=/admin/enter mapname=huoshan1 gsid=huoshan1@2 time=2013-04-08_11:55:09.494260 consume_time=0.00881195068359
[hades_req] userid=0 uri=/account/temp_login form_password=123456 time=2013-04-08_11:55:24.057283 form_email=test@test.com consume_time=0.00715112686157 accountid=0
[hades_req] userid=607 uri=/scene/back_to_city time=2013-04-08_11:55:45.319445 consume_time=0.0158541202545 accountid=24
[hades_req] consume_time=0.00472402572632 uri=/admin/leave time=2013-04-08_11:55:45.574176
[hades_req] userid=607 uri=/admin/enter mapname=city gsid=city@1 time=2013-04-08_11:55:47.899383 consume_time=0.00611710548401
[hades_req] userid=1317 uri=/account/choose_player player=1317_柏莎 time=2013-04-08_11:56:06.660370 consume_time=0.0105359554291 accountid=20
[hades_req] userid=1317 uri=/admin/enter mapname=city gsid=city@1 time=2013-04-08_11:56:15.885652 consume_time=0.00746607780457
[hades_req] userid=607 uri=/blacksmith/enhance equipment_pos=equiped@head time=2013-04-08_11:56:30.779383 lucky_stone_pos=15 consume_time=0.0401890277863 accountid=24
[hades_req] userid=607 uri=/blacksmith/enhance equipment_pos=equiped@head time=2013-04-08_11:56:31.387999 lucky_stone_pos=15 consume_time=0.0326957702637 accountid=24
[hades_req] userid=607 uri=/blacksmith/enhance equipment_pos=equiped@head time=2013-04-08_11:56:31.821028 lucky_stone_pos=15 consume_time=0.0314028263092 accountid=24
[hades_req] userid=607 uri=/blacksmith/enhance equipment_pos=equiped@head time=2013-04-08_11:56:32.394099 lucky_stone_pos=15 consume_time=0.0236709117889 accountid=24
[hades_req] userid=607 uri=/blacksmith/enhance equipment_pos=equiped@head time=2013-04-08_11:56:32.835389 lucky_stone_pos=15 consume_time=0.0294971466064 accountid=24
[hades_req] userid=607 uri=/blacksmith/enhance equipment_pos=equiped@head time=2013-04-08_11:56:33.379658 lucky_stone_pos=15 consume_time=0.0242149829865 accountid=24
[hades_req] userid=607 uri=/blacksmith/enhance equipment_pos=equiped@head time=2013-04-08_11:56:33.803282 lucky_stone_pos=15 consume_time=0.0301909446716 accountid=24
[hades_req] userid=607 uri=/blacksmith/enhance equipment_pos=equiped@head time=2013-04-08_11:56:34.386677 lucky_stone_pos=15 consume_time=0.0312161445618 accountid=24
[hades_req] userid=607 uri=/blacksmith/enhance equipment_pos=equiped@head time=2013-04-08_11:56:34.963456 lucky_stone_pos=15 consume_time=0.0240030288696 accountid=24
[hades_req] userid=607 uri=/blacksmith/enhance equipment_pos=equiped@head time=2013-04-08_11:56:35.431341 lucky_stone_pos=15 consume_time=0.0261359214783 accountid=24
[hades_req] userid=607 uri=/blacksmith/enhance equipment_pos=equiped@head time=2013-04-08_11:56:36.013684 lucky_stone_pos=15 consume_time=0.0239450931549 accountid=24
[hades_req] userid=607 uri=/blacksmith/enhance equipment_pos=equiped@head time=2013-04-08_11:56:36.655739 lucky_stone_pos=15 consume_time=0.0334630012512 accountid=24
[hades_req] userid=607 uri=/blacksmith/enhance equipment_pos=equiped@head time=2013-04-08_11:56:37.179645 lucky_stone_pos=15 consume_time=0.0250918865204 accountid=24
[hades_req] userid=607 uri=/blacksmith/enhance equipment_pos=equiped@head time=2013-04-08_11:56:37.871527 lucky_stone_pos=15 consume_time=0.0325930118561 accountid=24
[hades_req] userid=607 uri=/blacksmith/enhance equipment_pos=equiped@head time=2013-04-08_11:56:38.448062 lucky_stone_pos=15 consume_time=0.0238060951233 accountid=24
[hades_req] userid=607 uri=/blacksmith/enhance equipment_pos=equiped@head time=2013-04-08_11:56:39.054089 lucky_stone_pos=15 consume_time=0.0316321849823 accountid=24
[hades_req] userid=607 uri=/blacksmith/enhance equipment_pos=equiped@head time=2013-04-08_11:56:39.634276 lucky_stone_pos=15 consume_time=0.023334980011 accountid=24
[hades_req] userid=607 uri=/blacksmith/enhance equipment_pos=equiped@head time=2013-04-08_11:56:40.401553 lucky_stone_pos=15 consume_time=0.0239081382751 accountid=24
[hades_req] userid=607 uri=/blacksmith/enhance equipment_pos=equiped@head time=2013-04-08_11:56:40.931887 lucky_stone_pos=15 consume_time=0.0228641033173 accountid=24
[hades_req] userid=607 uri=/blacksmith/enhance equipment_pos=equiped@head time=2013-04-08_11:56:41.463726 lucky_stone_pos=15 consume_time=0.0239078998566 accountid=24
[hades_req] userid=607 uri=/blacksmith/enhance equipment_pos=equiped@head time=2013-04-08_11:56:42.119117 lucky_stone_pos=15 consume_time=0.0295550823212 accountid=24
[hades_req] userid=607 uri=/blacksmith/enhance equipment_pos=equiped@head time=2013-04-08_11:56:42.749154 lucky_stone_pos=15 consume_time=0.0250849723816 accountid=24
[hades_req] userid=607 uri=/blacksmith/enhance equipment_pos=equiped@head time=2013-04-08_11:56:43.347310 lucky_stone_pos=15 consume_time=0.0353000164032 accountid=24
[hades_req] userid=607 uri=/blacksmith/enhance equipment_pos=equiped@head time=2013-04-08_11:56:43.996079 lucky_stone_pos=15 consume_time=0.0238058567047 accountid=24
[hades_req] userid=607 uri=/scene/enter_tavern time=2013-04-08_11:56:51.565657 consume_time=0.010379076004 type=instance accountid=24
[hades_req] consume_time=0.00596499443054 uri=/admin/leave time=2013-04-08_11:56:51.792839
[hades_req] userid=607 uri=/admin/enter mapname=jiuguanshinei gsid=jiuguanshinei@98 time=2013-04-08_11:56:54.056016 consume_time=0.00734996795654
[hades_req] userid=607 uri=/scene/back_to_city time=2013-04-08_11:56:56.553428 consume_time=0.0150599479675 accountid=24
[hades_req] consume_time=0.00470399856567 uri=/admin/leave time=2013-04-08_11:56:56.796252
[hades_req] userid=607 uri=/admin/enter mapname=city gsid=city@1 time=2013-04-08_11:56:59.151459 consume_time=0.00633907318115
[hades_req] techid=8 userid=607 uri=/technology/upgrade time=2013-04-08_11:57:09.071864 consume_time=0.0149390697479 accountid=24
[hades_req] techid=9 userid=607 uri=/technology/upgrade time=2013-04-08_11:57:09.790081 consume_time=0.0157649517059 accountid=24
[hades_req] techid=10 userid=607 uri=/technology/upgrade time=2013-04-08_11:57:10.757811 consume_time=0.017343044281 accountid=24
[hades_req] userid=607 uri=/technology/reset_cd time=2013-04-08_11:57:22.713660 consume_time=0.00625014305115 accountid=24
[hades_req] techid=7 userid=607 uri=/technology/upgrade time=2013-04-08_11:57:25.422353 consume_time=0.0149788856506 accountid=24
[hades_req] techid=7 userid=607 uri=/technology/upgrade time=2013-04-08_11:57:26.659025 consume_time=0.0178320407867 accountid=24
[hades_req] techid=7 userid=607 uri=/technology/upgrade time=2013-04-08_11:57:27.056926 consume_time=0.0153019428253 accountid=24
[hades_req] techid=10 userid=607 uri=/technology/upgrade time=2013-04-08_11:57:27.622907 consume_time=0.0161430835724 accountid=24
[hades_req] techid=9 userid=607 uri=/technology/upgrade time=2013-04-08_11:57:28.574217 consume_time=0.0156559944153 accountid=24
[hades_req] techid=9 userid=607 uri=/technology/upgrade time=2013-04-08_11:57:28.992542 consume_time=0.0160748958588 accountid=24
[hades_req] techid=8 userid=607 uri=/technology/upgrade time=2013-04-08_11:57:29.605981 consume_time=0.0156931877136 accountid=24
[hades_req] techid=8 userid=607 uri=/technology/upgrade time=2013-04-08_11:57:30.057067 consume_time=0.0166530609131 accountid=24
[hades_req] techid=8 userid=607 uri=/technology/upgrade time=2013-04-08_11:57:30.433477 consume_time=0.0183639526367 accountid=24
[hades_req] techid=8 userid=607 uri=/technology/upgrade time=2013-04-08_11:57:30.843043 consume_time=0.0177090167999 accountid=24
[hades_req] techid=8 userid=607 uri=/technology/upgrade time=2013-04-08_11:57:31.289898 consume_time=0.0141589641571 accountid=24
[hades_req] techid=8 userid=607 uri=/technology/upgrade time=2013-04-08_11:57:31.659076 consume_time=0.0164349079132 accountid=24
[hades_req] techid=8 userid=607 uri=/technology/upgrade time=2013-04-08_11:57:32.207474 consume_time=0.0147931575775 accountid=24
[hades_req] techid=8 userid=607 uri=/technology/upgrade time=2013-04-08_11:57:32.723611 consume_time=0.0169179439545 accountid=24
[hades_req] techid=8 userid=607 uri=/technology/upgrade time=2013-04-08_11:57:33.075259 consume_time=0.0161938667297 accountid=24
[hades_req] techid=8 userid=607 uri=/technology/upgrade time=2013-04-08_11:57:33.496565 consume_time=0.020674943924 accountid=24
[hades_req] techid=8 userid=607 uri=/technology/upgrade time=2013-04-08_11:57:33.944806 consume_time=0.0179848670959 accountid=24
[hades_req] techid=8 userid=607 uri=/technology/upgrade time=2013-04-08_11:57:34.362130 consume_time=0.0187151432037 accountid=24
[hades_req] techid=8 userid=607 uri=/technology/upgrade time=2013-04-08_11:57:34.711540 consume_time=0.0169041156769 accountid=24
[hades_req] techid=8 userid=607 uri=/technology/upgrade time=2013-04-08_11:57:35.114103 consume_time=0.0194690227509 accountid=24
[hades_req] techid=8 userid=607 uri=/technology/upgrade time=2013-04-08_11:57:35.513600 consume_time=0.0157279968262 accountid=24
[hades_req] techid=8 userid=607 uri=/technology/upgrade time=2013-04-08_11:57:35.978224 consume_time=0.0188419818878 accountid=24
[hades_req] techid=8 userid=607 uri=/technology/upgrade time=2013-04-08_11:57:36.347197 consume_time=0.0172970294952 accountid=24
[hades_req] techid=9 userid=607 uri=/technology/upgrade time=2013-04-08_11:57:41.874014 consume_time=0.0164811611176 accountid=24
[hades_req] techid=9 userid=607 uri=/technology/upgrade time=2013-04-08_11:57:42.223042 consume_time=0.0150129795074 accountid=24
[hades_req] techid=9 userid=607 uri=/technology/upgrade time=2013-04-08_11:57:42.691366 consume_time=0.0168077945709 accountid=24
[hades_req] userid=607 uri=/technology/reset_cd time=2013-04-08_11:57:46.400905 consume_time=0.00806093215942 accountid=24
[hades_req] userid=607 uri=/blacksmith/enhance equipment_pos=equiped@head time=2013-04-08_11:58:05.214395 lucky_stone_pos=15 consume_time=0.0224959850311 accountid=24
[hades_req] userid=607 uri=/blacksmith/enhance equipment_pos=equiped@head time=2013-04-08_11:58:06.006289 lucky_stone_pos=15 consume_time=0.0317959785461 accountid=24
[hades_req] time=2013-04-08_11:58:29.933379 userid=607 uri=/maze/goto_maze is_continue=true consume_time=0.0542869567871 accountid=24
[hades_req] consume_time=0.00465893745422 uri=/admin/leave time=2013-04-08_11:58:30.137407
[hades_req] userid=607 uri=/admin/enter mapname=migong gsid=migong@1 time=2013-04-08_11:58:34.581298 consume_time=0.0069899559021
[hades_req] ruler=migong userid=607 uri=/scene/jump_to_quest_location time=2013-04-08_11:59:22.161588 map_name=migong consume_time=0.0149250030518 accountid=24
[hades_req] consume_time=0.00436401367188 uri=/admin/leave time=2013-04-08_11:59:22.389678
[hades_req] userid=607 uri=/admin/enter mapname=migong gsid=migong@1 time=2013-04-08_11:59:24.135939 consume_time=0.00821304321289
