[hades_req] userid=1318 uri=/account/choose_player player=1318_琳达 time=2013-04-08_10:26:16.218642 consume_time=0.0101430416107 accountid=87
[hades_req] userid=1318 uri=/admin/enter mapname=city gsid=city%401 time=2013-04-08_10:26:18.724060 consume_time=0.010360956192
[hades_req] skip_time=0 userid=1318 uri=/trade/player_store/generate_player_store time=2013-04-08_10:26:21.962910 consume_time=0.0866079330444 accountid=87
[hades_req] count=1 userid=1318 sale_id=1300149 pos=5 uri=/trade/player_store/buy time=2013-04-08_10:26:33.952330 consume_time=0.0119230747223 accountid=87
[hades_req] count=1 userid=1318 sale_id=1300173 pos=2 uri=/trade/player_store/buy time=2013-04-08_10:30:45.266303 consume_time=0.0121619701385 accountid=87
[hades_req] count=1 userid=1318 sale_id=1300137 pos=1 uri=/trade/player_store/buy time=2013-04-08_10:30:57.365347 consume_time=0.0130548477173 accountid=87
[hades_req] count=1 userid=1318 sale_id=13001134 pos=0 uri=/trade/player_store/buy time=2013-04-08_10:31:07.013759 consume_time=0.0124080181122 accountid=87
[hades_req] userid=1318 uri=/msg/read time=2013-04-08_10:31:15.357471 consume_time=0.0059380531311 msgkey=0@1365350400.71 accountid=87
[hades_req] userid=1318 uri=/msg/loads_attachment time=2013-04-08_10:31:16.779234 consume_time=0.00996398925781 msgkey=0@1365350400.71 accountid=87
[hades_req] userid=1318 uri=/reward/reward_by_checkin time=2013-04-08_10:32:04.542771 consume_time=0.00742197036743 accountid=87
[hades_req] userid=1318 uri=/scene/enter_tavern time=2013-04-08_10:37:18.511092 consume_time=0.00997805595398 type=instance accountid=87
[hades_req] consume_time=0.00482988357544 uri=/admin/leave time=2013-04-08_10:37:18.831989
[hades_req] userid=1318 uri=/admin/enter mapname=jiuguanshinei gsid=jiuguanshinei%4098 time=2013-04-08_10:37:21.044125 consume_time=0.00558996200562
[hades_req] userid=1318 uri=/scene/back_to_city time=2013-04-08_10:37:37.016338 consume_time=0.0155098438263 accountid=87
[hades_req] consume_time=0.00426006317139 uri=/admin/leave time=2013-04-08_10:37:37.348492
[hades_req] userid=1318 uri=/admin/enter mapname=city gsid=city%401 time=2013-04-08_10:37:39.317559 consume_time=0.00607085227966
[hades_req] userid=1318 uri=/scene/enter_tavern time=2013-04-08_10:39:38.139545 consume_time=0.00937604904175 type=instance accountid=87
[hades_req] consume_time=0.00460195541382 uri=/admin/leave time=2013-04-08_10:39:38.445673
[hades_req] userid=1318 uri=/admin/enter mapname=jiuguanshinei gsid=jiuguanshinei%4098 time=2013-04-08_10:39:40.178636 consume_time=0.00626587867737
[hades_req] userid=1318 uri=/scene/back_to_city time=2013-04-08_10:40:16.498772 consume_time=0.0177211761475 accountid=87
[hades_req] consume_time=0.00522708892822 uri=/admin/leave time=2013-04-08_10:40:16.810570
[hades_req] userid=1318 uri=/admin/enter mapname=city gsid=city%401 time=2013-04-08_10:40:18.900831 consume_time=0.00522089004517
[hades_req] userid=1318 uri=/scene/enter_tavern time=2013-04-08_10:41:26.843611 consume_time=0.0100419521332 type=instance accountid=87
[hades_req] consume_time=0.00446009635925 uri=/admin/leave time=2013-04-08_10:41:27.186395
[hades_req] userid=1318 uri=/admin/enter mapname=jiuguanshinei gsid=jiuguanshinei@98 time=2013-04-08_10:41:29.121830 consume_time=0.00611019134521
[hades_req] union_name=sss userid=1318 uri=/union/request_join_union time=2013-04-08_10:41:44.122167 consume_time=0.0138869285583 accountid=87
[hades_req] userid=1318 uri=/scene/back_to_city time=2013-04-08_10:41:49.093668 consume_time=0.0136380195618 accountid=87
[hades_req] consume_time=0.00470805168152 uri=/admin/leave time=2013-04-08_10:41:49.409907
[hades_req] userid=1318 uri=/admin/enter mapname=city gsid=city@1 time=2013-04-08_10:41:51.382397 consume_time=0.00559592247009
[hades_req] repeat_time=2 userid=1318 uri=/instance/start_clean_instance instance_id=1 time=2013-04-08_10:42:25.514953 consume_time=0.0045371055603 accountid=87
[hades_req] skip_time=1 userid=1318 uri=/instance/end_clean_maze time=2013-04-08_10:42:34.161980 consume_time=0.0377221107483 accountid=87
[hades_req] userid=1318 uri=/reward/reward_by_gametime time=2013-04-08_10:42:53.335702 consume_time=0.0113418102264 id=1 accountid=87
[hades_req] userid=1318 uri=/reward/reward_by_gametime time=2013-04-08_10:42:55.618577 consume_time=0.0113468170166 id=2 accountid=87
