[hades_req] user_login=登录 uri=/account/temp_login form_password=123456 time=2013-04-03_14:00:02.799262 form_email=majing@111.com consume_time=0.00581192970276
[hades_req] userid=1337 uri=/account/choose_player player=1337_蕾妮 time=2013-04-03_14:00:14.448329 consume_time=0.0112280845642 accountid=25
[hades_req] userid=1337 uri=/admin/enter mapname=city gsid=city%401 time=2013-04-03_14:00:16.928741 consume_time=0.00824213027954
[hades_req] user_login=登录 uri=/account/temp_login form_password=123456 time=2013-04-03_14:00:54.044610 form_email=majing@111.com consume_time=0.00754594802856
[hades_req] userid=1337 uri=/account/choose_player player=1337_蕾妮 time=2013-04-03_14:01:05.388783 consume_time=0.011106967926 accountid=25
[hades_req] userid=1337 uri=/admin/enter mapname=city gsid=city%401 time=2013-04-03_14:01:07.479433 consume_time=0.00713992118835
[hades_req] user_login=登录 uri=/account/temp_login form_password=123456 time=2013-04-03_14:01:26.862988 form_email=majing@111.com consume_time=0.01322889328
[hades_req] userid=1337 uri=/account/choose_player player=1337_蕾妮 time=2013-04-03_14:03:40.517777 consume_time=0.0110747814178 accountid=25
[hades_req] userid=1337 uri=/admin/enter mapname=city gsid=city%401 time=2013-04-03_14:03:42.976049 consume_time=0.00734686851501
[hades_req] userid=1337 uri=/account/choose_player player=1337_蕾妮 time=2013-04-03_14:05:00.911461 consume_time=0.0134308338165 accountid=25
[hades_req] userid=1337 uri=/admin/enter mapname=city gsid=city%401 time=2013-04-03_14:05:02.450533 consume_time=0.0061719417572
[hades_req] userid=0 uri=/account/temp_login form_password=hello2 time=2013-04-03_14:05:35.444305 form_email=hello2@hello2.com consume_time=0.0198659896851 accountid=0
[hades_req] user_login=登录 uri=/account/temp_login form_password=123456 time=2013-04-03_14:05:43.289544 form_email=majing@111.com consume_time=0.00573897361755
[hades_req] userid=1337 uri=/account/choose_player player=1337_蕾妮 time=2013-04-03_14:05:59.483885 consume_time=0.0117259025574 accountid=25
[hades_req] userid=1337 uri=/admin/enter mapname=city gsid=city%401 time=2013-04-03_14:06:01.916127 consume_time=0.0078718662262
[hades_req] userid=1336 uri=/account/choose_player player=1336_杰罗姆 time=2013-04-03_14:06:07.637960 consume_time=0.0161759853363 accountid=92
[hades_req] user_login=登录 uri=/account/temp_login form_password=123456 time=2013-04-03_14:06:08.546115 form_email=majing@111.com consume_time=0.0184710025787
[hades_req] userid=1336 uri=/admin/enter mapname=city gsid=xxx time=2013-04-03_14:06:16.997072 consume_time=0.0029730796814
[hades_req] userid=1088 uri=/account/choose_player player=1088_多拉 time=2013-04-03_14:06:19.659056 consume_time=0.0123889446259 accountid=25
[hades_req] userid=1088 uri=/admin/enter mapname=city gsid=city%401 time=2013-04-03_14:06:24.045233 consume_time=0.0145509243011
[hades_req] ruler=dan41-dilao1.xml userid=1088 uri=/scene/jump_to_quest_location time=2013-04-03_14:08:44.285230 map_name=dilao1 consume_time=0.0608830451965 accountid=25
[hades_req] consume_time=0.00535082817078 uri=/admin/leave time=2013-04-03_14:08:44.543067
[hades_req] userid=1088 uri=/admin/enter mapname=dilao1 gsid=dilao1%401 time=2013-04-03_14:08:47.952375 consume_time=0.0060498714447
[hades_req] userid=1088 uri=/scene/back_to_city time=2013-04-03_14:09:52.096261 consume_time=0.016674041748 accountid=25
[hades_req] consume_time=0.00517082214355 uri=/admin/leave time=2013-04-03_14:09:52.341991
[hades_req] userid=1088 uri=/admin/enter mapname=city gsid=city%401 time=2013-04-03_14:09:54.560234 consume_time=0.00592303276062
[hades_req] ruler=dan42-dilao2.xml userid=1088 uri=/scene/jump_to_quest_location time=2013-04-03_14:10:11.566873 map_name=dilao2 consume_time=0.0561850070953 accountid=25
[hades_req] consume_time=0.00492596626282 uri=/admin/leave time=2013-04-03_14:10:11.829069
[hades_req] userid=1088 uri=/admin/enter mapname=dilao2 gsid=dilao2%401 time=2013-04-03_14:10:15.430972 consume_time=0.00767993927002
[hades_req] delete_user_id=1132 userid=1272 uri=/account/delete_user time=2013-04-03_14:11:38.852388 consume_time=0.0278089046478 accountid=11
[hades_req] delete_user_id=1324 userid=1272 uri=/account/delete_user time=2013-04-03_14:11:44.340460 consume_time=0.0339579582214 accountid=11
[hades_req] accountid=11 camp=1 name=优娜 gender=female idcard=1234345656dfdf userid=1272 uri=/profile/register role=master time=2013-04-03_14:11:53.702722 consume_time=0.0107178688049 account_id=11
[hades_req] userid=1342 uri=/account/choose_player player=1342_优娜 time=2013-04-03_14:11:56.102334 consume_time=0.0119190216064 accountid=11
[hades_req] userid=1342 uri=/admin/enter mapname=city gsid=city%401 time=2013-04-03_14:11:58.895145 consume_time=0.00832009315491
[hades_req] ruler=dan01-huoshan4.xml userid=1342 uri=/scene/jump_to_quest_location time=2013-04-03_14:12:21.102058 map_name=huoshan4 consume_time=0.0579280853271 accountid=11
[hades_req] consume_time=0.00443601608276 uri=/admin/leave time=2013-04-03_14:12:21.273120
[hades_req] userid=1342 uri=/admin/enter mapname=huoshan4 gsid=huoshan4%401 time=2013-04-03_14:12:27.052645 consume_time=0.00725412368774
[hades_req] userid=1342 uri=/scene/back_to_city time=2013-04-03_14:13:04.523752 consume_time=0.0160739421844 accountid=11
[hades_req] consume_time=0.00484395027161 uri=/admin/leave time=2013-04-03_14:13:04.689134
[hades_req] userid=1342 uri=/admin/enter mapname=city gsid=city%401 time=2013-04-03_14:13:06.859606 consume_time=0.00775289535522
[hades_req] userid=0 uri=/account/temp_login form_password=123456 time=2013-04-03_14:13:15.741783 form_email=test@test.com consume_time=0.00624799728394 accountid=0
[hades_req] userid=1342 uri=/account/choose_player player=1342_优娜 time=2013-04-03_14:13:19.785824 consume_time=0.0113499164581 accountid=11
[hades_req] userid=1088 uri=/scene/back_to_city time=2013-04-03_14:13:49.258177 consume_time=0.0167510509491 accountid=25
[hades_req] consume_time=0.00459885597229 uri=/admin/leave time=2013-04-03_14:13:49.510888
[hades_req] userid=1088 uri=/admin/enter mapname=city gsid=city%401 time=2013-04-03_14:13:51.645591 consume_time=0.00772285461426
[hades_req] userid=1088 uri=/exchange/exchange time=2013-04-03_14:14:08.730701 consume_time=0.0138909816742 accountid=25
[hades_req] ruler=dan43-dilao3.xml userid=1088 uri=/scene/jump_to_quest_location time=2013-04-03_14:14:15.960821 map_name=dilao3 consume_time=0.0677418708801 accountid=25
[hades_req] consume_time=0.00473284721375 uri=/admin/leave time=2013-04-03_14:14:16.201701
[hades_req] userid=1088 uri=/admin/enter mapname=dilao3 gsid=dilao3%401 time=2013-04-03_14:14:19.304755 consume_time=0.00727200508118
[hades_req] consume_time=0.00348615646362 uri=/admin/leave time=2013-04-03_14:14:45.439653
[hades_req] userid=1334 uri=/account/choose_player player=1334_克拉彭 time=2013-04-03_14:16:09.895048 consume_time=0.0124771595001 accountid=20
[hades_req] userid=1088 uri=/scene/back_to_city time=2013-04-03_14:16:13.332877 consume_time=0.0162129402161 accountid=25
[hades_req] consume_time=0.0040078163147 uri=/admin/leave time=2013-04-03_14:16:13.557162
[hades_req] userid=1088 uri=/admin/enter mapname=city gsid=city%401 time=2013-04-03_14:16:15.674055 consume_time=0.0072169303894
[hades_req] userid=1334 uri=/admin/enter mapname=city gsid=city%401 time=2013-04-03_14:16:19.004521 consume_time=0.00750017166138
[hades_req] ruler=dan44-dilao4.xml userid=1088 uri=/scene/jump_to_quest_location time=2013-04-03_14:16:32.718987 map_name=dilao4 consume_time=0.0574040412903 accountid=25
[hades_req] consume_time=0.00442004203796 uri=/admin/leave time=2013-04-03_14:16:32.981525
[hades_req] userid=1088 uri=/admin/enter mapname=dilao4 gsid=dilao4%401 time=2013-04-03_14:16:37.075709 consume_time=0.0110950469971
[hades_req] consume_time=0.00505089759827 uri=/admin/leave time=2013-04-03_14:20:56.120893
[hades_req] user_login=登录 uri=/account/temp_login form_password=123456 time=2013-04-03_14:20:57.953385 form_email=majing@111.com consume_time=0.00631284713745
[hades_req] userid=1088 uri=/account/choose_player player=1088_多拉 time=2013-04-03_14:21:17.060764 consume_time=0.0131800174713 accountid=25
[hades_req] userid=1088 uri=/admin/enter mapname=city gsid=city%401 time=2013-04-03_14:21:19.334264 consume_time=0.00721788406372
[hades_req] ruler=dan44-dilao4.xml userid=1088 uri=/scene/jump_to_quest_location time=2013-04-03_14:27:09.322288 map_name=dilao4 consume_time=0.0605900287628 accountid=25
[hades_req] consume_time=0.005038022995 uri=/admin/leave time=2013-04-03_14:27:09.611723
[hades_req] userid=1088 uri=/admin/enter mapname=dilao4 gsid=dilao4%401 time=2013-04-03_14:27:12.923892 consume_time=0.00650906562805
[hades_req] consume_time=0.00517201423645 uri=/admin/leave time=2013-04-03_14:27:18.702811
[hades_req] user_login=登录 uri=/account/temp_login form_password=123456 time=2013-04-03_14:27:20.409413 form_email=majing@111.com consume_time=0.00674510002136
[hades_req] userid=1088 uri=/account/choose_player player=1088_多拉 time=2013-04-03_14:27:30.499349 consume_time=0.0125539302826 accountid=25
[hades_req] userid=1088 uri=/admin/enter mapname=city gsid=city%401 time=2013-04-03_14:27:32.734776 consume_time=0.00779509544373
[hades_req] ruler=dan44-dilao4.xml userid=1088 uri=/scene/jump_to_quest_location time=2013-04-03_14:27:51.679215 map_name=dilao4 consume_time=0.0183351039886 accountid=25
[hades_req] consume_time=0.00481009483337 uri=/admin/leave time=2013-04-03_14:27:51.955213
[hades_req] userid=1088 uri=/admin/enter mapname=dilao4 gsid=dilao4%401 time=2013-04-03_14:27:54.203646 consume_time=0.0069100856781
[hades_req] consume_time=0.00497007369995 uri=/admin/leave time=2013-04-03_14:30:26.312683
[hades_req] user_login=登录 uri=/account/temp_login form_password=123456 time=2013-04-03_14:30:28.348258 form_email=majing@111.com consume_time=0.0183110237122
[hades_req] userid=1088 uri=/account/choose_player player=1088_多拉 time=2013-04-03_14:30:39.109826 consume_time=0.0113060474396 accountid=25
[hades_req] userid=1088 uri=/admin/enter mapname=city gsid=city%401 time=2013-04-03_14:30:41.365035 consume_time=0.00801682472229
[hades_req] consume_time=0.00461983680725 uri=/admin/leave time=2013-04-03_14:31:20.868812
[hades_req] ruler=dan45-dilao5.xml userid=1088 uri=/scene/jump_to_quest_location time=2013-04-03_14:31:27.313806 map_name=dilao5 consume_time=0.0621380805969 accountid=25
[hades_req] consume_time=0.00425219535828 uri=/admin/leave time=2013-04-03_14:31:27.568558
[hades_req] userid=1088 uri=/admin/enter mapname=dilao5 gsid=dilao5%401 time=2013-04-03_14:31:31.385156 consume_time=0.0079710483551
[hades_req] userid=1088 uri=/scene/back_to_city time=2013-04-03_14:33:31.879173 consume_time=0.0140011310577 accountid=25
[hades_req] consume_time=0.00430607795715 uri=/admin/leave time=2013-04-03_14:33:32.149783
[hades_req] userid=1088 uri=/admin/enter mapname=city gsid=city%401 time=2013-04-03_14:33:34.322638 consume_time=0.00913214683533
[hades_req] ruler=dan46-dilao1.xml userid=1088 uri=/scene/jump_to_quest_location time=2013-04-03_14:34:15.402875 map_name=dilao1 consume_time=0.0588581562042 accountid=25
[hades_req] consume_time=0.00350689888 uri=/admin/leave time=2013-04-03_14:34:15.651239
[hades_req] userid=1088 uri=/admin/enter mapname=dilao1 gsid=dilao1%401 time=2013-04-03_14:34:18.787639 consume_time=0.00701093673706
[hades_req] userid=1088 uri=/scene/back_to_city time=2013-04-03_14:35:40.642605 consume_time=0.0157289505005 accountid=25
[hades_req] consume_time=0.00554299354553 uri=/admin/leave time=2013-04-03_14:35:40.898863
[hades_req] userid=1088 uri=/admin/enter mapname=city gsid=city%401 time=2013-04-03_14:35:43.076810 consume_time=0.00599193572998
[hades_req] ruler=dan47-dilao2.xml userid=1088 uri=/scene/jump_to_quest_location time=2013-04-03_14:35:53.270318 map_name=dilao2 consume_time=0.057254076004 accountid=25
[hades_req] consume_time=0.00424385070801 uri=/admin/leave time=2013-04-03_14:35:53.520329
[hades_req] userid=1088 uri=/admin/enter mapname=dilao2 gsid=dilao2%401 time=2013-04-03_14:35:57.482759 consume_time=0.0083179473877
[hades_req] userid=1318 uri=/account/choose_player player=1318_琳达 time=2013-04-03_14:37:13.370927 consume_time=0.012491941452 accountid=87
[hades_req] userid=1318 uri=/admin/enter mapname=city gsid=city%401 time=2013-04-03_14:37:15.634987 consume_time=0.00805401802063
[hades_req] userid=1265 uri=/account/choose_player player=1265_简 time=2013-04-03_14:37:45.845487 consume_time=0.0135941505432 accountid=63
[hades_req] userid=1265 uri=/admin/enter mapname=city gsid=city%401 time=2013-04-03_14:37:49.488841 consume_time=0.0172920227051
[hades_req] package_pos=0 userid=1265 uri=/package/unpack_bundle time=2013-04-03_14:37:58.034177 consume_time=0.0134150981903 accountid=63
[hades_req] package_pos=0 userid=1265 uri=/package/unpack_bundle time=2013-04-03_14:38:00.280070 consume_time=0.0120418071747 accountid=63
[hades_req] userid=1088 uri=/scene/back_to_city time=2013-04-03_14:38:11.597295 consume_time=0.0117981433868 accountid=25
[hades_req] consume_time=0.00272703170776 uri=/admin/leave time=2013-04-03_14:38:11.836793
[hades_req] userid=1088 uri=/admin/enter mapname=city gsid=city%401 time=2013-04-03_14:38:13.913588 consume_time=0.00601696968079
[hades_req] ruler=dan48-dilao3.xml userid=1088 uri=/scene/jump_to_quest_location time=2013-04-03_14:38:26.702900 map_name=dilao3 consume_time=0.0624780654907 accountid=25
[hades_req] consume_time=0.00463104248047 uri=/admin/leave time=2013-04-03_14:38:26.987363
[hades_req] userid=1088 uri=/admin/enter mapname=dilao3 gsid=dilao3%401 time=2013-04-03_14:38:29.970860 consume_time=0.00900101661682
[hades_req] userid=1265 uri=/reward/reward_by_checkin time=2013-04-03_14:38:32.565652 consume_time=0.0142810344696 accountid=63
[hades_req] userid=1265 uri=/msg/read time=2013-04-03_14:38:40.293156 consume_time=0.00613188743591 msgkey=0@1364918400.54 accountid=63
[hades_req] userid=1265 uri=/msg/loads_attachment time=2013-04-03_14:38:49.957107 consume_time=0.00808596611023 msgkey=0@1364918400.54 accountid=63
[hades_req] userid=1088 uri=/scene/back_to_city time=2013-04-03_14:39:55.836727 consume_time=0.0191719532013 accountid=25
[hades_req] consume_time=0.00608992576599 uri=/admin/leave time=2013-04-03_14:39:56.122413
[hades_req] userid=1088 uri=/admin/enter mapname=city gsid=city%401 time=2013-04-03_14:39:58.285579 consume_time=0.0078649520874
[hades_req] ruler=dan49-dilao4.xml userid=1088 uri=/scene/jump_to_quest_location time=2013-04-03_14:40:38.617164 map_name=dilao4 consume_time=0.0528090000153 accountid=25
[hades_req] consume_time=0.00419092178345 uri=/admin/leave time=2013-04-03_14:40:38.908154
[hades_req] userid=1088 uri=/admin/enter mapname=dilao4 gsid=dilao4%401 time=2013-04-03_14:40:42.174503 consume_time=0.00618004798889
[hades_req] userid=0 uri=/account/temp_login form_password=hello2 time=2013-04-03_14:41:43.887120 form_email=hello2@hello2.com consume_time=0.00623607635498 accountid=0
[hades_req] userid=1088 uri=/scene/back_to_city time=2013-04-03_14:41:53.745216 consume_time=0.0163631439209 accountid=25
[hades_req] consume_time=0.0051600933075 uri=/admin/leave time=2013-04-03_14:41:53.973111
[hades_req] userid=1088 uri=/admin/enter mapname=city gsid=city%401 time=2013-04-03_14:41:56.050583 consume_time=0.00851392745972
[hades_req] techid=8 userid=1088 uri=/technology/upgrade time=2013-04-03_14:41:58.712974 consume_time=0.0198609828949 accountid=25
[hades_req] techid=8 userid=1088 uri=/technology/upgrade time=2013-04-03_14:41:59.527197 consume_time=0.0165438652039 accountid=25
[hades_req] techid=8 userid=1088 uri=/technology/upgrade time=2013-04-03_14:42:00.052375 consume_time=0.0246419906616 accountid=25
[hades_req] techid=8 userid=1088 uri=/technology/upgrade time=2013-04-03_14:42:00.597781 consume_time=0.0195140838623 accountid=25
[hades_req] techid=8 userid=1088 uri=/technology/upgrade time=2013-04-03_14:42:01.114001 consume_time=0.0209641456604 accountid=25
[hades_req] techid=8 userid=1088 uri=/technology/upgrade time=2013-04-03_14:42:01.662174 consume_time=0.0191669464111 accountid=25
[hades_req] techid=8 userid=1088 uri=/technology/upgrade time=2013-04-03_14:42:02.278507 consume_time=0.0179860591888 accountid=25
[hades_req] techid=8 userid=1088 uri=/technology/upgrade time=2013-04-03_14:42:02.827303 consume_time=0.0168509483337 accountid=25
[hades_req] techid=8 userid=1088 uri=/technology/upgrade time=2013-04-03_14:42:03.245381 consume_time=0.0178661346436 accountid=25
[hades_req] techid=8 userid=1088 uri=/technology/upgrade time=2013-04-03_14:42:03.662190 consume_time=0.0188238620758 accountid=25
[hades_req] techid=8 userid=1088 uri=/technology/upgrade time=2013-04-03_14:42:04.114562 consume_time=0.0214312076569 accountid=25
[hades_req] techid=8 userid=1088 uri=/technology/upgrade time=2013-04-03_14:42:04.563271 consume_time=0.0190961360931 accountid=25
[hades_req] techid=8 userid=1088 uri=/technology/upgrade time=2013-04-03_14:42:04.945994 consume_time=0.0193159580231 accountid=25
[hades_req] techid=8 userid=1088 uri=/technology/upgrade time=2013-04-03_14:42:05.349596 consume_time=0.0218899250031 accountid=25
[hades_req] techid=8 userid=1088 uri=/technology/upgrade time=2013-04-03_14:42:05.760201 consume_time=0.017028093338 accountid=25
[hades_req] techid=8 userid=1088 uri=/technology/upgrade time=2013-04-03_14:42:06.196494 consume_time=0.019791841507 accountid=25
[hades_req] techid=8 userid=1088 uri=/technology/upgrade time=2013-04-03_14:42:06.679235 consume_time=0.0189280509949 accountid=25
[hades_req] techid=8 userid=1088 uri=/technology/upgrade time=2013-04-03_14:42:07.044515 consume_time=0.0182828903198 accountid=25
[hades_req] techid=8 userid=1088 uri=/technology/upgrade time=2013-04-03_14:42:07.516513 consume_time=0.0242760181427 accountid=25
[hades_req] techid=8 userid=1088 uri=/technology/upgrade time=2013-04-03_14:42:07.910586 consume_time=0.0188491344452 accountid=25
[hades_req] techid=8 userid=1088 uri=/technology/upgrade time=2013-04-03_14:42:08.377621 consume_time=0.0183379650116 accountid=25
[hades_req] techid=9 userid=1088 uri=/technology/upgrade time=2013-04-03_14:42:09.344854 consume_time=0.018739938736 accountid=25
[hades_req] techid=9 userid=1088 uri=/technology/upgrade time=2013-04-03_14:42:09.844246 consume_time=0.0185639858246 accountid=25
[hades_req] techid=9 userid=1088 uri=/technology/upgrade time=2013-04-03_14:42:10.481584 consume_time=0.0219798088074 accountid=25
[hades_req] techid=9 userid=1088 uri=/technology/upgrade time=2013-04-03_14:42:10.943871 consume_time=0.0176730155945 accountid=25
[hades_req] techid=9 userid=1088 uri=/technology/upgrade time=2013-04-03_14:42:11.416672 consume_time=0.0204219818115 accountid=25
[hades_req] techid=9 userid=1088 uri=/technology/upgrade time=2013-04-03_14:42:11.860364 consume_time=0.0176818370819 accountid=25
[hades_req] techid=9 userid=1088 uri=/technology/upgrade time=2013-04-03_14:42:12.330829 consume_time=0.0214400291443 accountid=25
[hades_req] techid=10 userid=1088 uri=/technology/upgrade time=2013-04-03_14:42:14.047289 consume_time=0.0174570083618 accountid=25
[hades_req] userid=1336 uri=/account/choose_player player=1336_杰罗姆 time=2013-04-03_14:42:14.456136 consume_time=0.0131409168243 accountid=92
[hades_req] techid=10 userid=1088 uri=/technology/upgrade time=2013-04-03_14:42:15.409434 consume_time=0.0174160003662 accountid=25
[hades_req] techid=10 userid=1088 uri=/technology/upgrade time=2013-04-03_14:42:16.727281 consume_time=0.0180909633636 accountid=25
[hades_req] userid=1336 uri=/admin/enter mapname=city gsid=xxx time=2013-04-03_14:42:23.876850 consume_time=0.00242304801941
[hades_req] ruler=dan50-dilao5.xml userid=1088 uri=/scene/jump_to_quest_location time=2013-04-03_14:43:10.978041 map_name=dilao5 consume_time=0.0368230342865 accountid=25
[hades_req] consume_time=0.00280594825745 uri=/admin/leave time=2013-04-03_14:43:11.238143
[hades_req] userid=1088 uri=/admin/enter mapname=dilao5 gsid=dilao5%401 time=2013-04-03_14:43:14.245239 consume_time=0.00797080993652
[hades_req] userid=1265 uri=/reward/reward_by_gametime time=2013-04-03_14:44:25.617458 consume_time=0.0119590759277 id=1 accountid=63
[hades_req] userid=1088 uri=/scene/back_to_city time=2013-04-03_14:44:30.055100 consume_time=0.0145738124847 accountid=25
[hades_req] consume_time=0.00424790382385 uri=/admin/leave time=2013-04-03_14:44:30.338504
[hades_req] userid=1088 uri=/admin/enter mapname=city gsid=city%401 time=2013-04-03_14:44:32.504279 consume_time=0.00726890563965
[hades_req] userid=1088 uri=/scene/enter_tavern time=2013-04-03_14:44:59.846873 consume_time=0.00976705551147 type=instance accountid=25
[hades_req] consume_time=0.00498414039612 uri=/admin/leave time=2013-04-03_14:45:00.116721
[hades_req] userid=1088 uri=/admin/enter mapname=jiuguanshinei gsid=jiuguanshinei%4098 time=2013-04-03_14:45:02.455978 consume_time=0.00691986083984
[hades_req] userid=1088 uri=/scene/back_to_city time=2013-04-03_14:45:14.549306 consume_time=0.0230338573456 accountid=25
[hades_req] consume_time=0.00404286384583 uri=/admin/leave time=2013-04-03_14:45:14.831236
[hades_req] userid=1088 uri=/admin/enter mapname=city gsid=city%401 time=2013-04-03_14:45:16.825416 consume_time=0.00652813911438
[hades_req] userid=0 uri=/account/temp_login form_password=hello2 time=2013-04-03_14:45:45.412232 form_email=hello2@hello2.com consume_time=0.0133221149445 accountid=0
[hades_req] userid=1336 uri=/account/choose_player player=1336_杰罗姆 time=2013-04-03_14:46:28.101378 consume_time=0.0114011764526 accountid=92
[hades_req] userid=1336 uri=/admin/enter mapname=city gsid=xxx time=2013-04-03_14:46:37.631711 consume_time=0.00345993041992
[hades_req] userid=0 uri=/account/temp_login form_password=123456 time=2013-04-03_14:47:06.321848 form_email=test@test.com consume_time=0.00610303878784 accountid=0
[hades_req] userid=1334 uri=/account/choose_player player=1334_克拉彭 time=2013-04-03_14:48:07.195880 consume_time=0.00694108009338 accountid=20
[hades_req] userid=1334 uri=/admin/enter mapname=city gsid=city%401 time=2013-04-03_14:48:16.325290 consume_time=0.00562286376953
[hades_req] userid=1265 uri=/package/sort time=2013-04-03_14:48:19.867336 consume_time=0.00522899627686 accountid=63
[hades_req] userid=1166 uri=/account/choose_player player=1166_克拉丽莎 time=2013-04-03_14:48:25.168360 consume_time=0.0108151435852 accountid=4
[hades_req] userid=1166 uri=/admin/enter mapname=city gsid=city%401 time=2013-04-03_14:48:28.207728 consume_time=0.0110020637512
[hades_req] consume_time=0.00523209571838 uri=/admin/leave time=2013-04-03_14:49:11.820845
[hades_req] consume_time=0.00455713272095 uri=/admin/leave time=2013-04-03_14:50:03.785307
[hades_req] user_login=登录 uri=/account/temp_login form_password=123456 time=2013-04-03_14:50:05.750863 form_email=majing@111.com consume_time=0.00595283508301
[hades_req] userid=0 uri=/account/temp_login form_password=hello2 time=2013-04-03_14:50:49.857114 form_email=hello2@hello2.com consume_time=0.0185499191284 accountid=0
[hades_req] items=consume@1001@1,consume@1002@1,consume@1003@1 userid=1265 uri=/trade/store/multi_buy time=2013-04-03_14:51:11.530249 consume_time=0.00907897949219 accountid=63
[hades_req] userid=1265 uri=/package/sort time=2013-04-03_14:51:18.091707 consume_time=0.00537991523743 accountid=63
[hades_req] userid=1337 uri=/account/choose_player player=1337_蕾妮 time=2013-04-03_14:51:20.084217 consume_time=0.0109460353851 accountid=25
[hades_req] package_pos=1 userid=1265 uri=/package/unpack_bundle time=2013-04-03_14:51:20.151009 consume_time=0.0116579532623 accountid=63
[hades_req] userid=1336 uri=/account/choose_player player=1336_杰罗姆 time=2013-04-03_14:51:20.465875 consume_time=0.00954103469849 accountid=92
[hades_req] userid=1337 uri=/admin/enter mapname=city gsid=city%401 time=2013-04-03_14:51:22.289311 consume_time=0.00908589363098
[hades_req] userid=1336 uri=/admin/enter mapname=city gsid=xxx time=2013-04-03_14:51:29.770007 consume_time=0.00293111801147
[hades_req] delete_user_id=1337 userid=1337 uri=/account/delete_user time=2013-04-03_14:51:31.870263 consume_time=0.0277500152588 accountid=25
[hades_req] accountid=25 camp=1 name=艾西 gender=female idcard=1234345656dfdf userid=1088 uri=/profile/register role=priest time=2013-04-03_14:51:53.874809 consume_time=0.0303180217743 account_id=25
[hades_req] userid=1343 uri=/account/choose_player player=1343_艾西 time=2013-04-03_14:51:56.633785 consume_time=0.0118060112 accountid=25
[hades_req] userid=1343 uri=/admin/enter mapname=city gsid=city%401 time=2013-04-03_14:51:58.345211 consume_time=0.0117809772491
[hades_req] delete_user_id=1340 userid=1166 uri=/account/delete_user time=2013-04-03_14:51:59.316340 consume_time=0.0330278873444 accountid=4
[hades_req] user_login=登录 uri=/account/temp_login form_password=123456 time=2013-04-03_14:53:12.190417 form_email=test@test.com consume_time=0.0180809497833
[hades_req] userid=1334 uri=/account/choose_player player=1334_克拉彭 time=2013-04-03_14:53:30.450282 consume_time=0.0100829601288 accountid=20
[hades_req] userid=1334 uri=/admin/enter mapname=city gsid=city%401 time=2013-04-03_14:53:34.699241 consume_time=0.00809097290039
[hades_req] userid=1334 uri=/scene/enter_tavern time=2013-04-03_14:53:37.806914 consume_time=0.00897002220154 type=instance accountid=20
[hades_req] consume_time=0.00443387031555 uri=/admin/leave time=2013-04-03_14:53:38.065917
[hades_req] userid=1334 uri=/admin/enter mapname=jiuguanshinei gsid=jiuguanshinei%4098 time=2013-04-03_14:53:40.756379 consume_time=0.00793814659119
[hades_req] userid=1334 uri=/scene/back_to_city time=2013-04-03_14:53:45.326909 consume_time=0.0128240585327 accountid=20
[hades_req] consume_time=0.00520396232605 uri=/admin/leave time=2013-04-03_14:53:45.584360
[hades_req] userid=1334 uri=/admin/enter mapname=city gsid=city%401 time=2013-04-03_14:53:47.781170 consume_time=0.00573515892029
[hades_req] userid=1334 uri=/scene/enter_tavern time=2013-04-03_14:53:53.723146 consume_time=0.00806903839111 type=instance accountid=20
[hades_req] consume_time=0.00457000732422 uri=/admin/leave time=2013-04-03_14:53:53.970013
[hades_req] userid=1334 uri=/admin/enter mapname=jiuguanshinei gsid=jiuguanshinei%4098 time=2013-04-03_14:53:55.809467 consume_time=0.00726795196533
[hades_req] consume_time=0.00459623336792 uri=/admin/leave time=2013-04-03_14:54:00.171761
[hades_req] ruler=dan01-huoshan4.xml userid=1343 uri=/scene/jump_to_quest_location time=2013-04-03_14:54:08.845999 map_name=huoshan4 consume_time=0.0563378334045 accountid=25
[hades_req] consume_time=0.00472211837769 uri=/admin/leave time=2013-04-03_14:54:09.007525
[hades_req] userid=1343 uri=/admin/enter mapname=huoshan4 gsid=huoshan4%401 time=2013-04-03_14:54:13.657419 consume_time=0.00831389427185
[hades_req] userid=1334 uri=/account/choose_player player=1334_克拉彭 time=2013-04-03_14:54:15.925128 consume_time=0.0140051841736 accountid=20
[hades_req] userid=1334 uri=/admin/enter mapname=city gsid=city%401 time=2013-04-03_14:54:19.936121 consume_time=0.00877690315247
[hades_req] userid=1334 uri=/scene/enter_tavern time=2013-04-03_14:54:23.474390 consume_time=0.0101220607758 type=instance accountid=20
[hades_req] consume_time=0.00458598136902 uri=/admin/leave time=2013-04-03_14:54:23.685315
[hades_req] userid=1334 uri=/admin/enter mapname=jiuguanshinei gsid=jiuguanshinei%4098 time=2013-04-03_14:54:26.159333 consume_time=0.00590205192566
[hades_req] userid=1334 uri=/scene/back_to_city time=2013-04-03_14:54:38.961718 consume_time=0.0156528949738 accountid=20
[hades_req] consume_time=0.00400900840759 uri=/admin/leave time=2013-04-03_14:54:39.227270
[hades_req] userid=1334 uri=/admin/enter mapname=city gsid=city%401 time=2013-04-03_14:54:41.568706 consume_time=0.00776505470276
[hades_req] consume_time=0.00732207298279 uri=/admin/leave time=2013-04-03_14:54:42.631613
[hades_req] userid=1343 uri=/scene/back_to_city time=2013-04-03_14:57:38.695669 consume_time=0.0151290893555 accountid=25
[hades_req] consume_time=0.00420498847961 uri=/admin/leave time=2013-04-03_14:57:38.845406
[hades_req] userid=1343 uri=/admin/enter mapname=city gsid=city%401 time=2013-04-03_14:57:41.103582 consume_time=0.00670289993286
[hades_req] user_login=登录 uri=/account/temp_login form_password=123456 time=2013-04-03_14:57:53.652662 form_email=majing@111.com consume_time=0.0069899559021
