[hades_req] userid=0 uri=/account/temp_login form_password=123456 time=2013-04-07_20:02:40.334156 form_email=test@test.com consume_time=0.00674605369568 accountid=0
[hades_req] userid=1317 uri=/account/choose_player player=1317_柏莎 time=2013-04-07_20:03:10.037487 consume_time=0.0101690292358 accountid=20
[hades_req] userid=1317 uri=/admin/enter mapname=city gsid=city%401 time=2013-04-07_20:03:19.132037 consume_time=0.00705003738403
[hades_req] consume_time=0.0919358730316 skip_time=1 userid=1318 uri=/trade/player_store/generate_player_store?userid=1318&skip_time=1 time=2013-04-07_20:03:20.375388
[hades_req] skip_time=0 userid=1317 uri=/trade/player_store/generate_player_store time=2013-04-07_20:03:27.107720 consume_time=0.0836970806122 accountid=20
[hades_req] count=1 sale_id=1300161 userid=1317 pos=4 uri=/trade/player_store/buy time=2013-04-07_20:03:48.208803 consume_time=0.0049991607666 accountid=20
[hades_req] count=1 sale_id=1300161 userid=1317 pos=4 uri=/trade/player_store/buy time=2013-04-07_20:04:09.527869 consume_time=0.00579190254211 accountid=20
[hades_req] count=1 sale_id=1300161 userid=1317 pos=4 uri=/trade/player_store/buy time=2013-04-07_20:05:16.205406 consume_time=0.0123059749603 accountid=20
[hades_req] skip_time=0 userid=1317 uri=/trade/player_store/generate_player_store time=2013-04-07_20:05:53.900692 consume_time=0.00783395767212 accountid=20
[hades_req] count=1 sale_id=1300161 userid=1317 pos=4 uri=/trade/player_store/buy time=2013-04-07_20:06:20.822118 consume_time=0.0123679637909 accountid=20
[hades_req] skip_time=0 userid=1317 uri=/trade/player_store/generate_player_store time=2013-04-07_20:06:30.016475 consume_time=0.00695204734802 accountid=20
[hades_req] count=1 sale_id=1300161 userid=1317 pos=1 uri=/trade/player_store/buy time=2013-04-07_20:06:33.696862 consume_time=0.0141251087189 accountid=20
[hades_req] skip_time=0 userid=1317 uri=/trade/player_store/generate_player_store time=2013-04-07_20:06:38.407436 consume_time=0.00769519805908 accountid=20
[hades_req] skip_time=1 userid=1317 uri=/trade/player_store/generate_player_store time=2013-04-07_20:06:44.369725 consume_time=0.0894720554352 accountid=20
[hades_req] skip_time=1 userid=1317 uri=/trade/player_store/generate_player_store time=2013-04-07_20:06:53.803731 consume_time=0.0882098674774 accountid=20
[hades_req] count=1 sale_id=1300161 userid=1317 pos=2 uri=/trade/player_store/buy time=2013-04-07_20:07:04.669844 consume_time=0.0114901065826 accountid=20
[hades_req] consume_time=0.00420689582825 uri=/admin/leave time=2013-04-07_20:10:21.501182
[hades_req] consume_time=0.00413608551025 uri=/admin/leave time=2013-04-07_20:10:41.820489
[hades_req] skip_time=0 userid=1318 uri=/trade/player_store/generate_player_store time=2013-04-07_20:12:30.502201 consume_time=0.00544619560242 accountid=87
[hades_req] count=1 sale_id=13001133 userid=1318 uri=/trade/player_store/buy time=2013-04-07_20:12:36.918998 consume_time=0.00424885749817 accountid=87
[hades_req] userid=0 uri=/account/temp_login form_password=123456 time=2013-04-07_20:12:38.303321 form_email=test@test.com consume_time=0.00664305686951 accountid=0
[hades_req] userid=1317 uri=/account/choose_player player=1317_柏莎 time=2013-04-07_20:13:13.904647 consume_time=0.0127220153809 accountid=20
[hades_req] userid=1317 uri=/admin/enter mapname=city gsid=city%401 time=2013-04-07_20:13:22.864240 consume_time=0.00588512420654
[hades_req] skip_time=0 userid=1317 uri=/trade/player_store/generate_player_store time=2013-04-07_20:13:36.553566 consume_time=0.00508713722229 accountid=20
[hades_req] sale_id=1300198 userid=1318 pos=0 uri=/trade/player_store/buy?userid=1318&pos=0&sale_id=1300198 time=2013-04-07_20:14:10.119922 consume_time=0.0115449428558
[hades_req] consume_time=0.0128180980682 uri=/admin/leave time=2013-04-07_20:14:20.713916
[hades_req] userid=0 uri=/account/temp_login form_password=123456 time=2013-04-07_20:14:26.778955 form_email=test@test.com consume_time=0.00571393966675 accountid=0
[hades_req] sale_id=13001121 userid=1318 pos=1 uri=/trade/player_store/buy?userid=1318&pos=1&sale_id=13001121 time=2013-04-07_20:14:41.273056 consume_time=0.0115039348602
[hades_req] userid=1317 uri=/account/choose_player player=1317_柏莎 time=2013-04-07_20:16:03.864487 consume_time=0.00992798805237 accountid=20
[hades_req] userid=1317 uri=/admin/enter mapname=city gsid=city%401 time=2013-04-07_20:16:12.818139 consume_time=0.00531697273254
[hades_req] skip_time=0 userid=1317 uri=/trade/player_store/generate_player_store time=2013-04-07_20:17:45.547780 consume_time=0.00471806526184 accountid=20
[hades_req] consume_time=0.00461196899414 uri=/admin/leave time=2013-04-07_20:18:00.990543
[hades_req] userid=0 uri=/account/temp_login form_password=123456 time=2013-04-07_20:18:09.838056 form_email=test@test.com consume_time=0.00609493255615 accountid=0
[hades_req] userid=1317 uri=/account/choose_player player=1317_柏莎 time=2013-04-07_20:18:59.073548 consume_time=0.0117290019989 accountid=20
[hades_req] userid=1317 uri=/admin/enter mapname=city gsid=city%401 time=2013-04-07_20:19:08.057840 consume_time=0.00670385360718
[hades_req] skip_time=0 userid=1317 uri=/trade/player_store/generate_player_store time=2013-04-07_20:19:36.730739 consume_time=0.00627207756042 accountid=20
[hades_req] count=1 sale_id=1300161 uri=/trade/player_store/buy userid=1317 pos=4 time=2013-04-07_20:19:52.407662 consume_time=0.0101919174194 accountid=20
[hades_req] consume_time=0.00427508354187 uri=/admin/leave time=2013-04-07_20:20:04.305636
[hades_req] sale_id=13001121 userid=1318 pos=1 uri=/trade/player_store/buy?userid=1318&pos=1&sale_id=13001121 time=2013-04-07_20:21:21.293556 consume_time=0.0122771263123
[hades_req] sale_id=1300198 userid=1318 pos=0 uri=/trade/player_store/buy?userid=1318&pos=0&sale_id=1300198 time=2013-04-07_20:21:34.898176 consume_time=0.0151660442352
[hades_req] sale_id=1300198 userid=1318 pos=0 uri=/trade/player_store/buy?userid=1318&pos=0&sale_id=1300198 time=2013-04-07_20:21:47.590593 consume_time=0.0135080814362
[hades_req] sale_id=1300198 userid=1318 pos=0 uri=/trade/player_store/buy?userid=1318&pos=0&sale_id=1300198 time=2013-04-07_20:22:47.162856 consume_time=0.00562691688538
[hades_req] consume_time=0.00484108924866 uri=/admin/leave time=2013-04-07_20:28:37.330591
[hades_req] userid=0 uri=/account/temp_login form_password=123456 time=2013-04-07_20:36:34.327873 form_email=test@test.com consume_time=0.00672101974487 accountid=0
[hades_req] userid=1317 uri=/account/choose_player player=1317_柏莎 time=2013-04-07_20:37:56.441081 consume_time=0.0115869045258 accountid=20
[hades_req] userid=1317 uri=/admin/enter mapname=city gsid=city%401 time=2013-04-07_20:38:05.495528 consume_time=0.00682902336121
[hades_req] skip_time=0 userid=1317 uri=/trade/player_store/generate_player_store time=2013-04-07_20:38:18.591907 consume_time=0.00468802452087 accountid=20
[hades_req] count=1 userid=1317 uri=/trade/player_store/buy sale_id=1300102 pos=1 time=2013-04-07_20:38:21.799365 consume_time=0.0103340148926 accountid=20
[hades_req] skip_time=0 userid=1317 uri=/trade/player_store/generate_player_store time=2013-04-07_20:38:25.182292 consume_time=0.00717091560364 accountid=20
[hades_req] consume_time=0.00422120094299 uri=/admin/leave time=2013-04-07_20:40:15.996394
[hades_req] userid=0 uri=/account/temp_login form_password=123456 time=2013-04-07_20:42:02.267684 form_email=test@test.com consume_time=0.00554203987122 accountid=0
[hades_req] userid=1317 uri=/account/choose_player player=1317_柏莎 time=2013-04-07_20:42:41.084249 consume_time=0.0193750858307 accountid=20
[hades_req] userid=1317 uri=/admin/enter mapname=city gsid=city%401 time=2013-04-07_20:42:50.143026 consume_time=0.0136461257935
[hades_req] skip_time=0 userid=1317 uri=/trade/player_store/generate_player_store time=2013-04-07_20:43:13.482378 consume_time=0.00576996803284 accountid=20
[hades_req] consume_time=0.00474882125854 uri=/admin/leave time=2013-04-07_20:46:05.385705
[hades_req] userid=0 uri=/account/temp_login form_password=123456 time=2013-04-07_20:46:20.060101 form_email=test@test.com consume_time=0.00674295425415 accountid=0
[hades_req] userid=1317 uri=/account/choose_player player=1317_柏莎 time=2013-04-07_20:46:49.995710 consume_time=0.0103669166565 accountid=20
[hades_req] userid=1317 uri=/admin/enter mapname=city gsid=city%401 time=2013-04-07_20:46:59.017525 consume_time=0.0062050819397
[hades_req] skip_time=0 userid=1317 uri=/trade/player_store/generate_player_store time=2013-04-07_20:47:01.550162 consume_time=0.00605320930481 accountid=20
[hades_req] consume_time=0.00558304786682 uri=/admin/leave time=2013-04-07_20:47:59.707723
[hades_req] userid=0 uri=/account/temp_login form_password=123456 time=2013-04-07_20:48:05.514136 form_email=test@test.com consume_time=0.00688195228577 accountid=0
[hades_req] userid=1317 uri=/account/choose_player player=1317_柏莎 time=2013-04-07_20:48:36.992734 consume_time=0.0135200023651 accountid=20
[hades_req] userid=1317 uri=/admin/enter mapname=city gsid=city%401 time=2013-04-07_20:48:45.917023 consume_time=0.00744795799255
[hades_req] skip_time=0 userid=1317 uri=/trade/player_store/generate_player_store time=2013-04-07_20:48:49.446250 consume_time=0.00636315345764 accountid=20
[hades_req] count=1 userid=1317 uri=/trade/player_store/buy sale_id=1300185 pos=0 time=2013-04-07_20:49:02.046800 consume_time=0.010880947113 accountid=20
[hades_req] consume_time=0.00508713722229 uri=/admin/leave time=2013-04-07_20:50:12.912137
[hades_req] user_login=登录 uri=/account/temp_login form_password=123456 time=2013-04-07_20:52:57.821564 form_email=test@test.com consume_time=0.00661993026733
[hades_req] userid=1317 uri=/account/choose_player player=1317_柏莎 time=2013-04-07_20:53:14.082157 consume_time=0.0106539726257 accountid=20
[hades_req] userid=1317 uri=/admin/enter mapname=city gsid=city%401 time=2013-04-07_20:53:18.029592 consume_time=0.00652098655701
[hades_req] skip_time=0 userid=1317 uri=/trade/player_store/generate_player_store time=2013-04-07_20:53:22.976372 consume_time=0.00629281997681 accountid=20
[hades_req] consume_time=0.00395703315735 uri=/admin/leave time=2013-04-07_20:54:03.733471
