[hades_req] userid=1093 uri=/account/choose_player player=1093_卢修斯 time=2013-04-03_10:06:08.527549 consume_time=0.0101659297943 accountid=6
[hades_req] userid=1093 uri=/admin/enter mapname=city gsid=city%401 time=2013-04-03_10:06:11.157349 consume_time=0.0125210285187
[hades_req] userid=1093 uri=/msg/read time=2013-04-03_10:25:20.806932 consume_time=0.0062210559845 msgkey=0@1364918400.55 accountid=6
[hades_req] userid=1093 uri=/msg/loads_attachment time=2013-04-03_10:25:23.626939 consume_time=0.009526014328 msgkey=0@1364918400.55 accountid=6
[hades_req] userid=1093 uri=/scene/enter_tavern time=2013-04-03_10:25:36.616998 consume_time=0.00756883621216 type=instance accountid=6
[hades_req] consume_time=0.00416588783264 uri=/admin/leave time=2013-04-03_10:25:36.944648
[hades_req] userid=1093 uri=/admin/enter mapname=jiuguanshinei gsid=jiuguanshinei%4098 time=2013-04-03_10:25:39.249774 consume_time=0.00644898414612
[hades_req] userid=1093 uri=/scene/back_to_city time=2013-04-03_10:25:44.787884 consume_time=0.0161600112915 accountid=6
[hades_req] consume_time=0.00438094139099 uri=/admin/leave time=2013-04-03_10:25:45.135126
[hades_req] userid=1093 uri=/admin/enter mapname=city gsid=city%401 time=2013-04-03_10:25:47.175115 consume_time=0.00692415237427
[hades_req] consume_time=0.00399899482727 uri=/admin/leave time=2013-04-03_10:40:19.667268
[hades_req] userid=889 uri=/account/choose_player player=889_格雷沙姆 time=2013-04-03_10:40:46.006775 consume_time=0.0130829811096 accountid=9
[hades_req] userid=889 uri=/admin/enter mapname=city gsid=city%401 time=2013-04-03_10:40:48.628540 consume_time=0.0127611160278
[hades_req] userid=1318 uri=/account/choose_player player=1318_琳达 time=2013-04-03_10:41:54.512427 consume_time=0.0116550922394 accountid=87
[hades_req] userid=1318 uri=/admin/enter mapname=city gsid=city%401 time=2013-04-03_10:41:56.874536 consume_time=0.0079870223999
[hades_req] npcid=1 userid=1318 uri=/astrology/shortcut_start time=2013-04-03_10:42:00.467653 consume_time=0.0710089206696 accountid=87
[hades_req] consume_time=0.00552606582642 uri=/admin/leave time=2013-04-03_10:42:07.278108
[hades_req] userid=889 uri=/account/choose_player player=889_格雷沙姆 time=2013-04-03_10:42:22.712345 consume_time=0.0104629993439 accountid=9
[hades_req] userid=889 uri=/admin/enter mapname=city gsid=city%401 time=2013-04-03_10:42:24.421492 consume_time=0.00519800186157
[hades_req] userid=889 uri=/msg/read time=2013-04-03_10:42:30.921579 consume_time=0.00588417053223 msgkey=0@1364918400.46 accountid=9
[hades_req] userid=889 uri=/msg/loads_attachment time=2013-04-03_10:42:32.339622 consume_time=0.0128529071808 msgkey=0@1364918400.46 accountid=9
[hades_req] ruler=dan22-temple6.xml userid=889 uri=/scene/jump_to_quest_location time=2013-04-03_10:42:54.343866 map_name=temple6 consume_time=0.0584769248962 accountid=9
[hades_req] consume_time=0.00451493263245 uri=/admin/leave time=2013-04-03_10:42:54.829427
[hades_req] userid=889 uri=/admin/enter mapname=temple6 gsid=temple6%401 time=2013-04-03_10:42:59.245319 consume_time=0.00795388221741
[hades_req] userid=1318 uri=/account/choose_player player=1318_琳达 time=2013-04-03_10:43:20.877485 consume_time=0.0114710330963 accountid=87
[hades_req] userid=1318 uri=/admin/enter mapname=city gsid=city%401 time=2013-04-03_10:43:23.170313 consume_time=0.00811791419983
[hades_req] consume_time=0.00388598442078 uri=/admin/leave time=2013-04-03_10:43:39.122661
[hades_req] userid=1318 uri=/account/choose_player player=1318_琳达 time=2013-04-03_10:43:49.506150 consume_time=0.0117969512939 accountid=87
[hades_req] userid=1318 uri=/admin/enter mapname=city gsid=city%401 time=2013-04-03_10:43:51.750495 consume_time=0.00538015365601
[hades_req] userid=1318 uri=/account/choose_player player=1318_琳达 time=2013-04-03_10:44:26.453536 consume_time=0.0134830474854 accountid=87
[hades_req] userid=1318 uri=/admin/enter mapname=city gsid=city%401 time=2013-04-03_10:44:28.648180 consume_time=0.00636196136475
[hades_req] npcid=3 userid=1318 uri=/astrology/shortcut_start time=2013-04-03_10:44:32.482379 consume_time=0.0127170085907 accountid=87
[hades_req] npcid=3 userid=1318 uri=/astrology/shortcut_start time=2013-04-03_10:44:36.132977 consume_time=0.00639200210571 accountid=87
[hades_req] userid=889 uri=/account/choose_player player=889_格雷沙姆 time=2013-04-03_10:48:24.627196 consume_time=0.011864900589 accountid=9
[hades_req] userid=889 uri=/admin/enter mapname=city gsid=city%401 time=2013-04-03_10:48:26.252669 consume_time=0.00555396080017
[hades_req] consume_time=0.00418996810913 uri=/admin/leave time=2013-04-03_10:48:32.682642
[hades_req] consume_time=0.00447511672974 uri=/admin/leave time=2013-04-03_10:48:32.788170
[hades_req] userid=889 uri=/account/choose_player player=889_格雷沙姆 time=2013-04-03_10:50:27.274750 consume_time=0.0105500221252 accountid=9
[hades_req] userid=889 uri=/admin/enter mapname=city gsid=city%401 time=2013-04-03_10:50:28.819485 consume_time=0.00565195083618
[hades_req] ruler=dan22-temple6.xml userid=889 uri=/scene/jump_to_quest_location time=2013-04-03_10:50:35.442173 map_name=temple6 consume_time=0.0557069778442 accountid=9
[hades_req] consume_time=0.00464200973511 uri=/admin/leave time=2013-04-03_10:50:35.886484
[hades_req] userid=889 uri=/admin/enter mapname=temple6 gsid=temple6%401 time=2013-04-03_10:50:39.505265 consume_time=0.00598192214966
[hades_req] userid=889 uri=/account/choose_player player=889_格雷沙姆 time=2013-04-03_10:52:48.567106 consume_time=0.00670194625854 accountid=9
[hades_req] userid=889 uri=/admin/enter mapname=city gsid=city%401 time=2013-04-03_10:52:50.662358 consume_time=0.00708103179932
[hades_req] ruler=dan02-huoshan1.xml userid=889 uri=/scene/jump_to_quest_location time=2013-04-03_10:53:04.316352 map_name=huoshan1 consume_time=0.0576539039612 accountid=9
[hades_req] consume_time=0.00442290306091 uri=/admin/leave time=2013-04-03_10:53:04.813225
[hades_req] userid=889 uri=/admin/enter mapname=huoshan1 gsid=huoshan1%401 time=2013-04-03_10:53:08.973773 consume_time=0.00621104240417
[hades_req] userid=889 uri=/account/choose_player player=889_格雷沙姆 time=2013-04-03_10:55:41.548934 consume_time=0.0127470493317 accountid=9
[hades_req] userid=889 uri=/admin/enter mapname=city gsid=city%401 time=2013-04-03_10:55:43.186288 consume_time=0.00580811500549
[hades_req] ruler=dan01-huoshan4.xml userid=889 uri=/scene/jump_to_quest_location time=2013-04-03_10:55:54.315430 map_name=huoshan4 consume_time=0.0528469085693 accountid=9
[hades_req] consume_time=0.00530195236206 uri=/admin/leave time=2013-04-03_10:55:54.801531
[hades_req] userid=889 uri=/admin/enter mapname=huoshan4 gsid=huoshan4%401 time=2013-04-03_10:55:57.990583 consume_time=0.00626611709595
[hades_req] userid=889 uri=/scene/back_to_city time=2013-04-03_10:56:05.570368 consume_time=0.0154030323029 accountid=9
[hades_req] consume_time=0.00480604171753 uri=/admin/leave time=2013-04-03_10:56:06.016640
[hades_req] userid=889 uri=/admin/enter mapname=city gsid=city%401 time=2013-04-03_10:56:07.975942 consume_time=0.00521683692932
[hades_req] consume_time=0.00597786903381 uri=/admin/leave time=2013-04-03_10:56:09.715598
