[hades_req] userid=0 uri=/account/temp_login form_password=123456 time=2013-04-03_21:10:59.401557 form_email=test@test.com consume_time=0.0199408531189 accountid=0
[hades_req] userid=1317 uri=/account/choose_player player=1317_柏莎 time=2013-04-03_21:11:14.340739 consume_time=0.0114998817444 accountid=20
[hades_req] userid=1317 uri=/admin/enter mapname=city gsid=city%401 time=2013-04-03_21:11:17.980505 consume_time=0.00722980499268
[hades_req] count=100 sale_id=1400115 userid=1317 uri=/trade/market/buy time=2013-04-03_21:12:26.367783 consume_time=0.00784778594971 payment=token accountid=20
[hades_req] consume_time=0.00416994094849 uri=/admin/leave time=2013-04-03_21:12:59.252480
[hades_req] user_login=登录 uri=/account/temp_login form_password=123456 time=2013-04-03_21:13:08.018026 form_email=test@test.com consume_time=0.0183761119843
[hades_req] userid=1350 uri=/account/choose_player player=1350_伊芳 time=2013-04-03_21:15:15.010663 consume_time=0.011531829834 accountid=20
[hades_req] userid=1350 uri=/admin/enter mapname=city gsid=city%401 time=2013-04-03_21:15:19.090591 consume_time=0.00665616989136
[hades_req] consume_time=0.00518894195557 uri=/admin/leave time=2013-04-03_21:15:42.994806
[hades_req] userid=1350 uri=/account/choose_player player=1350_伊芳 time=2013-04-03_21:17:14.423734 consume_time=0.00954294204712 accountid=20
[hades_req] userid=1350 uri=/admin/enter mapname=city gsid=city%401 time=2013-04-03_21:17:18.456661 consume_time=0.00740718841553
[hades_req] consume_time=0.00496888160706 uri=/admin/leave time=2013-04-03_21:17:21.397385
[hades_req] userid=1334 uri=/account/choose_player player=1334_克拉彭 time=2013-04-03_21:17:25.671799 consume_time=0.0095911026001 accountid=20
[hades_req] userid=1334 uri=/admin/enter mapname=city gsid=city%401 time=2013-04-03_21:17:27.293300 consume_time=0.00674986839294
[hades_req] union_name=dfdf userid=1334 uri=/union/create time=2013-04-03_21:17:49.207358 consume_time=0.00908899307251 accountid=20
[hades_req] userid=1334 uri=/scene/enter_tavern time=2013-04-03_21:17:56.309211 consume_time=0.0091450214386 type=instance accountid=20
[hades_req] consume_time=0.00441098213196 uri=/admin/leave time=2013-04-03_21:17:56.566141
[hades_req] userid=1334 uri=/admin/enter mapname=jiuguanshinei gsid=jiuguanshinei%4098 time=2013-04-03_21:17:59.268852 consume_time=0.00776481628418
[hades_req] userid=1334 uri=/scene/back_to_city time=2013-04-03_21:18:03.510733 consume_time=0.0132298469543 accountid=20
[hades_req] consume_time=0.00477290153503 uri=/admin/leave time=2013-04-03_21:18:03.749639
[hades_req] userid=1334 uri=/admin/enter mapname=city gsid=city%401 time=2013-04-03_21:18:05.864278 consume_time=0.00636792182922
[hades_req] consume_time=0.00448298454285 uri=/admin/leave time=2013-04-03_21:20:30.667870
[hades_req] userid=1334 uri=/account/choose_player player=1334_克拉彭 time=2013-04-03_21:20:45.470141 consume_time=0.0120899677277 accountid=20
[hades_req] userid=1334 uri=/admin/enter mapname=city gsid=city%401 time=2013-04-03_21:20:49.436120 consume_time=0.00500202178955
[hades_req] consume_time=0.00480699539185 uri=/admin/leave time=2013-04-03_21:21:02.743945
[hades_req] userid=1334 uri=/account/choose_player player=1334_克拉彭 time=2013-04-03_21:23:39.807218 consume_time=0.0106329917908 accountid=20
[hades_req] userid=1334 uri=/admin/enter mapname=city gsid=city%401 time=2013-04-03_21:23:43.773832 consume_time=0.00632190704346
[hades_req] consume_time=0.00473594665527 uri=/admin/leave time=2013-04-03_21:24:00.328034
