[hades_req] userid=1318 uri=/account/choose_player player=1318_琳达 time=2013-04-03_11:28:37.314076 consume_time=0.0119071006775 accountid=87
[hades_req] userid=1318 uri=/admin/enter mapname=city gsid=city%401 time=2013-04-03_11:28:38.871093 consume_time=0.00585985183716
[hades_req] npcid=3 userid=1318 uri=/astrology/start time=2013-04-03_11:28:42.321691 consume_time=0.00706386566162 accountid=87
[hades_req] userid=1318 uri=/astrology/shortcut_sell time=2013-04-03_11:28:43.974572 consume_time=0.00997996330261 accountid=87
[hades_req] npcid=3 userid=1318 uri=/astrology/start time=2013-04-03_11:28:53.199705 consume_time=0.0195641517639 accountid=87
[hades_req] npcid=2 userid=1318 uri=/astrology/start time=2013-04-03_11:28:54.260197 consume_time=0.0168650150299 accountid=87
[hades_req] userid=889 uri=/account/choose_player player=889_格雷沙姆 time=2013-04-03_11:29:08.967569 consume_time=0.011862039566 accountid=9
[hades_req] userid=889 uri=/admin/enter mapname=city gsid=city%401 time=2013-04-03_11:29:11.373726 consume_time=0.0058491230011
[hades_req] userid=889 uri=/scene/go_to_publicmine time=2013-04-03_11:29:17.779515 consume_time=0.0554568767548 accountid=9
[hades_req] consume_time=0.00461602210999 uri=/admin/leave time=2013-04-03_11:29:18.257742
[hades_req] userid=889 uri=/admin/enter mapname=gonggongditu gsid=gonggongditu%401 time=2013-04-03_11:29:25.277325 consume_time=0.00484704971313
[hades_req] npcid=1 userid=1318 uri=/astrology/start time=2013-04-03_11:30:12.069205 consume_time=0.0217759609222 accountid=87
[hades_req] consume_time=0.00500822067261 uri=/admin/leave time=2013-04-03_11:30:26.558764
[hades_req] userid=1318 uri=/msg/read time=2013-04-03_11:30:53.357240 consume_time=0.00579500198364 msgkey=0@1364918400.53 accountid=87
[hades_req] userid=1318 uri=/msg/loads_attachment time=2013-04-03_11:30:56.576426 consume_time=0.0108139514923 msgkey=0@1364918400.53 accountid=87
[hades_req] userid=1318 uri=/msg/delete time=2013-04-03_11:31:01.027200 consume_time=0.0109090805054 msgkey=0@1364918400.53,0@1364892509.08,0@1364892378.83 accountid=87
[hades_req] user_login=登录 uri=/account/temp_login form_password=123456 time=2013-04-03_11:32:10.427317 form_email=majing@111.com consume_time=0.00667786598206
[hades_req] userid=1337 uri=/account/choose_player player=1337_蕾妮 time=2013-04-03_11:32:21.480743 consume_time=0.012531042099 accountid=25
[hades_req] userid=1337 uri=/admin/enter mapname=city gsid=city%401 time=2013-04-03_11:32:24.128455 consume_time=0.00963592529297
[hades_req] ruler=dan17-privatemine4.xml userid=1337 uri=/scene/jump_to_quest_location time=2013-04-03_11:33:05.251504 map_name=privatemine4 consume_time=0.0537829399109 accountid=25
[hades_req] consume_time=0.00415897369385 uri=/admin/leave time=2013-04-03_11:33:05.515388
[hades_req] userid=889 uri=/account/choose_player player=889_格雷沙姆 time=2013-04-03_11:33:06.255924 consume_time=0.0101571083069 accountid=9
[hades_req] userid=889 uri=/admin/enter mapname=city gsid=city%401 time=2013-04-03_11:33:08.621275 consume_time=0.00638818740845
[hades_req] userid=1337 uri=/admin/enter mapname=privatemine4 gsid=privatemine4%401 time=2013-04-03_11:33:08.739948 consume_time=0.00619697570801
[hades_req] userid=889 uri=/scene/go_to_publicmine time=2013-04-03_11:33:11.062066 consume_time=0.0143868923187 accountid=9
[hades_req] consume_time=0.00483989715576 uri=/admin/leave time=2013-04-03_11:33:11.508288
[hades_req] userid=889 uri=/admin/enter mapname=gonggongditu gsid=gonggongditu%401 time=2013-04-03_11:33:17.302786 consume_time=0.00602006912231
[hades_req] userid=1337 uri=/scene/back_to_city time=2013-04-03_11:34:16.144224 consume_time=0.0145108699799 accountid=25
[hades_req] consume_time=0.00444316864014 uri=/admin/leave time=2013-04-03_11:34:16.404310
[hades_req] userid=1337 uri=/admin/enter mapname=city gsid=city%401 time=2013-04-03_11:34:18.456197 consume_time=0.00481700897217
[hades_req] techid=7 userid=1337 uri=/technology/upgrade time=2013-04-03_11:36:12.074156 consume_time=0.0221619606018 accountid=25
[hades_req] techid=7 userid=1337 uri=/technology/upgrade time=2013-04-03_11:36:12.734203 consume_time=0.00884413719177 accountid=25
[hades_req] consume_time=0.0045599937439 uri=/admin/leave time=2013-04-03_11:36:16.239972
[hades_req] userid=889 uri=/package/sort time=2013-04-03_11:36:16.322866 consume_time=0.0103900432587 accountid=9
[hades_req] user_login=登录 uri=/account/temp_login form_password=123456 time=2013-04-03_11:36:18.914432 form_email=majing@111.com consume_time=0.00863003730774
[hades_req] items=consume@3@51 userid=889 uri=/trade/store/multi_buy time=2013-04-03_11:36:26.839345 consume_time=0.00989890098572 accountid=9
[hades_req] userid=889 uri=/shortcut/set short_cut={"0":"0@3270020@true","1":"1@3300020@true","2":"2@3320007@true","3":"3@3350001@true","4":"4@105@false","5":"5@3@false"} time=2013-04-03_11:36:27.031257 consume_time=0.0017261505127 accountid=9
[hades_req] userid=1337 uri=/account/choose_player player=1337_蕾妮 time=2013-04-03_11:36:31.826419 consume_time=0.0112199783325 accountid=25
[hades_req] userid=1337 uri=/admin/enter mapname=city gsid=city%401 time=2013-04-03_11:36:33.943759 consume_time=0.00642991065979
[hades_req] techid=7 userid=1337 uri=/technology/upgrade time=2013-04-03_11:36:39.325990 consume_time=0.00957608222961 accountid=25
[hades_req] consume_time=0.00576519966125 uri=/admin/leave time=2013-04-03_11:36:46.401893
[hades_req] user_login=登录 uri=/account/temp_login form_password=123456 time=2013-04-03_11:36:48.001537 form_email=majing@111.com consume_time=0.00906610488892
[hades_req] userid=1337 uri=/account/choose_player player=1337_蕾妮 time=2013-04-03_11:36:58.156274 consume_time=0.0113959312439 accountid=25
[hades_req] userid=1337 uri=/admin/enter mapname=city gsid=city%401 time=2013-04-03_11:37:00.373414 consume_time=0.00632691383362
[hades_req] techid=7 userid=1337 uri=/technology/upgrade time=2013-04-03_11:37:05.393140 consume_time=0.00834393501282 accountid=25
[hades_req] consume_time=0.00655293464661 uri=/admin/leave time=2013-04-03_11:38:17.590203
[hades_req] user_login=登录 uri=/account/temp_login form_password=123456 time=2013-04-03_11:38:19.035010 form_email=majing@111.com consume_time=0.00659108161926
[hades_req] userid=1337 uri=/account/choose_player player=1337_蕾妮 time=2013-04-03_11:38:30.202083 consume_time=0.0119071006775 accountid=25
[hades_req] userid=1337 uri=/admin/enter mapname=city gsid=city%401 time=2013-04-03_11:38:32.359833 consume_time=0.00699710845947
[hades_req] techid=7 userid=1337 uri=/technology/upgrade time=2013-04-03_11:38:37.554290 consume_time=0.00950312614441 accountid=25
[hades_req] consume_time=0.00468707084656 uri=/admin/leave time=2013-04-03_11:38:42.442347
[hades_req] user_login=登录 uri=/account/temp_login form_password=123456 time=2013-04-03_11:38:44.206265 form_email=majing@111.com consume_time=0.0195510387421
[hades_req] userid=1337 uri=/account/choose_player player=1337_蕾妮 time=2013-04-03_11:38:53.987109 consume_time=0.0120179653168 accountid=25
[hades_req] userid=1337 uri=/admin/enter mapname=city gsid=city%401 time=2013-04-03_11:38:56.137835 consume_time=0.00624585151672
[hades_req] techid=7 userid=1337 uri=/technology/upgrade time=2013-04-03_11:39:00.369274 consume_time=0.00771903991699 accountid=25
[hades_req] consume_time=0.00433397293091 uri=/admin/leave time=2013-04-03_11:39:46.600044
[hades_req] user_login=登录 uri=/account/temp_login form_password=123456 time=2013-04-03_11:39:52.126658 form_email=majing@111.com consume_time=0.00605487823486
[hades_req] userid=1337 uri=/account/choose_player player=1337_蕾妮 time=2013-04-03_11:40:07.298593 consume_time=0.0113270282745 accountid=25
[hades_req] userid=1337 uri=/admin/enter mapname=city gsid=city%401 time=2013-04-03_11:40:09.496341 consume_time=0.00545310974121
[hades_req] techid=1 userid=1337 uri=/technology/upgrade time=2013-04-03_11:40:18.825652 consume_time=0.0162601470947 accountid=25
[hades_req] techid=1 userid=1337 uri=/technology/upgrade time=2013-04-03_11:40:19.826739 consume_time=0.0163569450378 accountid=25
[hades_req] techid=1 userid=1337 uri=/technology/upgrade time=2013-04-03_11:40:20.442643 consume_time=0.0172441005707 accountid=25
[hades_req] techid=1 userid=1337 uri=/technology/upgrade time=2013-04-03_11:40:21.107921 consume_time=0.0165100097656 accountid=25
[hades_req] techid=1 userid=1337 uri=/technology/upgrade time=2013-04-03_11:40:22.258013 consume_time=0.0170979499817 accountid=25
[hades_req] techid=2 userid=1337 uri=/technology/upgrade time=2013-04-03_11:40:23.175998 consume_time=0.0176918506622 accountid=25
[hades_req] techid=2 userid=1337 uri=/technology/upgrade time=2013-04-03_11:40:23.850427 consume_time=0.0186190605164 accountid=25
[hades_req] techid=2 userid=1337 uri=/technology/upgrade time=2013-04-03_11:40:24.394542 consume_time=0.0184020996094 accountid=25
[hades_req] techid=2 userid=1337 uri=/technology/upgrade time=2013-04-03_11:40:24.910291 consume_time=0.0175740718842 accountid=25
[hades_req] techid=2 userid=1337 uri=/technology/upgrade time=2013-04-03_11:40:25.477089 consume_time=0.0185120105743 accountid=25
[hades_req] techid=3 userid=1337 uri=/technology/upgrade time=2013-04-03_11:40:28.093789 consume_time=0.0163261890411 accountid=25
[hades_req] techid=3 userid=1337 uri=/technology/upgrade time=2013-04-03_11:40:28.657121 consume_time=0.0159120559692 accountid=25
[hades_req] techid=3 userid=1337 uri=/technology/upgrade time=2013-04-03_11:40:29.257048 consume_time=0.0155930519104 accountid=25
[hades_req] techid=3 userid=1337 uri=/technology/upgrade time=2013-04-03_11:40:30.095286 consume_time=0.0186429023743 accountid=25
[hades_req] techid=3 userid=1337 uri=/technology/upgrade time=2013-04-03_11:40:30.495545 consume_time=0.0204710960388 accountid=25
[hades_req] techid=5 userid=1337 uri=/technology/upgrade time=2013-04-03_11:40:31.907785 consume_time=0.016401052475 accountid=25
[hades_req] techid=5 userid=1337 uri=/technology/upgrade time=2013-04-03_11:40:32.310893 consume_time=0.0195770263672 accountid=25
[hades_req] techid=5 userid=1337 uri=/technology/upgrade time=2013-04-03_11:40:33.027143 consume_time=0.0171811580658 accountid=25
[hades_req] techid=5 userid=1337 uri=/technology/upgrade time=2013-04-03_11:40:33.574903 consume_time=0.0162777900696 accountid=25
[hades_req] techid=5 userid=1337 uri=/technology/upgrade time=2013-04-03_11:40:34.145763 consume_time=0.0201148986816 accountid=25
[hades_req] userid=1337 uri=/technology/reset_cd time=2013-04-03_11:40:37.648136 consume_time=0.00641393661499 accountid=25
[hades_req] techid=4 userid=1337 uri=/technology/upgrade time=2013-04-03_11:40:38.007292 consume_time=0.0160000324249 accountid=25
[hades_req] techid=4 userid=1337 uri=/technology/upgrade time=2013-04-03_11:40:38.676267 consume_time=0.0179030895233 accountid=25
[hades_req] techid=4 userid=1337 uri=/technology/upgrade time=2013-04-03_11:40:39.242150 consume_time=0.0178389549255 accountid=25
[hades_req] techid=4 userid=1337 uri=/technology/upgrade time=2013-04-03_11:40:39.810140 consume_time=0.0195808410645 accountid=25
[hades_req] techid=4 userid=1337 uri=/technology/upgrade time=2013-04-03_11:40:40.629700 consume_time=0.0217871665955 accountid=25
[hades_req] techid=6 userid=1337 uri=/technology/upgrade time=2013-04-03_11:40:41.957836 consume_time=0.0162250995636 accountid=25
[hades_req] userid=889 uri=/account/choose_player player=889_格雷沙姆 time=2013-04-03_11:40:59.657498 consume_time=0.0139970779419 accountid=9
[hades_req] userid=889 uri=/admin/enter mapname=city gsid=city%401 time=2013-04-03_11:41:01.163049 consume_time=0.00638604164124
[hades_req] userid=889 uri=/scene/go_to_publicmine time=2013-04-03_11:41:03.813369 consume_time=0.0146970748901 accountid=9
[hades_req] consume_time=0.00402188301086 uri=/admin/leave time=2013-04-03_11:41:04.194424
[hades_req] npcid=1 userid=1337 uri=/astrology/start time=2013-04-03_11:41:21.608708 consume_time=0.0159771442413 accountid=25
[hades_req] uri=/astrology/sell userid=1337 pos=0 time=2013-04-03_11:41:25.312479 consume_time=0.00591683387756 accountid=25
[hades_req] ruler=dan18-privatemine1.xml userid=1337 uri=/scene/jump_to_quest_location time=2013-04-03_11:41:33.054423 map_name=privatemine1 consume_time=0.0590088367462 accountid=25
[hades_req] consume_time=0.00521492958069 uri=/admin/leave time=2013-04-03_11:41:33.325211
[hades_req] userid=1337 uri=/admin/enter mapname=privatemine1 gsid=privatemine1%401 time=2013-04-03_11:41:37.004821 consume_time=0.00670313835144
[hades_req] userid=594 uri=/account/choose_player player=594_卡罗琳 time=2013-04-03_11:42:28.886957 consume_time=0.0143001079559 accountid=9
[hades_req] userid=594 uri=/admin/enter mapname=city gsid=city%401 time=2013-04-03_11:42:30.665478 consume_time=0.0107479095459
[hades_req] userid=594 uri=/scene/go_to_publicmine time=2013-04-03_11:42:32.471866 consume_time=0.0110940933228 accountid=9
[hades_req] consume_time=0.0039918422699 uri=/admin/leave time=2013-04-03_11:42:32.838587
[hades_req] userid=1337 uri=/scene/back_to_city time=2013-04-03_11:42:51.492387 consume_time=0.016909122467 accountid=25
[hades_req] consume_time=0.00514912605286 uri=/admin/leave time=2013-04-03_11:42:51.761745
[hades_req] userid=1337 uri=/admin/enter mapname=city gsid=city%401 time=2013-04-03_11:42:53.851372 consume_time=0.00368213653564
[hades_req] techid=9 userid=1318 uri=/technology/upgrade time=2013-04-03_11:43:04.681565 consume_time=0.0144629478455 accountid=87
[hades_req] techid=9 userid=1318 uri=/technology/upgrade time=2013-04-03_11:43:06.048279 consume_time=0.0142579078674 accountid=87
[hades_req] techid=9 userid=1318 uri=/technology/upgrade time=2013-04-03_11:43:07.465228 consume_time=0.0152089595795 accountid=87
[hades_req] techid=8 userid=1318 uri=/technology/upgrade time=2013-04-03_11:43:08.229961 consume_time=0.0130879878998 accountid=87
[hades_req] userid=889 uri=/account/choose_player player=889_格雷沙姆 time=2013-04-03_11:47:25.456013 consume_time=0.0105459690094 accountid=9
[hades_req] userid=889 uri=/admin/enter mapname=city gsid=city%401 time=2013-04-03_11:47:27.760312 consume_time=0.00690293312073
[hades_req] userid=889 uri=/scene/go_to_publicmine time=2013-04-03_11:48:26.718769 consume_time=0.0540521144867 accountid=9
[hades_req] consume_time=0.00528502464294 uri=/admin/leave time=2013-04-03_11:48:27.167490
[hades_req] userid=594 uri=/account/choose_player player=594_卡罗琳 time=2013-04-03_11:49:11.754189 consume_time=0.0102498531342 accountid=9
[hades_req] userid=594 uri=/admin/enter mapname=city gsid=city%401 time=2013-04-03_11:49:13.492642 consume_time=0.00737190246582
[hades_req] userid=594 uri=/scene/go_to_publicmine time=2013-04-03_11:49:15.642611 consume_time=0.0148358345032 accountid=9
[hades_req] consume_time=0.00447702407837 uri=/admin/leave time=2013-04-03_11:49:16.032482
[hades_req] userid=594 uri=/admin/enter mapname=gonggongditu gsid=gonggongditu%401 time=2013-04-03_11:49:22.272607 consume_time=0.00627207756042
[hades_req] count=30 userid=594 uri=/profile/enlarge_package time=2013-04-03_11:49:40.588318 consume_time=0.00852489471436 accountid=9
[hades_req] techid=8 userid=1318 uri=/technology/upgrade time=2013-04-03_11:59:46.870986 consume_time=0.0174729824066 accountid=87
