[hades_req] userid=1265 uri=/reward/reward_by_gametime time=2013-04-08_13:01:14.703360 consume_time=0.0106918811798 id=4 accountid=63
[hades_req] consume_time=0.00511789321899 uri=/admin/leave time=2013-04-08_13:06:52.599262
[hades_req] user_login=登录 uri=/account/temp_login form_password=13524887981hf time=2013-04-08_13:16:13.486511 form_email=183709629@qq.com consume_time=0.0116090774536
[hades_req] userid=607 uri=/account/choose_player player=607_麦克亚当 time=2013-04-08_13:16:57.949108 consume_time=0.0113589763641 accountid=24
[hades_req] userid=607 uri=/admin/enter mapname=city gsid=city@1 time=2013-04-08_13:17:00.757867 consume_time=0.00670003890991
[hades_req] userid=607 uri=/scene/enter_tavern time=2013-04-08_13:17:37.529919 consume_time=0.00935482978821 type=instance accountid=24
[hades_req] consume_time=0.00600099563599 uri=/admin/leave time=2013-04-08_13:17:37.840057
[hades_req] userid=607 uri=/admin/enter mapname=jiuguanshinei gsid=jiuguanshinei@98 time=2013-04-08_13:17:40.277666 consume_time=0.00772404670715
[hades_req] target=instance_20303001 userid=607 uri=/team/join_to_queue time=2013-04-08_13:17:45.053538 consume_time=0.0111510753632 accountid=24
[hades_req] userid=607 uri=/team/leave_queue time=2013-04-08_13:18:45.480430 consume_time=0.00617599487305 accountid=24
[hades_req] target=instance_20303001 userid=607 uri=/team/join_to_queue time=2013-04-08_13:22:54.075615 consume_time=0.0101370811462 accountid=24
[hades_req] userid=607 uri=/scene/back_to_city time=2013-04-08_13:22:56.864771 consume_time=0.0146369934082 accountid=24
[hades_req] consume_time=0.00429582595825 uri=/admin/leave time=2013-04-08_13:22:57.130367
[hades_req] userid=607 uri=/admin/enter mapname=city gsid=city@1 time=2013-04-08_13:22:59.157405 consume_time=0.00721406936646
[hades_req] userid=607 uri=/scene/enter_tavern time=2013-04-08_13:23:53.829576 consume_time=0.00916695594788 type=instance accountid=24
[hades_req] consume_time=0.00609183311462 uri=/admin/leave time=2013-04-08_13:23:54.102439
[hades_req] userid=607 uri=/admin/enter mapname=jiuguanshinei gsid=jiuguanshinei@98 time=2013-04-08_13:23:55.956661 consume_time=0.00761604309082
[hades_req] target=instance_20303001 userid=607 uri=/team/join_to_queue time=2013-04-08_13:24:00.296752 consume_time=0.00890493392944 accountid=24
[hades_req] userid=607 uri=/team/leave_queue time=2013-04-08_13:24:04.656301 consume_time=0.00418186187744 accountid=24
[hades_req] target=instance_20303001 userid=607 uri=/team/join_to_queue time=2013-04-08_13:24:38.711472 consume_time=0.00775408744812 accountid=24
[hades_req] userid=607 uri=/team/leave_queue time=2013-04-08_13:25:39.375520 consume_time=0.00416302680969 accountid=24
[hades_req] userid=1265 uri=/scene/enter_tavern time=2013-04-08_13:26:52.115765 consume_time=0.0129659175873 type=instance accountid=63
[hades_req] consume_time=0.00449204444885 uri=/admin/leave time=2013-04-08_13:26:52.461112
[hades_req] user_login=登录 uri=/account/temp_login form_password=elaine time=2013-04-08_13:27:08.424988 form_email=elaine2@abc.com consume_time=0.00582408905029
[hades_req] userid=1318 uri=/scene/enter_tavern time=2013-04-08_13:27:32.227805 consume_time=0.0110819339752 type=instance accountid=87
[hades_req] consume_time=0.00508904457092 uri=/admin/leave time=2013-04-08_13:27:32.583571
[hades_req] userid=1318 uri=/admin/enter mapname=jiuguanshinei gsid=jiuguanshinei@98 time=2013-04-08_13:27:34.746602 consume_time=0.00984907150269
[hades_req] userid=1318 uri=/scene/back_to_city time=2013-04-08_13:27:55.764702 consume_time=0.0142419338226 accountid=87
[hades_req] consume_time=0.00514006614685 uri=/admin/leave time=2013-04-08_13:27:56.136257
[hades_req] userid=1318 uri=/admin/enter mapname=city gsid=city@1 time=2013-04-08_13:27:58.258077 consume_time=0.00811195373535
[hades_req] consume_time=0.00539088249207 uri=/admin/leave time=2013-04-08_13:28:02.763831
[hades_req] userid=1265 uri=/account/choose_player player=1265_简 time=2013-04-08_13:32:27.775872 consume_time=0.0123710632324 accountid=63
[hades_req] userid=1265 uri=/admin/enter mapname=city gsid=city@1 time=2013-04-08_13:32:31.263642 consume_time=0.00735688209534
[hades_req] userid=1265 uri=/scene/enter_tavern time=2013-04-08_13:33:22.325680 consume_time=0.00980806350708 type=instance accountid=63
[hades_req] consume_time=0.00572896003723 uri=/admin/leave time=2013-04-08_13:33:22.706594
[hades_req] userid=1265 uri=/admin/enter mapname=jiuguanshinei gsid=jiuguanshinei@98 time=2013-04-08_13:33:25.007706 consume_time=0.00686407089233
[hades_req] target=instance_20303001 userid=1265 uri=/team/join_to_queue time=2013-04-08_13:33:32.359426 consume_time=0.0106470584869 accountid=63
[hades_req] userid=1265 uri=/trade/store/sell time=2013-04-08_13:34:31.870910 position=70 consume_time=0.00727701187134 accountid=63
[hades_req] userid=1265 uri=/trade/store/sell time=2013-04-08_13:34:33.037677 position=66 consume_time=0.0055890083313 accountid=63
[hades_req] userid=1265 uri=/package/sort time=2013-04-08_13:34:42.788270 consume_time=0.00659108161926 accountid=63
[hades_req] userid=1265 uri=/trade/store/sell time=2013-04-08_13:34:53.952798 position=60 consume_time=0.0056369304657 accountid=63
[hades_req] userid=1265 uri=/trade/store/sell time=2013-04-08_13:34:56.924785 position=61 consume_time=0.00525307655334 accountid=63
[hades_req] userid=1265 uri=/trade/store/sell time=2013-04-08_13:35:05.236288 position=55 consume_time=0.00618600845337 accountid=63
[hades_req] userid=1265 uri=/trade/store/sell time=2013-04-08_13:35:06.851740 position=56 consume_time=0.0049090385437 accountid=63
[hades_req] userid=1265 uri=/trade/store/sell time=2013-04-08_13:35:09.019295 position=57 consume_time=0.00657606124878 accountid=63
[hades_req] userid=1265 uri=/trade/store/sell time=2013-04-08_13:35:10.651433 position=58 consume_time=0.00567412376404 accountid=63
[hades_req] userid=1265 uri=/trade/store/sell time=2013-04-08_13:35:19.602314 position=62 consume_time=0.00647401809692 accountid=63
[hades_req] userid=1265 uri=/trade/store/sell time=2013-04-08_13:35:20.766562 position=63 consume_time=0.00540900230408 accountid=63
[hades_req] accountid=63 userid=1265 uri=/blacksmith/combine time=2013-04-08_13:36:31.524477 consume_time=0.0155940055847 should_by_buy=0 combine_id=4000
[hades_req] accountid=63 userid=1265 uri=/blacksmith/combine time=2013-04-08_13:36:35.307619 consume_time=0.0153951644897 should_by_buy=0 combine_id=4011
[hades_req] accountid=63 userid=1265 uri=/blacksmith/combine time=2013-04-08_13:36:38.340900 consume_time=0.0154581069946 should_by_buy=0 combine_id=4012
[hades_req] accountid=63 userid=1265 uri=/blacksmith/combine time=2013-04-08_13:36:41.459384 consume_time=0.0168721675873 should_by_buy=0 combine_id=4022
[hades_req] accountid=63 userid=1265 uri=/blacksmith/combine time=2013-04-08_13:36:47.710166 consume_time=0.0165438652039 should_by_buy=0 combine_id=4044
[hades_req] accountid=63 userid=1265 uri=/blacksmith/combine time=2013-04-08_13:36:59.822864 consume_time=0.0155651569366 should_by_buy=0 combine_id=5001
[hades_req] accountid=63 userid=1265 uri=/blacksmith/combine time=2013-04-08_13:37:01.336255 consume_time=0.0121929645538 should_by_buy=0 combine_id=5001
[hades_req] accountid=63 userid=1265 uri=/blacksmith/combine time=2013-04-08_13:37:02.654887 consume_time=0.0121159553528 should_by_buy=0 combine_id=5001
[hades_req] accountid=63 userid=1265 uri=/blacksmith/combine time=2013-04-08_13:37:04.922430 consume_time=0.0137619972229 should_by_buy=0 combine_id=5001
[hades_req] accountid=63 userid=1265 uri=/blacksmith/combine time=2013-04-08_13:37:09.803539 consume_time=0.0108740329742 should_by_buy=0 combine_id=5002
[hades_req] accountid=63 userid=1265 uri=/blacksmith/combine time=2013-04-08_13:37:10.686386 consume_time=0.0123000144958 should_by_buy=0 combine_id=5002
[hades_req] accountid=63 userid=1265 uri=/blacksmith/combine time=2013-04-08_13:37:11.088927 consume_time=0.0122380256653 should_by_buy=0 combine_id=5002
[hades_req] accountid=63 userid=1265 uri=/blacksmith/combine time=2013-04-08_13:37:21.605792 consume_time=0.0138728618622 should_by_buy=0 combine_id=5003
[hades_req] userid=1265 uri=/team/leave_queue time=2013-04-08_13:37:45.244933 consume_time=0.00448393821716 accountid=63
[hades_req] userid=1265 uri=/scene/back_to_city time=2013-04-08_13:37:48.756176 consume_time=0.0156490802765 accountid=63
[hades_req] consume_time=0.00424385070801 uri=/admin/leave time=2013-04-08_13:37:49.091372
[hades_req] userid=1265 uri=/admin/enter mapname=city gsid=city@1 time=2013-04-08_13:37:51.068148 consume_time=0.00823593139648
[hades_req] userid=1265 uri=/reward/reward_by_gametime time=2013-04-08_13:37:54.916208 consume_time=0.00869989395142 id=5 accountid=63
[hades_req] accountid=63 userid=1265 uri=/blacksmith/combine time=2013-04-08_13:38:07.218393 consume_time=0.0149722099304 should_by_buy=0 combine_id=4033
[hades_req] accountid=63 userid=1265 uri=/blacksmith/combine time=2013-04-08_13:38:11.754085 consume_time=0.0164999961853 should_by_buy=0 combine_id=4034
[hades_req] npcid=4 userid=1265 uri=/astrology/shortcut_start time=2013-04-08_13:38:26.926139 consume_time=0.155977010727 accountid=63
[hades_req] repeat_time=99 userid=1265 uri=/instance/start_clean_instance instance_id=10403901 time=2013-04-08_13:39:03.592195 consume_time=0.00542807579041 accountid=63
[hades_req] repeat_time=99 userid=1265 uri=/instance/start_clean_instance instance_id=10403901 time=2013-04-08_13:39:06.155779 consume_time=0.0041229724884 accountid=63
[hades_req] repeat_time=5 userid=1265 uri=/instance/start_clean_instance instance_id=10403901 time=2013-04-08_13:39:13.390630 consume_time=0.00397205352783 accountid=63
[hades_req] skip_time=1 userid=1265 uri=/instance/end_clean_instance time=2013-04-08_13:39:16.464712 consume_time=0.160248041153 accountid=63
[hades_req] userid=1154 uri=/account/choose_player player=1154_罗斯福 time=2013-04-08_13:39:30.583966 consume_time=0.011815071106 accountid=9
[hades_req] userid=1154 uri=/admin/enter mapname=city gsid=city@1 time=2013-04-08_13:39:33.202866 consume_time=0.0081160068512
[hades_req] ruler=dan40-shamo1.xml userid=1265 uri=/scene/jump_to_quest_location time=2013-04-08_13:39:36.051012 map_name=shamo1 consume_time=0.0625479221344 accountid=63
[hades_req] consume_time=0.00531697273254 uri=/admin/leave time=2013-04-08_13:39:36.387583
[hades_req] consume_time=0.00314688682556 uri=/admin/leave time=2013-04-08_13:39:37.459718
[hades_req] userid=1265 uri=/admin/enter mapname=shamo1 gsid=shamo1@1 time=2013-04-08_13:39:40.421590 consume_time=0.00742101669312
[hades_req] userid=1045 uri=/account/choose_player player=1045_甘道夫 time=2013-04-08_13:41:30.737196 consume_time=0.0118010044098 accountid=9
[hades_req] userid=1045 uri=/admin/enter mapname=city gsid=city@1 time=2013-04-08_13:41:33.195985 consume_time=0.0132648944855
[hades_req] consume_time=0.00453782081604 uri=/admin/leave time=2013-04-08_13:41:35.256886
[hades_req] userid=1265 uri=/scene/back_to_city time=2013-04-08_13:42:36.377220 consume_time=0.014888048172 accountid=63
[hades_req] consume_time=0.0048770904541 uri=/admin/leave time=2013-04-08_13:42:36.728713
[hades_req] userid=1265 uri=/admin/enter mapname=city gsid=city@1 time=2013-04-08_13:42:38.754252 consume_time=0.00622391700745
[hades_req] userid=1045 uri=/account/choose_player player=1045_甘道夫 time=2013-04-08_13:42:41.849160 consume_time=0.0144610404968 accountid=9
[hades_req] userid=1045 uri=/admin/enter mapname=city gsid=city@1 time=2013-04-08_13:42:44.085501 consume_time=0.00851702690125
[hades_req] consume_time=0.00438785552979 uri=/admin/leave time=2013-04-08_13:42:47.960012
[hades_req] ruler=dan41-dilao1.xml userid=1265 uri=/scene/jump_to_quest_location time=2013-04-08_13:43:04.369070 map_name=dilao1 consume_time=0.0559520721436 accountid=63
[hades_req] consume_time=0.00447010993958 uri=/admin/leave time=2013-04-08_13:43:04.807519
[hades_req] userid=1265 uri=/admin/enter mapname=dilao1 gsid=dilao1@1 time=2013-04-08_13:43:09.254717 consume_time=0.00744104385376
[hades_req] userid=1318 uri=/account/choose_player player=1318_琳达 time=2013-04-08_13:43:58.976046 consume_time=0.0126869678497 accountid=87
[hades_req] userid=1318 uri=/admin/enter mapname=city gsid=city@1 time=2013-04-08_13:44:00.452648 consume_time=0.00635099411011
[hades_req] userid=1265 uri=/scene/back_to_city time=2013-04-08_13:45:11.872345 consume_time=0.0146210193634 accountid=63
[hades_req] consume_time=0.0044858455658 uri=/admin/leave time=2013-04-08_13:45:12.248444
[hades_req] userid=1265 uri=/admin/enter mapname=city gsid=city@1 time=2013-04-08_13:45:14.364473 consume_time=0.00672197341919
[hades_req] ruler=dan42-dilao2.xml userid=1265 uri=/scene/jump_to_quest_location time=2013-04-08_13:45:38.525123 map_name=dilao2 consume_time=0.0684249401093 accountid=63
[hades_req] consume_time=0.00424003601074 uri=/admin/leave time=2013-04-08_13:45:38.953462
[hades_req] userid=1265 uri=/admin/enter mapname=dilao2 gsid=dilao2@1 time=2013-04-08_13:45:41.835935 consume_time=0.00710988044739
[hades_req] consume_time=0.00452613830566 uri=/admin/leave time=2013-04-08_13:46:01.122712
[hades_req] userid=1318 uri=/account/choose_player player=1318_琳达 time=2013-04-08_13:46:26.993999 consume_time=0.013601064682 accountid=87
[hades_req] userid=1318 uri=/admin/enter mapname=city gsid=city@1 time=2013-04-08_13:46:29.127659 consume_time=0.0075318813324
[hades_req] consume_time=0.0047779083252 uri=/admin/leave time=2013-04-08_13:46:39.939665
[hades_req] userid=1318 uri=/account/choose_player player=1318_琳达 time=2013-04-08_13:47:14.293550 consume_time=0.012622833252 accountid=87
[hades_req] userid=1318 uri=/admin/enter mapname=city gsid=city@1 time=2013-04-08_13:47:16.547262 consume_time=0.00674200057983
[hades_req] userid=1045 uri=/account/choose_player player=1045_甘道夫 time=2013-04-08_13:47:28.317342 consume_time=0.0123128890991 accountid=9
[hades_req] userid=1265 uri=/blacksmith/separate item=package@16,package@17,package@49,package@55,package@56,package@57,package@58,package@60,package@61,package@74 time=2013-04-08_13:47:28.364552 consume_time=0.0640580654144 accountid=63
[hades_req] userid=1045 uri=/admin/enter mapname=city gsid=city@1 time=2013-04-08_13:47:30.872029 consume_time=0.00720500946045
[hades_req] userid=1318 target_id=1045 uri=/friend/friend_request time=2013-04-08_13:47:36.019641 consume_time=0.0188589096069 accountid=87
[hades_req] userid=1265 uri=/blacksmith/separate item=package@73,package@72,package@71,package@70 time=2013-04-08_13:47:42.209761 consume_time=0.0262970924377 accountid=63
[hades_req] consume_time=0.005863904953 uri=/admin/leave time=2013-04-08_13:47:50.871532
[hades_req] user_login=登录 uri=/account/temp_login form_password=123456 time=2013-04-08_13:48:39.966485 form_email=majing@111.com consume_time=0.00640797615051
[hades_req] userid=1265 uri=/scene/back_to_city time=2013-04-08_13:48:44.331751 consume_time=0.015389919281 accountid=63
[hades_req] consume_time=0.00458097457886 uri=/admin/leave time=2013-04-08_13:48:44.698132
[hades_req] userid=1318 uri=/account/choose_player player=1318_琳达 time=2013-04-08_13:48:45.858683 consume_time=0.0118701457977 accountid=87
[hades_req] userid=1265 uri=/admin/enter mapname=city gsid=city@1 time=2013-04-08_13:48:46.916965 consume_time=0.00766491889954
[hades_req] userid=1318 uri=/admin/enter mapname=city gsid=city@1 time=2013-04-08_13:48:48.170718 consume_time=0.00684189796448
[hades_req] userid=1354 uri=/account/choose_player player=1354_雪丽 time=2013-04-08_13:48:53.427240 consume_time=0.0121281147003 accountid=25
[hades_req] userid=1354 uri=/admin/enter mapname=city gsid=city@1 time=2013-04-08_13:48:55.892657 consume_time=0.0150790214539
[hades_req] userid=1318 target_id=1045 uri=/friend/friend_request time=2013-04-08_13:49:02.063817 consume_time=0.0166330337524 accountid=87
[hades_req] ruler=dan43-dilao3.xml userid=1265 uri=/scene/jump_to_quest_location time=2013-04-08_13:49:04.239302 map_name=dilao3 consume_time=0.0681140422821 accountid=63
[hades_req] consume_time=0.00500822067261 uri=/admin/leave time=2013-04-08_13:49:04.623271
[hades_req] userid=1265 uri=/admin/enter mapname=dilao3 gsid=dilao3@1 time=2013-04-08_13:49:07.683156 consume_time=0.00794911384583
[hades_req] userid=1265 target_id=1045 uri=/friend/friend_request time=2013-04-08_13:49:10.584440 consume_time=0.0173318386078 accountid=63
[hades_req] userid=1318 target_id=1045 uri=/friend/friend_request time=2013-04-08_13:49:10.608068 consume_time=0.0177118778229 accountid=87
[hades_req] userid=1045 uri=/msg/read time=2013-04-08_13:49:34.195977 consume_time=0.0059380531311 msgkey=0@1365350400.68 accountid=9
[hades_req] userid=1045 uri=/msg/loads_attachment time=2013-04-08_13:49:35.190910 consume_time=0.0121309757233 msgkey=0@1365350400.68 accountid=9
[hades_req] userid=1318 target_id=1045 uri=/friend/friend_request time=2013-04-08_13:49:37.685792 consume_time=0.00586891174316 accountid=87
[hades_req] target_id=1318 userid=1045 uri=/friend/accept_friend_request time=2013-04-08_13:49:39.839504 consume_time=0.0107951164246 accountid=9
[hades_req] userid=1045 uri=/msg/read time=2013-04-08_13:49:41.123068 consume_time=0.0056779384613 msgkey=0@1365264000.26 accountid=9
[hades_req] userid=1045 uri=/msg/loads_attachment time=2013-04-08_13:49:41.994540 consume_time=0.0159919261932 msgkey=0@1365264000.26 accountid=9
[hades_req] userid=1045 uri=/msg/read time=2013-04-08_13:49:44.513537 consume_time=0.00602102279663 msgkey=0@1365177600.34 accountid=9
[hades_req] userid=1045 uri=/msg/loads_attachment time=2013-04-08_13:49:45.372290 consume_time=0.0137541294098 msgkey=0@1365177600.34 accountid=9
[hades_req] consume_time=0.0042929649353 uri=/admin/leave time=2013-04-08_13:50:17.629751
[hades_req] userid=1045 uri=/goal/get_reward goal_id=2 time=2013-04-08_13:51:25.920940 consume_time=0.0124788284302 accountid=9
[hades_req] userid=1045 uri=/goal/get_reward goal_id=1 time=2013-04-08_13:51:28.534970 consume_time=0.0115530490875 accountid=9
[hades_req] consume_time=0.00394010543823 uri=/admin/leave time=2013-04-08_13:51:34.499224
[hades_req] userid=1265 uri=/scene/back_to_city time=2013-04-08_13:51:41.575423 consume_time=0.0163660049438 accountid=63
[hades_req] consume_time=0.0044059753418 uri=/admin/leave time=2013-04-08_13:51:41.950091
[hades_req] userid=1265 uri=/admin/enter mapname=city gsid=city@1 time=2013-04-08_13:51:44.038802 consume_time=0.00629615783691
[hades_req] ruler=dan44-dilao4.xml userid=1265 uri=/scene/jump_to_quest_location time=2013-04-08_13:52:13.351751 map_name=dilao4 consume_time=0.0582060813904 accountid=63
[hades_req] consume_time=0.00481200218201 uri=/admin/leave time=2013-04-08_13:52:13.730809
[hades_req] userid=1265 uri=/admin/enter mapname=dilao4 gsid=dilao4@1 time=2013-04-08_13:52:16.831194 consume_time=0.00738596916199
[hades_req] userid=1318 uri=/account/choose_player player=1318_琳达 time=2013-04-08_13:53:51.668619 consume_time=0.0114119052887 accountid=87
[hades_req] userid=1318 uri=/admin/enter mapname=city gsid=city@1 time=2013-04-08_13:53:53.979023 consume_time=0.00642704963684
[hades_req] userid=1265 uri=/scene/back_to_city time=2013-04-08_13:54:56.615505 consume_time=0.0136568546295 accountid=63
[hades_req] consume_time=0.00453519821167 uri=/admin/leave time=2013-04-08_13:54:56.980473
[hades_req] userid=1265 uri=/admin/enter mapname=city gsid=city@1 time=2013-04-08_13:54:59.034683 consume_time=0.00674486160278
[hades_req] userid=1318 uri=/scene/go_to_battleland time=2013-04-08_13:55:56.341624 consume_time=0.0169689655304 accountid=87
[hades_req] consume_time=0.00481200218201 uri=/admin/leave time=2013-04-08_13:55:56.716912
[hades_req] userid=1318 uri=/admin/enter mapname=zhanchang gsid=zhanchang@1 time=2013-04-08_13:55:59.583459 consume_time=0.00660490989685
[hades_req] ruler=dan45-dilao5.xml userid=1265 uri=/scene/jump_to_quest_location time=2013-04-08_13:56:00.741952 map_name=dilao5 consume_time=0.0559060573578 accountid=63
[hades_req] consume_time=0.00443816184998 uri=/admin/leave time=2013-04-08_13:56:01.109679
[hades_req] userid=1265 uri=/admin/enter mapname=dilao5 gsid=dilao5@1 time=2013-04-08_13:56:03.995316 consume_time=0.00696301460266
[hades_req] userid=1318 uri=/scene/back_to_city time=2013-04-08_13:57:32.455152 consume_time=0.0184578895569 accountid=87
[hades_req] consume_time=0.00664186477661 uri=/admin/leave time=2013-04-08_13:57:32.815938
[hades_req] userid=1318 uri=/admin/enter mapname=city gsid=city@1 time=2013-04-08_13:57:34.886785 consume_time=0.00871515274048
[hades_req] userid=1265 uri=/scene/back_to_city time=2013-04-08_13:58:42.410712 consume_time=0.0179951190948 accountid=63
[hades_req] consume_time=0.00521898269653 uri=/admin/leave time=2013-04-08_13:58:42.788489
[hades_req] userid=1265 uri=/admin/enter mapname=city gsid=city@1 time=2013-04-08_13:58:45.033970 consume_time=0.00901103019714
[hades_req] repeat_time=1 userid=1265 uri=/instance/start_clean_instance instance_id=10404001 time=2013-04-08_13:59:12.094871 consume_time=0.00464391708374 accountid=63
[hades_req] skip_time=1 userid=1265 uri=/instance/end_clean_instance time=2013-04-08_13:59:15.109275 consume_time=0.0689618587494 accountid=63
[hades_req] repeat_time=1 userid=1265 uri=/instance/start_clean_instance instance_id=10404001 time=2013-04-08_13:59:39.727414 consume_time=0.00538015365601 accountid=63
[hades_req] skip_time=1 userid=1265 uri=/instance/end_clean_instance time=2013-04-08_13:59:46.740852 consume_time=0.0413417816162 accountid=63
