[hades_req] userid=1265 uri=/instance/revive revive_mod=free time=2013-04-02_12:02:23.111857 death_rule_type=single consume_time=0.00764179229736 accountid=63
[hades_req] userid=1265 uri=/scene/back_to_city time=2013-04-02_12:05:09.605471 consume_time=0.0132219791412 accountid=63
[hades_req] consume_time=0.00444507598877 uri=/admin/leave time=2013-04-02_12:05:09.945489
[hades_req] userid=1265 uri=/admin/enter mapname=city gsid=city%401 time=2013-04-02_12:05:12.044904 consume_time=0.00676488876343
[hades_req] userid=1265 uri=/blacksmith/wash time=2013-04-02_12:05:43.637247 consume_time=0.0210840702057 wash_item=equiped@head accountid=63
[hades_req] userid=1265 uri=/scene/enter_tavern time=2013-04-02_12:06:12.104428 consume_time=0.0097279548645 type=jjc accountid=63
[hades_req] consume_time=0.00395703315735 uri=/admin/leave time=2013-04-02_12:06:12.386818
[hades_req] userid=1265 uri=/admin/enter mapname=jiuguanshinei gsid=jiuguanshinei%4099 time=2013-04-02_12:06:14.147628 consume_time=0.00737500190735
[hades_req] userid=1318 uri=/scene/enter_tavern time=2013-04-02_12:06:22.217083 consume_time=0.00845408439636 type=jjc accountid=87
[hades_req] consume_time=0.00527286529541 uri=/admin/leave time=2013-04-02_12:06:22.520285
[hades_req] userid=1318 uri=/admin/enter mapname=jiuguanshinei gsid=jiuguanshinei%4099 time=2013-04-02_12:06:24.315281 consume_time=0.00767302513123
[hades_req] target=jjc_0 userid=1318 uri=/team/join_to_queue time=2013-04-02_12:06:34.001164 consume_time=0.0104489326477 accountid=87
[hades_req] target=jjc_0 userid=1265 uri=/team/join_to_queue time=2013-04-02_12:06:37.781884 consume_time=0.0110919475555 accountid=63
[hades_req] userid=1275 uri=/account/choose_player player=1275_泰蜜 time=2013-04-02_12:07:29.272322 consume_time=0.0119440555573 accountid=90
[hades_req] userid=1318 uri=/team/leave_queue time=2013-04-02_12:07:34.412715 consume_time=0.00406503677368 accountid=87
[hades_req] userid=1275 uri=/admin/enter mapname=city gsid=city%401 time=2013-04-02_12:07:34.995333 consume_time=0.01282787323
[hades_req] userid=1265 uri=/team/leave_queue time=2013-04-02_12:07:37.842761 consume_time=0.00440406799316 accountid=63
[hades_req] userid=1275 uri=/scene/enter_tavern time=2013-04-02_12:07:45.277271 consume_time=0.0101249217987 type=jjc accountid=90
[hades_req] consume_time=0.00482106208801 uri=/admin/leave time=2013-04-02_12:07:45.520426
[hades_req] target=jjc_0 userid=1318 uri=/team/join_to_queue time=2013-04-02_12:07:47.568086 consume_time=0.0107710361481 accountid=87
[hades_req] userid=1275 uri=/admin/enter mapname=jiuguanshinei gsid=jiuguanshinei%4099 time=2013-04-02_12:07:49.763731 consume_time=0.00675201416016
[hades_req] target=jjc_0 userid=1265 uri=/team/join_to_queue time=2013-04-02_12:07:50.202873 consume_time=0.00994992256165 accountid=63
[hades_req] target=jjc_0 userid=1275 uri=/team/join_to_queue time=2013-04-02_12:07:51.990581 consume_time=0.00696992874146 accountid=90
[hades_req] userid=889 uri=/account/choose_player player=889_格雷沙姆 time=2013-04-02_12:08:36.570791 consume_time=0.0120618343353 accountid=9
[hades_req] userid=889 uri=/admin/enter mapname=city gsid=city%401 time=2013-04-02_12:08:39.508500 consume_time=0.0144371986389
[hades_req] userid=889 uri=/scene/enter_tavern time=2013-04-02_12:08:44.353145 consume_time=0.00741100311279 type=jjc accountid=9
[hades_req] consume_time=0.00483202934265 uri=/admin/leave time=2013-04-02_12:08:44.767701
[hades_req] userid=889 uri=/admin/enter mapname=jiuguanshinei gsid=jiuguanshinei%4099 time=2013-04-02_12:08:47.644736 consume_time=0.00890398025513
[hades_req] userid=1318 uri=/team/leave_queue time=2013-04-02_12:08:47.975406 consume_time=0.00470590591431 accountid=87
[hades_req] userid=1265 uri=/team/leave_queue time=2013-04-02_12:08:50.238246 consume_time=0.00385499000549 accountid=63
[hades_req] target=jjc_0 userid=889 uri=/team/join_to_queue time=2013-04-02_12:08:50.909104 consume_time=0.00722885131836 accountid=9
[hades_req] userid=1275 uri=/team/leave_queue time=2013-04-02_12:08:51.851785 consume_time=0.0049741268158 accountid=90
[hades_req] target=jjc_0 userid=1265 uri=/team/join_to_queue time=2013-04-02_12:08:54.300123 consume_time=0.011216878891 accountid=63
[hades_req] target=jjc_0 userid=1275 uri=/team/join_to_queue time=2013-04-02_12:08:55.220003 consume_time=0.00678300857544 accountid=90
[hades_req] target=jjc_0 userid=1318 uri=/team/join_to_queue time=2013-04-02_12:08:58.103093 consume_time=0.0110499858856 accountid=87
[hades_req] userid=1265 uri=/scene/go_to_jjc time=2013-04-02_12:09:13.322844 consume_time=0.00157785415649 accountid=63
[hades_req] userid=1318 uri=/scene/go_to_jjc time=2013-04-02_12:09:13.367512 consume_time=0.00175595283508 accountid=87
[hades_req] userid=1275 uri=/scene/go_to_jjc time=2013-04-02_12:09:13.464100 consume_time=0.00145101547241 accountid=90
[hades_req] consume_time=0.00439500808716 uri=/admin/leave time=2013-04-02_12:09:13.649709
[hades_req] consume_time=0.00604796409607 uri=/admin/leave time=2013-04-02_12:09:13.761742
[hades_req] consume_time=0.00470089912415 uri=/admin/leave time=2013-04-02_12:09:13.796779
[hades_req] userid=1265 uri=/admin/enter mapname=jingjichang gsid=jingjichang%401 time=2013-04-02_12:09:15.385723 consume_time=0.00624203681946
[hades_req] userid=1318 uri=/admin/enter mapname=jingjichang gsid=jingjichang%401 time=2013-04-02_12:09:16.107152 consume_time=0.00789213180542
[hades_req] userid=889 uri=/scene/go_to_jjc time=2013-04-02_12:09:16.354050 consume_time=0.00142693519592 accountid=9
[hades_req] consume_time=0.00438094139099 uri=/admin/leave time=2013-04-02_12:09:16.823378
[hades_req] userid=889 uri=/admin/enter mapname=jingjichang gsid=jingjichang%401 time=2013-04-02_12:09:19.778300 consume_time=0.00595021247864
[hades_req] userid=1275 uri=/admin/enter mapname=jingjichang gsid=jingjichang%401 time=2013-04-02_12:09:20.430303 consume_time=0.00773215293884
[hades_req] userid=889 uri=/scene/enter_tavern time=2013-04-02_12:09:35.285419 consume_time=0.00933384895325 type=jjc accountid=9
[hades_req] consume_time=0.00529098510742 uri=/admin/leave time=2013-04-02_12:09:35.731237
[hades_req] userid=1265 uri=/scene/enter_tavern time=2013-04-02_12:09:36.443847 consume_time=0.0077691078186 type=jjc accountid=63
[hades_req] consume_time=0.00394988059998 uri=/admin/leave time=2013-04-02_12:09:36.760795
[hades_req] userid=889 uri=/admin/enter mapname=jiuguanshinei gsid=jiuguanshinei%4099 time=2013-04-02_12:09:37.944342 consume_time=0.00761795043945
[hades_req] userid=1318 uri=/scene/enter_tavern time=2013-04-02_12:09:38.386975 consume_time=0.0082790851593 type=jjc accountid=87
[hades_req] userid=1265 uri=/admin/enter mapname=jiuguanshinei gsid=jiuguanshinei%4099 time=2013-04-02_12:09:38.642176 consume_time=0.00754809379578
[hades_req] consume_time=0.00392699241638 uri=/admin/leave time=2013-04-02_12:09:38.702808
[hades_req] userid=1318 uri=/admin/enter mapname=jiuguanshinei gsid=jiuguanshinei%4099 time=2013-04-02_12:09:40.518836 consume_time=0.00705718994141
[hades_req] userid=1275 uri=/scene/enter_tavern time=2013-04-02_12:09:41.053570 consume_time=0.00942301750183 type=jjc accountid=90
[hades_req] consume_time=0.00496792793274 uri=/admin/leave time=2013-04-02_12:09:41.259828
[hades_req] userid=1275 uri=/admin/enter mapname=jiuguanshinei gsid=jiuguanshinei%4099 time=2013-04-02_12:09:43.349079 consume_time=0.00771808624268
[hades_req] target=jjc_0 userid=1275 uri=/team/join_to_queue time=2013-04-02_12:09:46.485695 consume_time=0.00860905647278 accountid=90
[hades_req] target=jjc_0 userid=1318 uri=/team/join_to_queue time=2013-04-02_12:09:50.204009 consume_time=0.00992107391357 accountid=87
[hades_req] target=jjc_0 userid=1265 uri=/team/join_to_queue time=2013-04-02_12:09:51.649722 consume_time=0.0105440616608 accountid=63
[hades_req] target=jjc_0 userid=889 uri=/team/join_to_queue time=2013-04-02_12:10:13.854656 consume_time=0.00832390785217 accountid=9
[hades_req] userid=889 uri=/team/leave_queue time=2013-04-02_12:10:18.655404 consume_time=0.00123310089111 accountid=9
[hades_req] userid=1265 uri=/team/leave_queue time=2013-04-02_12:10:18.915606 consume_time=0.00116586685181 accountid=63
[hades_req] userid=889 uri=/scene/back_to_city time=2013-04-02_12:10:20.760375 consume_time=0.0163929462433 accountid=9
[hades_req] consume_time=0.00451898574829 uri=/admin/leave time=2013-04-02_12:10:21.199437
[hades_req] userid=1265 uri=/scene/back_to_city time=2013-04-02_12:10:22.463356 consume_time=0.0146489143372 accountid=63
[hades_req] consume_time=0.00415301322937 uri=/admin/leave time=2013-04-02_12:10:22.817452
[hades_req] userid=889 uri=/admin/enter mapname=city gsid=city%401 time=2013-04-02_12:10:23.285372 consume_time=0.00849199295044
[hades_req] userid=1265 uri=/admin/enter mapname=city gsid=city%401 time=2013-04-02_12:10:24.998241 consume_time=0.00717186927795
[hades_req] userid=889 uri=/reward/reward_by_checkin time=2013-04-02_12:10:29.606790 consume_time=0.0093719959259 accountid=9
[hades_req] userid=1265 uri=/scene/enter_tavern time=2013-04-02_12:10:29.689428 consume_time=0.00829696655273 type=instance accountid=63
[hades_req] consume_time=0.00495386123657 uri=/admin/leave time=2013-04-02_12:10:29.960777
[hades_req] consume_time=0.00507402420044 uri=/admin/leave time=2013-04-02_12:10:30.216029
[hades_req] userid=1265 uri=/admin/enter mapname=jiuguanshinei gsid=jiuguanshinei%4098 time=2013-04-02_12:10:31.774122 consume_time=0.00719499588013
[hades_req] userid=889 uri=/scene/enter_tavern time=2013-04-02_12:10:32.457291 consume_time=0.00764298439026 type=instance accountid=9
[hades_req] consume_time=0.00474309921265 uri=/admin/leave time=2013-04-02_12:10:32.869539
[hades_req] userid=1318 uri=/scene/back_to_city time=2013-04-02_12:10:33.317407 consume_time=0.0130140781403 accountid=87
[hades_req] consume_time=0.00462102890015 uri=/admin/leave time=2013-04-02_12:10:33.584340
[hades_req] userid=889 uri=/admin/enter mapname=jiuguanshinei gsid=jiuguanshinei%4098 time=2013-04-02_12:10:34.681554 consume_time=0.00738406181335
[hades_req] userid=1318 uri=/admin/enter mapname=city gsid=city%401 time=2013-04-02_12:10:35.645283 consume_time=0.00780320167542
[hades_req] userid=1318 uri=/scene/enter_tavern time=2013-04-02_12:10:39.459675 consume_time=0.00849390029907 type=instance accountid=87
[hades_req] consume_time=0.00482106208801 uri=/admin/leave time=2013-04-02_12:10:39.748258
[hades_req] target=instance_20101001 userid=889 uri=/team/join_to_queue time=2013-04-02_12:10:39.935040 consume_time=0.00831294059753 accountid=9
[hades_req] userid=1318 uri=/admin/enter mapname=jiuguanshinei gsid=jiuguanshinei%4098 time=2013-04-02_12:10:41.522891 consume_time=0.00682497024536
[hades_req] target=instance_20101001 userid=1265 uri=/team/join_to_queue time=2013-04-02_12:10:41.866110 consume_time=0.0125398635864 accountid=63
[hades_req] target=instance_20101001 userid=1318 uri=/team/join_to_queue time=2013-04-02_12:10:45.363745 consume_time=0.0100359916687 accountid=87
[hades_req] ruler=/terminus/crown/data/cnscript/map_xml/duo10-yewai1.xml userid=889 uri=/scene/jump_to_team_instance time=2013-04-02_12:10:48.611594 map_name=yewai1 consume_time=0.00488805770874 accountid=9
[hades_req] consume_time=0.00424194335938 uri=/admin/leave time=2013-04-02_12:10:49.009910
[hades_req] userid=889 uri=/admin/enter mapname=yewai1 gsid=yewai1%401 time=2013-04-02_12:10:51.944761 consume_time=0.00817108154297
[hades_req] userid=1318 uri=/team/leave_queue time=2013-04-02_12:11:38.371916 consume_time=0.00419807434082 accountid=87
[hades_req] target=instance_20101001 userid=1318 uri=/team/join_to_queue time=2013-04-02_12:11:39.346808 consume_time=0.0121610164642 accountid=87
[hades_req] userid=1265 uri=/team/leave_queue time=2013-04-02_12:11:42.466235 consume_time=0.00447988510132 accountid=63
[hades_req] userid=889 uri=/scene/back_to_city time=2013-04-02_12:11:54.062183 consume_time=0.0165228843689 accountid=9
[hades_req] consume_time=0.00647282600403 uri=/admin/leave time=2013-04-02_12:11:54.492996
[hades_req] userid=889 uri=/admin/enter mapname=city gsid=city%401 time=2013-04-02_12:11:56.411669 consume_time=0.00623393058777
[hades_req] target=instance_20101001 userid=1265 uri=/team/join_to_queue time=2013-04-02_12:11:58.679046 consume_time=0.00951218605042 accountid=63
[hades_req] userid=889 uri=/scene/enter_tavern time=2013-04-02_12:12:01.522704 consume_time=0.00780010223389 type=instance accountid=9
[hades_req] consume_time=0.00498700141907 uri=/admin/leave time=2013-04-02_12:12:01.969288
[hades_req] userid=889 uri=/admin/enter mapname=jiuguanshinei gsid=jiuguanshinei%4098 time=2013-04-02_12:12:03.874338 consume_time=0.00864410400391
[hades_req] target=instance_20101001 userid=889 uri=/team/join_to_queue time=2013-04-02_12:12:08.620140 consume_time=0.00882315635681 accountid=9
[hades_req] ruler=/terminus/crown/data/cnscript/map_xml/duo10-yewai1.xml userid=889 uri=/scene/jump_to_team_instance time=2013-04-02_12:12:15.021373 map_name=yewai1 consume_time=0.00560021400452 accountid=9
[hades_req] consume_time=0.00443816184998 uri=/admin/leave time=2013-04-02_12:12:15.469359
[hades_req] userid=889 uri=/admin/enter mapname=yewai1 gsid=yewai1%402 time=2013-04-02_12:12:17.488976 consume_time=0.0107078552246
[hades_req] userid=1265 uri=/scene/back_to_city time=2013-04-02_12:12:33.705179 consume_time=0.0122029781342 accountid=63
[hades_req] consume_time=0.00333619117737 uri=/admin/leave time=2013-04-02_12:12:33.950261
[hades_req] userid=1265 uri=/admin/enter mapname=city gsid=city%401 time=2013-04-02_12:12:35.982280 consume_time=0.00739693641663
[hades_req] userid=1318 uri=/team/leave_queue time=2013-04-02_12:12:39.564330 consume_time=0.00568222999573 accountid=87
[hades_req] userid=889 uri=/scene/back_to_city time=2013-04-02_12:12:45.802285 consume_time=0.0163490772247 accountid=9
[hades_req] target=instance_20101001 userid=1318 uri=/team/join_to_queue time=2013-04-02_12:12:45.964896 consume_time=0.0122101306915 accountid=87
[hades_req] consume_time=0.00425982475281 uri=/admin/leave time=2013-04-02_12:12:46.259779
[hades_req] userid=889 uri=/admin/enter mapname=city gsid=city%401 time=2013-04-02_12:12:48.409902 consume_time=0.00635004043579
[hades_req] userid=1265 uri=/scene/enter_tavern time=2013-04-02_12:12:49.738233 consume_time=0.010803937912 type=instance accountid=63
[hades_req] consume_time=0.00552487373352 uri=/admin/leave time=2013-04-02_12:12:50.068951
[hades_req] userid=889 uri=/scene/enter_tavern time=2013-04-02_12:12:50.923958 consume_time=0.00927305221558 type=instance accountid=9
[hades_req] consume_time=0.00470900535583 uri=/admin/leave time=2013-04-02_12:12:51.324216
[hades_req] userid=1265 uri=/admin/enter mapname=jiuguanshinei gsid=jiuguanshinei%4098 time=2013-04-02_12:12:51.840672 consume_time=0.00922083854675
[hades_req] userid=889 uri=/admin/enter mapname=jiuguanshinei gsid=jiuguanshinei%4098 time=2013-04-02_12:12:53.375892 consume_time=0.00776505470276
[hades_req] target=instance_20101001 userid=889 uri=/team/join_to_queue time=2013-04-02_12:12:57.724181 consume_time=0.00879096984863 accountid=9
[hades_req] target=instance_20101001 userid=1265 uri=/team/join_to_queue time=2013-04-02_12:12:58.385572 consume_time=0.0104248523712 accountid=63
[hades_req] ruler=/terminus/crown/data/cnscript/map_xml/duo10-yewai1.xml userid=889 uri=/scene/jump_to_team_instance time=2013-04-02_12:13:02.080063 map_name=yewai1 consume_time=0.00466108322144 accountid=9
[hades_req] consume_time=0.0048451423645 uri=/admin/leave time=2013-04-02_12:13:02.463491
[hades_req] userid=889 uri=/admin/enter mapname=yewai1 gsid=yewai1%403 time=2013-04-02_12:13:04.575661 consume_time=0.00739789009094
[hades_req] userid=1265 uri=/package/sort time=2013-04-02_12:13:27.670622 consume_time=0.00728702545166 accountid=63
[hades_req] userid=1265 uri=/shortcut/set short_cut={"0":"0@3260013@true","1":"1@3290013@true","2":"2@3320013@true","3":"3@3350013@true","4":"4@105@false"} time=2013-04-02_12:13:27.829822 consume_time=0.0015869140625 accountid=63
[hades_req] package_pos=3 userid=1265 uri=/package/consume_props time=2013-04-02_12:13:33.648263 consume_time=0.00681304931641 accountid=63
[hades_req] userid=1318 uri=/team/leave_queue time=2013-04-02_12:13:40.154401 consume_time=0.00469994544983 accountid=87
[hades_req] target=instance_20101001 userid=1318 uri=/team/join_to_queue time=2013-04-02_12:13:41.043235 consume_time=0.0107970237732 accountid=87
[hades_req] userid=889 uri=/scene/back_to_city time=2013-04-02_12:13:42.680601 consume_time=0.0170910358429 accountid=9
[hades_req] consume_time=0.00465178489685 uri=/admin/leave time=2013-04-02_12:13:43.041677
[hades_req] userid=889 uri=/admin/enter mapname=city gsid=city%401 time=2013-04-02_12:13:44.916055 consume_time=0.00703692436218
[hades_req] userid=889 uri=/scene/enter_tavern time=2013-04-02_12:13:48.468401 consume_time=0.0113439559937 type=instance accountid=9
[hades_req] consume_time=0.0043580532074 uri=/admin/leave time=2013-04-02_12:13:48.919202
[hades_req] userid=889 uri=/admin/enter mapname=jiuguanshinei gsid=jiuguanshinei%4098 time=2013-04-02_12:13:50.623487 consume_time=0.0109300613403
[hades_req] target=instance_20101001 userid=889 uri=/team/join_to_queue time=2013-04-02_12:13:54.809810 consume_time=0.00779390335083 accountid=9
[hades_req] userid=1265 uri=/team/leave_queue time=2013-04-02_12:13:58.994762 consume_time=0.00481390953064 accountid=63
[hades_req] target=instance_20101001 userid=1265 uri=/team/join_to_queue time=2013-04-02_12:14:02.941368 consume_time=0.0131080150604 accountid=63
[hades_req] ruler=/terminus/crown/data/cnscript/map_xml/duo10-yewai1.xml userid=1318 uri=/scene/jump_to_team_instance time=2013-04-02_12:14:07.540939 map_name=yewai1 consume_time=0.00435996055603 accountid=87
[hades_req] ruler=/terminus/crown/data/cnscript/map_xml/duo10-yewai1.xml userid=1265 uri=/scene/jump_to_team_instance time=2013-04-02_12:14:07.545260 map_name=yewai1 consume_time=0.00424122810364 accountid=63
[hades_req] ruler=/terminus/crown/data/cnscript/map_xml/duo10-yewai1.xml userid=889 uri=/scene/jump_to_team_instance time=2013-04-02_12:14:07.556235 map_name=yewai1 consume_time=0.00458908081055 accountid=9
[hades_req] consume_time=0.00481581687927 uri=/admin/leave time=2013-04-02_12:14:07.986367
[hades_req] consume_time=0.00406408309937 uri=/admin/leave time=2013-04-02_12:14:08.076912
[hades_req] consume_time=0.00442099571228 uri=/admin/leave time=2013-04-02_12:14:08.218574
[hades_req] userid=889 uri=/admin/enter mapname=yewai1 gsid=yewai1%404 time=2013-04-02_12:14:10.213303 consume_time=0.00589799880981
[hades_req] userid=1318 uri=/admin/enter mapname=yewai1 gsid=yewai1%404 time=2013-04-02_12:14:10.938383 consume_time=0.00733518600464
[hades_req] userid=1265 uri=/admin/enter mapname=yewai1 gsid=yewai1%404 time=2013-04-02_12:14:11.071623 consume_time=0.00711297988892
[hades_req] userid=1318 uri=/scene/back_to_city time=2013-04-02_12:15:44.799834 consume_time=0.0150558948517 accountid=87
[hades_req] consume_time=0.0071439743042 uri=/admin/leave time=2013-04-02_12:15:45.106432
[hades_req] userid=1318 uri=/admin/enter mapname=city gsid=city%401 time=2013-04-02_12:15:47.037488 consume_time=0.00666213035583
[hades_req] userid=1265 uri=/scene/back_to_city time=2013-04-02_12:15:56.033688 consume_time=0.014436006546 accountid=63
[hades_req] consume_time=0.00510501861572 uri=/admin/leave time=2013-04-02_12:15:56.406447
[hades_req] userid=1265 uri=/admin/enter mapname=city gsid=city%401 time=2013-04-02_12:15:58.442166 consume_time=0.00736308097839
[hades_req] userid=1318 uri=/msg/read time=2013-04-02_12:17:41.200390 consume_time=0.00629496574402 msgkey=0@1364832000.58 accountid=87
[hades_req] userid=1318 uri=/msg/loads_attachment time=2013-04-02_12:17:42.780819 consume_time=0.0106799602509 msgkey=0@1364832000.58 accountid=87
[hades_req] content=dsfds title=aaa userid=1265 uri=/msg/send toid=1318 time=2013-04-02_12:18:15.362992 consume_time=0.0103359222412 accountid=63
[hades_req] consume_time=0.00487399101257 uri=/admin/leave time=2013-04-02_12:18:56.189363
[hades_req] userid=1154 uri=/account/choose_player player=1154_罗斯福 time=2013-04-02_12:19:16.997952 consume_time=0.0114769935608 accountid=9
[hades_req] userid=1154 uri=/admin/enter mapname=city gsid=city%401 time=2013-04-02_12:19:19.450894 consume_time=0.011500120163
[hades_req] userid=1154 uri=/blacksmith/wash time=2013-04-02_12:20:03.691794 consume_time=0.0205178260803 wash_item=package@33 accountid=9
[hades_req] userid=1265 uri=/reward/reward_by_gametime time=2013-04-02_12:20:06.496203 consume_time=0.0116751194 id=1 accountid=63
[hades_req] userid=1318 uri=/msg/read time=2013-04-02_12:20:17.747296 consume_time=0.00544500350952 msgkey=1265@1364876295.36 accountid=87
[hades_req] toid=1265 title=aaa userid=1318 uri=/msg/send content=lkkklkl time=2013-04-02_12:20:26.858526 consume_time=0.0138649940491 accountid=87
[hades_req] userid=1318 uri=/msg/delete time=2013-04-02_12:20:32.684564 consume_time=0.00775504112244 msgkey=1265@1364876295.36,0@1364832000.58 accountid=87
[hades_req] userid=1318 uri=/reward/reward_by_gametime time=2013-04-02_12:20:43.483387 consume_time=0.0125160217285 id=1 accountid=87
[hades_req] userid=1318 uri=/reward/reward_by_gametime time=2013-04-02_12:20:45.420543 consume_time=0.00963091850281 id=2 accountid=87
[hades_req] userid=1318 uri=/reward/reward_by_gametime time=2013-04-02_12:20:47.819385 consume_time=0.00863313674927 id=3 accountid=87
[hades_req] user_login=登录 uri=/account/temp_login form_password=hello2 time=2013-04-02_12:20:53.081772 form_email=hello2@hello2.com consume_time=0.00822496414185
[hades_req] userid=1265 uri=/msg/read time=2013-04-02_12:21:01.507880 consume_time=0.00609493255615 msgkey=1318@1364876426.85 accountid=63
[hades_req] userid=1154 uri=/blacksmith/wash time=2013-04-02_12:21:05.808350 consume_time=0.0174398422241 wash_item=package@33 accountid=9
[hades_req] userid=1265 uri=/msg/delete time=2013-04-02_12:21:09.170558 consume_time=0.00533103942871 msgkey=1318@1364876426.85 accountid=63
[hades_req] userid=1265 uri=/msg/read time=2013-04-02_12:21:11.013391 consume_time=0.00698304176331 msgkey=0@1364832000.59 accountid=63
[hades_req] userid=1265 uri=/msg/read time=2013-04-02_12:21:18.300175 consume_time=0.00613784790039 msgkey=0@1364745600.85 accountid=63
[hades_req] userid=1265 uri=/msg/read time=2013-04-02_12:21:21.814211 consume_time=0.00556182861328 msgkey=0@1364659200.62 accountid=63
[hades_req] userid=1265 uri=/msg/loads_attachment time=2013-04-02_12:21:41.383988 consume_time=0.0146901607513 msgkey=0@1364832000.59,0@1364745600.85,0@1364659200.62 accountid=63
[hades_req] userid=1310 uri=/account/choose_player player=1310_鲍勃 time=2013-04-02_12:22:19.435775 consume_time=0.01176404953 accountid=92
[hades_req] userid=1310 uri=/admin/enter mapname=city gsid=city%401 time=2013-04-02_12:22:26.132615 consume_time=0.00992393493652
[hades_req] items=material@6005@61,material@6006@61,material@6004@61,material@6003@41,material@6002@51,material@6001@41 userid=1154 uri=/trade/store/multi_buy time=2013-04-02_12:22:27.009502 consume_time=0.0104060173035 accountid=9
[hades_req] userid=1154 uri=/blacksmith/wash time=2013-04-02_12:22:34.614363 consume_time=0.018404006958 wash_item=package@8 accountid=9
[hades_req] userid=1154 uri=/daily/get_award quest_id=13603003 time=2013-04-02_12:22:40.935464 consume_time=0.0345330238342 accountid=9
[hades_req] ruler=dan21-temple5.xml userid=1265 uri=/scene/jump_to_quest_location time=2013-04-02_12:22:58.477897 map_name=temple5 consume_time=0.0565071105957 accountid=63
[hades_req] consume_time=0.00395894050598 uri=/admin/leave time=2013-04-02_12:22:58.822916
[hades_req] userid=1265 uri=/admin/enter mapname=temple5 gsid=temple5%401 time=2013-04-02_12:23:03.055473 consume_time=0.0084068775177
[hades_req] userid=1154 uri=/scene/enter_tavern time=2013-04-02_12:23:06.832082 consume_time=0.00765204429626 type=instance accountid=9
[hades_req] consume_time=0.00420498847961 uri=/admin/leave time=2013-04-02_12:23:07.186009
[hades_req] userid=1154 uri=/admin/enter mapname=jiuguanshinei gsid=jiuguanshinei%4098 time=2013-04-02_12:23:09.244287 consume_time=0.00639796257019
[hades_req] target=instance_20101001 userid=1154 uri=/team/join_to_queue time=2013-04-02_12:23:13.866321 consume_time=0.0119869709015 accountid=9
[hades_req] userid=1265 uri=/scene/back_to_city time=2013-04-02_12:23:17.101221 consume_time=0.0146009922028 accountid=63
[hades_req] consume_time=0.00445199012756 uri=/admin/leave time=2013-04-02_12:23:17.404995
[hades_req] userid=1265 uri=/admin/enter mapname=city gsid=city%401 time=2013-04-02_12:23:19.516054 consume_time=0.0081958770752
[hades_req] userid=1310 uri=/package/sort time=2013-04-02_12:23:20.158499 consume_time=0.0048680305481 accountid=92
[hades_req] userid=1154 uri=/team/leave_queue time=2013-04-02_12:23:20.264198 consume_time=0.00475382804871 accountid=9
[hades_req] target=instance_20101001 userid=1154 uri=/team/join_to_queue time=2013-04-02_12:23:21.187898 consume_time=0.0105509757996 accountid=9
[hades_req] userid=1265 uri=/scene/enter_tavern time=2013-04-02_12:23:23.097110 consume_time=0.0116639137268 type=instance accountid=63
[hades_req] consume_time=0.00361680984497 uri=/admin/leave time=2013-04-02_12:23:23.425651
[hades_req] userid=1265 uri=/admin/enter mapname=jiuguanshinei gsid=jiuguanshinei%4098 time=2013-04-02_12:23:25.176399 consume_time=0.00723695755005
[hades_req] target=instance_20101001 userid=1265 uri=/team/join_to_queue time=2013-04-02_12:23:33.176026 consume_time=0.00995302200317 accountid=63
[hades_req] userid=1318 uri=/scene/enter_tavern time=2013-04-02_12:23:34.585097 consume_time=0.00893378257751 type=instance accountid=87
[hades_req] consume_time=0.00440716743469 uri=/admin/leave time=2013-04-02_12:23:34.870915
[hades_req] userid=1318 uri=/admin/enter mapname=jiuguanshinei gsid=jiuguanshinei%4098 time=2013-04-02_12:23:36.626946 consume_time=0.00984120368958
[hades_req] target=instance_20101001 userid=1318 uri=/team/join_to_queue time=2013-04-02_12:23:41.517793 consume_time=0.0107898712158 accountid=87
[hades_req] userid=1154 uri=/team/leave_queue time=2013-04-02_12:24:21.579594 consume_time=0.00440001487732 accountid=9
[hades_req] target=instance_20101001 userid=1154 uri=/team/join_to_queue time=2013-04-02_12:24:24.403261 consume_time=0.0116119384766 accountid=9
[hades_req] consume_time=0.00449895858765 uri=/admin/leave time=2013-04-02_12:24:31.705446
[hades_req] userid=1265 uri=/team/leave_queue time=2013-04-02_12:24:33.875882 consume_time=0.00431108474731 accountid=63
[hades_req] target=instance_20101001 userid=1265 uri=/team/join_to_queue time=2013-04-02_12:24:38.207065 consume_time=0.0108528137207 accountid=63
[hades_req] accountid=92 camp=1 name=杰罗姆 gender=male idcard=1234345656dfdf userid=1310 uri=/profile/register role=warrior time=2013-04-02_12:24:39.442407 consume_time=0.0113499164581 account_id=92
[hades_req] userid=1318 uri=/team/leave_queue time=2013-04-02_12:24:41.195203 consume_time=0.00506711006165 accountid=87
[hades_req] target=instance_20101001 userid=1318 uri=/team/join_to_queue time=2013-04-02_12:24:44.714982 consume_time=0.00957107543945 accountid=87
[hades_req] userid=1336 uri=/account/choose_player player=1336_杰罗姆 time=2013-04-02_12:24:46.519046 consume_time=0.0132400989532 accountid=92
[hades_req] userid=1336 uri=/admin/enter mapname=city gsid=city%401 time=2013-04-02_12:24:48.605940 consume_time=0.0107181072235
[hades_req] ruler=/terminus/crown/data/cnscript/map_xml/duo10-yewai1.xml userid=1318 uri=/scene/jump_to_team_instance time=2013-04-02_12:24:51.592729 map_name=yewai1 consume_time=0.00310301780701 accountid=87
[hades_req] ruler=/terminus/crown/data/cnscript/map_xml/duo10-yewai1.xml userid=1265 uri=/scene/jump_to_team_instance time=2013-04-02_12:24:51.706380 map_name=yewai1 consume_time=0.0031361579895 accountid=63
[hades_req] consume_time=0.00393986701965 uri=/admin/leave time=2013-04-02_12:24:51.920319
[hades_req] consume_time=0.00457501411438 uri=/admin/leave time=2013-04-02_12:24:52.037182
[hades_req] userid=1318 uri=/admin/enter mapname=yewai1 gsid=yewai1%401 time=2013-04-02_12:24:53.941741 consume_time=0.00729918479919
[hades_req] userid=1265 uri=/admin/enter mapname=yewai1 gsid=yewai1%401 time=2013-04-02_12:24:54.081467 consume_time=0.00818800926208
[hades_req] userid=1154 uri=/scene/back_to_city time=2013-04-02_12:25:03.308918 consume_time=0.0242080688477 accountid=9
[hades_req] consume_time=0.00479602813721 uri=/admin/leave time=2013-04-02_12:25:03.707473
[hades_req] userid=1154 uri=/admin/enter mapname=city gsid=city%401 time=2013-04-02_12:25:05.742436 consume_time=0.00883412361145
[hades_req] consume_time=0.00441598892212 uri=/admin/leave time=2013-04-02_12:25:09.188555
[hades_req] userid=889 uri=/account/choose_player player=889_格雷沙姆 time=2013-04-02_12:25:14.259258 consume_time=0.0128231048584 accountid=9
[hades_req] userid=889 uri=/admin/enter mapname=city gsid=city%401 time=2013-04-02_12:25:15.988242 consume_time=0.0084080696106
[hades_req] userid=889 uri=/msg/read time=2013-04-02_12:25:22.048095 consume_time=0.0116200447083 msgkey=0@1364832000.52 accountid=9
[hades_req] userid=889 uri=/msg/loads_attachment time=2013-04-02_12:25:22.858221 consume_time=0.0183169841766 msgkey=0@1364832000.52 accountid=9
[hades_req] userid=889 uri=/msg/read time=2013-04-02_12:25:25.377068 consume_time=0.00657415390015 msgkey=0@1364745600.77 accountid=9
[hades_req] userid=889 uri=/msg/loads_attachment time=2013-04-02_12:25:26.169311 consume_time=0.0142660140991 msgkey=0@1364745600.77 accountid=9
[hades_req] userid=889 uri=/msg/read time=2013-04-02_12:25:28.504131 consume_time=0.00594592094421 msgkey=0@1364659200.54 accountid=9
[hades_req] userid=889 uri=/msg/loads_attachment time=2013-04-02_12:25:29.239438 consume_time=0.0154008865356 msgkey=0@1364659200.54 accountid=9
[hades_req] userid=889 uri=/scene/enter_tavern time=2013-04-02_12:25:45.535850 consume_time=0.0123829841614 type=jjc accountid=9
[hades_req] consume_time=0.00458002090454 uri=/admin/leave time=2013-04-02_12:25:45.825250
[hades_req] consume_time=0.00436115264893 uri=/admin/leave time=2013-04-02_12:25:46.048503
[hades_req] userid=889 uri=/admin/enter mapname=jiuguanshinei gsid=jiuguanshinei%4099 time=2013-04-02_12:25:47.973514 consume_time=0.00703406333923
[hades_req] userid=1336 uri=/account/choose_player player=1336_杰罗姆 time=2013-04-02_12:25:53.545629 consume_time=0.0112509727478 accountid=92
[hades_req] userid=1336 uri=/admin/enter mapname=city gsid=city%401 time=2013-04-02_12:25:55.499698 consume_time=0.00742101669312
[hades_req] userid=1336 uri=/reward/reward_by_checkin time=2013-04-02_12:26:26.156863 consume_time=0.00524520874023 accountid=92
[hades_req] userid=1318 uri=/scene/back_to_city time=2013-04-02_12:26:29.320273 consume_time=0.0134320259094 accountid=87
[hades_req] consume_time=0.00428700447083 uri=/admin/leave time=2013-04-02_12:26:29.607106
[hades_req] userid=1318 uri=/admin/enter mapname=city gsid=city%401 time=2013-04-02_12:26:31.909407 consume_time=0.00752711296082
[hades_req] userid=1336 uri=/package/sort time=2013-04-02_12:27:45.850697 consume_time=0.00480914115906 accountid=92
[hades_req] ruler=dan01-huoshan4.xml userid=1336 uri=/scene/jump_to_quest_location time=2013-04-02_12:27:57.401727 map_name=huoshan4 consume_time=0.0470600128174 accountid=92
[hades_req] consume_time=0.00455212593079 uri=/admin/leave time=2013-04-02_12:27:57.569410
[hades_req] userid=1336 uri=/admin/enter mapname=huoshan4 gsid=huoshan4%401 time=2013-04-02_12:28:05.464796 consume_time=0.00876998901367
[hades_req] userid=1336 uri=/instance/revive revive_mod=free time=2013-04-02_12:28:45.584525 death_rule_type=single consume_time=0.00813293457031 accountid=92
[hades_req] userid=1336 uri=/instance/revive revive_mod=free time=2013-04-02_12:30:58.191181 death_rule_type=single consume_time=0.0078489780426 accountid=92
[hades_req] userid=1336 uri=/scene/back_to_city time=2013-04-02_12:31:25.352773 consume_time=0.0178182125092 accountid=92
[hades_req] consume_time=0.00512099266052 uri=/admin/leave time=2013-04-02_12:31:25.608477
[hades_req] userid=1336 uri=/admin/enter mapname=city gsid=city%401 time=2013-04-02_12:31:27.735482 consume_time=0.00698614120483
[hades_req] userid=889 uri=/scene/back_to_city time=2013-04-02_12:31:39.531014 consume_time=0.0142438411713 accountid=9
[hades_req] consume_time=0.00459790229797 uri=/admin/leave time=2013-04-02_12:31:40.023781
[hades_req] userid=889 uri=/admin/enter mapname=city gsid=city%401 time=2013-04-02_12:31:42.305909 consume_time=0.00800800323486
[hades_req] userid=1318 uri=/scene/enter_tavern time=2013-04-02_12:31:46.408563 consume_time=0.00909304618835 type=instance accountid=87
[hades_req] consume_time=0.00401496887207 uri=/admin/leave time=2013-04-02_12:31:46.685287
[hades_req] userid=1318 uri=/admin/enter mapname=jiuguanshinei gsid=jiuguanshinei%4098 time=2013-04-02_12:31:48.492129 consume_time=0.00839996337891
[hades_req] userid=889 uri=/scene/enter_tavern time=2013-04-02_12:31:49.828439 consume_time=0.00887489318848 type=instance accountid=9
[hades_req] consume_time=0.00387597084045 uri=/admin/leave time=2013-04-02_12:31:50.204821
[hades_req] userid=889 uri=/admin/enter mapname=jiuguanshinei gsid=jiuguanshinei%4098 time=2013-04-02_12:31:51.996826 consume_time=0.00651097297668
[hades_req] target=instance_20101001 userid=1318 uri=/team/join_to_queue time=2013-04-02_12:31:55.693481 consume_time=0.0114638805389 accountid=87
[hades_req] target=instance_20202001 userid=889 uri=/team/join_to_queue time=2013-04-02_12:31:57.903132 consume_time=0.00690913200378 accountid=9
[hades_req] userid=1318 uri=/team/leave_queue time=2013-04-02_12:31:59.403243 consume_time=0.00453805923462 accountid=87
[hades_req] userid=1336 uri=/package/sort time=2013-04-02_12:32:00.833656 consume_time=0.00428009033203 accountid=92
[hades_req] target=instance_20202001 userid=1318 uri=/team/join_to_queue time=2013-04-02_12:32:02.589930 consume_time=0.00916814804077 accountid=87
[hades_req] userid=1336 uri=/package/sort time=2013-04-02_12:32:10.098601 consume_time=0.00449013710022 accountid=92
[hades_req] union_name=xxoo userid=1318 uri=/union/request_join_union time=2013-04-02_12:32:15.223121 consume_time=0.00700092315674 accountid=87
[hades_req] userid=1336 uri=/package/sort time=2013-04-02_12:32:18.780832 consume_time=0.00409197807312 accountid=92
[hades_req] userid=1318 uri=/exchange/exchange time=2013-04-02_12:32:20.573155 consume_time=0.00922584533691 accountid=87
[hades_req] userid=1336 uri=/blacksmith/enhance equipment_pos=package@2 time=2013-04-02_12:32:26.088050 lucky_stone_pos=3 consume_time=0.0258679389954 accountid=92
[hades_req] userid=1336 uri=/blacksmith/enhance equipment_pos=package@2 time=2013-04-02_12:32:26.571100 lucky_stone_pos=3 consume_time=0.0263650417328 accountid=92
[hades_req] userid=1336 uri=/blacksmith/enhance equipment_pos=package@2 time=2013-04-02_12:32:27.224295 lucky_stone_pos=3 consume_time=0.0298020839691 accountid=92
[hades_req] userid=1336 uri=/blacksmith/enhance equipment_pos=package@2 time=2013-04-02_12:32:27.737937 lucky_stone_pos=3 consume_time=0.0287840366364 accountid=92
[hades_req] userid=1336 uri=/blacksmith/enhance equipment_pos=package@2 time=2013-04-02_12:32:28.452167 lucky_stone_pos=3 consume_time=0.0263941287994 accountid=92
[hades_req] ruler=dan02-huoshan1.xml userid=1336 uri=/scene/jump_to_quest_location time=2013-04-02_12:32:36.104017 map_name=huoshan1 consume_time=0.0571219921112 accountid=92
[hades_req] consume_time=0.00447797775269 uri=/admin/leave time=2013-04-02_12:32:36.353731
[hades_req] userid=1336 uri=/admin/enter mapname=huoshan1 gsid=huoshan1%401 time=2013-04-02_12:32:43.245750 consume_time=0.00921702384949
[hades_req] userid=889 uri=/team/leave_queue time=2013-04-02_12:33:00.245506 consume_time=0.00446510314941 accountid=9
[hades_req] userid=1318 uri=/team/leave_queue time=2013-04-02_12:33:03.077295 consume_time=0.00522494316101 accountid=87
[hades_req] userid=1336 uri=/scene/back_to_city time=2013-04-02_12:34:15.722474 consume_time=0.0163350105286 accountid=92
[hades_req] consume_time=0.00467801094055 uri=/admin/leave time=2013-04-02_12:34:15.952583
[hades_req] userid=1336 uri=/admin/enter mapname=city gsid=city%401 time=2013-04-02_12:34:18.592778 consume_time=0.00655102729797
[hades_req] userid=1336 uri=/blacksmith/enhance equipment_pos=equiped@body time=2013-04-02_12:34:35.951803 lucky_stone_pos=3 consume_time=0.02663397789 accountid=92
[hades_req] userid=1336 uri=/blacksmith/enhance equipment_pos=equiped@body time=2013-04-02_12:34:36.446664 lucky_stone_pos=3 consume_time=0.0282490253448 accountid=92
[hades_req] userid=1336 uri=/blacksmith/enhance equipment_pos=equiped@body time=2013-04-02_12:34:37.081333 lucky_stone_pos=3 consume_time=0.0286049842834 accountid=92
[hades_req] userid=1336 uri=/blacksmith/enhance equipment_pos=equiped@body time=2013-04-02_12:34:37.648743 lucky_stone_pos=3 consume_time=0.0302219390869 accountid=92
[hades_req] userid=1336 uri=/blacksmith/enhance equipment_pos=equiped@body time=2013-04-02_12:34:39.597817 lucky_stone_pos=3 consume_time=0.0307698249817 accountid=92
[hades_req] userid=1336 uri=/package/sort time=2013-04-02_12:35:00.305705 consume_time=0.00473499298096 accountid=92
[hades_req] userid=1336 uri=/package/sort time=2013-04-02_12:35:07.569887 consume_time=0.00439405441284 accountid=92
[hades_req] userid=1336 uri=/package/sort time=2013-04-02_12:35:14.104254 consume_time=0.00452017784119 accountid=92
[hades_req] userid=1336 uri=/package/sort time=2013-04-02_12:35:25.585165 consume_time=0.00471210479736 accountid=92
[hades_req] userid=1336 uri=/package/sort time=2013-04-02_12:35:40.603440 consume_time=0.00427412986755 accountid=92
[hades_req] userid=889 uri=/scene/back_to_city time=2013-04-02_12:35:51.149267 consume_time=0.0157909393311 accountid=9
[hades_req] consume_time=0.00540089607239 uri=/admin/leave time=2013-04-02_12:35:51.625958
[hades_req] userid=889 uri=/admin/enter mapname=city gsid=city%401 time=2013-04-02_12:35:53.772658 consume_time=0.00642514228821
[hades_req] userid=1265 uri=/scene/back_to_city time=2013-04-02_12:35:55.438109 consume_time=0.0161390304565 accountid=63
[hades_req] consume_time=0.00450778007507 uri=/admin/leave time=2013-04-02_12:35:55.769839
[hades_req] userid=1265 uri=/admin/enter mapname=city gsid=city%401 time=2013-04-02_12:35:57.740401 consume_time=0.0071439743042
[hades_req] userid=1336 uri=/package/sort time=2013-04-02_12:35:58.901264 consume_time=0.00514602661133 accountid=92
[hades_req] userid=1336 uri=/package/sort time=2013-04-02_12:38:52.473263 consume_time=0.00448989868164 accountid=92
[hades_req] consume_time=0.00432109832764 uri=/admin/leave time=2013-04-02_12:39:16.567072
[hades_req] userid=1311 uri=/account/choose_player player=1311_格雷斯 time=2013-04-02_12:39:24.807431 consume_time=0.0104639530182 accountid=92
[hades_req] userid=1311 uri=/admin/enter mapname=city gsid=city%401 time=2013-04-02_12:39:26.498819 consume_time=0.0152008533478
[hades_req] userid=1311 uri=/package/sort time=2013-04-02_12:39:34.636077 consume_time=0.00433087348938 accountid=92
[hades_req] userid=1311 uri=/package/sort time=2013-04-02_12:39:39.836130 consume_time=0.00419998168945 accountid=92
[hades_req] consume_time=0.0045280456543 uri=/admin/leave time=2013-04-02_12:39:53.286675
[hades_req] userid=1336 uri=/account/choose_player player=1336_杰罗姆 time=2013-04-02_12:39:58.440915 consume_time=0.0124611854553 accountid=92
[hades_req] userid=1336 uri=/admin/enter mapname=city gsid=city%401 time=2013-04-02_12:40:00.998424 consume_time=0.00684309005737
[hades_req] ruler=dan03-huoshan1.xml userid=1336 uri=/scene/jump_to_quest_location time=2013-04-02_12:40:16.704392 map_name=huoshan1 consume_time=0.0550339221954 accountid=92
[hades_req] consume_time=0.00424194335938 uri=/admin/leave time=2013-04-02_12:40:16.914409
[hades_req] userid=1336 uri=/admin/enter mapname=huoshan1 gsid=huoshan1%401 time=2013-04-02_12:40:20.362319 consume_time=0.00767207145691
[hades_req] userid=1336 uri=/scene/back_to_city time=2013-04-02_12:41:48.862974 consume_time=0.0149688720703 accountid=92
[hades_req] consume_time=0.00531601905823 uri=/admin/leave time=2013-04-02_12:41:49.088789
[hades_req] userid=1336 uri=/admin/enter mapname=city gsid=city%401 time=2013-04-02_12:41:51.697578 consume_time=0.00715088844299
[hades_req] userid=1336 uri=/blacksmith/enhance equipment_pos=equiped@head time=2013-04-02_12:42:07.297740 lucky_stone_pos=2 consume_time=0.026428937912 accountid=92
[hades_req] userid=1336 uri=/blacksmith/enhance equipment_pos=equiped@head time=2013-04-02_12:42:07.783699 lucky_stone_pos=2 consume_time=0.0307121276855 accountid=92
[hades_req] userid=1336 uri=/blacksmith/enhance equipment_pos=equiped@head time=2013-04-02_12:42:08.279814 lucky_stone_pos=2 consume_time=0.0257730484009 accountid=92
[hades_req] userid=1336 uri=/blacksmith/enhance equipment_pos=equiped@head time=2013-04-02_12:42:08.714072 lucky_stone_pos=2 consume_time=0.0279278755188 accountid=92
[hades_req] userid=1336 uri=/blacksmith/enhance equipment_pos=equiped@head time=2013-04-02_12:42:09.398924 lucky_stone_pos=2 consume_time=0.0291049480438 accountid=92
[hades_req] userid=1265 uri=/exchange/exchange time=2013-04-02_12:42:37.959207 consume_time=0.013680934906 accountid=63
[hades_req] ruler=dan04-yewai3.xml userid=1336 uri=/scene/jump_to_quest_location time=2013-04-02_12:42:38.340524 map_name=yewai3 consume_time=0.0504629611969 accountid=92
[hades_req] consume_time=0.00435900688171 uri=/admin/leave time=2013-04-02_12:42:38.552090
[hades_req] userid=1265 uri=/exchange/exchange time=2013-04-02_12:42:41.165937 consume_time=0.0115849971771 accountid=63
[hades_req] userid=1265 uri=/exchange/exchange time=2013-04-02_12:42:50.154511 consume_time=0.0117239952087 accountid=63
[hades_req] userid=1336 uri=/admin/enter mapname=yewai3 gsid=yewai3%401 time=2013-04-02_12:42:53.240211 consume_time=0.00932121276855
[hades_req] userid=1265 uri=/exchange/exchange time=2013-04-02_12:42:53.784230 consume_time=0.0116620063782 accountid=63
[hades_req] userid=1336 uri=/scene/back_to_city time=2013-04-02_12:44:11.194858 consume_time=0.0144588947296 accountid=92
[hades_req] consume_time=0.005038022995 uri=/admin/leave time=2013-04-02_12:44:11.388677
[hades_req] userid=1336 uri=/admin/enter mapname=city gsid=city%401 time=2013-04-02_12:44:13.596516 consume_time=0.00754189491272
[hades_req] userid=1336 uri=/blacksmith/enhance equipment_pos=equiped@shoulders time=2013-04-02_12:46:01.563691 lucky_stone_pos=2 consume_time=0.0248370170593 accountid=92
[hades_req] userid=1336 uri=/blacksmith/enhance equipment_pos=equiped@shoulders time=2013-04-02_12:46:02.784002 lucky_stone_pos=2 consume_time=0.0276911258698 accountid=92
[hades_req] userid=1336 uri=/blacksmith/enhance equipment_pos=equiped@shoulders time=2013-04-02_12:46:03.403636 lucky_stone_pos=2 consume_time=0.029757976532 accountid=92
[hades_req] userid=1336 uri=/blacksmith/enhance equipment_pos=equiped@shoulders time=2013-04-02_12:46:04.113993 lucky_stone_pos=2 consume_time=0.0274221897125 accountid=92
[hades_req] userid=1336 uri=/blacksmith/enhance equipment_pos=equiped@shoulders time=2013-04-02_12:46:04.831921 lucky_stone_pos=2 consume_time=0.0279319286346 accountid=92
[hades_req] consume_time=0.00513792037964 uri=/admin/leave time=2013-04-02_12:46:14.209494
[hades_req] ruler=dan05-yewai6.xml userid=1336 uri=/scene/jump_to_quest_location time=2013-04-02_12:46:14.633948 map_name=yewai6 consume_time=0.0598609447479 accountid=92
[hades_req] consume_time=0.00478506088257 uri=/admin/leave time=2013-04-02_12:46:14.895993
[hades_req] userid=1336 uri=/admin/enter mapname=yewai6 gsid=yewai6%401 time=2013-04-02_12:46:25.300392 consume_time=0.00962686538696
[hades_req] userid=1336 uri=/scene/back_to_city time=2013-04-02_12:47:42.396760 consume_time=0.0135049819946 accountid=92
[hades_req] consume_time=0.00504994392395 uri=/admin/leave time=2013-04-02_12:47:42.624548
[hades_req] userid=1336 uri=/admin/enter mapname=city gsid=city%401 time=2013-04-02_12:47:45.192322 consume_time=0.00666499137878
[hades_req] userid=1336 uri=/blacksmith/enhance equipment_pos=equiped@shoes time=2013-04-02_12:47:56.325095 lucky_stone_pos=2 consume_time=0.0264329910278 accountid=92
[hades_req] userid=1336 uri=/blacksmith/enhance equipment_pos=equiped@shoes time=2013-04-02_12:47:57.046365 lucky_stone_pos=2 consume_time=0.0274591445923 accountid=92
[hades_req] userid=1336 uri=/blacksmith/enhance equipment_pos=equiped@shoes time=2013-04-02_12:47:57.659279 lucky_stone_pos=2 consume_time=0.0290157794952 accountid=92
[hades_req] userid=1336 uri=/blacksmith/enhance equipment_pos=equiped@shoes time=2013-04-02_12:47:58.377610 lucky_stone_pos=2 consume_time=0.0267341136932 accountid=92
[hades_req] userid=1336 uri=/blacksmith/enhance equipment_pos=equiped@shoes time=2013-04-02_12:47:59.093910 lucky_stone_pos=2 consume_time=0.0301849842072 accountid=92
[hades_req] ruler=dan06-yewai4.xml userid=1336 uri=/scene/jump_to_quest_location time=2013-04-02_12:48:23.434081 map_name=yewai4 consume_time=0.0501658916473 accountid=92
[hades_req] consume_time=0.00402903556824 uri=/admin/leave time=2013-04-02_12:48:23.608367
[hades_req] userid=1336 uri=/admin/enter mapname=yewai4 gsid=yewai4%401 time=2013-04-02_12:48:35.531610 consume_time=0.00699019432068
[hades_req] userid=1336 uri=/scene/back_to_city time=2013-04-02_12:50:20.989547 consume_time=0.0144248008728 accountid=92
[hades_req] consume_time=0.00460195541382 uri=/admin/leave time=2013-04-02_12:50:21.155992
[hades_req] userid=1336 uri=/admin/enter mapname=city gsid=city%401 time=2013-04-02_12:50:23.590723 consume_time=0.00665307044983
[hades_req] userid=1336 uri=/blacksmith/enhance equipment_pos=equiped@legs time=2013-04-02_12:50:35.715656 lucky_stone_pos=2 consume_time=0.0291900634766 accountid=92
[hades_req] userid=1336 uri=/blacksmith/enhance equipment_pos=equiped@legs time=2013-04-02_12:50:36.235323 lucky_stone_pos=2 consume_time=0.0297088623047 accountid=92
[hades_req] userid=1336 uri=/blacksmith/enhance equipment_pos=equiped@legs time=2013-04-02_12:50:37.003889 lucky_stone_pos=2 consume_time=0.0331230163574 accountid=92
[hades_req] userid=1336 uri=/blacksmith/enhance equipment_pos=equiped@legs time=2013-04-02_12:50:37.887237 lucky_stone_pos=2 consume_time=0.0331931114197 accountid=92
[hades_req] userid=1336 uri=/blacksmith/enhance equipment_pos=equiped@legs time=2013-04-02_12:50:38.616048 lucky_stone_pos=2 consume_time=0.029659986496 accountid=92
[hades_req] ruler=dan07-yewai5.xml userid=1336 uri=/scene/jump_to_quest_location time=2013-04-02_12:50:46.173710 map_name=yewai5 consume_time=0.0498569011688 accountid=92
[hades_req] consume_time=0.00443196296692 uri=/admin/leave time=2013-04-02_12:50:46.365313
[hades_req] userid=1336 uri=/admin/enter mapname=yewai5 gsid=yewai5%401 time=2013-04-02_12:50:56.893278 consume_time=0.00927591323853
[hades_req] userid=1318 uri=/package/sort time=2013-04-02_12:51:32.218708 consume_time=0.00525307655334 accountid=87
[hades_req] userid=1336 uri=/scene/back_to_city time=2013-04-02_12:52:29.199314 consume_time=0.0150649547577 accountid=92
[hades_req] consume_time=0.0040180683136 uri=/admin/leave time=2013-04-02_12:52:29.404972
[hades_req] userid=1336 uri=/admin/enter mapname=city gsid=city%401 time=2013-04-02_12:52:31.906256 consume_time=0.00670289993286
[hades_req] userid=1336 uri=/blacksmith/enhance equipment_pos=equiped@left_hand time=2013-04-02_12:52:44.889940 lucky_stone_pos=2 consume_time=0.0276670455933 accountid=92
[hades_req] userid=1336 uri=/blacksmith/enhance equipment_pos=equiped@left_hand time=2013-04-02_12:52:45.572728 lucky_stone_pos=2 consume_time=0.0275330543518 accountid=92
[hades_req] userid=1336 uri=/blacksmith/enhance equipment_pos=equiped@left_hand time=2013-04-02_12:52:46.104732 lucky_stone_pos=2 consume_time=0.0269870758057 accountid=92
[hades_req] userid=1336 uri=/blacksmith/enhance equipment_pos=equiped@left_hand time=2013-04-02_12:52:46.639079 lucky_stone_pos=2 consume_time=0.0282201766968 accountid=92
[hades_req] userid=1336 uri=/blacksmith/enhance equipment_pos=equiped@left_hand time=2013-04-02_12:52:47.324538 lucky_stone_pos=2 consume_time=0.0297980308533 accountid=92
[hades_req] ruler=dan08-yewai6.xml userid=1336 uri=/scene/jump_to_quest_location time=2013-04-02_12:53:00.169818 map_name=yewai6 consume_time=0.0562341213226 accountid=92
[hades_req] consume_time=0.0046968460083 uri=/admin/leave time=2013-04-02_12:53:00.418380
[hades_req] userid=1336 uri=/admin/enter mapname=yewai6 gsid=yewai6%401 time=2013-04-02_12:53:04.060110 consume_time=0.00768399238586
[hades_req] userid=1336 uri=/scene/back_to_city time=2013-04-02_12:55:18.505480 consume_time=0.0174360275269 accountid=92
[hades_req] consume_time=0.00434613227844 uri=/admin/leave time=2013-04-02_12:55:18.705787
[hades_req] userid=1336 uri=/admin/enter mapname=city gsid=city%401 time=2013-04-02_12:55:21.129544 consume_time=0.00775098800659
[hades_req] userid=1336 uri=/blacksmith/enhance equipment_pos=equiped@gloves time=2013-04-02_12:55:35.880314 lucky_stone_pos=3 consume_time=0.0322120189667 accountid=92
[hades_req] userid=1336 uri=/blacksmith/enhance equipment_pos=equiped@gloves time=2013-04-02_12:55:36.415982 lucky_stone_pos=3 consume_time=0.0317571163177 accountid=92
[hades_req] userid=1336 uri=/blacksmith/enhance equipment_pos=equiped@gloves time=2013-04-02_12:55:37.359152 lucky_stone_pos=3 consume_time=0.0254719257355 accountid=92
[hades_req] userid=1336 uri=/blacksmith/enhance equipment_pos=equiped@gloves time=2013-04-02_12:55:38.145088 lucky_stone_pos=3 consume_time=0.0298929214478 accountid=92
[hades_req] userid=1336 uri=/blacksmith/enhance equipment_pos=equiped@gloves time=2013-04-02_12:55:39.080940 lucky_stone_pos=3 consume_time=0.0290510654449 accountid=92
[hades_req] techid=1 userid=1336 uri=/technology/upgrade time=2013-04-02_12:55:53.046311 consume_time=0.0158689022064 accountid=92
[hades_req] techid=1 userid=1336 uri=/technology/upgrade time=2013-04-02_12:55:53.598801 consume_time=0.0164461135864 accountid=92
[hades_req] techid=1 userid=1336 uri=/technology/upgrade time=2013-04-02_12:55:54.115510 consume_time=0.0180809497833 accountid=92
[hades_req] techid=1 userid=1336 uri=/technology/upgrade time=2013-04-02_12:55:56.035589 consume_time=0.0216498374939 accountid=92
[hades_req] techid=1 userid=1336 uri=/technology/upgrade time=2013-04-02_12:55:57.795399 consume_time=0.0153279304504 accountid=92
[hades_req] techid=1 userid=1336 uri=/technology/upgrade time=2013-04-02_12:55:58.713756 consume_time=0.0162451267242 accountid=92
[hades_req] techid=1 userid=1336 uri=/technology/upgrade time=2013-04-02_12:55:59.913775 consume_time=0.0176239013672 accountid=92
[hades_req] techid=1 userid=1336 uri=/technology/upgrade time=2013-04-02_12:56:00.897739 consume_time=0.0182018280029 accountid=92
[hades_req] ruler=dan09-yewai5.xml userid=1336 uri=/scene/jump_to_quest_location time=2013-04-02_12:56:25.133878 map_name=yewai5 consume_time=0.051038980484 accountid=92
[hades_req] consume_time=0.00473189353943 uri=/admin/leave time=2013-04-02_12:56:25.328405
[hades_req] userid=1336 uri=/admin/enter mapname=yewai5 gsid=yewai5%401 time=2013-04-02_12:56:28.875080 consume_time=0.00823020935059
[hades_req] userid=1336 uri=/scene/back_to_city time=2013-04-02_12:57:41.911239 consume_time=0.0164361000061 accountid=92
[hades_req] consume_time=0.00474691390991 uri=/admin/leave time=2013-04-02_12:57:42.141240
[hades_req] userid=1336 uri=/admin/enter mapname=city gsid=city%401 time=2013-04-02_12:57:44.888637 consume_time=0.00679302215576
[hades_req] userid=1336 uri=/blacksmith/enhance equipment_pos=equiped@right_hand time=2013-04-02_12:57:58.951693 lucky_stone_pos=4 consume_time=0.0285251140594 accountid=92
[hades_req] userid=1336 uri=/blacksmith/enhance equipment_pos=equiped@right_hand time=2013-04-02_12:57:59.736872 lucky_stone_pos=4 consume_time=0.0305409431458 accountid=92
[hades_req] userid=1336 uri=/blacksmith/enhance equipment_pos=equiped@right_hand time=2013-04-02_12:58:00.873839 lucky_stone_pos=4 consume_time=0.0335779190063 accountid=92
[hades_req] userid=1336 uri=/blacksmith/enhance equipment_pos=equiped@right_hand time=2013-04-02_12:58:01.555598 lucky_stone_pos=4 consume_time=0.0337629318237 accountid=92
[hades_req] userid=1336 uri=/blacksmith/enhance equipment_pos=equiped@right_hand time=2013-04-02_12:58:02.220637 lucky_stone_pos=4 consume_time=0.0303161144257 accountid=92
[hades_req] userid=1336 uri=/blacksmith/enhance equipment_pos=equiped@right_hand time=2013-04-02_12:58:02.802165 lucky_stone_pos=4 consume_time=0.030061006546 accountid=92
[hades_req] userid=1336 uri=/blacksmith/enhance equipment_pos=equiped@right_hand time=2013-04-02_12:58:03.435763 lucky_stone_pos=4 consume_time=0.029825925827 accountid=92
[hades_req] userid=1336 uri=/blacksmith/enhance equipment_pos=equiped@right_hand time=2013-04-02_12:58:04.303587 lucky_stone_pos=4 consume_time=0.0297229290009 accountid=92
[hades_req] userid=1336 uri=/blacksmith/enhance equipment_pos=equiped@right_hand time=2013-04-02_12:58:05.086596 lucky_stone_pos=4 consume_time=0.0293068885803 accountid=92
[hades_req] userid=1336 uri=/blacksmith/enhance equipment_pos=equiped@right_hand time=2013-04-02_12:58:05.821280 lucky_stone_pos=4 consume_time=0.0319559574127 accountid=92
[hades_req] techid=2 userid=1336 uri=/technology/upgrade time=2013-04-02_12:58:15.454797 consume_time=0.0175821781158 accountid=92
[hades_req] techid=2 userid=1336 uri=/technology/upgrade time=2013-04-02_12:58:16.126175 consume_time=0.01624584198 accountid=92
[hades_req] techid=2 userid=1336 uri=/technology/upgrade time=2013-04-02_12:58:16.726198 consume_time=0.0170691013336 accountid=92
[hades_req] techid=2 userid=1336 uri=/technology/upgrade time=2013-04-02_12:58:17.389028 consume_time=0.0184998512268 accountid=92
[hades_req] techid=2 userid=1336 uri=/technology/upgrade time=2013-04-02_12:58:17.938202 consume_time=0.0173361301422 accountid=92
[hades_req] techid=2 userid=1336 uri=/technology/upgrade time=2013-04-02_12:58:18.506561 consume_time=0.0173580646515 accountid=92
[hades_req] techid=2 userid=1336 uri=/technology/upgrade time=2013-04-02_12:58:19.108309 consume_time=0.0198650360107 accountid=92
[hades_req] techid=2 userid=1336 uri=/technology/upgrade time=2013-04-02_12:58:19.772686 consume_time=0.0188949108124 accountid=92
[hades_req] techid=2 userid=1336 uri=/technology/upgrade time=2013-04-02_12:58:20.536441 consume_time=0.0162990093231 accountid=92
[hades_req] userid=1336 uri=/blacksmith/enhance equipment_pos=equiped@gloves time=2013-04-02_12:58:35.588825 lucky_stone_pos=5 consume_time=0.0293428897858 accountid=92
[hades_req] userid=1336 uri=/blacksmith/enhance equipment_pos=equiped@gloves time=2013-04-02_12:58:36.089954 lucky_stone_pos=5 consume_time=0.0351028442383 accountid=92
[hades_req] userid=1336 uri=/blacksmith/enhance equipment_pos=equiped@gloves time=2013-04-02_12:58:36.845871 lucky_stone_pos=5 consume_time=0.0263438224792 accountid=92
[hades_req] userid=1336 uri=/blacksmith/enhance equipment_pos=equiped@gloves time=2013-04-02_12:58:37.429550 lucky_stone_pos=5 consume_time=0.027556180954 accountid=92
[hades_req] userid=1336 uri=/blacksmith/enhance equipment_pos=equiped@gloves time=2013-04-02_12:58:38.071060 lucky_stone_pos=5 consume_time=0.0333459377289 accountid=92
[hades_req] userid=1336 uri=/blacksmith/enhance equipment_pos=equiped@gloves time=2013-04-02_12:58:38.698749 lucky_stone_pos=5 consume_time=0.0284790992737 accountid=92
[hades_req] userid=1336 uri=/blacksmith/enhance equipment_pos=equiped@gloves time=2013-04-02_12:58:39.229545 lucky_stone_pos=5 consume_time=0.0259101390839 accountid=92
[hades_req] userid=1336 uri=/blacksmith/enhance equipment_pos=equiped@gloves time=2013-04-02_12:58:39.823239 lucky_stone_pos=5 consume_time=0.0364031791687 accountid=92
[hades_req] userid=1336 uri=/blacksmith/enhance equipment_pos=equiped@gloves time=2013-04-02_12:58:40.381620 lucky_stone_pos=5 consume_time=0.0283560752869 accountid=92
[hades_req] userid=1336 uri=/blacksmith/enhance equipment_pos=equiped@gloves time=2013-04-02_12:58:41.409296 lucky_stone_pos=5 consume_time=0.0220568180084 accountid=92
[hades_req] userid=1336 uri=/blacksmith/enhance equipment_pos=equiped@gloves time=2013-04-02_12:58:43.400644 lucky_stone_pos=5 consume_time=0.0264959335327 accountid=92
[hades_req] techid=3 userid=1336 uri=/technology/upgrade time=2013-04-02_12:58:53.990057 consume_time=0.0217809677124 accountid=92
[hades_req] techid=3 userid=1336 uri=/technology/upgrade time=2013-04-02_12:58:54.601853 consume_time=0.0163240432739 accountid=92
[hades_req] techid=3 userid=1336 uri=/technology/upgrade time=2013-04-02_12:58:55.266068 consume_time=0.0152060985565 accountid=92
[hades_req] techid=3 userid=1336 uri=/technology/upgrade time=2013-04-02_12:58:55.886810 consume_time=0.0188400745392 accountid=92
[hades_req] techid=3 userid=1336 uri=/technology/upgrade time=2013-04-02_12:58:56.502684 consume_time=0.0168220996857 accountid=92
[hades_req] techid=3 userid=1336 uri=/technology/upgrade time=2013-04-02_12:58:57.052083 consume_time=0.0165801048279 accountid=92
[hades_req] techid=3 userid=1336 uri=/technology/upgrade time=2013-04-02_12:58:57.804634 consume_time=0.0202629566193 accountid=92
[hades_req] techid=3 userid=1336 uri=/technology/upgrade time=2013-04-02_12:58:58.521483 consume_time=0.0204141139984 accountid=92
[hades_req] techid=3 userid=1336 uri=/technology/upgrade time=2013-04-02_12:58:59.389698 consume_time=0.0207889080048 accountid=92
[hades_req] techid=3 userid=1336 uri=/technology/upgrade time=2013-04-02_12:59:00.134212 consume_time=0.0165810585022 accountid=92
[hades_req] techid=4 userid=1336 uri=/technology/upgrade time=2013-04-02_12:59:10.019775 consume_time=0.0186738967896 accountid=92
[hades_req] techid=4 userid=1336 uri=/technology/upgrade time=2013-04-02_12:59:10.624980 consume_time=0.00801420211792 accountid=92
