[hades_req] consume_time=0.00468301773071 uri=/admin/leave time=2013-04-02_14:03:12.236007
[hades_req] userid=0 uri=/account/temp_login form_password=123456 time=2013-04-02_14:09:51.760434 form_email=test@test.com consume_time=0.00705099105835 accountid=0
[hades_req] userid=1064 uri=/account/choose_player player=1064_斯诺 time=2013-04-02_14:10:24.108650 consume_time=0.0125641822815 accountid=20
[hades_req] userid=1064 uri=/admin/enter mapname=city gsid=city%401 time=2013-04-02_14:10:33.218904 consume_time=0.0073401927948
[hades_req] consume_time=0.00504803657532 uri=/admin/leave time=2013-04-02_14:11:09.374878
[hades_req] userid=1317 uri=/account/choose_player player=1317_柏莎 time=2013-04-02_14:11:14.823392 consume_time=0.00981187820435 accountid=20
[hades_req] userid=1317 uri=/admin/enter mapname=city gsid=city%401 time=2013-04-02_14:11:16.883502 consume_time=0.0115878582001
[hades_req] consume_time=0.00448298454285 uri=/admin/leave time=2013-04-02_14:13:15.655879
[hades_req] userid=0 uri=/account/temp_login form_password=123456 time=2013-04-02_14:13:30.571238 form_email=test@test.com consume_time=0.00787496566772 accountid=0
[hades_req] userid=1317 uri=/account/choose_player player=1317_柏莎 time=2013-04-02_14:14:03.219758 consume_time=0.01313996315 accountid=20
[hades_req] userid=1317 uri=/admin/enter mapname=city gsid=city%401 time=2013-04-02_14:14:12.173038 consume_time=0.00876212120056
[hades_req] consume_time=0.0046968460083 uri=/admin/leave time=2013-04-02_14:15:21.352498
[hades_req] userid=0 uri=/account/temp_login form_password=123456 time=2013-04-02_14:18:27.312038 form_email=test@test.com consume_time=0.00887393951416 accountid=0
[hades_req] userid=1317 uri=/account/choose_player player=1317_柏莎 time=2013-04-02_14:20:15.585151 consume_time=0.0109169483185 accountid=20
[hades_req] userid=1317 uri=/admin/enter mapname=city gsid=city%401 time=2013-04-02_14:20:24.596186 consume_time=0.00722599029541
[hades_req] consume_time=0.00460004806519 uri=/admin/leave time=2013-04-02_14:20:42.598339
[hades_req] userid=0 uri=/account/temp_login form_password=123456 time=2013-04-02_14:21:03.678561 form_email=test@test.com consume_time=0.006667137146 accountid=0
[hades_req] userid=1317 uri=/account/choose_player player=1317_柏莎 time=2013-04-02_14:21:37.198149 consume_time=0.00939106941223 accountid=20
[hades_req] userid=1317 uri=/admin/enter mapname=city gsid=city%401 time=2013-04-02_14:21:46.129535 consume_time=0.00656390190125
[hades_req] consume_time=0.00509214401245 uri=/admin/leave time=2013-04-02_14:22:49.251956
[hades_req] consume_time=0.00408291816711 uri=/admin/leave time=2013-04-02_14:27:48.517564
[hades_req] userid=0 uri=/account/temp_login form_password=123456 time=2013-04-02_14:30:25.144387 form_email=test@test.com consume_time=0.00594902038574 accountid=0
[hades_req] userid=1317 uri=/account/choose_player player=1317_柏莎 time=2013-04-02_14:30:57.535629 consume_time=0.00959014892578 accountid=20
[hades_req] userid=1317 uri=/admin/enter mapname=city gsid=city%401 time=2013-04-02_14:31:06.538768 consume_time=0.00829482078552
[hades_req] time=2013-04-02_14:31:51.542019 userid=1317 uri=/maze/goto_maze is_continue=false consume_time=0.0475509166718 accountid=20
[hades_req] consume_time=0.00462818145752 uri=/admin/leave time=2013-04-02_14:31:51.777756
[hades_req] userid=1317 uri=/admin/enter mapname=migong gsid=migong%401 time=2013-04-02_14:31:57.754708 consume_time=0.00626301765442
[hades_req] userid=1317 uri=/scene/back_to_city time=2013-04-02_14:32:40.233175 consume_time=0.0162880420685 accountid=20
[hades_req] consume_time=0.00443315505981 uri=/admin/leave time=2013-04-02_14:32:40.448490
[hades_req] userid=1317 uri=/admin/enter mapname=city gsid=city%401 time=2013-04-02_14:32:43.062350 consume_time=0.00727796554565
[hades_req] consume_time=0.00434398651123 uri=/admin/leave time=2013-04-02_14:32:52.849245
[hades_req] time=2013-04-02_14:33:27.897391 userid=1318 uri=/maze/goto_maze is_continue=false consume_time=0.0123770236969 accountid=87
[hades_req] consume_time=0.00401782989502 uri=/admin/leave time=2013-04-02_14:33:28.181129
[hades_req] userid=1318 uri=/admin/enter mapname=migong gsid=migong%401 time=2013-04-02_14:33:30.329434 consume_time=0.0080189704895
[hades_req] userid=1317 uri=/account/choose_player player=1317_柏莎 time=2013-04-02_14:33:45.678800 consume_time=0.0112490653992 accountid=20
[hades_req] userid=1317 uri=/admin/enter mapname=city gsid=city%401 time=2013-04-02_14:33:47.845736 consume_time=0.00779604911804
[hades_req] consume_time=0.00502586364746 uri=/admin/leave time=2013-04-02_14:34:00.088850
[hades_req] ruler=migong userid=1318 uri=/scene/jump_to_quest_location time=2013-04-02_14:34:02.925908 map_name=migong consume_time=0.0134119987488 accountid=87
[hades_req] consume_time=0.00508999824524 uri=/admin/leave time=2013-04-02_14:34:03.175654
[hades_req] userid=1064 uri=/account/choose_player player=1064_斯诺 time=2013-04-02_14:34:04.656215 consume_time=0.0104329586029 accountid=20
[hades_req] userid=1318 uri=/admin/enter mapname=migong gsid=migong%401 time=2013-04-02_14:34:04.861625 consume_time=0.00734806060791
[hades_req] userid=1064 uri=/admin/enter mapname=city gsid=city%401 time=2013-04-02_14:34:06.726209 consume_time=0.007159948349
[hades_req] consume_time=0.00498294830322 uri=/admin/leave time=2013-04-02_14:34:13.730359
[hades_req] delete_user_id=1064 userid=1064 uri=/account/delete_user time=2013-04-02_14:34:18.359051 consume_time=0.0289261341095 accountid=20
[hades_req] delete_user_id=1294 userid=1294 uri=/account/delete_user time=2013-04-02_14:34:20.745450 consume_time=0.0335421562195 accountid=20
[hades_req] delete_user_id=1328 userid=1317 uri=/account/delete_user time=2013-04-02_14:34:24.893243 consume_time=0.0331289768219 accountid=20
[hades_req] delete_user_id=1333 userid=1317 uri=/account/delete_user time=2013-04-02_14:34:27.864641 consume_time=0.0301690101624 accountid=20
[hades_req] camp=1 name=罗密欧 gender=male idcard=1234345656dfdf userid=1317 uri=/profile/register account_id=20 role=priest time=2013-04-02_14:34:33.163892 consume_time=0.0250818729401 accountid=20
[hades_req] userid=1338 uri=/account/choose_player player=1338_罗密欧 time=2013-04-02_14:34:36.034995 consume_time=0.0115089416504 accountid=20
[hades_req] userid=1338 uri=/admin/enter mapname=city gsid=city%401 time=2013-04-02_14:34:38.017274 consume_time=0.010969877243
[hades_req] userid=1318 uri=/scene/back_to_city time=2013-04-02_14:34:42.739524 consume_time=0.0131080150604 accountid=87
[hades_req] consume_time=0.00407481193542 uri=/admin/leave time=2013-04-02_14:34:43.005150
[hades_req] userid=1318 uri=/admin/enter mapname=city gsid=city%401 time=2013-04-02_14:34:44.942098 consume_time=0.00712203979492
[hades_req] ruler=dan01-huoshan4.xml userid=1338 uri=/scene/jump_to_quest_location time=2013-04-02_14:34:57.994693 map_name=huoshan4 consume_time=0.0566401481628 accountid=20
[hades_req] consume_time=0.00395822525024 uri=/admin/leave time=2013-04-02_14:34:58.183492
[hades_req] userid=1338 uri=/admin/enter mapname=huoshan4 gsid=huoshan4%401 time=2013-04-02_14:35:05.688450 consume_time=0.0075671672821
[hades_req] userid=1338 uri=/scene/back_to_city time=2013-04-02_14:35:11.096515 consume_time=0.01535987854 accountid=20
[hades_req] consume_time=0.00405597686768 uri=/admin/leave time=2013-04-02_14:35:11.243331
[hades_req] userid=1338 uri=/admin/enter mapname=city gsid=city%401 time=2013-04-02_14:35:13.880704 consume_time=0.00608706474304
[hades_req] userid=1318 uri=/maze/reset time=2013-04-02_14:35:14.604320 consume_time=0.00842213630676 accountid=87
[hades_req] consume_time=0.00558114051819 uri=/admin/leave time=2013-04-02_14:35:19.305084
[hades_req] userid=1317 uri=/account/choose_player player=1317_柏莎 time=2013-04-02_14:35:24.330731 consume_time=0.011449098587 accountid=20
[hades_req] userid=1317 uri=/admin/enter mapname=city gsid=city%401 time=2013-04-02_14:35:26.267678 consume_time=0.00807785987854
[hades_req] consume_time=0.00472903251648 uri=/admin/leave time=2013-04-02_14:35:34.921013
[hades_req] userid=1317 uri=/account/choose_player player=1317_柏莎 time=2013-04-02_14:35:59.122087 consume_time=0.0139019489288 accountid=20
[hades_req] userid=1317 uri=/admin/enter mapname=city gsid=city%401 time=2013-04-02_14:36:01.195939 consume_time=0.00786685943604
[hades_req] time=2013-04-02_14:36:04.881186 userid=1317 uri=/maze/goto_maze is_continue=true consume_time=0.0135951042175 accountid=20
[hades_req] consume_time=0.00460004806519 uri=/admin/leave time=2013-04-02_14:36:05.060386
[hades_req] userid=1317 uri=/admin/enter mapname=migong gsid=migong%401 time=2013-04-02_14:36:07.213284 consume_time=0.00870490074158
[hades_req] ruler=migong userid=1317 uri=/scene/jump_to_quest_location time=2013-04-02_14:37:22.354477 map_name=migong consume_time=0.0128378868103 accountid=20
[hades_req] consume_time=0.00494885444641 uri=/admin/leave time=2013-04-02_14:37:22.562925
[hades_req] userid=1317 uri=/admin/enter mapname=migong gsid=migong%401 time=2013-04-02_14:37:24.338894 consume_time=0.00770401954651
[hades_req] userid=1317 uri=/scene/back_to_city time=2013-04-02_14:37:27.577600 consume_time=0.0141339302063 accountid=20
[hades_req] consume_time=0.00420093536377 uri=/admin/leave time=2013-04-02_14:37:27.845371
[hades_req] userid=1317 uri=/admin/enter mapname=city gsid=city%401 time=2013-04-02_14:37:30.403485 consume_time=0.00744819641113
[hades_req] userid=1317 uri=/maze/reset time=2013-04-02_14:37:44.128102 consume_time=0.007817029953 accountid=20
[hades_req] consume_time=0.00445508956909 uri=/admin/leave time=2013-04-02_14:38:45.368913
[hades_req] userid=0 uri=/account/temp_login form_password=123456 time=2013-04-02_14:39:31.351092 form_email=test@test.com consume_time=0.0190451145172 accountid=0
[hades_req] userid=1317 uri=/account/choose_player player=1317_柏莎 time=2013-04-02_14:40:17.088621 consume_time=0.0100951194763 accountid=20
[hades_req] userid=1317 uri=/admin/enter mapname=city gsid=city%401 time=2013-04-02_14:40:26.080985 consume_time=0.00665187835693
[hades_req] consume_time=0.00714993476868 uri=/admin/leave time=2013-04-02_14:40:51.050871
[hades_req] userid=1317 uri=/account/choose_player player=1317_柏莎 time=2013-04-02_14:40:59.520286 consume_time=0.0100059509277 accountid=20
[hades_req] userid=1317 uri=/admin/enter mapname=city gsid=city%401 time=2013-04-02_14:41:01.548275 consume_time=0.00776410102844
[hades_req] userid=1317 uri=/scene/go_to_publicmine time=2013-04-02_14:41:02.610054 consume_time=0.0573110580444 accountid=20
[hades_req] consume_time=0.00494813919067 uri=/admin/leave time=2013-04-02_14:41:02.854518
[hades_req] userid=1317 uri=/admin/enter mapname=gonggongditu gsid=gonggongditu%401 time=2013-04-02_14:41:21.575134 consume_time=0.00750112533569
[hades_req] userid=1317 uri=/scene/back_to_city time=2013-04-02_14:41:27.746646 consume_time=0.0159690380096 accountid=20
[hades_req] consume_time=0.00411295890808 uri=/admin/leave time=2013-04-02_14:41:27.963249
[hades_req] userid=1317 uri=/admin/enter mapname=city gsid=city%401 time=2013-04-02_14:41:30.587358 consume_time=0.00785183906555
[hades_req] time=2013-04-02_14:41:36.514620 userid=1317 uri=/maze/goto_maze is_continue=false consume_time=0.0625281333923 accountid=20
[hades_req] consume_time=0.00404500961304 uri=/admin/leave time=2013-04-02_14:41:36.774383
[hades_req] userid=1317 uri=/admin/enter mapname=migong gsid=migong%401 time=2013-04-02_14:41:42.840227 consume_time=0.00838208198547
[hades_req] ruler=migong userid=1317 uri=/scene/jump_to_quest_location time=2013-04-02_14:42:52.910382 map_name=migong consume_time=0.0159199237823 accountid=20
[hades_req] consume_time=0.00490713119507 uri=/admin/leave time=2013-04-02_14:42:53.156473
[hades_req] userid=1317 uri=/admin/enter mapname=migong gsid=migong%401 time=2013-04-02_14:42:55.043104 consume_time=0.0067150592804
[hades_req] userid=1317 uri=/scene/back_to_city time=2013-04-02_14:42:56.721362 consume_time=0.0159749984741 accountid=20
[hades_req] consume_time=0.00396084785461 uri=/admin/leave time=2013-04-02_14:42:57.002815
[hades_req] userid=1317 uri=/admin/enter mapname=city gsid=city%401 time=2013-04-02_14:42:59.613617 consume_time=0.00724005699158
[hades_req] userid=1317 uri=/maze/reset time=2013-04-02_14:43:06.085170 consume_time=0.00664496421814 accountid=20
[hades_req] consume_time=0.0046079158783 uri=/admin/leave time=2013-04-02_14:44:03.588675
[hades_req] userid=0 uri=/account/temp_login form_password=123456 time=2013-04-02_14:46:29.019981 form_email=test@test.com consume_time=0.0194041728973 accountid=0
[hades_req] userid=1317 uri=/account/choose_player player=1317_柏莎 time=2013-04-02_14:47:04.822086 consume_time=0.0116469860077 accountid=20
[hades_req] userid=1317 uri=/admin/enter mapname=city gsid=city%401 time=2013-04-02_14:47:13.824642 consume_time=0.00754022598267
[hades_req] consume_time=0.00468301773071 uri=/admin/leave time=2013-04-02_14:48:26.341949
[hades_req] userid=1318 uri=/reward/reward_by_gametime time=2013-04-02_14:49:14.993710 consume_time=0.0104851722717 id=5 accountid=87
[hades_req] userid=0 uri=/account/temp_login form_password=123456 time=2013-04-02_14:49:45.984059 form_email=test@test.com consume_time=0.00795698165894 accountid=0
[hades_req] userid=1317 uri=/account/choose_player player=1317_柏莎 time=2013-04-02_14:50:31.477527 consume_time=0.0115020275116 accountid=20
[hades_req] userid=1317 uri=/admin/enter mapname=city gsid=city%401 time=2013-04-02_14:50:40.365694 consume_time=0.00841188430786
[hades_req] consume_time=0.00445199012756 uri=/admin/leave time=2013-04-02_14:50:53.639637
[hades_req] userid=0 uri=/account/temp_login form_password=123456 time=2013-04-02_14:51:53.602207 form_email=test@test.com consume_time=0.0183951854706 accountid=0
[hades_req] userid=0 uri=/account/temp_login form_password=123456 time=2013-04-02_14:53:49.025489 form_email=test@test.com consume_time=0.0186040401459 accountid=0
[hades_req] userid=0 uri=/account/temp_login form_password=123456 time=2013-04-02_14:56:20.433485 form_email=test@test.com consume_time=0.0184891223907 accountid=0
[hades_req] userid=0 uri=/account/temp_login form_password=123456 time=2013-04-02_14:58:15.016131 form_email=test@test.com consume_time=0.0190370082855 accountid=0
[hades_req] userid=0 uri=/account/temp_login form_password=123456 time=2013-04-02_14:59:21.472553 form_email=test@test.com consume_time=0.00760006904602 accountid=0
[hades_req] userid=1318 uri=/blacksmith/wash unchange_attr=physical_defence time=2013-04-02_14:59:43.336397 consume_time=0.0185890197754 wash_item=equiped@right_hand accountid=87
[hades_req] userid=1317 uri=/account/choose_player player=1317_柏莎 time=2013-04-02_14:59:51.460152 consume_time=0.0105230808258 accountid=20
[hades_req] userid=1318 uri=/blacksmith/wash unchange_attr=health,physical_defence,slay_value time=2013-04-02_14:59:57.354655 consume_time=0.0203850269318 wash_item=equiped@right_hand accountid=87
