[hades_req] consume_time=0.00507211685181 uri=/admin/leave time=2013-04-08_20:00:40.946146
[hades_req] userid=1318 uri=/account/choose_player player=1318_琳达 time=2013-04-08_20:00:43.033672 consume_time=0.011411190033 accountid=87
[hades_req] userid=1318 uri=/admin/enter mapname=city gsid=city@1 time=2013-04-08_20:00:45.511739 consume_time=0.00706195831299
[hades_req] userid=1265 uri=/account/choose_player player=1265_简 time=2013-04-08_20:00:47.872908 consume_time=0.011225938797 accountid=63
[hades_req] target_id=1088 userid=1318 uri=/friend/friend_request time=2013-04-08_20:01:17.639537 consume_time=0.0161070823669 accountid=87
[hades_req] userid=1318 uri=/msg/read time=2013-04-08_20:01:26.937510 consume_time=0.00557589530945 msgkey=1317@1365422056.84 accountid=87
[hades_req] target_id=1364 userid=1318 uri=/friend/friend_request time=2013-04-08_20:01:41.406962 consume_time=0.00405216217041 accountid=87
[hades_req] userid=1265 uri=/account/choose_player player=1265_简 time=2013-04-08_20:02:07.834564 consume_time=0.00979900360107 accountid=63
[hades_req] userid=1265 uri=/admin/enter mapname=city gsid=city@1 time=2013-04-08_20:02:11.286262 consume_time=0.00666904449463
[hades_req] consume_time=0.00531005859375 uri=/admin/leave time=2013-04-08_20:03:15.555678
[hades_req] user_login=登录 uri=/account/temp_login form_password=123456 time=2013-04-08_20:03:19.468163 form_email=majing@111.com consume_time=0.00556802749634
[hades_req] userid=1088 uri=/account/choose_player player=1088_多拉 time=2013-04-08_20:03:32.895715 consume_time=0.0114421844482 accountid=25
[hades_req] userid=1088 uri=/admin/enter mapname=city gsid=city@1 time=2013-04-08_20:03:35.416183 consume_time=0.00763988494873
[hades_req] ruler=dan49-dilao4.xml userid=1088 uri=/scene/jump_to_quest_location time=2013-04-08_20:04:04.779406 map_name=dilao4 consume_time=0.0665240287781 accountid=25
[hades_req] consume_time=0.00467777252197 uri=/admin/leave time=2013-04-08_20:04:05.018472
[hades_req] userid=1088 uri=/admin/enter mapname=dilao4 gsid=dilao4@1 time=2013-04-08_20:04:08.573003 consume_time=0.00900983810425
[hades_req] consume_time=0.00406098365784 uri=/admin/leave time=2013-04-08_20:06:12.007544
[hades_req] consume_time=0.00467586517334 uri=/admin/leave time=2013-04-08_20:07:14.980636
[hades_req] consume_time=0.00432395935059 uri=/admin/leave time=2013-04-08_20:08:00.400093
[hades_req] user_login=登录 uri=/account/temp_login form_password=123456 time=2013-04-08_20:08:17.552090 form_email=majing@111.com consume_time=0.007169008255
[hades_req] userid=1088 uri=/account/choose_player player=1088_多拉 time=2013-04-08_20:08:29.527274 consume_time=0.0108299255371 accountid=25
[hades_req] userid=1088 uri=/admin/enter mapname=city gsid=city@1 time=2013-04-08_20:08:31.884487 consume_time=0.0068531036377
[hades_req] ruler=dan49-dilao4.xml userid=1088 uri=/scene/jump_to_quest_location time=2013-04-08_20:08:45.334787 map_name=dilao4 consume_time=0.0170440673828 accountid=25
[hades_req] consume_time=0.00395488739014 uri=/admin/leave time=2013-04-08_20:08:45.585272
[hades_req] userid=1088 uri=/admin/enter mapname=dilao4 gsid=dilao4@1 time=2013-04-08_20:08:48.164851 consume_time=0.00736093521118
[hades_req] userid=0 uri=/account/temp_login form_password=123456 time=2013-04-08_20:09:36.426524 form_email=test@test.com consume_time=0.0183200836182 accountid=0
[hades_req] userid=1317 uri=/account/choose_player player=1317_柏莎 time=2013-04-08_20:10:07.915686 consume_time=0.0112071037292 accountid=20
[hades_req] userid=1317 uri=/admin/enter mapname=city gsid=city@1 time=2013-04-08_20:10:16.930543 consume_time=0.00630688667297
[hades_req] ruler=dan04-yewai3.xml userid=1317 uri=/scene/jump_to_quest_location time=2013-04-08_20:10:35.107282 map_name=yewai3 consume_time=0.0531468391418 accountid=20
[hades_req] consume_time=0.00627279281616 uri=/admin/leave time=2013-04-08_20:10:35.375848
[hades_req] userid=1317 uri=/admin/enter mapname=yewai3 gsid=yewai3@1 time=2013-04-08_20:10:43.781562 consume_time=0.00696301460266
[hades_req] userid=1317 uri=/scene/back_to_city time=2013-04-08_20:11:28.561726 consume_time=0.017548084259 accountid=20
[hades_req] consume_time=0.0048999786377 uri=/admin/leave time=2013-04-08_20:11:28.825956
[hades_req] userid=1317 uri=/admin/enter mapname=city gsid=city@1 time=2013-04-08_20:11:31.437343 consume_time=0.00693488121033
[hades_req] consume_time=0.00410389900208 uri=/admin/leave time=2013-04-08_20:11:35.006854
[hades_req] userid=1357 uri=/account/choose_player player=1357_奥蒂莉亚 time=2013-04-08_20:11:40.584421 consume_time=0.0122120380402 accountid=20
[hades_req] userid=1357 uri=/admin/enter mapname=city gsid=city@1 time=2013-04-08_20:11:42.679405 consume_time=0.00585103034973
[hades_req] ruler=dan03-huoshan1.xml userid=1357 uri=/scene/jump_to_quest_location time=2013-04-08_20:12:24.297930 map_name=huoshan1 consume_time=0.052102804184 accountid=20
[hades_req] consume_time=0.0047869682312 uri=/admin/leave time=2013-04-08_20:12:24.492735
[hades_req] userid=1357 uri=/admin/enter mapname=huoshan1 gsid=huoshan1@1 time=2013-04-08_20:12:32.020497 consume_time=0.00721192359924
[hades_req] userid=1088 uri=/scene/back_to_city time=2013-04-08_20:13:19.477383 consume_time=0.0209090709686 accountid=25
[hades_req] consume_time=0.00444102287292 uri=/admin/leave time=2013-04-08_20:13:19.784791
[hades_req] userid=1088 uri=/admin/enter mapname=city gsid=city@1 time=2013-04-08_20:13:21.871385 consume_time=0.00708889961243
[hades_req] ruler=dan41-dilao1.xml userid=1088 uri=/scene/jump_to_quest_location time=2013-04-08_20:13:27.778221 map_name=dilao1 consume_time=0.0533368587494 accountid=25
[hades_req] consume_time=0.00707912445068 uri=/admin/leave time=2013-04-08_20:13:28.035082
[hades_req] userid=1088 uri=/admin/enter mapname=dilao1 gsid=dilao1@1 time=2013-04-08_20:13:31.169328 consume_time=0.00710391998291
[hades_req] userid=1088 uri=/scene/back_to_city time=2013-04-08_20:14:43.705348 consume_time=0.0159740447998 accountid=25
[hades_req] consume_time=0.0040328502655 uri=/admin/leave time=2013-04-08_20:14:43.946211
[hades_req] userid=1088 uri=/admin/enter mapname=city gsid=city@1 time=2013-04-08_20:14:46.073758 consume_time=0.00840997695923
[hades_req] ruler=dan32-shamo5.xml userid=1088 uri=/scene/jump_to_quest_location time=2013-04-08_20:14:50.647571 map_name=shamo5 consume_time=0.0559318065643 accountid=25
[hades_req] consume_time=0.00535488128662 uri=/admin/leave time=2013-04-08_20:14:50.917565
[hades_req] userid=1088 uri=/admin/enter mapname=shamo5 gsid=shamo5@1 time=2013-04-08_20:14:54.334162 consume_time=0.00826787948608
[hades_req] consume_time=0.00498604774475 uri=/admin/leave time=2013-04-08_20:15:47.045823
[hades_req] consume_time=0.00532817840576 uri=/admin/leave time=2013-04-08_20:16:17.403591
[hades_req] consume_time=0.00451898574829 uri=/admin/leave time=2013-04-08_20:17:21.827915
[hades_req] userid=594 uri=/account/choose_player player=594_卡罗琳 time=2013-04-08_20:19:00.301472 consume_time=0.00995302200317 accountid=9
[hades_req] userid=594 uri=/admin/enter mapname=city gsid=city@1 time=2013-04-08_20:19:02.841074 consume_time=0.00772213935852
[hades_req] ruler=dan01-huoshan4.xml userid=594 uri=/scene/jump_to_quest_location time=2013-04-08_20:19:16.558051 map_name=huoshan4 consume_time=0.0524399280548 accountid=9
[hades_req] consume_time=0.00522994995117 uri=/admin/leave time=2013-04-08_20:19:16.969547
[hades_req] userid=594 uri=/admin/enter mapname=huoshan4 gsid=huoshan4@1 time=2013-04-08_20:19:20.926560 consume_time=0.00659418106079
[hades_req] userid=594 uri=/scene/back_to_city time=2013-04-08_20:19:41.960174 consume_time=0.0138258934021 accountid=9
[hades_req] consume_time=0.00462889671326 uri=/admin/leave time=2013-04-08_20:19:42.351257
[hades_req] userid=594 uri=/admin/enter mapname=city gsid=city@1 time=2013-04-08_20:19:44.551697 consume_time=0.00666689872742
[hades_req] count=30 userid=594 uri=/profile/enlarge_package time=2013-04-08_20:20:00.687724 consume_time=0.00814509391785 accountid=9
[hades_req] userid=594 uri=/blacksmith/enhance equipment_pos=package@58 time=2013-04-08_20:20:23.271803 lucky_stone_pos=151 consume_time=0.0442259311676 accountid=9
[hades_req] userid=594 uri=/blacksmith/enhance equipment_pos=equiped@right_hand time=2013-04-08_20:20:24.290003 lucky_stone_pos=150 consume_time=0.0476369857788 accountid=9
[hades_req] userid=594 uri=/blacksmith/enhance equipment_pos=equiped@right_hand time=2013-04-08_20:20:25.294835 lucky_stone_pos=150 consume_time=0.0496349334717 accountid=9
[hades_req] userid=594 uri=/blacksmith/enhance equipment_pos=equiped@right_hand time=2013-04-08_20:20:26.198651 lucky_stone_pos=150 consume_time=0.0397851467133 accountid=9
[hades_req] userid=594 uri=/blacksmith/enhance equipment_pos=equiped@right_hand time=2013-04-08_20:20:27.070354 lucky_stone_pos=150 consume_time=0.0442848205566 accountid=9
[hades_req] ruler=dan02-huoshan1.xml userid=594 uri=/scene/jump_to_quest_location time=2013-04-08_20:20:32.946926 map_name=huoshan1 consume_time=0.0525419712067 accountid=9
[hades_req] consume_time=0.00392889976501 uri=/admin/leave time=2013-04-08_20:20:33.350855
[hades_req] userid=594 uri=/admin/enter mapname=huoshan1 gsid=huoshan1@1 time=2013-04-08_20:20:37.165759 consume_time=0.00645709037781
[hades_req] userid=594 uri=/scene/back_to_city time=2013-04-08_20:21:03.803497 consume_time=0.0195128917694 accountid=9
[hades_req] consume_time=0.00522208213806 uri=/admin/leave time=2013-04-08_20:21:04.284031
[hades_req] userid=594 uri=/admin/enter mapname=city gsid=city@1 time=2013-04-08_20:21:06.878500 consume_time=0.00820207595825
[hades_req] ruler=dan03-huoshan1.xml userid=594 uri=/scene/jump_to_quest_location time=2013-04-08_20:21:19.202562 map_name=huoshan1 consume_time=0.0512659549713 accountid=9
[hades_req] consume_time=0.00402283668518 uri=/admin/leave time=2013-04-08_20:21:19.646322
[hades_req] userid=594 uri=/admin/enter mapname=huoshan1 gsid=huoshan1@2 time=2013-04-08_20:21:22.767100 consume_time=0.00574398040771
[hades_req] userid=1265 uri=/account/choose_player player=1265_简 time=2013-04-08_20:21:23.984026 consume_time=0.0110189914703 accountid=63
[hades_req] userid=1265 uri=/admin/enter mapname=city gsid=city@1 time=2013-04-08_20:21:27.194095 consume_time=0.00598001480103
[hades_req] ruler=dan03-huoshan1.xml userid=1265 uri=/scene/jump_to_quest_location time=2013-04-08_20:21:45.457223 map_name=huoshan1 consume_time=0.0233089923859 accountid=63
[hades_req] consume_time=0.00483417510986 uri=/admin/leave time=2013-04-08_20:21:45.823479
[hades_req] userid=1265 uri=/admin/enter mapname=huoshan1 gsid=huoshan1@2 time=2013-04-08_20:21:48.689765 consume_time=0.00711798667908
[hades_req] userid=594 uri=/scene/back_to_city time=2013-04-08_20:21:54.910312 consume_time=0.0171589851379 accountid=9
[hades_req] consume_time=0.00504803657532 uri=/admin/leave time=2013-04-08_20:21:55.295973
[hades_req] userid=594 uri=/admin/enter mapname=city gsid=city@1 time=2013-04-08_20:21:57.922182 consume_time=0.00497603416443
[hades_req] userid=0 uri=/account/temp_login form_password=123456 time=2013-04-08_20:22:07.972260 form_email=test@test.com consume_time=0.019122838974 accountid=0
[hades_req] userid=1265 uri=/scene/back_to_city time=2013-04-08_20:22:30.867045 consume_time=0.0185990333557 accountid=63
[hades_req] consume_time=0.00405597686768 uri=/admin/leave time=2013-04-08_20:22:31.213954
[hades_req] userid=1265 uri=/admin/enter mapname=city gsid=city@1 time=2013-04-08_20:22:33.188224 consume_time=0.00557088851929
[hades_req] userid=1357 uri=/account/choose_player player=1357_奥蒂莉亚 time=2013-04-08_20:22:37.829290 consume_time=0.0104351043701 accountid=20
[hades_req] ruler=dan03-huoshan1.xml userid=1265 uri=/scene/jump_to_quest_location time=2013-04-08_20:22:42.201510 map_name=huoshan1 consume_time=0.0220801830292 accountid=63
[hades_req] consume_time=0.00408005714417 uri=/admin/leave time=2013-04-08_20:22:42.561618
[hades_req] userid=1265 uri=/admin/enter mapname=huoshan1 gsid=huoshan1@2 time=2013-04-08_20:22:44.494068 consume_time=0.00507807731628
[hades_req] userid=1357 uri=/admin/enter mapname=city gsid=city@1 time=2013-04-08_20:22:46.769307 consume_time=0.00509595870972
[hades_req] ruler=dan03-huoshan1.xml userid=1357 uri=/scene/jump_to_quest_location time=2013-04-08_20:22:56.700247 map_name=huoshan1 consume_time=0.017126083374 accountid=20
[hades_req] consume_time=0.00483202934265 uri=/admin/leave time=2013-04-08_20:22:56.898118
[hades_req] userid=1357 uri=/admin/enter mapname=huoshan1 gsid=huoshan1@2 time=2013-04-08_20:23:03.006731 consume_time=0.0052170753479
[hades_req] userid=1265 uri=/scene/back_to_city time=2013-04-08_20:23:15.594123 consume_time=0.0139789581299 accountid=63
[hades_req] consume_time=0.00499105453491 uri=/admin/leave time=2013-04-08_20:23:15.942652
[hades_req] userid=1265 uri=/admin/enter mapname=city gsid=city@1 time=2013-04-08_20:23:18.105722 consume_time=0.00646185874939
[hades_req] ruler=dan01-huoshan4.xml userid=1265 uri=/scene/jump_to_quest_location time=2013-04-08_20:23:26.464557 map_name=huoshan4 consume_time=0.0548429489136 accountid=63
[hades_req] consume_time=0.00435090065002 uri=/admin/leave time=2013-04-08_20:23:26.842770
[hades_req] userid=1265 uri=/admin/enter mapname=huoshan4 gsid=huoshan4@1 time=2013-04-08_20:23:29.976753 consume_time=0.00486302375793
[hades_req] userid=1265 uri=/scene/back_to_city time=2013-04-08_20:23:41.278180 consume_time=0.017343044281 accountid=63
[hades_req] consume_time=0.00423383712769 uri=/admin/leave time=2013-04-08_20:23:41.659075
[hades_req] userid=1265 uri=/admin/enter mapname=city gsid=city@1 time=2013-04-08_20:23:43.795392 consume_time=0.00668406486511
[hades_req] ruler=dan18-privatemine1.xml userid=1265 uri=/scene/jump_to_quest_location time=2013-04-08_20:23:56.293362 map_name=privatemine1 consume_time=0.0652890205383 accountid=63
[hades_req] consume_time=0.00465106964111 uri=/admin/leave time=2013-04-08_20:23:56.637805
[hades_req] ruler=dan03-huoshan1.xml userid=594 uri=/scene/jump_to_quest_location time=2013-04-08_20:23:58.753071 map_name=huoshan1 consume_time=0.017147064209 accountid=9
[hades_req] consume_time=0.0067241191864 uri=/admin/leave time=2013-04-08_20:23:59.114667
[hades_req] userid=1265 uri=/admin/enter mapname=privatemine1 gsid=privatemine1@1 time=2013-04-08_20:24:01.156785 consume_time=0.00536608695984
[hades_req] userid=594 uri=/admin/enter mapname=huoshan1 gsid=huoshan1@2 time=2013-04-08_20:24:01.368461 consume_time=0.00563502311707
[hades_req] consume_time=0.00460004806519 uri=/admin/leave time=2013-04-08_20:24:09.658754
[hades_req] userid=1265 uri=/scene/back_to_city time=2013-04-08_20:24:19.381643 consume_time=0.0141458511353 accountid=63
[hades_req] consume_time=0.00452589988708 uri=/admin/leave time=2013-04-08_20:24:19.758609
[hades_req] userid=1265 uri=/admin/enter mapname=city gsid=city@1 time=2013-04-08_20:24:21.942689 consume_time=0.00682902336121
[hades_req] ruler=dan22-temple6.xml userid=1265 uri=/scene/jump_to_quest_location time=2013-04-08_20:24:38.830869 map_name=temple6 consume_time=0.056725025177 accountid=63
[hades_req] userid=0 uri=/account/temp_login form_password=123456 time=2013-04-08_20:24:39.049743 form_email=test@test.com consume_time=0.0190041065216 accountid=0
[hades_req] consume_time=0.00428605079651 uri=/admin/leave time=2013-04-08_20:24:39.192621
[hades_req] userid=1265 uri=/admin/enter mapname=temple6 gsid=temple6@1 time=2013-04-08_20:24:43.878776 consume_time=0.0064480304718
[hades_req] userid=1265 uri=/scene/back_to_city time=2013-04-08_20:24:52.089035 consume_time=0.0161759853363 accountid=63
[hades_req] consume_time=0.00485491752625 uri=/admin/leave time=2013-04-08_20:24:52.439996
[hades_req] userid=1265 uri=/admin/enter mapname=city gsid=city@1 time=2013-04-08_20:24:54.600333 consume_time=0.00769400596619
[hades_req] ruler=dan32-shamo5.xml userid=1265 uri=/scene/jump_to_quest_location time=2013-04-08_20:25:02.638582 map_name=shamo5 consume_time=0.0647950172424 accountid=63
[hades_req] consume_time=0.00462818145752 uri=/admin/leave time=2013-04-08_20:25:03.026104
[hades_req] userid=1265 uri=/admin/enter mapname=shamo5 gsid=shamo5@1 time=2013-04-08_20:25:07.584234 consume_time=0.006098985672
[hades_req] userid=1357 uri=/account/choose_player player=1357_奥蒂莉亚 time=2013-04-08_20:25:10.555309 consume_time=0.0146889686584 accountid=20
[hades_req] userid=1357 uri=/admin/enter mapname=city gsid=city@1 time=2013-04-08_20:25:19.517795 consume_time=0.00524187088013
[hades_req] consume_time=0.00434803962708 uri=/admin/leave time=2013-04-08_20:25:36.564072
[hades_req] userid=1265 uri=/scene/back_to_city time=2013-04-08_20:25:45.436786 consume_time=0.0161600112915 accountid=63
[hades_req] consume_time=0.00470590591431 uri=/admin/leave time=2013-04-08_20:25:45.823573
[hades_req] ruler=dan03-huoshan1.xml userid=1357 uri=/scene/jump_to_quest_location time=2013-04-08_20:25:47.497627 map_name=huoshan1 consume_time=0.0164451599121 accountid=20
[hades_req] consume_time=0.00399684906006 uri=/admin/leave time=2013-04-08_20:25:47.648744
[hades_req] userid=1265 uri=/admin/enter mapname=city gsid=city@1 time=2013-04-08_20:25:47.726966 consume_time=0.00588512420654
[hades_req] userid=1357 uri=/admin/enter mapname=huoshan1 gsid=huoshan1@2 time=2013-04-08_20:25:53.920746 consume_time=0.00602412223816
[hades_req] ruler=dan50-dilao5.xml userid=1265 uri=/scene/jump_to_quest_location time=2013-04-08_20:26:00.968817 map_name=dilao5 consume_time=0.0654499530792 accountid=63
[hades_req] consume_time=0.00416994094849 uri=/admin/leave time=2013-04-08_20:26:01.326373
[hades_req] userid=1265 uri=/admin/enter mapname=dilao5 gsid=dilao5@1 time=2013-04-08_20:26:05.635006 consume_time=0.00635480880737
[hades_req] userid=1265 uri=/scene/back_to_city time=2013-04-08_20:27:27.751046 consume_time=0.0174429416656 accountid=63
[hades_req] consume_time=0.00465488433838 uri=/admin/leave time=2013-04-08_20:27:28.094773
[hades_req] userid=1265 uri=/admin/enter mapname=city gsid=city@1 time=2013-04-08_20:27:30.061488 consume_time=0.00573205947876
[hades_req] ruler=dan50-dilao5.xml userid=1265 uri=/scene/jump_to_quest_location time=2013-04-08_20:27:46.328350 map_name=dilao5 consume_time=0.0230469703674 accountid=63
[hades_req] consume_time=0.00425791740417 uri=/admin/leave time=2013-04-08_20:27:46.677371
[hades_req] userid=1265 uri=/admin/enter mapname=dilao5 gsid=dilao5@1 time=2013-04-08_20:27:48.460421 consume_time=0.00642418861389
[hades_req] consume_time=0.00452399253845 uri=/admin/leave time=2013-04-08_20:28:59.158802
[hades_req] userid=0 uri=/account/temp_login form_password=123456 time=2013-04-08_20:29:49.096025 form_email=test@test.com consume_time=0.00781297683716 accountid=0
[hades_req] userid=1357 uri=/account/choose_player player=1357_奥蒂莉亚 time=2013-04-08_20:30:29.601961 consume_time=0.0149910449982 accountid=20
[hades_req] userid=1357 uri=/admin/enter mapname=city gsid=city@1 time=2013-04-08_20:30:39.084106 consume_time=0.0104470252991
[hades_req] ruler=dan03-huoshan1.xml userid=1357 uri=/scene/jump_to_quest_location time=2013-04-08_20:31:42.083715 map_name=huoshan1 consume_time=0.0144429206848 accountid=20
[hades_req] consume_time=0.00424909591675 uri=/admin/leave time=2013-04-08_20:31:42.254415
[hades_req] userid=1357 uri=/admin/enter mapname=huoshan1 gsid=huoshan1@2 time=2013-04-08_20:31:48.408956 consume_time=0.00548505783081
[hades_req] consume_time=0.00305008888245 uri=/admin/leave time=2013-04-08_20:32:30.010805
[hades_req] userid=0 uri=/account/temp_login form_password=123456 time=2013-04-08_20:33:00.937498 form_email=test@test.com consume_time=0.0205450057983 accountid=0
[hades_req] userid=1265 uri=/instance/revive revive_mod=free time=2013-04-08_20:33:01.391242 death_rule_type=single consume_time=0.00756812095642 accountid=63
[hades_req] userid=1357 uri=/account/choose_player player=1357_奥蒂莉亚 time=2013-04-08_20:34:02.989856 consume_time=0.0109210014343 accountid=20
[hades_req] userid=1357 uri=/admin/enter mapname=city gsid=city@1 time=2013-04-08_20:34:12.068146 consume_time=0.00718593597412
[hades_req] consume_time=0.00428795814514 uri=/admin/leave time=2013-04-08_20:34:32.599902
[hades_req] userid=1334 uri=/account/choose_player player=1334_克拉彭 time=2013-04-08_20:34:37.607552 consume_time=0.0102639198303 accountid=20
[hades_req] userid=1334 uri=/admin/enter mapname=city gsid=city@1 time=2013-04-08_20:34:39.611879 consume_time=0.00608086585999
[hades_req] userid=1334 uri=/scene/enter_tavern time=2013-04-08_20:34:42.248689 consume_time=0.011087179184 type=instance accountid=20
[hades_req] consume_time=0.00434684753418 uri=/admin/leave time=2013-04-08_20:34:42.508229
[hades_req] userid=1334 uri=/admin/enter mapname=jiuguanshinei gsid=jiuguanshinei@98 time=2013-04-08_20:34:45.878546 consume_time=0.00544786453247
[hades_req] consume_time=0.00463891029358 uri=/admin/leave time=2013-04-08_20:36:30.618931
[hades_req] consume_time=0.00484895706177 uri=/admin/leave time=2013-04-08_20:37:08.286605
[hades_req] userid=0 uri=/account/temp_login form_password=123456 time=2013-04-08_20:37:17.614277 form_email=test@test.com consume_time=0.00607204437256 accountid=0
[hades_req] userid=1334 uri=/account/choose_player player=1334_克拉彭 time=2013-04-08_20:37:47.285910 consume_time=0.00958800315857 accountid=20
[hades_req] userid=1334 uri=/admin/enter mapname=city gsid=city@1 time=2013-04-08_20:37:56.372117 consume_time=0.00579404830933
[hades_req] userid=1334 uri=/scene/enter_tavern time=2013-04-08_20:37:59.321249 consume_time=0.0103890895844 type=instance accountid=20
[hades_req] consume_time=0.00396800041199 uri=/admin/leave time=2013-04-08_20:37:59.539316
[hades_req] userid=1334 uri=/admin/enter mapname=jiuguanshinei gsid=jiuguanshinei@98 time=2013-04-08_20:38:02.919691 consume_time=0.00594806671143
[hades_req] consume_time=0.00456786155701 uri=/admin/leave time=2013-04-08_20:39:09.364591
[hades_req] user_login=登录 uri=/account/temp_login form_password=123456 time=2013-04-08_20:40:30.649744 form_email=test@test.com consume_time=0.0192768573761
[hades_req] userid=1357 uri=/account/choose_player player=1357_奥蒂莉亚 time=2013-04-08_20:40:57.458474 consume_time=0.00995206832886 accountid=20
[hades_req] userid=1357 uri=/admin/enter mapname=city gsid=city@1 time=2013-04-08_20:41:01.579967 consume_time=0.00585293769836
[hades_req] ruler=dan04-yewai3.xml userid=1357 uri=/scene/jump_to_quest_location time=2013-04-08_20:41:18.936401 map_name=yewai3 consume_time=0.0493750572205 accountid=20
[hades_req] consume_time=0.00492095947266 uri=/admin/leave time=2013-04-08_20:41:19.139432
[hades_req] userid=1357 uri=/admin/enter mapname=yewai3 gsid=yewai3@1 time=2013-04-08_20:41:24.580551 consume_time=0.00853705406189
[hades_req] userid=1357 uri=/scene/back_to_city time=2013-04-08_20:45:39.711730 consume_time=0.0133299827576 accountid=20
[hades_req] consume_time=0.00414991378784 uri=/admin/leave time=2013-04-08_20:45:39.883915
[hades_req] userid=1357 uri=/admin/enter mapname=city gsid=city@1 time=2013-04-08_20:45:42.084553 consume_time=0.00530409812927
[hades_req] ruler=dan05-yewai6.xml userid=1357 uri=/scene/jump_to_quest_location time=2013-04-08_20:45:50.481394 map_name=yewai6 consume_time=0.0511040687561 accountid=20
[hades_req] consume_time=0.00424408912659 uri=/admin/leave time=2013-04-08_20:45:50.637060
[hades_req] userid=1357 uri=/admin/enter mapname=yewai6 gsid=yewai6@1 time=2013-04-08_20:45:54.307681 consume_time=0.00564193725586
[hades_req] consume_time=0.00389719009399 uri=/admin/leave time=2013-04-08_20:46:18.127332
[hades_req] userid=0 uri=/account/temp_login form_password=123456 time=2013-04-08_20:48:15.908220 form_email=test@test.com consume_time=0.00595808029175 accountid=0
[hades_req] userid=1357 uri=/account/choose_player player=1357_奥蒂莉亚 time=2013-04-08_20:49:22.437114 consume_time=0.0112860202789 accountid=20
[hades_req] userid=1357 uri=/admin/enter mapname=city gsid=city@1 time=2013-04-08_20:49:31.756390 consume_time=0.00567889213562
[hades_req] ruler=dan05-yewai6.xml userid=1357 uri=/scene/jump_to_quest_location time=2013-04-08_20:49:39.833536 map_name=yewai6 consume_time=0.0514190196991 accountid=20
[hades_req] consume_time=0.00459218025208 uri=/admin/leave time=2013-04-08_20:49:39.984055
[hades_req] userid=1357 uri=/admin/enter mapname=yewai6 gsid=yewai6@1 time=2013-04-08_20:49:47.998273 consume_time=0.0051748752594
[hades_req] userid=1357 uri=/scene/back_to_city time=2013-04-08_20:51:19.272901 consume_time=0.0158751010895 accountid=20
[hades_req] consume_time=0.00448799133301 uri=/admin/leave time=2013-04-08_20:51:19.429900
[hades_req] userid=1357 uri=/admin/enter mapname=city gsid=city@1 time=2013-04-08_20:51:21.949930 consume_time=0.00621914863586
[hades_req] ruler=dan06-yewai4.xml userid=1357 uri=/scene/jump_to_quest_location time=2013-04-08_20:51:44.280971 map_name=yewai4 consume_time=0.0524489879608 accountid=20
[hades_req] consume_time=0.00505208969116 uri=/admin/leave time=2013-04-08_20:51:44.481130
[hades_req] userid=1357 uri=/admin/enter mapname=yewai4 gsid=yewai4@1 time=2013-04-08_20:51:49.449533 consume_time=0.00649785995483
[hades_req] userid=1357 uri=/scene/back_to_city time=2013-04-08_20:54:03.383901 consume_time=0.0156061649323 accountid=20
[hades_req] consume_time=0.00659394264221 uri=/admin/leave time=2013-04-08_20:54:03.545143
[hades_req] userid=1357 uri=/admin/enter mapname=city gsid=city@1 time=2013-04-08_20:54:06.248643 consume_time=0.00575804710388
[hades_req] consume_time=0.00464010238647 uri=/admin/leave time=2013-04-08_20:54:15.864857
[hades_req] userid=1334 uri=/account/choose_player player=1334_克拉彭 time=2013-04-08_20:54:20.786903 consume_time=0.0139560699463 accountid=20
[hades_req] userid=1334 uri=/admin/enter mapname=city gsid=city@1 time=2013-04-08_20:54:22.728875 consume_time=0.00480103492737
[hades_req] userid=1334 uri=/scene/enter_tavern time=2013-04-08_20:54:24.982731 consume_time=0.00773096084595 type=instance accountid=20
[hades_req] consume_time=0.00458288192749 uri=/admin/leave time=2013-04-08_20:54:25.241979
[hades_req] userid=1334 uri=/admin/enter mapname=jiuguanshinei gsid=jiuguanshinei@98 time=2013-04-08_20:54:28.860121 consume_time=0.00659704208374
[hades_req] userid=594 uri=/account/choose_player player=594_卡罗琳 time=2013-04-08_20:54:34.716702 consume_time=0.0104110240936 accountid=9
[hades_req] userid=594 uri=/admin/enter mapname=city gsid=city@1 time=2013-04-08_20:54:37.146824 consume_time=0.00521302223206
[hades_req] userid=594 uri=/scene/enter_tavern time=2013-04-08_20:54:40.185885 consume_time=0.00853705406189 type=instance accountid=9
[hades_req] consume_time=0.00571203231812 uri=/admin/leave time=2013-04-08_20:54:40.545427
[hades_req] user_login=登录 uri=/account/temp_login form_password=123456 time=2013-04-08_20:57:19.857647 form_email=test@test.com consume_time=0.019150018692
[hades_req] userid=1338 uri=/account/choose_player player=1338_罗密欧 time=2013-04-08_20:57:37.217609 consume_time=0.00994110107422 accountid=20
[hades_req] userid=1338 uri=/admin/enter mapname=city gsid=city@1 time=2013-04-08_20:57:40.982263 consume_time=0.00930118560791
[hades_req] userid=1334 uri=/blacksmith/separate item=package@22,package@23,package@24,package@25,package@29,package@28,package@27,package@26 time=2013-04-08_20:57:51.529762 consume_time=0.0415589809418 accountid=20
[hades_req] userid=1334 uri=/blacksmith/separate item=package@21 time=2013-04-08_20:57:54.642670 consume_time=0.0131340026855 accountid=20
[hades_req] consume_time=0.00433611869812 uri=/admin/leave time=2013-04-08_20:58:01.416597
[hades_req] userid=1317 uri=/account/choose_player player=1317_柏莎 time=2013-04-08_20:58:05.286773 consume_time=0.010507106781 accountid=20
[hades_req] userid=1317 uri=/admin/enter mapname=city gsid=city@1 time=2013-04-08_20:58:07.020634 consume_time=0.00540399551392
[hades_req] userid=1317 uri=/scene/enter_tavern time=2013-04-08_20:58:09.083981 consume_time=0.00842714309692 type=instance accountid=20
[hades_req] consume_time=0.00421404838562 uri=/admin/leave time=2013-04-08_20:58:09.339428
[hades_req] userid=1317 uri=/admin/enter mapname=jiuguanshinei gsid=jiuguanshinei@98 time=2013-04-08_20:58:11.815652 consume_time=0.00612282752991
[hades_req] consume_time=0.00483393669128 uri=/admin/leave time=2013-04-08_20:58:24.571767
[hades_req] consume_time=0.00460600852966 uri=/admin/leave time=2013-04-08_20:58:32.693930
[hades_req] userid=0 uri=/account/temp_login form_password=123456 time=2013-04-08_20:58:35.356488 form_email=test@test.com consume_time=0.0195369720459 accountid=0
[hades_req] userid=1334 uri=/account/choose_player player=1334_克拉彭 time=2013-04-08_20:59:09.195193 consume_time=0.0111048221588 accountid=20
[hades_req] userid=1334 uri=/admin/enter mapname=city gsid=city@1 time=2013-04-08_20:59:18.246286 consume_time=0.0060031414032
[hades_req] items=material@8004@99 userid=1334 uri=/trade/store/multi_buy time=2013-04-08_20:59:55.272065 consume_time=0.00544285774231 accountid=20
