[hades_req] userid=0 uri=/account/temp_login form_password=123456 time=2013-04-01_17:01:44.257579 form_email=test@test.com consume_time=0.0197451114655 accountid=0
[hades_req] userid=1317 uri=/account/choose_player player=1317_柏莎 time=2013-04-01_17:02:29.141342 consume_time=0.0108699798584 accountid=20
[hades_req] userid=1317 uri=/admin/enter mapname=city gsid=city%401 time=2013-04-01_17:02:38.127530 consume_time=0.00616502761841
[hades_req] consume_time=0.00475692749023 uri=/admin/leave time=2013-04-01_17:02:43.194543
[hades_req] userid=0 uri=/account/temp_login form_password=123456 time=2013-04-01_17:03:20.351529 form_email=test@test.com consume_time=0.0194141864777 accountid=0
[hades_req] userid=889 uri=/account/choose_player player=889_格雷沙姆 time=2013-04-01_17:03:31.045751 consume_time=0.0120871067047 accountid=9
[hades_req] userid=889 uri=/admin/enter mapname=city gsid=city%401 time=2013-04-01_17:03:32.722104 consume_time=0.00538086891174
[hades_req] delete_user_id=1297 userid=1317 uri=/account/delete_user time=2013-04-01_17:03:53.663118 consume_time=0.0291109085083 accountid=20
[hades_req] camp=1 name=托比 gender=female idcard=1234345656dfdf userid=1317 uri=/profile/register account_id=20 role=priest time=2013-04-01_17:03:59.136283 consume_time=0.0237720012665 accountid=20
[hades_req] delete_user_id=1331 userid=1331 uri=/account/delete_user time=2013-04-01_17:04:03.460820 consume_time=0.0276730060577 accountid=20
[hades_req] delete_user_id=1292 userid=1064 uri=/account/delete_user time=2013-04-01_17:04:09.358512 consume_time=0.0425088405609 accountid=20
[hades_req] userid=1317 uri=/account/choose_player player=1317_柏莎 time=2013-04-01_17:04:13.023863 consume_time=0.0278949737549 accountid=20
[hades_req] userid=1317 uri=/admin/enter mapname=city gsid=city%401 time=2013-04-01_17:04:22.276207 consume_time=0.00902605056763
[hades_req] consume_time=0.00466895103455 uri=/admin/leave time=2013-04-01_17:04:48.376496
[hades_req] userid=1318 uri=/pets/new_pet time=2013-04-01_17:05:55.407735 consume_time=0.0141980648041 pet_id=4004 accountid=87
[hades_req] userid=1318 uri=/pets/play time=2013-04-01_17:05:57.778737 consume_time=0.00348496437073 pet_id=4004 accountid=87
[hades_req] user_login=登录 uri=/account/temp_login form_password=123456 time=2013-04-01_17:06:15.638666 form_email=test@test.com consume_time=0.0181469917297
[hades_req] consume_time=0.0040078163147 uri=/admin/leave time=2013-04-01_17:06:30.648108
[hades_req] userid=1317 uri=/account/choose_player player=1317_柏莎 time=2013-04-01_17:06:31.932426 consume_time=0.010794878006 accountid=20
[hades_req] userid=1317 uri=/admin/enter mapname=city gsid=city%401 time=2013-04-01_17:06:35.888791 consume_time=0.00629591941833
[hades_req] techid=1 userid=1317 uri=/technology/upgrade time=2013-04-01_17:06:57.890478 consume_time=0.0188310146332 accountid=20
[hades_req] techid=1 userid=1317 uri=/technology/upgrade time=2013-04-01_17:06:58.251409 consume_time=0.0152449607849 accountid=20
[hades_req] techid=1 userid=1317 uri=/technology/upgrade time=2013-04-01_17:06:58.661248 consume_time=0.0201680660248 accountid=20
[hades_req] techid=1 userid=1317 uri=/technology/upgrade time=2013-04-01_17:06:59.053164 consume_time=0.0161230564117 accountid=20
[hades_req] techid=1 userid=1317 uri=/technology/upgrade time=2013-04-01_17:06:59.564090 consume_time=0.0175909996033 accountid=20
[hades_req] techid=1 userid=1317 uri=/technology/upgrade time=2013-04-01_17:06:59.928645 consume_time=0.0192790031433 accountid=20
[hades_req] techid=1 userid=1317 uri=/technology/upgrade time=2013-04-01_17:07:00.344446 consume_time=0.0179271697998 accountid=20
[hades_req] techid=1 userid=1317 uri=/technology/upgrade time=2013-04-01_17:07:00.778272 consume_time=0.0212640762329 accountid=20
[hades_req] ruler=dan09-yewai5.xml userid=1317 uri=/scene/jump_to_quest_location time=2013-04-01_17:07:23.779080 map_name=yewai5 consume_time=0.0546369552612 accountid=20
[hades_req] consume_time=0.00472903251648 uri=/admin/leave time=2013-04-01_17:07:24.037299
[hades_req] userid=1317 uri=/admin/enter mapname=yewai5 gsid=yewai5%401 time=2013-04-01_17:07:29.297730 consume_time=0.00862884521484
[hades_req] consume_time=0.00406098365784 uri=/admin/leave time=2013-04-01_17:08:10.011861
[hades_req] userid=1064 uri=/account/choose_player player=1064_斯诺 time=2013-04-01_17:10:29.874848 consume_time=0.0125710964203 accountid=20
[hades_req] userid=1064 uri=/admin/enter mapname=city gsid=city%401 time=2013-04-01_17:10:33.998032 consume_time=0.00685501098633
[hades_req] consume_time=0.00490689277649 uri=/admin/leave time=2013-04-01_17:11:01.622142
[hades_req] userid=1317 uri=/account/choose_player player=1317_柏莎 time=2013-04-01_17:11:09.420827 consume_time=0.0119612216949 accountid=20
[hades_req] userid=1317 uri=/admin/enter mapname=city gsid=city%401 time=2013-04-01_17:11:11.148780 consume_time=0.00631904602051
[hades_req] techid=2 userid=1317 uri=/technology/upgrade time=2013-04-01_17:14:06.109843 consume_time=0.018522977829 accountid=20
[hades_req] techid=2 userid=1317 uri=/technology/upgrade time=2013-04-01_17:14:06.769545 consume_time=0.0167498588562 accountid=20
[hades_req] techid=2 userid=1317 uri=/technology/upgrade time=2013-04-01_17:14:07.382025 consume_time=0.0187590122223 accountid=20
[hades_req] techid=2 userid=1317 uri=/technology/upgrade time=2013-04-01_17:14:07.833312 consume_time=0.01775598526 accountid=20
[hades_req] techid=2 userid=1317 uri=/technology/upgrade time=2013-04-01_17:14:08.410870 consume_time=0.0182220935822 accountid=20
[hades_req] techid=2 userid=1317 uri=/technology/upgrade time=2013-04-01_17:14:08.909621 consume_time=0.0175092220306 accountid=20
[hades_req] techid=2 userid=1317 uri=/technology/upgrade time=2013-04-01_17:14:09.492666 consume_time=0.0236661434174 accountid=20
[hades_req] techid=2 userid=1317 uri=/technology/upgrade time=2013-04-01_17:14:09.990789 consume_time=0.0207781791687 accountid=20
[hades_req] techid=2 userid=1317 uri=/technology/upgrade time=2013-04-01_17:14:10.603934 consume_time=0.0175309181213 accountid=20
[hades_req] techid=2 userid=1317 uri=/technology/upgrade time=2013-04-01_17:14:11.231452 consume_time=0.0206918716431 accountid=20
[hades_req] ruler=dan10-yewai6.xml userid=1317 uri=/scene/jump_to_quest_location time=2013-04-01_17:14:20.603147 map_name=yewai6 consume_time=0.0506119728088 accountid=20
[hades_req] consume_time=0.00408315658569 uri=/admin/leave time=2013-04-01_17:14:20.858620
[hades_req] userid=1317 uri=/admin/enter mapname=yewai6 gsid=yewai6%401 time=2013-04-01_17:14:25.366141 consume_time=0.00702095031738
[hades_req] userid=1317 uri=/scene/back_to_city time=2013-04-01_17:16:40.935669 consume_time=0.0113251209259 accountid=20
[hades_req] consume_time=0.00420379638672 uri=/admin/leave time=2013-04-01_17:16:41.175750
[hades_req] userid=1317 uri=/admin/enter mapname=city gsid=city%401 time=2013-04-01_17:16:43.247135 consume_time=0.00543904304504
[hades_req] userid=1318 uri=/package/sort time=2013-04-01_17:17:20.407646 consume_time=0.00632786750793 accountid=87
[hades_req] userid=1318 uri=/trade/store/sell time=2013-04-01_17:17:31.192955 position=40 consume_time=0.00636720657349 accountid=87
[hades_req] userid=1318 uri=/trade/store/sell time=2013-04-01_17:17:31.649757 position=41 consume_time=0.00660610198975 accountid=87
[hades_req] userid=1318 uri=/trade/store/sell time=2013-04-01_17:17:32.721882 position=39 consume_time=0.00619101524353 accountid=87
[hades_req] userid=1318 uri=/trade/store/sell time=2013-04-01_17:17:34.414064 position=38 consume_time=0.00669407844543 accountid=87
[hades_req] repeat_time=8 userid=1318 uri=/instance/start_clean_instance instance_id=1 time=2013-04-01_17:20:53.747623 consume_time=0.00445508956909 accountid=87
[hades_req] userid=1318 uri=/instance/cancel_clean_instance time=2013-04-01_17:20:57.719247 consume_time=0.00422716140747 accountid=87
[hades_req] repeat_time=3 userid=1318 uri=/instance/start_clean_instance instance_id=1 time=2013-04-01_17:21:11.047895 consume_time=0.00535106658936 accountid=87
[hades_req] skip_time=1 userid=1318 uri=/instance/end_clean_maze time=2013-04-01_17:21:14.542067 consume_time=0.0321848392487 accountid=87
[hades_req] repeat_time=5 userid=1318 uri=/instance/start_clean_instance instance_id=4 time=2013-04-01_17:21:32.083262 consume_time=0.00432801246643 accountid=87
[hades_req] skip_time=1 userid=1318 uri=/instance/end_clean_maze time=2013-04-01_17:21:33.805607 consume_time=0.023745059967 accountid=87
[hades_req] userid=1318 uri=/shortcut/set short_cut={"0":"0@1030020@true","1":"1@1060020@true","2":"2@1090020@true","3":"3@1120020@true","4":"4@101@false"} time=2013-04-01_17:21:33.918159 consume_time=0.00432991981506 accountid=87
[hades_req] repeat_time=8 userid=1318 uri=/instance/start_clean_instance instance_id=6 time=2013-04-01_17:21:42.416606 consume_time=0.00439405441284 accountid=87
[hades_req] consume_time=0.00501704216003 uri=/admin/leave time=2013-04-01_17:21:53.146176
[hades_req] userid=1318 uri=/account/choose_player player=1318_琳达 time=2013-04-01_17:22:03.923177 consume_time=0.011785030365 accountid=87
[hades_req] userid=1318 uri=/admin/enter mapname=city gsid=city%401 time=2013-04-01_17:22:06.495753 consume_time=0.0064492225647
[hades_req] userid=0 uri=/account/temp_login form_password=hello2 time=2013-04-01_17:22:06.751440 form_email=hello2@hello2.com consume_time=0.0180649757385 accountid=0
[hades_req] skip_time=0 userid=1318 uri=/instance/end_clean_maze time=2013-04-01_17:22:07.347087 consume_time=0.00489401817322 accountid=87
[hades_req] userid=1318 uri=/instance/cancel_clean_instance time=2013-04-01_17:22:32.416103 consume_time=0.0038890838623 accountid=87
[hades_req] userid=1310 uri=/account/choose_player player=1310_鲍勃 time=2013-04-01_17:22:38.195855 consume_time=0.0107960700989 accountid=92
[hades_req] userid=1310 uri=/admin/enter mapname=city gsid= time=2013-04-01_17:22:48.090909 consume_time=0.00300097465515
[hades_req] repeat_time=8 userid=1318 uri=/instance/start_clean_instance instance_id=6 time=2013-04-01_17:23:16.412401 consume_time=0.00458693504333 accountid=87
[hades_req] consume_time=0.00430011749268 uri=/admin/leave time=2013-04-01_17:23:19.301180
[hades_req] userid=1318 uri=/account/choose_player player=1318_琳达 time=2013-04-01_17:23:30.086060 consume_time=0.0116829872131 accountid=87
[hades_req] userid=1318 uri=/admin/enter mapname=city gsid=city%401 time=2013-04-01_17:23:32.434974 consume_time=0.00626611709595
[hades_req] skip_time=0 userid=1318 uri=/instance/end_clean_maze time=2013-04-01_17:23:33.549859 consume_time=0.00438690185547 accountid=87
[hades_req] userid=1318 uri=/instance/cancel_clean_instance time=2013-04-01_17:23:46.464648 consume_time=0.00574398040771 accountid=87
[hades_req] userid=0 uri=/account/temp_login form_password=123456 time=2013-04-01_17:26:24.000662 form_email=test@test.com consume_time=0.0188400745392 accountid=0
[hades_req] userid=1317 uri=/account/choose_player player=1317_柏莎 time=2013-04-01_17:27:00.575686 consume_time=0.00910687446594 accountid=20
[hades_req] consume_time=0.0042610168457 uri=/admin/leave time=2013-04-01_17:27:09.926181
[hades_req] userid=1317 uri=/admin/enter mapname=city gsid=city%401 time=2013-04-01_17:27:09.935081 consume_time=0.00678181648254
[hades_req] userid=1317 uri=/trade/store/sell time=2013-04-01_17:27:23.651546 position=22 consume_time=0.00695586204529 accountid=20
[hades_req] userid=1317 uri=/trade/store/sell time=2013-04-01_17:27:24.695693 position=21 consume_time=0.007896900177 accountid=20
[hades_req] userid=1317 uri=/trade/store/sell time=2013-04-01_17:27:25.900536 position=20 consume_time=0.00686097145081 accountid=20
[hades_req] userid=1317 uri=/trade/store/sell time=2013-04-01_17:27:28.824707 position=19 consume_time=0.00698399543762 accountid=20
[hades_req] userid=1317 uri=/trade/store/sell time=2013-04-01_17:27:30.831895 position=18 consume_time=0.00574588775635 accountid=20
[hades_req] userid=1317 uri=/trade/store/sell time=2013-04-01_17:27:32.765761 position=17 consume_time=0.0061399936676 accountid=20
[hades_req] consume_time=0.00531911849976 uri=/admin/leave time=2013-04-01_17:27:38.418619
[hades_req] consume_time=0.00450110435486 uri=/admin/leave time=2013-04-01_17:28:15.409719
[hades_req] user_login=登录 uri=/account/temp_login form_password=hello2 time=2013-04-01_17:28:49.238845 form_email=hello2@hello2.com consume_time=0.0196290016174
[hades_req] userid=1310 uri=/account/choose_player player=1310_鲍勃 time=2013-04-01_17:29:16.067751 consume_time=0.0106279850006 accountid=92
[hades_req] userid=0 uri=/account/temp_login form_password=hello2 time=2013-04-01_17:33:12.570935 form_email=hello2@hello2.com consume_time=0.0191059112549 accountid=0
[hades_req] userid=1318 uri=/exchange/exchange time=2013-04-01_17:33:13.495519 consume_time=0.0132210254669 accountid=87
[hades_req] userid=1318 uri=/scene/go_to_singlejjc time=2013-04-01_17:33:30.956393 consume_time=0.0476059913635 opponent=1183 accountid=87
[hades_req] consume_time=0.00429892539978 uri=/admin/leave time=2013-04-01_17:33:31.201193
[hades_req] userid=1318 uri=/admin/enter mapname=jingjichang gsid=jingjichang%401 time=2013-04-01_17:33:34.622372 consume_time=0.00592303276062
[hades_req] userid=1310 uri=/account/choose_player player=1310_鲍勃 time=2013-04-01_17:33:42.336056 consume_time=0.0106081962585 accountid=92
[hades_req] userid=1318 uri=/scene/back_to_city time=2013-04-01_17:33:45.583078 consume_time=0.0171589851379 accountid=87
[hades_req] consume_time=0.00517582893372 uri=/admin/leave time=2013-04-01_17:33:45.867335
[hades_req] userid=1318 uri=/admin/enter mapname=city gsid=city%401 time=2013-04-01_17:33:48.038328 consume_time=0.00479292869568
[hades_req] userid=1310 uri=/admin/enter mapname=city gsid=xxx time=2013-04-01_17:33:51.711956 consume_time=0.00327181816101
[hades_req] user_login=登录 uri=/account/temp_login form_password=123456 time=2013-04-01_17:35:15.783546 form_email=test@test.com consume_time=0.0188682079315
[hades_req] userid=1317 uri=/account/choose_player player=1317_柏莎 time=2013-04-01_17:35:40.811670 consume_time=0.0139079093933 accountid=20
[hades_req] userid=1317 uri=/admin/enter mapname=city gsid=city%401 time=2013-04-01_17:35:44.765085 consume_time=0.00642490386963
[hades_req] userid=1317 uri=/trade/store/sell time=2013-04-01_17:35:55.270027 position=16 consume_time=0.00587201118469 accountid=20
[hades_req] userid=1317 uri=/trade/store/sell time=2013-04-01_17:35:56.202473 position=15 consume_time=0.00558304786682 accountid=20
[hades_req] techid=1 userid=1317 uri=/technology/upgrade time=2013-04-01_17:36:04.076850 consume_time=0.0153851509094 accountid=20
[hades_req] techid=1 userid=1317 uri=/technology/upgrade time=2013-04-01_17:36:04.892655 consume_time=0.0146079063416 accountid=20
[hades_req] techid=1 userid=1317 uri=/technology/upgrade time=2013-04-01_17:36:05.559096 consume_time=0.0139679908752 accountid=20
[hades_req] techid=1 userid=1317 uri=/technology/upgrade time=2013-04-01_17:36:06.001800 consume_time=0.0174708366394 accountid=20
[hades_req] techid=1 userid=1317 uri=/technology/upgrade time=2013-04-01_17:36:06.364210 consume_time=0.0147500038147 accountid=20
[hades_req] techid=1 userid=1317 uri=/technology/upgrade time=2013-04-01_17:36:06.612476 consume_time=0.0143189430237 accountid=20
[hades_req] techid=1 userid=1317 uri=/technology/upgrade time=2013-04-01_17:36:10.193895 consume_time=0.0157740116119 accountid=20
[hades_req] techid=1 userid=1317 uri=/technology/upgrade time=2013-04-01_17:36:10.563915 consume_time=0.015517950058 accountid=20
[hades_req] techid=1 userid=1317 uri=/technology/upgrade time=2013-04-01_17:36:10.861745 consume_time=0.0153679847717 accountid=20
[hades_req] techid=1 userid=1317 uri=/technology/upgrade time=2013-04-01_17:36:14.195518 consume_time=0.0150640010834 accountid=20
[hades_req] techid=1 userid=1317 uri=/technology/upgrade time=2013-04-01_17:36:15.168267 consume_time=0.0162129402161 accountid=20
[hades_req] consume_time=0.00385808944702 uri=/admin/leave time=2013-04-01_17:36:21.325943
[hades_req] userid=1064 uri=/account/choose_player player=1064_斯诺 time=2013-04-01_17:36:24.640183 consume_time=0.0136799812317 accountid=20
[hades_req] userid=1064 uri=/admin/enter mapname=city gsid=city%401 time=2013-04-01_17:36:26.344231 consume_time=0.00595498085022
[hades_req] techid=7 userid=1064 uri=/technology/upgrade time=2013-04-01_17:36:43.197932 consume_time=0.0167460441589 accountid=20
[hades_req] techid=7 userid=1064 uri=/technology/upgrade time=2013-04-01_17:36:43.592483 consume_time=0.0158460140228 accountid=20
[hades_req] techid=7 userid=1064 uri=/technology/upgrade time=2013-04-01_17:36:44.008931 consume_time=0.0158929824829 accountid=20
[hades_req] techid=7 userid=1064 uri=/technology/upgrade time=2013-04-01_17:36:44.327995 consume_time=0.0185949802399 accountid=20
[hades_req] techid=7 userid=1064 uri=/technology/upgrade time=2013-04-01_17:36:44.678239 consume_time=0.019250869751 accountid=20
[hades_req] techid=7 userid=1064 uri=/technology/upgrade time=2013-04-01_17:36:45.030482 consume_time=0.0165729522705 accountid=20
[hades_req] techid=10 userid=1064 uri=/technology/upgrade time=2013-04-01_17:36:46.810665 consume_time=0.0185379981995 accountid=20
[hades_req] consume_time=0.00483703613281 uri=/admin/leave time=2013-04-01_17:36:59.873892
[hades_req] accountid=20 idcard=1234345656dfdf name=佩儿 gender=female camp=1 userid=1064 uri=/profile/register role=priest time=2013-04-01_17:37:05.203603 consume_time=0.0247189998627 account_id=20
[hades_req] userid=1332 uri=/account/choose_player player=1332_佩儿 time=2013-04-01_17:37:07.085244 consume_time=0.0121250152588 accountid=20
[hades_req] userid=1332 uri=/admin/enter mapname=city gsid=city%401 time=2013-04-01_17:37:08.701696 consume_time=0.0106868743896
[hades_req] ruler=dan01-huoshan4.xml userid=1332 uri=/scene/jump_to_quest_location time=2013-04-01_17:37:19.222240 map_name=huoshan4 consume_time=0.0578830242157 accountid=20
[hades_req] consume_time=0.00432109832764 uri=/admin/leave time=2013-04-01_17:37:19.407174
[hades_req] userid=1332 uri=/admin/enter mapname=huoshan4 gsid=huoshan4%401 time=2013-04-01_17:37:23.809327 consume_time=0.00667810440063
[hades_req] userid=1332 uri=/scene/back_to_city time=2013-04-01_17:37:48.688877 consume_time=0.012834072113 accountid=20
[hades_req] consume_time=0.00391793251038 uri=/admin/leave time=2013-04-01_17:37:48.861723
[hades_req] userid=1332 uri=/admin/enter mapname=city gsid=city%401 time=2013-04-01_17:37:51.181149 consume_time=0.00606894493103
[hades_req] userid=1332 uri=/blacksmith/enhance equipment_pos=equiped@right_hand time=2013-04-01_17:38:03.268542 lucky_stone_pos=2 consume_time=0.0284209251404 accountid=20
[hades_req] userid=1332 uri=/blacksmith/enhance equipment_pos=equiped@right_hand time=2013-04-01_17:38:03.681018 lucky_stone_pos=2 consume_time=0.0248980522156 accountid=20
[hades_req] userid=1332 uri=/blacksmith/enhance equipment_pos=equiped@right_hand time=2013-04-01_17:38:04.133768 lucky_stone_pos=2 consume_time=0.0265641212463 accountid=20
[hades_req] userid=1332 uri=/blacksmith/enhance equipment_pos=equiped@right_hand time=2013-04-01_17:38:04.600622 lucky_stone_pos=2 consume_time=0.0276579856873 accountid=20
[hades_req] userid=1332 uri=/blacksmith/enhance equipment_pos=equiped@right_hand time=2013-04-01_17:38:05.115767 lucky_stone_pos=2 consume_time=0.0269808769226 accountid=20
[hades_req] userid=1332 uri=/trade/store/sell time=2013-04-01_17:39:01.699307 position=0 consume_time=0.00390601158142 accountid=20
[hades_req] userid=1332 uri=/trade/store/sell time=2013-04-01_17:39:01.922814 position=1 consume_time=0.00348091125488 accountid=20
[hades_req] userid=1332 uri=/msg/read time=2013-04-01_17:39:10.157035 consume_time=0.00461411476135 msgkey=0@1364458813 accountid=20
[hades_req] userid=1332 uri=/msg/loads_attachment time=2013-04-01_17:39:11.328911 consume_time=0.00865197181702 msgkey=0@1364458813 accountid=20
[hades_req] userid=1332 uri=/msg/loads_attachment time=2013-04-01_17:39:14.060666 consume_time=0.00944995880127 msgkey=0@1363846732 accountid=20
[hades_req] consume_time=0.00503301620483 uri=/admin/leave time=2013-04-01_17:39:42.758693
[hades_req] userid=1318 uri=/account/choose_player player=1318_琳达 time=2013-04-01_17:40:09.769195 consume_time=0.0111351013184 accountid=87
[hades_req] userid=1318 uri=/admin/enter mapname=city gsid=city%401 time=2013-04-01_17:40:12.331371 consume_time=0.00593590736389
[hades_req] repeat_time=8 userid=1318 uri=/instance/start_clean_instance instance_id=5 time=2013-04-01_17:40:20.361522 consume_time=0.004399061203 accountid=87
[hades_req] consume_time=0.00530982017517 uri=/admin/leave time=2013-04-01_17:40:22.692075
[hades_req] userid=1318 uri=/account/choose_player player=1318_琳达 time=2013-04-01_17:40:37.065975 consume_time=0.0103480815887 accountid=87
[hades_req] userid=1318 uri=/admin/enter mapname=city gsid=city%401 time=2013-04-01_17:40:39.345209 consume_time=0.00527286529541
[hades_req] consume_time=0.00500297546387 uri=/admin/leave time=2013-04-01_17:40:56.086116
[hades_req] userid=1318 uri=/account/choose_player player=1318_琳达 time=2013-04-01_17:41:11.305500 consume_time=0.0123670101166 accountid=87
[hades_req] userid=1318 uri=/admin/enter mapname=city gsid=city%401 time=2013-04-01_17:41:13.640246 consume_time=0.00593495368958
[hades_req] consume_time=0.00452208518982 uri=/admin/leave time=2013-04-01_17:42:15.448315
[hades_req] userid=1318 uri=/account/choose_player player=1318_琳达 time=2013-04-01_17:43:05.381906 consume_time=0.0093560218811 accountid=87
[hades_req] userid=1318 uri=/admin/enter mapname=city gsid=city%401 time=2013-04-01_17:43:07.796192 consume_time=0.00697708129883
[hades_req] userid=1318 uri=/jjc/add_jjc_remain time=2013-04-01_17:43:23.210249 consume_time=0.00546503067017 accountid=87
[hades_req] userid=1318 uri=/jjc/skip_cooldown time=2013-04-01_17:43:24.828026 consume_time=0.00529003143311 accountid=87
[hades_req] consume_time=0.00414609909058 uri=/admin/leave time=2013-04-01_17:44:22.045639
[hades_req] userid=1318 uri=/account/choose_player player=1318_琳达 time=2013-04-01_17:44:32.816603 consume_time=0.00956916809082 accountid=87
[hades_req] userid=1318 uri=/admin/enter mapname=city gsid=city%401 time=2013-04-01_17:44:35.233583 consume_time=0.00585603713989
[hades_req] skip_time=0 userid=1318 uri=/instance/end_clean_maze time=2013-04-01_17:44:36.396617 consume_time=0.0175580978394 accountid=87
[hades_req] skip_time=0 userid=1318 uri=/instance/end_clean_maze time=2013-04-01_17:46:21.660645 consume_time=0.00948190689087 accountid=87
[hades_req] skip_time=0 userid=1318 uri=/instance/end_clean_maze time=2013-04-01_17:49:21.359142 consume_time=0.00957298278809 accountid=87
[hades_req] skip_time=1 userid=1318 uri=/instance/end_clean_maze time=2013-04-01_17:49:41.238712 consume_time=0.0283288955688 accountid=87
