[hades_req] consume_time=0.0041241645813 uri=/admin/leave time=2013-04-02_13:01:22.718661
[hades_req] user_login=登录 uri=/account/temp_login form_password=hello2 time=2013-04-02_13:01:31.214749 form_email=hello2@hello2.com consume_time=0.00716805458069
[hades_req] userid=1336 uri=/account/choose_player player=1336_杰罗姆 time=2013-04-02_13:01:54.093882 consume_time=0.0120060443878 accountid=92
[hades_req] userid=1336 uri=/admin/enter mapname=city gsid=city%401 time=2013-04-02_13:02:00.738451 consume_time=0.00859999656677
[hades_req] userid=824 uri=/account/choose_player player=824_卡扎菲 time=2013-04-02_13:02:08.835630 consume_time=0.010782957077 accountid=21
[hades_req] userid=824 uri=/admin/enter mapname=city gsid=city%401 time=2013-04-02_13:02:11.519903 consume_time=0.013484954834
[hades_req] userid=1336 uri=/package/sort time=2013-04-02_13:02:15.809719 consume_time=0.00520801544189 accountid=92
[hades_req] userid=1336 uri=/shortcut/set short_cut={"0":"0@1010003@true","1":"1@1040005@true","2":"2@1070008@true","3":"3@1100001@true","4":"4@103@false"} time=2013-04-02_13:02:15.919806 consume_time=0.00193500518799 accountid=92
[hades_req] userid=1336 uri=/package/sort time=2013-04-02_13:02:21.074857 consume_time=0.00520801544189 accountid=92
[hades_req] userid=1336 uri=/package/sort time=2013-04-02_13:02:27.943351 consume_time=0.00488615036011 accountid=92
[hades_req] userid=1336 uri=/package/sort time=2013-04-02_13:02:36.157354 consume_time=0.00487494468689 accountid=92
[hades_req] userid=1336 uri=/package/sort time=2013-04-02_13:02:47.057804 consume_time=0.00508403778076 accountid=92
[hades_req] userid=1336 uri=/package/sort time=2013-04-02_13:02:53.056431 consume_time=0.00442600250244 accountid=92
[hades_req] techid=1 userid=1318 uri=/technology/upgrade time=2013-04-02_13:02:56.730696 consume_time=0.0186259746552 accountid=87
[hades_req] techid=1 userid=1318 uri=/technology/upgrade time=2013-04-02_13:02:58.633864 consume_time=0.0164651870728 accountid=87
[hades_req] userid=1336 uri=/package/sort time=2013-04-02_13:03:00.639452 consume_time=0.00479197502136 accountid=92
[hades_req] userid=1336 uri=/package/sort time=2013-04-02_13:03:07.949227 consume_time=0.00468492507935 accountid=92
[hades_req] userid=1336 uri=/package/sort time=2013-04-02_13:03:14.356196 consume_time=0.00399398803711 accountid=92
[hades_req] userid=1336 uri=/package/sort time=2013-04-02_13:03:20.355801 consume_time=0.00388097763062 accountid=92
[hades_req] userid=1336 uri=/package/sort time=2013-04-02_13:03:25.954196 consume_time=0.00475311279297 accountid=92
[hades_req] userid=824 uri=/scene/go_to_battleland time=2013-04-02_13:03:30.024777 consume_time=0.0060670375824 accountid=21
[hades_req] userid=1336 uri=/package/sort time=2013-04-02_13:03:34.020925 consume_time=0.00473690032959 accountid=92
[hades_req] userid=1336 uri=/package/sort time=2013-04-02_13:03:40.270890 consume_time=0.00413608551025 accountid=92
[hades_req] userid=1336 uri=/package/sort time=2013-04-02_13:03:46.985445 consume_time=0.00470805168152 accountid=92
[hades_req] userid=1336 uri=/package/sort time=2013-04-02_13:03:53.170710 consume_time=0.00494813919067 accountid=92
[hades_req] userid=1334 uri=/account/choose_player player=1334_克拉彭 time=2013-04-02_13:03:57.558439 consume_time=0.0108170509338 accountid=20
[hades_req] userid=1336 uri=/package/sort time=2013-04-02_13:03:59.988290 consume_time=0.00494599342346 accountid=92
[hades_req] userid=1334 uri=/admin/enter mapname=city gsid=city%401 time=2013-04-02_13:04:01.349931 consume_time=0.0104970932007
[hades_req] userid=1336 uri=/package/sort time=2013-04-02_13:04:06.837133 consume_time=0.00430798530579 accountid=92
[hades_req] userid=1336 uri=/package/sort time=2013-04-02_13:04:14.519185 consume_time=0.00463318824768 accountid=92
[hades_req] ruler=dan04-yewai3.xml userid=1334 uri=/scene/jump_to_quest_location time=2013-04-02_13:04:20.333453 map_name=yewai3 consume_time=0.0525050163269 accountid=20
[hades_req] consume_time=0.00478792190552 uri=/admin/leave time=2013-04-02_13:04:20.511490
[hades_req] userid=1336 uri=/package/sort time=2013-04-02_13:04:20.616899 consume_time=0.00394201278687 accountid=92
[hades_req] userid=1334 uri=/admin/enter mapname=yewai3 gsid=yewai3%401 time=2013-04-02_13:04:26.260118 consume_time=0.0081000328064
[hades_req] userid=1336 uri=/package/sort time=2013-04-02_13:04:28.267135 consume_time=0.00466513633728 accountid=92
[hades_req] userid=1336 uri=/package/sort time=2013-04-02_13:04:34.064851 consume_time=0.00380206108093 accountid=92
[hades_req] userid=1336 uri=/package/sort time=2013-04-02_13:04:40.147720 consume_time=0.00364208221436 accountid=92
[hades_req] userid=1336 uri=/package/sort time=2013-04-02_13:04:47.198319 consume_time=0.00438117980957 accountid=92
[hades_req] userid=1336 uri=/package/sort time=2013-04-02_13:04:54.469176 consume_time=0.00454592704773 accountid=92
[hades_req] userid=1336 uri=/package/sort time=2013-04-02_13:05:01.381559 consume_time=0.00402116775513 accountid=92
[hades_req] userid=1336 uri=/package/sort time=2013-04-02_13:05:07.848754 consume_time=0.00462889671326 accountid=92
[hades_req] userid=1336 uri=/package/sort time=2013-04-02_13:05:15.879649 consume_time=0.00390100479126 accountid=92
[hades_req] userid=1336 uri=/package/sort time=2013-04-02_13:05:27.030812 consume_time=0.0046980381012 accountid=92
[hades_req] userid=824 uri=/scene/enter_tavern time=2013-04-02_13:05:33.079512 consume_time=0.0133938789368 type=instance accountid=21
[hades_req] consume_time=0.00387215614319 uri=/admin/leave time=2013-04-02_13:05:33.329790
[hades_req] userid=1336 uri=/package/sort time=2013-04-02_13:05:34.094989 consume_time=0.00466299057007 accountid=92
[hades_req] userid=824 uri=/admin/enter mapname=jiuguanshinei gsid=jiuguanshinei%4098 time=2013-04-02_13:05:35.644867 consume_time=0.00606894493103
[hades_req] userid=824 uri=/scene/back_to_city time=2013-04-02_13:05:38.801573 consume_time=0.0157461166382 accountid=21
[hades_req] consume_time=0.0039210319519 uri=/admin/leave time=2013-04-02_13:05:39.084431
[hades_req] userid=1336 uri=/package/sort time=2013-04-02_13:05:41.128777 consume_time=0.00474190711975 accountid=92
[hades_req] userid=824 uri=/admin/enter mapname=city gsid=city%401 time=2013-04-02_13:05:41.131989 consume_time=0.00814080238342
[hades_req] userid=1336 uri=/package/sort time=2013-04-02_13:05:48.495511 consume_time=0.00420498847961 accountid=92
[hades_req] ruler=dan01-huoshan4.xml userid=824 uri=/scene/jump_to_quest_location time=2013-04-02_13:05:54.180362 map_name=huoshan4 consume_time=0.0723979473114 accountid=21
[hades_req] consume_time=0.004145860672 uri=/admin/leave time=2013-04-02_13:05:54.446520
[hades_req] userid=1336 uri=/package/sort time=2013-04-02_13:05:56.561656 consume_time=0.00446200370789 accountid=92
[hades_req] userid=824 uri=/admin/enter mapname=huoshan4 gsid=huoshan4%401 time=2013-04-02_13:05:58.495481 consume_time=0.0105540752411
[hades_req] userid=1265 uri=/package/sort time=2013-04-02_13:06:19.739915 consume_time=0.00719094276428 accountid=63
[hades_req] userid=1336 uri=/package/sort time=2013-04-02_13:06:33.925796 consume_time=0.00480389595032 accountid=92
[hades_req] userid=1336 uri=/package/sort time=2013-04-02_13:06:44.708109 consume_time=0.00435304641724 accountid=92
[hades_req] userid=824 uri=/scene/back_to_city time=2013-04-02_13:06:51.503089 consume_time=0.0213770866394 accountid=21
[hades_req] consume_time=0.00388693809509 uri=/admin/leave time=2013-04-02_13:06:51.766034
[hades_req] userid=824 uri=/admin/enter mapname=city gsid=city%401 time=2013-04-02_13:06:53.802238 consume_time=0.00797510147095
[hades_req] userid=1336 uri=/package/sort time=2013-04-02_13:06:55.056401 consume_time=0.00407290458679 accountid=92
[hades_req] userid=824 uri=/scene/enter_tavern time=2013-04-02_13:07:07.256318 consume_time=0.0097930431366 type=instance accountid=21
[hades_req] consume_time=0.0045850276947 uri=/admin/leave time=2013-04-02_13:07:07.553112
[hades_req] userid=824 uri=/admin/enter mapname=jiuguanshinei gsid=jiuguanshinei%4098 time=2013-04-02_13:07:09.339076 consume_time=0.00720000267029
[hades_req] userid=1336 uri=/package/sort time=2013-04-02_13:07:09.956001 consume_time=0.00413799285889 accountid=92
[hades_req] userid=824 uri=/scene/back_to_city time=2013-04-02_13:07:11.195824 consume_time=0.0169169902802 accountid=21
[hades_req] consume_time=0.00550293922424 uri=/admin/leave time=2013-04-02_13:07:11.463207
[hades_req] userid=824 uri=/admin/enter mapname=city gsid=city%401 time=2013-04-02_13:07:13.383366 consume_time=0.00719213485718
[hades_req] userid=824 uri=/exchange/exchange time=2013-04-02_13:07:17.540155 consume_time=0.0103511810303 accountid=21
[hades_req] userid=1336 uri=/package/sort time=2013-04-02_13:07:17.688449 consume_time=0.00424194335938 accountid=92
[hades_req] userid=824 uri=/exchange/exchange time=2013-04-02_13:07:18.706629 consume_time=0.0109660625458 accountid=21
[hades_req] userid=824 uri=/exchange/exchange time=2013-04-02_13:07:19.324849 consume_time=0.0125119686127 accountid=21
[hades_req] userid=824 uri=/exchange/exchange time=2013-04-02_13:07:19.991949 consume_time=0.0125479698181 accountid=21
[hades_req] userid=824 uri=/exchange/exchange time=2013-04-02_13:07:20.641155 consume_time=0.0125131607056 accountid=21
[hades_req] userid=824 uri=/exchange/exchange time=2013-04-02_13:07:21.358332 consume_time=0.0127689838409 accountid=21
[hades_req] userid=824 uri=/exchange/exchange time=2013-04-02_13:07:22.076914 consume_time=0.0147461891174 accountid=21
[hades_req] userid=824 uri=/exchange/exchange time=2013-04-02_13:07:22.526737 consume_time=0.0132160186768 accountid=21
[hades_req] userid=824 uri=/exchange/exchange time=2013-04-02_13:07:22.841690 consume_time=0.0115849971771 accountid=21
[hades_req] userid=824 uri=/exchange/exchange time=2013-04-02_13:07:23.243671 consume_time=0.0149841308594 accountid=21
[hades_req] userid=824 uri=/exchange/exchange time=2013-04-02_13:07:23.549667 consume_time=0.0132811069489 accountid=21
[hades_req] userid=824 uri=/exchange/exchange time=2013-04-02_13:07:23.857125 consume_time=0.0118589401245 accountid=21
[hades_req] userid=824 uri=/exchange/exchange time=2013-04-02_13:07:24.209252 consume_time=0.0138680934906 accountid=21
[hades_req] userid=1336 uri=/package/sort time=2013-04-02_13:07:24.388757 consume_time=0.00501108169556 accountid=92
[hades_req] userid=824 uri=/exchange/exchange time=2013-04-02_13:07:24.575683 consume_time=0.0131280422211 accountid=21
[hades_req] userid=824 uri=/exchange/exchange time=2013-04-02_13:07:24.873851 consume_time=0.0115659236908 accountid=21
[hades_req] userid=824 uri=/exchange/exchange time=2013-04-02_13:07:25.240562 consume_time=0.0115008354187 accountid=21
[hades_req] userid=824 uri=/exchange/exchange time=2013-04-02_13:07:25.594540 consume_time=0.0147221088409 accountid=21
[hades_req] userid=824 uri=/exchange/exchange time=2013-04-02_13:07:25.961044 consume_time=0.0151040554047 accountid=21
[hades_req] userid=824 uri=/exchange/exchange time=2013-04-02_13:07:26.325016 consume_time=0.013044834137 accountid=21
[hades_req] userid=824 uri=/exchange/exchange time=2013-04-02_13:07:26.675746 consume_time=0.0138599872589 accountid=21
[hades_req] userid=824 uri=/exchange/exchange time=2013-04-02_13:07:26.992134 consume_time=0.0129520893097 accountid=21
[hades_req] userid=824 uri=/exchange/exchange time=2013-04-02_13:07:27.390103 consume_time=0.011265039444 accountid=21
[hades_req] userid=824 uri=/exchange/exchange time=2013-04-02_13:07:27.761870 consume_time=0.0164630413055 accountid=21
[hades_req] userid=824 uri=/exchange/exchange time=2013-04-02_13:07:28.124355 consume_time=0.0126209259033 accountid=21
[hades_req] userid=824 uri=/exchange/exchange time=2013-04-02_13:07:28.495677 consume_time=0.0161168575287 accountid=21
[hades_req] userid=824 uri=/exchange/exchange time=2013-04-02_13:07:28.858636 consume_time=0.0132780075073 accountid=21
[hades_req] userid=1336 uri=/package/sort time=2013-04-02_13:07:30.754158 consume_time=0.0043568611145 accountid=92
[hades_req] userid=1336 uri=/package/sort time=2013-04-02_13:07:36.292938 consume_time=0.00510311126709 accountid=92
[hades_req] userid=1336 uri=/package/sort time=2013-04-02_13:07:43.220097 consume_time=0.00398898124695 accountid=92
[hades_req] userid=1336 uri=/package/sort time=2013-04-02_13:07:50.503999 consume_time=0.0046808719635 accountid=92
[hades_req] userid=1336 uri=/package/sort time=2013-04-02_13:07:57.050762 consume_time=0.00455284118652 accountid=92
[hades_req] userid=824 uri=/package/sort time=2013-04-02_13:08:03.468439 consume_time=0.00559115409851 accountid=21
[hades_req] userid=1336 uri=/package/sort time=2013-04-02_13:08:06.019874 consume_time=0.0037260055542 accountid=92
[hades_req] package_pos=8 userid=824 uri=/package/consume_props time=2013-04-02_13:08:12.367679 consume_time=0.00530695915222 accountid=21
[hades_req] package_pos=8 userid=824 uri=/package/consume_props time=2013-04-02_13:08:13.768276 consume_time=0.00640797615051 accountid=21
[hades_req] package_pos=7 userid=824 uri=/package/unpack_bundle time=2013-04-02_13:08:14.931818 consume_time=0.0366940498352 accountid=21
[hades_req] package_pos=7 userid=824 uri=/package/unpack_bundle time=2013-04-02_13:08:15.688990 consume_time=0.0544140338898 accountid=21
[hades_req] package_pos=7 userid=824 uri=/package/unpack_bundle time=2013-04-02_13:08:17.160502 consume_time=0.0149669647217 accountid=21
[hades_req] package_pos=7 userid=824 uri=/package/unpack_bundle time=2013-04-02_13:08:18.057382 consume_time=0.112779855728 accountid=21
[hades_req] package_pos=7 userid=824 uri=/package/unpack_bundle time=2013-04-02_13:08:20.048771 consume_time=0.0543191432953 accountid=21
[hades_req] package_pos=7 userid=824 uri=/package/unpack_bundle time=2013-04-02_13:08:20.852060 consume_time=0.04021692276 accountid=21
[hades_req] userid=1336 uri=/package/sort time=2013-04-02_13:08:21.080454 consume_time=0.00427913665771 accountid=92
[hades_req] userid=1336 uri=/package/sort time=2013-04-02_13:08:27.999525 consume_time=0.00472807884216 accountid=92
[hades_req] count=1 userid=824 uri=/profile/enlarge_package time=2013-04-02_13:08:29.041605 consume_time=0.00515198707581 accountid=21
[hades_req] count=2 userid=824 uri=/profile/enlarge_package time=2013-04-02_13:08:30.432640 consume_time=0.00484800338745 accountid=21
[hades_req] count=5 userid=824 uri=/profile/enlarge_package time=2013-04-02_13:08:32.115226 consume_time=0.00418996810913 accountid=21
[hades_req] userid=824 uri=/package/sort time=2013-04-02_13:08:34.132946 consume_time=0.00454187393188 accountid=21
[hades_req] userid=1336 uri=/package/sort time=2013-04-02_13:08:36.335051 consume_time=0.00422406196594 accountid=92
[hades_req] accountid=21 userid=824 uri=/blacksmith/combine time=2013-04-02_13:08:44.886462 consume_time=0.0191349983215 should_by_buy=0 combine_id=4056
[hades_req] userid=1336 uri=/package/sort time=2013-04-02_13:08:45.850483 consume_time=0.00435590744019 accountid=92
[hades_req] accountid=21 userid=824 uri=/blacksmith/combine time=2013-04-02_13:08:45.852456 consume_time=0.0179550647736 should_by_buy=0 combine_id=4056
[hades_req] accountid=21 userid=824 uri=/blacksmith/combine time=2013-04-02_13:08:48.671247 consume_time=0.0117149353027 should_by_buy=0 combine_id=4045
[hades_req] accountid=21 userid=824 uri=/blacksmith/combine time=2013-04-02_13:08:49.361150 consume_time=0.0110859870911 should_by_buy=0 combine_id=4045
[hades_req] accountid=21 userid=824 uri=/blacksmith/combine time=2013-04-02_13:08:54.779784 consume_time=0.011962890625 should_by_buy=0 combine_id=4012
[hades_req] userid=1336 uri=/package/sort time=2013-04-02_13:08:55.916165 consume_time=0.00436878204346 accountid=92
[hades_req] user_login=登录 uri=/account/temp_login form_password=123456 time=2013-04-02_13:08:56.680171 form_email=majing@111.com consume_time=0.00648498535156
[hades_req] userid=824 uri=/package/sort time=2013-04-02_13:09:04.535468 consume_time=0.00711393356323 accountid=21
[hades_req] userid=1336 uri=/package/sort time=2013-04-02_13:09:05.484491 consume_time=0.007000207901 accountid=92
[hades_req] userid=1336 uri=/package/sort time=2013-04-02_13:09:19.649889 consume_time=0.00503396987915 accountid=92
[hades_req] userid=1336 uri=/package/sort time=2013-04-02_13:09:29.946140 consume_time=0.00465893745422 accountid=92
[hades_req] consume_time=0.00472497940063 uri=/admin/leave time=2013-04-02_13:09:48.571013
[hades_req] userid=824 uri=/blacksmith/enhance equipment_pos=package@34 time=2013-04-02_13:09:55.506512 lucky_stone_pos=35 consume_time=0.0307931900024 accountid=21
[hades_req] userid=824 uri=/blacksmith/enhance equipment_pos=package@34 time=2013-04-02_13:09:56.296353 lucky_stone_pos=35 consume_time=0.0302500724792 accountid=21
[hades_req] userid=824 uri=/blacksmith/enhance equipment_pos=package@34 time=2013-04-02_13:09:57.094463 lucky_stone_pos=35 consume_time=0.0303721427917 accountid=21
[hades_req] userid=824 uri=/blacksmith/enhance equipment_pos=package@34 time=2013-04-02_13:09:57.786253 lucky_stone_pos=35 consume_time=0.0280978679657 accountid=21
[hades_req] userid=824 uri=/blacksmith/enhance equipment_pos=package@34 time=2013-04-02_13:09:58.639199 lucky_stone_pos=35 consume_time=0.0300569534302 accountid=21
[hades_req] ruler=dan02-huoshan1.xml userid=824 uri=/scene/jump_to_quest_location time=2013-04-02_13:10:07.428074 map_name=huoshan1 consume_time=0.0518898963928 accountid=21
[hades_req] consume_time=0.00557899475098 uri=/admin/leave time=2013-04-02_13:10:07.699540
[hades_req] userid=824 uri=/admin/enter mapname=huoshan1 gsid=huoshan1%401 time=2013-04-02_13:10:10.812492 consume_time=0.00847983360291
[hades_req] userid=1334 uri=/scene/back_to_city time=2013-04-02_13:11:04.140619 consume_time=0.0140500068665 accountid=20
[hades_req] consume_time=0.00456595420837 uri=/admin/leave time=2013-04-02_13:11:04.307019
[hades_req] accountid=25 idcard=1234345656dfdf name=蕾妮 gender=female camp=1 userid=1302 uri=/profile/register role=priest time=2013-04-02_13:11:05.252581 consume_time=0.0106058120728 account_id=25
[hades_req] userid=1334 uri=/admin/enter mapname=city gsid=city%401 time=2013-04-02_13:11:06.496982 consume_time=0.00718188285828
[hades_req] userid=1337 uri=/account/choose_player player=1337_蕾妮 time=2013-04-02_13:11:07.497242 consume_time=0.0121128559113 accountid=25
[hades_req] userid=1337 uri=/admin/enter mapname=city gsid=city%401 time=2013-04-02_13:11:09.911174 consume_time=0.0114641189575
[hades_req] ruler=dan05-yewai6.xml userid=1334 uri=/scene/jump_to_quest_location time=2013-04-02_13:11:26.531622 map_name=yewai6 consume_time=0.0602860450745 accountid=20
[hades_req] consume_time=0.00475215911865 uri=/admin/leave time=2013-04-02_13:11:26.755168
[hades_req] userid=1334 uri=/admin/enter mapname=yewai6 gsid=yewai6%401 time=2013-04-02_13:11:30.336131 consume_time=0.00621390342712
[hades_req] ruler=dan01-huoshan4.xml userid=1337 uri=/scene/jump_to_quest_location time=2013-04-02_13:11:37.876562 map_name=huoshan4 consume_time=0.0543429851532 accountid=25
[hades_req] consume_time=0.00547480583191 uri=/admin/leave time=2013-04-02_13:11:38.046743
[hades_req] userid=1337 uri=/admin/enter mapname=huoshan4 gsid=huoshan4%401 time=2013-04-02_13:11:41.595154 consume_time=0.00677394866943
[hades_req] userid=824 uri=/trade/store/sell time=2013-04-02_13:11:49.761289 position=34 consume_time=0.00601005554199 accountid=21
[hades_req] userid=824 uri=/scene/back_to_city time=2013-04-02_13:12:30.424702 consume_time=0.016547203064 accountid=21
[hades_req] consume_time=0.00506114959717 uri=/admin/leave time=2013-04-02_13:12:30.670511
[hades_req] userid=824 uri=/admin/enter mapname=city gsid=city%401 time=2013-04-02_13:12:32.759591 consume_time=0.00681018829346
[hades_req] userid=1334 uri=/scene/back_to_city time=2013-04-02_13:12:36.371216 consume_time=0.0212700366974 accountid=20
[hades_req] consume_time=0.00440883636475 uri=/admin/leave time=2013-04-02_13:12:36.566616
[hades_req] userid=1334 uri=/admin/enter mapname=city gsid=city%401 time=2013-04-02_13:12:38.777127 consume_time=0.00724601745605
[hades_req] userid=1337 uri=/scene/back_to_city time=2013-04-02_13:12:48.077113 consume_time=0.0189280509949 accountid=25
[hades_req] consume_time=0.00447082519531 uri=/admin/leave time=2013-04-02_13:12:48.221594
[hades_req] target_id=1334 userid=824 uri=/friend/friend_request time=2013-04-02_13:12:49.411136 consume_time=0.0159919261932 accountid=21
[hades_req] userid=1337 uri=/admin/enter mapname=city gsid=city%401 time=2013-04-02_13:12:50.260823 consume_time=0.00726389884949
[hades_req] userid=1334 target_id=824 uri=/friend/accept_friend_request time=2013-04-02_13:12:52.105262 consume_time=0.020632982254 accountid=20
[hades_req] userid=1337 uri=/blacksmith/enhance equipment_pos=equiped@right_hand time=2013-04-02_13:13:16.427408 lucky_stone_pos=2 consume_time=0.0284290313721 accountid=25
[hades_req] userid=1337 uri=/blacksmith/enhance equipment_pos=equiped@right_hand time=2013-04-02_13:13:17.140542 lucky_stone_pos=2 consume_time=0.0263879299164 accountid=25
[hades_req] userid=1337 uri=/blacksmith/enhance equipment_pos=equiped@right_hand time=2013-04-02_13:13:17.757241 lucky_stone_pos=2 consume_time=0.0277631282806 accountid=25
[hades_req] userid=1337 uri=/blacksmith/enhance equipment_pos=equiped@right_hand time=2013-04-02_13:13:18.427244 lucky_stone_pos=2 consume_time=0.0300688743591 accountid=25
[hades_req] userid=1337 uri=/blacksmith/enhance equipment_pos=equiped@right_hand time=2013-04-02_13:13:19.104705 lucky_stone_pos=2 consume_time=0.0402400493622 accountid=25
[hades_req] ruler=dan02-huoshan1.xml userid=1337 uri=/scene/jump_to_quest_location time=2013-04-02_13:13:27.881032 map_name=huoshan1 consume_time=0.0145480632782 accountid=25
[hades_req] consume_time=0.00506901741028 uri=/admin/leave time=2013-04-02_13:13:28.057721
[hades_req] userid=1337 uri=/admin/enter mapname=huoshan1 gsid=huoshan1%401 time=2013-04-02_13:13:30.130696 consume_time=0.00818204879761
[hades_req] ruler=dan06-yewai4.xml userid=1334 uri=/scene/jump_to_quest_location time=2013-04-02_13:13:46.642116 map_name=yewai4 consume_time=0.0582559108734 accountid=20
[hades_req] consume_time=0.00719213485718 uri=/admin/leave time=2013-04-02_13:13:46.816932
[hades_req] userid=1334 uri=/admin/enter mapname=yewai4 gsid=yewai4%401 time=2013-04-02_13:13:51.262353 consume_time=0.00748991966248
[hades_req] userid=824 uri=/blacksmith/enhance equipment_pos=package@34 time=2013-04-02_13:14:15.050745 lucky_stone_pos=35 consume_time=0.0266120433807 accountid=21
[hades_req] userid=824 uri=/blacksmith/enhance equipment_pos=package@34 time=2013-04-02_13:14:15.612476 lucky_stone_pos=35 consume_time=0.0267899036407 accountid=21
[hades_req] userid=824 uri=/blacksmith/enhance equipment_pos=package@34 time=2013-04-02_13:14:16.245256 lucky_stone_pos=35 consume_time=0.0271990299225 accountid=21
[hades_req] userid=824 uri=/blacksmith/enhance equipment_pos=package@34 time=2013-04-02_13:14:16.752257 lucky_stone_pos=35 consume_time=0.0346240997314 accountid=21
[hades_req] userid=824 uri=/blacksmith/enhance equipment_pos=package@34 time=2013-04-02_13:14:18.149086 lucky_stone_pos=35 consume_time=0.0303020477295 accountid=21
[hades_req] userid=1337 uri=/scene/back_to_city time=2013-04-02_13:14:20.387839 consume_time=0.0197529792786 accountid=25
[hades_req] consume_time=0.0040078163147 uri=/admin/leave time=2013-04-02_13:14:20.619648
[hades_req] userid=1337 uri=/admin/enter mapname=city gsid=city%401 time=2013-04-02_13:14:22.618735 consume_time=0.00769686698914
[hades_req] ruler=dan03-huoshan1.xml userid=824 uri=/scene/jump_to_quest_location time=2013-04-02_13:14:28.647396 map_name=huoshan1 consume_time=0.06165599823 accountid=21
[hades_req] consume_time=0.00607299804688 uri=/admin/leave time=2013-04-02_13:14:28.919160
[hades_req] userid=824 uri=/admin/enter mapname=huoshan1 gsid=huoshan1%402 time=2013-04-02_13:14:32.514357 consume_time=0.00690388679504
[hades_req] userid=1334 uri=/scene/back_to_city time=2013-04-02_13:15:21.777486 consume_time=0.0199599266052 accountid=20
[hades_req] consume_time=0.00386214256287 uri=/admin/leave time=2013-04-02_13:15:22.003392
[hades_req] userid=1334 uri=/admin/enter mapname=city gsid=city%401 time=2013-04-02_13:15:24.172510 consume_time=0.00789189338684
[hades_req] userid=1265 uri=/reward/reward_by_gametime time=2013-04-02_13:15:27.066984 consume_time=0.0118060112 id=2 accountid=63
[hades_req] userid=1265 uri=/reward/reward_by_gametime time=2013-04-02_13:15:32.655891 consume_time=0.0100088119507 id=3 accountid=63
[hades_req] ruler=dan07-yewai5.xml userid=1334 uri=/scene/jump_to_quest_location time=2013-04-02_13:15:46.328554 map_name=yewai5 consume_time=0.054093837738 accountid=20
[hades_req] consume_time=0.00490307807922 uri=/admin/leave time=2013-04-02_13:15:46.590615
[hades_req] userid=1334 uri=/admin/enter mapname=yewai5 gsid=yewai5%401 time=2013-04-02_13:15:50.821749 consume_time=0.00951910018921
[hades_req] userid=824 uri=/scene/back_to_city time=2013-04-02_13:16:50.748949 consume_time=0.0166690349579 accountid=21
[hades_req] consume_time=0.00511717796326 uri=/admin/leave time=2013-04-02_13:16:50.998735
[hades_req] userid=824 uri=/admin/enter mapname=city gsid=city%401 time=2013-04-02_13:16:52.905905 consume_time=0.00629115104675
[hades_req] userid=824 uri=/scene/enter_tavern time=2013-04-02_13:17:10.141217 consume_time=0.0102078914642 type=instance accountid=21
[hades_req] consume_time=0.00471496582031 uri=/admin/leave time=2013-04-02_13:17:10.384062
[hades_req] userid=824 uri=/admin/enter mapname=jiuguanshinei gsid=jiuguanshinei%4098 time=2013-04-02_13:17:12.139886 consume_time=0.00796699523926
[hades_req] userid=824 uri=/scene/back_to_city time=2013-04-02_13:17:14.746564 consume_time=0.016389131546 accountid=21
[hades_req] consume_time=0.00428700447083 uri=/admin/leave time=2013-04-02_13:17:15.019825
[hades_req] userid=824 uri=/admin/enter mapname=city gsid=city%401 time=2013-04-02_13:17:17.007279 consume_time=0.00724601745605
[hades_req] items=material@6003@99 userid=1334 uri=/trade/store/multi_buy time=2013-04-02_13:18:17.086168 consume_time=0.00593900680542 accountid=20
[hades_req] items=material@6005@99 userid=1334 uri=/trade/store/multi_buy time=2013-04-02_13:18:38.569192 consume_time=0.00601601600647 accountid=20
[hades_req] userid=1334 uri=/blacksmith/wash time=2013-04-02_13:18:48.839221 consume_time=0.0183460712433 wash_item=equiped@head accountid=20
[hades_req] punch_item=equiped@head time=2013-04-02_13:19:06.691074 userid=1334 uri=/blacksmith/punch slot_id=slot1 consume_time=0.0130708217621 accountid=20
[hades_req] punch_item=equiped@head time=2013-04-02_13:19:08.839782 userid=1334 uri=/blacksmith/punch slot_id=slot3 consume_time=0.0116648674011 accountid=20
[hades_req] punch_item=equiped@head time=2013-04-02_13:19:10.955364 userid=1334 uri=/blacksmith/punch slot_id=slot2 consume_time=0.0111539363861 accountid=20
[hades_req] userid=1265 uri=/package/sort time=2013-04-02_13:20:36.743974 consume_time=0.007493019104 accountid=63
[hades_req] consume_time=0.00416779518127 uri=/admin/leave time=2013-04-02_13:20:48.864794
[hades_req] userid=1334 uri=/scene/back_to_city time=2013-04-02_13:20:57.770820 consume_time=0.0140340328217 accountid=20
[hades_req] consume_time=0.00503993034363 uri=/admin/leave time=2013-04-02_13:20:58.030387
[hades_req] userid=1334 uri=/admin/enter mapname=city gsid=city%401 time=2013-04-02_13:21:00.369242 consume_time=0.00821900367737
[hades_req] userid=1318 uri=/scene/back_to_city time=2013-04-02_13:23:40.246082 consume_time=0.0159449577332 accountid=87
[hades_req] consume_time=0.00532698631287 uri=/admin/leave time=2013-04-02_13:23:40.562300
[hades_req] userid=1318 uri=/admin/enter mapname=city gsid=city%401 time=2013-04-02_13:23:42.535148 consume_time=0.00744986534119
[hades_req] userid=1318 uri=/reward/reward_by_gametime time=2013-04-02_13:23:45.573835 consume_time=0.00801920890808 id=4 accountid=87
[hades_req] user_login=登录 uri=/account/temp_login form_password=13524887981hf time=2013-04-02_13:23:58.030957 form_email=183709629@qq.com consume_time=0.00734901428223
[hades_req] userid=611 uri=/account/choose_player player=611_尤金 time=2013-04-02_13:24:21.996296 consume_time=0.0117349624634 accountid=24
[hades_req] userid=611 uri=/admin/enter mapname=city gsid=city%401 time=2013-04-02_13:24:24.638966 consume_time=0.0145330429077
[hades_req] userid=611 uri=/scene/go_to_battleland time=2013-04-02_13:26:17.006455 consume_time=0.00696611404419 accountid=24
[hades_req] user_login=登录 uri=/account/temp_login form_password=123456 time=2013-04-02_13:26:23.012861 form_email=majing@111.com consume_time=0.00660109519958
[hades_req] userid=1337 uri=/account/choose_player player=1337_蕾妮 time=2013-04-02_13:26:33.760752 consume_time=0.00971817970276 accountid=25
[hades_req] userid=1337 uri=/admin/enter mapname=city gsid=city%401 time=2013-04-02_13:26:36.148248 consume_time=0.00721096992493
[hades_req] userid=1337 uri=/blacksmith/enhance equipment_pos=equiped@body time=2013-04-02_13:26:42.297994 lucky_stone_pos=2 consume_time=0.0251660346985 accountid=25
[hades_req] userid=1337 uri=/blacksmith/enhance equipment_pos=equiped@body time=2013-04-02_13:26:43.033686 lucky_stone_pos=2 consume_time=0.0318670272827 accountid=25
[hades_req] userid=1337 uri=/blacksmith/enhance equipment_pos=equiped@body time=2013-04-02_13:26:43.648122 lucky_stone_pos=2 consume_time=0.0276801586151 accountid=25
[hades_req] userid=1337 uri=/blacksmith/enhance equipment_pos=equiped@body time=2013-04-02_13:26:44.235762 lucky_stone_pos=2 consume_time=0.0336179733276 accountid=25
[hades_req] userid=1337 uri=/blacksmith/enhance equipment_pos=equiped@body time=2013-04-02_13:26:44.747134 lucky_stone_pos=2 consume_time=0.0275859832764 accountid=25
[hades_req] ruler=dan01-huoshan4.xml userid=611 uri=/scene/jump_to_quest_location time=2013-04-02_13:28:19.793450 map_name=huoshan4 consume_time=0.05335688591 accountid=24
[hades_req] consume_time=0.00597190856934 uri=/admin/leave time=2013-04-02_13:28:19.956086
[hades_req] userid=611 uri=/admin/enter mapname=huoshan4 gsid=huoshan4%401 time=2013-04-02_13:28:24.396330 consume_time=0.00764203071594
[hades_req] userid=611 uri=/scene/back_to_city time=2013-04-02_13:28:43.125116 consume_time=0.0143311023712 accountid=24
[hades_req] consume_time=0.00415182113647 uri=/admin/leave time=2013-04-02_13:28:43.319181
[hades_req] userid=611 uri=/admin/enter mapname=city gsid=city%401 time=2013-04-02_13:28:45.624448 consume_time=0.00647401809692
[hades_req] consume_time=0.00543403625488 uri=/admin/leave time=2013-04-02_13:29:33.620919
[hades_req] userid=1334 uri=/account/choose_player player=1334_克拉彭 time=2013-04-02_13:29:54.706582 consume_time=0.012501001358 accountid=20
[hades_req] userid=1334 uri=/admin/enter mapname=city gsid=city%401 time=2013-04-02_13:29:56.514178 consume_time=0.00702905654907
[hades_req] items=material@3912@1,material@3812@1,material@3712@1,material@3612@1,material@3512@1 userid=1334 uri=/trade/store/multi_buy time=2013-04-02_13:30:04.492114 consume_time=0.00910997390747 accountid=20
[hades_req] userid=1334 uri=/blacksmith/mosaic stone_pos=16@slot1 time=2013-04-02_13:30:16.410307 mosaic_item=equiped@head consume_time=0.0126798152924 accountid=20
[hades_req] userid=1334 uri=/blacksmith/mosaic stone_pos=20@slot0 time=2013-04-02_13:30:18.158356 mosaic_item=equiped@head consume_time=0.0116698741913 accountid=20
[hades_req] userid=1334 uri=/blacksmith/mosaic stone_pos=19@slot3 time=2013-04-02_13:30:19.706500 mosaic_item=equiped@head consume_time=0.010185956955 accountid=20
[hades_req] userid=1334 uri=/blacksmith/mosaic stone_pos=18@slot2 time=2013-04-02_13:30:21.015693 mosaic_item=equiped@head consume_time=0.0133891105652 accountid=20
[hades_req] userid=1334 uri=/blacksmith/enhance equipment_pos=equiped@head time=2013-04-02_13:31:07.658069 lucky_stone_pos=16 consume_time=0.0299119949341 accountid=20
[hades_req] userid=1334 uri=/blacksmith/enhance equipment_pos=equiped@head time=2013-04-02_13:31:08.494661 lucky_stone_pos=16 consume_time=0.0339050292969 accountid=20
[hades_req] userid=1334 uri=/blacksmith/enhance equipment_pos=equiped@head time=2013-04-02_13:31:09.270723 lucky_stone_pos=16 consume_time=0.0270969867706 accountid=20
[hades_req] userid=1334 uri=/blacksmith/enhance equipment_pos=equiped@head time=2013-04-02_13:31:09.950560 lucky_stone_pos=16 consume_time=0.0355758666992 accountid=20
[hades_req] userid=1334 uri=/blacksmith/enhance equipment_pos=equiped@head time=2013-04-02_13:31:10.641044 lucky_stone_pos=16 consume_time=0.0291090011597 accountid=20
[hades_req] userid=1334 uri=/blacksmith/enhance equipment_pos=equiped@head time=2013-04-02_13:31:11.387880 lucky_stone_pos=16 consume_time=0.0315918922424 accountid=20
[hades_req] userid=1334 uri=/blacksmith/enhance equipment_pos=equiped@head time=2013-04-02_13:31:12.069315 lucky_stone_pos=16 consume_time=0.0284261703491 accountid=20
[hades_req] userid=1334 uri=/blacksmith/enhance equipment_pos=equiped@head time=2013-04-02_13:31:12.804102 lucky_stone_pos=16 consume_time=0.0323138237 accountid=20
[hades_req] userid=1334 uri=/blacksmith/enhance equipment_pos=equiped@head time=2013-04-02_13:31:13.497313 lucky_stone_pos=16 consume_time=0.0331339836121 accountid=20
[hades_req] userid=1334 uri=/blacksmith/enhance equipment_pos=equiped@head time=2013-04-02_13:31:14.217281 lucky_stone_pos=16 consume_time=0.0236501693726 accountid=20
[hades_req] userid=1334 uri=/blacksmith/enhance equipment_pos=equiped@head time=2013-04-02_13:31:14.899820 lucky_stone_pos=16 consume_time=0.0234451293945 accountid=20
[hades_req] userid=1334 uri=/blacksmith/enhance equipment_pos=equiped@head time=2013-04-02_13:31:15.633630 lucky_stone_pos=16 consume_time=0.023647069931 accountid=20
[hades_req] userid=1334 uri=/blacksmith/enhance equipment_pos=equiped@head time=2013-04-02_13:31:16.310416 lucky_stone_pos=16 consume_time=0.0249989032745 accountid=20
[hades_req] userid=1334 uri=/blacksmith/enhance equipment_pos=equiped@head time=2013-04-02_13:31:16.896447 lucky_stone_pos=16 consume_time=0.0223038196564 accountid=20
[hades_req] userid=1334 uri=/blacksmith/enhance equipment_pos=equiped@head time=2013-04-02_13:31:17.453958 lucky_stone_pos=16 consume_time=0.0291349887848 accountid=20
[hades_req] userid=1334 uri=/blacksmith/enhance equipment_pos=equiped@head time=2013-04-02_13:31:18.074365 lucky_stone_pos=16 consume_time=0.0238251686096 accountid=20
[hades_req] userid=1334 uri=/blacksmith/enhance equipment_pos=equiped@head time=2013-04-02_13:31:18.563547 lucky_stone_pos=16 consume_time=0.0229210853577 accountid=20
[hades_req] userid=1334 uri=/blacksmith/enhance equipment_pos=equiped@head time=2013-04-02_13:31:19.069205 lucky_stone_pos=16 consume_time=0.0278930664062 accountid=20
[hades_req] userid=1334 uri=/blacksmith/enhance equipment_pos=equiped@head time=2013-04-02_13:31:19.564030 lucky_stone_pos=16 consume_time=0.0372378826141 accountid=20
[hades_req] userid=1334 uri=/blacksmith/enhance equipment_pos=equiped@head time=2013-04-02_13:31:20.089657 lucky_stone_pos=16 consume_time=0.030769109726 accountid=20
[hades_req] userid=1334 uri=/blacksmith/enhance equipment_pos=equiped@head time=2013-04-02_13:31:20.617153 lucky_stone_pos=16 consume_time=0.0244669914246 accountid=20
[hades_req] userid=1334 uri=/blacksmith/enhance equipment_pos=equiped@head time=2013-04-02_13:31:21.127534 lucky_stone_pos=16 consume_time=0.0348579883575 accountid=20
[hades_req] userid=1334 uri=/blacksmith/enhance equipment_pos=equiped@head time=2013-04-02_13:31:21.661061 lucky_stone_pos=16 consume_time=0.0250880718231 accountid=20
[hades_req] userid=1334 uri=/blacksmith/enhance equipment_pos=equiped@head time=2013-04-02_13:31:22.139278 lucky_stone_pos=16 consume_time=0.028862953186 accountid=20
[hades_req] userid=1334 uri=/blacksmith/enhance equipment_pos=equiped@head time=2013-04-02_13:31:22.733265 lucky_stone_pos=16 consume_time=0.0235271453857 accountid=20
[hades_req] userid=1334 uri=/blacksmith/enhance equipment_pos=equiped@head time=2013-04-02_13:31:23.250525 lucky_stone_pos=16 consume_time=0.025032043457 accountid=20
[hades_req] userid=1334 uri=/blacksmith/enhance equipment_pos=equiped@head time=2013-04-02_13:31:23.749822 lucky_stone_pos=16 consume_time=0.0239651203156 accountid=20
[hades_req] userid=1334 uri=/blacksmith/enhance equipment_pos=equiped@head time=2013-04-02_13:31:24.244717 lucky_stone_pos=16 consume_time=0.0345830917358 accountid=20
[hades_req] userid=1334 uri=/blacksmith/enhance equipment_pos=equiped@head time=2013-04-02_13:31:24.822268 lucky_stone_pos=16 consume_time=0.0239109992981 accountid=20
[hades_req] userid=1334 uri=/blacksmith/enhance equipment_pos=equiped@head time=2013-04-02_13:31:25.650251 lucky_stone_pos=16 consume_time=0.0222470760345 accountid=20
[hades_req] userid=0 uri=/account/temp_login form_password=hello2 time=2013-04-02_13:31:25.795820 form_email=hello2@hello2.com consume_time=0.0196678638458 accountid=0
[hades_req] userid=1334 uri=/blacksmith/enhance equipment_pos=equiped@head time=2013-04-02_13:31:26.137645 lucky_stone_pos=16 consume_time=0.0275540351868 accountid=20
[hades_req] userid=1334 uri=/blacksmith/enhance equipment_pos=equiped@head time=2013-04-02_13:31:26.775113 lucky_stone_pos=16 consume_time=0.033035993576 accountid=20
[hades_req] userid=1334 uri=/blacksmith/enhance equipment_pos=equiped@head time=2013-04-02_13:31:27.453967 lucky_stone_pos=16 consume_time=0.0281598567963 accountid=20
[hades_req] userid=1334 uri=/blacksmith/enhance equipment_pos=equiped@head time=2013-04-02_13:31:28.052287 lucky_stone_pos=16 consume_time=0.0274209976196 accountid=20
[hades_req] userid=1334 uri=/blacksmith/enhance equipment_pos=equiped@head time=2013-04-02_13:31:28.602620 lucky_stone_pos=16 consume_time=0.0261130332947 accountid=20
[hades_req] userid=1334 uri=/blacksmith/enhance equipment_pos=equiped@head time=2013-04-02_13:31:29.306834 lucky_stone_pos=16 consume_time=0.030613899231 accountid=20
[hades_req] userid=1334 uri=/blacksmith/enhance equipment_pos=equiped@head time=2013-04-02_13:31:31.236809 lucky_stone_pos=16 consume_time=0.0290319919586 accountid=20
[hades_req] items=material@5009@91 userid=1334 uri=/trade/store/multi_buy time=2013-04-02_13:31:52.230417 consume_time=0.00572514533997 accountid=20
[hades_req] userid=1334 uri=/blacksmith/enhance equipment_pos=equiped@head time=2013-04-02_13:31:55.010139 lucky_stone_pos=18 consume_time=0.0229940414429 accountid=20
[hades_req] userid=1336 uri=/account/choose_player player=1336_杰罗姆 time=2013-04-02_13:31:57.743464 consume_time=0.0114748477936 accountid=92
[hades_req] userid=1334 uri=/blacksmith/enhance equipment_pos=equiped@head time=2013-04-02_13:31:57.771627 lucky_stone_pos=16 consume_time=0.0293569564819 accountid=20
[hades_req] userid=1334 uri=/blacksmith/enhance equipment_pos=equiped@head time=2013-04-02_13:31:58.671489 lucky_stone_pos=16 consume_time=0.0303430557251 accountid=20
[hades_req] userid=1334 uri=/blacksmith/enhance equipment_pos=equiped@head time=2013-04-02_13:31:59.496898 lucky_stone_pos=16 consume_time=0.0398180484772 accountid=20
[hades_req] userid=1334 uri=/blacksmith/enhance equipment_pos=equiped@head time=2013-04-02_13:32:00.192714 lucky_stone_pos=16 consume_time=0.0361828804016 accountid=20
[hades_req] userid=1334 uri=/blacksmith/enhance equipment_pos=equiped@head time=2013-04-02_13:32:01.021699 lucky_stone_pos=16 consume_time=0.0303199291229 accountid=20
[hades_req] userid=1334 uri=/blacksmith/enhance equipment_pos=equiped@head time=2013-04-02_13:32:01.736665 lucky_stone_pos=16 consume_time=0.029296875 accountid=20
[hades_req] userid=1334 uri=/blacksmith/enhance equipment_pos=equiped@head time=2013-04-02_13:32:02.373469 lucky_stone_pos=16 consume_time=0.030079126358 accountid=20
[hades_req] userid=1334 uri=/blacksmith/enhance equipment_pos=equiped@head time=2013-04-02_13:32:03.119114 lucky_stone_pos=16 consume_time=0.0286629199982 accountid=20
[hades_req] userid=1334 uri=/blacksmith/enhance equipment_pos=equiped@head time=2013-04-02_13:32:03.823573 lucky_stone_pos=16 consume_time=0.0328648090363 accountid=20
[hades_req] userid=1334 uri=/blacksmith/enhance equipment_pos=equiped@head time=2013-04-02_13:32:04.611930 lucky_stone_pos=16 consume_time=0.0366320610046 accountid=20
[hades_req] userid=1336 uri=/admin/enter mapname=city gsid=xxx time=2013-04-02_13:32:07.548236 consume_time=0.00337910652161
[hades_req] userid=1336 uri=/package/sort time=2013-04-02_13:32:17.977837 consume_time=0.0181159973145 accountid=92
[hades_req] userid=1336 uri=/package/sort time=2013-04-02_13:32:25.689110 consume_time=0.0176630020142 accountid=92
[hades_req] userid=1336 uri=/package/sort time=2013-04-02_13:32:38.258420 consume_time=0.0152540206909 accountid=92
[hades_req] userid=1336 uri=/package/sort time=2013-04-02_13:32:46.600456 consume_time=0.00593113899231 accountid=92
[hades_req] userid=1336 uri=/package/sort time=2013-04-02_13:32:56.827551 consume_time=0.0160889625549 accountid=92
[hades_req] consume_time=0.00478792190552 uri=/admin/leave time=2013-04-02_13:33:02.642199
[hades_req] userid=1318 uri=/scene/go_to_battleland time=2013-04-02_13:37:08.741713 consume_time=0.0058810710907 accountid=87
[hades_req] userid=1318 uri=/scene/go_to_battleland time=2013-04-02_13:37:10.742803 consume_time=0.00697422027588 accountid=87
[hades_req] userid=0 uri=/account/temp_login form_password=123456 time=2013-04-02_13:41:38.196088 form_email=test@test.com consume_time=0.00560712814331 accountid=0
[hades_req] userid=0 uri=/account/temp_login form_password=hello2 time=2013-04-02_13:45:36.273899 form_email=hello2@hello2.com consume_time=0.00595808029175 accountid=0
[hades_req] userid=1336 uri=/account/choose_player player=1336_杰罗姆 time=2013-04-02_13:46:05.514406 consume_time=0.00832009315491 accountid=92
[hades_req] userid=1336 uri=/admin/enter mapname=city gsid=xxx time=2013-04-02_13:46:14.722332 consume_time=0.00359201431274
[hades_req] userid=1336 uri=/package/sort time=2013-04-02_13:46:29.592219 consume_time=0.00550079345703 accountid=92
[hades_req] userid=1336 uri=/package/sort time=2013-04-02_13:46:41.052478 consume_time=0.00662112236023 accountid=92
[hades_req] userid=0 uri=/account/temp_login form_password=123456 time=2013-04-02_13:46:50.145611 form_email=test@test.com consume_time=0.0190949440002 accountid=0
[hades_req] userid=1336 uri=/package/sort time=2013-04-02_13:46:54.080248 consume_time=0.0051121711731 accountid=92
[hades_req] userid=1336 uri=/package/sort time=2013-04-02_13:47:03.861229 consume_time=0.00491619110107 accountid=92
[hades_req] userid=1336 uri=/package/sort time=2013-04-02_13:47:15.646637 consume_time=0.00548696517944 accountid=92
[hades_req] userid=1336 uri=/package/sort time=2013-04-02_13:47:27.284523 consume_time=0.00513792037964 accountid=92
[hades_req] userid=1064 uri=/account/choose_player player=1064_斯诺 time=2013-04-02_13:47:27.293399 consume_time=0.0101170539856 accountid=20
[hades_req] userid=1064 uri=/admin/enter mapname=city gsid=city%401 time=2013-04-02_13:47:36.406716 consume_time=0.0100240707397
[hades_req] userid=1336 uri=/package/sort time=2013-04-02_13:47:39.597054 consume_time=0.00515007972717 accountid=92
[hades_req] userid=1336 uri=/package/sort time=2013-04-02_13:47:51.936802 consume_time=0.00470781326294 accountid=92
[hades_req] userid=1336 uri=/package/sort time=2013-04-02_13:48:01.677643 consume_time=0.0157558917999 accountid=92
[hades_req] consume_time=0.0051600933075 uri=/admin/leave time=2013-04-02_13:48:07.471926
[hades_req] userid=1336 uri=/package/sort time=2013-04-02_13:48:11.851354 consume_time=0.00400400161743 accountid=92
[hades_req] userid=1336 uri=/package/sort time=2013-04-02_13:48:20.659414 consume_time=0.0149259567261 accountid=92
[hades_req] userid=1336 uri=/package/sort time=2013-04-02_13:48:31.297629 consume_time=0.00579500198364 accountid=92
[hades_req] userid=1336 uri=/package/sort time=2013-04-02_13:48:42.017485 consume_time=0.00461602210999 accountid=92
[hades_req] userid=1336 uri=/package/sort time=2013-04-02_13:48:51.370594 consume_time=0.00437188148499 accountid=92
[hades_req] userid=1334 uri=/account/choose_player player=1334_克拉彭 time=2013-04-02_13:48:52.829821 consume_time=0.00939702987671 accountid=20
[hades_req] consume_time=0.00440096855164 uri=/admin/leave time=2013-04-02_13:48:54.881701
[hades_req] userid=1334 uri=/admin/enter mapname=city gsid=city%401 time=2013-04-02_13:48:54.890198 consume_time=0.00627207756042
[hades_req] userid=1336 uri=/package/sort time=2013-04-02_13:48:59.489265 consume_time=0.00662016868591 accountid=92
[hades_req] userid=1336 uri=/package/sort time=2013-04-02_13:49:08.972260 consume_time=0.00511598587036 accountid=92
[hades_req] userid=1336 uri=/package/sort time=2013-04-02_13:49:16.828914 consume_time=0.00541687011719 accountid=92
[hades_req] userid=1336 uri=/package/sort time=2013-04-02_13:49:27.456504 consume_time=0.0049729347229 accountid=92
[hades_req] userid=1336 uri=/package/sort time=2013-04-02_13:49:38.833558 consume_time=0.00414896011353 accountid=92
[hades_req] userid=1336 uri=/package/sort time=2013-04-02_13:49:50.126546 consume_time=0.00501012802124 accountid=92
[hades_req] userid=1334 uri=/scene/enter_tavern time=2013-04-02_13:53:23.680888 consume_time=0.00992798805237 type=instance accountid=20
[hades_req] consume_time=0.00438404083252 uri=/admin/leave time=2013-04-02_13:53:23.900540
[hades_req] userid=1334 uri=/admin/enter mapname=jiuguanshinei gsid=jiuguanshinei%4098 time=2013-04-02_13:53:27.481634 consume_time=0.00689697265625
[hades_req] userid=1334 uri=/scene/back_to_city time=2013-04-02_13:57:25.904549 consume_time=0.0164051055908 accountid=20
[hades_req] consume_time=0.00482296943665 uri=/admin/leave time=2013-04-02_13:57:26.148530
[hades_req] userid=1334 uri=/admin/enter mapname=city gsid=city%401 time=2013-04-02_13:57:28.697604 consume_time=0.00605893135071
[hades_req] consume_time=0.00490808486938 uri=/admin/leave time=2013-04-02_13:57:31.821859
[hades_req] userid=1294 uri=/account/choose_player player=1294_瓦奥莱特 time=2013-04-02_13:57:38.100548 consume_time=0.0131919384003 accountid=20
[hades_req] userid=1294 uri=/admin/enter mapname=city gsid=city%401 time=2013-04-02_13:57:40.237438 consume_time=0.0122928619385
[hades_req] consume_time=0.00397610664368 uri=/admin/leave time=2013-04-02_13:58:35.454628
[hades_req] userid=1064 uri=/account/choose_player player=1064_斯诺 time=2013-04-02_13:58:44.220635 consume_time=0.0105340480804 accountid=20
[hades_req] userid=1064 uri=/admin/enter mapname=city gsid=city%401 time=2013-04-02_13:58:46.304740 consume_time=0.0120370388031
