[hades_req] idcard=1234345656dfdf account_id=92 gender=male camp=1 userid=1336 uri=/profile/register name=麦克亚当 role=warrior time=2013-04-07_13:01:09.220150 consume_time=0.0209701061249 accountid=92
[hades_req] userid=1353 uri=/account/choose_player player=1353_麦克亚当 time=2013-04-07_13:01:11.962371 consume_time=0.012286901474 accountid=92
[hades_req] userid=1353 uri=/admin/enter mapname=city gsid=city%401 time=2013-04-07_13:01:14.609543 consume_time=0.0135369300842
[hades_req] delete_user_id=1348 userid=966 uri=/account/delete_user time=2013-04-07_13:10:47.352083 consume_time=0.0320310592651 accountid=63
[hades_req] delete_user_id=1261 userid=966 uri=/account/delete_user time=2013-04-07_13:10:59.810072 consume_time=0.0439569950104 accountid=63
[hades_req] userid=1164 uri=/account/choose_player player=1164_维娜 time=2013-04-07_13:11:05.204088 consume_time=0.0257620811462 accountid=63
[hades_req] userid=1164 uri=/admin/enter mapname=city gsid=city%401 time=2013-04-07_13:11:08.918071 consume_time=0.0153799057007
[hades_req] consume_time=0.0040180683136 uri=/admin/leave time=2013-04-07_13:11:55.924865
[hades_req] userid=1164 uri=/account/choose_player player=1164_维娜 time=2013-04-07_13:12:43.936479 consume_time=0.0128200054169 accountid=63
[hades_req] userid=1164 uri=/admin/enter mapname=city gsid=city%401 time=2013-04-07_13:12:45.449765 consume_time=0.00619387626648
[hades_req] union_name=23232 userid=1164 uri=/union/leave time=2013-04-07_13:12:53.309110 consume_time=0.0119409561157 accountid=63
[hades_req] consume_time=0.00391411781311 uri=/admin/leave time=2013-04-07_13:13:01.014032
[hades_req] delete_user_id=1164 userid=966 uri=/account/delete_user time=2013-04-07_13:13:14.369459 consume_time=0.0263710021973 accountid=63
[hades_req] userid=1265 uri=/account/choose_player player=1265_简 time=2013-04-07_13:13:23.834182 consume_time=0.0267970561981 accountid=63
[hades_req] userid=1265 uri=/admin/enter mapname=city gsid=city%401 time=2013-04-07_13:13:25.310207 consume_time=0.00560402870178
[hades_req] user_login=登录 uri=/account/temp_login form_password=123456 time=2013-04-07_13:31:18.332975 form_email=majing@111.com consume_time=0.0203850269318
[hades_req] userid=1282 uri=/account/choose_player player=1282_安妮 time=2013-04-07_13:31:31.605905 consume_time=0.0126419067383 accountid=25
[hades_req] userid=1282 uri=/admin/enter mapname=city gsid=city%401 time=2013-04-07_13:31:34.117749 consume_time=0.0125398635864
[hades_req] consume_time=0.00416016578674 uri=/admin/leave time=2013-04-07_13:31:51.236167
[hades_req] user_login=登录 uri=/account/temp_login form_password=123456 time=2013-04-07_13:31:53.070888 form_email=majing@111.com consume_time=0.019917011261
[hades_req] userid=1302 uri=/account/choose_player player=1302_贝芙 time=2013-04-07_13:32:06.671083 consume_time=0.0113711357117 accountid=25
[hades_req] userid=1302 uri=/admin/enter mapname=city gsid=city%401 time=2013-04-07_13:32:09.084168 consume_time=0.0118680000305
[hades_req] consume_time=0.00428605079651 uri=/admin/leave time=2013-04-07_13:32:19.173692
[hades_req] user_login=登录 uri=/account/temp_login form_password=123456 time=2013-04-07_13:32:20.677787 form_email=majing@111.com consume_time=0.0201029777527
[hades_req] userid=1088 uri=/account/choose_player player=1088_多拉 time=2013-04-07_13:32:42.101772 consume_time=0.012598991394 accountid=25
[hades_req] userid=1088 uri=/admin/enter mapname=city gsid=city%401 time=2013-04-07_13:32:44.412462 consume_time=0.0101840496063
[hades_req] consume_time=0.00496220588684 uri=/admin/leave time=2013-04-07_13:34:17.149117
[hades_req] userid=0 uri=/account/temp_login form_password=123456 time=2013-04-07_13:55:47.320158 form_email=test@test.com consume_time=0.00702881813049 accountid=0
[hades_req] userid=1317 uri=/account/choose_player player=1317_柏莎 time=2013-04-07_13:56:19.988643 consume_time=0.0112490653992 accountid=20
[hades_req] userid=1317 uri=/admin/enter mapname=city gsid=city%401 time=2013-04-07_13:56:29.235042 consume_time=0.00531601905823
[hades_req] consume_time=0.00501894950867 uri=/admin/leave time=2013-04-07_13:57:39.338515
[hades_req] userid=0 uri=/account/temp_login form_password=123456 time=2013-04-07_13:57:45.311117 form_email=test@test.com consume_time=0.00596594810486 accountid=0
[hades_req] user_login=登录 uri=/account/temp_login form_password=13524887981hf time=2013-04-07_13:58:12.182036 form_email=183709629@qq.com consume_time=0.00612115859985
[hades_req] userid=611 uri=/account/choose_player player=611_尤金 time=2013-04-07_13:58:24.263561 consume_time=0.0138411521912 accountid=24
[hades_req] userid=611 uri=/admin/enter mapname=city gsid=city%401 time=2013-04-07_13:58:27.069402 consume_time=0.00684499740601
[hades_req] userid=1317 uri=/account/choose_player player=1317_柏莎 time=2013-04-07_13:58:28.657869 consume_time=0.0101189613342 accountid=20
[hades_req] userid=1317 uri=/admin/enter mapname=city gsid=city%401 time=2013-04-07_13:58:37.982633 consume_time=0.00636506080627
[hades_req] consume_time=0.00448489189148 uri=/admin/leave time=2013-04-07_13:59:22.845216
[hades_req] userid=1166 uri=/account/choose_player player=1166_克拉丽莎 time=2013-04-07_13:59:44.569420 consume_time=0.0117919445038 accountid=4
[hades_req] userid=1166 uri=/admin/enter mapname=city gsid=city%401 time=2013-04-07_13:59:47.278189 consume_time=0.0111219882965
