[hades_req] userid=0 uri=/account/temp_login form_password=123456 time=2013-04-06_12:09:19.409776 form_email=test@test.com consume_time=0.00749588012695 accountid=0
[hades_req] userid=1317 uri=/account/choose_player player=1317_柏莎 time=2013-04-06_12:09:56.555622 consume_time=0.0108420848846 accountid=20
[hades_req] userid=1317 uri=/admin/enter mapname=city gsid=city%401 time=2013-04-06_12:10:05.676868 consume_time=0.00687098503113
[hades_req] consume_time=0.00475192070007 uri=/admin/leave time=2013-04-06_12:11:58.310821
[hades_req] userid=0 uri=/account/temp_login form_password=123456 time=2013-04-06_12:13:03.466573 form_email=test@test.com consume_time=0.00577402114868 accountid=0
[hades_req] userid=1317 uri=/account/choose_player player=1317_柏莎 time=2013-04-06_12:13:35.543215 consume_time=0.0103340148926 accountid=20
[hades_req] userid=1317 uri=/admin/enter mapname=city gsid=city%401 time=2013-04-06_12:13:44.816199 consume_time=0.00645399093628
[hades_req] time=2013-04-06_12:14:16.172390 userid=1317 uri=/maze/goto_maze is_continue=false consume_time=0.0521187782288 accountid=20
[hades_req] consume_time=0.00415086746216 uri=/admin/leave time=2013-04-06_12:14:16.329842
[hades_req] userid=1317 uri=/admin/enter mapname=migong gsid=migong%401 time=2013-04-06_12:14:23.437564 consume_time=0.00653791427612
[hades_req] ruler=migong userid=1317 uri=/scene/jump_to_quest_location time=2013-04-06_12:16:22.084986 map_name=migong consume_time=0.0145399570465 accountid=20
[hades_req] consume_time=0.00491499900818 uri=/admin/leave time=2013-04-06_12:16:22.275036
[hades_req] userid=1317 uri=/admin/enter mapname=migong gsid=migong%401 time=2013-04-06_12:16:24.133932 consume_time=0.00707411766052
[hades_req] ruler=migong userid=1317 uri=/scene/jump_to_quest_location time=2013-04-06_12:18:01.129996 map_name=migong consume_time=0.0179190635681 accountid=20
[hades_req] consume_time=0.0058331489563 uri=/admin/leave time=2013-04-06_12:18:01.350545
[hades_req] userid=1317 uri=/admin/enter mapname=migong gsid=migong%401 time=2013-04-06_12:18:03.347767 consume_time=0.00586891174316
[hades_req] userid=1317 uri=/scene/back_to_city time=2013-04-06_12:18:06.532169 consume_time=0.0140879154205 accountid=20
[hades_req] consume_time=0.00392699241638 uri=/admin/leave time=2013-04-06_12:18:06.695854
[hades_req] userid=1317 uri=/admin/enter mapname=city gsid=city%401 time=2013-04-06_12:18:09.279485 consume_time=0.00623607635498
[hades_req] consume_time=0.00541806221008 uri=/admin/leave time=2013-04-06_12:18:31.694129
[hades_req] userid=0 uri=/account/temp_login form_password=123456 time=2013-04-06_12:18:41.278109 form_email=test@test.com consume_time=0.00574207305908 accountid=0
[hades_req] userid=1317 uri=/account/choose_player player=1317_柏莎 time=2013-04-06_12:19:11.409550 consume_time=0.0121960639954 accountid=20
[hades_req] userid=1317 uri=/admin/enter mapname=city gsid=city%401 time=2013-04-06_12:19:20.464072 consume_time=0.00787401199341
[hades_req] consume_time=0.00403904914856 uri=/admin/leave time=2013-04-06_12:20:20.633433
[hades_req] userid=0 uri=/account/temp_login form_password=123456 time=2013-04-06_12:20:43.910877 form_email=test@test.com consume_time=0.00674700737 accountid=0
[hades_req] userid=1317 uri=/account/choose_player player=1317_柏莎 time=2013-04-06_12:21:21.870293 consume_time=0.0119431018829 accountid=20
[hades_req] userid=1317 uri=/admin/enter mapname=city gsid=city%401 time=2013-04-06_12:21:30.881738 consume_time=0.00626397132874
[hades_req] consume_time=0.00571608543396 uri=/admin/leave time=2013-04-06_12:22:23.382491
[hades_req] userid=0 uri=/account/temp_login form_password=123456 time=2013-04-06_12:22:39.688319 form_email=test@test.com consume_time=0.00518393516541 accountid=0
[hades_req] userid=1317 uri=/account/choose_player player=1317_柏莎 time=2013-04-06_12:23:09.133084 consume_time=0.0146260261536 accountid=20
[hades_req] userid=1317 uri=/admin/enter mapname=city gsid=city%401 time=2013-04-06_12:23:17.920704 consume_time=0.00644016265869
[hades_req] consume_time=0.00468802452087 uri=/admin/leave time=2013-04-06_12:24:01.595496
[hades_req] userid=0 uri=/account/temp_login form_password=123456 time=2013-04-06_12:58:39.193746 form_email=test@test.com consume_time=0.00793194770813 accountid=0
[hades_req] userid=1317 uri=/account/choose_player player=1317_柏莎 time=2013-04-06_12:59:09.734848 consume_time=0.0113139152527 accountid=20
[hades_req] userid=1317 uri=/admin/enter mapname=city gsid=city%401 time=2013-04-06_12:59:18.930165 consume_time=0.00603199005127
[hades_req] consume_time=0.00533199310303 uri=/admin/leave time=2013-04-06_12:59:40.555924
[hades_req] userid=0 uri=/account/temp_login form_password=123456 time=2013-04-06_12:59:59.386624 form_email=test@test.com consume_time=0.0185141563416 accountid=0
