[hades_req] userid=1155 uri=/account/choose_player player=1155_蜜莉恩 time=2013-04-08_16:00:10.333105 consume_time=0.0104789733887 accountid=83
[hades_req] userid=1155 uri=/admin/enter mapname=city gsid=city@1 time=2013-04-08_16:00:23.734022 consume_time=0.00798511505127
[hades_req] consume_time=0.00415897369385 uri=/admin/leave time=2013-04-08_16:00:49.813627
[hades_req] consume_time=0.005774974823 uri=/admin/leave time=2013-04-08_16:01:10.723734
[hades_req] userid=0 uri=/account/temp_login form_password=123456 time=2013-04-08_16:02:01.893304 form_email=liao@adobe.com consume_time=0.00660514831543 accountid=0
[hades_req] userid=0 uri=/account/temp_login form_password=123456 time=2013-04-08_16:02:40.652674 form_email=liao@adobe.com consume_time=0.00523591041565 accountid=0
[hades_req] userid=1155 uri=/account/choose_player player=1155_蜜莉恩 time=2013-04-08_16:02:44.960808 consume_time=0.0104689598083 accountid=83
[hades_req] userid=1155 uri=/admin/enter mapname=city gsid=city@1 time=2013-04-08_16:02:56.412457 consume_time=0.00876998901367
[hades_req] userid=1155 uri=/account/choose_player player=1155_蜜莉恩 time=2013-04-08_16:03:12.577407 consume_time=0.0107600688934 accountid=83
[hades_req] consume_time=0.00390601158142 uri=/admin/leave time=2013-04-08_16:03:23.649612
[hades_req] userid=1155 uri=/admin/enter mapname=city gsid=city@1 time=2013-04-08_16:03:23.658423 consume_time=0.00697779655457
[hades_req] consume_time=0.00519394874573 uri=/admin/leave time=2013-04-08_16:03:51.743251
[hades_req] userid=0 uri=/account/temp_login form_password=cx time=2013-04-08_16:03:57.749240 form_email=cx@cx.com consume_time=0.00765013694763 accountid=0
[hades_req] userid=1154 uri=/account/choose_player player=1154_罗斯福 time=2013-04-08_16:05:00.202372 consume_time=0.0112600326538 accountid=9
[hades_req] userid=1154 uri=/admin/enter mapname=city gsid=city@1 time=2013-04-08_16:05:02.523651 consume_time=0.00778007507324
[hades_req] userid=1154 uri=/scene/go_to_publicmine time=2013-04-08_16:05:10.950779 consume_time=0.0561511516571 accountid=9
[hades_req] consume_time=0.00449800491333 uri=/admin/leave time=2013-04-08_16:05:11.317729
[hades_req] userid=1154 uri=/admin/enter mapname=gonggongditu gsid=gonggongditu@1 time=2013-04-08_16:05:19.465589 consume_time=0.00656080245972
[hades_req] userid=1360 uri=/account/choose_player player=1360_吉尔 time=2013-04-08_16:05:20.349933 consume_time=0.0112731456757 accountid=19
[hades_req] userid=1360 uri=/admin/enter mapname=city gsid=city@1 time=2013-04-08_16:05:32.109496 consume_time=0.00762605667114
[hades_req] userid=0 uri=/account/temp_login form_password=123456 time=2013-04-08_16:05:57.292157 form_email=liao@adobe.com consume_time=0.0186331272125 accountid=0
[hades_req] ruler=dan20-privatemine3.xml userid=1360 uri=/scene/jump_to_quest_location time=2013-04-08_16:06:05.597062 map_name=privatemine3 consume_time=0.0614759922028 accountid=19
[hades_req] consume_time=0.00516200065613 uri=/admin/leave time=2013-04-08_16:06:06.698314
[hades_req] userid=1360 uri=/admin/enter mapname=privatemine3 gsid=privatemine3@1 time=2013-04-08_16:06:14.502280 consume_time=0.00919818878174
[hades_req] userid=1155 uri=/account/choose_player player=1155_蜜莉恩 time=2013-04-08_16:07:03.350075 consume_time=0.0143260955811 accountid=83
[hades_req] userid=1155 uri=/admin/enter mapname=city gsid=city@1 time=2013-04-08_16:07:09.322549 consume_time=0.00800609588623
[hades_req] consume_time=0.00467395782471 uri=/admin/leave time=2013-04-08_16:07:18.190176
[hades_req] consume_time=0.00430202484131 uri=/admin/leave time=2013-04-08_16:08:56.517214
[hades_req] consume_time=0.00501894950867 uri=/admin/leave time=2013-04-08_16:10:17.302739
[hades_req] userid=0 uri=/account/temp_login form_password=123456 time=2013-04-08_16:11:11.304455 form_email=liao@adobe.com consume_time=0.00665402412415 accountid=0
[hades_req] userid=1045 uri=/account/choose_player player=1045_甘道夫 time=2013-04-08_16:13:04.849685 consume_time=0.0114381313324 accountid=9
[hades_req] userid=1045 uri=/admin/enter mapname=city gsid=city@1 time=2013-04-08_16:13:06.986536 consume_time=0.00699400901794
[hades_req] userid=0 uri=/account/temp_login form_password=cx time=2013-04-08_16:13:08.189247 form_email=cx@cx.com consume_time=0.00570893287659 accountid=0
[hades_req] target_id=1265 userid=1045 uri=/friend/accept_friend_request time=2013-04-08_16:13:11.042147 consume_time=0.0213308334351 accountid=9
[hades_req] consume_time=0.00507998466492 uri=/admin/leave time=2013-04-08_16:13:13.430508
[hades_req] userid=594 uri=/account/choose_player player=594_卡罗琳 time=2013-04-08_16:13:16.998653 consume_time=0.0114560127258 accountid=9
[hades_req] userid=594 uri=/admin/enter mapname=city gsid=city@1 time=2013-04-08_16:13:18.645258 consume_time=0.00838088989258
[hades_req] userid=594 uri=/scene/go_to_publicmine time=2013-04-08_16:13:24.118791 consume_time=0.0145499706268 accountid=9
[hades_req] consume_time=0.00499081611633 uri=/admin/leave time=2013-04-08_16:13:24.540445
[hades_req] userid=594 uri=/admin/enter mapname=gonggongditu gsid=gonggongditu@1 time=2013-04-08_16:13:31.391530 consume_time=0.00697803497314
[hades_req] target=instance_20303001 userid=607 uri=/team/join_to_queue time=2013-04-08_16:13:58.841080 consume_time=0.00716185569763 accountid=24
[hades_req] target=instance_20303001 userid=1318 uri=/team/join_to_queue time=2013-04-08_16:14:05.600352 consume_time=0.00720500946045 accountid=87
[hades_req] userid=1360 uri=/account/choose_player player=1360_吉尔 time=2013-04-08_16:14:09.885125 consume_time=0.014622926712 accountid=19
[hades_req] ruler=/terminus/crown/data/cnscript/map_xml/duo30-temple1.xml userid=607 uri=/scene/jump_to_team_instance time=2013-04-08_16:14:12.513612 map_name=temple1 consume_time=0.0043671131134 accountid=24
[hades_req] consume_time=0.00460410118103 uri=/admin/leave time=2013-04-08_16:14:12.779932
[hades_req] userid=607 uri=/admin/enter mapname=temple1 gsid=temple1@1 time=2013-04-08_16:14:16.071730 consume_time=0.0083110332489
[hades_req] userid=1360 uri=/admin/enter mapname=city gsid=city@1 time=2013-04-08_16:14:21.684421 consume_time=0.00643992424011
[hades_req] ruler=dan20-privatemine3.xml userid=1360 uri=/scene/jump_to_quest_location time=2013-04-08_16:14:53.929422 map_name=privatemine3 consume_time=0.0547389984131 accountid=19
[hades_req] consume_time=0.00406098365784 uri=/admin/leave time=2013-04-08_16:14:54.376492
[hades_req] userid=1360 uri=/admin/enter mapname=privatemine3 gsid=privatemine3@1 time=2013-04-08_16:15:02.553282 consume_time=0.00810503959656
[hades_req] userid=1318 uri=/team/leave_queue time=2013-04-08_16:15:05.528872 consume_time=0.00462889671326 accountid=87
[hades_req] consume_time=0.00391983985901 uri=/admin/leave time=2013-04-08_16:15:43.351803
[hades_req] userid=0 uri=/account/temp_login form_password=123456 time=2013-04-08_16:15:45.128606 form_email=liao@adobe.com consume_time=0.00601196289062 accountid=0
[hades_req] consume_time=0.00532197952271 uri=/admin/leave time=2013-04-08_16:16:03.386363
[hades_req] consume_time=0.00428795814514 uri=/admin/leave time=2013-04-08_16:16:03.425064
[hades_req] consume_time=0.00408506393433 uri=/admin/leave time=2013-04-08_16:16:03.540264
[hades_req] userid=1155 uri=/account/choose_player player=1155_蜜莉恩 time=2013-04-08_16:16:24.965691 consume_time=0.0113210678101 accountid=83
[hades_req] userid=607 uri=/account/choose_player player=607_麦克亚当 time=2013-04-08_16:16:28.732083 consume_time=0.0119559764862 accountid=24
[hades_req] userid=1155 uri=/admin/enter mapname=city gsid=city@1 time=2013-04-08_16:16:29.769256 consume_time=0.0071849822998
[hades_req] userid=607 uri=/admin/enter mapname=city gsid=city@1 time=2013-04-08_16:16:30.584639 consume_time=0.00723195075989
[hades_req] userid=594 uri=/account/choose_player player=594_卡罗琳 time=2013-04-08_16:16:39.844779 consume_time=0.0119528770447 accountid=9
[hades_req] userid=594 uri=/admin/enter mapname=city gsid=city@1 time=2013-04-08_16:16:42.431177 consume_time=0.00653409957886
[hades_req] userid=594 uri=/scene/go_to_publicmine time=2013-04-08_16:16:48.829664 consume_time=0.0616450309753 accountid=9
[hades_req] consume_time=0.00475597381592 uri=/admin/leave time=2013-04-08_16:16:49.222519
[hades_req] userid=594 uri=/account/choose_player player=594_卡罗琳 time=2013-04-08_16:18:53.318201 consume_time=0.0104110240936 accountid=9
[hades_req] userid=594 uri=/admin/enter mapname=city gsid=city@1 time=2013-04-08_16:18:55.518527 consume_time=0.00640511512756
[hades_req] userid=594 uri=/scene/go_to_publicmine time=2013-04-08_16:18:57.763609 consume_time=0.0140299797058 accountid=9
[hades_req] consume_time=0.00537419319153 uri=/admin/leave time=2013-04-08_16:18:58.196703
[hades_req] consume_time=0.00459098815918 uri=/admin/leave time=2013-04-08_16:19:57.773864
[hades_req] consume_time=0.00550103187561 uri=/admin/leave time=2013-04-08_16:19:57.832279
[hades_req] userid=594 uri=/account/choose_player player=594_卡罗琳 time=2013-04-08_16:20:29.517745 consume_time=0.0116560459137 accountid=9
[hades_req] userid=594 uri=/admin/enter mapname=city gsid=city@1 time=2013-04-08_16:20:32.100453 consume_time=0.00523900985718
[hades_req] userid=594 uri=/scene/go_to_publicmine time=2013-04-08_16:20:34.444415 consume_time=0.0466661453247 accountid=9
[hades_req] consume_time=0.0038697719574 uri=/admin/leave time=2013-04-08_16:20:34.829005
[hades_req] userid=594 uri=/account/choose_player player=594_卡罗琳 time=2013-04-08_16:22:22.058734 consume_time=0.0107791423798 accountid=9
[hades_req] userid=594 uri=/admin/enter mapname=city gsid=city@1 time=2013-04-08_16:22:24.220579 consume_time=0.00657892227173
[hades_req] userid=594 uri=/scene/go_to_publicmine time=2013-04-08_16:22:26.204111 consume_time=0.0144770145416 accountid=9
[hades_req] consume_time=0.00484299659729 uri=/admin/leave time=2013-04-08_16:22:26.583784
[hades_req] user_login=登录 uri=/account/temp_login form_password=123456 time=2013-04-08_16:28:28.680773 form_email=test@test.com consume_time=0.00629186630249
[hades_req] userid=1317 uri=/account/choose_player player=1317_柏莎 time=2013-04-08_16:28:47.977260 consume_time=0.0114030838013 accountid=20
[hades_req] userid=1317 uri=/account/choose_player player=1317_柏莎 time=2013-04-08_16:29:14.923332 consume_time=0.0105290412903 accountid=20
[hades_req] userid=594 uri=/account/choose_player player=594_卡罗琳 time=2013-04-08_16:29:41.893483 consume_time=0.0121238231659 accountid=9
[hades_req] delete_user_id=1352 userid=1318 uri=/account/delete_user time=2013-04-08_16:31:46.521048 consume_time=0.0274019241333 accountid=87
[hades_req] userid=594 uri=/account/choose_player player=594_卡罗琳 time=2013-04-08_16:33:03.000468 consume_time=0.0111169815063 accountid=9
[hades_req] userid=594 uri=/account/choose_player player=594_卡罗琳 time=2013-04-08_16:37:52.663354 consume_time=0.00794506072998 accountid=9
[hades_req] userid=594 uri=/admin/enter mapname=city gsid=city@1 time=2013-04-08_16:37:57.246229 consume_time=0.00688481330872
[hades_req] userid=1318 uri=/account/choose_player player=1318_琳达 time=2013-04-08_16:37:59.731060 consume_time=0.00899291038513 accountid=87
[hades_req] userid=594 uri=/scene/go_to_publicmine time=2013-04-08_16:37:59.904651 consume_time=0.0571370124817 accountid=9
[hades_req] consume_time=0.00453019142151 uri=/admin/leave time=2013-04-08_16:38:00.366688
[hades_req] userid=1318 uri=/admin/enter mapname=city gsid=city@1 time=2013-04-08_16:38:02.066674 consume_time=0.00568985939026
[hades_req] skip_time=0 userid=1318 uri=/trade/player_store/generate_player_store time=2013-04-08_16:38:20.372454 consume_time=0.00588297843933 accountid=87
[hades_req] skip_time=0 userid=1318 uri=/trade/player_store/generate_player_store time=2013-04-08_16:38:27.558273 consume_time=0.00678706169128 accountid=87
[hades_req] userid=1317 uri=/account/choose_player player=1317_柏莎 time=2013-04-08_16:38:36.492401 consume_time=0.0132870674133 accountid=20
[hades_req] user_login=登录 uri=/account/temp_login form_password=123456 time=2013-04-08_16:38:37.476826 form_email=majing@111.com consume_time=0.00722599029541
[hades_req] userid=1317 uri=/admin/enter mapname=city gsid=city@1 time=2013-04-08_16:38:40.557681 consume_time=0.00620412826538
[hades_req] userid=594 uri=/account/choose_player player=594_卡罗琳 time=2013-04-08_16:38:46.765827 consume_time=0.0115239620209 accountid=9
[hades_req] userid=594 uri=/admin/enter mapname=city gsid=city@1 time=2013-04-08_16:38:49.295586 consume_time=0.00669813156128
[hades_req] userid=594 uri=/scene/enter_tavern time=2013-04-08_16:38:51.087269 consume_time=0.00871300697327 type=instance accountid=9
[hades_req] consume_time=0.00402498245239 uri=/admin/leave time=2013-04-08_16:38:51.584639
[hades_req] userid=594 uri=/account/choose_player player=594_卡罗琳 time=2013-04-08_16:39:09.553185 consume_time=0.011617898941 accountid=9
[hades_req] userid=594 uri=/admin/enter mapname=city gsid=city@1 time=2013-04-08_16:39:11.715873 consume_time=0.00614714622498
[hades_req] userid=594 uri=/scene/go_to_publicmine time=2013-04-08_16:39:14.015678 consume_time=0.0130321979523 accountid=9
[hades_req] consume_time=0.00554800033569 uri=/admin/leave time=2013-04-08_16:39:14.415631
[hades_req] userid=618 uri=/account/choose_player player=618_埃奇沃思 time=2013-04-08_16:40:59.863740 consume_time=0.0108859539032 accountid=24
[hades_req] user_login=登录 uri=/account/temp_login form_password=13524887981hf time=2013-04-08_16:41:31.282774 form_email=183709629@qq.com consume_time=0.00624012947083
[hades_req] userid=1354 uri=/account/choose_player player=1354_雪丽 time=2013-04-08_16:41:37.747381 consume_time=0.0100929737091 accountid=25
[hades_req] userid=1354 uri=/admin/enter mapname=city gsid=city@1 time=2013-04-08_16:41:40.230543 consume_time=0.00591492652893
[hades_req] npcid=1 userid=1318 uri=/astrology/start time=2013-04-08_16:41:44.935240 consume_time=0.0226438045502 accountid=87
[hades_req] userid=1318 uri=/astrology/shortcut_sell time=2013-04-08_16:41:46.495390 consume_time=0.0141608715057 accountid=87
[hades_req] npcid=2 userid=1318 uri=/astrology/shortcut_start time=2013-04-08_16:41:47.620860 consume_time=0.0741021633148 accountid=87
[hades_req] userid=1265 uri=/account/choose_player player=1265_简 time=2013-04-08_16:41:48.027741 consume_time=0.00954699516296 accountid=63
[hades_req] userid=1318 uri=/astrology/shortcut_sell time=2013-04-08_16:41:48.624061 consume_time=0.0123620033264 accountid=87
[hades_req] userid=1265 uri=/admin/enter mapname=city gsid=city@1 time=2013-04-08_16:41:51.426997 consume_time=0.00571298599243
[hades_req] userid=957 uri=/account/choose_player player=957_奥兰多 time=2013-04-08_16:41:53.562008 consume_time=0.0127401351929 accountid=6
[hades_req] user_login=登录 uri=/account/temp_login form_password=000000 time=2013-04-08_16:42:01.776753 form_email=superjjmm@hotmail.com consume_time=0.0190408229828
[hades_req] user_login=登录 uri=/account/temp_login form_password=13524887981hf time=2013-04-08_16:42:10.726229 form_email=183709629@qq.com consume_time=0.0188438892365
[hades_req] consume_time=0.00486207008362 uri=/admin/leave time=2013-04-08_16:42:11.784148
[hades_req] userid=957 uri=/account/choose_player player=957_奥兰多 time=2013-04-08_16:42:13.392010 consume_time=0.0131828784943 accountid=6
[hades_req] userid=957 uri=/admin/enter mapname=city gsid=city@1 time=2013-04-08_16:42:17.511248 consume_time=0.00989389419556
[hades_req] userid=618 uri=/account/choose_player player=618_埃奇沃思 time=2013-04-08_16:42:35.278586 consume_time=0.0139510631561 accountid=24
[hades_req] userid=618 uri=/admin/enter mapname=city gsid=city@1 time=2013-04-08_16:42:38.126527 consume_time=0.0121068954468
[hades_req] consume_time=0.00438499450684 uri=/admin/leave time=2013-04-08_16:43:26.186881
[hades_req] userid=1172 uri=/account/choose_player player=1172_克莉斯多 time=2013-04-08_16:43:39.547429 consume_time=0.0125811100006 accountid=24
[hades_req] userid=1172 uri=/admin/enter mapname=city gsid=city@1 time=2013-04-08_16:43:41.373046 consume_time=0.0103390216827
[hades_req] ruler=dan01-huoshan4.xml userid=1172 uri=/scene/jump_to_quest_location time=2013-04-08_16:44:12.557061 map_name=huoshan4 consume_time=0.0481290817261 accountid=24
[hades_req] consume_time=0.00470805168152 uri=/admin/leave time=2013-04-08_16:44:12.728159
[hades_req] package_pos=3 userid=1318 uri=/package/consume_props time=2013-04-08_16:44:14.251915 consume_time=0.0116231441498 accountid=87
[hades_req] userid=1172 uri=/admin/enter mapname=huoshan4 gsid=huoshan4@1 time=2013-04-08_16:44:16.684869 consume_time=0.0073139667511
[hades_req] package_pos=1 userid=1318 uri=/package/consume_props time=2013-04-08_16:44:16.853289 consume_time=0.0101411342621 accountid=87
[hades_req] userid=1172 uri=/scene/back_to_city time=2013-04-08_16:45:33.071251 consume_time=0.0141360759735 accountid=24
[hades_req] consume_time=0.00438094139099 uri=/admin/leave time=2013-04-08_16:45:33.235297
[hades_req] userid=1172 uri=/admin/enter mapname=city gsid=city@1 time=2013-04-08_16:45:35.736654 consume_time=0.0063681602478
[hades_req] userid=1172 uri=/blacksmith/enhance equipment_pos=equiped@right_hand time=2013-04-08_16:45:52.154004 lucky_stone_pos=2 consume_time=0.0293879508972 accountid=24
[hades_req] userid=1172 uri=/blacksmith/enhance equipment_pos=equiped@right_hand time=2013-04-08_16:45:52.517912 lucky_stone_pos=2 consume_time=0.0262849330902 accountid=24
[hades_req] userid=1172 uri=/blacksmith/enhance equipment_pos=equiped@right_hand time=2013-04-08_16:45:52.987531 lucky_stone_pos=2 consume_time=0.0285758972168 accountid=24
[hades_req] userid=1172 uri=/blacksmith/enhance equipment_pos=equiped@right_hand time=2013-04-08_16:45:53.307421 lucky_stone_pos=2 consume_time=0.0296809673309 accountid=24
[hades_req] userid=1172 uri=/blacksmith/enhance equipment_pos=equiped@right_hand time=2013-04-08_16:45:53.869904 lucky_stone_pos=2 consume_time=0.027163028717 accountid=24
[hades_req] ruler=dan02-huoshan1.xml userid=1172 uri=/scene/jump_to_quest_location time=2013-04-08_16:46:03.662735 map_name=huoshan1 consume_time=0.0534398555756 accountid=24
[hades_req] consume_time=0.00465607643127 uri=/admin/leave time=2013-04-08_16:46:03.831714
[hades_req] userid=1172 uri=/admin/enter mapname=huoshan1 gsid=huoshan1@1 time=2013-04-08_16:46:08.147139 consume_time=0.00577020645142
[hades_req] userid=0 uri=/account/temp_login form_password=123456 time=2013-04-08_16:46:32.536411 form_email=test@test.com consume_time=0.0112578868866 accountid=0
[hades_req] userid=1317 uri=/account/choose_player player=1317_柏莎 time=2013-04-08_16:47:01.890829 consume_time=0.0115690231323 accountid=20
[hades_req] userid=1317 uri=/admin/enter mapname=city gsid=city@1 time=2013-04-08_16:47:10.773425 consume_time=0.00573992729187
[hades_req] consume_time=0.00409603118896 uri=/admin/leave time=2013-04-08_16:47:28.513925
[hades_req] userid=1172 uri=/scene/back_to_city time=2013-04-08_16:48:12.073289 consume_time=0.0128540992737 accountid=24
[hades_req] consume_time=0.00441002845764 uri=/admin/leave time=2013-04-08_16:48:12.288066
[hades_req] userid=1172 uri=/admin/enter mapname=city gsid=city@1 time=2013-04-08_16:48:14.827818 consume_time=0.00576901435852
[hades_req] ruler=dan03-huoshan1.xml userid=1172 uri=/scene/jump_to_quest_location time=2013-04-08_16:48:33.903092 map_name=huoshan1 consume_time=0.0579829216003 accountid=24
[hades_req] consume_time=0.00459694862366 uri=/admin/leave time=2013-04-08_16:48:34.091217
[hades_req] userid=1172 uri=/admin/enter mapname=huoshan1 gsid=huoshan1@2 time=2013-04-08_16:48:38.124592 consume_time=0.00558018684387
[hades_req] userid=594 uri=/account/choose_player player=594_卡罗琳 time=2013-04-08_16:49:32.068985 consume_time=0.010959148407 accountid=9
[hades_req] userid=594 uri=/admin/enter mapname=city gsid=city@1 time=2013-04-08_16:49:34.521492 consume_time=0.00635099411011
[hades_req] userid=594 uri=/scene/go_to_publicmine time=2013-04-08_16:49:37.133315 consume_time=0.0581619739532 accountid=9
[hades_req] consume_time=0.00537419319153 uri=/admin/leave time=2013-04-08_16:49:37.616621
[hades_req] accountid=63 userid=1265 uri=/blacksmith/combine time=2013-04-08_16:49:43.202926 consume_time=0.0165929794312 should_by_buy=1 combine_id=4001
[hades_req] userid=1172 uri=/scene/back_to_city time=2013-04-08_16:49:52.650928 consume_time=0.0142359733582 accountid=24
[hades_req] consume_time=0.00415301322937 uri=/admin/leave time=2013-04-08_16:49:52.820191
[hades_req] userid=1172 uri=/admin/enter mapname=city gsid=city@1 time=2013-04-08_16:49:55.070365 consume_time=0.00752592086792
[hades_req] accountid=63 userid=1265 uri=/blacksmith/combine time=2013-04-08_16:50:01.664120 consume_time=0.0141408443451 should_by_buy=0 combine_id=4002
[hades_req] ruler=dan04-yewai3.xml userid=1172 uri=/scene/jump_to_quest_location time=2013-04-08_16:50:20.698845 map_name=yewai3 consume_time=0.0502979755402 accountid=24
[hades_req] consume_time=0.00520896911621 uri=/admin/leave time=2013-04-08_16:50:20.885687
[hades_req] userid=1172 uri=/admin/enter mapname=yewai3 gsid=yewai3@1 time=2013-04-08_16:50:24.834540 consume_time=0.00646781921387
[hades_req] accountid=63 userid=1265 uri=/blacksmith/combine time=2013-04-08_16:50:44.798438 consume_time=0.015655040741 should_by_buy=1 combine_id=4003
[hades_req] accountid=63 userid=1265 uri=/blacksmith/combine time=2013-04-08_16:50:54.549118 consume_time=0.0162119865417 should_by_buy=1 combine_id=4013
[hades_req] accountid=63 userid=1265 uri=/blacksmith/combine time=2013-04-08_16:50:58.712540 consume_time=0.0146989822388 should_by_buy=1 combine_id=4014
[hades_req] accountid=63 userid=1265 uri=/blacksmith/combine time=2013-04-08_16:51:02.097036 consume_time=0.0141220092773 should_by_buy=1 combine_id=4004
[hades_req] user_login=登录 uri=/account/temp_login form_password=123456 time=2013-04-08_16:51:24.799605 form_email=test@test.com consume_time=0.00600695610046
[hades_req] userid=1317 uri=/account/choose_player player=1317_柏莎 time=2013-04-08_16:51:41.955090 consume_time=0.0126760005951 accountid=20
[hades_req] userid=1317 uri=/admin/enter mapname=city gsid=city@1 time=2013-04-08_16:51:45.822711 consume_time=0.00619792938232
[hades_req] userid=594 uri=/account/choose_player player=594_卡罗琳 time=2013-04-08_16:51:45.957196 consume_time=0.0123469829559 accountid=9
[hades_req] userid=594 uri=/admin/enter mapname=city gsid=city@1 time=2013-04-08_16:51:48.430406 consume_time=0.00682210922241
[hades_req] userid=594 uri=/scene/go_to_publicmine time=2013-04-08_16:51:51.046600 consume_time=0.016462802887 accountid=9
[hades_req] consume_time=0.0045599937439 uri=/admin/leave time=2013-04-08_16:51:51.523805
[hades_req] userid=1317 uri=/scene/go_to_publicmine time=2013-04-08_16:52:08.033889 consume_time=0.0154571533203 accountid=20
[hades_req] consume_time=0.00446605682373 uri=/admin/leave time=2013-04-08_16:52:08.322512
[hades_req] accountid=63 userid=1265 uri=/blacksmith/combine time=2013-04-08_16:52:13.473887 consume_time=0.0116789340973 should_by_buy=0 combine_id=5002
[hades_req] accountid=63 userid=1265 uri=/blacksmith/combine time=2013-04-08_16:52:14.574714 consume_time=0.0112330913544 should_by_buy=0 combine_id=5002
[hades_req] accountid=63 userid=1265 uri=/blacksmith/combine time=2013-04-08_16:52:15.392262 consume_time=0.0117189884186 should_by_buy=0 combine_id=5002
[hades_req] userid=1317 uri=/admin/enter mapname=gonggongditu gsid=gonggongditu@1 time=2013-04-08_16:52:17.667469 consume_time=0.00641393661499
[hades_req] userid=1172 uri=/scene/back_to_city time=2013-04-08_16:53:39.499616 consume_time=0.0148451328278 accountid=24
[hades_req] consume_time=0.00392913818359 uri=/admin/leave time=2013-04-08_16:53:39.706595
[hades_req] userid=1172 uri=/admin/enter mapname=city gsid=city@1 time=2013-04-08_16:53:41.839704 consume_time=0.00556492805481
[hades_req] userid=1154 uri=/account/choose_player player=1154_罗斯福 time=2013-04-08_16:53:43.434743 consume_time=0.0115039348602 accountid=9
[hades_req] userid=1154 uri=/admin/enter mapname=city gsid=city@1 time=2013-04-08_16:53:45.500719 consume_time=0.00532793998718
[hades_req] userid=1154 uri=/scene/go_to_publicmine time=2013-04-08_16:53:48.539498 consume_time=0.0147590637207 accountid=9
[hades_req] consume_time=0.0048930644989 uri=/admin/leave time=2013-04-08_16:53:48.909477
[hades_req] consume_time=0.00423002243042 uri=/admin/leave time=2013-04-08_16:53:56.601356
[hades_req] userid=1154 uri=/admin/enter mapname=gonggongditu gsid=gonggongditu@1 time=2013-04-08_16:53:56.993349 consume_time=0.00653290748596
[hades_req] userid=1172 uri=/blacksmith/enhance equipment_pos=equiped@body time=2013-04-08_16:54:06.333791 lucky_stone_pos=2 consume_time=0.030935049057 accountid=24
[hades_req] userid=1172 uri=/blacksmith/enhance equipment_pos=equiped@body time=2013-04-08_16:54:07.041260 lucky_stone_pos=2 consume_time=0.0375940799713 accountid=24
[hades_req] userid=1172 uri=/blacksmith/enhance equipment_pos=equiped@body time=2013-04-08_16:54:07.496611 lucky_stone_pos=2 consume_time=0.0276420116425 accountid=24
[hades_req] userid=1172 uri=/blacksmith/enhance equipment_pos=equiped@body time=2013-04-08_16:54:08.067657 lucky_stone_pos=2 consume_time=0.0310800075531 accountid=24
[hades_req] userid=1172 uri=/blacksmith/enhance equipment_pos=equiped@body time=2013-04-08_16:54:08.889827 lucky_stone_pos=2 consume_time=0.0343489646912 accountid=24
[hades_req] userid=1172 uri=/blacksmith/enhance equipment_pos=equiped@shoulders time=2013-04-08_16:54:31.287333 lucky_stone_pos=2 consume_time=0.0310518741608 accountid=24
[hades_req] userid=1172 uri=/blacksmith/enhance equipment_pos=equiped@shoulders time=2013-04-08_16:54:31.716167 lucky_stone_pos=2 consume_time=0.0284349918365 accountid=24
[hades_req] userid=1172 uri=/blacksmith/enhance equipment_pos=equiped@shoulders time=2013-04-08_16:54:32.139733 lucky_stone_pos=2 consume_time=0.0302970409393 accountid=24
[hades_req] userid=1172 uri=/blacksmith/enhance equipment_pos=equiped@shoulders time=2013-04-08_16:54:33.047386 lucky_stone_pos=2 consume_time=0.0277190208435 accountid=24
[hades_req] userid=1172 uri=/blacksmith/enhance equipment_pos=equiped@shoulders time=2013-04-08_16:54:33.467837 lucky_stone_pos=2 consume_time=0.0311110019684 accountid=24
[hades_req] userid=1172 uri=/blacksmith/enhance equipment_pos=equiped@head time=2013-04-08_16:54:42.901664 lucky_stone_pos=2 consume_time=0.0299890041351 accountid=24
[hades_req] userid=1172 uri=/blacksmith/enhance equipment_pos=equiped@head time=2013-04-08_16:54:43.393407 lucky_stone_pos=2 consume_time=0.0305881500244 accountid=24
[hades_req] userid=1172 uri=/blacksmith/enhance equipment_pos=equiped@head time=2013-04-08_16:54:43.883556 lucky_stone_pos=2 consume_time=0.0300769805908 accountid=24
[hades_req] userid=1172 uri=/blacksmith/enhance equipment_pos=equiped@head time=2013-04-08_16:54:44.402551 lucky_stone_pos=2 consume_time=0.0337700843811 accountid=24
[hades_req] userid=1172 uri=/blacksmith/enhance equipment_pos=equiped@head time=2013-04-08_16:54:44.766458 lucky_stone_pos=2 consume_time=0.0271890163422 accountid=24
[hades_req] ruler=dan05-yewai6.xml userid=1172 uri=/scene/jump_to_quest_location time=2013-04-08_16:54:51.627405 map_name=yewai6 consume_time=0.0556747913361 accountid=24
[hades_req] consume_time=0.00436210632324 uri=/admin/leave time=2013-04-08_16:54:51.801633
[hades_req] consume_time=0.00450897216797 uri=/admin/leave time=2013-04-08_16:54:54.296192
[hades_req] userid=1172 uri=/admin/enter mapname=yewai6 gsid=yewai6@1 time=2013-04-08_16:54:55.707464 consume_time=0.00644183158875
[hades_req] userid=1318 uri=/account/choose_player player=1318_琳达 time=2013-04-08_16:55:06.414050 consume_time=0.012403011322 accountid=87
[hades_req] userid=1318 uri=/admin/enter mapname=city gsid=city@1 time=2013-04-08_16:55:08.876150 consume_time=0.00776886940002
[hades_req] target_id=1354 userid=1318 uri=/friend/friend_request time=2013-04-08_16:55:20.125306 consume_time=0.0169479846954 accountid=87
[hades_req] userid=1318 uri=/package/sort time=2013-04-08_16:55:28.025128 consume_time=0.00610184669495 accountid=87
[hades_req] userid=1172 uri=/scene/back_to_city time=2013-04-08_16:56:42.623640 consume_time=0.0139489173889 accountid=24
[hades_req] consume_time=0.00530600547791 uri=/admin/leave time=2013-04-08_16:56:42.812339
[hades_req] userid=1172 uri=/admin/enter mapname=city gsid=city@1 time=2013-04-08_16:56:45.137549 consume_time=0.00558304786682
[hades_req] ruler=dan06-yewai4.xml userid=1172 uri=/scene/jump_to_quest_location time=2013-04-08_16:57:17.364323 map_name=yewai4 consume_time=0.0532710552216 accountid=24
[hades_req] consume_time=0.00418901443481 uri=/admin/leave time=2013-04-08_16:57:17.551903
[hades_req] userid=1172 uri=/admin/enter mapname=yewai4 gsid=yewai4@1 time=2013-04-08_16:57:21.633180 consume_time=0.00619292259216
[hades_req] userid=1172 uri=/blacksmith/enhance equipment_pos=equiped@shoes time=2013-04-08_16:58:58.688520 lucky_stone_pos=2 consume_time=0.0298869609833 accountid=24
[hades_req] userid=1172 uri=/blacksmith/enhance equipment_pos=equiped@shoes time=2013-04-08_16:58:59.892030 lucky_stone_pos=2 consume_time=0.0266139507294 accountid=24
[hades_req] userid=1172 uri=/blacksmith/enhance equipment_pos=equiped@shoes time=2013-04-08_16:59:00.946245 lucky_stone_pos=2 consume_time=0.0305910110474 accountid=24
[hades_req] userid=1172 uri=/blacksmith/enhance equipment_pos=equiped@shoes time=2013-04-08_16:59:01.958906 lucky_stone_pos=2 consume_time=0.0281231403351 accountid=24
[hades_req] userid=1172 uri=/blacksmith/enhance equipment_pos=equiped@shoes time=2013-04-08_16:59:03.760273 lucky_stone_pos=2 consume_time=0.0314848423004 accountid=24
[hades_req] consume_time=0.00609302520752 uri=/admin/leave time=2013-04-08_16:59:37.989051
