[hades_req] ruler=migong userid=1265 uri=/scene/jump_to_quest_location time=2013-04-02_19:00:24.792116 map_name=migong consume_time=0.0173518657684 accountid=63
[hades_req] consume_time=0.00481796264648 uri=/admin/leave time=2013-04-02_19:00:25.108214
[hades_req] userid=1265 uri=/admin/enter mapname=migong gsid=migong%401 time=2013-04-02_19:00:26.743554 consume_time=0.00652289390564
[hades_req] userid=1337 uri=/scene/back_to_city time=2013-04-02_19:03:04.109218 consume_time=0.0163140296936 accountid=25
[hades_req] consume_time=0.00433087348938 uri=/admin/leave time=2013-04-02_19:03:04.342425
[hades_req] userid=1337 uri=/admin/enter mapname=city gsid=city%401 time=2013-04-02_19:03:06.619815 consume_time=0.00885915756226
[hades_req] ruler=migong userid=1265 uri=/scene/jump_to_quest_location time=2013-04-02_19:11:56.757494 map_name=migong consume_time=0.0182628631592 accountid=63
[hades_req] consume_time=0.00445294380188 uri=/admin/leave time=2013-04-02_19:11:57.054366
[hades_req] userid=1265 uri=/admin/enter mapname=migong gsid=migong%401 time=2013-04-02_19:11:58.835718 consume_time=0.00599813461304
[hades_req] userid=1265 uri=/maze/revive revive_mod=free time=2013-04-02_19:12:38.213125 death_rule_type=maze consume_time=0.00645804405212 accountid=63
[hades_req] userid=1265 uri=/shortcut/set short_cut={"0":"0@3260013@true","1":"1@3290013@true","2":"2@3320013@true","3":"3@3350013@true","4":"4@102@false"} time=2013-04-02_19:14:14.990133 consume_time=0.00192904472351 accountid=63
[hades_req] consume_time=0.00443983078003 uri=/admin/leave time=2013-04-02_19:15:01.540492
[hades_req] ruler=migong userid=1265 uri=/scene/jump_to_quest_location time=2013-04-02_19:15:02.611786 map_name=migong consume_time=0.0193791389465 accountid=63
[hades_req] consume_time=0.00599098205566 uri=/admin/leave time=2013-04-02_19:15:02.965669
[hades_req] userid=1265 uri=/admin/enter mapname=migong gsid=migong%401 time=2013-04-02_19:15:04.682018 consume_time=0.00744104385376
[hades_req] userid=1265 uri=/maze/revive revive_mod=free time=2013-04-02_19:15:18.408650 death_rule_type=maze consume_time=0.00751185417175 accountid=63
[hades_req] userid=1265 uri=/package/sort time=2013-04-02_19:15:27.593894 consume_time=0.00665807723999 accountid=63
[hades_req] package_pos=0 userid=1265 uri=/package/unpack_bundle time=2013-04-02_19:15:30.949950 consume_time=0.0102250576019 accountid=63
[hades_req] userid=1265 uri=/maze/revive revive_mod=free time=2013-04-02_19:15:39.950579 death_rule_type=maze consume_time=0.00691890716553 accountid=63
[hades_req] userid=1265 uri=/scene/back_to_city time=2013-04-02_19:15:44.316108 consume_time=0.0135300159454 accountid=63
[hades_req] consume_time=0.00460815429688 uri=/admin/leave time=2013-04-02_19:15:44.633378
[hades_req] userid=1265 uri=/admin/enter mapname=city gsid=city%401 time=2013-04-02_19:15:46.764060 consume_time=0.00653505325317
[hades_req] userid=824 uri=/account/choose_player player=824_卡扎菲 time=2013-04-02_19:16:18.952813 consume_time=0.0116600990295 accountid=21
[hades_req] userid=824 uri=/admin/enter mapname=city gsid=city%401 time=2013-04-02_19:16:21.653061 consume_time=0.00691080093384
[hades_req] userid=824 uri=/trade/store/sell time=2013-04-02_19:20:24.242731 position=34 consume_time=0.00597906112671 accountid=21
[hades_req] userid=824 uri=/trade/store/sell time=2013-04-02_19:20:31.185155 position=6 consume_time=0.00519990921021 accountid=21
[hades_req] userid=824 uri=/trade/store/sell time=2013-04-02_19:20:32.067630 position=5 consume_time=0.00412583351135 accountid=21
[hades_req] userid=824 uri=/package/sort time=2013-04-02_19:20:33.489622 consume_time=0.00770902633667 accountid=21
[hades_req] userid=824 uri=/blacksmith/enhance equipment_pos=package@32 time=2013-04-02_19:20:53.291468 lucky_stone_pos=33 consume_time=0.0279860496521 accountid=21
[hades_req] userid=824 uri=/blacksmith/enhance equipment_pos=package@32 time=2013-04-02_19:20:53.977356 lucky_stone_pos=33 consume_time=0.0321259498596 accountid=21
[hades_req] userid=824 uri=/blacksmith/enhance equipment_pos=package@32 time=2013-04-02_19:20:54.659268 lucky_stone_pos=33 consume_time=0.0307531356812 accountid=21
[hades_req] userid=824 uri=/blacksmith/enhance equipment_pos=package@32 time=2013-04-02_19:20:55.358886 lucky_stone_pos=33 consume_time=0.0295221805573 accountid=21
[hades_req] userid=824 uri=/blacksmith/enhance equipment_pos=package@32 time=2013-04-02_19:20:56.044622 lucky_stone_pos=33 consume_time=0.031909942627 accountid=21
[hades_req] userid=824 uri=/trade/store/sell time=2013-04-02_19:21:00.783982 position=32 consume_time=0.00523805618286 accountid=21
[hades_req] ruler=dan03-huoshan1.xml userid=824 uri=/scene/jump_to_quest_location time=2013-04-02_19:21:36.197465 map_name=huoshan1 consume_time=0.0508079528809 accountid=21
[hades_req] consume_time=0.00431799888611 uri=/admin/leave time=2013-04-02_19:21:36.428053
[hades_req] userid=824 uri=/admin/enter mapname=huoshan1 gsid=huoshan1%401 time=2013-04-02_19:21:39.926787 consume_time=0.00999808311462
[hades_req] userid=824 uri=/scene/back_to_city time=2013-04-02_19:23:15.806068 consume_time=0.0147640705109 accountid=21
[hades_req] consume_time=0.00426387786865 uri=/admin/leave time=2013-04-02_19:23:16.049368
[hades_req] userid=824 uri=/admin/enter mapname=city gsid=city%401 time=2013-04-02_19:23:18.151596 consume_time=0.00652599334717
[hades_req] userid=824 target_id=1318 uri=/friend/friend_request time=2013-04-02_19:23:46.757703 consume_time=0.0169150829315 accountid=21
[hades_req] consume_time=0.00394701957703 uri=/admin/leave time=2013-04-02_19:23:55.912046
[hades_req] userid=824 uri=/exchange/exchange time=2013-04-02_19:24:40.615740 consume_time=0.00913715362549 accountid=21
[hades_req] userid=824 uri=/scene/go_to_boss time=2013-04-02_19:25:28.096984 consume_time=0.0731098651886 accountid=21
[hades_req] consume_time=0.00496411323547 uri=/admin/leave time=2013-04-02_19:25:28.372999
[hades_req] userid=824 uri=/admin/enter mapname=huoshan3 gsid=huoshan3%401 time=2013-04-02_19:25:31.427282 consume_time=0.00707817077637
[hades_req] userid=824 uri=/scene/back_to_city time=2013-04-02_19:25:59.871360 consume_time=0.0177278518677 accountid=21
[hades_req] consume_time=0.00483703613281 uri=/admin/leave time=2013-04-02_19:26:00.144390
[hades_req] userid=824 uri=/admin/enter mapname=city gsid=city%401 time=2013-04-02_19:26:02.069195 consume_time=0.00855612754822
[hades_req] userid=824 uri=/scene/go_to_boss time=2013-04-02_19:26:05.491774 consume_time=0.0389621257782 accountid=21
[hades_req] consume_time=0.00544404983521 uri=/admin/leave time=2013-04-02_19:26:05.753441
[hades_req] userid=824 uri=/admin/enter mapname=huoshan3 gsid=huoshan3%401 time=2013-04-02_19:26:07.518306 consume_time=0.00665998458862
[hades_req] userid=824 uri=/scene/back_to_city time=2013-04-02_19:26:10.772586 consume_time=0.0198488235474 accountid=21
[hades_req] consume_time=0.00436401367188 uri=/admin/leave time=2013-04-02_19:26:11.039250
[hades_req] userid=824 uri=/admin/enter mapname=city gsid=city%401 time=2013-04-02_19:26:13.024687 consume_time=0.00862097740173
[hades_req] npcid=2 userid=824 uri=/astrology/shortcut_start time=2013-04-02_19:28:54.184279 consume_time=0.166723966599 accountid=21
[hades_req] userid=824 uri=/astrology/shortcut_sell time=2013-04-02_19:28:58.628327 consume_time=0.0100150108337 accountid=21
[hades_req] userid=1337 uri=/exchange/exchange time=2013-04-02_19:29:01.451043 consume_time=0.0129880905151 accountid=25
[hades_req] sure=false userid=824 uri=/astrology/shortcut_combine time=2013-04-02_19:29:04.025177 consume_time=0.00731706619263 type=astrology accountid=21
[hades_req] sure=true userid=824 uri=/astrology/shortcut_combine time=2013-04-02_19:29:05.175265 consume_time=0.00875782966614 type=astrology accountid=21
[hades_req] uri=/astrology/collect userid=824 pos=0 time=2013-04-02_19:29:07.590770 consume_time=0.00839781761169 accountid=21
[hades_req] userid=1337 uri=/blacksmith/enhance equipment_pos=equiped@legs time=2013-04-02_19:29:11.335854 lucky_stone_pos=16 consume_time=0.0309998989105 accountid=25
[hades_req] userid=824 pos=4 equip_pos=1 uri=/astrology/equip time=2013-04-02_19:29:11.402917 consume_time=0.0121428966522 accountid=21
[hades_req] userid=1337 uri=/blacksmith/enhance equipment_pos=equiped@legs time=2013-04-02_19:29:12.218130 lucky_stone_pos=16 consume_time=0.0306560993195 accountid=25
[hades_req] userid=1337 uri=/blacksmith/enhance equipment_pos=equiped@legs time=2013-04-02_19:29:12.956731 lucky_stone_pos=16 consume_time=0.0357098579407 accountid=25
[hades_req] userid=1337 uri=/blacksmith/enhance equipment_pos=equiped@legs time=2013-04-02_19:29:13.935142 lucky_stone_pos=16 consume_time=0.0312881469727 accountid=25
[hades_req] userid=1337 uri=/blacksmith/enhance equipment_pos=equiped@legs time=2013-04-02_19:29:14.569270 lucky_stone_pos=16 consume_time=0.0297679901123 accountid=25
[hades_req] userid=1337 uri=/blacksmith/enhance equipment_pos=equiped@legs time=2013-04-02_19:29:15.219666 lucky_stone_pos=16 consume_time=0.0315408706665 accountid=25
[hades_req] userid=1337 uri=/blacksmith/enhance equipment_pos=equiped@legs time=2013-04-02_19:29:15.917941 lucky_stone_pos=16 consume_time=0.0307841300964 accountid=25
[hades_req] sure=false userid=824 uri=/astrology/shortcut_combine time=2013-04-02_19:29:16.558453 consume_time=0.00897002220154 type=crystal accountid=21
[hades_req] userid=1337 uri=/blacksmith/enhance equipment_pos=equiped@legs time=2013-04-02_19:29:16.685462 lucky_stone_pos=16 consume_time=0.0298569202423 accountid=25
[hades_req] userid=1337 uri=/blacksmith/enhance equipment_pos=equiped@legs time=2013-04-02_19:29:17.352481 lucky_stone_pos=16 consume_time=0.0308101177216 accountid=25
[hades_req] userid=1337 uri=/blacksmith/enhance equipment_pos=equiped@legs time=2013-04-02_19:29:18.102913 lucky_stone_pos=16 consume_time=0.0312790870667 accountid=25
[hades_req] sure=true userid=824 uri=/astrology/shortcut_combine time=2013-04-02_19:29:18.223017 consume_time=0.00767087936401 type=crystal accountid=21
[hades_req] userid=1337 uri=/blacksmith/enhance equipment_pos=equiped@legs time=2013-04-02_19:29:18.950275 lucky_stone_pos=16 consume_time=0.0287091732025 accountid=25
[hades_req] userid=1337 uri=/blacksmith/enhance equipment_pos=equiped@left_hand time=2013-04-02_19:29:28.585084 lucky_stone_pos=16 consume_time=0.0306169986725 accountid=25
[hades_req] userid=1337 uri=/blacksmith/enhance equipment_pos=equiped@left_hand time=2013-04-02_19:29:29.434123 lucky_stone_pos=16 consume_time=0.0299279689789 accountid=25
[hades_req] userid=1337 uri=/blacksmith/enhance equipment_pos=equiped@left_hand time=2013-04-02_19:29:30.318080 lucky_stone_pos=16 consume_time=0.0308191776276 accountid=25
[hades_req] userid=1337 uri=/blacksmith/enhance equipment_pos=equiped@left_hand time=2013-04-02_19:29:31.103997 lucky_stone_pos=16 consume_time=0.0331461429596 accountid=25
[hades_req] userid=1337 uri=/blacksmith/enhance equipment_pos=equiped@left_hand time=2013-04-02_19:29:31.805110 lucky_stone_pos=16 consume_time=0.0341048240662 accountid=25
[hades_req] userid=1337 uri=/blacksmith/enhance equipment_pos=equiped@left_hand time=2013-04-02_19:29:32.537218 lucky_stone_pos=16 consume_time=0.03209400177 accountid=25
[hades_req] npcid=2 userid=824 uri=/astrology/shortcut_start time=2013-04-02_19:29:32.997506 consume_time=0.148466110229 accountid=21
[hades_req] userid=824 uri=/astrology/shortcut_sell time=2013-04-02_19:29:33.676176 consume_time=0.0104699134827 accountid=21
[hades_req] userid=1337 uri=/blacksmith/enhance equipment_pos=equiped@left_hand time=2013-04-02_19:29:34.866044 lucky_stone_pos=16 consume_time=0.0293509960175 accountid=25
[hades_req] sure=false userid=824 uri=/astrology/shortcut_combine time=2013-04-02_19:29:35.374190 consume_time=0.00818300247192 type=astrology accountid=21
[hades_req] userid=1337 uri=/blacksmith/enhance equipment_pos=equiped@left_hand time=2013-04-02_19:29:35.652545 lucky_stone_pos=16 consume_time=0.0317778587341 accountid=25
[hades_req] userid=1337 uri=/blacksmith/enhance equipment_pos=equiped@left_hand time=2013-04-02_19:29:36.387646 lucky_stone_pos=16 consume_time=0.0329148769379 accountid=25
[hades_req] sure=true userid=824 uri=/astrology/shortcut_combine time=2013-04-02_19:29:36.662427 consume_time=0.0105249881744 type=astrology accountid=21
[hades_req] userid=1337 uri=/blacksmith/enhance equipment_pos=equiped@left_hand time=2013-04-02_19:29:37.138029 lucky_stone_pos=16 consume_time=0.0333049297333 accountid=25
[hades_req] npcid=2 userid=824 uri=/astrology/shortcut_start time=2013-04-02_19:29:37.426864 consume_time=0.142675876617 accountid=21
[hades_req] userid=1337 uri=/blacksmith/enhance equipment_pos=equiped@left_hand time=2013-04-02_19:29:37.915925 lucky_stone_pos=16 consume_time=0.029287815094 accountid=25
[hades_req] userid=824 uri=/astrology/shortcut_sell time=2013-04-02_19:29:38.042268 consume_time=0.00999021530151 accountid=21
[hades_req] sure=false userid=824 uri=/astrology/shortcut_combine time=2013-04-02_19:29:39.840338 consume_time=0.00832390785217 type=astrology accountid=21
[hades_req] sure=true userid=824 uri=/astrology/shortcut_combine time=2013-04-02_19:29:41.108575 consume_time=0.00920796394348 type=astrology accountid=21
[hades_req] npcid=3 userid=824 uri=/astrology/shortcut_start time=2013-04-02_19:29:41.850603 consume_time=0.152148962021 accountid=21
[hades_req] userid=824 uri=/astrology/shortcut_sell time=2013-04-02_19:29:42.473076 consume_time=0.00797986984253 accountid=21
[hades_req] sure=false userid=824 uri=/astrology/shortcut_combine time=2013-04-02_19:29:43.443496 consume_time=0.00626993179321 type=astrology accountid=21
[hades_req] sure=true userid=824 uri=/astrology/shortcut_combine time=2013-04-02_19:29:44.791557 consume_time=0.00873613357544 type=astrology accountid=21
[hades_req] npcid=2 userid=824 uri=/astrology/shortcut_start time=2013-04-02_19:29:45.493497 consume_time=0.145219802856 accountid=21
[hades_req] userid=824 uri=/astrology/shortcut_sell time=2013-04-02_19:29:46.157501 consume_time=0.00864410400391 accountid=21
[hades_req] sure=false userid=824 uri=/astrology/shortcut_combine time=2013-04-02_19:29:47.179043 consume_time=0.0109250545502 type=astrology accountid=21
[hades_req] sure=true userid=824 uri=/astrology/shortcut_combine time=2013-04-02_19:29:48.540927 consume_time=0.00983905792236 type=astrology accountid=21
[hades_req] npcid=1 userid=824 uri=/astrology/shortcut_start time=2013-04-02_19:29:49.302516 consume_time=0.170830965042 accountid=21
[hades_req] userid=824 uri=/astrology/shortcut_sell time=2013-04-02_19:29:49.959756 consume_time=0.00867509841919 accountid=21
[hades_req] sure=false userid=824 uri=/astrology/shortcut_combine time=2013-04-02_19:29:55.080988 consume_time=0.00800585746765 type=astrology accountid=21
[hades_req] sure=true userid=824 uri=/astrology/shortcut_combine time=2013-04-02_19:29:56.589604 consume_time=0.00831508636475 type=astrology accountid=21
[hades_req] userid=824 uri=/astrology/shortcut_collect time=2013-04-02_19:29:59.055251 consume_time=0.00719499588013 accountid=21
[hades_req] sure=false first_pos=1 userid=824 uri=/astrology/combine second_pos=0 time=2013-04-02_19:30:01.922153 consume_time=0.00707006454468 accountid=21
[hades_req] sure=true first_pos=1 userid=824 uri=/astrology/combine second_pos=0 time=2013-04-02_19:30:03.528212 consume_time=0.00631809234619 accountid=21
[hades_req] count=3 userid=824 uri=/astrology/enlarge_package time=2013-04-02_19:30:06.804916 consume_time=0.00741195678711 accountid=21
[hades_req] userid=824 pos=1 equip_pos=2 uri=/astrology/equip time=2013-04-02_19:30:16.725864 consume_time=0.0110220909119 accountid=21
[hades_req] uri=/astrology/unequip userid=824 pos=0 time=2013-04-02_19:30:18.272783 equipped_pos=2 consume_time=0.00877594947815 accountid=21
[hades_req] userid=824 pos=0 equip_pos=2 uri=/astrology/equip time=2013-04-02_19:30:19.843168 consume_time=0.0115458965302 accountid=21
[hades_req] npcid=1 userid=824 uri=/astrology/shortcut_start time=2013-04-02_19:30:24.059443 consume_time=0.17912197113 accountid=21
[hades_req] userid=824 uri=/astrology/shortcut_sell time=2013-04-02_19:30:25.006291 consume_time=0.00965905189514 accountid=21
[hades_req] sure=false userid=824 uri=/astrology/shortcut_combine time=2013-04-02_19:30:26.415235 consume_time=0.00640797615051 type=astrology accountid=21
[hades_req] sure=true userid=824 uri=/astrology/shortcut_combine time=2013-04-02_19:30:27.671964 consume_time=0.00761294364929 type=astrology accountid=21
[hades_req] npcid=3 userid=824 uri=/astrology/shortcut_start time=2013-04-02_19:30:28.368811 consume_time=0.154895067215 accountid=21
[hades_req] userid=824 uri=/astrology/shortcut_sell time=2013-04-02_19:30:29.240924 consume_time=0.00862193107605 accountid=21
[hades_req] sure=false userid=824 uri=/astrology/shortcut_combine time=2013-04-02_19:30:30.324731 consume_time=0.00863599777222 type=astrology accountid=21
[hades_req] sure=true userid=824 uri=/astrology/shortcut_combine time=2013-04-02_19:30:31.724391 consume_time=0.0105159282684 type=astrology accountid=21
[hades_req] npcid=1 userid=824 uri=/astrology/shortcut_start time=2013-04-02_19:30:32.524821 consume_time=0.161099910736 accountid=21
[hades_req] userid=824 uri=/astrology/shortcut_sell time=2013-04-02_19:30:33.239499 consume_time=0.00930285453796 accountid=21
[hades_req] sure=false userid=824 uri=/astrology/shortcut_combine time=2013-04-02_19:30:34.721202 consume_time=0.00679111480713 type=astrology accountid=21
[hades_req] sure=true userid=824 uri=/astrology/shortcut_combine time=2013-04-02_19:30:35.872744 consume_time=0.00769186019897 type=astrology accountid=21
[hades_req] uri=/astrology/collect userid=824 pos=0 time=2013-04-02_19:30:36.972925 consume_time=0.00875115394592 accountid=21
[hades_req] userid=824 pos=0 equip_pos=3 uri=/astrology/equip time=2013-04-02_19:30:41.808919 consume_time=0.0116930007935 accountid=21
[hades_req] npcid=2 userid=824 uri=/astrology/shortcut_start time=2013-04-02_19:30:45.338722 consume_time=0.155936002731 accountid=21
[hades_req] userid=824 uri=/astrology/shortcut_sell time=2013-04-02_19:30:46.209248 consume_time=0.0102479457855 accountid=21
[hades_req] sure=false userid=824 uri=/astrology/shortcut_combine time=2013-04-02_19:30:47.571929 consume_time=0.00827503204346 type=astrology accountid=21
[hades_req] sure=true userid=824 uri=/astrology/shortcut_combine time=2013-04-02_19:30:48.912208 consume_time=0.00804805755615 type=astrology accountid=21
[hades_req] npcid=1 userid=824 uri=/astrology/shortcut_start time=2013-04-02_19:30:49.673618 consume_time=0.160477161407 accountid=21
[hades_req] userid=824 uri=/astrology/shortcut_sell time=2013-04-02_19:30:50.373527 consume_time=0.00927901268005 accountid=21
[hades_req] sure=false userid=824 uri=/astrology/shortcut_combine time=2013-04-02_19:30:51.438693 consume_time=0.00708603858948 type=astrology accountid=21
[hades_req] sure=true userid=824 uri=/astrology/shortcut_combine time=2013-04-02_19:30:52.595767 consume_time=0.00882291793823 type=astrology accountid=21
[hades_req] npcid=1 userid=824 uri=/astrology/shortcut_start time=2013-04-02_19:30:53.246864 consume_time=0.150295972824 accountid=21
[hades_req] userid=824 uri=/astrology/shortcut_sell time=2013-04-02_19:30:53.825422 consume_time=0.00886797904968 accountid=21
[hades_req] sure=false userid=824 uri=/astrology/shortcut_combine time=2013-04-02_19:30:54.687178 consume_time=0.00717091560364 type=astrology accountid=21
[hades_req] sure=true userid=824 uri=/astrology/shortcut_combine time=2013-04-02_19:30:55.837723 consume_time=0.00782299041748 type=astrology accountid=21
[hades_req] npcid=1 userid=824 uri=/astrology/shortcut_start time=2013-04-02_19:30:56.440607 consume_time=0.143047094345 accountid=21
[hades_req] userid=824 uri=/astrology/shortcut_sell time=2013-04-02_19:30:57.177646 consume_time=0.0116939544678 accountid=21
[hades_req] sure=false userid=824 uri=/astrology/shortcut_combine time=2013-04-02_19:30:57.971000 consume_time=0.00694799423218 type=astrology accountid=21
[hades_req] sure=true userid=824 uri=/astrology/shortcut_combine time=2013-04-02_19:30:59.334401 consume_time=0.00941205024719 type=astrology accountid=21
[hades_req] npcid=1 userid=824 uri=/astrology/shortcut_start time=2013-04-02_19:31:12.740080 consume_time=0.160161018372 accountid=21
[hades_req] userid=824 uri=/astrology/shortcut_sell time=2013-04-02_19:31:13.708789 consume_time=0.00985598564148 accountid=21
[hades_req] sure=false userid=824 uri=/astrology/shortcut_combine time=2013-04-02_19:31:15.277520 consume_time=0.0101430416107 type=astrology accountid=21
[hades_req] sure=true userid=824 uri=/astrology/shortcut_combine time=2013-04-02_19:31:16.566520 consume_time=0.0130200386047 type=astrology accountid=21
[hades_req] npcid=2 userid=824 uri=/astrology/shortcut_start time=2013-04-02_19:31:17.338580 consume_time=0.159347057343 accountid=21
[hades_req] userid=824 uri=/astrology/shortcut_sell time=2013-04-02_19:31:18.307564 consume_time=0.00935292243958 accountid=21
[hades_req] sure=false userid=824 uri=/astrology/shortcut_combine time=2013-04-02_19:31:19.220691 consume_time=0.00864696502686 type=astrology accountid=21
[hades_req] sure=true userid=824 uri=/astrology/shortcut_combine time=2013-04-02_19:31:20.577654 consume_time=0.00885486602783 type=astrology accountid=21
[hades_req] npcid=3 userid=824 uri=/astrology/shortcut_start time=2013-04-02_19:31:21.282303 consume_time=0.153330087662 accountid=21
[hades_req] userid=824 uri=/astrology/shortcut_sell time=2013-04-02_19:31:21.907648 consume_time=0.0098979473114 accountid=21
[hades_req] sure=false userid=824 uri=/astrology/shortcut_combine time=2013-04-02_19:31:22.620377 consume_time=0.00773906707764 type=astrology accountid=21
[hades_req] sure=true userid=824 uri=/astrology/shortcut_combine time=2013-04-02_19:31:23.970278 consume_time=0.00770211219788 type=astrology accountid=21
[hades_req] npcid=1 userid=824 uri=/astrology/shortcut_start time=2013-04-02_19:31:24.698811 consume_time=0.136900901794 accountid=21
[hades_req] userid=824 uri=/astrology/shortcut_sell time=2013-04-02_19:31:25.341651 consume_time=0.00919914245605 accountid=21
[hades_req] sure=false userid=824 uri=/astrology/shortcut_combine time=2013-04-02_19:31:26.113176 consume_time=0.00728702545166 type=astrology accountid=21
[hades_req] sure=true userid=824 uri=/astrology/shortcut_combine time=2013-04-02_19:31:27.809214 consume_time=0.00753784179688 type=astrology accountid=21
[hades_req] npcid=2 userid=824 uri=/astrology/shortcut_start time=2013-04-02_19:31:28.533535 consume_time=0.155068874359 accountid=21
[hades_req] userid=824 uri=/astrology/shortcut_sell time=2013-04-02_19:31:29.186714 consume_time=0.0081250667572 accountid=21
[hades_req] sure=false userid=824 uri=/astrology/shortcut_combine time=2013-04-02_19:31:29.977182 consume_time=0.00931286811829 type=astrology accountid=21
[hades_req] sure=true userid=824 uri=/astrology/shortcut_combine time=2013-04-02_19:31:31.154325 consume_time=0.00838994979858 type=astrology accountid=21
[hades_req] npcid=3 userid=824 uri=/astrology/shortcut_start time=2013-04-02_19:31:31.958830 consume_time=0.146005153656 accountid=21
[hades_req] userid=824 uri=/astrology/shortcut_sell time=2013-04-02_19:31:33.074226 consume_time=0.00984621047974 accountid=21
[hades_req] sure=false userid=824 uri=/astrology/shortcut_combine time=2013-04-02_19:31:33.990088 consume_time=0.0089168548584 type=astrology accountid=21
[hades_req] sure=true userid=824 uri=/astrology/shortcut_combine time=2013-04-02_19:31:35.203846 consume_time=0.00830793380737 type=astrology accountid=21
[hades_req] npcid=1 userid=824 uri=/astrology/shortcut_start time=2013-04-02_19:31:35.992730 consume_time=0.147593021393 accountid=21
[hades_req] userid=824 uri=/astrology/shortcut_sell time=2013-04-02_19:31:36.755861 consume_time=0.0105020999908 accountid=21
[hades_req] sure=false userid=824 uri=/astrology/shortcut_combine time=2013-04-02_19:31:37.641706 consume_time=0.0103321075439 type=astrology accountid=21
[hades_req] sure=true userid=824 uri=/astrology/shortcut_combine time=2013-04-02_19:31:38.791122 consume_time=0.0120658874512 type=astrology accountid=21
[hades_req] npcid=1 userid=824 uri=/astrology/shortcut_start time=2013-04-02_19:31:39.425829 consume_time=0.145994186401 accountid=21
[hades_req] userid=824 uri=/astrology/shortcut_sell time=2013-04-02_19:31:40.452286 consume_time=0.00771617889404 accountid=21
[hades_req] sure=false userid=824 uri=/astrology/shortcut_combine time=2013-04-02_19:31:41.352868 consume_time=0.00672912597656 type=astrology accountid=21
[hades_req] sure=true userid=824 uri=/astrology/shortcut_combine time=2013-04-02_19:31:42.520465 consume_time=0.00776100158691 type=astrology accountid=21
[hades_req] npcid=1 userid=824 uri=/astrology/shortcut_start time=2013-04-02_19:31:43.171131 consume_time=0.140860080719 accountid=21
[hades_req] userid=824 uri=/astrology/shortcut_sell time=2013-04-02_19:31:44.070674 consume_time=0.0091450214386 accountid=21
[hades_req] npcid=3 userid=824 uri=/astrology/shortcut_start time=2013-04-02_19:31:45.826383 consume_time=0.131020069122 accountid=21
[hades_req] userid=824 uri=/astrology/shortcut_sell time=2013-04-02_19:31:46.709734 consume_time=0.0104370117188 accountid=21
[hades_req] sure=false userid=824 uri=/astrology/shortcut_combine time=2013-04-02_19:31:47.370657 consume_time=0.00833201408386 type=astrology accountid=21
[hades_req] sure=true userid=824 uri=/astrology/shortcut_combine time=2013-04-02_19:31:48.812176 consume_time=0.0102829933167 type=astrology accountid=21
[hades_req] npcid=1 userid=824 uri=/astrology/shortcut_start time=2013-04-02_19:31:49.571508 consume_time=0.159693002701 accountid=21
[hades_req] userid=824 uri=/astrology/shortcut_sell time=2013-04-02_19:31:51.004822 consume_time=0.00939512252808 accountid=21
[hades_req] sure=false userid=824 uri=/astrology/shortcut_combine time=2013-04-02_19:31:51.792342 consume_time=0.00685095787048 type=astrology accountid=21
[hades_req] sure=true userid=824 uri=/astrology/shortcut_combine time=2013-04-02_19:31:52.952903 consume_time=0.00730013847351 type=astrology accountid=21
[hades_req] npcid=1 userid=824 uri=/astrology/shortcut_start time=2013-04-02_19:31:53.722477 consume_time=0.161015987396 accountid=21
[hades_req] userid=824 uri=/astrology/shortcut_sell time=2013-04-02_19:31:54.571512 consume_time=0.00885105133057 accountid=21
[hades_req] npcid=1 userid=824 uri=/astrology/shortcut_start time=2013-04-02_19:31:55.709071 consume_time=0.129922866821 accountid=21
[hades_req] userid=824 uri=/astrology/shortcut_sell time=2013-04-02_19:31:56.705227 consume_time=0.00984287261963 accountid=21
[hades_req] npcid=2 userid=824 uri=/astrology/shortcut_start time=2013-04-02_19:31:57.440402 consume_time=0.0782968997955 accountid=21
[hades_req] userid=824 uri=/astrology/shortcut_sell time=2013-04-02_19:31:58.156070 consume_time=0.0101161003113 accountid=21
[hades_req] npcid=2 userid=824 uri=/astrology/shortcut_start time=2013-04-02_19:31:58.876012 consume_time=0.0450940132141 accountid=21
[hades_req] userid=824 uri=/astrology/shortcut_sell time=2013-04-02_19:31:59.622037 consume_time=0.00984907150269 accountid=21
[hades_req] sure=false userid=824 uri=/astrology/shortcut_combine time=2013-04-02_19:32:00.605707 consume_time=0.00909209251404 type=astrology accountid=21
[hades_req] sure=true userid=824 uri=/astrology/shortcut_combine time=2013-04-02_19:32:02.088047 consume_time=0.00992393493652 type=astrology accountid=21
[hades_req] npcid=2 userid=824 uri=/astrology/shortcut_start time=2013-04-02_19:32:03.089024 consume_time=0.156092882156 accountid=21
[hades_req] userid=824 uri=/astrology/shortcut_sell time=2013-04-02_19:32:04.254980 consume_time=0.0105760097504 accountid=21
[hades_req] sure=false userid=824 uri=/astrology/shortcut_combine time=2013-04-02_19:32:05.722858 consume_time=0.0101540088654 type=astrology accountid=21
[hades_req] sure=true userid=824 uri=/astrology/shortcut_combine time=2013-04-02_19:32:06.908821 consume_time=0.00767683982849 type=astrology accountid=21
[hades_req] npcid=2 userid=824 uri=/astrology/shortcut_start time=2013-04-02_19:32:07.531349 consume_time=0.153023958206 accountid=21
[hades_req] userid=824 uri=/astrology/shortcut_sell time=2013-04-02_19:32:08.441189 consume_time=0.0109620094299 accountid=21
[hades_req] npcid=1 userid=824 uri=/astrology/shortcut_start time=2013-04-02_19:32:09.415481 consume_time=0.0700421333313 accountid=21
[hades_req] userid=824 uri=/astrology/shortcut_sell time=2013-04-02_19:32:10.171749 consume_time=0.0104060173035 accountid=21
[hades_req] sure=false userid=824 uri=/astrology/shortcut_combine time=2013-04-02_19:32:10.884579 consume_time=0.00767803192139 type=astrology accountid=21
[hades_req] sure=true userid=824 uri=/astrology/shortcut_combine time=2013-04-02_19:32:12.165242 consume_time=0.00946187973022 type=astrology accountid=21
[hades_req] npcid=2 userid=824 uri=/astrology/shortcut_start time=2013-04-02_19:32:12.976085 consume_time=0.148259162903 accountid=21
[hades_req] userid=824 uri=/astrology/shortcut_sell time=2013-04-02_19:32:13.740597 consume_time=0.0109119415283 accountid=21
[hades_req] npcid=1 userid=824 uri=/astrology/shortcut_start time=2013-04-02_19:32:14.804286 consume_time=0.0934331417084 accountid=21
[hades_req] userid=824 uri=/astrology/shortcut_sell time=2013-04-02_19:32:15.574816 consume_time=0.0109248161316 accountid=21
[hades_req] sure=false userid=824 uri=/astrology/shortcut_combine time=2013-04-02_19:32:16.353277 consume_time=0.00790095329285 type=astrology accountid=21
[hades_req] sure=true userid=824 uri=/astrology/shortcut_combine time=2013-04-02_19:32:17.494717 consume_time=0.00847291946411 type=astrology accountid=21
[hades_req] npcid=1 userid=824 uri=/astrology/shortcut_start time=2013-04-02_19:32:18.137181 consume_time=0.142959117889 accountid=21
[hades_req] userid=824 uri=/astrology/shortcut_sell time=2013-04-02_19:32:18.987925 consume_time=0.00880694389343 accountid=21
[hades_req] npcid=1 userid=824 uri=/astrology/shortcut_start time=2013-04-02_19:32:20.064457 consume_time=0.115087032318 accountid=21
[hades_req] userid=824 uri=/astrology/shortcut_sell time=2013-04-02_19:32:21.020779 consume_time=0.00885391235352 accountid=21
[hades_req] npcid=3 userid=824 uri=/astrology/shortcut_start time=2013-04-02_19:32:21.987689 consume_time=0.077152967453 accountid=21
[hades_req] userid=824 uri=/astrology/shortcut_sell time=2013-04-02_19:32:22.673622 consume_time=0.0105719566345 accountid=21
[hades_req] npcid=1 userid=824 uri=/astrology/shortcut_start time=2013-04-02_19:32:23.838770 consume_time=0.060338973999 accountid=21
[hades_req] userid=824 uri=/astrology/shortcut_sell time=2013-04-02_19:32:24.454905 consume_time=0.0108141899109 accountid=21
[hades_req] sure=false userid=824 uri=/astrology/shortcut_combine time=2013-04-02_19:32:25.471174 consume_time=0.009033203125 type=astrology accountid=21
[hades_req] sure=true userid=824 uri=/astrology/shortcut_combine time=2013-04-02_19:32:26.789138 consume_time=0.0114090442657 type=astrology accountid=21
[hades_req] npcid=1 userid=824 uri=/astrology/shortcut_start time=2013-04-02_19:32:27.657149 consume_time=0.163455963135 accountid=21
[hades_req] userid=824 uri=/astrology/shortcut_sell time=2013-04-02_19:32:29.421226 consume_time=0.00972986221313 accountid=21
[hades_req] npcid=3 userid=824 uri=/astrology/shortcut_start time=2013-04-02_19:32:30.174151 consume_time=0.0966639518738 accountid=21
[hades_req] userid=824 uri=/astrology/shortcut_sell time=2013-04-02_19:32:32.053166 consume_time=0.00922513008118 accountid=21
[hades_req] uri=/astrology/collect userid=824 pos=3 time=2013-04-02_19:32:36.983932 consume_time=0.00740814208984 accountid=21
[hades_req] sure=false userid=824 uri=/astrology/shortcut_combine time=2013-04-02_19:32:38.293892 consume_time=0.0110669136047 type=astrology accountid=21
[hades_req] sure=true userid=824 uri=/astrology/shortcut_combine time=2013-04-02_19:32:39.455367 consume_time=0.0117621421814 type=astrology accountid=21
[hades_req] userid=824 pos=0 equip_pos=4 uri=/astrology/equip time=2013-04-02_19:32:46.597540 consume_time=0.0105168819427 accountid=21
[hades_req] ruler=dan15-privatemine1.xml userid=1337 uri=/scene/jump_to_quest_location time=2013-04-02_19:32:48.520447 map_name=privatemine1 consume_time=0.0542449951172 accountid=25
[hades_req] consume_time=0.00395798683167 uri=/admin/leave time=2013-04-02_19:32:48.763462
[hades_req] userid=1337 uri=/admin/enter mapname=privatemine1 gsid=privatemine1%401 time=2013-04-02_19:32:51.858493 consume_time=0.00693392753601
[hades_req] uri=/astrology/collect userid=824 pos=0 time=2013-04-02_19:32:53.198794 consume_time=0.00609493255615 accountid=21
[hades_req] userid=824 pos=0 equip_pos=5 uri=/astrology/equip time=2013-04-02_19:32:55.366831 consume_time=0.00576210021973 accountid=21
[hades_req] userid=824 pos=0 equip_pos=5 uri=/astrology/equip time=2013-04-02_19:32:57.849381 consume_time=0.00591015815735 accountid=21
[hades_req] uri=/astrology/unequip userid=824 pos=1 time=2013-04-02_19:33:06.794101 equipped_pos=2 consume_time=0.00935101509094 accountid=21
[hades_req] sure=false first_pos=1 userid=824 uri=/astrology/combine second_pos=0 time=2013-04-02_19:33:07.918023 consume_time=0.00766587257385 accountid=21
[hades_req] sure=true first_pos=1 userid=824 uri=/astrology/combine second_pos=0 time=2013-04-02_19:33:09.125320 consume_time=0.0165491104126 accountid=21
[hades_req] userid=824 pos=1 equip_pos=2 uri=/astrology/equip time=2013-04-02_19:33:10.513667 consume_time=0.0126321315765 accountid=21
[hades_req] npcid=4 userid=824 uri=/astrology/shortcut_start time=2013-04-02_19:33:12.463201 consume_time=0.168121099472 accountid=21
[hades_req] userid=824 uri=/astrology/shortcut_sell time=2013-04-02_19:33:13.419806 consume_time=0.0098090171814 accountid=21
[hades_req] npcid=1 userid=824 uri=/astrology/shortcut_start time=2013-04-02_19:33:14.472026 consume_time=0.0962691307068 accountid=21
[hades_req] userid=824 uri=/astrology/shortcut_sell time=2013-04-02_19:33:15.952999 consume_time=0.00967001914978 accountid=21
[hades_req] npcid=3 userid=824 uri=/astrology/shortcut_start time=2013-04-02_19:33:16.672532 consume_time=0.0786321163177 accountid=21
[hades_req] userid=824 uri=/astrology/shortcut_sell time=2013-04-02_19:33:17.318101 consume_time=0.00908899307251 accountid=21
[hades_req] npcid=1 userid=824 uri=/astrology/shortcut_start time=2013-04-02_19:33:18.017250 consume_time=0.0569558143616 accountid=21
[hades_req] userid=824 uri=/astrology/shortcut_sell time=2013-04-02_19:33:18.555491 consume_time=0.0111861228943 accountid=21
[hades_req] sure=false userid=824 uri=/astrology/shortcut_combine time=2013-04-02_19:33:19.068628 consume_time=0.00784420967102 type=astrology accountid=21
[hades_req] sure=true userid=824 uri=/astrology/shortcut_combine time=2013-04-02_19:33:20.384050 consume_time=0.00833082199097 type=astrology accountid=21
[hades_req] npcid=1 userid=824 uri=/astrology/shortcut_start time=2013-04-02_19:33:21.852526 consume_time=0.160326957703 accountid=21
[hades_req] userid=824 uri=/astrology/shortcut_sell time=2013-04-02_19:33:22.971294 consume_time=0.0105788707733 accountid=21
[hades_req] sure=false userid=824 uri=/astrology/shortcut_combine time=2013-04-02_19:33:28.715630 consume_time=0.0068781375885 type=astrology accountid=21
[hades_req] sure=true userid=824 uri=/astrology/shortcut_combine time=2013-04-02_19:33:29.916580 consume_time=0.00748109817505 type=astrology accountid=21
[hades_req] userid=824 uri=/astrology/buy shop_id=1002 time=2013-04-02_19:33:38.204814 consume_time=0.0125188827515 accountid=21
[hades_req] userid=824 uri=/astrology/buy shop_id=1008 time=2013-04-02_19:33:46.404316 consume_time=0.0130321979523 accountid=21
[hades_req] uri=/astrology/collect userid=824 pos=0 time=2013-04-02_19:33:59.764492 consume_time=0.00637102127075 accountid=21
[hades_req] uri=/astrology/unequip userid=824 pos=6 time=2013-04-02_19:34:08.267436 equipped_pos=1 consume_time=0.00957298278809 accountid=21
[hades_req] sure=false first_pos=1 userid=824 uri=/astrology/combine second_pos=3 time=2013-04-02_19:34:12.548509 consume_time=0.00633502006531 accountid=21
[hades_req] sure=true first_pos=1 userid=824 uri=/astrology/combine second_pos=3 time=2013-04-02_19:34:13.849246 consume_time=0.00691819190979 accountid=21
[hades_req] uri=/astrology/unequip userid=824 pos=5 time=2013-04-02_19:34:18.149768 equipped_pos=0 consume_time=0.00893998146057 accountid=21
[hades_req] userid=824 pos=3 equip_pos=5 uri=/astrology/equip time=2013-04-02_19:34:19.859162 consume_time=0.0111830234528 accountid=21
[hades_req] uri=/astrology/unequip userid=824 pos=3 time=2013-04-02_19:34:31.616490 equipped_pos=5 consume_time=0.00875282287598 accountid=21
[hades_req] sure=false first_pos=3 userid=824 uri=/astrology/combine second_pos=2 time=2013-04-02_19:34:33.081834 consume_time=0.00788116455078 accountid=21
[hades_req] sure=true first_pos=3 userid=824 uri=/astrology/combine second_pos=2 time=2013-04-02_19:34:34.350471 consume_time=0.0105350017548 accountid=21
[hades_req] userid=824 pos=0 equip_pos=0 uri=/astrology/equip time=2013-04-02_19:34:36.919842 consume_time=0.0126869678497 accountid=21
[hades_req] userid=824 pos=1 equip_pos=1 uri=/astrology/equip time=2013-04-02_19:34:38.573730 consume_time=0.0108330249786 accountid=21
[hades_req] userid=824 pos=3 equip_pos=5 uri=/astrology/equip time=2013-04-02_19:34:40.308219 consume_time=0.0128960609436 accountid=21
[hades_req] userid=1337 uri=/scene/back_to_city time=2013-04-02_19:55:27.930478 consume_time=0.0150508880615 accountid=25
[hades_req] consume_time=0.00541090965271 uri=/admin/leave time=2013-04-02_19:55:28.189433
[hades_req] userid=1337 uri=/admin/enter mapname=city gsid=city%401 time=2013-04-02_19:55:30.391851 consume_time=0.00683689117432
