[hades_req] userid=1265 uri=/account/choose_player player=1265_简 time=2013-04-02_11:27:51.850858 consume_time=0.0109369754791 accountid=63
[hades_req] userid=1265 uri=/admin/enter mapname=city gsid=city%401 time=2013-04-02_11:27:55.424066 consume_time=0.0104050636292
[hades_req] userid=1265 uri=/reward/reward_by_checkin time=2013-04-02_11:28:01.923749 consume_time=0.0106620788574 accountid=63
[hades_req] userid=1265 uri=/goal/get_reward goal_id=6 time=2013-04-02_11:28:14.863807 consume_time=0.00998497009277 accountid=63
[hades_req] userid=1265 uri=/scene/enter_tavern time=2013-04-02_11:28:25.196444 consume_time=0.010195016861 type=jjc accountid=63
[hades_req] consume_time=0.00476598739624 uri=/admin/leave time=2013-04-02_11:28:25.498486
[hades_req] userid=1265 uri=/admin/enter mapname=jiuguanshinei gsid=jiuguanshinei%4099 time=2013-04-02_11:28:27.779518 consume_time=0.00675010681152
[hades_req] userid=1318 uri=/account/choose_player player=1318_琳达 time=2013-04-02_11:28:40.817620 consume_time=0.0129249095917 accountid=87
[hades_req] userid=1318 uri=/admin/enter mapname=city gsid=city%401 time=2013-04-02_11:28:42.417323 consume_time=0.00602102279663
[hades_req] userid=1318 uri=/scene/enter_tavern time=2013-04-02_11:29:16.521173 consume_time=0.00599884986877 type=instance accountid=87
[hades_req] consume_time=0.00278997421265 uri=/admin/leave time=2013-04-02_11:29:16.752933
[hades_req] userid=1318 uri=/admin/enter mapname=jiuguanshinei gsid=jiuguanshinei%4098 time=2013-04-02_11:29:18.920798 consume_time=0.00600910186768
[hades_req] userid=1318 uri=/scene/back_to_city time=2013-04-02_11:29:54.873781 consume_time=0.0139911174774 accountid=87
[hades_req] consume_time=0.00452709197998 uri=/admin/leave time=2013-04-02_11:29:55.158057
[hades_req] userid=1318 uri=/admin/enter mapname=city gsid=city%401 time=2013-04-02_11:29:57.331225 consume_time=0.00538897514343
[hades_req] userid=1318 uri=/scene/enter_tavern time=2013-04-02_11:30:48.699182 consume_time=0.00775694847107 type=instance accountid=87
[hades_req] consume_time=0.00390005111694 uri=/admin/leave time=2013-04-02_11:30:48.952462
[hades_req] userid=1318 uri=/admin/enter mapname=jiuguanshinei gsid=jiuguanshinei%4098 time=2013-04-02_11:30:50.737255 consume_time=0.00662803649902
[hades_req] userid=1318 uri=/scene/back_to_city time=2013-04-02_11:33:19.622488 consume_time=0.0110239982605 accountid=87
[hades_req] consume_time=0.00448894500732 uri=/admin/leave time=2013-04-02_11:33:19.902829
[hades_req] userid=1318 uri=/admin/enter mapname=city gsid=city%401 time=2013-04-02_11:33:22.094464 consume_time=0.0051589012146
[hades_req] npcid=1 userid=1318 uri=/astrology/shortcut_start time=2013-04-02_11:33:28.104045 consume_time=0.174686193466 accountid=87
[hades_req] techid=8 userid=1318 uri=/technology/upgrade time=2013-04-02_11:33:38.844157 consume_time=0.0141088962555 accountid=87
[hades_req] target=jjc_0 userid=1265 uri=/team/join_to_queue time=2013-04-02_11:33:52.655346 consume_time=0.00893783569336 accountid=63
[hades_req] userid=1265 uri=/team/leave_queue time=2013-04-02_11:34:52.836188 consume_time=0.00503206253052 accountid=63
[hades_req] userid=1318 uri=/scene/enter_tavern time=2013-04-02_11:35:00.882951 consume_time=0.00933289527893 type=instance accountid=87
[hades_req] consume_time=0.00392699241638 uri=/admin/leave time=2013-04-02_11:35:01.172978
[hades_req] userid=1318 uri=/admin/enter mapname=jiuguanshinei gsid=jiuguanshinei%4098 time=2013-04-02_11:35:03.052998 consume_time=0.00669002532959
[hades_req] userid=1318 uri=/scene/back_to_city time=2013-04-02_11:35:07.877975 consume_time=0.00882983207703 accountid=87
[hades_req] consume_time=0.00301694869995 uri=/admin/leave time=2013-04-02_11:35:08.058190
[hades_req] userid=1318 uri=/admin/enter mapname=city gsid=city%401 time=2013-04-02_11:35:10.095140 consume_time=0.00705409049988
[hades_req] userid=1318 uri=/astrology/shortcut_sell time=2013-04-02_11:35:14.941275 consume_time=0.0090548992157 accountid=87
[hades_req] npcid=2 userid=1318 uri=/astrology/start time=2013-04-02_11:35:26.769067 consume_time=0.0157330036163 accountid=87
[hades_req] npcid=1 userid=1318 uri=/astrology/start time=2013-04-02_11:35:47.902064 consume_time=0.0156528949738 accountid=87
[hades_req] npcid=1 userid=1318 uri=/astrology/start time=2013-04-02_11:35:48.452657 consume_time=0.0166819095612 accountid=87
[hades_req] npcid=2 userid=1318 uri=/astrology/start time=2013-04-02_11:36:02.820100 consume_time=0.0181469917297 accountid=87
[hades_req] npcid=1 userid=1318 uri=/astrology/start time=2013-04-02_11:36:03.699213 consume_time=0.0189418792725 accountid=87
[hades_req] userid=1265 uri=/scene/back_to_city time=2013-04-02_11:36:04.056215 consume_time=0.0128710269928 accountid=63
[hades_req] consume_time=0.00471782684326 uri=/admin/leave time=2013-04-02_11:36:04.346909
[hades_req] npcid=2 userid=1318 uri=/astrology/start time=2013-04-02_11:36:04.451232 consume_time=0.0165810585022 accountid=87
[hades_req] userid=1318 uri=/astrology/shortcut_sell time=2013-04-02_11:36:05.614955 consume_time=0.0120160579681 accountid=87
[hades_req] userid=1265 uri=/admin/enter mapname=city gsid=city%401 time=2013-04-02_11:36:06.365288 consume_time=0.0075421333313
[hades_req] userid=1265 uri=/scene/go_to_singlejjc time=2013-04-02_11:36:15.731570 consume_time=0.054053068161 accountid=63 opponent=1318
[hades_req] consume_time=0.00415706634521 uri=/admin/leave time=2013-04-02_11:36:16.057633
[hades_req] userid=1265 uri=/admin/enter mapname=jingjichang gsid=jingjichang%401 time=2013-04-02_11:36:20.802617 consume_time=0.00671219825745
[hades_req] userid=1265 uri=/scene/back_to_city time=2013-04-02_11:36:31.744572 consume_time=0.0176529884338 accountid=63
[hades_req] consume_time=0.00473403930664 uri=/admin/leave time=2013-04-02_11:36:32.080898
[hades_req] userid=1265 uri=/admin/enter mapname=city gsid=city%401 time=2013-04-02_11:36:34.192556 consume_time=0.00818014144897
[hades_req] userid=1265 uri=/jjc/skip_cooldown time=2013-04-02_11:36:43.284157 consume_time=0.00665211677551 accountid=63
[hades_req] userid=1265 uri=/scene/go_to_singlejjc time=2013-04-02_11:36:48.446375 consume_time=0.0180990695953 accountid=63 opponent=1136
[hades_req] consume_time=0.00446510314941 uri=/admin/leave time=2013-04-02_11:36:48.750326
[hades_req] userid=1265 uri=/admin/enter mapname=jingjichang gsid=jingjichang%401 time=2013-04-02_11:36:50.651128 consume_time=0.00739693641663
[hades_req] userid=1265 uri=/scene/back_to_city time=2013-04-02_11:37:05.093115 consume_time=0.0167150497437 accountid=63
[hades_req] consume_time=0.00461506843567 uri=/admin/leave time=2013-04-02_11:37:05.408918
[hades_req] userid=1265 uri=/admin/enter mapname=city gsid=city%401 time=2013-04-02_11:37:07.341512 consume_time=0.00651597976685
[hades_req] userid=1265 uri=/jjc/skip_cooldown time=2013-04-02_11:38:57.497049 consume_time=0.00503087043762 accountid=63
[hades_req] userid=1265 uri=/scene/go_to_singlejjc time=2013-04-02_11:39:05.361228 consume_time=0.0237448215485 accountid=63 opponent=1136
[hades_req] consume_time=0.00521516799927 uri=/admin/leave time=2013-04-02_11:39:05.660296
[hades_req] userid=1265 uri=/admin/enter mapname=jingjichang gsid=jingjichang%401 time=2013-04-02_11:39:07.472065 consume_time=0.00718402862549
[hades_req] userid=1265 uri=/scene/back_to_city time=2013-04-02_11:39:23.472127 consume_time=0.0195958614349 accountid=63
[hades_req] consume_time=0.00413608551025 uri=/admin/leave time=2013-04-02_11:39:23.833517
[hades_req] userid=1265 uri=/admin/enter mapname=city gsid=city%401 time=2013-04-02_11:39:25.957512 consume_time=0.00904703140259
[hades_req] userid=1265 uri=/trade/store/sell time=2013-04-02_11:42:57.927894 position=55 consume_time=0.00900101661682 accountid=63
[hades_req] items=material@8003@99,material@9002@99 userid=1265 uri=/trade/store/multi_buy time=2013-04-02_11:45:55.696411 consume_time=0.00696921348572 accountid=63
[hades_req] userid=1265 uri=/blacksmith/combine time=2013-04-02_11:46:13.269723 consume_time=0.0193138122559 combine_id=135 accountid=63
[hades_req] package_pos=48 userid=1265 uri=/package/consume_props time=2013-04-02_11:46:31.974887 consume_time=0.0097827911377 accountid=63
[hades_req] package_pos=49 userid=1265 uri=/package/consume_props time=2013-04-02_11:46:33.875362 consume_time=0.00932383537292 accountid=63
[hades_req] package_pos=50 userid=1265 uri=/package/consume_props time=2013-04-02_11:46:35.912245 consume_time=0.00887203216553 accountid=63
[hades_req] package_pos=50 userid=1265 uri=/package/consume_props time=2013-04-02_11:46:37.755308 consume_time=0.00790500640869 accountid=63
[hades_req] package_pos=51 userid=1265 uri=/package/consume_props time=2013-04-02_11:46:38.990134 consume_time=0.00671982765198 accountid=63
[hades_req] package_pos=52 userid=1265 uri=/package/unpack_bundle time=2013-04-02_11:46:41.624666 consume_time=0.0107109546661 accountid=63
[hades_req] package_pos=54 userid=1265 uri=/package/consume_props time=2013-04-02_11:46:46.225457 consume_time=0.00791001319885 accountid=63
[hades_req] package_pos=52 userid=1265 uri=/package/unpack_bundle time=2013-04-02_11:46:48.427377 consume_time=0.0138928890228 accountid=63
[hades_req] ruler=dan39-shamo6.xml userid=1265 uri=/scene/jump_to_quest_location time=2013-04-02_11:52:45.135769 map_name=shamo6 consume_time=0.0587511062622 accountid=63
[hades_req] consume_time=0.00493288040161 uri=/admin/leave time=2013-04-02_11:52:45.441732
[hades_req] userid=1265 uri=/admin/enter mapname=shamo6 gsid=shamo6%401 time=2013-04-02_11:52:49.417624 consume_time=0.00590515136719
[hades_req] userid=1265 uri=/instance/revive revive_mod=free time=2013-04-02_11:53:32.386269 death_rule_type=single consume_time=0.00704884529114 accountid=63
[hades_req] userid=1265 uri=/instance/revive revive_mod=free time=2013-04-02_11:54:02.698851 death_rule_type=single consume_time=0.00770592689514 accountid=63
[hades_req] userid=1265 uri=/instance/revive revive_mod=free time=2013-04-02_11:54:42.390882 death_rule_type=single consume_time=0.00635194778442 accountid=63
[hades_req] userid=1265 uri=/instance/revive revive_mod=free time=2013-04-02_11:55:35.956029 death_rule_type=single consume_time=0.0074291229248 accountid=63
[hades_req] userid=1265 uri=/instance/revive revive_mod=free time=2013-04-02_11:56:57.053620 death_rule_type=single consume_time=0.00736999511719 accountid=63
