[hades_req] userid=824 uri=/account/choose_player player=824_卡扎菲 time=2013-04-03_15:00:06.505011 consume_time=0.0120768547058 accountid=21
[hades_req] userid=824 uri=/admin/enter mapname=city gsid=city%401 time=2013-04-03_15:00:08.309671 consume_time=0.00644016265869
[hades_req] userid=1343 uri=/account/choose_player player=1343_艾西 time=2013-04-03_15:00:11.147868 consume_time=0.0133409500122 accountid=25
[hades_req] userid=1343 uri=/admin/enter mapname=city gsid=city%401 time=2013-04-03_15:00:13.379876 consume_time=0.00809812545776
[hades_req] user_login=登录 uri=/account/temp_login form_password=123456 time=2013-04-03_15:00:21.605101 form_email=majing@111.com consume_time=0.00655102729797
[hades_req] userid=1343 uri=/account/choose_player player=1343_艾西 time=2013-04-03_15:00:31.743505 consume_time=0.010559797287 accountid=25
[hades_req] userid=1343 uri=/admin/enter mapname=city gsid=city%401 time=2013-04-03_15:00:33.836462 consume_time=0.00706791877747
[hades_req] delete_user_id=1343 userid=1343 uri=/account/delete_user time=2013-04-03_15:00:44.351056 consume_time=0.0272958278656 accountid=25
[hades_req] accountid=25 camp=1 name=赛拉 gender=female idcard=1234345656dfdf userid=1088 uri=/profile/register role=warrior time=2013-04-03_15:00:49.727289 consume_time=0.0116801261902 account_id=25
[hades_req] userid=1344 uri=/account/choose_player player=1344_赛拉 time=2013-04-03_15:00:52.062712 consume_time=0.0116500854492 accountid=25
[hades_req] userid=1344 uri=/admin/enter mapname=city gsid=city%401 time=2013-04-03_15:00:53.666428 consume_time=0.00992894172668
[hades_req] userid=824 uri=/account/choose_player player=824_卡扎菲 time=2013-04-03_15:02:05.054028 consume_time=0.0146100521088 accountid=21
[hades_req] userid=824 uri=/admin/enter mapname=city gsid=city%401 time=2013-04-03_15:02:07.528373 consume_time=0.00734281539917
[hades_req] ruler=dan01-huoshan4.xml userid=1344 uri=/scene/jump_to_quest_location time=2013-04-03_15:03:38.540470 map_name=huoshan4 consume_time=0.0551669597626 accountid=25
[hades_req] consume_time=0.0039918422699 uri=/admin/leave time=2013-04-03_15:03:38.698559
[hades_req] userid=1344 uri=/admin/enter mapname=huoshan4 gsid=huoshan4%401 time=2013-04-03_15:03:42.094173 consume_time=0.00682902336121
[hades_req] userid=824 uri=/msg/loads_attachment time=2013-04-03_15:06:29.315824 consume_time=0.0189681053162 msgkey=0@1364918400.52,0@1364879325.84,0@1364879324.88,0@1364879300.85,0@1364879300.84,0@1364879300.83,0@1364879300.82,0@1364879300.04,0@1364879300.03,0@1364879300.02 accountid=21
[hades_req] userid=1344 uri=/scene/back_to_city time=2013-04-03_15:07:40.939388 consume_time=0.0142538547516 accountid=25
[hades_req] consume_time=0.00539016723633 uri=/admin/leave time=2013-04-03_15:07:41.101997
[hades_req] userid=1344 uri=/admin/enter mapname=city gsid=city%401 time=2013-04-03_15:07:43.147451 consume_time=0.00701904296875
[hades_req] userid=1344 uri=/account/choose_player player=1344_赛拉 time=2013-04-03_15:10:21.549500 consume_time=0.0123870372772 accountid=25
[hades_req] userid=627 uri=/account/choose_player player=627_莎洛姆 time=2013-04-03_15:10:23.757287 consume_time=0.0117211341858 accountid=21
[hades_req] user_login=登录 uri=/account/temp_login form_password=123456 time=2013-04-03_15:10:31.029892 form_email=majing@111.com consume_time=0.0189919471741
[hades_req] userid=1344 uri=/account/choose_player player=1344_赛拉 time=2013-04-03_15:10:40.786615 consume_time=0.0112609863281 accountid=25
[hades_req] userid=1344 uri=/admin/enter mapname=city gsid=city%401 time=2013-04-03_15:10:43.107888 consume_time=0.00817203521729
[hades_req] delete_user_id=1344 userid=1344 uri=/account/delete_user time=2013-04-03_15:10:52.163586 consume_time=0.0265781879425 accountid=25
[hades_req] userid=1302 uri=/account/choose_player player=1302_贝芙 time=2013-04-03_15:10:57.112869 consume_time=0.0274419784546 accountid=25
[hades_req] userid=1302 uri=/admin/enter mapname=city gsid=city%401 time=2013-04-03_15:10:58.746383 consume_time=0.0116610527039
[hades_req] userid=1302 uri=/msg/read time=2013-04-03_15:11:07.672729 consume_time=0.006187915802 msgkey=0@1364918400.61 accountid=25
[hades_req] userid=627 uri=/account/choose_player player=627_莎洛姆 time=2013-04-03_15:12:15.350882 consume_time=0.0106570720673 accountid=21
[hades_req] userid=627 uri=/admin/enter mapname=city gsid=city%401 time=2013-04-03_15:12:17.010199 consume_time=0.0138189792633
[hades_req] consume_time=0.0045018196106 uri=/admin/leave time=2013-04-03_15:12:46.438425
[hades_req] userid=824 uri=/account/choose_player player=824_卡扎菲 time=2013-04-03_15:12:50.480831 consume_time=0.0107491016388 accountid=21
[hades_req] userid=824 uri=/admin/enter mapname=city gsid=city%401 time=2013-04-03_15:12:52.206835 consume_time=0.00691509246826
[hades_req] userid=824 uri=/scene/go_to_boss time=2013-04-03_15:13:13.598568 consume_time=0.0792269706726 accountid=21
[hades_req] consume_time=0.00394701957703 uri=/admin/leave time=2013-04-03_15:13:13.878086
[hades_req] userid=824 uri=/admin/enter mapname=huoshan3 gsid=huoshan3%401 time=2013-04-03_15:13:20.872098 consume_time=0.0070219039917
[hades_req] userid=966 uri=/account/choose_player player=966_斯特拉 time=2013-04-03_15:13:43.593131 consume_time=0.0134980678558 accountid=63
[hades_req] userid=966 uri=/admin/enter mapname=city gsid=city%401 time=2013-04-03_15:13:47.098859 consume_time=0.0135850906372
[hades_req] userid=1302 uri=/msg/loads_attachment time=2013-04-03_15:13:53.638237 consume_time=0.0128991603851 msgkey=0@1364918400.61 accountid=25
[hades_req] items=material@8004@99,material@9003@99 userid=966 uri=/trade/store/multi_buy time=2013-04-03_15:14:30.090906 consume_time=0.00991415977478 accountid=63
[hades_req] items=material@8004@99,material@9003@99 userid=966 uri=/trade/store/multi_buy time=2013-04-03_15:15:06.371575 consume_time=0.00930118560791 accountid=63
[hades_req] userid=824 uri=/profile/cheerup time=2013-04-03_15:15:10.873434 consume_time=0.00917100906372 accountid=21
[hades_req] userid=824 uri=/instance/revive revive_mod=token time=2013-04-03_15:17:42.887717 death_rule_type=world_boss consume_time=0.00871896743774 accountid=21
[hades_req] userid=824 uri=/scene/back_to_city time=2013-04-03_15:18:15.577934 consume_time=0.0163261890411 accountid=21
[hades_req] consume_time=0.00386881828308 uri=/admin/leave time=2013-04-03_15:18:15.854997
[hades_req] items=material@8004@99,material@9004@99 userid=966 uri=/trade/store/multi_buy time=2013-04-03_15:18:34.775829 consume_time=0.0202300548553 accountid=63
[hades_req] userid=0 uri=/account/temp_login form_password=123456 time=2013-04-03_15:18:38.509992 form_email=test@test.com consume_time=0.00850105285645 accountid=0
[hades_req] userid=966 uri=/blacksmith/combine time=2013-04-03_15:18:52.868904 consume_time=0.0370140075684 accountid=63 combine_id=173
[hades_req] userid=966 uri=/blacksmith/combine time=2013-04-03_15:18:59.389549 consume_time=0.0188009738922 accountid=63 combine_id=178
[hades_req] userid=627 uri=/account/choose_player player=627_莎洛姆 time=2013-04-03_15:19:04.273374 consume_time=0.0120358467102 accountid=21
[hades_req] userid=966 uri=/blacksmith/combine time=2013-04-03_15:19:05.340657 consume_time=0.0191440582275 accountid=63 combine_id=179
[hades_req] userid=1334 uri=/account/choose_player player=1334_克拉彭 time=2013-04-03_15:19:08.730482 consume_time=0.0121240615845 accountid=20
[hades_req] userid=1334 uri=/account/choose_player player=1334_克拉彭 time=2013-04-03_15:19:26.030658 consume_time=0.0102269649506 accountid=20
[hades_req] userid=710 uri=/account/choose_player player=710_迪丽雅 time=2013-04-03_15:19:40.270797 consume_time=0.0125329494476 accountid=21
[hades_req] userid=1334 uri=/account/choose_player player=1334_克拉彭 time=2013-04-03_15:19:42.315539 consume_time=0.0118191242218 accountid=20
[hades_req] items=material@8004@99,material@9004@99 userid=966 uri=/trade/store/multi_buy time=2013-04-03_15:19:54.763085 consume_time=0.0107569694519 accountid=63
[hades_req] userid=627 uri=/account/choose_player player=627_莎洛姆 time=2013-04-03_15:19:58.153619 consume_time=0.0118539333344 accountid=21
[hades_req] userid=966 uri=/blacksmith/combine time=2013-04-03_15:20:10.645159 consume_time=0.0252799987793 accountid=63 combine_id=180
[hades_req] userid=824 uri=/account/choose_player player=824_卡扎菲 time=2013-04-03_15:20:35.887066 consume_time=0.012736082077 accountid=21
[hades_req] items=material@8004@99 userid=966 uri=/trade/store/multi_buy time=2013-04-03_15:20:42.793598 consume_time=0.0107278823853 accountid=63
[hades_req] items=material@8004@99 userid=966 uri=/trade/store/multi_buy time=2013-04-03_15:21:08.109305 consume_time=0.0102121829987 accountid=63
[hades_req] userid=0 uri=/account/temp_login form_password=123456 time=2013-04-03_15:21:26.421471 form_email=test@test.com consume_time=0.00729894638062 accountid=0
[hades_req] items=material@8004@99 userid=966 uri=/trade/store/multi_buy time=2013-04-03_15:21:28.009463 consume_time=0.011442899704 accountid=63
[hades_req] userid=966 uri=/blacksmith/combine time=2013-04-03_15:21:43.722631 consume_time=0.0250380039215 accountid=63 combine_id=175
[hades_req] userid=966 uri=/blacksmith/combine time=2013-04-03_15:21:52.718438 consume_time=0.0220391750336 accountid=63 combine_id=177
[hades_req] userid=1334 uri=/account/choose_player player=1334_克拉彭 time=2013-04-03_15:21:55.605261 consume_time=0.0101699829102 accountid=20
[hades_req] userid=1302 uri=/blacksmith/combine time=2013-04-03_15:21:59.105219 consume_time=0.0244619846344 accountid=25 combine_id=101
[hades_req] userid=966 uri=/blacksmith/combine time=2013-04-03_15:21:59.489249 consume_time=0.0268580913544 accountid=63 combine_id=176
[hades_req] items=material@8004@99 userid=966 uri=/trade/store/multi_buy time=2013-04-03_15:22:23.237981 consume_time=0.00951910018921 accountid=63
[hades_req] userid=1302 uri=/blacksmith/enhance equipment_pos=equiped@gloves time=2013-04-03_15:22:28.891065 lucky_stone_pos=34 consume_time=0.0326521396637 accountid=25
[hades_req] userid=966 uri=/blacksmith/combine time=2013-04-03_15:22:31.555819 consume_time=0.026643037796 accountid=63 combine_id=174
[hades_req] userid=1334 uri=/account/choose_player player=1334_克拉彭 time=2013-04-03_15:22:50.605749 consume_time=0.0124268531799 accountid=20
[hades_req] items=material@10003@99 userid=966 uri=/trade/store/multi_buy time=2013-04-03_15:23:17.670073 consume_time=0.0103480815887 accountid=63
[hades_req] items=material@10003@99 userid=966 uri=/trade/store/multi_buy time=2013-04-03_15:23:41.087059 consume_time=0.0110499858856 accountid=63
[hades_req] items=material@10003@99 userid=966 uri=/trade/store/multi_buy time=2013-04-03_15:24:04.323206 consume_time=0.0118119716644 accountid=63
[hades_req] items=material@10003@99 userid=966 uri=/trade/store/multi_buy time=2013-04-03_15:24:26.806318 consume_time=0.0153229236603 accountid=63
[hades_req] items=material@10003@99 userid=966 uri=/trade/store/multi_buy time=2013-04-03_15:24:39.750799 consume_time=0.00995206832886 accountid=63
[hades_req] items=material@10003@99 userid=966 uri=/trade/store/multi_buy time=2013-04-03_15:24:52.868362 consume_time=0.011458158493 accountid=63
[hades_req] userid=966 uri=/blacksmith/upgrade equipment_pos=equiped@head time=2013-04-03_15:25:01.333205 consume_time=0.0267548561096 accountid=63
[hades_req] time=2013-04-03_15:27:45.641149 userid=1302 uri=/maze/goto_maze is_continue=true consume_time=0.0512712001801 accountid=25
[hades_req] consume_time=0.00455093383789 uri=/admin/leave time=2013-04-03_15:27:45.976264
[hades_req] userid=1302 uri=/account/choose_player player=1302_贝芙 time=2013-04-03_15:28:26.949193 consume_time=0.0108559131622 accountid=25
[hades_req] user_login=登录 uri=/account/temp_login form_password=123456 time=2013-04-03_15:28:41.783205 form_email=majing@111.com consume_time=0.00729894638062
[hades_req] userid=1302 uri=/account/choose_player player=1302_贝芙 time=2013-04-03_15:28:52.715789 consume_time=0.0108480453491 accountid=25
[hades_req] user_login=登录 uri=/account/temp_login form_password=123456 time=2013-04-03_15:29:08.856648 form_email=majing@111.com consume_time=0.0185289382935
[hades_req] accountid=25 camp=1 name=克莉丝汀 gender=female idcard=1234345656dfdf userid=1302 uri=/profile/register role=master time=2013-04-03_15:29:21.224695 consume_time=0.0138640403748 account_id=25
[hades_req] userid=1345 uri=/account/choose_player player=1345_克莉丝汀 time=2013-04-03_15:29:23.149340 consume_time=0.0131771564484 accountid=25
[hades_req] userid=0 uri=/account/temp_login form_password=123456 time=2013-04-03_15:30:31.777073 form_email=test@test.com consume_time=0.00598406791687 accountid=0
[hades_req] userid=1345 uri=/account/choose_player player=1345_克莉丝汀 time=2013-04-03_15:30:44.380555 consume_time=0.0117440223694 accountid=25
[hades_req] userid=1345 uri=/account/choose_player player=1345_克莉丝汀 time=2013-04-03_15:33:38.290750 consume_time=0.0104749202728 accountid=25
[hades_req] user_login=登录 uri=/account/temp_login form_password=123456 time=2013-04-03_15:34:06.463873 form_email=majing@111.com consume_time=0.00738596916199
[hades_req] userid=1088 uri=/account/choose_player player=1088_多拉 time=2013-04-03_15:34:17.436592 consume_time=0.0100698471069 accountid=25
[hades_req] userid=0 uri=/account/temp_login form_password=123456 time=2013-04-03_15:36:36.589448 form_email=test@test.com consume_time=0.00807905197144 accountid=0
[hades_req] userid=1334 uri=/account/choose_player player=1334_克拉彭 time=2013-04-03_15:37:14.958786 consume_time=0.0132110118866 accountid=20
[hades_req] userid=1334 uri=/account/choose_player player=1334_克拉彭 time=2013-04-03_15:37:35.093464 consume_time=0.0132520198822 accountid=20
[hades_req] userid=1334 uri=/account/choose_player player=1334_克拉彭 time=2013-04-03_15:39:08.283212 consume_time=0.0105838775635 accountid=20
[hades_req] userid=1334 uri=/admin/enter mapname=city gsid=city%401 time=2013-04-03_15:39:17.267338 consume_time=0.0070698261261
[hades_req] consume_time=0.00408411026001 uri=/admin/leave time=2013-04-03_15:41:38.440689
[hades_req] userid=966 uri=/account/choose_player player=966_斯特拉 time=2013-04-03_15:50:56.155934 consume_time=0.0109598636627 accountid=63
[hades_req] userid=966 uri=/admin/enter mapname=city gsid=city%401 time=2013-04-03_15:50:59.661219 consume_time=0.00617098808289
[hades_req] userid=1286 uri=/account/choose_player player=1286_艾达 time=2013-04-03_15:59:52.929663 consume_time=0.0110409259796 accountid=10
[hades_req] userid=1286 uri=/admin/enter mapname=city gsid=city%401 time=2013-04-03_15:59:54.432361 consume_time=0.00682497024536
