[hades_req] userid=1309 uri=/account/choose_player player=1309_恩崔立 time=2013-04-02_18:15:12.549513 consume_time=0.0125169754028 accountid=16
[hades_req] userid=1309 uri=/admin/enter mapname=city gsid=city%401 time=2013-04-02_18:15:15.390883 consume_time=0.0113799571991
[hades_req] userid=1265 uri=/account/choose_player player=1265_简 time=2013-04-02_18:42:51.934174 consume_time=0.0118238925934 accountid=63
[hades_req] userid=1265 uri=/admin/enter mapname=city gsid=city%401 time=2013-04-02_18:42:55.495486 consume_time=0.00731682777405
[hades_req] userid=1265 uri=/reward/reward_by_gametime time=2013-04-02_18:43:02.937463 consume_time=0.0119960308075 id=4 accountid=63
[hades_req] userid=0 uri=/account/temp_login form_password=hello2 time=2013-04-02_18:43:04.456478 form_email=hello2@hello2.com consume_time=0.0194120407104 accountid=0
[hades_req] userid=1265 uri=/reward/reward_by_gametime time=2013-04-02_18:43:07.368283 consume_time=0.00991296768188 id=5 accountid=63
[hades_req] consume_time=0.00550699234009 uri=/admin/leave time=2013-04-02_18:43:37.575669
[hades_req] userid=1336 uri=/account/choose_player player=1336_杰罗姆 time=2013-04-02_18:43:37.646612 consume_time=0.0122139453888 accountid=92
[hades_req] userid=1336 uri=/admin/enter mapname=city gsid=xxx time=2013-04-02_18:43:47.766984 consume_time=0.0034019947052
[hades_req] userid=1336 uri=/package/sort time=2013-04-02_18:43:59.751368 consume_time=0.0158541202545 accountid=92
[hades_req] userid=1336 uri=/package/sort time=2013-04-02_18:44:54.807161 consume_time=0.015389919281 accountid=92
[hades_req] userid=1336 uri=/package/sort time=2013-04-02_18:45:04.031565 consume_time=0.00536394119263 accountid=92
[hades_req] user_login=登录 uri=/account/temp_login form_password=elaine time=2013-04-02_18:46:30.405370 form_email=elaine2@abc.com consume_time=0.00760698318481
[hades_req] userid=1265 uri=/account/choose_player player=1265_简 time=2013-04-02_18:47:09.391119 consume_time=0.0127789974213 accountid=63
[hades_req] userid=1265 uri=/admin/enter mapname=city gsid=city%401 time=2013-04-02_18:47:12.971592 consume_time=0.00696516036987
[hades_req] time=2013-04-02_18:47:27.561253 userid=1265 uri=/maze/goto_maze is_continue=true consume_time=0.0574908256531 accountid=63
[hades_req] consume_time=0.00452303886414 uri=/admin/leave time=2013-04-02_18:47:27.890816
[hades_req] userid=1265 uri=/admin/enter mapname=migong gsid=migong%401 time=2013-04-02_18:47:31.793909 consume_time=0.00816702842712
[hades_req] ruler=migong userid=1265 uri=/scene/jump_to_quest_location time=2013-04-02_18:48:08.370692 map_name=migong consume_time=0.0213220119476 accountid=63
[hades_req] consume_time=0.00404715538025 uri=/admin/leave time=2013-04-02_18:48:08.718079
[hades_req] userid=1265 uri=/admin/enter mapname=migong gsid=migong%401 time=2013-04-02_18:48:10.403729 consume_time=0.00768685340881
[hades_req] ruler=migong userid=1265 uri=/scene/jump_to_quest_location time=2013-04-02_18:48:53.815276 map_name=migong consume_time=0.0174000263214 accountid=63
[hades_req] consume_time=0.00396299362183 uri=/admin/leave time=2013-04-02_18:48:54.114850
[hades_req] userid=1265 uri=/admin/enter mapname=migong gsid=migong%401 time=2013-04-02_18:48:55.840196 consume_time=0.00693798065186
[hades_req] ruler=migong userid=1265 uri=/scene/jump_to_quest_location time=2013-04-02_18:49:40.861639 map_name=migong consume_time=0.0168108940125 accountid=63
[hades_req] consume_time=0.00464606285095 uri=/admin/leave time=2013-04-02_18:49:41.163028
[hades_req] userid=1265 uri=/admin/enter mapname=migong gsid=migong%401 time=2013-04-02_18:49:42.850713 consume_time=0.00840187072754
[hades_req] ruler=migong userid=1265 uri=/scene/jump_to_quest_location time=2013-04-02_18:51:02.161259 map_name=migong consume_time=0.0185520648956 accountid=63
[hades_req] consume_time=0.00516104698181 uri=/admin/leave time=2013-04-02_18:51:02.526573
[hades_req] userid=1265 uri=/admin/enter mapname=migong gsid=migong%401 time=2013-04-02_18:51:04.727931 consume_time=0.00720500946045
[hades_req] ruler=migong userid=1265 uri=/scene/jump_to_quest_location time=2013-04-02_18:53:35.637634 map_name=migong consume_time=0.0165069103241 accountid=63
[hades_req] consume_time=0.0041069984436 uri=/admin/leave time=2013-04-02_18:53:36.009300
[hades_req] userid=1265 uri=/admin/enter mapname=migong gsid=migong%401 time=2013-04-02_18:53:37.676130 consume_time=0.00841498374939
[hades_req] ruler=migong userid=1265 uri=/scene/jump_to_quest_location time=2013-04-02_18:55:28.169167 map_name=migong consume_time=0.0178239345551 accountid=63
[hades_req] consume_time=0.00445294380188 uri=/admin/leave time=2013-04-02_18:55:28.543646
[hades_req] userid=1265 uri=/admin/enter mapname=migong gsid=migong%401 time=2013-04-02_18:55:30.259824 consume_time=0.00730490684509
[hades_req] ruler=migong userid=1265 uri=/scene/jump_to_quest_location time=2013-04-02_18:56:44.933126 map_name=migong consume_time=0.019907951355 accountid=63
[hades_req] consume_time=0.00514101982117 uri=/admin/leave time=2013-04-02_18:56:45.297771
[hades_req] userid=1265 uri=/admin/enter mapname=migong gsid=migong%401 time=2013-04-02_18:56:47.014235 consume_time=0.00596022605896
[hades_req] user_login=登录 uri=/account/temp_login form_password=hello2 time=2013-04-02_18:57:49.501923 form_email=hello2@hello2.com consume_time=0.0199120044708
[hades_req] userid=1336 uri=/account/choose_player player=1336_杰罗姆 time=2013-04-02_18:58:06.443926 consume_time=0.0123372077942 accountid=92
[hades_req] ruler=migong userid=1265 uri=/scene/jump_to_quest_location time=2013-04-02_18:58:29.470732 map_name=migong consume_time=0.0183238983154 accountid=63
[hades_req] consume_time=0.00520205497742 uri=/admin/leave time=2013-04-02_18:58:29.808017
[hades_req] userid=1265 uri=/admin/enter mapname=migong gsid=migong%401 time=2013-04-02_18:58:31.525609 consume_time=0.00747513771057
[hades_req] userid=1336 uri=/account/choose_player player=1336_杰罗姆 time=2013-04-02_18:58:53.935537 consume_time=0.0125780105591 accountid=92
[hades_req] userid=1336 uri=/admin/enter mapname=city gsid=city%401 time=2013-04-02_18:58:56.804203 consume_time=0.00665187835693
[hades_req] techid=4 userid=1336 uri=/technology/upgrade time=2013-04-02_18:59:39.129586 consume_time=0.00826191902161 accountid=92
