[hades_req] userid=1172 uri=/scene/back_to_city time=2013-04-08_17:00:59.930782 consume_time=0.0144219398499 accountid=24
[hades_req] consume_time=0.00483798980713 uri=/admin/leave time=2013-04-08_17:01:00.160107
[hades_req] userid=1172 uri=/admin/enter mapname=city gsid=city@1 time=2013-04-08_17:01:02.437571 consume_time=0.00603294372559
[hades_req] userid=1172 uri=/blacksmith/enhance equipment_pos=equiped@legs time=2013-04-08_17:01:15.567022 lucky_stone_pos=2 consume_time=0.0301918983459 accountid=24
[hades_req] userid=1172 uri=/blacksmith/enhance equipment_pos=equiped@legs time=2013-04-08_17:01:15.944892 lucky_stone_pos=2 consume_time=0.0293190479279 accountid=24
[hades_req] userid=1172 uri=/blacksmith/enhance equipment_pos=equiped@legs time=2013-04-08_17:01:16.509308 lucky_stone_pos=2 consume_time=0.0293002128601 accountid=24
[hades_req] userid=1172 uri=/blacksmith/enhance equipment_pos=equiped@legs time=2013-04-08_17:01:17.189128 lucky_stone_pos=2 consume_time=0.0254850387573 accountid=24
[hades_req] userid=1172 uri=/blacksmith/enhance equipment_pos=equiped@legs time=2013-04-08_17:01:17.880990 lucky_stone_pos=2 consume_time=0.0263550281525 accountid=24
[hades_req] ruler=dan07-yewai5.xml userid=1172 uri=/scene/jump_to_quest_location time=2013-04-08_17:01:29.571057 map_name=yewai5 consume_time=0.051924943924 accountid=24
[hades_req] consume_time=0.00433802604675 uri=/admin/leave time=2013-04-08_17:01:29.724622
[hades_req] userid=1172 uri=/admin/enter mapname=yewai5 gsid=yewai5@1 time=2013-04-08_17:01:33.934793 consume_time=0.0052809715271
[hades_req] package_pos=1 userid=1172 uri=/package/unpack_bundle time=2013-04-08_17:03:17.545399 consume_time=0.00933384895325 accountid=24
[hades_req] userid=1172 uri=/package/sort time=2013-04-08_17:03:29.072158 consume_time=0.00380492210388 accountid=24
[hades_req] userid=1172 uri=/scene/back_to_city time=2013-04-08_17:04:30.364946 consume_time=0.0125241279602 accountid=24
[hades_req] consume_time=0.00397300720215 uri=/admin/leave time=2013-04-08_17:04:30.559916
[hades_req] userid=1172 uri=/admin/enter mapname=city gsid=city@1 time=2013-04-08_17:04:32.593776 consume_time=0.00627613067627
[hades_req] ruler=dan08-yewai6.xml userid=1172 uri=/scene/jump_to_quest_location time=2013-04-08_17:05:20.785410 map_name=yewai6 consume_time=0.0570130348206 accountid=24
[hades_req] consume_time=0.00491905212402 uri=/admin/leave time=2013-04-08_17:05:20.977471
[hades_req] userid=1172 uri=/admin/enter mapname=yewai6 gsid=yewai6@1 time=2013-04-08_17:05:24.898484 consume_time=0.00665712356567
[hades_req] userid=1172 uri=/scene/back_to_city time=2013-04-08_17:08:13.074913 consume_time=0.0138869285583 accountid=24
[hades_req] consume_time=0.00475096702576 uri=/admin/leave time=2013-04-08_17:08:13.292117
[hades_req] userid=1172 uri=/admin/enter mapname=city gsid=city@1 time=2013-04-08_17:08:15.548128 consume_time=0.00523900985718
[hades_req] techid=1 userid=1172 uri=/technology/upgrade time=2013-04-08_17:09:03.440298 consume_time=0.0204391479492 accountid=24
[hades_req] techid=1 userid=1172 uri=/technology/upgrade time=2013-04-08_17:09:03.926558 consume_time=0.0156469345093 accountid=24
[hades_req] techid=1 userid=1172 uri=/technology/upgrade time=2013-04-08_17:09:04.318455 consume_time=0.0209839344025 accountid=24
[hades_req] techid=1 userid=1172 uri=/technology/upgrade time=2013-04-08_17:09:04.611521 consume_time=0.0178198814392 accountid=24
[hades_req] techid=1 userid=1172 uri=/technology/upgrade time=2013-04-08_17:09:04.928593 consume_time=0.017382144928 accountid=24
[hades_req] techid=1 userid=1172 uri=/technology/upgrade time=2013-04-08_17:09:05.335846 consume_time=0.0161218643188 accountid=24
[hades_req] techid=1 userid=1172 uri=/technology/upgrade time=2013-04-08_17:09:05.669127 consume_time=0.0199131965637 accountid=24
[hades_req] techid=1 userid=1172 uri=/technology/upgrade time=2013-04-08_17:09:06.016459 consume_time=0.0182268619537 accountid=24
[hades_req] techid=1 userid=1172 uri=/technology/upgrade time=2013-04-08_17:09:06.397466 consume_time=0.0193638801575 accountid=24
[hades_req] techid=1 userid=1172 uri=/technology/upgrade time=2013-04-08_17:09:06.728719 consume_time=0.0154550075531 accountid=24
[hades_req] ruler=dan09-yewai5.xml userid=1172 uri=/scene/jump_to_quest_location time=2013-04-08_17:09:40.060146 map_name=yewai5 consume_time=0.0493819713593 accountid=24
[hades_req] consume_time=0.0040910243988 uri=/admin/leave time=2013-04-08_17:09:40.241292
[hades_req] userid=1172 uri=/admin/enter mapname=yewai5 gsid=yewai5@1 time=2013-04-08_17:09:43.430896 consume_time=0.0065438747406
[hades_req] userid=1154 uri=/account/choose_player player=1154_罗斯福 time=2013-04-08_17:10:34.912301 consume_time=0.0131120681763 accountid=9
[hades_req] userid=1154 uri=/admin/enter mapname=city gsid=city@1 time=2013-04-08_17:10:37.553461 consume_time=0.00704503059387
[hades_req] userid=1154 uri=/scene/go_to_publicmine time=2013-04-08_17:10:44.602379 consume_time=0.0512070655823 accountid=9
[hades_req] consume_time=0.0040819644928 uri=/admin/leave time=2013-04-08_17:10:44.987595
[hades_req] userid=1154 uri=/admin/enter mapname=gonggongditu gsid=gonggongditu@1 time=2013-04-08_17:10:53.461957 consume_time=0.00852799415588
[hades_req] consume_time=0.00435209274292 uri=/admin/leave time=2013-04-08_17:10:53.983250
[hades_req] user_login=登录 uri=/account/temp_login form_password=13524887981hf time=2013-04-08_17:10:56.522825 form_email=183709629@qq.com consume_time=0.0193340778351
[hades_req] userid=0 uri=/account/temp_login form_password=123456 time=2013-04-08_17:11:49.558371 form_email=test@test.com consume_time=0.0203411579132 accountid=0
[hades_req] delete_user_id=618 userid=1172 uri=/account/delete_user time=2013-04-08_17:12:02.663136 consume_time=0.029266834259 accountid=24
[hades_req] idcard=1234345656dfdf account_id=24 gender=female camp=1 userid=1172 uri=/profile/register name=威尼弗雷德 role=master time=2013-04-08_17:12:09.473816 consume_time=0.0242710113525 accountid=24
[hades_req] delete_user_id=1073 userid=1362 uri=/account/delete_user time=2013-04-08_17:12:20.847156 consume_time=0.0292592048645 accountid=24
[hades_req] idcard=1234345656dfdf account_id=24 gender=female camp=1 userid=1362 uri=/profile/register name=艾尔玛 role=warrior time=2013-04-08_17:12:26.093696 consume_time=0.0103809833527 accountid=24
[hades_req] userid=1363 uri=/account/choose_player player=1363_艾尔玛 time=2013-04-08_17:12:32.359266 consume_time=0.0130410194397 accountid=24
[hades_req] userid=1363 uri=/admin/enter mapname=city gsid=city@1 time=2013-04-08_17:12:35.204778 consume_time=0.0119190216064
[hades_req] userid=1317 uri=/account/choose_player player=1317_柏莎 time=2013-04-08_17:12:57.974649 consume_time=0.00992107391357 accountid=20
[hades_req] userid=1317 uri=/admin/enter mapname=city gsid=city@1 time=2013-04-08_17:13:07.284197 consume_time=0.00600004196167
[hades_req] target_id=1318 userid=1317 uri=/friend/delete_friend time=2013-04-08_17:13:17.014886 consume_time=0.0172481536865 accountid=20
[hades_req] consume_time=0.00473594665527 uri=/admin/leave time=2013-04-08_17:13:52.858622
[hades_req] consume_time=0.00473618507385 uri=/admin/leave time=2013-04-08_17:14:06.601290
[hades_req] userid=619 uri=/account/choose_player player=619_埃玛 time=2013-04-08_17:14:28.245457 consume_time=0.0116291046143 accountid=24
[hades_req] userid=619 uri=/admin/enter mapname=city gsid=city@1 time=2013-04-08_17:14:30.135505 consume_time=0.00586199760437
[hades_req] userid=0 uri=/account/temp_login form_password=123456 time=2013-04-08_17:14:32.151230 form_email=test@test.com consume_time=0.0185060501099 accountid=0
[hades_req] userid=1154 uri=/account/choose_player player=1154_罗斯福 time=2013-04-08_17:15:00.167886 consume_time=0.0116100311279 accountid=9
[hades_req] userid=1317 uri=/account/choose_player player=1317_柏莎 time=2013-04-08_17:15:01.877559 consume_time=0.00800108909607 accountid=20
[hades_req] userid=1154 uri=/admin/enter mapname=city gsid=city@1 time=2013-04-08_17:15:01.952826 consume_time=0.00456380844116
[hades_req] userid=1154 uri=/scene/go_to_publicmine time=2013-04-08_17:15:05.194265 consume_time=0.014829158783 accountid=9
[hades_req] consume_time=0.00474882125854 uri=/admin/leave time=2013-04-08_17:15:05.539639
[hades_req] userid=1317 uri=/admin/enter mapname=city gsid=city@1 time=2013-04-08_17:15:11.021073 consume_time=0.00529098510742
[hades_req] userid=1154 uri=/admin/enter mapname=gonggongditu gsid=gonggongditu@1 time=2013-04-08_17:15:12.254816 consume_time=0.00542688369751
[hades_req] ruler=dan01-huoshan4.xml userid=619 uri=/scene/jump_to_quest_location time=2013-04-08_17:15:26.511464 map_name=huoshan4 consume_time=0.0523328781128 accountid=24
[hades_req] consume_time=0.00458693504333 uri=/admin/leave time=2013-04-08_17:15:27.208341
[hades_req] userid=619 uri=/admin/enter mapname=huoshan4 gsid=huoshan4@1 time=2013-04-08_17:15:31.008104 consume_time=0.00562906265259
[hades_req] skip_time=0 userid=1317 uri=/trade/player_store/generate_player_store time=2013-04-08_17:15:43.485837 consume_time=0.209757089615 accountid=20
[hades_req] target_id=1317 userid=1318 uri=/friend/friend_request time=2013-04-08_17:16:02.147982 consume_time=0.0169432163239 accountid=87
[hades_req] userid=619 uri=/scene/back_to_city time=2013-04-08_17:16:13.492338 consume_time=0.014436006546 accountid=24
[hades_req] consume_time=0.00441789627075 uri=/admin/leave time=2013-04-08_17:16:13.702604
[hades_req] userid=619 uri=/admin/enter mapname=city gsid=city@1 time=2013-04-08_17:16:15.958239 consume_time=0.00591397285461
[hades_req] consume_time=0.0049409866333 uri=/admin/leave time=2013-04-08_17:16:32.803899
[hades_req] userid=0 uri=/account/temp_login form_password=123456 time=2013-04-08_17:16:56.869020 form_email=test@test.com consume_time=0.0194280147552 accountid=0
[hades_req] userid=1154 uri=/account/choose_player player=1154_罗斯福 time=2013-04-08_17:17:06.445421 consume_time=0.0117092132568 accountid=9
[hades_req] userid=1154 uri=/admin/enter mapname=city gsid=city@1 time=2013-04-08_17:17:08.101352 consume_time=0.00744199752808
[hades_req] userid=1154 uri=/scene/go_to_publicmine time=2013-04-08_17:17:10.315364 consume_time=0.00954413414001 accountid=9
[hades_req] consume_time=0.00445699691772 uri=/admin/leave time=2013-04-08_17:17:10.606071
[hades_req] userid=1154 uri=/admin/enter mapname=gonggongditu gsid=gonggongditu@1 time=2013-04-08_17:17:17.375814 consume_time=0.00596809387207
[hades_req] userid=1317 uri=/account/choose_player player=1317_柏莎 time=2013-04-08_17:17:39.040168 consume_time=0.0107510089874 accountid=20
[hades_req] userid=1317 uri=/admin/enter mapname=city gsid=city@1 time=2013-04-08_17:17:48.237317 consume_time=0.00573897361755
[hades_req] userid=619 uri=/blacksmith/enhance equipment_pos=equiped@right_hand time=2013-04-08_17:18:03.662010 lucky_stone_pos=5 consume_time=0.0324728488922 accountid=24
[hades_req] userid=619 uri=/blacksmith/enhance equipment_pos=equiped@right_hand time=2013-04-08_17:18:04.171921 lucky_stone_pos=5 consume_time=0.0275659561157 accountid=24
[hades_req] userid=619 uri=/blacksmith/enhance equipment_pos=equiped@right_hand time=2013-04-08_17:18:04.702900 lucky_stone_pos=5 consume_time=0.0263381004333 accountid=24
[hades_req] userid=619 uri=/blacksmith/enhance equipment_pos=equiped@right_hand time=2013-04-08_17:18:05.207436 lucky_stone_pos=5 consume_time=0.0299210548401 accountid=24
[hades_req] userid=619 uri=/blacksmith/enhance equipment_pos=equiped@right_hand time=2013-04-08_17:18:06.192500 lucky_stone_pos=5 consume_time=0.0289971828461 accountid=24
[hades_req] userid=1154 uri=/scene/back_to_city time=2013-04-08_17:18:14.244733 consume_time=0.0181159973145 accountid=9
[hades_req] ruler=dan02-huoshan1.xml userid=619 uri=/scene/jump_to_quest_location time=2013-04-08_17:18:14.274427 map_name=huoshan1 consume_time=0.0542161464691 accountid=24
[hades_req] consume_time=0.00394892692566 uri=/admin/leave time=2013-04-08_17:18:14.447889
[hades_req] consume_time=0.00448894500732 uri=/admin/leave time=2013-04-08_17:18:14.643217
[hades_req] userid=1154 uri=/admin/enter mapname=city gsid=city@1 time=2013-04-08_17:18:17.384142 consume_time=0.00696897506714
[hades_req] userid=1154 uri=/scene/go_to_publicmine time=2013-04-08_17:18:19.253205 consume_time=0.0147430896759 accountid=9
[hades_req] consume_time=0.00497698783875 uri=/admin/leave time=2013-04-08_17:18:19.612851
[hades_req] userid=619 uri=/admin/enter mapname=huoshan1 gsid=huoshan1@1 time=2013-04-08_17:18:20.599935 consume_time=0.00696992874146
[hades_req] userid=1154 uri=/admin/enter mapname=gonggongditu gsid=gonggongditu@1 time=2013-04-08_17:18:25.820193 consume_time=0.00549602508545
[hades_req] consume_time=0.00504899024963 uri=/admin/leave time=2013-04-08_17:19:09.244305
[hades_req] userid=619 uri=/scene/back_to_city time=2013-04-08_17:19:22.947528 consume_time=0.0130541324615 accountid=24
[hades_req] consume_time=0.00439095497131 uri=/admin/leave time=2013-04-08_17:19:23.173249
[hades_req] userid=619 uri=/admin/enter mapname=city gsid=city@1 time=2013-04-08_17:19:25.389873 consume_time=0.00643491744995
[hades_req] userid=619 uri=/blacksmith/enhance equipment_pos=equiped@body time=2013-04-08_17:19:39.309764 lucky_stone_pos=5 consume_time=0.0287139415741 accountid=24
[hades_req] userid=619 uri=/blacksmith/enhance equipment_pos=equiped@body time=2013-04-08_17:19:39.723067 lucky_stone_pos=5 consume_time=0.0265228748322 accountid=24
[hades_req] userid=619 uri=/blacksmith/enhance equipment_pos=equiped@body time=2013-04-08_17:19:40.151570 lucky_stone_pos=5 consume_time=0.0340130329132 accountid=24
[hades_req] userid=619 uri=/blacksmith/enhance equipment_pos=equiped@body time=2013-04-08_17:19:40.608832 lucky_stone_pos=5 consume_time=0.027960062027 accountid=24
[hades_req] userid=619 uri=/blacksmith/enhance equipment_pos=equiped@body time=2013-04-08_17:19:41.025221 lucky_stone_pos=5 consume_time=0.0264430046082 accountid=24
[hades_req] userid=1154 uri=/account/choose_player player=1154_罗斯福 time=2013-04-08_17:19:53.401466 consume_time=0.0118989944458 accountid=9
[hades_req] ruler=dan03-huoshan1.xml userid=619 uri=/scene/jump_to_quest_location time=2013-04-08_17:19:54.270366 map_name=huoshan1 consume_time=0.0552880764008 accountid=24
[hades_req] consume_time=0.00497484207153 uri=/admin/leave time=2013-04-08_17:19:54.510930
[hades_req] userid=1154 uri=/admin/enter mapname=city gsid=city@1 time=2013-04-08_17:19:55.345829 consume_time=0.00601506233215
[hades_req] userid=1154 uri=/scene/go_to_publicmine time=2013-04-08_17:19:57.429994 consume_time=0.0137920379639 accountid=9
[hades_req] consume_time=0.00441884994507 uri=/admin/leave time=2013-04-08_17:19:57.760502
[hades_req] userid=619 uri=/admin/enter mapname=huoshan1 gsid=huoshan1@2 time=2013-04-08_17:19:58.008833 consume_time=0.00739097595215
[hades_req] userid=1154 uri=/admin/enter mapname=gonggongditu gsid=gonggongditu@1 time=2013-04-08_17:20:04.718226 consume_time=0.00651121139526
[hades_req] userid=1154 uri=/scene/back_to_city time=2013-04-08_17:20:11.561773 consume_time=0.0146448612213 accountid=9
[hades_req] consume_time=0.00440096855164 uri=/admin/leave time=2013-04-08_17:20:11.937575
[hades_req] userid=1154 uri=/admin/enter mapname=city gsid=city@1 time=2013-04-08_17:20:14.582629 consume_time=0.00602793693542
[hades_req] userid=1154 uri=/scene/go_to_publicmine time=2013-04-08_17:20:17.331253 consume_time=0.0158030986786 accountid=9
[hades_req] consume_time=0.00422596931458 uri=/admin/leave time=2013-04-08_17:20:17.694066
[hades_req] userid=1154 uri=/admin/enter mapname=gonggongditu gsid=gonggongditu@1 time=2013-04-08_17:20:24.292473 consume_time=0.00577092170715
[hades_req] userid=0 uri=/account/temp_login form_password=123456 time=2013-04-08_17:20:43.564896 form_email=test@test.com consume_time=0.0186309814453 accountid=0
[hades_req] userid=619 uri=/scene/back_to_city time=2013-04-08_17:21:01.385791 consume_time=0.0168199539185 accountid=24
[hades_req] consume_time=0.00405216217041 uri=/admin/leave time=2013-04-08_17:21:01.684362
[hades_req] userid=619 uri=/admin/enter mapname=city gsid=city@1 time=2013-04-08_17:21:03.956678 consume_time=0.00555205345154
[hades_req] userid=1317 uri=/account/choose_player player=1317_柏莎 time=2013-04-08_17:21:19.546239 consume_time=0.0115079879761 accountid=20
[hades_req] userid=1317 uri=/admin/enter mapname=city gsid=city@1 time=2013-04-08_17:21:28.424832 consume_time=0.00665307044983
[hades_req] userid=1317 target_id=1318 uri=/friend/accept_friend_request time=2013-04-08_17:21:34.446639 consume_time=0.0265491008759 accountid=20
[hades_req] userid=1317 target_id=1318 uri=/friend/delete_friend time=2013-04-08_17:21:53.658378 consume_time=0.00477004051208 accountid=20
[hades_req] target_id=1317 userid=1318 uri=/friend/friend_request time=2013-04-08_17:22:03.629634 consume_time=0.00501012802124 accountid=87
[hades_req] userid=619 uri=/blacksmith/enhance equipment_pos=equiped@head time=2013-04-08_17:22:08.282698 lucky_stone_pos=5 consume_time=0.030464887619 accountid=24
[hades_req] userid=619 uri=/blacksmith/enhance equipment_pos=equiped@head time=2013-04-08_17:22:08.766650 lucky_stone_pos=5 consume_time=0.0308458805084 accountid=24
[hades_req] userid=619 uri=/blacksmith/enhance equipment_pos=equiped@head time=2013-04-08_17:22:09.284097 lucky_stone_pos=5 consume_time=0.0309858322144 accountid=24
[hades_req] userid=619 uri=/blacksmith/enhance equipment_pos=equiped@head time=2013-04-08_17:22:09.944768 lucky_stone_pos=5 consume_time=0.0274679660797 accountid=24
[hades_req] userid=619 uri=/blacksmith/enhance equipment_pos=equiped@head time=2013-04-08_17:22:10.568144 lucky_stone_pos=5 consume_time=0.0290539264679 accountid=24
[hades_req] userid=1154 uri=/account/choose_player player=1154_罗斯福 time=2013-04-08_17:22:55.855821 consume_time=0.0101470947266 accountid=9
[hades_req] userid=1154 uri=/admin/enter mapname=city gsid=city@1 time=2013-04-08_17:22:57.836370 consume_time=0.00551605224609
[hades_req] userid=1154 uri=/scene/go_to_publicmine time=2013-04-08_17:23:00.623661 consume_time=0.0150458812714 accountid=9
[hades_req] consume_time=0.00403690338135 uri=/admin/leave time=2013-04-08_17:23:00.959373
[hades_req] userid=1154 uri=/admin/enter mapname=gonggongditu gsid=gonggongditu@1 time=2013-04-08_17:23:07.905190 consume_time=0.00523591041565
[hades_req] userid=1317 target_id=1318 uri=/friend/accept_friend_request time=2013-04-08_17:23:12.575638 consume_time=0.00938391685486 accountid=20
[hades_req] skip_time=0 userid=1318 uri=/trade/player_store/generate_player_store time=2013-04-08_17:23:43.629914 consume_time=0.188053131104 accountid=87
[hades_req] accountid=63 userid=1265 uri=/blacksmith/combine time=2013-04-08_17:23:47.339255 consume_time=0.0178780555725 should_by_buy=1 combine_id=4015
[hades_req] userid=1317 target_id=1318 uri=/friend/delete_friend time=2013-04-08_17:23:49.378377 consume_time=0.0177888870239 accountid=20
[hades_req] ruler=dan04-yewai3.xml userid=619 uri=/scene/jump_to_quest_location time=2013-04-08_17:23:51.610341 map_name=yewai3 consume_time=0.0535268783569 accountid=24
[hades_req] consume_time=0.00574684143066 uri=/admin/leave time=2013-04-08_17:23:51.762331
[hades_req] userid=619 uri=/admin/enter mapname=yewai3 gsid=yewai3@1 time=2013-04-08_17:23:55.493453 consume_time=0.0073709487915
[hades_req] accountid=63 userid=1265 uri=/blacksmith/combine time=2013-04-08_17:23:56.586423 consume_time=0.0153288841248 should_by_buy=1 combine_id=4005
[hades_req] target_id=1317 userid=1318 uri=/friend/friend_request time=2013-04-08_17:23:57.735757 consume_time=0.00478792190552 accountid=87
[hades_req] userid=1317 target_id=1318 uri=/friend/accept_friend_request time=2013-04-08_17:24:23.484635 consume_time=0.0109028816223 accountid=20
[hades_req] accountid=63 userid=1265 uri=/blacksmith/combine time=2013-04-08_17:24:29.569222 consume_time=0.0158848762512 should_by_buy=1 combine_id=4066
[hades_req] userid=1154 uri=/account/choose_player player=1154_罗斯福 time=2013-04-08_17:24:35.272402 consume_time=0.0120370388031 accountid=9
[hades_req] consume_time=0.00502514839172 uri=/admin/leave time=2013-04-08_17:24:35.578952
[hades_req] userid=1154 uri=/admin/enter mapname=city gsid=city@1 time=2013-04-08_17:24:37.425121 consume_time=0.00690507888794
[hades_req] userid=1154 uri=/scene/go_to_publicmine time=2013-04-08_17:24:39.785802 consume_time=0.0133972167969 accountid=9
[hades_req] consume_time=0.00435996055603 uri=/admin/leave time=2013-04-08_17:24:40.154795
[hades_req] userid=1154 uri=/admin/enter mapname=gonggongditu gsid=gonggongditu@1 time=2013-04-08_17:24:47.213192 consume_time=0.00613594055176
[hades_req] userid=619 uri=/scene/back_to_city time=2013-04-08_17:25:20.972696 consume_time=0.0155739784241 accountid=24
[hades_req] consume_time=0.00475597381592 uri=/admin/leave time=2013-04-08_17:25:21.203359
[hades_req] userid=619 uri=/admin/enter mapname=city gsid=city@1 time=2013-04-08_17:25:23.477913 consume_time=0.00561785697937
[hades_req] userid=619 uri=/blacksmith/enhance equipment_pos=equiped@shoulders time=2013-04-08_17:25:41.423558 lucky_stone_pos=5 consume_time=0.0279159545898 accountid=24
[hades_req] userid=619 uri=/blacksmith/enhance equipment_pos=equiped@shoulders time=2013-04-08_17:25:42.052627 lucky_stone_pos=5 consume_time=0.0262780189514 accountid=24
[hades_req] userid=619 uri=/blacksmith/enhance equipment_pos=equiped@shoulders time=2013-04-08_17:25:42.590496 lucky_stone_pos=5 consume_time=0.0308241844177 accountid=24
[hades_req] userid=619 uri=/blacksmith/enhance equipment_pos=equiped@shoulders time=2013-04-08_17:25:43.121387 lucky_stone_pos=5 consume_time=0.0272600650787 accountid=24
[hades_req] userid=619 uri=/blacksmith/enhance equipment_pos=equiped@shoulders time=2013-04-08_17:25:43.670759 lucky_stone_pos=5 consume_time=0.0271420478821 accountid=24
[hades_req] userid=0 uri=/account/temp_login form_password=123456 time=2013-04-08_17:25:54.046140 form_email=test@test.com consume_time=0.0195980072021 accountid=0
[hades_req] ruler=dan05-yewai6.xml userid=619 uri=/scene/jump_to_quest_location time=2013-04-08_17:25:57.095797 map_name=yewai6 consume_time=0.0528061389923 accountid=24
[hades_req] consume_time=0.00476002693176 uri=/admin/leave time=2013-04-08_17:25:57.281781
[hades_req] userid=619 uri=/admin/enter mapname=yewai6 gsid=yewai6@1 time=2013-04-08_17:26:01.403905 consume_time=0.00567197799683
[hades_req] userid=1317 uri=/account/choose_player player=1317_柏莎 time=2013-04-08_17:26:23.916030 consume_time=0.0114378929138 accountid=20
[hades_req] userid=1317 uri=/admin/enter mapname=city gsid=city@1 time=2013-04-08_17:26:33.233479 consume_time=0.00493192672729
[hades_req] target_id=1318 userid=1317 uri=/friend/delete_friend time=2013-04-08_17:26:42.299450 consume_time=0.00425720214844 accountid=20
[hades_req] target_id=1317 userid=1318 uri=/friend/friend_request time=2013-04-08_17:26:52.342573 consume_time=0.00496602058411 accountid=87
[hades_req] target_id=1318 userid=1317 uri=/friend/accept_friend_request time=2013-04-08_17:26:56.423318 consume_time=0.0200209617615 accountid=20
[hades_req] userid=619 uri=/scene/back_to_city time=2013-04-08_17:28:15.774225 consume_time=0.0134739875793 accountid=24
[hades_req] consume_time=0.00460886955261 uri=/admin/leave time=2013-04-08_17:28:16.042279
[hades_req] userid=619 uri=/admin/enter mapname=city gsid=city@1 time=2013-04-08_17:28:18.120480 consume_time=0.00581002235413
[hades_req] ruler=dan06-yewai4.xml userid=619 uri=/scene/jump_to_quest_location time=2013-04-08_17:28:48.818103 map_name=yewai4 consume_time=0.0553901195526 accountid=24
[hades_req] consume_time=0.00555109977722 uri=/admin/leave time=2013-04-08_17:28:48.973169
[hades_req] userid=619 uri=/admin/enter mapname=yewai4 gsid=yewai4@1 time=2013-04-08_17:28:53.463037 consume_time=0.00616908073425
[hades_req] userid=1154 uri=/account/choose_player player=1154_罗斯福 time=2013-04-08_17:29:29.751317 consume_time=0.0137670040131 accountid=9
[hades_req] userid=1154 uri=/admin/enter mapname=city gsid=city@1 time=2013-04-08_17:29:31.653736 consume_time=0.00687289237976
[hades_req] userid=1154 uri=/scene/go_to_publicmine time=2013-04-08_17:29:38.684358 consume_time=0.0151300430298 accountid=9
[hades_req] consume_time=0.00448417663574 uri=/admin/leave time=2013-04-08_17:29:39.050597
[hades_req] userid=1154 uri=/admin/enter mapname=gonggongditu gsid=gonggongditu@1 time=2013-04-08_17:29:46.113374 consume_time=0.00541090965271
[hades_req] userid=619 uri=/scene/back_to_city time=2013-04-08_17:30:34.863568 consume_time=0.0146610736847 accountid=24
[hades_req] consume_time=0.00525593757629 uri=/admin/leave time=2013-04-08_17:30:35.034837
[hades_req] userid=619 uri=/admin/enter mapname=city gsid=city@1 time=2013-04-08_17:30:37.218208 consume_time=0.00659203529358
[hades_req] userid=619 uri=/blacksmith/enhance equipment_pos=equiped@shoes time=2013-04-08_17:30:55.121601 lucky_stone_pos=6 consume_time=0.0219140052795 accountid=24
[hades_req] userid=619 uri=/blacksmith/enhance equipment_pos=equiped@shoes time=2013-04-08_17:30:55.488967 lucky_stone_pos=6 consume_time=0.0227398872375 accountid=24
[hades_req] userid=619 uri=/blacksmith/enhance equipment_pos=equiped@shoes time=2013-04-08_17:30:56.016842 lucky_stone_pos=6 consume_time=0.0280909538269 accountid=24
[hades_req] userid=619 uri=/blacksmith/enhance equipment_pos=equiped@shoes time=2013-04-08_17:30:56.562907 lucky_stone_pos=6 consume_time=0.0262908935547 accountid=24
[hades_req] userid=619 uri=/blacksmith/enhance equipment_pos=equiped@shoes time=2013-04-08_17:30:57.101167 lucky_stone_pos=6 consume_time=0.0315799713135 accountid=24
[hades_req] userid=1154 uri=/account/choose_player player=1154_罗斯福 time=2013-04-08_17:31:10.634862 consume_time=0.0132570266724 accountid=9
[hades_req] userid=1154 uri=/admin/enter mapname=city gsid=city@1 time=2013-04-08_17:31:12.627561 consume_time=0.00624394416809
[hades_req] userid=619 uri=/blacksmith/enhance equipment_pos=equiped@legs time=2013-04-08_17:31:14.980087 lucky_stone_pos=6 consume_time=0.0279500484467 accountid=24
[hades_req] userid=619 uri=/blacksmith/enhance equipment_pos=equiped@legs time=2013-04-08_17:31:15.529411 lucky_stone_pos=6 consume_time=0.0267570018768 accountid=24
[hades_req] userid=1154 uri=/scene/go_to_publicmine time=2013-04-08_17:31:15.936490 consume_time=0.0131080150604 accountid=9
[hades_req] userid=619 uri=/blacksmith/enhance equipment_pos=equiped@legs time=2013-04-08_17:31:16.054109 lucky_stone_pos=6 consume_time=0.0277760028839 accountid=24
[hades_req] consume_time=0.00561809539795 uri=/admin/leave time=2013-04-08_17:31:16.282110
[hades_req] userid=619 uri=/blacksmith/enhance equipment_pos=equiped@legs time=2013-04-08_17:31:16.565001 lucky_stone_pos=6 consume_time=0.0286021232605 accountid=24
[hades_req] userid=619 uri=/blacksmith/enhance equipment_pos=equiped@legs time=2013-04-08_17:31:17.089836 lucky_stone_pos=6 consume_time=0.0335988998413 accountid=24
[hades_req] userid=1154 uri=/admin/enter mapname=gonggongditu gsid=gonggongditu@1 time=2013-04-08_17:31:22.950756 consume_time=0.00735092163086
[hades_req] ruler=dan07-yewai5.xml userid=619 uri=/scene/jump_to_quest_location time=2013-04-08_17:31:35.206546 map_name=yewai5 consume_time=0.0556070804596 accountid=24
[hades_req] consume_time=0.00392508506775 uri=/admin/leave time=2013-04-08_17:31:35.371081
[hades_req] userid=619 uri=/admin/enter mapname=yewai5 gsid=yewai5@1 time=2013-04-08_17:31:38.708556 consume_time=0.00620293617249
[hades_req] consume_time=0.0046489238739 uri=/admin/leave time=2013-04-08_17:32:02.503869
[hades_req] consume_time=0.00565791130066 uri=/admin/leave time=2013-04-08_17:32:25.802921
[hades_req] consume_time=0.00487017631531 uri=/admin/leave time=2013-04-08_17:32:25.853157
[hades_req] consume_time=0.00493311882019 uri=/admin/leave time=2013-04-08_17:32:25.901125
[hades_req] consume_time=0.00393009185791 uri=/admin/leave time=2013-04-08_17:32:25.947687
[hades_req] consume_time=0.00434994697571 uri=/admin/leave time=2013-04-08_17:32:25.983091
[hades_req] consume_time=0.00559592247009 uri=/admin/leave time=2013-04-08_17:32:26.101384
[hades_req] userid=1318 uri=/account/choose_player player=1318_琳达 time=2013-04-08_17:32:39.540610 consume_time=0.0129611492157 accountid=87
[hades_req] userid=619 uri=/account/choose_player player=619_埃玛 time=2013-04-08_17:32:40.402636 consume_time=0.0151948928833 accountid=24
[hades_req] userid=1318 uri=/admin/enter mapname=city gsid=city@1 time=2013-04-08_17:32:41.038375 consume_time=0.0058741569519
[hades_req] userid=619 uri=/admin/enter mapname=city gsid=city@1 time=2013-04-08_17:32:42.344458 consume_time=0.0061240196228
[hades_req] skip_time=0 userid=1318 uri=/trade/player_store/generate_player_store time=2013-04-08_17:32:47.669396 consume_time=0.00570583343506 accountid=87
[hades_req] ruler=dan07-yewai5.xml userid=619 uri=/scene/jump_to_quest_location time=2013-04-08_17:32:57.736742 map_name=yewai5 consume_time=0.0465230941772 accountid=24
[hades_req] consume_time=0.00403189659119 uri=/admin/leave time=2013-04-08_17:32:57.902878
[hades_req] userid=619 uri=/admin/enter mapname=yewai5 gsid=yewai5@1 time=2013-04-08_17:33:01.116099 consume_time=0.00542092323303
[hades_req] userid=619 uri=/scene/back_to_city time=2013-04-08_17:35:04.724442 consume_time=0.0137858390808 accountid=24
[hades_req] consume_time=0.00493812561035 uri=/admin/leave time=2013-04-08_17:35:05.772223
[hades_req] userid=619 uri=/admin/enter mapname=city gsid=city@1 time=2013-04-08_17:35:08.087652 consume_time=0.00568795204163
[hades_req] ruler=dan08-yewai6.xml userid=619 uri=/scene/jump_to_quest_location time=2013-04-08_17:35:33.491440 map_name=yewai6 consume_time=0.0553300380707 accountid=24
[hades_req] consume_time=0.00437998771667 uri=/admin/leave time=2013-04-08_17:35:33.652338
[hades_req] userid=619 uri=/admin/enter mapname=yewai6 gsid=yewai6@1 time=2013-04-08_17:35:36.901132 consume_time=0.00609993934631
[hades_req] userid=619 uri=/scene/back_to_city time=2013-04-08_17:37:48.129631 consume_time=0.0133459568024 accountid=24
[hades_req] consume_time=0.0040819644928 uri=/admin/leave time=2013-04-08_17:37:48.305677
[hades_req] userid=619 uri=/admin/enter mapname=city gsid=city@1 time=2013-04-08_17:37:50.423743 consume_time=0.00634598731995
[hades_req] userid=1154 uri=/account/choose_player player=1154_罗斯福 time=2013-04-08_17:38:15.896092 consume_time=0.0119330883026 accountid=9
[hades_req] userid=619 uri=/blacksmith/enhance equipment_pos=equiped@left_hand time=2013-04-08_17:38:16.782072 lucky_stone_pos=6 consume_time=0.0299530029297 accountid=24
[hades_req] userid=619 uri=/blacksmith/enhance equipment_pos=equiped@left_hand time=2013-04-08_17:38:17.312247 lucky_stone_pos=6 consume_time=0.0319440364838 accountid=24
[hades_req] userid=619 uri=/blacksmith/enhance equipment_pos=equiped@left_hand time=2013-04-08_17:38:17.774036 lucky_stone_pos=6 consume_time=0.0277149677277 accountid=24
[hades_req] userid=1154 uri=/admin/enter mapname=city gsid=city@1 time=2013-04-08_17:38:17.792703 consume_time=0.00617408752441
[hades_req] userid=619 uri=/blacksmith/enhance equipment_pos=equiped@left_hand time=2013-04-08_17:38:18.507656 lucky_stone_pos=6 consume_time=0.0281100273132 accountid=24
[hades_req] userid=619 uri=/blacksmith/enhance equipment_pos=equiped@left_hand time=2013-04-08_17:38:19.095727 lucky_stone_pos=6 consume_time=0.0263168811798 accountid=24
[hades_req] userid=1154 uri=/scene/go_to_publicmine time=2013-04-08_17:38:23.452786 consume_time=0.0500929355621 accountid=9
[hades_req] consume_time=0.00495219230652 uri=/admin/leave time=2013-04-08_17:38:23.805006
[hades_req] user_login=登录 uri=/account/temp_login form_password=123456 time=2013-04-08_17:38:24.743454 form_email=test@test.com consume_time=0.0043740272522
[hades_req] userid=1154 uri=/admin/enter mapname=gonggongditu gsid=gonggongditu@1 time=2013-04-08_17:38:31.973018 consume_time=0.00630593299866
[hades_req] userid=619 uri=/blacksmith/enhance equipment_pos=equiped@gloves time=2013-04-08_17:38:40.081803 lucky_stone_pos=6 consume_time=0.0321199893951 accountid=24
[hades_req] userid=619 uri=/blacksmith/enhance equipment_pos=equiped@gloves time=2013-04-08_17:38:40.688622 lucky_stone_pos=6 consume_time=0.0258569717407 accountid=24
[hades_req] userid=619 uri=/blacksmith/enhance equipment_pos=equiped@gloves time=2013-04-08_17:38:41.136587 lucky_stone_pos=6 consume_time=0.035826921463 accountid=24
[hades_req] userid=619 uri=/blacksmith/enhance equipment_pos=equiped@gloves time=2013-04-08_17:38:41.693785 lucky_stone_pos=6 consume_time=0.0285432338715 accountid=24
[hades_req] userid=619 uri=/blacksmith/enhance equipment_pos=equiped@gloves time=2013-04-08_17:38:42.275863 lucky_stone_pos=6 consume_time=0.0277421474457 accountid=24
[hades_req] techid=1 userid=619 uri=/technology/upgrade time=2013-04-08_17:38:50.323857 consume_time=0.0207040309906 accountid=24
[hades_req] techid=1 userid=619 uri=/technology/upgrade time=2013-04-08_17:38:50.704166 consume_time=0.019275188446 accountid=24
[hades_req] techid=1 userid=619 uri=/technology/upgrade time=2013-04-08_17:38:51.091429 consume_time=0.019956111908 accountid=24
[hades_req] techid=1 userid=619 uri=/technology/upgrade time=2013-04-08_17:38:51.450912 consume_time=0.0177178382874 accountid=24
[hades_req] techid=1 userid=619 uri=/technology/upgrade time=2013-04-08_17:38:51.801052 consume_time=0.0196409225464 accountid=24
[hades_req] techid=1 userid=619 uri=/technology/upgrade time=2013-04-08_17:38:52.164293 consume_time=0.0167119503021 accountid=24
[hades_req] techid=1 userid=619 uri=/technology/upgrade time=2013-04-08_17:38:52.551839 consume_time=0.0179278850555 accountid=24
[hades_req] techid=1 userid=619 uri=/technology/upgrade time=2013-04-08_17:38:52.915510 consume_time=0.018196105957 accountid=24
[hades_req] techid=1 userid=619 uri=/technology/upgrade time=2013-04-08_17:38:53.318401 consume_time=0.0165269374847 accountid=24
[hades_req] techid=1 userid=619 uri=/technology/upgrade time=2013-04-08_17:38:53.703847 consume_time=0.0161662101746 accountid=24
[hades_req] techid=2 userid=619 uri=/technology/upgrade time=2013-04-08_17:38:54.449082 consume_time=0.0158970355988 accountid=24
[hades_req] techid=2 userid=619 uri=/technology/upgrade time=2013-04-08_17:38:54.828257 consume_time=0.0131521224976 accountid=24
[hades_req] techid=2 userid=619 uri=/technology/upgrade time=2013-04-08_17:38:55.232794 consume_time=0.0146758556366 accountid=24
[hades_req] techid=2 userid=619 uri=/technology/upgrade time=2013-04-08_17:38:55.579323 consume_time=0.0142660140991 accountid=24
[hades_req] techid=2 userid=619 uri=/technology/upgrade time=2013-04-08_17:38:56.301384 consume_time=0.0180671215057 accountid=24
[hades_req] techid=2 userid=619 uri=/technology/upgrade time=2013-04-08_17:38:58.301160 consume_time=0.0150601863861 accountid=24
[hades_req] techid=2 userid=619 uri=/technology/upgrade time=2013-04-08_17:39:00.112702 consume_time=0.0134761333466 accountid=24
[hades_req] techid=2 userid=619 uri=/technology/upgrade time=2013-04-08_17:39:01.730196 consume_time=0.01358294487 accountid=24
[hades_req] techid=2 userid=619 uri=/technology/upgrade time=2013-04-08_17:39:03.305060 consume_time=0.0159258842468 accountid=24
[hades_req] techid=3 userid=619 uri=/technology/upgrade time=2013-04-08_17:39:04.683554 consume_time=0.0127749443054 accountid=24
[hades_req] techid=3 userid=619 uri=/technology/upgrade time=2013-04-08_17:39:05.083453 consume_time=0.0156681537628 accountid=24
[hades_req] techid=3 userid=619 uri=/technology/upgrade time=2013-04-08_17:39:05.365963 consume_time=0.0145177841187 accountid=24
[hades_req] techid=3 userid=619 uri=/technology/upgrade time=2013-04-08_17:39:05.783978 consume_time=0.0169508457184 accountid=24
[hades_req] techid=3 userid=619 uri=/technology/upgrade time=2013-04-08_17:39:06.182210 consume_time=0.0147638320923 accountid=24
[hades_req] techid=3 userid=619 uri=/technology/upgrade time=2013-04-08_17:39:06.605691 consume_time=0.0178580284119 accountid=24
[hades_req] techid=3 userid=619 uri=/technology/upgrade time=2013-04-08_17:39:07.054107 consume_time=0.0169050693512 accountid=24
[hades_req] ruler=dan09-yewai5.xml userid=619 uri=/scene/jump_to_quest_location time=2013-04-08_17:39:33.889759 map_name=yewai5 consume_time=0.0534281730652 accountid=24
[hades_req] consume_time=0.00472903251648 uri=/admin/leave time=2013-04-08_17:39:34.072430
[hades_req] userid=619 uri=/admin/enter mapname=yewai5 gsid=yewai5@1 time=2013-04-08_17:39:38.287484 consume_time=0.00664401054382
[hades_req] consume_time=0.0042769908905 uri=/admin/leave time=2013-04-08_17:40:17.800288
[hades_req] consume_time=0.00468707084656 uri=/admin/leave time=2013-04-08_17:40:17.807298
[hades_req] userid=1154 uri=/account/choose_player player=1154_罗斯福 time=2013-04-08_17:40:34.353784 consume_time=0.0101220607758 accountid=9
[hades_req] userid=1317 uri=/account/choose_player player=1317_柏莎 time=2013-04-08_17:42:20.824089 consume_time=0.01251912117 accountid=20
[hades_req] userid=1317 uri=/admin/enter mapname=city gsid=city@1 time=2013-04-08_17:42:24.906417 consume_time=0.00698494911194
[hades_req] userid=1317 uri=/scene/go_to_publicmine time=2013-04-08_17:43:17.306958 consume_time=0.0536530017853 accountid=20
[hades_req] consume_time=0.00625991821289 uri=/admin/leave time=2013-04-08_17:43:17.576610
[hades_req] userid=619 uri=/account/choose_player player=619_埃玛 time=2013-04-08_17:43:25.847493 consume_time=0.0110430717468 accountid=24
[hades_req] userid=1317 uri=/admin/enter mapname=gonggongditu gsid=gonggongditu@1 time=2013-04-08_17:43:35.710287 consume_time=0.00587201118469
[hades_req] user_login=登录 uri=/account/temp_login form_password=13524887981hf time=2013-04-08_17:43:56.552345 form_email=183709629@qq.com consume_time=0.020565032959
[hades_req] userid=1317 uri=/scene/back_to_city time=2013-04-08_17:44:01.686391 consume_time=0.0145609378815 accountid=20
[hades_req] consume_time=0.0046968460083 uri=/admin/leave time=2013-04-08_17:44:01.942404
[hades_req] userid=1317 uri=/admin/enter mapname=city gsid=city@1 time=2013-04-08_17:44:04.249393 consume_time=0.007080078125
[hades_req] userid=1317 target_id=1318 uri=/friend/delete_friend time=2013-04-08_17:44:10.002190 consume_time=0.0158331394196 accountid=20
[hades_req] userid=619 uri=/account/choose_player player=619_埃玛 time=2013-04-08_17:44:10.997200 consume_time=0.0101938247681 accountid=24
[hades_req] userid=619 uri=/admin/enter mapname=city gsid=city@1 time=2013-04-08_17:44:13.973450 consume_time=0.0058958530426
[hades_req] user_login=登录 uri=/account/temp_login form_password=123456 time=2013-04-08_17:44:21.099515 form_email=ilicis@live.com consume_time=0.0196838378906
[hades_req] userid=1318 uri=/account/choose_player player=1318_琳达 time=2013-04-08_17:44:29.548174 consume_time=0.0110001564026 accountid=87
[hades_req] userid=1318 uri=/admin/enter mapname=city gsid=city@1 time=2013-04-08_17:44:32.058527 consume_time=0.00547194480896
[hades_req] userid=1318 target_id=619 uri=/friend/friend_request time=2013-04-08_17:44:41.471824 consume_time=0.017009973526 accountid=87
[hades_req] userid=1318 target_id=1317 uri=/friend/friend_request time=2013-04-08_17:44:45.383354 consume_time=0.0198328495026 accountid=87
[hades_req] userid=1154 uri=/account/choose_player player=1154_罗斯福 time=2013-04-08_17:44:46.909905 consume_time=0.0115818977356 accountid=9
[hades_req] userid=1154 uri=/admin/enter mapname=city gsid=city@1 time=2013-04-08_17:44:49.706134 consume_time=0.00704002380371
[hades_req] skip_time=0 userid=1317 uri=/trade/player_store/generate_player_store time=2013-04-08_17:44:51.737160 consume_time=0.00795292854309 accountid=20
[hades_req] userid=1154 uri=/scene/go_to_publicmine time=2013-04-08_17:44:54.139914 consume_time=0.014899969101 accountid=9
[hades_req] consume_time=0.00493693351746 uri=/admin/leave time=2013-04-08_17:44:54.528501
[hades_req] userid=1317 target_id=1318 uri=/friend/accept_friend_request time=2013-04-08_17:44:57.277068 consume_time=0.0195519924164 accountid=20
[hades_req] userid=1154 uri=/admin/enter mapname=gonggongditu gsid=gonggongditu@1 time=2013-04-08_17:45:02.958064 consume_time=0.00641989707947
[hades_req] userid=1318 target_id=1317 uri=/friend/delete_friend time=2013-04-08_17:45:10.422076 consume_time=0.0153141021729 accountid=87
[hades_req] userid=1317 target_id=1318 uri=/friend/friend_request time=2013-04-08_17:45:25.463696 consume_time=0.0162599086761 accountid=20
[hades_req] userid=1318 target_id=1317 uri=/friend/accept_friend_request time=2013-04-08_17:45:37.426104 consume_time=0.00866007804871 accountid=87
[hades_req] consume_time=0.00440406799316 uri=/admin/leave time=2013-04-08_17:45:42.258370
[hades_req] consume_time=0.00457096099854 uri=/admin/leave time=2013-04-08_17:45:42.320435
[hades_req] consume_time=0.00461483001709 uri=/admin/leave time=2013-04-08_17:45:42.351294
[hades_req] consume_time=0.00444602966309 uri=/admin/leave time=2013-04-08_17:45:42.437393
[hades_req] userid=1318 uri=/account/choose_player player=1318_琳达 time=2013-04-08_17:45:57.441826 consume_time=0.0104119777679 accountid=87
[hades_req] userid=1318 uri=/admin/enter mapname=city gsid=city@1 time=2013-04-08_17:45:59.169087 consume_time=0.00804591178894
[hades_req] userid=1154 uri=/account/choose_player player=1154_罗斯福 time=2013-04-08_17:45:59.177030 consume_time=0.010057926178 accountid=9
[hades_req] userid=1317 uri=/account/choose_player player=1317_柏莎 time=2013-04-08_17:46:00.874280 consume_time=0.0116050243378 accountid=20
[hades_req] userid=1154 uri=/admin/enter mapname=city gsid=city@1 time=2013-04-08_17:46:00.977239 consume_time=0.005695104599
[hades_req] userid=1317 uri=/admin/enter mapname=city gsid=city@1 time=2013-04-08_17:46:02.673889 consume_time=0.00567078590393
[hades_req] userid=1154 uri=/scene/go_to_publicmine time=2013-04-08_17:46:04.848093 consume_time=0.0506689548492 accountid=9
[hades_req] consume_time=0.00500893592834 uri=/admin/leave time=2013-04-08_17:46:05.227782
[hades_req] userid=619 uri=/account/choose_player player=619_埃玛 time=2013-04-08_17:46:12.225453 consume_time=0.0109028816223 accountid=24
[hades_req] userid=619 uri=/admin/enter mapname=city gsid=city@1 time=2013-04-08_17:46:13.961912 consume_time=0.00484299659729
[hades_req] userid=1154 uri=/admin/enter mapname=gonggongditu gsid=gonggongditu@1 time=2013-04-08_17:46:20.111087 consume_time=0.00558710098267
[hades_req] userid=619 uri=/goal/get_reward goal_id=2 time=2013-04-08_17:46:20.922252 consume_time=0.00700211524963 accountid=24
[hades_req] userid=619 uri=/goal/get_reward goal_id=1 time=2013-04-08_17:46:22.803046 consume_time=0.00751090049744 accountid=24
[hades_req] skip_time=0 userid=1317 uri=/trade/player_store/generate_player_store time=2013-04-08_17:46:25.041221 consume_time=0.00759410858154 accountid=20
[hades_req] ruler=dan09-yewai5.xml userid=619 uri=/scene/jump_to_quest_location time=2013-04-08_17:46:30.047594 map_name=yewai5 consume_time=0.0496969223022 accountid=24
[hades_req] consume_time=0.00420999526978 uri=/admin/leave time=2013-04-08_17:46:30.218529
[hades_req] count=1 userid=1318 sale_id=1400121 uri=/trade/market/buy time=2013-04-08_17:46:30.975527 consume_time=0.0109620094299 payment=token accountid=87
[hades_req] userid=619 uri=/admin/enter mapname=yewai5 gsid=yewai5@1 time=2013-04-08_17:46:37.466590 consume_time=0.00693392753601
[hades_req] userid=1354 uri=/account/choose_player player=1354_雪丽 time=2013-04-08_17:47:53.814043 consume_time=0.0125119686127 accountid=25
[hades_req] userid=1317 uri=/goal/get_reward goal_id=1 time=2013-04-08_17:48:08.696152 consume_time=0.00748586654663 accountid=20
[hades_req] userid=1317 uri=/goal/get_reward goal_id=2 time=2013-04-08_17:48:11.696219 consume_time=0.00839686393738 accountid=20
[hades_req] userid=619 uri=/scene/back_to_city time=2013-04-08_17:48:30.501015 consume_time=0.0156869888306 accountid=24
[hades_req] consume_time=0.00389099121094 uri=/admin/leave time=2013-04-08_17:48:30.677803
[hades_req] userid=619 uri=/admin/enter mapname=city gsid=city@1 time=2013-04-08_17:48:33.253904 consume_time=0.00591897964478
[hades_req] user_login=登录 uri=/account/temp_login form_password=123456 time=2013-04-08_17:48:42.398637 form_email=majing@111.com consume_time=0.00811290740967
[hades_req] ruler=dan10-yewai6.xml userid=619 uri=/scene/jump_to_quest_location time=2013-04-08_17:48:45.108862 map_name=yewai6 consume_time=0.0591847896576 accountid=24
[hades_req] consume_time=0.00569987297058 uri=/admin/leave time=2013-04-08_17:48:45.382905
[hades_req] userid=619 uri=/admin/enter mapname=yewai6 gsid=yewai6@1 time=2013-04-08_17:48:49.718842 consume_time=0.00726699829102
[hades_req] skip_time=0 userid=1317 uri=/trade/player_store/generate_player_store time=2013-04-08_17:48:58.041364 consume_time=0.00631499290466 accountid=20
[hades_req] userid=1354 uri=/account/choose_player player=1354_雪丽 time=2013-04-08_17:48:59.562769 consume_time=0.0128779411316 accountid=25
[hades_req] count=1 userid=1317 sale_id=1300151 pos=0 uri=/trade/player_store/buy time=2013-04-08_17:49:02.913302 consume_time=0.0114121437073 accountid=20
[hades_req] userid=1354 uri=/admin/enter mapname=city gsid=city@1 time=2013-04-08_17:49:03.391320 consume_time=0.00696015357971
[hades_req] userid=1154 uri=/account/choose_player player=1154_罗斯福 time=2013-04-08_17:49:40.060787 consume_time=0.0122170448303 accountid=9
[hades_req] userid=1154 uri=/admin/enter mapname=city gsid=city@1 time=2013-04-08_17:49:42.059686 consume_time=0.00554895401001
[hades_req] userid=1154 uri=/scene/go_to_publicmine time=2013-04-08_17:49:43.807165 consume_time=0.0146238803864 accountid=9
[hades_req] consume_time=0.00491499900818 uri=/admin/leave time=2013-04-08_17:49:44.182872
[hades_req] ruler=dan07-yewai5.xml userid=1317 uri=/scene/jump_to_quest_location time=2013-04-08_17:49:51.294370 map_name=yewai5 consume_time=0.0572199821472 accountid=20
[hades_req] consume_time=0.0044469833374 uri=/admin/leave time=2013-04-08_17:49:51.540498
[hades_req] userid=1317 uri=/admin/enter mapname=yewai5 gsid=yewai5@2 time=2013-04-08_17:49:56.378686 consume_time=0.0075581073761
[hades_req] consume_time=0.00511503219604 uri=/admin/leave time=2013-04-08_17:50:03.355216
[hades_req] userid=1318 uri=/account/choose_player player=1318_琳达 time=2013-04-08_17:50:06.487661 consume_time=0.0132021903992 accountid=87
[hades_req] userid=1318 uri=/admin/enter mapname=city gsid=city@1 time=2013-04-08_17:50:08.071585 consume_time=0.00658702850342
[hades_req] userid=619 uri=/scene/back_to_city time=2013-04-08_17:50:32.583972 consume_time=0.0170991420746 accountid=24
[hades_req] consume_time=0.0048131942749 uri=/admin/leave time=2013-04-08_17:50:32.821044
[hades_req] userid=619 uri=/admin/enter mapname=city gsid=city@1 time=2013-04-08_17:50:35.201329 consume_time=0.00596189498901
[hades_req] userid=1317 uri=/scene/back_to_city time=2013-04-08_17:50:41.807087 consume_time=0.0167369842529 accountid=20
[hades_req] consume_time=0.00492691993713 uri=/admin/leave time=2013-04-08_17:50:42.044803
[hades_req] userid=1317 uri=/admin/enter mapname=city gsid=city@1 time=2013-04-08_17:50:44.390877 consume_time=0.0068678855896
[hades_req] time=2013-04-08_17:50:46.782105 userid=1317 uri=/maze/goto_maze is_continue=true consume_time=0.0486969947815 accountid=20
[hades_req] consume_time=0.00404906272888 uri=/admin/leave time=2013-04-08_17:50:47.014372
[hades_req] userid=619 uri=/blacksmith/enhance equipment_pos=equiped@body time=2013-04-08_17:50:49.110426 lucky_stone_pos=12 consume_time=0.0356161594391 accountid=24
[hades_req] userid=619 uri=/blacksmith/enhance equipment_pos=equiped@body time=2013-04-08_17:50:49.631412 lucky_stone_pos=12 consume_time=0.0301320552826 accountid=24
[hades_req] userid=619 uri=/blacksmith/enhance equipment_pos=equiped@body time=2013-04-08_17:50:50.127616 lucky_stone_pos=12 consume_time=0.0360019207001 accountid=24
[hades_req] userid=619 uri=/blacksmith/enhance equipment_pos=equiped@body time=2013-04-08_17:50:50.737228 lucky_stone_pos=12 consume_time=0.0290830135345 accountid=24
[hades_req] userid=1317 uri=/admin/enter mapname=migong gsid=migong@1 time=2013-04-08_17:50:51.012280 consume_time=0.00621604919434
[hades_req] userid=619 uri=/blacksmith/enhance equipment_pos=equiped@body time=2013-04-08_17:50:51.269230 lucky_stone_pos=12 consume_time=0.0360159873962 accountid=24
[hades_req] userid=619 uri=/blacksmith/enhance equipment_pos=equiped@body time=2013-04-08_17:50:51.846171 lucky_stone_pos=12 consume_time=0.0290060043335 accountid=24
[hades_req] userid=619 uri=/blacksmith/enhance equipment_pos=equiped@body time=2013-04-08_17:50:52.342358 lucky_stone_pos=12 consume_time=0.0290141105652 accountid=24
[hades_req] userid=619 uri=/blacksmith/enhance equipment_pos=equiped@body time=2013-04-08_17:50:52.951840 lucky_stone_pos=12 consume_time=0.0340700149536 accountid=24
[hades_req] consume_time=0.00487303733826 uri=/admin/leave time=2013-04-08_17:50:53.202185
[hades_req] userid=619 uri=/blacksmith/enhance equipment_pos=equiped@body time=2013-04-08_17:50:53.502062 lucky_stone_pos=12 consume_time=0.0338449478149 accountid=24
[hades_req] userid=619 uri=/blacksmith/enhance equipment_pos=equiped@body time=2013-04-08_17:50:54.123515 lucky_stone_pos=12 consume_time=0.0370988845825 accountid=24
[hades_req] userid=1318 uri=/account/choose_player player=1318_琳达 time=2013-04-08_17:50:56.054191 consume_time=0.0134580135345 accountid=87
[hades_req] userid=1318 uri=/admin/enter mapname=city gsid=city@1 time=2013-04-08_17:50:57.781343 consume_time=0.00566101074219
[hades_req] userid=619 uri=/blacksmith/enhance equipment_pos=equiped@right_hand time=2013-04-08_17:51:04.341871 lucky_stone_pos=12 consume_time=0.0357339382172 accountid=24
[hades_req] userid=619 uri=/blacksmith/enhance equipment_pos=equiped@right_hand time=2013-04-08_17:51:04.930454 lucky_stone_pos=12 consume_time=0.0299079418182 accountid=24
[hades_req] userid=619 uri=/blacksmith/enhance equipment_pos=equiped@right_hand time=2013-04-08_17:51:05.449197 lucky_stone_pos=12 consume_time=0.0314638614655 accountid=24
[hades_req] userid=619 uri=/blacksmith/enhance equipment_pos=equiped@right_hand time=2013-04-08_17:51:06.251620 lucky_stone_pos=12 consume_time=0.0316390991211 accountid=24
[hades_req] userid=619 uri=/blacksmith/enhance equipment_pos=equiped@right_hand time=2013-04-08_17:51:06.981433 lucky_stone_pos=12 consume_time=0.0308887958527 accountid=24
[hades_req] userid=1317 uri=/maze/revive revive_mod=free time=2013-04-08_17:51:16.855426 death_rule_type=maze consume_time=0.00750017166138 accountid=20
[hades_req] userid=619 uri=/blacksmith/enhance equipment_pos=equiped@right_hand time=2013-04-08_17:51:35.103558 lucky_stone_pos=12 consume_time=0.0358800888062 accountid=24
[hades_req] userid=619 uri=/blacksmith/enhance equipment_pos=equiped@right_hand time=2013-04-08_17:51:35.685233 lucky_stone_pos=12 consume_time=0.0288138389587 accountid=24
[hades_req] userid=619 uri=/blacksmith/enhance equipment_pos=equiped@right_hand time=2013-04-08_17:51:36.228413 lucky_stone_pos=12 consume_time=0.0325908660889 accountid=24
[hades_req] userid=619 uri=/blacksmith/enhance equipment_pos=equiped@right_hand time=2013-04-08_17:51:36.746801 lucky_stone_pos=12 consume_time=0.0278799533844 accountid=24
[hades_req] userid=619 uri=/blacksmith/enhance equipment_pos=equiped@right_hand time=2013-04-08_17:51:37.585042 lucky_stone_pos=12 consume_time=0.0336349010468 accountid=24
[hades_req] userid=619 uri=/blacksmith/enhance equipment_pos=equiped@right_hand time=2013-04-08_17:51:38.160358 lucky_stone_pos=12 consume_time=0.0236370563507 accountid=24
[hades_req] userid=619 uri=/blacksmith/enhance equipment_pos=equiped@right_hand time=2013-04-08_17:51:38.794011 lucky_stone_pos=12 consume_time=0.0245878696442 accountid=24
[hades_req] userid=619 uri=/blacksmith/enhance equipment_pos=equiped@right_hand time=2013-04-08_17:51:39.414371 lucky_stone_pos=12 consume_time=0.0279979705811 accountid=24
[hades_req] userid=1317 uri=/scene/back_to_city time=2013-04-08_17:51:41.766245 consume_time=0.0170869827271 accountid=20
[hades_req] consume_time=0.00472712516785 uri=/admin/leave time=2013-04-08_17:51:42.005472
[hades_req] userid=1317 uri=/admin/enter mapname=city gsid=city@1 time=2013-04-08_17:51:44.325594 consume_time=0.00556898117065
[hades_req] userid=1317 uri=/maze/reset time=2013-04-08_17:51:44.954423 consume_time=0.00824308395386 accountid=20
[hades_req] userid=619 uri=/blacksmith/enhance equipment_pos=equiped@gloves time=2013-04-08_17:51:57.320030 lucky_stone_pos=12 consume_time=0.0311470031738 accountid=24
[hades_req] userid=619 uri=/blacksmith/enhance equipment_pos=equiped@gloves time=2013-04-08_17:51:57.902151 lucky_stone_pos=12 consume_time=0.0282888412476 accountid=24
[hades_req] userid=619 uri=/blacksmith/enhance equipment_pos=equiped@gloves time=2013-04-08_17:51:58.432800 lucky_stone_pos=12 consume_time=0.0294678211212 accountid=24
[hades_req] userid=619 uri=/blacksmith/enhance equipment_pos=equiped@gloves time=2013-04-08_17:51:59.012499 lucky_stone_pos=12 consume_time=0.0293679237366 accountid=24
[hades_req] userid=619 uri=/blacksmith/enhance equipment_pos=equiped@gloves time=2013-04-08_17:51:59.535054 lucky_stone_pos=12 consume_time=0.0292479991913 accountid=24
[hades_req] userid=619 uri=/blacksmith/enhance equipment_pos=equiped@gloves time=2013-04-08_17:52:00.090896 lucky_stone_pos=12 consume_time=0.0362257957458 accountid=24
[hades_req] userid=619 uri=/blacksmith/enhance equipment_pos=equiped@gloves time=2013-04-08_17:52:00.718857 lucky_stone_pos=12 consume_time=0.0329399108887 accountid=24
[hades_req] userid=619 uri=/blacksmith/enhance equipment_pos=equiped@gloves time=2013-04-08_17:52:01.199101 lucky_stone_pos=12 consume_time=0.0293560028076 accountid=24
[hades_req] userid=619 uri=/blacksmith/enhance equipment_pos=equiped@gloves time=2013-04-08_17:52:01.567451 lucky_stone_pos=12 consume_time=0.0270321369171 accountid=24
[hades_req] userid=619 uri=/blacksmith/enhance equipment_pos=equiped@gloves time=2013-04-08_17:52:02.229612 lucky_stone_pos=12 consume_time=0.0216870307922 accountid=24
[hades_req] userid=619 uri=/blacksmith/enhance equipment_pos=equiped@gloves time=2013-04-08_17:52:02.736374 lucky_stone_pos=12 consume_time=0.0285851955414 accountid=24
[hades_req] techid=3 userid=619 uri=/technology/upgrade time=2013-04-08_17:52:09.989683 consume_time=0.0194947719574 accountid=24
[hades_req] techid=3 userid=619 uri=/technology/upgrade time=2013-04-08_17:52:12.258878 consume_time=0.0177638530731 accountid=24
[hades_req] techid=3 userid=619 uri=/technology/upgrade time=2013-04-08_17:52:13.613072 consume_time=0.0173771381378 accountid=24
[hades_req] userid=1317 uri=/trade/store/sell time=2013-04-08_17:52:34.345666 position=24 consume_time=0.00400018692017 accountid=20
[hades_req] userid=1317 uri=/trade/store/sell time=2013-04-08_17:52:35.128856 position=22 consume_time=0.0039849281311 accountid=20
[hades_req] userid=1317 uri=/trade/store/sell time=2013-04-08_17:52:35.695729 position=21 consume_time=0.00390386581421 accountid=20
[hades_req] userid=1317 uri=/trade/store/sell time=2013-04-08_17:52:36.129430 position=20 consume_time=0.00453901290894 accountid=20
[hades_req] userid=1317 uri=/trade/store/sell time=2013-04-08_17:52:36.662136 position=25 consume_time=0.00439405441284 accountid=20
[hades_req] userid=1317 uri=/trade/store/sell time=2013-04-08_17:52:37.195708 position=19 consume_time=0.00400686264038 accountid=20
[hades_req] package_pos=0 userid=1317 uri=/package/unpack_bundle time=2013-04-08_17:52:38.609055 consume_time=0.0101170539856 accountid=20
[hades_req] userid=619 uri=/reward/reward_by_gametime time=2013-04-08_17:52:39.228941 consume_time=0.00906109809875 id=1 accountid=24
[hades_req] userid=619 uri=/reward/reward_by_checkin time=2013-04-08_17:52:40.463341 consume_time=0.00983309745789 accountid=24
[hades_req] userid=619 uri=/reward/reward_by_gametime time=2013-04-08_17:52:41.598993 consume_time=0.00900506973267 id=2 accountid=24
[hades_req] userid=1154 uri=/account/choose_player player=1154_罗斯福 time=2013-04-08_17:52:43.717239 consume_time=0.0115139484406 accountid=9
[hades_req] userid=1154 uri=/admin/enter mapname=city gsid=city@1 time=2013-04-08_17:52:45.621613 consume_time=0.00577402114868
[hades_req] userid=1154 uri=/scene/go_to_publicmine time=2013-04-08_17:52:47.818678 consume_time=0.015664100647 accountid=9
[hades_req] consume_time=0.00468993186951 uri=/admin/leave time=2013-04-08_17:52:48.201813
[hades_req] techid=4 userid=619 uri=/technology/upgrade time=2013-04-08_17:52:59.216191 consume_time=0.0161390304565 accountid=24
[hades_req] techid=4 userid=619 uri=/technology/upgrade time=2013-04-08_17:52:59.590150 consume_time=0.0182590484619 accountid=24
[hades_req] techid=4 userid=619 uri=/technology/upgrade time=2013-04-08_17:52:59.925328 consume_time=0.0184690952301 accountid=24
[hades_req] techid=4 userid=619 uri=/technology/upgrade time=2013-04-08_17:53:00.325625 consume_time=0.0189399719238 accountid=24
[hades_req] techid=4 userid=619 uri=/technology/upgrade time=2013-04-08_17:53:01.011785 consume_time=0.018434047699 accountid=24
[hades_req] techid=4 userid=619 uri=/technology/upgrade time=2013-04-08_17:53:01.415671 consume_time=0.0180640220642 accountid=24
[hades_req] techid=4 userid=619 uri=/technology/upgrade time=2013-04-08_17:53:01.790014 consume_time=0.0183820724487 accountid=24
[hades_req] techid=4 userid=619 uri=/technology/upgrade time=2013-04-08_17:53:02.175537 consume_time=0.0170540809631 accountid=24
[hades_req] techid=4 userid=619 uri=/technology/upgrade time=2013-04-08_17:53:02.647408 consume_time=0.0191669464111 accountid=24
[hades_req] techid=4 userid=619 uri=/technology/upgrade time=2013-04-08_17:53:03.161554 consume_time=0.0191011428833 accountid=24
[hades_req] techid=4 userid=619 uri=/technology/upgrade time=2013-04-08_17:53:03.511236 consume_time=0.0178120136261 accountid=24
[hades_req] techid=5 userid=619 uri=/technology/upgrade time=2013-04-08_17:53:14.058691 consume_time=0.0211629867554 accountid=24
[hades_req] techid=5 userid=619 uri=/technology/upgrade time=2013-04-08_17:53:14.523064 consume_time=0.017117023468 accountid=24
[hades_req] techid=5 userid=619 uri=/technology/upgrade time=2013-04-08_17:53:14.944265 consume_time=0.0189430713654 accountid=24
[hades_req] techid=5 userid=619 uri=/technology/upgrade time=2013-04-08_17:53:15.241694 consume_time=0.0181090831757 accountid=24
[hades_req] techid=5 userid=619 uri=/technology/upgrade time=2013-04-08_17:53:15.760621 consume_time=0.0180900096893 accountid=24
[hades_req] techid=5 userid=619 uri=/technology/upgrade time=2013-04-08_17:53:16.244819 consume_time=0.0234358310699 accountid=24
[hades_req] techid=5 userid=619 uri=/technology/upgrade time=2013-04-08_17:53:16.742834 consume_time=0.0178611278534 accountid=24
[hades_req] techid=5 userid=619 uri=/technology/upgrade time=2013-04-08_17:53:17.279184 consume_time=0.0211360454559 accountid=24
[hades_req] techid=5 userid=619 uri=/technology/upgrade time=2013-04-08_17:53:17.722602 consume_time=0.0179150104523 accountid=24
[hades_req] techid=5 userid=619 uri=/technology/upgrade time=2013-04-08_17:53:18.073979 consume_time=0.015841960907 accountid=24
[hades_req] techid=5 userid=619 uri=/technology/upgrade time=2013-04-08_17:53:18.734752 consume_time=0.0196671485901 accountid=24
[hades_req] techid=5 userid=619 uri=/technology/upgrade time=2013-04-08_17:53:19.405247 consume_time=0.0178520679474 accountid=24
[hades_req] ruler=dan11-privatemine1.xml userid=619 uri=/scene/jump_to_quest_location time=2013-04-08_17:53:27.138391 map_name=privatemine1 consume_time=0.0617089271545 accountid=24
[hades_req] consume_time=0.00448298454285 uri=/admin/leave time=2013-04-08_17:53:27.326452
[hades_req] userid=619 uri=/admin/enter mapname=privatemine1 gsid=privatemine1@1 time=2013-04-08_17:53:30.584411 consume_time=0.00565385818481
[hades_req] consume_time=0.00473308563232 uri=/admin/leave time=2013-04-08_17:53:42.053697
[hades_req] consume_time=0.0048451423645 uri=/admin/leave time=2013-04-08_17:53:42.124297
[hades_req] consume_time=0.00541186332703 uri=/admin/leave time=2013-04-08_17:53:42.244964
[hades_req] userid=619 uri=/account/choose_player player=619_埃玛 time=2013-04-08_17:53:56.590478 consume_time=0.01051902771 accountid=24
[hades_req] userid=619 uri=/admin/enter mapname=city gsid=city@1 time=2013-04-08_17:53:58.361903 consume_time=0.00663495063782
[hades_req] user_login=登录 uri=/account/temp_login form_password=123456 time=2013-04-08_17:54:21.669860 form_email=majing@111.com consume_time=0.00625514984131
[hades_req] userid=1354 uri=/account/choose_player player=1354_雪丽 time=2013-04-08_17:54:32.782417 consume_time=0.0135471820831 accountid=25
[hades_req] userid=1354 uri=/admin/enter mapname=city gsid=city@1 time=2013-04-08_17:54:35.190687 consume_time=0.0059769153595
[hades_req] userid=1154 uri=/account/choose_player player=1154_罗斯福 time=2013-04-08_17:54:44.881350 consume_time=0.0110139846802 accountid=9
[hades_req] userid=1154 uri=/admin/enter mapname=city gsid=city@1 time=2013-04-08_17:54:46.766181 consume_time=0.0059871673584
[hades_req] ruler=dan11-privatemine1.xml userid=619 uri=/scene/jump_to_quest_location time=2013-04-08_17:54:50.635422 map_name=privatemine1 consume_time=0.0546760559082 accountid=24
[hades_req] consume_time=0.0047390460968 uri=/admin/leave time=2013-04-08_17:54:50.832343
[hades_req] consume_time=0.00459384918213 uri=/admin/leave time=2013-04-08_17:54:51.672061
[hades_req] user_login=登录 uri=/account/temp_login form_password=123456 time=2013-04-08_17:54:52.860701 form_email=majing@111.com consume_time=0.00627493858337
[hades_req] userid=619 uri=/admin/enter mapname=privatemine1 gsid=privatemine1@1 time=2013-04-08_17:54:53.712207 consume_time=0.00562191009521
[hades_req] userid=1154 uri=/scene/go_to_publicmine time=2013-04-08_17:54:54.296713 consume_time=0.0526649951935 accountid=9
[hades_req] consume_time=0.00523591041565 uri=/admin/leave time=2013-04-08_17:54:54.687425
[hades_req] userid=1302 uri=/account/choose_player player=1302_贝芙 time=2013-04-08_17:55:04.694768 consume_time=0.0125479698181 accountid=25
[hades_req] userid=1302 uri=/admin/enter mapname=city gsid=city@1 time=2013-04-08_17:55:07.086931 consume_time=0.00999188423157
[hades_req] userid=1154 uri=/admin/enter mapname=gonggongditu gsid=gonggongditu@1 time=2013-04-08_17:55:10.212210 consume_time=0.00543618202209
[hades_req] consume_time=0.00449204444885 uri=/admin/leave time=2013-04-08_17:55:26.650043
[hades_req] user_login=登录 uri=/account/temp_login form_password=123456 time=2013-04-08_17:55:28.082746 form_email=majing@111.com consume_time=0.00592994689941
[hades_req] userid=1088 uri=/account/choose_player player=1088_多拉 time=2013-04-08_17:55:39.132710 consume_time=0.0132839679718 accountid=25
[hades_req] userid=1088 uri=/admin/enter mapname=city gsid=city@1 time=2013-04-08_17:55:41.514821 consume_time=0.0113270282745
[hades_req] consume_time=0.00432109832764 uri=/admin/leave time=2013-04-08_17:56:58.421115
[hades_req] consume_time=0.00465703010559 uri=/admin/leave time=2013-04-08_17:56:58.461507
[hades_req] ruler=dan49-dilao4.xml userid=1088 uri=/scene/jump_to_quest_location time=2013-04-08_17:57:05.338838 map_name=dilao4 consume_time=0.0664250850677 accountid=25
[hades_req] user_login=登录 uri=/account/temp_login form_password=123456 time=2013-04-08_17:57:13.167390 form_email=majing@111.com consume_time=0.00670194625854
[hades_req] userid=1088 uri=/account/choose_player player=1088_多拉 time=2013-04-08_17:57:23.816450 consume_time=0.0125451087952 accountid=25
[hades_req] userid=1154 uri=/account/choose_player player=1154_罗斯福 time=2013-04-08_17:57:23.956487 consume_time=0.011125087738 accountid=9
[hades_req] userid=1154 uri=/admin/enter mapname=city gsid=city@1 time=2013-04-08_17:57:26.002060 consume_time=0.00632500648499
[hades_req] userid=1088 uri=/admin/enter mapname=city gsid=city@1 time=2013-04-08_17:57:26.182182 consume_time=0.0062370300293
[hades_req] ruler=dan49-dilao4.xml userid=1088 uri=/scene/jump_to_quest_location time=2013-04-08_17:57:35.055315 map_name=dilao4 consume_time=0.0524652004242 accountid=25
[hades_req] consume_time=0.00550889968872 uri=/admin/leave time=2013-04-08_17:57:35.330955
[hades_req] userid=1088 uri=/admin/enter mapname=dilao4 gsid=dilao4@1 time=2013-04-08_17:57:38.862627 consume_time=0.00819396972656
[hades_req] userid=1154 uri=/scene/go_to_publicmine time=2013-04-08_17:58:22.559497 consume_time=0.0179870128632 accountid=9
[hades_req] consume_time=0.00508189201355 uri=/admin/leave time=2013-04-08_17:58:22.944332
[hades_req] userid=1154 uri=/admin/enter mapname=gonggongditu gsid=gonggongditu@1 time=2013-04-08_17:58:28.843998 consume_time=0.00728607177734
[hades_req] consume_time=0.00409889221191 uri=/admin/leave time=2013-04-08_17:59:07.306535
[hades_req] user_login=登录 uri=/account/temp_login form_password=123456 time=2013-04-08_17:59:16.825221 form_email=majing@111.com consume_time=0.00664496421814
[hades_req] userid=1088 uri=/account/choose_player player=1088_多拉 time=2013-04-08_17:59:28.570839 consume_time=0.0115129947662 accountid=25
[hades_req] userid=1088 uri=/admin/enter mapname=city gsid=city@1 time=2013-04-08_17:59:30.934068 consume_time=0.00711798667908
[hades_req] ruler=dan49-dilao4.xml userid=1088 uri=/scene/jump_to_quest_location time=2013-04-08_17:59:41.775447 map_name=dilao4 consume_time=0.0181379318237 accountid=25
[hades_req] consume_time=0.00418019294739 uri=/admin/leave time=2013-04-08_17:59:42.069250
[hades_req] userid=1088 uri=/admin/enter mapname=dilao4 gsid=dilao4@1 time=2013-04-08_17:59:44.535017 consume_time=0.00587391853333
