[hades_req] userid=1358 uri=/scene/back_to_city time=2013-04-08_15:00:13.637922 consume_time=0.0162370204926 accountid=19
[hades_req] consume_time=0.00424289703369 uri=/admin/leave time=2013-04-08_15:00:15.326589
[hades_req] items=material@9003@99,material@8003@99 userid=1265 uri=/trade/store/multi_buy time=2013-04-08_15:00:19.115853 consume_time=0.00693392753601 accountid=63
[hades_req] userid=1358 uri=/admin/enter mapname=city gsid=city@1 time=2013-04-08_15:00:22.328459 consume_time=0.00689601898193
[hades_req] userid=1358 uri=/account/choose_player player=1358_耶基斯 time=2013-04-08_15:00:53.153563 consume_time=0.0115149021149 accountid=19
[hades_req] userid=1358 uri=/admin/enter mapname=city gsid=city@1 time=2013-04-08_15:00:59.492822 consume_time=0.00612902641296
[hades_req] userid=1265 uri=/account/choose_player player=1265_简 time=2013-04-08_15:01:22.087172 consume_time=0.0129828453064 accountid=63
[hades_req] userid=1265 uri=/admin/enter mapname=city gsid=city@1 time=2013-04-08_15:01:25.396563 consume_time=0.00724101066589
[hades_req] userid=1358 uri=/account/choose_player player=1358_耶基斯 time=2013-04-08_15:01:48.476715 consume_time=0.0147869586945 accountid=19
[hades_req] userid=1358 uri=/admin/enter mapname=city gsid=city@1 time=2013-04-08_15:01:53.944931 consume_time=0.00490212440491
[hades_req] userid=1318 uri=/profile/cheerup time=2013-04-08_15:02:18.886612 consume_time=0.00695300102234 accountid=87
[hades_req] userid=1318 uri=/scene/back_to_city time=2013-04-08_15:02:26.144478 consume_time=0.014298915863 accountid=87
[hades_req] consume_time=0.00499701499939 uri=/admin/leave time=2013-04-08_15:02:26.480623
[hades_req] userid=1318 uri=/admin/enter mapname=city gsid=city@1 time=2013-04-08_15:02:28.361264 consume_time=0.00829315185547
[hades_req] consume_time=0.00474286079407 uri=/admin/leave time=2013-04-08_15:04:15.481549
[hades_req] userid=1358 uri=/account/choose_player player=1358_耶基斯 time=2013-04-08_15:06:08.159879 consume_time=0.0110538005829 accountid=19
[hades_req] userid=1358 uri=/admin/enter mapname=city gsid=city@1 time=2013-04-08_15:06:12.763670 consume_time=0.00647306442261
[hades_req] idcard=1234345656dfdf account_id=19 gender=female camp=1 userid=1358 uri=/profile/register role=master time=2013-04-08_15:06:27.079932 consume_time=0.010931968689 accountid=19 name=伊妮德
[hades_req] userid=1359 uri=/account/choose_player player=1359_伊妮德 time=2013-04-08_15:06:32.012879 consume_time=0.0110499858856 accountid=19
[hades_req] userid=1359 uri=/admin/enter mapname=city gsid=city@1 time=2013-04-08_15:06:37.284192 consume_time=0.0104150772095
[hades_req] consume_time=0.00460696220398 uri=/admin/leave time=2013-04-08_15:07:27.139379
[hades_req] userid=1358 uri=/account/choose_player player=1358_耶基斯 time=2013-04-08_15:07:31.619271 consume_time=0.0104560852051 accountid=19
[hades_req] userid=1358 uri=/admin/enter mapname=city gsid=city@1 time=2013-04-08_15:07:35.560495 consume_time=0.00625896453857
[hades_req] userid=1265 uri=/account/choose_player player=1265_简 time=2013-04-08_15:07:38.031442 consume_time=0.00933790206909 accountid=63
[hades_req] target_id=1318 userid=1358 uri=/friend/reject_friend_request time=2013-04-08_15:07:39.535910 consume_time=0.00228905677795 accountid=19
[hades_req] userid=1359 uri=/account/choose_player player=1359_伊妮德 time=2013-04-08_15:07:45.937847 consume_time=0.0102801322937 accountid=19
[hades_req] userid=1359 uri=/admin/enter mapname=city gsid=city@1 time=2013-04-08_15:07:52.090354 consume_time=0.0063910484314
[hades_req] userid=1265 uri=/account/choose_player player=1265_简 time=2013-04-08_15:08:21.147760 consume_time=0.0103769302368 accountid=63
[hades_req] ruler=dan01-huoshan4.xml userid=1359 uri=/scene/jump_to_quest_location time=2013-04-08_15:08:22.402423 map_name=huoshan4 consume_time=0.0503790378571 accountid=19
[hades_req] consume_time=0.00306606292725 uri=/admin/leave time=2013-04-08_15:08:23.886683
[hades_req] userid=1265 uri=/admin/enter mapname=city gsid=city@1 time=2013-04-08_15:08:24.485115 consume_time=0.0111072063446
[hades_req] userid=1359 uri=/admin/enter mapname=huoshan4 gsid=huoshan4@1 time=2013-04-08_15:08:29.656832 consume_time=0.00634694099426
[hades_req] items=material@9003@99,material@8003@99 userid=1265 uri=/trade/store/multi_buy time=2013-04-08_15:08:54.513679 consume_time=0.00655102729797 accountid=63
[hades_req] userid=1359 uri=/scene/back_to_city time=2013-04-08_15:09:09.691534 consume_time=0.0131769180298 accountid=19
[hades_req] consume_time=0.00427198410034 uri=/admin/leave time=2013-04-08_15:09:10.642068
[hades_req] userid=1359 uri=/admin/enter mapname=city gsid=city@1 time=2013-04-08_15:09:15.598282 consume_time=0.00682711601257
[hades_req] items=material@9003@99,material@8003@99 userid=1265 uri=/trade/store/multi_buy time=2013-04-08_15:09:18.632397 consume_time=0.00779414176941 accountid=63
[hades_req] userid=1265 uri=/blacksmith/combine time=2013-04-08_15:09:36.994036 consume_time=0.0234320163727 combine_id=185 accountid=63
[hades_req] userid=1265 uri=/blacksmith/combine time=2013-04-08_15:09:43.700563 consume_time=0.0298008918762 combine_id=184 accountid=63
[hades_req] userid=1265 uri=/blacksmith/combine time=2013-04-08_15:09:51.030282 consume_time=0.0264990329742 combine_id=182 accountid=63
[hades_req] userid=1265 uri=/blacksmith/enhance equipment_pos=equiped@shoulders time=2013-04-08_15:10:02.417877 lucky_stone_pos=59 consume_time=0.0479490756989 accountid=63
[hades_req] userid=1265 uri=/blacksmith/enhance equipment_pos=equiped@shoulders time=2013-04-08_15:10:03.157126 lucky_stone_pos=59 consume_time=0.0369319915771 accountid=63
[hades_req] userid=1265 uri=/blacksmith/enhance equipment_pos=equiped@shoulders time=2013-04-08_15:10:03.751351 lucky_stone_pos=59 consume_time=0.0356550216675 accountid=63
[hades_req] userid=1265 uri=/blacksmith/enhance equipment_pos=equiped@shoulders time=2013-04-08_15:10:04.421140 lucky_stone_pos=59 consume_time=0.0353569984436 accountid=63
[hades_req] userid=1265 uri=/blacksmith/enhance equipment_pos=equiped@shoulders time=2013-04-08_15:10:05.088938 lucky_stone_pos=59 consume_time=0.0394060611725 accountid=63
[hades_req] userid=1265 uri=/blacksmith/enhance equipment_pos=equiped@shoulders time=2013-04-08_15:10:05.749933 lucky_stone_pos=59 consume_time=0.0290610790253 accountid=63
[hades_req] userid=1265 uri=/blacksmith/enhance equipment_pos=equiped@shoulders time=2013-04-08_15:10:06.419185 lucky_stone_pos=59 consume_time=0.0378339290619 accountid=63
[hades_req] userid=1265 uri=/blacksmith/enhance equipment_pos=equiped@shoulders time=2013-04-08_15:10:07.070365 lucky_stone_pos=59 consume_time=0.023866891861 accountid=63
[hades_req] userid=1265 uri=/blacksmith/enhance equipment_pos=equiped@shoulders time=2013-04-08_15:10:07.690444 lucky_stone_pos=59 consume_time=0.0321478843689 accountid=63
[hades_req] userid=1265 uri=/blacksmith/enhance equipment_pos=equiped@shoulders time=2013-04-08_15:10:08.358516 lucky_stone_pos=59 consume_time=0.0228698253632 accountid=63
[hades_req] userid=1265 uri=/blacksmith/enhance equipment_pos=equiped@shoulders time=2013-04-08_15:10:09.328130 lucky_stone_pos=59 consume_time=0.0430538654327 accountid=63
[hades_req] userid=1265 uri=/blacksmith/enhance equipment_pos=equiped@shoulders time=2013-04-08_15:10:09.908383 lucky_stone_pos=59 consume_time=0.0228440761566 accountid=63
[hades_req] userid=1265 uri=/blacksmith/enhance equipment_pos=equiped@shoulders time=2013-04-08_15:10:10.426320 lucky_stone_pos=59 consume_time=0.0232570171356 accountid=63
[hades_req] userid=1265 uri=/blacksmith/enhance equipment_pos=equiped@shoulders time=2013-04-08_15:10:11.092679 lucky_stone_pos=59 consume_time=0.0229558944702 accountid=63
[hades_req] userid=1265 uri=/blacksmith/enhance equipment_pos=equiped@shoulders time=2013-04-08_15:10:13.921140 lucky_stone_pos=53 consume_time=0.0362038612366 accountid=63
[hades_req] userid=1265 uri=/blacksmith/enhance equipment_pos=equiped@shoulders time=2013-04-08_15:10:14.704800 lucky_stone_pos=53 consume_time=0.0428562164307 accountid=63
[hades_req] userid=1265 uri=/blacksmith/enhance equipment_pos=equiped@shoulders time=2013-04-08_15:10:15.434625 lucky_stone_pos=53 consume_time=0.0385417938232 accountid=63
[hades_req] userid=1265 uri=/blacksmith/enhance equipment_pos=equiped@shoulders time=2013-04-08_15:10:16.310194 lucky_stone_pos=53 consume_time=0.0401258468628 accountid=63
[hades_req] userid=1265 uri=/blacksmith/enhance equipment_pos=equiped@shoulders time=2013-04-08_15:10:16.957654 lucky_stone_pos=53 consume_time=0.037339925766 accountid=63
[hades_req] userid=1265 uri=/blacksmith/enhance equipment_pos=equiped@shoulders time=2013-04-08_15:10:17.526457 lucky_stone_pos=53 consume_time=0.0398979187012 accountid=63
[hades_req] userid=1265 uri=/blacksmith/enhance equipment_pos=equiped@shoulders time=2013-04-08_15:10:18.291681 lucky_stone_pos=53 consume_time=0.0416600704193 accountid=63
[hades_req] userid=1265 uri=/blacksmith/enhance equipment_pos=equiped@shoulders time=2013-04-08_15:10:19.143835 lucky_stone_pos=53 consume_time=0.0407800674438 accountid=63
[hades_req] userid=1265 uri=/blacksmith/enhance equipment_pos=equiped@shoulders time=2013-04-08_15:10:19.986432 lucky_stone_pos=53 consume_time=0.0379769802094 accountid=63
[hades_req] userid=1265 uri=/blacksmith/enhance equipment_pos=equiped@shoulders time=2013-04-08_15:10:20.659159 lucky_stone_pos=53 consume_time=0.038272857666 accountid=63
[hades_req] userid=1265 uri=/blacksmith/enhance equipment_pos=equiped@shoulders time=2013-04-08_15:10:21.575067 lucky_stone_pos=53 consume_time=0.037770986557 accountid=63
[hades_req] userid=1265 uri=/blacksmith/enhance equipment_pos=equiped@shoulders time=2013-04-08_15:10:22.277302 lucky_stone_pos=53 consume_time=0.0399689674377 accountid=63
[hades_req] userid=1265 uri=/blacksmith/enhance equipment_pos=equiped@shoulders time=2013-04-08_15:10:23.094768 lucky_stone_pos=53 consume_time=0.0415229797363 accountid=63
[hades_req] userid=1265 uri=/blacksmith/enhance equipment_pos=equiped@shoes time=2013-04-08_15:10:28.492103 lucky_stone_pos=53 consume_time=0.038754940033 accountid=63
[hades_req] userid=1265 uri=/blacksmith/enhance equipment_pos=equiped@shoes time=2013-04-08_15:10:31.017759 lucky_stone_pos=59 consume_time=0.0321991443634 accountid=63
[hades_req] userid=1265 uri=/blacksmith/enhance equipment_pos=equiped@shoes time=2013-04-08_15:10:31.906589 lucky_stone_pos=59 consume_time=0.0324840545654 accountid=63
[hades_req] userid=1265 uri=/blacksmith/enhance equipment_pos=equiped@shoes time=2013-04-08_15:10:32.506162 lucky_stone_pos=59 consume_time=0.0336139202118 accountid=63
[hades_req] userid=1154 uri=/account/choose_player player=1154_罗斯福 time=2013-04-08_15:10:44.784681 consume_time=0.0123019218445 accountid=9
[hades_req] userid=1359 uri=/blacksmith/enhance equipment_pos=equiped@right_hand time=2013-04-08_15:10:46.747507 lucky_stone_pos=2 consume_time=0.027713060379 accountid=19
[hades_req] userid=1154 uri=/admin/enter mapname=city gsid=city@1 time=2013-04-08_15:10:46.958136 consume_time=0.0065381526947
[hades_req] userid=1154 uri=/scene/go_to_publicmine time=2013-04-08_15:10:49.095676 consume_time=0.0545339584351 accountid=9
[hades_req] userid=1359 uri=/blacksmith/enhance equipment_pos=equiped@right_hand time=2013-04-08_15:10:49.223453 lucky_stone_pos=2 consume_time=0.0434470176697 accountid=19
[hades_req] consume_time=0.00418496131897 uri=/admin/leave time=2013-04-08_15:10:49.496059
[hades_req] userid=1359 uri=/blacksmith/enhance equipment_pos=equiped@right_hand time=2013-04-08_15:10:51.064666 lucky_stone_pos=2 consume_time=0.0288300514221 accountid=19
[hades_req] userid=1359 uri=/blacksmith/enhance equipment_pos=equiped@right_hand time=2013-04-08_15:10:52.546167 lucky_stone_pos=2 consume_time=0.0302999019623 accountid=19
[hades_req] userid=1359 uri=/blacksmith/enhance equipment_pos=equiped@right_hand time=2013-04-08_15:10:54.478157 lucky_stone_pos=2 consume_time=0.0304341316223 accountid=19
[hades_req] userid=1154 uri=/admin/enter mapname=gonggongditu gsid=gonggongditu@1 time=2013-04-08_15:10:56.717576 consume_time=0.00737905502319
[hades_req] ruler=dan02-huoshan1.xml userid=1359 uri=/scene/jump_to_quest_location time=2013-04-08_15:11:05.220046 map_name=huoshan1 consume_time=0.059210062027 accountid=19
[hades_req] consume_time=0.00438189506531 uri=/admin/leave time=2013-04-08_15:11:05.621303
[hades_req] userid=1359 uri=/admin/enter mapname=huoshan1 gsid=huoshan1@1 time=2013-04-08_15:11:09.414437 consume_time=0.00703001022339
[hades_req] userid=1359 uri=/scene/back_to_city time=2013-04-08_15:12:03.207066 consume_time=0.0222289562225 accountid=19
[hades_req] consume_time=0.00447702407837 uri=/admin/leave time=2013-04-08_15:12:04.023408
[hades_req] userid=1359 uri=/admin/enter mapname=city gsid=city@1 time=2013-04-08_15:12:08.236463 consume_time=0.00580096244812
[hades_req] userid=1318 uri=/account/choose_player player=1318_琳达 time=2013-04-08_15:12:11.613335 consume_time=0.0149691104889 accountid=87
[hades_req] userid=1318 uri=/admin/enter mapname=city gsid=city@1 time=2013-04-08_15:12:13.124152 consume_time=0.00653505325317
[hades_req] consume_time=0.00412893295288 uri=/admin/leave time=2013-04-08_15:12:29.092037
[hades_req] userid=1318 target_id=1265 uri=/friend/friend_request time=2013-04-08_15:12:37.982011 consume_time=0.0267751216888 accountid=87
[hades_req] userid=1318 target_id=1265 uri=/friend/friend_request time=2013-04-08_15:12:46.671543 consume_time=0.0269930362701 accountid=87
[hades_req] ruler=dan46-dilao1.xml userid=1265 uri=/scene/jump_to_quest_location time=2013-04-08_15:12:57.663642 map_name=dilao1 consume_time=0.0603590011597 accountid=63
[hades_req] consume_time=0.00491619110107 uri=/admin/leave time=2013-04-08_15:12:58.035103
[hades_req] userid=1265 uri=/admin/enter mapname=dilao1 gsid=dilao1@1 time=2013-04-08_15:13:02.375589 consume_time=0.00697684288025
[hades_req] consume_time=0.00385785102844 uri=/admin/leave time=2013-04-08_15:13:04.319016
[hades_req] userid=1265 uri=/scene/back_to_city time=2013-04-08_15:13:06.405817 consume_time=0.0176439285278 accountid=63
[hades_req] consume_time=0.0042929649353 uri=/admin/leave time=2013-04-08_15:13:06.746502
[hades_req] userid=1265 uri=/admin/enter mapname=city gsid=city@1 time=2013-04-08_15:13:08.720657 consume_time=0.0057909488678
[hades_req] userid=1318 target_id=1265 uri=/friend/friend_request time=2013-04-08_15:13:12.344988 consume_time=0.0203471183777 accountid=87
[hades_req] consume_time=0.00439286231995 uri=/admin/leave time=2013-04-08_15:13:19.537365
[hades_req] userid=1359 uri=/account/choose_player player=1359_伊妮德 time=2013-04-08_15:13:26.208479 consume_time=0.0136399269104 accountid=19
[hades_req] userid=1318 uri=/account/choose_player player=1318_琳达 time=2013-04-08_15:13:29.626383 consume_time=0.0129160881042 accountid=87
[hades_req] userid=1359 uri=/admin/enter mapname=city gsid=city@1 time=2013-04-08_15:13:31.267596 consume_time=0.00479507446289
[hades_req] userid=1318 uri=/admin/enter mapname=city gsid=city@1 time=2013-04-08_15:13:31.812230 consume_time=0.00613903999329
[hades_req] userid=1318 target_id=1359 uri=/friend/friend_request time=2013-04-08_15:13:37.672778 consume_time=0.00483512878418 accountid=87
[hades_req] target_id=1318 userid=1359 uri=/friend/reject_friend_request time=2013-04-08_15:13:42.417727 consume_time=0.00187706947327 accountid=19
[hades_req] userid=1318 target_id=1265 uri=/friend/friend_request time=2013-04-08_15:13:49.590543 consume_time=0.019679069519 accountid=87
[hades_req] userid=607 uri=/account/choose_player player=607_麦克亚当 time=2013-04-08_15:14:02.700538 consume_time=0.0109119415283 accountid=24
[hades_req] userid=607 uri=/admin/enter mapname=city gsid=city@1 time=2013-04-08_15:14:05.199899 consume_time=0.00530004501343
[hades_req] combine_id=4055 userid=1265 uri=/blacksmith/combine time=2013-04-08_15:14:13.743935 consume_time=0.0162479877472 should_by_buy=0 accountid=63
[hades_req] userid=1318 target_id=1265 uri=/friend/friend_request time=2013-04-08_15:14:21.652344 consume_time=0.0166540145874 accountid=87
[hades_req] userid=607 uri=/scene/enter_tavern time=2013-04-08_15:14:24.528180 consume_time=0.00945520401001 type=instance accountid=24
[hades_req] consume_time=0.00429081916809 uri=/admin/leave time=2013-04-08_15:14:24.743063
[hades_req] userid=607 uri=/admin/enter mapname=jiuguanshinei gsid=jiuguanshinei@98 time=2013-04-08_15:14:26.590988 consume_time=0.00681805610657
[hades_req] userid=1265 uri=/blacksmith/mosaic stone_pos=13@slot0 time=2013-04-08_15:14:49.208407 mosaic_item=equiped@head consume_time=0.014527797699 accountid=63
[hades_req] userid=1265 uri=/blacksmith/mosaic stone_pos=9@slot1 time=2013-04-08_15:14:52.257748 mosaic_item=equiped@head consume_time=0.0128920078278 accountid=63
[hades_req] userid=1265 uri=/blacksmith/mosaic stone_pos=6@slot2 time=2013-04-08_15:14:55.874409 mosaic_item=equiped@head consume_time=0.0139000415802 accountid=63
[hades_req] consume_time=0.00391292572021 uri=/admin/leave time=2013-04-08_15:14:55.980112
[hades_req] punch_item=equiped@head time=2013-04-08_15:14:59.888056 userid=1265 uri=/blacksmith/punch slot_id=slot3 consume_time=0.0120990276337 accountid=63
[hades_req] userid=1265 uri=/blacksmith/mosaic stone_pos=20@slot3 time=2013-04-08_15:15:09.310991 mosaic_item=equiped@head consume_time=0.0156261920929 accountid=63
[hades_req] userid=1359 uri=/account/choose_player player=1359_伊妮德 time=2013-04-08_15:15:09.535724 consume_time=0.0118579864502 accountid=19
[hades_req] userid=1318 target_id=1265 uri=/friend/friend_request time=2013-04-08_15:15:11.980111 consume_time=0.0163278579712 accountid=87
[hades_req] target_id=0 userid=1265 uri=/friend/accept_friend_request time=2013-04-08_15:15:15.173990 consume_time=0.0282111167908 accountid=63
[hades_req] userid=1359 uri=/admin/enter mapname=city gsid=city@1 time=2013-04-08_15:15:15.535838 consume_time=0.00648093223572
[hades_req] userid=1265 uri=/blacksmith/mosaic stone_pos=9@slot0 time=2013-04-08_15:15:17.898173 mosaic_item=equiped@gloves consume_time=0.0214519500732 accountid=63
[hades_req] userid=1265 uri=/blacksmith/mosaic stone_pos=13@slot1 time=2013-04-08_15:15:19.875531 mosaic_item=equiped@gloves consume_time=0.0146958827972 accountid=63
[hades_req] userid=1265 uri=/blacksmith/mosaic stone_pos=6@slot2 time=2013-04-08_15:15:22.104991 mosaic_item=equiped@gloves consume_time=0.0128030776978 accountid=63
[hades_req] target=instance_20303001 userid=607 uri=/team/join_to_queue time=2013-04-08_15:15:23.645300 consume_time=0.00837898254395 accountid=24
[hades_req] punch_item=equiped@gloves time=2013-04-08_15:15:25.348075 userid=1265 uri=/blacksmith/punch slot_id=slot3 consume_time=0.0227670669556 accountid=63
[hades_req] userid=1318 target_id=1265 uri=/friend/friend_request time=2013-04-08_15:15:29.145258 consume_time=0.0287148952484 accountid=87
[hades_req] userid=1265 uri=/blacksmith/mosaic stone_pos=20@slot3 time=2013-04-08_15:15:40.023617 mosaic_item=equiped@gloves consume_time=0.0143649578094 accountid=63
[hades_req] consume_time=0.00479292869568 uri=/admin/leave time=2013-04-08_15:15:48.619728
[hades_req] userid=1265 uri=/blacksmith/mosaic stone_pos=6@slot0 time=2013-04-08_15:15:51.455050 mosaic_item=equiped@shoulders consume_time=0.0134689807892 accountid=63
[hades_req] userid=1265 uri=/blacksmith/mosaic stone_pos=9@slot1 time=2013-04-08_15:15:53.788045 mosaic_item=equiped@shoulders consume_time=0.0139350891113 accountid=63
[hades_req] userid=1265 uri=/blacksmith/mosaic stone_pos=13@slot2 time=2013-04-08_15:15:56.286485 mosaic_item=equiped@shoulders consume_time=0.0125689506531 accountid=63
[hades_req] punch_item=equiped@shoulders time=2013-04-08_15:16:01.668055 userid=1265 uri=/blacksmith/punch slot_id=slot3 consume_time=0.00925207138062 accountid=63
[hades_req] userid=1265 uri=/blacksmith/mosaic stone_pos=16@slot3 time=2013-04-08_15:16:02.973970 mosaic_item=equiped@shoulders consume_time=0.0150790214539 accountid=63
[hades_req] userid=1265 uri=/blacksmith/mosaic stone_pos=9@slot0 time=2013-04-08_15:16:09.839037 mosaic_item=equiped@shoes consume_time=0.0153541564941 accountid=63
[hades_req] userid=1265 uri=/blacksmith/mosaic stone_pos=25@slot1 time=2013-04-08_15:16:19.738318 mosaic_item=equiped@shoes consume_time=0.0138218402863 accountid=63
[hades_req] userid=1318 target_id=1265 uri=/friend/friend_request time=2013-04-08_15:16:21.807644 consume_time=0.0178039073944 accountid=87
[hades_req] target_id=0 userid=1265 uri=/friend/accept_friend_request time=2013-04-08_15:16:24.791385 consume_time=0.0108408927917 accountid=63
[hades_req] userid=607 uri=/team/leave_queue time=2013-04-08_15:16:26.656565 consume_time=0.00376105308533 accountid=24
[hades_req] userid=1265 uri=/blacksmith/mosaic stone_pos=31@slot2 time=2013-04-08_15:16:27.202351 mosaic_item=equiped@shoes consume_time=0.0121169090271 accountid=63
[hades_req] punch_item=equiped@shoes time=2013-04-08_15:16:31.285057 userid=1265 uri=/blacksmith/punch slot_id=slot3 consume_time=0.0131170749664 accountid=63
[hades_req] userid=1265 uri=/blacksmith/mosaic stone_pos=37@slot3 time=2013-04-08_15:16:39.834411 mosaic_item=equiped@shoes consume_time=0.0133130550385 accountid=63
[hades_req] idcard=1234345656dfdf account_id=19 gender=male camp=1 userid=1359 uri=/profile/register role=warrior time=2013-04-08_15:16:41.588121 consume_time=0.0145971775055 accountid=19 name=吉尔
[hades_req] userid=1265 uri=/blacksmith/mosaic stone_pos=26@slot0 time=2013-04-08_15:16:50.939582 mosaic_item=equiped@right_hand consume_time=0.0151429176331 accountid=63
[hades_req] userid=1360 uri=/account/choose_player player=1360_吉尔 time=2013-04-08_15:16:51.312958 consume_time=0.0103440284729 accountid=19
[hades_req] userid=1265 uri=/blacksmith/mosaic stone_pos=32@slot1 time=2013-04-08_15:16:54.387053 mosaic_item=equiped@right_hand consume_time=0.0147790908813 accountid=63
[hades_req] userid=1360 uri=/admin/enter mapname=city gsid=city@1 time=2013-04-08_15:16:55.862755 consume_time=0.0143229961395
[hades_req] userid=1265 uri=/blacksmith/mosaic stone_pos=36@slot2 time=2013-04-08_15:16:57.786941 mosaic_item=equiped@right_hand consume_time=0.0154960155487 accountid=63
[hades_req] punch_item=equiped@right_hand time=2013-04-08_15:17:02.920711 userid=1265 uri=/blacksmith/punch slot_id=slot3 consume_time=0.0105209350586 accountid=63
[hades_req] userid=1265 uri=/blacksmith/mosaic stone_pos=42@slot3 time=2013-04-08_15:17:04.634307 mosaic_item=equiped@right_hand consume_time=0.0140240192413 accountid=63
[hades_req] userid=1265 uri=/blacksmith/mosaic stone_pos=25@slot0 time=2013-04-08_15:17:15.385048 mosaic_item=equiped@body consume_time=0.0146420001984 accountid=63
[hades_req] userid=1265 uri=/blacksmith/mosaic stone_pos=36@slot1 time=2013-04-08_15:17:18.501847 mosaic_item=equiped@body consume_time=0.0117938518524 accountid=63
[hades_req] userid=1265 uri=/blacksmith/mosaic stone_pos=52@slot2 time=2013-04-08_15:17:24.188473 mosaic_item=equiped@body consume_time=0.0164949893951 accountid=63
[hades_req] punch_item=equiped@body time=2013-04-08_15:17:29.532052 userid=1265 uri=/blacksmith/punch slot_id=slot3 consume_time=0.0112581253052 accountid=63
[hades_req] userid=1265 uri=/blacksmith/mosaic stone_pos=48@slot3 time=2013-04-08_15:17:30.735839 mosaic_item=equiped@body consume_time=0.0138921737671 accountid=63
[hades_req] userid=1265 uri=/blacksmith/mosaic stone_pos=52@slot0 time=2013-04-08_15:17:43.541836 mosaic_item=equiped@legs consume_time=0.0217320919037 accountid=63
[hades_req] userid=1265 uri=/blacksmith/mosaic stone_pos=48@slot1 time=2013-04-08_15:17:45.967834 mosaic_item=equiped@legs consume_time=0.0149021148682 accountid=63
[hades_req] userid=1265 uri=/blacksmith/mosaic stone_pos=24@slot2 time=2013-04-08_15:17:58.994345 mosaic_item=equiped@legs consume_time=0.0219979286194 accountid=63
[hades_req] userid=0 uri=/account/temp_login form_password=123456 time=2013-04-08_15:18:03.165078 form_email=test@test.com consume_time=0.00651097297668 accountid=0
[hades_req] consume_time=0.00575399398804 uri=/admin/leave time=2013-04-08_15:18:05.560172
[hades_req] userid=1265 uri=/blacksmith/mosaic stone_pos=5@slot0 time=2013-04-08_15:18:09.136907 mosaic_item=equiped@left_hand consume_time=0.0167429447174 accountid=63
[hades_req] userid=1265 uri=/blacksmith/mosaic stone_pos=15@slot1 time=2013-04-08_15:18:13.302499 mosaic_item=equiped@left_hand consume_time=0.0175790786743 accountid=63
[hades_req] userid=1265 uri=/blacksmith/mosaic stone_pos=12@slot2 time=2013-04-08_15:18:18.020012 mosaic_item=equiped@left_hand consume_time=0.0177009105682 accountid=63
[hades_req] userid=1275 uri=/account/choose_player player=1275_泰蜜 time=2013-04-08_15:18:24.446329 consume_time=0.0105950832367 accountid=90
[hades_req] userid=1265 uri=/package/sort time=2013-04-08_15:18:28.223821 consume_time=0.00515079498291 accountid=63
[hades_req] userid=1360 uri=/account/choose_player player=1360_吉尔 time=2013-04-08_15:18:31.567374 consume_time=0.0100119113922 accountid=19
[hades_req] userid=1317 uri=/account/choose_player player=1317_柏莎 time=2013-04-08_15:18:33.798450 consume_time=0.0115478038788 accountid=20
[hades_req] userid=1275 uri=/admin/enter mapname=city gsid=city@1 time=2013-04-08_15:18:35.830422 consume_time=0.0119798183441
[hades_req] userid=1360 uri=/admin/enter mapname=city gsid=city@1 time=2013-04-08_15:18:35.925782 consume_time=0.0075511932373
[hades_req] userid=1317 uri=/admin/enter mapname=city gsid=city@1 time=2013-04-08_15:18:42.910710 consume_time=0.0086669921875
[hades_req] userid=1317 target_id=1275 uri=/friend/friend_request time=2013-04-08_15:18:50.387011 consume_time=0.0168178081512 accountid=20
[hades_req] userid=1318 target_id=1275 uri=/friend/friend_request time=2013-04-08_15:18:54.104940 consume_time=0.0201230049133 accountid=87
[hades_req] userid=1317 target_id=1318 uri=/friend/friend_request time=2013-04-08_15:18:55.705732 consume_time=0.0194079875946 accountid=20
[hades_req] techid=5 userid=1265 uri=/technology/upgrade time=2013-04-08_15:18:56.056418 consume_time=0.0229370594025 accountid=63
[hades_req] techid=5 userid=1265 uri=/technology/upgrade time=2013-04-08_15:18:56.700123 consume_time=0.0206730365753 accountid=63
[hades_req] techid=5 userid=1265 uri=/technology/upgrade time=2013-04-08_15:18:57.042630 consume_time=0.0231819152832 accountid=63
[hades_req] userid=1275 target_id=0 uri=/friend/accept_friend_request time=2013-04-08_15:18:57.317166 consume_time=0.00812697410583 accountid=90
[hades_req] techid=5 userid=1265 uri=/technology/upgrade time=2013-04-08_15:18:57.381338 consume_time=0.0194618701935 accountid=63
[hades_req] techid=5 userid=1265 uri=/technology/upgrade time=2013-04-08_15:18:58.032405 consume_time=0.0225350856781 accountid=63
[hades_req] techid=5 userid=1265 uri=/technology/upgrade time=2013-04-08_15:18:58.786939 consume_time=0.0214161872864 accountid=63
[hades_req] consume_time=0.00558280944824 uri=/admin/leave time=2013-04-08_15:19:15.368001
[hades_req] consume_time=0.0042130947113 uri=/admin/leave time=2013-04-08_15:19:35.032189
[hades_req] userid=1318 target_id=0 uri=/friend/reject_friend_request time=2013-04-08_15:19:36.199817 consume_time=0.00183701515198 accountid=87
[hades_req] userid=1265 uri=/account/choose_player player=1265_简 time=2013-04-08_15:19:36.521667 consume_time=0.0110828876495 accountid=63
[hades_req] userid=1265 uri=/admin/enter mapname=city gsid=city@1 time=2013-04-08_15:19:37.978321 consume_time=0.00699901580811
[hades_req] userid=1318 target_id=1275 uri=/friend/friend_request time=2013-04-08_15:19:41.303895 consume_time=0.00414109230042 accountid=87
[hades_req] idcard=1234345656dfdf account_id=19 gender=female camp=1 userid=1360 uri=/profile/register role=warrior time=2013-04-08_15:19:54.873178 consume_time=0.0111949443817 accountid=19 name=赛拉
[hades_req] userid=1361 uri=/account/choose_player player=1361_赛拉 time=2013-04-08_15:20:07.151115 consume_time=0.013160943985 accountid=19
[hades_req] userid=1361 uri=/admin/enter mapname=city gsid=city@1 time=2013-04-08_15:20:10.857146 consume_time=0.0130541324615
[hades_req] consume_time=0.00449109077454 uri=/admin/leave time=2013-04-08_15:20:11.354727
[hades_req] userid=1275 target_id=0 uri=/friend/accept_friend_request time=2013-04-08_15:20:16.200243 consume_time=0.0197780132294 accountid=90
[hades_req] consume_time=0.00393795967102 uri=/admin/leave time=2013-04-08_15:20:22.444918
[hades_req] userid=1265 uri=/blacksmith/enhance equipment_pos=equiped@shoes time=2013-04-08_15:20:26.006753 lucky_stone_pos=50 consume_time=0.0442340373993 accountid=63
[hades_req] userid=1265 uri=/blacksmith/enhance equipment_pos=equiped@shoes time=2013-04-08_15:20:26.868137 lucky_stone_pos=50 consume_time=0.0505650043488 accountid=63
[hades_req] userid=1360 uri=/account/choose_player player=1360_吉尔 time=2013-04-08_15:20:27.019730 consume_time=0.0100610256195 accountid=19
[hades_req] userid=1265 uri=/blacksmith/enhance equipment_pos=equiped@shoes time=2013-04-08_15:20:27.511804 lucky_stone_pos=50 consume_time=0.0268459320068 accountid=63
[hades_req] userid=1265 uri=/blacksmith/enhance equipment_pos=equiped@shoes time=2013-04-08_15:20:28.521390 lucky_stone_pos=50 consume_time=0.022940158844 accountid=63
[hades_req] userid=1265 uri=/blacksmith/enhance equipment_pos=equiped@shoes time=2013-04-08_15:20:29.014974 lucky_stone_pos=50 consume_time=0.0233380794525 accountid=63
[hades_req] userid=1265 uri=/blacksmith/enhance equipment_pos=equiped@shoes time=2013-04-08_15:20:29.700794 lucky_stone_pos=50 consume_time=0.0385298728943 accountid=63
[hades_req] userid=1265 uri=/blacksmith/enhance equipment_pos=equiped@shoes time=2013-04-08_15:20:30.395307 lucky_stone_pos=50 consume_time=0.0286431312561 accountid=63
[hades_req] userid=1265 uri=/blacksmith/enhance equipment_pos=equiped@shoes time=2013-04-08_15:20:31.003255 lucky_stone_pos=50 consume_time=0.0240960121155 accountid=63
[hades_req] userid=1265 uri=/blacksmith/enhance equipment_pos=equiped@shoes time=2013-04-08_15:20:31.720425 lucky_stone_pos=50 consume_time=0.0404648780823 accountid=63
[hades_req] userid=1360 uri=/admin/enter mapname=city gsid=city@1 time=2013-04-08_15:20:31.874477 consume_time=0.00706791877747
[hades_req] userid=1265 uri=/blacksmith/enhance equipment_pos=equiped@shoes time=2013-04-08_15:20:34.066892 lucky_stone_pos=36 consume_time=0.0364770889282 accountid=63
[hades_req] userid=1265 uri=/blacksmith/enhance equipment_pos=equiped@shoes time=2013-04-08_15:20:34.727166 lucky_stone_pos=36 consume_time=0.0437779426575 accountid=63
[hades_req] userid=1265 uri=/blacksmith/enhance equipment_pos=equiped@shoes time=2013-04-08_15:20:35.378086 lucky_stone_pos=36 consume_time=0.0400648117065 accountid=63
[hades_req] userid=1265 uri=/blacksmith/enhance equipment_pos=equiped@shoes time=2013-04-08_15:20:36.136730 lucky_stone_pos=36 consume_time=0.0446779727936 accountid=63
[hades_req] userid=1265 uri=/blacksmith/enhance equipment_pos=equiped@shoes time=2013-04-08_15:20:36.640598 lucky_stone_pos=36 consume_time=0.0422458648682 accountid=63
[hades_req] userid=1265 uri=/blacksmith/enhance equipment_pos=equiped@shoes time=2013-04-08_15:20:37.117250 lucky_stone_pos=36 consume_time=0.0395669937134 accountid=63
[hades_req] userid=1265 uri=/blacksmith/enhance equipment_pos=equiped@shoes time=2013-04-08_15:20:37.681720 lucky_stone_pos=36 consume_time=0.0382421016693 accountid=63
[hades_req] userid=1265 uri=/blacksmith/enhance equipment_pos=equiped@shoes time=2013-04-08_15:20:38.355850 lucky_stone_pos=36 consume_time=0.0379159450531 accountid=63
[hades_req] userid=1265 uri=/blacksmith/enhance equipment_pos=equiped@shoes time=2013-04-08_15:20:39.069494 lucky_stone_pos=36 consume_time=0.0464279651642 accountid=63
[hades_req] userid=1265 uri=/blacksmith/enhance equipment_pos=equiped@shoes time=2013-04-08_15:20:39.800422 lucky_stone_pos=36 consume_time=0.037122964859 accountid=63
[hades_req] userid=1265 uri=/blacksmith/enhance equipment_pos=equiped@shoes time=2013-04-08_15:20:40.480699 lucky_stone_pos=36 consume_time=0.0377860069275 accountid=63
[hades_req] userid=1265 uri=/blacksmith/enhance equipment_pos=equiped@shoes time=2013-04-08_15:20:43.382370 lucky_stone_pos=36 consume_time=0.0359740257263 accountid=63
[hades_req] ruler=dan46-dilao1.xml userid=1265 uri=/scene/jump_to_quest_location time=2013-04-08_15:21:13.886418 map_name=dilao1 consume_time=0.0703809261322 accountid=63
[hades_req] consume_time=0.00498700141907 uri=/admin/leave time=2013-04-08_15:21:14.196520
[hades_req] userid=1265 uri=/admin/enter mapname=dilao1 gsid=dilao1@1 time=2013-04-08_15:21:17.164775 consume_time=0.0060350894928
[hades_req] consume_time=0.00458812713623 uri=/admin/leave time=2013-04-08_15:21:50.195720
[hades_req] userid=1360 uri=/account/choose_player player=1360_吉尔 time=2013-04-08_15:21:54.712521 consume_time=0.0118219852448 accountid=19
[hades_req] userid=1360 uri=/admin/enter mapname=city gsid=city@1 time=2013-04-08_15:21:59.524067 consume_time=0.009770154953
[hades_req] userid=1275 target_id=1318 uri=/friend/friend_request time=2013-04-08_15:22:31.449570 consume_time=0.0175130367279 accountid=90
[hades_req] userid=1318 target_id=0 uri=/friend/reject_friend_request time=2013-04-08_15:22:39.229019 consume_time=0.002121925354 accountid=87
[hades_req] userid=1275 target_id=1318 uri=/friend/friend_request time=2013-04-08_15:22:42.580680 consume_time=0.0163450241089 accountid=90
[hades_req] userid=1318 target_id=0 uri=/friend/reject_friend_request time=2013-04-08_15:23:00.545903 consume_time=0.00188016891479 accountid=87
[hades_req] userid=1275 target_id=1318 uri=/friend/friend_request time=2013-04-08_15:23:07.581116 consume_time=0.0188450813293 accountid=90
[hades_req] userid=1265 uri=/scene/back_to_city time=2013-04-08_15:23:26.389530 consume_time=0.01478099823 accountid=63
[hades_req] consume_time=0.00461602210999 uri=/admin/leave time=2013-04-08_15:23:26.638681
[hades_req] userid=1265 uri=/admin/enter mapname=city gsid=city@1 time=2013-04-08_15:23:28.825257 consume_time=0.00593018531799
[hades_req] ruler=dan47-dilao2.xml userid=1265 uri=/scene/jump_to_quest_location time=2013-04-08_15:23:36.967427 map_name=dilao2 consume_time=0.0583391189575 accountid=63
[hades_req] consume_time=0.00488305091858 uri=/admin/leave time=2013-04-08_15:23:37.316105
[hades_req] userid=1265 uri=/admin/enter mapname=dilao2 gsid=dilao2@1 time=2013-04-08_15:23:40.424308 consume_time=0.00774908065796
[hades_req] ruler=dan20-privatemine3.xml userid=1360 uri=/scene/jump_to_quest_location time=2013-04-08_15:25:17.046896 map_name=privatemine3 consume_time=0.059070110321 accountid=19
[hades_req] consume_time=0.00420498847961 uri=/admin/leave time=2013-04-08_15:25:17.988110
[hades_req] userid=1265 uri=/scene/back_to_city time=2013-04-08_15:25:19.668859 consume_time=0.0159089565277 accountid=63
[hades_req] consume_time=0.00426292419434 uri=/admin/leave time=2013-04-08_15:25:19.959700
[hades_req] userid=1265 uri=/admin/enter mapname=city gsid=city@1 time=2013-04-08_15:25:22.096303 consume_time=0.0074291229248
[hades_req] userid=1360 uri=/admin/enter mapname=privatemine3 gsid=privatemine3@1 time=2013-04-08_15:25:26.307370 consume_time=0.00890493392944
[hades_req] userid=1318 target_id=0 uri=/friend/reject_friend_request time=2013-04-08_15:25:52.260814 consume_time=0.00171303749084 accountid=87
[hades_req] userid=1275 target_id=1318 uri=/friend/friend_request time=2013-04-08_15:25:59.212516 consume_time=0.00582695007324 accountid=90
[hades_req] userid=1318 target_id=1275 uri=/friend/accept_friend_request time=2013-04-08_15:26:03.616251 consume_time=0.00807905197144 accountid=87
[hades_req] repeat_time=1 userid=1265 uri=/instance/start_clean_instance instance_id=10504401 time=2013-04-08_15:26:10.672583 consume_time=0.00442981719971 accountid=63
[hades_req] skip_time=1 userid=1265 uri=/instance/end_clean_instance time=2013-04-08_15:26:13.665971 consume_time=0.0312530994415 accountid=63
[hades_req] techid=5 userid=1265 uri=/technology/upgrade time=2013-04-08_15:26:20.405617 consume_time=0.0224628448486 accountid=63
[hades_req] consume_time=0.00446486473083 uri=/admin/leave time=2013-04-08_15:26:27.352363
[hades_req] repeat_time=1 userid=1265 uri=/instance/start_clean_instance instance_id=10504401 time=2013-04-08_15:26:38.453144 consume_time=0.00499200820923 accountid=63
[hades_req] skip_time=1 userid=1265 uri=/instance/end_clean_instance time=2013-04-08_15:26:41.510754 consume_time=0.0456209182739 accountid=63
[hades_req] repeat_time=1 userid=1265 uri=/instance/start_clean_instance instance_id=10504401 time=2013-04-08_15:26:58.871314 consume_time=0.00505399703979 accountid=63
[hades_req] skip_time=1 userid=1265 uri=/instance/end_clean_instance time=2013-04-08_15:27:01.407730 consume_time=0.0424449443817 accountid=63
[hades_req] userid=0 uri=/account/temp_login form_password=123456 time=2013-04-08_15:27:10.577813 form_email=test@test.com consume_time=0.00646805763245 accountid=0
[hades_req] ruler=dan48-dilao3.xml userid=1265 uri=/scene/jump_to_quest_location time=2013-04-08_15:27:46.794467 map_name=dilao3 consume_time=0.0600049495697 accountid=63
[hades_req] consume_time=0.00449705123901 uri=/admin/leave time=2013-04-08_15:27:47.162279
[hades_req] userid=1265 uri=/admin/enter mapname=dilao3 gsid=dilao3@1 time=2013-04-08_15:27:50.190519 consume_time=0.00648713111877
[hades_req] userid=1317 uri=/account/choose_player player=1317_柏莎 time=2013-04-08_15:27:55.749829 consume_time=0.0142209529877 accountid=20
[hades_req] userid=1317 uri=/admin/enter mapname=city gsid=city@1 time=2013-04-08_15:28:04.734879 consume_time=0.00605702400208
[hades_req] userid=1317 target_id=1318 uri=/friend/friend_request time=2013-04-08_15:28:20.594822 consume_time=0.0193898677826 accountid=20
[hades_req] userid=1318 target_id=1317 uri=/friend/accept_friend_request time=2013-04-08_15:28:24.991672 consume_time=0.0229539871216 accountid=87
[hades_req] userid=1360 uri=/instance/revive revive_mod=token time=2013-04-08_15:28:31.780016 death_rule_type=single consume_time=0.00814390182495 accountid=19
[hades_req] userid=1154 uri=/account/choose_player player=1154_罗斯福 time=2013-04-08_15:28:38.063885 consume_time=0.0127129554749 accountid=9
[hades_req] userid=1154 uri=/admin/enter mapname=city gsid=city@1 time=2013-04-08_15:28:40.464933 consume_time=0.00627589225769
[hades_req] userid=1154 uri=/scene/go_to_publicmine time=2013-04-08_15:28:44.746344 consume_time=0.0493280887604 accountid=9
[hades_req] consume_time=0.00408697128296 uri=/admin/leave time=2013-04-08_15:28:45.112655
[hades_req] userid=1154 uri=/admin/enter mapname=gonggongditu gsid=gonggongditu@1 time=2013-04-08_15:28:54.157125 consume_time=0.0076470375061
[hades_req] userid=1360 uri=/instance/revive revive_mod=token time=2013-04-08_15:29:30.689895 death_rule_type=single consume_time=0.00686287879944 accountid=19
[hades_req] consume_time=0.00462794303894 uri=/admin/leave time=2013-04-08_15:29:57.242479
[hades_req] consume_time=0.00493502616882 uri=/admin/leave time=2013-04-08_15:30:51.886518
[hades_req] consume_time=0.00452494621277 uri=/admin/leave time=2013-04-08_15:31:05.455117
[hades_req] userid=1265 uri=/scene/back_to_city time=2013-04-08_15:31:26.959326 consume_time=0.0180540084839 accountid=63
[hades_req] consume_time=0.00433492660522 uri=/admin/leave time=2013-04-08_15:31:27.307774
[hades_req] userid=1265 uri=/admin/enter mapname=city gsid=city@1 time=2013-04-08_15:31:29.519865 consume_time=0.00675201416016
[hades_req] ruler=dan49-dilao4.xml userid=1265 uri=/scene/jump_to_quest_location time=2013-04-08_15:31:45.821507 map_name=dilao4 consume_time=0.0652320384979 accountid=63
[hades_req] consume_time=0.00462889671326 uri=/admin/leave time=2013-04-08_15:31:46.136992
[hades_req] userid=0 uri=/account/temp_login form_password=cx time=2013-04-08_15:31:46.674445 form_email=cx@cx.com consume_time=0.00705194473267 accountid=0
[hades_req] userid=1265 uri=/admin/enter mapname=dilao4 gsid=dilao4@1 time=2013-04-08_15:31:49.216703 consume_time=0.00673007965088
[hades_req] userid=0 uri=/account/temp_login form_password=123456 time=2013-04-08_15:32:14.054067 form_email=test@test.com consume_time=0.0105729103088 accountid=0
[hades_req] userid=1360 uri=/account/choose_player player=1360_吉尔 time=2013-04-08_15:32:51.304704 consume_time=0.01402592659 accountid=19
[hades_req] userid=1317 uri=/account/choose_player player=1317_柏莎 time=2013-04-08_15:32:56.708199 consume_time=0.0224010944366 accountid=20
[hades_req] userid=1360 uri=/admin/enter mapname=city gsid=city@1 time=2013-04-08_15:33:04.724123 consume_time=0.00911498069763
[hades_req] userid=1317 uri=/admin/enter mapname=city gsid=city@1 time=2013-04-08_15:33:05.745148 consume_time=0.00789594650269
[hades_req] ruler=dan20-privatemine3.xml userid=1360 uri=/scene/jump_to_quest_location time=2013-04-08_15:33:23.851210 map_name=privatemine3 consume_time=0.0203621387482 accountid=19
[hades_req] consume_time=0.00444793701172 uri=/admin/leave time=2013-04-08_15:33:24.714195
[hades_req] userid=594 uri=/account/choose_player player=594_卡罗琳 time=2013-04-08_15:33:27.147695 consume_time=0.0136699676514 accountid=9
[hades_req] userid=594 uri=/admin/enter mapname=city gsid=city@1 time=2013-04-08_15:33:29.468015 consume_time=0.00643706321716
[hades_req] userid=594 uri=/scene/go_to_publicmine time=2013-04-08_15:33:31.671554 consume_time=0.0196630954742 accountid=9
[hades_req] consume_time=0.00420808792114 uri=/admin/leave time=2013-04-08_15:33:32.096622
[hades_req] userid=1360 uri=/admin/enter mapname=privatemine3 gsid=privatemine3@1 time=2013-04-08_15:33:32.589139 consume_time=0.00699496269226
[hades_req] userid=1265 uri=/scene/back_to_city time=2013-04-08_15:33:33.784181 consume_time=0.0151081085205 accountid=63
[hades_req] consume_time=0.00614404678345 uri=/admin/leave time=2013-04-08_15:33:34.123280
[hades_req] userid=1265 uri=/admin/enter mapname=city gsid=city@1 time=2013-04-08_15:33:36.355033 consume_time=0.00667905807495
[hades_req] consume_time=0.00482892990112 uri=/admin/leave time=2013-04-08_15:33:43.835354
[hades_req] repeat_time=1 userid=1265 uri=/instance/start_clean_instance instance_id=10504501 time=2013-04-08_15:34:05.087139 consume_time=0.0058228969574 accountid=63
[hades_req] skip_time=1 userid=1265 uri=/instance/end_clean_instance time=2013-04-08_15:34:07.991563 consume_time=0.0424950122833 accountid=63
[hades_req] repeat_time=1 userid=1265 uri=/instance/start_clean_instance instance_id=10504501 time=2013-04-08_15:34:22.869659 consume_time=0.00443387031555 accountid=63
[hades_req] skip_time=1 userid=1265 uri=/instance/end_clean_instance time=2013-04-08_15:34:25.643380 consume_time=0.0456538200378 accountid=63
[hades_req] userid=1360 uri=/instance/revive revive_mod=free time=2013-04-08_15:34:28.920814 death_rule_type=single consume_time=0.00741696357727 accountid=19
[hades_req] repeat_time=1 userid=1265 uri=/instance/start_clean_instance instance_id=10504501 time=2013-04-08_15:34:43.567953 consume_time=0.00522494316101 accountid=63
[hades_req] skip_time=1 userid=1265 uri=/instance/end_clean_instance time=2013-04-08_15:34:46.625334 consume_time=0.0463240146637 accountid=63
[hades_req] userid=1154 uri=/account/choose_player player=1154_罗斯福 time=2013-04-08_15:35:01.943757 consume_time=0.0130920410156 accountid=9
[hades_req] time=2013-04-08_15:35:02.599588 userid=1265 uri=/maze/goto_maze is_continue=true consume_time=0.0647788047791 accountid=63
[hades_req] consume_time=0.00492596626282 uri=/admin/leave time=2013-04-08_15:35:02.971923
[hades_req] userid=1154 uri=/admin/enter mapname=city gsid=city@1 time=2013-04-08_15:35:04.561450 consume_time=0.00536108016968
[hades_req] userid=1265 uri=/admin/enter mapname=migong gsid=migong@1 time=2013-04-08_15:35:06.572533 consume_time=0.00605702400208
[hades_req] userid=1154 uri=/scene/go_to_publicmine time=2013-04-08_15:35:14.753078 consume_time=0.0525450706482 accountid=9
[hades_req] consume_time=0.00568199157715 uri=/admin/leave time=2013-04-08_15:35:15.129354
[hades_req] userid=1154 uri=/admin/enter mapname=gonggongditu gsid=gonggongditu@1 time=2013-04-08_15:35:22.910209 consume_time=0.00960993766785
[hades_req] ruler=migong userid=1265 uri=/scene/jump_to_quest_location time=2013-04-08_15:35:42.336021 map_name=migong consume_time=0.0224859714508 accountid=63
[hades_req] consume_time=0.0057201385498 uri=/admin/leave time=2013-04-08_15:35:42.719530
[hades_req] userid=1265 uri=/admin/enter mapname=migong gsid=migong@1 time=2013-04-08_15:35:44.373586 consume_time=0.00641703605652
[hades_req] ruler=migong userid=1265 uri=/scene/jump_to_quest_location time=2013-04-08_15:36:27.235347 map_name=migong consume_time=0.0237641334534 accountid=63
[hades_req] consume_time=0.00502395629883 uri=/admin/leave time=2013-04-08_15:36:27.601344
[hades_req] userid=1265 uri=/admin/enter mapname=migong gsid=migong@1 time=2013-04-08_15:36:29.254982 consume_time=0.00647902488708
[hades_req] userid=0 uri=/account/temp_login form_password=123456 time=2013-04-08_15:36:41.681658 form_email=test@test.com consume_time=0.0059289932251 accountid=0
[hades_req] consume_time=0.00486779212952 uri=/admin/leave time=2013-04-08_15:36:45.843796
[hades_req] techid=5 userid=1265 uri=/technology/upgrade time=2013-04-08_15:37:00.014561 consume_time=0.0211710929871 accountid=63
[hades_req] techid=5 userid=1265 uri=/technology/upgrade time=2013-04-08_15:37:03.564267 consume_time=0.0215950012207 accountid=63
[hades_req] userid=1317 uri=/account/choose_player player=1317_柏莎 time=2013-04-08_15:37:12.818032 consume_time=0.0127410888672 accountid=20
[hades_req] userid=1317 uri=/admin/enter mapname=city gsid=city@1 time=2013-04-08_15:37:21.613190 consume_time=0.00737905502319
[hades_req] consume_time=0.00447106361389 uri=/admin/leave time=2013-04-08_15:37:22.592486
[hades_req] userid=1265 uri=/scene/back_to_city time=2013-04-08_15:37:39.375335 consume_time=0.0167551040649 accountid=63
[hades_req] consume_time=0.00501990318298 uri=/admin/leave time=2013-04-08_15:37:39.722219
[hades_req] userid=1265 uri=/admin/enter mapname=city gsid=city@1 time=2013-04-08_15:37:41.832150 consume_time=0.00683999061584
[hades_req] consume_time=0.00629711151123 uri=/admin/leave time=2013-04-08_15:38:11.144251
[hades_req] userid=1265 uri=/account/choose_player player=1265_简 time=2013-04-08_15:38:35.379495 consume_time=0.0136749744415 accountid=63
[hades_req] userid=1265 uri=/admin/enter mapname=city gsid=city@1 time=2013-04-08_15:38:38.773887 consume_time=0.00821590423584
[hades_req] userid=1265 target_id=1318 uri=/friend/accept_friend_request time=2013-04-08_15:38:45.350169 consume_time=0.0280420780182 accountid=63
[hades_req] userid=1265 uri=/scene/go_to_singlejjc time=2013-04-08_15:39:23.148683 consume_time=0.0583198070526 accountid=63 opponent=1136
[hades_req] consume_time=0.00541806221008 uri=/admin/leave time=2013-04-08_15:39:23.504318
[hades_req] userid=1265 uri=/admin/enter mapname=jingjichang gsid=jingjichang@1 time=2013-04-08_15:39:27.901596 consume_time=0.00746202468872
[hades_req] userid=607 uri=/account/choose_player player=607_麦克亚当 time=2013-04-08_15:39:42.212119 consume_time=0.0125041007996 accountid=24
[hades_req] userid=1265 uri=/scene/back_to_city time=2013-04-08_15:39:43.194098 consume_time=0.0231759548187 accountid=63
[hades_req] consume_time=0.0040180683136 uri=/admin/leave time=2013-04-08_15:39:43.570468
[hades_req] userid=607 uri=/admin/enter mapname=city gsid=city@1 time=2013-04-08_15:39:44.734820 consume_time=0.00712299346924
[hades_req] userid=1265 uri=/admin/enter mapname=city gsid=city@1 time=2013-04-08_15:39:45.683289 consume_time=0.00687503814697
[hades_req] time=2013-04-08_15:40:24.718342 userid=1265 uri=/maze/goto_maze is_continue=true consume_time=0.014750957489 accountid=63
[hades_req] consume_time=0.00423502922058 uri=/admin/leave time=2013-04-08_15:40:25.106304
[hades_req] userid=1265 uri=/admin/enter mapname=migong gsid=migong@1 time=2013-04-08_15:40:27.659670 consume_time=0.00718092918396
[hades_req] userid=1265 uri=/msg/loads_attachment time=2013-04-08_15:40:58.070400 consume_time=0.0382189750671 msgkey=0@1365333740.96,0@1365333740.95,0@1365333740.94,0@1365333699.55,0@1365333699.54,0@1365333699.53,0@1365333699.52,0@1365264000.3,0@1365177600.38 accountid=63
[hades_req] consume_time=0.00468993186951 uri=/admin/leave time=2013-04-08_15:40:59.646573
[hades_req] userid=1265 uri=/msg/loads_attachment time=2013-04-08_15:41:07.053547 consume_time=0.0383911132812 msgkey=0@1365333806.42,0@1365333806.41,0@1365333806.4,0@1365333795.09,0@1365333795.07,0@1365333795.06,0@1365333795.04,0@1365333795.03,0@1365333795.02,0@1365333782.93 accountid=63
[hades_req] target=instance_20303001 userid=607 uri=/team/join_to_queue time=2013-04-08_15:41:09.248264 consume_time=0.00758409500122 accountid=24
[hades_req] consume_time=0.0051109790802 uri=/admin/leave time=2013-04-08_15:41:13.613481
[hades_req] userid=1265 uri=/blacksmith/separate item=package@50,package@51,package@52,package@53,package@54,package@59,package@68,package@66,package@67,package@58 time=2013-04-08_15:41:26.788902 consume_time=0.0578420162201 accountid=63
[hades_req] userid=1265 uri=/blacksmith/separate item=package@55,package@56,package@57,package@60,package@61,package@69 time=2013-04-08_15:41:36.392108 consume_time=0.0448968410492 accountid=63
[hades_req] userid=1265 uri=/blacksmith/wash time=2013-04-08_15:41:42.034986 consume_time=0.0211968421936 wash_item=equiped@head accountid=63
[hades_req] userid=1265 uri=/blacksmith/wash time=2013-04-08_15:41:48.666258 consume_time=0.0207300186157 wash_item=equiped@gloves accountid=63
[hades_req] ruler=migong userid=1265 uri=/scene/jump_to_quest_location time=2013-04-08_15:42:01.733696 map_name=migong consume_time=0.0195078849792 accountid=63
[hades_req] consume_time=0.00466680526733 uri=/admin/leave time=2013-04-08_15:42:02.035038
[hades_req] userid=1265 uri=/admin/enter mapname=migong gsid=migong@1 time=2013-04-08_15:42:03.668864 consume_time=0.00729298591614
[hades_req] userid=607 uri=/team/leave_queue time=2013-04-08_15:42:11.031626 consume_time=0.00453400611877 accountid=24
[hades_req] ruler=migong userid=1265 uri=/scene/jump_to_quest_location time=2013-04-08_15:42:59.016654 map_name=migong consume_time=0.0206429958344 accountid=63
[hades_req] consume_time=0.00491905212402 uri=/admin/leave time=2013-04-08_15:42:59.320203
[hades_req] userid=1265 uri=/admin/enter mapname=migong gsid=migong@1 time=2013-04-08_15:43:01.006173 consume_time=0.0061469078064
[hades_req] userid=1265 uri=/scene/back_to_city time=2013-04-08_15:43:04.194922 consume_time=0.0159230232239 accountid=63
[hades_req] consume_time=0.00535798072815 uri=/admin/leave time=2013-04-08_15:43:04.455530
[hades_req] userid=1265 uri=/admin/enter mapname=city gsid=city@1 time=2013-04-08_15:43:06.589175 consume_time=0.00643801689148
[hades_req] userid=0 uri=/account/temp_login form_password=123456 time=2013-04-08_15:43:30.538223 form_email=test@test.com consume_time=0.00607085227966 accountid=0
[hades_req] ruler=dan50-dilao5.xml userid=1265 uri=/scene/jump_to_quest_location time=2013-04-08_15:43:43.624293 map_name=dilao5 consume_time=0.061136007309 accountid=63
[hades_req] consume_time=0.0045862197876 uri=/admin/leave time=2013-04-08_15:43:43.931591
[hades_req] userid=1265 uri=/admin/enter mapname=dilao5 gsid=dilao5@1 time=2013-04-08_15:43:48.695886 consume_time=0.00801301002502
[hades_req] userid=1317 uri=/account/choose_player player=1317_柏莎 time=2013-04-08_15:44:00.761717 consume_time=0.011118888855 accountid=20
[hades_req] userid=1317 uri=/admin/enter mapname=city gsid=city@1 time=2013-04-08_15:44:09.819845 consume_time=0.00767207145691
[hades_req] userid=0 uri=/account/temp_login form_password=123456 time=2013-04-08_15:44:34.113075 form_email=liao@adobe.com consume_time=0.022469997406 accountid=0
[hades_req] consume_time=0.00513887405396 uri=/admin/leave time=2013-04-08_15:44:34.165960
[hades_req] consume_time=0.00488996505737 uri=/admin/leave time=2013-04-08_15:44:41.778043
[hades_req] userid=1317 uri=/account/choose_player player=1317_柏莎 time=2013-04-08_15:44:45.177227 consume_time=0.0111508369446 accountid=20
[hades_req] userid=1317 uri=/admin/enter mapname=city gsid=city@1 time=2013-04-08_15:44:47.140511 consume_time=0.00693583488464
[hades_req] userid=1318 uri=/account/choose_player player=1318_琳达 time=2013-04-08_15:44:48.020265 consume_time=0.0124280452728 accountid=87
[hades_req] userid=1318 uri=/admin/enter mapname=city gsid=city@1 time=2013-04-08_15:44:50.262061 consume_time=0.00800085067749
[hades_req] userid=1318 target_id=1317 uri=/friend/friend_request time=2013-04-08_15:44:56.287024 consume_time=0.0177550315857 accountid=87
[hades_req] userid=1317 target_id=1318 uri=/friend/accept_friend_request time=2013-04-08_15:45:03.461414 consume_time=0.0297122001648 accountid=20
[hades_req] userid=1155 uri=/account/choose_player player=1155_蜜莉恩 time=2013-04-08_15:45:36.809294 consume_time=0.0136561393738 accountid=83
[hades_req] userid=1155 uri=/admin/enter mapname=city gsid=city@1 time=2013-04-08_15:45:53.530568 consume_time=0.0117812156677
[hades_req] consume_time=0.0041389465332 uri=/admin/leave time=2013-04-08_15:46:14.096575
[hades_req] userid=1265 uri=/scene/back_to_city time=2013-04-08_15:46:29.667079 consume_time=0.0137360095978 accountid=63
[hades_req] consume_time=0.00469994544983 uri=/admin/leave time=2013-04-08_15:46:30.021208
[hades_req] userid=1265 uri=/admin/enter mapname=city gsid=city@1 time=2013-04-08_15:46:31.991401 consume_time=0.00805497169495
[hades_req] userid=0 uri=/account/temp_login form_password=123456 time=2013-04-08_15:46:57.114199 form_email=liao@adobe.com consume_time=0.0196239948273 accountid=0
[hades_req] userid=1155 uri=/account/choose_player player=1155_蜜莉恩 time=2013-04-08_15:47:45.038462 consume_time=0.0119500160217 accountid=83
[hades_req] techid=4 userid=1265 uri=/technology/upgrade time=2013-04-08_15:47:50.897812 consume_time=0.0329620838165 accountid=63
[hades_req] userid=1155 uri=/admin/enter mapname=city gsid=city@1 time=2013-04-08_15:48:00.099373 consume_time=0.00737190246582
[hades_req] consume_time=0.00498604774475 uri=/admin/leave time=2013-04-08_15:48:13.477287
[hades_req] consume_time=0.00436997413635 uri=/admin/leave time=2013-04-08_15:48:16.120809
[hades_req] userid=1318 uri=/account/choose_player player=1318_琳达 time=2013-04-08_15:48:25.157047 consume_time=0.0127768516541 accountid=87
[hades_req] userid=1318 uri=/admin/enter mapname=city gsid=city@1 time=2013-04-08_15:48:27.355768 consume_time=0.00715184211731
[hades_req] userid=1265 uri=/scene/enter_tavern time=2013-04-08_15:48:41.214840 consume_time=0.00847005844116 type=instance accountid=63
[hades_req] consume_time=0.0055570602417 uri=/admin/leave time=2013-04-08_15:48:41.542411
[hades_req] consume_time=0.00460314750671 uri=/admin/leave time=2013-04-08_15:48:43.714500
[hades_req] userid=1265 uri=/admin/enter mapname=jiuguanshinei gsid=jiuguanshinei@98 time=2013-04-08_15:48:43.927885 consume_time=0.0066659450531
[hades_req] userid=1317 uri=/scene/enter_tavern time=2013-04-08_15:48:55.173814 consume_time=0.00852990150452 type=instance accountid=20
[hades_req] consume_time=0.00458002090454 uri=/admin/leave time=2013-04-08_15:48:55.440420
[hades_req] userid=1317 uri=/admin/enter mapname=jiuguanshinei gsid=jiuguanshinei@98 time=2013-04-08_15:48:59.207995 consume_time=0.00681304931641
[hades_req] target=instance_20303001 userid=1317 uri=/team/join_to_queue time=2013-04-08_15:49:03.046687 consume_time=0.0120899677277 accountid=20
[hades_req] userid=1318 uri=/account/choose_player player=1318_琳达 time=2013-04-08_15:49:09.048424 consume_time=0.0133399963379 accountid=87
[hades_req] target=instance_20303001 userid=1265 uri=/team/join_to_queue time=2013-04-08_15:49:09.407595 consume_time=0.0113039016724 accountid=63
[hades_req] userid=1318 uri=/admin/enter mapname=city gsid=city@1 time=2013-04-08_15:49:10.511338 consume_time=0.00728988647461
[hades_req] userid=1317 uri=/scene/back_to_city time=2013-04-08_15:49:21.382634 consume_time=0.0172221660614 accountid=20
[hades_req] consume_time=0.00449085235596 uri=/admin/leave time=2013-04-08_15:49:21.644866
[hades_req] userid=1317 uri=/admin/enter mapname=city gsid=city@1 time=2013-04-08_15:49:24.240195 consume_time=0.00813293457031
[hades_req] userid=1317 uri=/scene/enter_tavern time=2013-04-08_15:49:28.965592 consume_time=0.00900101661682 type=instance accountid=20
[hades_req] consume_time=0.00452089309692 uri=/admin/leave time=2013-04-08_15:49:29.224352
[hades_req] userid=1317 uri=/admin/enter mapname=jiuguanshinei gsid=jiuguanshinei@98 time=2013-04-08_15:49:31.271748 consume_time=0.00690484046936
[hades_req] union_name=jiaban targetid=710 userid=1265 uri=/union/accept_request time=2013-04-08_15:50:08.648531 consume_time=0.00888299942017 agree=1 accountid=63
[hades_req] userid=1265 uri=/team/leave_queue time=2013-04-08_15:50:09.598489 consume_time=0.00398707389832 accountid=63
[hades_req] userid=0 uri=/account/temp_login form_password=123456 time=2013-04-08_15:50:12.988241 form_email=liao@adobe.com consume_time=0.00654411315918 accountid=0
[hades_req] union_name=jiaban targetid=1267 userid=1265 uri=/union/accept_request time=2013-04-08_15:50:13.463239 consume_time=0.00950813293457 agree=1 accountid=63
[hades_req] union_name=jiaban targetid=1326 userid=1265 uri=/union/accept_request time=2013-04-08_15:50:14.343766 consume_time=0.00847196578979 agree=1 accountid=63
[hades_req] union_name=jiaban targetid=1318 userid=1265 uri=/union/accept_request time=2013-04-08_15:50:14.971464 consume_time=0.00910997390747 agree=1 accountid=63
[hades_req] target=instance_20303001 userid=1317 uri=/team/join_to_queue time=2013-04-08_15:50:51.154322 consume_time=0.0118319988251 accountid=20
[hades_req] userid=1317 uri=/team/leave_queue time=2013-04-08_15:50:54.272552 consume_time=0.00352382659912 accountid=20
[hades_req] userid=1317 uri=/scene/back_to_city time=2013-04-08_15:50:56.378070 consume_time=0.0145699977875 accountid=20
[hades_req] consume_time=0.00474500656128 uri=/admin/leave time=2013-04-08_15:50:56.634214
[hades_req] userid=1317 uri=/admin/enter mapname=city gsid=city@1 time=2013-04-08_15:50:59.259126 consume_time=0.00610995292664
[hades_req] userid=1155 uri=/account/choose_player player=1155_蜜莉恩 time=2013-04-08_15:51:12.263145 consume_time=0.012592792511 accountid=83
[hades_req] userid=1155 uri=/admin/enter mapname=city gsid=city@1 time=2013-04-08_15:51:25.907498 consume_time=0.00763988494873
[hades_req] userid=1318 uri=/scene/enter_tavern time=2013-04-08_15:51:29.605781 consume_time=0.00830483436584 type=instance accountid=87
[hades_req] consume_time=0.00474691390991 uri=/admin/leave time=2013-04-08_15:51:29.941655
[hades_req] userid=1318 uri=/admin/enter mapname=jiuguanshinei gsid=jiuguanshinei@98 time=2013-04-08_15:51:31.905993 consume_time=0.00765991210938
[hades_req] target=instance_20303001 userid=1318 uri=/team/join_to_queue time=2013-04-08_15:51:36.806647 consume_time=0.00988006591797 accountid=87
[hades_req] target=instance_20303001 userid=1265 uri=/team/join_to_queue time=2013-04-08_15:51:39.653405 consume_time=0.0115849971771 accountid=63
[hades_req] consume_time=0.00497698783875 uri=/admin/leave time=2013-04-08_15:52:07.432572
[hades_req] userid=0 uri=/account/temp_login form_password=cx time=2013-04-08_15:52:23.178359 form_email=cx@cx.com consume_time=0.0180039405823 accountid=0
[hades_req] userid=1265 uri=/trade/store/sell time=2013-04-08_15:52:25.812667 position=51 consume_time=0.00667405128479 accountid=63
[hades_req] userid=1318 uri=/team/leave_queue time=2013-04-08_15:52:37.302115 consume_time=0.0050048828125 accountid=87
[hades_req] userid=1265 uri=/blacksmith/separate item=package@53,package@54,package@55 time=2013-04-08_15:52:41.016045 consume_time=0.0228390693665 accountid=63
[hades_req] userid=0 uri=/account/temp_login form_password=123456 time=2013-04-08_15:52:41.658312 form_email=liao@adobe.com consume_time=0.00571703910828 accountid=0
[hades_req] userid=1265 pos=2 uri=/astrology/equip time=2013-04-08_15:53:33.905355 consume_time=0.0142209529877 accountid=63
[hades_req] userid=1265 uri=/astrology/shortcut_sell time=2013-04-08_15:53:38.069186 consume_time=0.00905585289001 accountid=63
[hades_req] sure=false userid=1265 uri=/astrology/shortcut_combine time=2013-04-08_15:53:39.945821 consume_time=0.0108139514923 type=astrology accountid=63
[hades_req] sure=true userid=1265 uri=/astrology/shortcut_combine time=2013-04-08_15:53:41.761372 consume_time=0.00995588302612 type=astrology accountid=63
[hades_req] npcid=1 userid=1265 uri=/astrology/shortcut_start time=2013-04-08_15:53:42.785227 consume_time=0.163541078568 accountid=63
[hades_req] consume_time=0.004065990448 uri=/admin/leave time=2013-04-08_15:53:43.461458
[hades_req] userid=1265 uri=/astrology/shortcut_sell time=2013-04-08_15:53:44.786113 consume_time=0.0106589794159 accountid=63
[hades_req] sure=false userid=1265 uri=/astrology/shortcut_combine time=2013-04-08_15:53:46.776924 consume_time=0.00809001922607 type=astrology accountid=63
[hades_req] sure=true userid=1265 uri=/astrology/shortcut_combine time=2013-04-08_15:53:48.611418 consume_time=0.0084810256958 type=astrology accountid=63
[hades_req] npcid=3 userid=1265 uri=/astrology/shortcut_start time=2013-04-08_15:53:49.632698 consume_time=0.163754940033 accountid=63
[hades_req] userid=1265 uri=/astrology/shortcut_sell time=2013-04-08_15:53:51.655971 consume_time=0.00819802284241 accountid=63
[hades_req] sure=false userid=1265 uri=/astrology/shortcut_combine time=2013-04-08_15:53:53.724106 consume_time=0.00715184211731 type=astrology accountid=63
[hades_req] sure=true userid=1265 uri=/astrology/shortcut_combine time=2013-04-08_15:53:55.710672 consume_time=0.00896096229553 type=astrology accountid=63
[hades_req] npcid=3 userid=1265 uri=/astrology/shortcut_start time=2013-04-08_15:53:57.345470 consume_time=0.162407875061 accountid=63
[hades_req] userid=1265 uri=/astrology/shortcut_sell time=2013-04-08_15:53:59.863977 consume_time=0.00898003578186 accountid=63
[hades_req] userid=1360 uri=/account/choose_player player=1360_吉尔 time=2013-04-08_15:54:00.046636 consume_time=0.0101978778839 accountid=19
[hades_req] sure=false userid=1265 uri=/astrology/shortcut_combine time=2013-04-08_15:54:01.650108 consume_time=0.00784420967102 type=astrology accountid=63
[hades_req] sure=true userid=1265 uri=/astrology/shortcut_combine time=2013-04-08_15:54:03.412859 consume_time=0.00788497924805 type=astrology accountid=63
[hades_req] npcid=2 userid=1265 uri=/astrology/shortcut_start time=2013-04-08_15:54:06.194194 consume_time=0.159835100174 accountid=63
[hades_req] userid=1265 uri=/astrology/shortcut_sell time=2013-04-08_15:54:08.063065 consume_time=0.0115818977356 accountid=63
[hades_req] sure=false userid=1265 uri=/astrology/shortcut_combine time=2013-04-08_15:54:09.800987 consume_time=0.00946807861328 type=astrology accountid=63
[hades_req] userid=1155 uri=/account/choose_player player=1155_蜜莉恩 time=2013-04-08_15:54:10.642595 consume_time=0.0130228996277 accountid=83
[hades_req] sure=true userid=1265 uri=/astrology/shortcut_combine time=2013-04-08_15:54:11.672366 consume_time=0.0124289989471 type=astrology accountid=63
[hades_req] npcid=3 userid=1265 uri=/astrology/shortcut_start time=2013-04-08_15:54:12.896221 consume_time=0.162413835526 accountid=63
[hades_req] userid=1265 uri=/astrology/shortcut_sell time=2013-04-08_15:54:14.458770 consume_time=0.0101058483124 accountid=63
[hades_req] userid=1360 uri=/admin/enter mapname=city gsid=city@1 time=2013-04-08_15:54:15.532222 consume_time=0.00803518295288
[hades_req] sure=false userid=1265 uri=/astrology/shortcut_combine time=2013-04-08_15:54:16.474941 consume_time=0.00869798660278 type=astrology accountid=63
[hades_req] sure=true userid=1265 uri=/astrology/shortcut_combine time=2013-04-08_15:54:18.316889 consume_time=0.0112340450287 type=astrology accountid=63
[hades_req] npcid=2 userid=1265 uri=/astrology/shortcut_start time=2013-04-08_15:54:19.419293 consume_time=0.161113977432 accountid=63
[hades_req] userid=1155 uri=/admin/enter mapname=city gsid=city@1 time=2013-04-08_15:54:19.865255 consume_time=0.00810098648071
[hades_req] userid=1265 uri=/astrology/shortcut_sell time=2013-04-08_15:54:21.412321 consume_time=0.00917601585388 accountid=63
[hades_req] sure=false userid=1265 uri=/astrology/shortcut_combine time=2013-04-08_15:54:23.047354 consume_time=0.00657892227173 type=astrology accountid=63
[hades_req] sure=true userid=1265 uri=/astrology/shortcut_combine time=2013-04-08_15:54:24.786091 consume_time=0.00926995277405 type=astrology accountid=63
[hades_req] npcid=1 userid=1265 uri=/astrology/shortcut_start time=2013-04-08_15:54:25.768785 consume_time=0.152211904526 accountid=63
[hades_req] userid=1265 uri=/astrology/shortcut_sell time=2013-04-08_15:54:27.590065 consume_time=0.0110540390015 accountid=63
[hades_req] sure=false userid=1265 uri=/astrology/shortcut_combine time=2013-04-08_15:54:29.493433 consume_time=0.0103709697723 type=astrology accountid=63
[hades_req] sure=true userid=1265 uri=/astrology/shortcut_combine time=2013-04-08_15:54:31.258925 consume_time=0.0097188949585 type=astrology accountid=63
[hades_req] npcid=1 userid=1265 uri=/astrology/shortcut_start time=2013-04-08_15:54:32.464157 consume_time=0.157108068466 accountid=63
[hades_req] userid=1265 uri=/astrology/shortcut_sell time=2013-04-08_15:54:36.242874 consume_time=0.0100569725037 accountid=63
[hades_req] sure=false userid=1265 uri=/astrology/shortcut_combine time=2013-04-08_15:54:37.111114 consume_time=0.0090000629425 type=astrology accountid=63
[hades_req] sure=true userid=1265 uri=/astrology/shortcut_combine time=2013-04-08_15:54:39.110501 consume_time=0.0106530189514 type=astrology accountid=63
[hades_req] npcid=2 userid=1265 uri=/astrology/shortcut_start time=2013-04-08_15:54:40.407210 consume_time=0.173089981079 accountid=63
[hades_req] sure=false userid=1265 uri=/astrology/shortcut_combine time=2013-04-08_15:54:45.610208 consume_time=0.0158159732819 type=astrology accountid=63
[hades_req] sure=false userid=1265 uri=/astrology/shortcut_combine time=2013-04-08_15:54:56.140157 consume_time=0.0143010616302 type=astrology accountid=63
[hades_req] sure=true userid=1265 uri=/astrology/shortcut_combine time=2013-04-08_15:54:58.428790 consume_time=0.0123081207275 type=astrology accountid=63
[hades_req] userid=1265 uri=/astrology/shortcut_sell time=2013-04-08_15:55:00.224693 consume_time=0.00757384300232 accountid=63
[hades_req] npcid=2 userid=1265 uri=/astrology/shortcut_start time=2013-04-08_15:55:02.809707 consume_time=0.160892963409 accountid=63
[hades_req] sure=false userid=1265 uri=/astrology/shortcut_combine time=2013-04-08_15:55:05.073990 consume_time=0.0111141204834 type=astrology accountid=63
[hades_req] sure=true userid=1265 uri=/astrology/shortcut_combine time=2013-04-08_15:55:06.822118 consume_time=0.0105731487274 type=astrology accountid=63
[hades_req] userid=1265 uri=/astrology/shortcut_sell time=2013-04-08_15:55:08.472708 consume_time=0.00740194320679 accountid=63
[hades_req] userid=1265 pos=0 uri=/astrology/collect time=2013-04-08_15:55:10.206837 consume_time=0.00659084320068 accountid=63
[hades_req] ruler=dan20-privatemine3.xml userid=1360 uri=/scene/jump_to_quest_location time=2013-04-08_15:55:17.749534 map_name=privatemine3 consume_time=0.0578198432922 accountid=19
[hades_req] consume_time=0.00383186340332 uri=/admin/leave time=2013-04-08_15:55:19.878792
[hades_req] userid=1265 uri=/astrology/unequip time=2013-04-08_15:55:19.960738 equipped_pos=4 consume_time=0.0112400054932 accountid=63
[hades_req] userid=1265 pos=1 uri=/astrology/equip time=2013-04-08_15:55:21.612488 consume_time=0.0146420001984 accountid=63
[hades_req] userid=1360 uri=/admin/enter mapname=privatemine3 gsid=privatemine3@1 time=2013-04-08_15:55:29.941515 consume_time=0.00790810585022
[hades_req] userid=0 uri=/account/temp_login form_password=123456 time=2013-04-08_15:56:28.557348 form_email=liao@adobe.com consume_time=0.00871777534485 accountid=0
[hades_req] userid=1155 uri=/account/choose_player player=1155_蜜莉恩 time=2013-04-08_15:57:00.696145 consume_time=0.0125091075897 accountid=83
[hades_req] consume_time=0.00471186637878 uri=/admin/leave time=2013-04-08_15:57:01.919615
[hades_req] consume_time=0.00414705276489 uri=/admin/leave time=2013-04-08_15:57:11.105872
[hades_req] userid=1155 uri=/admin/enter mapname=city gsid=city@1 time=2013-04-08_15:57:11.114888 consume_time=0.00727915763855
[hades_req] userid=0 uri=/account/temp_login form_password=cx time=2013-04-08_15:57:16.798442 form_email=cx@cx.com consume_time=0.0188059806824 accountid=0
[hades_req] consume_time=0.00447511672974 uri=/admin/leave time=2013-04-08_15:58:15.441682
[hades_req] userid=0 uri=/account/temp_login form_password=123456 time=2013-04-08_15:58:40.713708 form_email=liao@adobe.com consume_time=0.00626802444458 accountid=0
[hades_req] userid=1360 uri=/account/choose_player player=1360_吉尔 time=2013-04-08_15:58:41.946547 consume_time=0.0111930370331 accountid=19
[hades_req] userid=1360 uri=/admin/enter mapname=city gsid=city@1 time=2013-04-08_15:58:56.232568 consume_time=0.0084969997406
[hades_req] ruler=dan20-privatemine3.xml userid=1360 uri=/scene/jump_to_quest_location time=2013-04-08_15:59:40.189713 map_name=privatemine3 consume_time=0.0190579891205 accountid=19
[hades_req] consume_time=0.00513291358948 uri=/admin/leave time=2013-04-08_15:59:41.077235
[hades_req] userid=1360 uri=/admin/enter mapname=privatemine3 gsid=privatemine3@1 time=2013-04-08_15:59:49.395204 consume_time=0.00839996337891
[hades_req] userid=1318 target_id=1265 uri=/friend/friend_request time=2013-04-08_15:59:51.398575 consume_time=0.0173501968384 accountid=87
