[hades_req] accountid=63 userid=1265 uri=/blacksmith/combine time=2013-04-07_16:00:02.601492 consume_time=0.0161731243134 should_by_buy=0 combine_id=4069
[hades_req] accountid=63 userid=1265 uri=/blacksmith/combine time=2013-04-07_16:00:06.966881 consume_time=0.0154979228973 should_by_buy=0 combine_id=4085
[hades_req] accountid=63 userid=1265 uri=/blacksmith/combine time=2013-04-07_16:00:10.385835 consume_time=0.0170497894287 should_by_buy=0 combine_id=4088
[hades_req] accountid=63 userid=1265 uri=/blacksmith/combine time=2013-04-07_16:00:13.402632 consume_time=0.0181250572205 should_by_buy=0 combine_id=4089
[hades_req] accountid=63 userid=1265 uri=/blacksmith/combine time=2013-04-07_16:00:16.371369 consume_time=0.0194401741028 should_by_buy=0 combine_id=4090
[hades_req] accountid=63 userid=1265 uri=/blacksmith/combine time=2013-04-07_16:00:19.236656 consume_time=0.0175750255585 should_by_buy=0 combine_id=4099
[hades_req] accountid=63 userid=1265 uri=/blacksmith/combine time=2013-04-07_16:00:22.154635 consume_time=0.0202329158783 should_by_buy=0 combine_id=4100
[hades_req] accountid=63 userid=1265 uri=/blacksmith/combine time=2013-04-07_16:00:23.456112 consume_time=0.0221810340881 should_by_buy=0 combine_id=4100
[hades_req] accountid=63 userid=1265 uri=/blacksmith/combine time=2013-04-07_16:00:27.418225 consume_time=0.0181670188904 should_by_buy=0 combine_id=4102
[hades_req] accountid=63 userid=1265 uri=/blacksmith/combine time=2013-04-07_16:00:32.170805 consume_time=0.0200588703156 should_by_buy=0 combine_id=4110
[hades_req] accountid=63 userid=1265 uri=/blacksmith/combine time=2013-04-07_16:00:35.538117 consume_time=0.0180201530457 should_by_buy=0 combine_id=4112
[hades_req] userid=1265 uri=/blacksmith/mosaic stone_pos=5@slot0 time=2013-04-07_16:00:49.651631 mosaic_item=equiped@head consume_time=0.0172917842865 accountid=63
[hades_req] userid=1265 uri=/blacksmith/mosaic stone_pos=5@slot0 time=2013-04-07_16:00:53.649078 mosaic_item=equiped@gloves consume_time=0.0158429145813 accountid=63
[hades_req] userid=1265 uri=/blacksmith/mosaic stone_pos=5@slot0 time=2013-04-07_16:01:01.447018 mosaic_item=equiped@shoulders consume_time=0.0140800476074 accountid=63
[hades_req] userid=1265 uri=/blacksmith/mosaic stone_pos=4@slot1 time=2013-04-07_16:01:06.500316 mosaic_item=equiped@shoulders consume_time=0.0183689594269 accountid=63
[hades_req] userid=1265 uri=/blacksmith/mosaic stone_pos=-1@slot1 time=2013-04-07_16:01:11.567366 mosaic_item=equiped@shoulders consume_time=0.0178301334381 accountid=63
[hades_req] userid=1265 uri=/blacksmith/mosaic stone_pos=8@slot1 time=2013-04-07_16:01:17.330898 mosaic_item=equiped@shoulders consume_time=0.0146141052246 accountid=63
[hades_req] userid=1265 uri=/blacksmith/mosaic stone_pos=9@slot0 time=2013-04-07_16:01:31.847268 mosaic_item=equiped@shoes consume_time=0.0154049396515 accountid=63
[hades_req] userid=1265 uri=/blacksmith/mosaic stone_pos=14@slot1 time=2013-04-07_16:01:36.645051 mosaic_item=equiped@shoes consume_time=0.0140209197998 accountid=63
[hades_req] userid=1265 uri=/blacksmith/mosaic stone_pos=24@slot0 time=2013-04-07_16:01:48.497974 mosaic_item=equiped@right_hand consume_time=0.0147888660431 accountid=63
[hades_req] userid=1265 uri=/blacksmith/mosaic stone_pos=33@slot1 time=2013-04-07_16:01:53.113425 mosaic_item=equiped@right_hand consume_time=0.0158560276031 accountid=63
[hades_req] userid=1265 uri=/blacksmith/mosaic stone_pos=17@slot2 time=2013-04-07_16:01:56.111198 mosaic_item=equiped@right_hand consume_time=0.0136551856995 accountid=63
[hades_req] userid=1265 uri=/blacksmith/mosaic stone_pos=9@slot3 time=2013-04-07_16:02:01.680135 mosaic_item=equiped@right_hand consume_time=0.0165870189667 accountid=63
[hades_req] userid=1265 uri=/blacksmith/mosaic stone_pos=73@slot0 time=2013-04-07_16:02:16.230928 mosaic_item=equiped@body consume_time=0.0166299343109 accountid=63
[hades_req] userid=1265 uri=/blacksmith/mosaic stone_pos=52@slot1 time=2013-04-07_16:02:27.395200 mosaic_item=equiped@body consume_time=0.014200925827 accountid=63
[hades_req] userid=1265 uri=/blacksmith/mosaic stone_pos=43@slot0 time=2013-04-07_16:02:37.776334 mosaic_item=equiped@legs consume_time=0.0137591362 accountid=63
[hades_req] userid=1265 uri=/blacksmith/mosaic stone_pos=47@slot1 time=2013-04-07_16:02:40.827914 mosaic_item=equiped@legs consume_time=0.0149638652802 accountid=63
[hades_req] userid=1265 uri=/blacksmith/mosaic stone_pos=52@slot2 time=2013-04-07_16:02:47.759797 mosaic_item=equiped@legs consume_time=0.0138800144196 accountid=63
[hades_req] userid=1265 uri=/blacksmith/mosaic stone_pos=47@slot0 time=2013-04-07_16:03:01.878582 mosaic_item=equiped@left_hand consume_time=0.0157930850983 accountid=63
[hades_req] userid=1265 uri=/blacksmith/mosaic stone_pos=9@slot1 time=2013-04-07_16:03:11.713185 mosaic_item=equiped@left_hand consume_time=0.0335509777069 accountid=63
[hades_req] consume_time=0.00509905815125 uri=/admin/leave time=2013-04-07_16:03:18.202618
[hades_req] userid=1265 uri=/account/choose_player player=1265_简 time=2013-04-07_16:03:53.987120 consume_time=0.0137500762939 accountid=63
[hades_req] userid=1265 uri=/admin/enter mapname=city gsid=city%401 time=2013-04-07_16:03:57.318796 consume_time=0.00583600997925
[hades_req] userid=1354 uri=/pets/upgrade time=2013-04-07_16:04:14.324050 consume_time=0.024521112442 pet_id=4005 accountid=25
[hades_req] userid=1265 uri=/blacksmith/mosaic stone_pos=14@slot2 time=2013-04-07_16:06:04.341863 mosaic_item=equiped@left_hand consume_time=0.0192670822144 accountid=63
[hades_req] punch_item=equiped@left_hand time=2013-04-07_16:06:15.304553 userid=1265 uri=/blacksmith/punch slot_id=slot3 consume_time=0.0152981281281 accountid=63
[hades_req] userid=1265 uri=/blacksmith/mosaic stone_pos=19@slot3 time=2013-04-07_16:06:18.854189 mosaic_item=equiped@left_hand consume_time=0.0144591331482 accountid=63
[hades_req] punch_item=equiped@legs time=2013-04-07_16:06:29.267415 userid=1265 uri=/blacksmith/punch slot_id=slot3 consume_time=0.0116839408875 accountid=63
[hades_req] userid=1265 uri=/blacksmith/mosaic stone_pos=24@slot3 time=2013-04-07_16:06:32.436223 mosaic_item=equiped@legs consume_time=0.0147619247437 accountid=63
[hades_req] accountid=63 userid=1265 uri=/blacksmith/combine time=2013-04-07_16:06:58.553248 consume_time=0.0167098045349 should_by_buy=0 combine_id=4036
[hades_req] time=2013-04-07_16:07:10.582728 userid=1265 uri=/maze/goto_maze is_continue=true consume_time=0.056960105896 accountid=63
[hades_req] consume_time=0.00500082969666 uri=/admin/leave time=2013-04-07_16:07:10.925872
[hades_req] userid=1265 uri=/admin/enter mapname=migong gsid=migong%401 time=2013-04-07_16:07:14.670454 consume_time=0.00762796401978
[hades_req] userid=0 uri=/account/temp_login form_password=123456 time=2013-04-07_16:12:23.688652 form_email=test@test.com consume_time=0.00825500488281 accountid=0
[hades_req] userid=1317 uri=/account/choose_player player=1317_柏莎 time=2013-04-07_16:13:27.466528 consume_time=0.0139911174774 accountid=20
[hades_req] userid=1317 uri=/admin/enter mapname=city gsid=city%401 time=2013-04-07_16:13:36.686098 consume_time=0.0071120262146
[hades_req] skip_time=0 userid=1317 uri=/trade/player_store/generate_player_store time=2013-04-07_16:13:45.191009 consume_time=0.00391697883606 accountid=20
[hades_req] userid=1318 uri=/msg/read time=2013-04-07_16:13:56.593205 consume_time=0.00593900680542 msgkey=0@1365264000.29 accountid=87
[hades_req] userid=1318 uri=/msg/loads_attachment time=2013-04-07_16:13:57.692131 consume_time=0.00945401191711 msgkey=0@1365264000.29 accountid=87
[hades_req] userid=1318 uri=/msg/delete time=2013-04-07_16:14:00.911282 consume_time=0.012729883194 msgkey=0@1365264000.29,0@1365177600.37,0@1365091200.79 accountid=87
[hades_req] userid=1318 uri=/reward/reward_by_checkin time=2013-04-07_16:14:05.123456 consume_time=0.00757002830505 accountid=87
[hades_req] userid=1318 uri=/reward/reward_by_gametime time=2013-04-07_16:14:15.497456 consume_time=0.0133550167084 id=1 accountid=87
[hades_req] userid=1318 uri=/reward/reward_by_gametime time=2013-04-07_16:14:17.406183 consume_time=0.00924491882324 id=2 accountid=87
[hades_req] userid=1318 uri=/reward/reward_by_gametime time=2013-04-07_16:14:19.508815 consume_time=0.0119969844818 id=3 accountid=87
[hades_req] userid=1318 uri=/reward/reward_by_gametime time=2013-04-07_16:14:21.373565 consume_time=0.0174310207367 id=4 accountid=87
[hades_req] user_login=登录 uri=/account/temp_login form_password=123456 time=2013-04-07_16:14:28.171992 form_email=majing@111.com consume_time=0.0165619850159
[hades_req] skip_time=0 userid=1317 uri=/trade/player_store/generate_player_store time=2013-04-07_16:14:28.863249 consume_time=0.00568699836731 accountid=20
[hades_req] count=1 sale_id=1300126 userid=1317 uri=/trade/player_store/buy time=2013-04-07_16:14:36.185171 consume_time=0.00502800941467 accountid=20
[hades_req] skip_time=1 userid=1317 uri=/trade/player_store/generate_player_store time=2013-04-07_16:14:41.547370 consume_time=0.0515489578247 accountid=20
[hades_req] skip_time=0 userid=1317 uri=/trade/player_store/generate_player_store time=2013-04-07_16:15:12.439483 consume_time=0.00432896614075 accountid=20
[hades_req] skip_time=0 userid=1317 uri=/trade/player_store/generate_player_store time=2013-04-07_16:15:36.299148 consume_time=0.0430498123169 accountid=20
[hades_req] count=1 sale_id=1300173 userid=1317 uri=/trade/player_store/buy time=2013-04-07_16:15:43.144679 consume_time=0.00863695144653 accountid=20
[hades_req] skip_time=0 userid=1317 uri=/trade/player_store/generate_player_store time=2013-04-07_16:15:53.078215 consume_time=0.0054030418396 accountid=20
[hades_req] consume_time=0.00411796569824 uri=/admin/leave time=2013-04-07_16:15:57.647026
[hades_req] userid=0 uri=/account/temp_login form_password=123456 time=2013-04-07_16:16:06.916335 form_email=test@test.com consume_time=0.0204629898071 accountid=0
[hades_req] userid=1317 uri=/account/choose_player player=1317_柏莎 time=2013-04-07_16:16:36.121813 consume_time=0.0133481025696 accountid=20
[hades_req] userid=1317 uri=/admin/enter mapname=city gsid=city%401 time=2013-04-07_16:16:45.065870 consume_time=0.0060510635376
[hades_req] skip_time=0 userid=1317 uri=/trade/player_store/generate_player_store time=2013-04-07_16:16:48.704699 consume_time=0.00387406349182 accountid=20
[hades_req] skip_time=1 userid=1317 uri=/trade/player_store/generate_player_store time=2013-04-07_16:17:03.557968 consume_time=0.0265040397644 accountid=20
[hades_req] count=1 sale_id=1300197 userid=1317 uri=/trade/player_store/buy time=2013-04-07_16:17:14.623341 consume_time=0.00819396972656 accountid=20
[hades_req] skip_time=0 userid=1317 uri=/trade/player_store/generate_player_store time=2013-04-07_16:17:17.972225 consume_time=0.00440788269043 accountid=20
[hades_req] skip_time=1 userid=1317 uri=/trade/player_store/generate_player_store time=2013-04-07_16:17:32.226171 consume_time=0.0331280231476 accountid=20
[hades_req] count=1 sale_id=1300137 userid=1317 uri=/trade/player_store/buy time=2013-04-07_16:17:38.644049 consume_time=0.00837397575378 accountid=20
[hades_req] count=1 sale_id=1300175 userid=1317 uri=/trade/player_store/buy time=2013-04-07_16:17:41.061902 consume_time=0.00813102722168 accountid=20
[hades_req] count=1 sale_id=1300161 userid=1317 uri=/trade/player_store/buy time=2013-04-07_16:17:42.707841 consume_time=0.00879406929016 accountid=20
[hades_req] count=1 sale_id=1300113 userid=1317 uri=/trade/player_store/buy time=2013-04-07_16:17:44.403628 consume_time=0.00890707969666 accountid=20
[hades_req] count=1 sale_id=1300101 userid=1317 uri=/trade/player_store/buy time=2013-04-07_16:17:45.824868 consume_time=0.00813388824463 accountid=20
[hades_req] skip_time=0 userid=1317 uri=/trade/player_store/generate_player_store time=2013-04-07_16:17:49.730573 consume_time=0.00436019897461 accountid=20
[hades_req] skip_time=1 userid=1317 uri=/trade/player_store/generate_player_store time=2013-04-07_16:17:52.067522 consume_time=0.0417029857635 accountid=20
[hades_req] count=1 sale_id=1300149 userid=1317 uri=/trade/player_store/buy time=2013-04-07_16:17:54.061911 consume_time=0.00789999961853 accountid=20
[hades_req] count=1 sale_id=1300125 userid=1317 uri=/trade/player_store/buy time=2013-04-07_16:17:55.694256 consume_time=0.00789499282837 accountid=20
[hades_req] skip_time=0 userid=1317 uri=/trade/player_store/generate_player_store time=2013-04-07_16:18:10.823905 consume_time=0.00356006622314 accountid=20
[hades_req] userid=1354 uri=/account/choose_player player=1354_雪丽 time=2013-04-07_16:19:27.865066 consume_time=0.0122120380402 accountid=25
[hades_req] userid=1354 uri=/admin/enter mapname=city gsid=city%401 time=2013-04-07_16:19:30.269261 consume_time=0.00571084022522
[hades_req] skip_time=1 userid=1317 uri=/trade/player_store/generate_player_store time=2013-04-07_16:20:16.769437 consume_time=0.0100739002228 accountid=20
[hades_req] skip_time=1 userid=1317 uri=/trade/player_store/generate_player_store time=2013-04-07_16:20:49.079450 consume_time=0.0115430355072 accountid=20
[hades_req] consume_time=0.00433301925659 uri=/admin/leave time=2013-04-07_16:22:53.412303
[hades_req] userid=1354 uri=/exchange/exchange time=2013-04-07_16:23:07.852843 consume_time=0.0130391120911 accountid=25
[hades_req] userid=535 uri=/account/choose_player player=535_习善近水人升平 time=2013-04-07_16:28:33.878653 consume_time=0.0107221603394 accountid=13
[hades_req] userid=535 uri=/admin/enter mapname=city gsid=city%401 time=2013-04-07_16:28:36.627518 consume_time=0.0111880302429
[hades_req] userid=535 uri=/goal/get_reward goal_id=1 time=2013-04-07_16:30:14.247638 consume_time=0.00908803939819 accountid=13
[hades_req] userid=535 uri=/goal/get_reward goal_id=2 time=2013-04-07_16:30:16.031129 consume_time=0.00860714912415 accountid=13
[hades_req] ruler=dan03-huoshan1.xml userid=535 uri=/scene/jump_to_quest_location time=2013-04-07_16:31:24.778756 map_name=huoshan1 consume_time=0.0509719848633 accountid=13
[hades_req] consume_time=0.00466704368591 uri=/admin/leave time=2013-04-07_16:31:25.019125
[hades_req] userid=535 uri=/admin/enter mapname=huoshan1 gsid=huoshan1%401 time=2013-04-07_16:31:28.985472 consume_time=0.00637793540955
[hades_req] userid=535 uri=/scene/back_to_city time=2013-04-07_16:32:58.300240 consume_time=0.0142061710358 accountid=13
[hades_req] consume_time=0.00524592399597 uri=/admin/leave time=2013-04-07_16:32:58.546293
[hades_req] userid=535 uri=/admin/enter mapname=city gsid=city%401 time=2013-04-07_16:33:00.542939 consume_time=0.00484895706177
[hades_req] consume_time=0.00462698936462 uri=/admin/leave time=2013-04-07_16:33:27.006267
[hades_req] delete_user_id=796 userid=535 uri=/account/delete_user time=2013-04-07_16:33:46.663934 consume_time=0.0296721458435 accountid=13
[hades_req] camp=1 account_id=13 gender=male idcard=1234345656dfdf userid=535 uri=/profile/register role=warrior time=2013-04-07_16:34:02.311095 consume_time=0.0107579231262 accountid=13 name=格林斯潘
[hades_req] userid=1355 uri=/account/choose_player player=1355_格林斯潘 time=2013-04-07_16:34:05.178707 consume_time=0.0108139514923 accountid=13
[hades_req] userid=1355 uri=/admin/enter mapname=city gsid=city%401 time=2013-04-07_16:34:07.123853 consume_time=0.0119891166687
[hades_req] ruler=dan01-huoshan4.xml userid=1355 uri=/scene/jump_to_quest_location time=2013-04-07_16:34:33.040894 map_name=huoshan4 consume_time=0.0542681217194 accountid=13
[hades_req] consume_time=0.00410914421082 uri=/admin/leave time=2013-04-07_16:34:33.213070
[hades_req] userid=1355 uri=/admin/enter mapname=huoshan4 gsid=huoshan4%401 time=2013-04-07_16:34:37.182251 consume_time=0.00578212738037
[hades_req] userid=1355 uri=/scene/back_to_city time=2013-04-07_16:35:12.039859 consume_time=0.0140280723572 accountid=13
[hades_req] consume_time=0.00570702552795 uri=/admin/leave time=2013-04-07_16:35:12.219301
[hades_req] userid=1355 uri=/admin/enter mapname=city gsid=city%401 time=2013-04-07_16:35:14.401695 consume_time=0.0064549446106
[hades_req] userid=1355 uri=/blacksmith/enhance equipment_pos=equiped@right_hand time=2013-04-07_16:36:48.025329 lucky_stone_pos=2 consume_time=0.0280420780182 accountid=13
[hades_req] userid=1355 uri=/blacksmith/enhance equipment_pos=equiped@right_hand time=2013-04-07_16:36:48.659427 lucky_stone_pos=2 consume_time=0.0286250114441 accountid=13
[hades_req] userid=1355 uri=/blacksmith/enhance equipment_pos=equiped@right_hand time=2013-04-07_16:36:49.224226 lucky_stone_pos=2 consume_time=0.0270638465881 accountid=13
[hades_req] userid=1355 uri=/blacksmith/enhance equipment_pos=equiped@right_hand time=2013-04-07_16:36:49.810654 lucky_stone_pos=2 consume_time=0.0330040454865 accountid=13
[hades_req] userid=1355 uri=/blacksmith/enhance equipment_pos=equiped@right_hand time=2013-04-07_16:36:50.324197 lucky_stone_pos=2 consume_time=0.0286839008331 accountid=13
[hades_req] userid=1354 uri=/scene/enter_tavern time=2013-04-07_16:36:57.469774 consume_time=0.0101161003113 type=jjc accountid=25
[hades_req] consume_time=0.00508785247803 uri=/admin/leave time=2013-04-07_16:36:57.627299
[hades_req] userid=1354 uri=/admin/enter mapname=jiuguanshinei gsid=jiuguanshinei%4099 time=2013-04-07_16:36:59.943534 consume_time=0.007493019104
[hades_req] userid=1354 uri=/scene/back_to_city time=2013-04-07_16:37:11.390998 consume_time=0.0163259506226 accountid=25
[hades_req] consume_time=0.00468802452087 uri=/admin/leave time=2013-04-07_16:37:11.568470
[hades_req] userid=1354 uri=/admin/enter mapname=city gsid=city%401 time=2013-04-07_16:37:13.612486 consume_time=0.00629901885986
[hades_req] ruler=dan02-huoshan1.xml userid=1355 uri=/scene/jump_to_quest_location time=2013-04-07_16:37:14.896209 map_name=huoshan1 consume_time=0.0523011684418 accountid=13
[hades_req] consume_time=0.00463199615479 uri=/admin/leave time=2013-04-07_16:37:15.091883
[hades_req] userid=1355 uri=/admin/enter mapname=huoshan1 gsid=huoshan1%401 time=2013-04-07_16:37:18.064528 consume_time=0.0075831413269
[hades_req] userid=1355 uri=/scene/back_to_city time=2013-04-07_16:38:18.024247 consume_time=0.0135290622711 accountid=13
[hades_req] consume_time=0.00416707992554 uri=/admin/leave time=2013-04-07_16:38:18.199232
[hades_req] userid=1355 uri=/admin/enter mapname=city gsid=city%401 time=2013-04-07_16:38:20.386051 consume_time=0.00500702857971
[hades_req] ruler=dan03-huoshan1.xml userid=1355 uri=/scene/jump_to_quest_location time=2013-04-07_16:39:47.361562 map_name=huoshan1 consume_time=0.0538771152496 accountid=13
[hades_req] consume_time=0.00425982475281 uri=/admin/leave time=2013-04-07_16:39:47.557060
[hades_req] userid=1355 uri=/admin/enter mapname=huoshan1 gsid=huoshan1%402 time=2013-04-07_16:39:51.300594 consume_time=0.0067720413208
[hades_req] userid=1265 uri=/account/choose_player player=1265_简 time=2013-04-07_16:40:04.830970 consume_time=0.0119068622589 accountid=63
[hades_req] userid=1265 uri=/admin/enter mapname=city gsid=city%401 time=2013-04-07_16:40:08.213298 consume_time=0.00768995285034
[hades_req] time=2013-04-07_16:40:25.226233 userid=1265 uri=/maze/goto_maze is_continue=true consume_time=0.0151519775391 accountid=63
[hades_req] consume_time=0.0046010017395 uri=/admin/leave time=2013-04-07_16:40:25.597711
[hades_req] userid=1265 uri=/admin/enter mapname=migong gsid=migong%401 time=2013-04-07_16:40:28.189389 consume_time=0.0060601234436
[hades_req] userid=1355 uri=/scene/back_to_city time=2013-04-07_16:41:15.769361 consume_time=0.0133850574493 accountid=13
[hades_req] consume_time=0.00397682189941 uri=/admin/leave time=2013-04-07_16:41:15.951051
[hades_req] userid=1355 uri=/admin/enter mapname=city gsid=city%401 time=2013-04-07_16:41:18.185030 consume_time=0.00552797317505
[hades_req] ruler=migong userid=1265 uri=/scene/jump_to_quest_location time=2013-04-07_16:41:41.037292 map_name=migong consume_time=0.0178940296173 accountid=63
[hades_req] consume_time=0.00441098213196 uri=/admin/leave time=2013-04-07_16:41:41.394626
[hades_req] consume_time=0.00491309165955 uri=/admin/leave time=2013-04-07_16:41:42.758977
[hades_req] userid=1265 uri=/admin/enter mapname=migong gsid=migong%401 time=2013-04-07_16:41:43.077744 consume_time=0.00616812705994
[hades_req] ruler=migong userid=1265 uri=/scene/jump_to_quest_location time=2013-04-07_16:43:19.500351 map_name=migong consume_time=0.0164740085602 accountid=63
[hades_req] consume_time=0.00434899330139 uri=/admin/leave time=2013-04-07_16:43:19.860442
[hades_req] userid=1265 uri=/admin/enter mapname=migong gsid=migong%401 time=2013-04-07_16:43:21.535288 consume_time=0.00833606719971
[hades_req] ruler=migong userid=1265 uri=/scene/jump_to_quest_location time=2013-04-07_16:44:23.447484 map_name=migong consume_time=0.0166919231415 accountid=63
[hades_req] consume_time=0.00519013404846 uri=/admin/leave time=2013-04-07_16:44:23.805346
[hades_req] userid=1265 uri=/admin/enter mapname=migong gsid=migong%401 time=2013-04-07_16:44:25.530720 consume_time=0.00695300102234
[hades_req] ruler=migong userid=1265 uri=/scene/jump_to_quest_location time=2013-04-07_16:52:00.604125 map_name=migong consume_time=0.0191848278046 accountid=63
[hades_req] consume_time=0.00447297096252 uri=/admin/leave time=2013-04-07_16:52:00.934818
[hades_req] userid=1265 uri=/admin/enter mapname=migong gsid=migong%401 time=2013-04-07_16:52:02.599629 consume_time=0.00713491439819
[hades_req] ruler=migong userid=1265 uri=/scene/jump_to_quest_location time=2013-04-07_16:53:54.757704 map_name=migong consume_time=0.0173990726471 accountid=63
[hades_req] consume_time=0.00484800338745 uri=/admin/leave time=2013-04-07_16:53:55.126061
[hades_req] userid=1265 uri=/admin/enter mapname=migong gsid=migong%401 time=2013-04-07_16:53:56.789857 consume_time=0.00551795959473
[hades_req] ruler=migong userid=1265 uri=/scene/jump_to_quest_location time=2013-04-07_16:55:51.189054 map_name=migong consume_time=0.0175409317017 accountid=63
[hades_req] consume_time=0.00500988960266 uri=/admin/leave time=2013-04-07_16:55:51.572420
[hades_req] userid=1265 uri=/admin/enter mapname=migong gsid=migong%401 time=2013-04-07_16:55:53.288808 consume_time=0.00745820999146
[hades_req] consume_time=0.00674414634705 skip_time=1 userid=1318 uri=/trade/player_store/generate_player_store?userid=1318&skip_time=1 time=2013-04-07_16:57:32.724572
[hades_req] ruler=migong userid=1265 uri=/scene/jump_to_quest_location time=2013-04-07_16:57:40.561528 map_name=migong consume_time=0.0281200408936 accountid=63
[hades_req] consume_time=0.00430607795715 uri=/admin/leave time=2013-04-07_16:57:40.924115
[hades_req] userid=1265 uri=/admin/enter mapname=migong gsid=migong%401 time=2013-04-07_16:57:42.588139 consume_time=0.00557899475098
[hades_req] userid=1265 uri=/maze/revive revive_mod=token time=2013-04-07_16:58:01.137069 death_rule_type=maze consume_time=0.00769591331482 accountid=63
[hades_req] userid=1265 uri=/maze/revive revive_mod=token time=2013-04-07_16:58:15.520456 death_rule_type=maze consume_time=0.0080840587616 accountid=63
[hades_req] userid=1265 uri=/scene/back_to_city time=2013-04-07_16:58:18.946973 consume_time=0.0138998031616 accountid=63
[hades_req] consume_time=0.0046398639679 uri=/admin/leave time=2013-04-07_16:58:19.326220
[hades_req] user_login=登录 uri=/account/temp_login form_password=hello2 time=2013-04-07_16:58:21.155112 form_email=hello2@hello2.com consume_time=0.00623893737793
[hades_req] userid=1265 uri=/admin/enter mapname=city gsid=city%401 time=2013-04-07_16:58:21.423251 consume_time=0.00656700134277
[hades_req] userid=1336 uri=/account/choose_player player=1336_杰罗姆 time=2013-04-07_16:58:52.072903 consume_time=0.0114381313324 accountid=92
[hades_req] userid=1336 uri=/admin/enter mapname=city gsid=city%401 time=2013-04-07_16:58:54.589733 consume_time=0.00680708885193
[hades_req] time=2013-04-07_16:59:16.239402 userid=1336 uri=/maze/goto_maze is_continue=false consume_time=0.012130022049 accountid=92
[hades_req] consume_time=0.00432896614075 uri=/admin/leave time=2013-04-07_16:59:16.414587
[hades_req] userid=1336 uri=/admin/enter mapname=migong gsid=migong%401 time=2013-04-07_16:59:19.024602 consume_time=0.00649499893188
[hades_req] consume_time=0.462882041931 skip_time=1 userid=1318 uri=/trade/player_store/generate_player_store?userid=1318&skip_time=1 time=2013-04-07_16:59:54.718903
