[hades_req] userid=1342 uri=/account/choose_player player=1342_优娜 time=2013-04-06_15:07:56.590397 consume_time=0.0113921165466 accountid=11
[hades_req] userid=1342 uri=/admin/enter mapname=city gsid=city%401 time=2013-04-06_15:07:59.277067 consume_time=0.00941705703735
[hades_req] userid=0 uri=/account/temp_login form_password=123456 time=2013-04-06_15:20:00.764869 form_email=test@test.com consume_time=0.00700092315674 accountid=0
[hades_req] userid=1317 uri=/account/choose_player player=1317_柏莎 time=2013-04-06_15:20:55.830864 consume_time=0.0103781223297 accountid=20
[hades_req] userid=1317 uri=/admin/enter mapname=city gsid=city%401 time=2013-04-06_15:21:04.924842 consume_time=0.00525498390198
[hades_req] consume_time=0.0047299861908 uri=/admin/leave time=2013-04-06_15:22:01.943304
[hades_req] userid=0 uri=/account/temp_login form_password=123456 time=2013-04-06_15:23:37.493785 form_email=test@test.com consume_time=0.00653004646301 accountid=0
[hades_req] userid=1317 uri=/account/choose_player player=1317_柏莎 time=2013-04-06_15:24:49.229951 consume_time=0.0110220909119 accountid=20
[hades_req] userid=1317 uri=/admin/enter mapname=city gsid=city%401 time=2013-04-06_15:24:58.251849 consume_time=0.00627994537354
[hades_req] consume_time=0.00480604171753 uri=/admin/leave time=2013-04-06_15:31:37.761617
[hades_req] userid=0 uri=/account/temp_login form_password=123456 time=2013-04-06_15:40:16.287887 form_email=test@test.com consume_time=0.00591206550598 accountid=0
[hades_req] userid=1317 uri=/account/choose_player player=1317_柏莎 time=2013-04-06_15:41:12.413968 consume_time=0.01185297966 accountid=20
[hades_req] userid=1317 uri=/admin/enter mapname=city gsid=city%401 time=2013-04-06_15:41:21.282124 consume_time=0.00733304023743
[hades_req] consume_time=0.00443887710571 uri=/admin/leave time=2013-04-06_15:45:24.938987
[hades_req] userid=0 uri=/account/temp_login form_password=123456 time=2013-04-06_15:47:11.896824 form_email=test@test.com consume_time=0.00636506080627 accountid=0
[hades_req] userid=1317 uri=/account/choose_player player=1317_柏莎 time=2013-04-06_15:47:41.562139 consume_time=0.0116300582886 accountid=20
[hades_req] userid=1317 uri=/admin/enter mapname=city gsid=city%401 time=2013-04-06_15:47:50.433741 consume_time=0.00599002838135
[hades_req] consume_time=0.00390481948853 uri=/admin/leave time=2013-04-06_15:48:14.433179
[hades_req] userid=0 uri=/account/temp_login form_password=123456 time=2013-04-06_15:48:39.364417 form_email=test@test.com consume_time=0.00527787208557 accountid=0
[hades_req] userid=1317 uri=/account/choose_player player=1317_柏莎 time=2013-04-06_15:49:37.549991 consume_time=0.010094165802 accountid=20
[hades_req] userid=1317 uri=/admin/enter mapname=city gsid=city%401 time=2013-04-06_15:49:46.529477 consume_time=0.00569701194763
[hades_req] consume_time=0.00512599945068 uri=/admin/leave time=2013-04-06_15:50:33.871671
