[profile_attr] old_data=1468999 delta_type=1 attr=attr_3 delta_data=270600 userid=1282 source=dump_data time=2013-04-03_18:19:53.919530
[profile_attr] old_data=28286 delta_type=1 attr=hp delta_data=5503 userid=1282 source=dump_data time=2013-04-03_18:19:53.921296
[profile_attr] old_data=1683 delta_type=1 attr=maze_info delta_data=236 userid=1282 source=dump_data time=2013-04-03_18:19:53.921850
[profile_attr] old_data=4 delta_type=1 attr=attr_2 delta_data=4 userid=1352 source=dump_data time=2013-04-03_18:53:28.691612
[profile_attr] old_data=2 delta_type=1 attr=level delta_data=10 userid=1352 source=dump_data time=2013-04-03_18:53:28.695566
[profile_attr] old_data=500 delta_type=1 attr=hp delta_data=2400 userid=1352 source=dump_data time=2013-04-03_18:53:28.695929
[profile_attr] old_data=42 delta_type=1 attr=mp delta_data=24 userid=1352 source=dump_data time=2013-04-03_18:53:28.696969
[profile_attr] old_data=222222 delta_type=0 attr=attr_1 delta_data=1000.0 userid=1352 source=upgrade time=2013-04-03_18:53:40.583757
[profile_attr] old_data=14532 delta_type=0 attr=gold delta_data=10 userid=1348 source=enhance time=2013-04-03_18:53:58.599391
[profile_attr] old_data=221222 delta_type=0 attr=attr_1 delta_data=2900.0 userid=1352 source=upgrade time=2013-04-03_18:53:59.842865
[profile_attr] old_data=218322 delta_type=0 attr=attr_1 delta_data=2900.0 userid=1352 source=upgrade time=2013-04-03_18:54:33.554344
[profile_attr] old_data=14522 delta_type=0 attr=gold delta_data=10 userid=1348 source=enhance time=2013-04-03_18:54:56.925128
[profile_attr] old_data=215422 delta_type=0 attr=attr_1 delta_data=2900.0 userid=1352 source=upgrade time=2013-04-03_18:55:38.191374
[profile_attr] old_data=212522 delta_type=0 attr=attr_1 delta_data=5600.0 userid=1352 source=upgrade time=2013-04-03_18:55:39.376278
[profile_attr] old_data=206922 delta_type=0 attr=attr_1 delta_data=8800.0 userid=1352 source=upgrade time=2013-04-03_18:55:41.728442
[profile_attr] old_data=198122 delta_type=0 attr=attr_1 delta_data=12600.0 userid=1352 source=upgrade time=2013-04-03_18:55:43.490726
[profile_attr] old_data=185522 delta_type=0 attr=attr_1 delta_data=16900.0 userid=1352 source=upgrade time=2013-04-03_18:55:45.105515
[profile_attr] old_data=168622 delta_type=0 attr=attr_1 delta_data=21600.0 userid=1352 source=upgrade time=2013-04-03_18:55:46.773351
[profile_attr] old_data=1739599 delta_type=1 attr=attr_3 delta_data=299300 userid=1282 source=dump_data time=2013-04-03_18:58:36.195043
[profile_attr] old_data=33789 delta_type=1 attr=hp delta_data=2 userid=1282 source=dump_data time=2013-04-03_18:58:36.196730
[profile_attr] old_data=1919 delta_type=1 attr=maze_info delta_data=128 userid=1282 source=dump_data time=2013-04-03_18:58:36.197265
