[profile_attr] old_data=9681 delta_type=0 attr=token delta_data=40 userid=1317 source=buy time=2013-04-03_20:01:31.052626
[profile_attr] old_data=9641 delta_type=0 attr=token delta_data=40 userid=1317 source=buy time=2013-04-03_20:03:27.931316
[profile_attr] old_data=9601 delta_type=0 attr=token delta_data=40 userid=1317 source=buy time=2013-04-03_20:04:45.242816
[profile_attr] old_data=478780 delta_type=1 attr=gold delta_data=100 userid=1317 source=sell time=2013-04-03_20:04:50.692076
[profile_attr] old_data=478880 delta_type=1 attr=gold delta_data=20 userid=1317 source=sell time=2013-04-03_20:04:51.385083
[profile_attr] old_data=478900 delta_type=1 attr=gold delta_data=20 userid=1317 source=sell time=2013-04-03_20:04:52.026993
[profile_attr] old_data=478920 delta_type=1 attr=gold delta_data=100 userid=1317 source=sell time=2013-04-03_20:04:52.571365
[profile_attr] old_data=479020 delta_type=1 attr=gold delta_data=10 userid=1317 source=sell time=2013-04-03_20:04:53.069757
[profile_attr] old_data=479030 delta_type=1 attr=gold delta_data=10 userid=1317 source=sell time=2013-04-03_20:04:53.615764
[profile_attr] old_data=479040 delta_type=1 attr=gold delta_data=10 userid=1317 source=sell time=2013-04-03_20:04:54.176067
[profile_attr] old_data=479050 delta_type=1 attr=gold delta_data=10 userid=1317 source=sell time=2013-04-03_20:04:54.768291
[profile_attr] old_data=479060 delta_type=1 attr=gold delta_data=6 userid=1317 source=sell time=2013-04-03_20:04:55.925425
[profile_attr] old_data=479066 delta_type=1 attr=gold delta_data=10 userid=1317 source=sell time=2013-04-03_20:04:56.581035
[profile_attr] old_data=479076 delta_type=1 attr=gold delta_data=150 userid=1317 source=sell time=2013-04-03_20:04:57.054568
[profile_attr] old_data=479226 delta_type=1 attr=gold delta_data=990 userid=1317 source=sell time=2013-04-03_20:04:57.533791
[profile_attr] old_data=480216 delta_type=1 attr=gold delta_data=570 userid=1317 source=sell time=2013-04-03_20:04:58.037897
[profile_attr] old_data=480786 delta_type=1 attr=gold delta_data=40 userid=1317 source=sell time=2013-04-03_20:04:58.455977
[profile_attr] old_data=480826 delta_type=1 attr=gold delta_data=990 userid=1317 source=sell time=2013-04-03_20:04:58.812068
[profile_attr] old_data=481816 delta_type=1 attr=gold delta_data=990 userid=1317 source=sell time=2013-04-03_20:04:59.205125
[profile_attr] old_data=482806 delta_type=1 attr=gold delta_data=150 userid=1317 source=sell time=2013-04-03_20:04:59.607693
[profile_attr] old_data=482956 delta_type=1 attr=gold delta_data=990 userid=1317 source=sell time=2013-04-03_20:05:00.016187
[profile_attr] old_data=483946 delta_type=1 attr=gold delta_data=990 userid=1317 source=sell time=2013-04-03_20:05:00.358735
[profile_attr] old_data=484936 delta_type=1 attr=gold delta_data=90 userid=1317 source=sell time=2013-04-03_20:05:00.749872
[profile_attr] old_data=485026 delta_type=1 attr=gold delta_data=190 userid=1317 source=sell time=2013-04-03_20:05:01.121117
[profile_attr] old_data=485216 delta_type=1 attr=gold delta_data=10 userid=1317 source=sell time=2013-04-03_20:05:01.547731
[profile_attr] old_data=485226 delta_type=1 attr=gold delta_data=990 userid=1317 source=sell time=2013-04-03_20:05:01.930528
[profile_attr] old_data=486216 delta_type=1 attr=gold delta_data=50 userid=1317 source=sell time=2013-04-03_20:05:02.288103
[profile_attr] old_data=486266 delta_type=1 attr=gold delta_data=1196 userid=1317 source=sell time=2013-04-03_20:05:02.680736
[profile_attr] old_data=9561 delta_type=0 attr=token delta_data=40 userid=1317 source=buy time=2013-04-03_20:05:10.365964
[profile_attr] old_data=4529199 delta_type=1 attr=gold delta_data=300000 userid=1318 source=reward_by_gametime time=2013-04-03_20:09:00.488049
[profile_attr] old_data=9521 delta_type=0 attr=token delta_data=20 userid=1317 source=buy time=2013-04-03_20:13:28.237890
[profile_attr] old_data=1300 delta_type=1 attr=gold delta_data=378500 userid=1282 source=dump_data time=2013-04-03_20:20:11.398901
[profile_attr] old_data=0 delta_type=1 attr=mount_status delta_data=1 userid=1282 source=dump_data time=2013-04-03_20:20:11.400195
[profile_attr] old_data=9501 delta_type=0 attr=token delta_data=60 userid=1317 source=buy time=2013-04-03_20:55:47.196178
[profile_attr] old_data=9441 delta_type=0 attr=token delta_data=200 userid=1317 source=buy time=2013-04-03_20:55:54.455701
