[profile_attr] old_data=1 delta_type=1 attr=mount_status delta_data=-1 userid=1064 source=dump_data time=2013-04-02_14:03:12.205622
[profile_attr] old_data=108599 delta_type=1 attr=attr_1 delta_data=6600 userid=611 source=dump_data time=2013-04-02_14:27:48.487116
[profile_attr] old_data=1310594142 delta_type=1 attr=gold delta_data=2400 userid=611 source=dump_data time=2013-04-02_14:27:48.487991
[profile_attr] old_data=29989 delta_type=1 attr=hp delta_data=11 userid=611 source=dump_data time=2013-04-02_14:27:48.488628
[profile_attr] old_data=1416099 delta_type=1 attr=attr_3 delta_data=140400 userid=1318 source=dump_data time=2013-04-02_14:34:02.945921
[profile_attr] old_data=30460 delta_type=1 attr=hp delta_data=-158 userid=1318 source=dump_data time=2013-04-02_14:34:02.947578
[profile_attr] old_data=1151 delta_type=1 attr=maze_info delta_data=128 userid=1318 source=dump_data time=2013-04-02_14:34:02.948127
[profile_attr] old_data=1556499 delta_type=1 attr=attr_3 delta_data=164500 userid=1318 source=dump_data time=2013-04-02_14:34:42.776280
[profile_attr] old_data=30302 delta_type=1 attr=hp delta_data=158 userid=1318 source=dump_data time=2013-04-02_14:34:42.778029
[profile_attr] old_data=1279 delta_type=1 attr=maze_info delta_data=128 userid=1318 source=dump_data time=2013-04-02_14:34:42.778625
[profile_attr] old_data=0 delta_type=1 attr=attr_1 delta_data=4200 userid=1338 source=dump_data time=2013-04-02_14:34:58.060789
[profile_attr] old_data=10000 delta_type=1 attr=gold delta_data=2100 userid=1338 source=dump_data time=2013-04-02_14:34:58.061553
[profile_attr] old_data=40.579180003 delta_type=1 attr=mp delta_data=-0.579180003048 userid=1338 source=dump_data time=2013-04-02_14:34:58.062943
[profile_attr] old_data=200 delta_type=0 attr=attr_10 delta_data=10 userid=1338 source=enter time=2013-04-02_14:35:05.683129
[profile_attr] old_data=200 delta_type=1 attr=hp delta_data=-4 userid=1338 source=dump_data time=2013-04-02_14:35:11.123063
[profile_attr] old_data=196 delta_type=1 attr=hp delta_data=4 userid=1338 source=dump_data time=2013-04-02_14:35:18.980030
[profile_attr] old_data=0 delta_type=1 attr=attr_3 delta_data=10000 userid=1317 source=dump_data time=2013-04-02_14:37:22.412059
[profile_attr] old_data=255 delta_type=1 attr=maze_info delta_data=128 userid=1317 source=dump_data time=2013-04-02_14:37:22.414155
[profile_attr] old_data=14400 delta_type=1 attr=hp delta_data=-1024 userid=1317 source=dump_data time=2013-04-02_14:37:27.646422
[profile_attr] old_data=13376 delta_type=1 attr=hp delta_data=1024 userid=1317 source=dump_data time=2013-04-02_14:37:44.004731
[profile_attr] old_data=10000 delta_type=1 attr=attr_3 delta_data=10000 userid=1317 source=dump_data time=2013-04-02_14:42:52.965455
[profile_attr] old_data=255 delta_type=1 attr=maze_info delta_data=128 userid=1317 source=dump_data time=2013-04-02_14:42:52.967523
[profile_attr] old_data=49206 delta_type=0 attr=token delta_data=10 userid=1318 source=wash time=2013-04-02_14:59:43.327716
[profile_attr] old_data=30460 delta_type=1 attr=hp delta_data=4189 userid=1318 source=dump_data time=2013-04-02_14:59:57.237248
[profile_attr] old_data=49196 delta_type=0 attr=token delta_data=30 userid=1318 source=wash time=2013-04-02_14:59:57.344872
