[profile_attr] old_data=33791 delta_type=1 attr=hp delta_data=1421 userid=1282 source=dump_data time=2013-04-03_19:18:54.575388
[profile_attr] old_data=2047 delta_type=1 attr=maze_info delta_data=-108 userid=1282 source=dump_data time=2013-04-03_19:18:54.576473
[profile_attr] old_data=7300 delta_type=0 attr=gold delta_data=2000 userid=1282 source=combine time=2013-04-03_19:18:54.681465
[profile_attr] old_data=35212 delta_type=1 attr=hp delta_data=-706 userid=1282 source=dump_data time=2013-04-03_19:18:55.513185
[profile_attr] old_data=5300 delta_type=0 attr=gold delta_data=2000 userid=1282 source=combine time=2013-04-03_19:18:55.638289
[profile_attr] old_data=34506 delta_type=1 attr=hp delta_data=-705 userid=1282 source=dump_data time=2013-04-03_19:18:56.622837
[profile_attr] old_data=3300 delta_type=0 attr=gold delta_data=2000 userid=1282 source=combine time=2013-04-03_19:18:56.733144
[profile_attr] old_data=2038899 delta_type=1 attr=attr_3 delta_data=328800 userid=1282 source=dump_data time=2013-04-03_19:19:48.835454
[profile_attr] old_data=33801 delta_type=1 attr=hp delta_data=3175 userid=1282 source=dump_data time=2013-04-03_19:19:48.837078
[profile_attr] old_data=1939 delta_type=1 attr=maze_info delta_data=236 userid=1282 source=dump_data time=2013-04-03_19:19:48.837603
[profile_attr] old_data=14492 delta_type=1 attr=gold delta_data=110000 userid=1352 source=reward_by_gametime time=2013-04-03_19:34:07.849958
[profile_attr] old_data=3995066 delta_type=1 attr=gold delta_data=534133 userid=1318 source=dump_data time=2013-04-03_19:44:17.800045
[profile_attr] old_data=30460 delta_type=1 attr=hp delta_data=-30460 userid=1318 source=dump_data time=2013-04-03_19:44:17.800680
[profile_attr] old_data=45000 delta_type=0 attr=token delta_data=10 userid=1318 source=revive time=2013-04-03_19:44:17.920144
[profile_attr] old_data=0 delta_type=1 attr=hp delta_data=30460 userid=1318 source=dump_data time=2013-04-03_19:44:21.229391
[profile_attr] old_data=9781 delta_type=0 attr=token delta_data=20 userid=1317 source=buy time=2013-04-03_19:47:35.513015
[profile_attr] old_data=9761 delta_type=0 attr=token delta_data=20 userid=1317 source=buy time=2013-04-03_19:47:42.668219
[profile_attr] old_data=9741 delta_type=0 attr=token delta_data=20 userid=1317 source=buy time=2013-04-03_19:47:48.024772
[profile_attr] old_data=9721 delta_type=0 attr=token delta_data=20 userid=1317 source=buy time=2013-04-03_19:47:55.927517
[profile_attr] old_data=9701 delta_type=0 attr=token delta_data=20 userid=1317 source=buy time=2013-04-03_19:48:03.086134
