[profile_attr] old_data=3893 delta_type=0 attr=token delta_data=20 userid=1317 source=buy time=2013-04-08_11:05:07.783410
[profile_attr] old_data=5498199 delta_type=1 attr=gold delta_data=1000 userid=1318 source=dump_data time=2013-04-08_11:07:43.939972
[profile_attr] old_data=102829 delta_type=1 attr=attr_4 delta_data=5 userid=1318 source=dump_data time=2013-04-08_11:07:43.942102
[profile_attr] old_data=41377 delta_type=0 attr=token delta_data=10 userid=1318 source=skip_cooldown time=2013-04-08_11:07:52.122717
[profile_attr] old_data=5499199 delta_type=1 attr=gold delta_data=5000 userid=1318 source=dump_data time=2013-04-08_11:10:12.410945
[profile_attr] old_data=5504199 delta_type=0 attr=gold delta_data=2000 userid=1318 source=start time=2013-04-08_11:10:12.568115
[profile_attr] old_data=5502199 delta_type=0 attr=gold delta_data=2000 userid=1318 source=shortcut_start time=2013-04-08_11:10:13.752461
[profile_attr] old_data=5500199 delta_type=0 attr=gold delta_data=4000 userid=1318 source=shortcut_start time=2013-04-08_11:10:13.761587
[profile_attr] old_data=5496199 delta_type=0 attr=gold delta_data=2000 userid=1318 source=shortcut_start time=2013-04-08_11:10:13.769027
[profile_attr] old_data=5494199 delta_type=0 attr=gold delta_data=4000 userid=1318 source=shortcut_start time=2013-04-08_11:10:13.775987
[profile_attr] old_data=5490199 delta_type=0 attr=gold delta_data=6000 userid=1318 source=shortcut_start time=2013-04-08_11:10:13.782872
[profile_attr] old_data=5484199 delta_type=0 attr=gold delta_data=8000 userid=1318 source=shortcut_start time=2013-04-08_11:10:13.789817
[profile_attr] old_data=5476199 delta_type=0 attr=gold delta_data=6000 userid=1318 source=shortcut_start time=2013-04-08_11:10:13.798292
[profile_attr] old_data=5470199 delta_type=0 attr=gold delta_data=4000 userid=1318 source=shortcut_start time=2013-04-08_11:10:13.806181
[profile_attr] old_data=5466199 delta_type=0 attr=gold delta_data=2000 userid=1318 source=shortcut_start time=2013-04-08_11:10:13.814524
[profile_attr] old_data=5464199 delta_type=0 attr=gold delta_data=4000 userid=1318 source=shortcut_start time=2013-04-08_11:10:13.821521
[profile_attr] old_data=5460199 delta_type=0 attr=gold delta_data=6000 userid=1318 source=shortcut_start time=2013-04-08_11:10:13.828352
[profile_attr] old_data=5454199 delta_type=0 attr=gold delta_data=8000 userid=1318 source=shortcut_start time=2013-04-08_11:10:13.835485
[profile_attr] old_data=5446199 delta_type=0 attr=gold delta_data=10000 userid=1318 source=shortcut_start time=2013-04-08_11:10:13.842119
[profile_attr] old_data=5436199 delta_type=0 attr=gold delta_data=12000 userid=1318 source=shortcut_start time=2013-04-08_11:10:19.571805
[profile_attr] old_data=5424199 delta_type=0 attr=gold delta_data=2000 userid=1318 source=shortcut_start time=2013-04-08_11:10:19.580188
[profile_attr] old_data=5422199 delta_type=0 attr=gold delta_data=4000 userid=1318 source=shortcut_start time=2013-04-08_11:10:19.588590
[profile_attr] old_data=5418199 delta_type=0 attr=gold delta_data=6000 userid=1318 source=shortcut_start time=2013-04-08_11:10:19.595775
[profile_attr] old_data=5412199 delta_type=0 attr=gold delta_data=4000 userid=1318 source=shortcut_start time=2013-04-08_11:10:19.602870
[profile_attr] old_data=5408199 delta_type=1 attr=gold delta_data=1000 userid=1318 source=shortcut_sell time=2013-04-08_11:10:21.240426
[profile_attr] old_data=5409199 delta_type=1 attr=gold delta_data=1000 userid=1318 source=shortcut_sell time=2013-04-08_11:10:21.240540
[profile_attr] old_data=5410199 delta_type=1 attr=gold delta_data=1000 userid=1318 source=shortcut_sell time=2013-04-08_11:10:21.240628
[profile_attr] old_data=5411199 delta_type=1 attr=gold delta_data=1000 userid=1318 source=shortcut_sell time=2013-04-08_11:10:21.240714
[profile_attr] old_data=5412199 delta_type=1 attr=gold delta_data=1000 userid=1318 source=shortcut_sell time=2013-04-08_11:10:21.240796
[profile_attr] old_data=5413199 delta_type=1 attr=gold delta_data=1000 userid=1318 source=shortcut_sell time=2013-04-08_11:10:21.240885
[profile_attr] old_data=5414199 delta_type=1 attr=gold delta_data=1000 userid=1318 source=shortcut_sell time=2013-04-08_11:10:21.240984
[profile_attr] old_data=5415199 delta_type=1 attr=gold delta_data=1000 userid=1318 source=shortcut_sell time=2013-04-08_11:10:21.241082
[profile_attr] old_data=5416199 delta_type=1 attr=gold delta_data=1000 userid=1318 source=shortcut_sell time=2013-04-08_11:10:21.241166
[profile_attr] old_data=41367 delta_type=0 attr=token delta_data=7 userid=1318 source=buy time=2013-04-08_11:10:49.666646
[profile_attr] old_data=41360 delta_type=0 attr=token delta_data=8 userid=1318 source=buy time=2013-04-08_11:11:15.335376
[profile_attr] old_data=41352 delta_type=0 attr=token delta_data=20 userid=1318 source=buy time=2013-04-08_11:11:47.901867
[profile_attr] old_data=41332 delta_type=0 attr=token delta_data=20 userid=1318 source=buy time=2013-04-08_11:12:13.633634
[profile_attr] old_data=22222 delta_type=1 attr=attr_6 delta_data=-22222 userid=1318 source=dump_data time=2013-04-08_11:13:02.643855
[profile_attr] old_data=222222 delta_type=0 attr=attr_6 delta_data=20 userid=1318 source=buy time=2013-04-08_11:13:45.852710
[profile_attr] old_data=222202 delta_type=0 attr=attr_6 delta_data=20 userid=1318 source=buy time=2013-04-08_11:14:03.097306
[profile_attr] old_data=1065 delta_type=0 attr=attr_10 delta_data=10 userid=1265 source=enter time=2013-04-08_11:15:40.810659
[profile_attr] old_data=939000 delta_type=1 attr=attr_1 delta_data=54900 userid=1265 source=dump_data time=2013-04-08_11:20:08.855278
[profile_attr] old_data=111159934 delta_type=1 attr=gold delta_data=4435 userid=1265 source=dump_data time=2013-04-08_11:20:08.856053
[profile_attr] old_data=1 delta_type=1 attr=mount_status delta_data=-1 userid=1265 source=dump_data time=2013-04-08_11:20:08.857233
[profile_attr] old_data=1097846831 delta_type=1 attr=gold delta_data=5000 userid=1154 source=dump_data time=2013-04-08_11:20:41.946534
[profile_attr] old_data=40083 delta_type=0 attr=token delta_data=2 userid=1154 source=exchange time=2013-04-08_11:20:42.106040
[profile_attr] old_data=1097851831 delta_type=1 attr=gold delta_data=300000 userid=1154 source=exchange time=2013-04-08_11:20:42.106148
[profile_attr] old_data=1098151831 delta_type=1 attr=gold delta_data=37600 userid=1154 source=dump_data time=2013-04-08_11:21:22.208617
[profile_attr] old_data=28046 delta_type=1 attr=hp delta_data=3600 userid=1125 source=dump_data time=2013-04-08_11:21:50.604563
[profile_attr] old_data=99839 delta_type=0 attr=attr_10 delta_data=10 userid=1125 source=enter time=2013-04-08_11:21:54.532374
[profile_attr] old_data=11061204 delta_type=1 attr=gold delta_data=2 userid=1125 source=dump_data time=2013-04-08_11:22:02.088198
[profile_attr] old_data=1 delta_type=1 attr=mount_status delta_data=-1 userid=1125 source=dump_data time=2013-04-08_11:22:02.089391
[profile_attr] old_data=99829 delta_type=0 attr=attr_10 delta_data=10 userid=1125 source=enter time=2013-04-08_11:22:15.347278
[profile_attr] old_data=224199 delta_type=1 attr=attr_1 delta_data=200 userid=1125 source=dump_data time=2013-04-08_11:22:38.799959
[profile_attr] old_data=11061206 delta_type=1 attr=gold delta_data=43 userid=1125 source=dump_data time=2013-04-08_11:22:38.800822
[profile_attr] old_data=31646 delta_type=1 attr=hp delta_data=-2 userid=1125 source=dump_data time=2013-04-08_11:22:38.801388
[profile_attr] old_data=111164369 delta_type=1 attr=gold delta_data=240000 userid=1265 source=reward_by_gametime time=2013-04-08_11:24:33.526307
[profile_attr] old_data=0 delta_type=1 attr=mount_status delta_data=1 userid=1318 source=dump_data time=2013-04-08_11:24:55.614630
[profile_attr] old_data=993900 delta_type=0 attr=attr_1 delta_data=134900.0 userid=1265 source=upgrade time=2013-04-08_11:25:03.955850
[profile_attr] old_data=859000 delta_type=0 attr=attr_1 delta_data=144900.0 userid=1265 source=upgrade time=2013-04-08_11:25:04.873178
[profile_attr] old_data=714100 delta_type=0 attr=attr_1 delta_data=155100.0 userid=1265 source=upgrade time=2013-04-08_11:25:05.791110
[profile_attr] old_data=559000 delta_type=0 attr=attr_1 delta_data=165600.0 userid=1265 source=upgrade time=2013-04-08_11:25:07.990216
[profile_attr] old_data=393400 delta_type=0 attr=attr_1 delta_data=176300.0 userid=1265 source=upgrade time=2013-04-08_11:25:09.206473
[profile_attr] old_data=217100 delta_type=0 attr=attr_1 delta_data=187300.0 userid=1265 source=upgrade time=2013-04-08_11:25:10.669570
[profile_attr] old_data=0 delta_type=1 attr=mount_status delta_data=1 userid=1265 source=dump_data time=2013-04-08_11:25:22.058024
[profile_attr] old_data=2788 delta_type=0 attr=token delta_data=3 userid=1265 source=end_clean_instance time=2013-04-08_11:25:25.288149
[profile_attr] old_data=1055 delta_type=0 attr=attr_10 delta_data=10 userid=1265 source=end_clean_instance time=2013-04-08_11:25:25.288264
[profile_attr] old_data=29800 delta_type=1 attr=attr_1 delta_data=55200 userid=1265 source=end_clean_instance time=2013-04-08_11:25:25.288420
[profile_attr] old_data=111404369 delta_type=1 attr=gold delta_data=4719 userid=1265 source=end_clean_instance time=2013-04-08_11:25:25.288599
[profile_attr] old_data=111409088 delta_type=1 attr=gold delta_data=748500 userid=1265 source=dump_data time=2013-04-08_11:25:40.094911
[profile_attr] old_data=2785 delta_type=0 attr=token delta_data=3 userid=1265 source=end_clean_instance time=2013-04-08_11:25:43.269339
[profile_attr] old_data=1045 delta_type=0 attr=attr_10 delta_data=10 userid=1265 source=end_clean_instance time=2013-04-08_11:25:43.269455
[profile_attr] old_data=85000 delta_type=1 attr=attr_1 delta_data=55200 userid=1265 source=end_clean_instance time=2013-04-08_11:25:43.269572
[profile_attr] old_data=112157588 delta_type=1 attr=gold delta_data=4719 userid=1265 source=end_clean_instance time=2013-04-08_11:25:43.269702
[profile_attr] old_data=281879 delta_type=1 attr=exp delta_data=26869 userid=1265 source=end_clean_instance time=2013-04-08_11:25:43.272350
[profile_attr] old_data=112162307 delta_type=1 attr=gold delta_data=748500 userid=1265 source=dump_data time=2013-04-08_11:26:09.594682
[profile_attr] old_data=76019 delta_type=1 attr=hp delta_data=300 userid=1265 source=dump_data time=2013-04-08_11:26:09.595297
[profile_attr] old_data=191 delta_type=1 attr=mp delta_data=7 userid=1265 source=dump_data time=2013-04-08_11:26:09.596265
[profile_attr] old_data=2782 delta_type=0 attr=token delta_data=3 userid=1265 source=end_clean_instance time=2013-04-08_11:26:13.783612
[profile_attr] old_data=1035 delta_type=0 attr=attr_10 delta_data=10 userid=1265 source=end_clean_instance time=2013-04-08_11:26:13.783731
[profile_attr] old_data=140200 delta_type=1 attr=attr_1 delta_data=55200 userid=1265 source=end_clean_instance time=2013-04-08_11:26:13.783847
[profile_attr] old_data=112910807 delta_type=1 attr=gold delta_data=4719 userid=1265 source=end_clean_instance time=2013-04-08_11:26:13.784002
[profile_attr] old_data=2779 delta_type=0 attr=token delta_data=3 userid=1265 source=end_clean_instance time=2013-04-08_11:26:23.035333
[profile_attr] old_data=1025 delta_type=0 attr=attr_10 delta_data=10 userid=1265 source=end_clean_instance time=2013-04-08_11:26:23.035451
[profile_attr] old_data=195400 delta_type=1 attr=attr_1 delta_data=55500 userid=1265 source=end_clean_instance time=2013-04-08_11:26:23.035567
[profile_attr] old_data=112915526 delta_type=1 attr=gold delta_data=4869 userid=1265 source=end_clean_instance time=2013-04-08_11:26:23.035696
[profile_attr] old_data=112920395 delta_type=1 attr=gold delta_data=1549500 userid=1265 source=dump_data time=2013-04-08_11:26:51.795670
[profile_attr] old_data=2776 delta_type=0 attr=token delta_data=3 userid=1265 source=end_clean_instance time=2013-04-08_11:26:54.616753
[profile_attr] old_data=1015 delta_type=0 attr=attr_10 delta_data=10 userid=1265 source=end_clean_instance time=2013-04-08_11:26:54.616927
[profile_attr] old_data=250900 delta_type=1 attr=attr_1 delta_data=55500 userid=1265 source=end_clean_instance time=2013-04-08_11:26:54.617129
[profile_attr] old_data=114469895 delta_type=1 attr=gold delta_data=4869 userid=1265 source=end_clean_instance time=2013-04-08_11:26:54.617351
[profile_attr] old_data=114474764 delta_type=1 attr=gold delta_data=801000 userid=1265 source=dump_data time=2013-04-08_11:27:43.211667
[profile_attr] old_data=306400 delta_type=0 attr=attr_1 delta_data=198500.0 userid=1265 source=upgrade time=2013-04-08_11:27:43.365731
[profile_attr] old_data=115275764 delta_type=0 attr=gold delta_data=140000 userid=1265 source=combine time=2013-04-08_11:28:17.515768
[profile_attr] old_data=115135764 delta_type=0 attr=gold delta_data=140000 userid=1265 source=combine time=2013-04-08_11:28:30.983398
[profile_attr] old_data=114995764 delta_type=0 attr=gold delta_data=140000 userid=1265 source=combine time=2013-04-08_11:28:38.249342
[profile_attr] old_data=114855764 delta_type=0 attr=gold delta_data=199484 userid=1265 source=enhance time=2013-04-08_11:29:02.510781
[profile_attr] old_data=114656280 delta_type=0 attr=gold delta_data=199484 userid=1265 source=enhance time=2013-04-08_11:29:03.726420
[profile_attr] old_data=114456796 delta_type=0 attr=gold delta_data=199484 userid=1265 source=enhance time=2013-04-08_11:29:04.777948
[profile_attr] old_data=114257312 delta_type=0 attr=gold delta_data=199484 userid=1265 source=enhance time=2013-04-08_11:29:05.896324
[profile_attr] old_data=114057828 delta_type=0 attr=gold delta_data=199484 userid=1265 source=enhance time=2013-04-08_11:29:11.065394
[profile_attr] old_data=113858344 delta_type=0 attr=gold delta_data=199484 userid=1265 source=enhance time=2013-04-08_11:29:21.026967
[profile_attr] old_data=113658860 delta_type=0 attr=gold delta_data=199484 userid=1265 source=enhance time=2013-04-08_11:29:23.709203
[profile_attr] old_data=113459376 delta_type=0 attr=gold delta_data=199484 userid=1265 source=enhance time=2013-04-08_11:29:26.291787
[profile_attr] old_data=113259892 delta_type=0 attr=gold delta_data=199484 userid=1265 source=enhance time=2013-04-08_11:29:27.926524
[profile_attr] old_data=113060408 delta_type=0 attr=gold delta_data=199484 userid=1265 source=enhance time=2013-04-08_11:29:29.808553
[profile_attr] old_data=112860924 delta_type=0 attr=gold delta_data=199484 userid=1265 source=enhance time=2013-04-08_11:29:31.130260
[profile_attr] old_data=112661440 delta_type=0 attr=gold delta_data=199484 userid=1265 source=enhance time=2013-04-08_11:29:32.711675
[profile_attr] old_data=112461956 delta_type=0 attr=gold delta_data=199484 userid=1265 source=enhance time=2013-04-08_11:29:38.342346
[profile_attr] old_data=112262472 delta_type=0 attr=gold delta_data=199484 userid=1265 source=enhance time=2013-04-08_11:29:40.214708
[profile_attr] old_data=112062988 delta_type=0 attr=gold delta_data=199484 userid=1265 source=enhance time=2013-04-08_11:29:55.125854
[profile_attr] old_data=111863504 delta_type=0 attr=gold delta_data=199484 userid=1265 source=enhance time=2013-04-08_11:29:56.409665
[profile_attr] old_data=111664020 delta_type=0 attr=gold delta_data=199484 userid=1265 source=enhance time=2013-04-08_11:29:57.159058
[profile_attr] old_data=111464536 delta_type=0 attr=gold delta_data=199484 userid=1265 source=enhance time=2013-04-08_11:29:58.045459
[profile_attr] old_data=111265052 delta_type=0 attr=gold delta_data=199484 userid=1265 source=enhance time=2013-04-08_11:29:58.924184
[profile_attr] old_data=111065568 delta_type=0 attr=gold delta_data=199484 userid=1265 source=enhance time=2013-04-08_11:30:00.242452
[profile_attr] old_data=110866084 delta_type=0 attr=gold delta_data=199484 userid=1265 source=enhance time=2013-04-08_11:30:01.290644
[profile_attr] old_data=110666600 delta_type=0 attr=gold delta_data=199484 userid=1265 source=enhance time=2013-04-08_11:30:02.659532
[profile_attr] old_data=110467116 delta_type=0 attr=gold delta_data=199484 userid=1265 source=enhance time=2013-04-08_11:30:03.675610
[profile_attr] old_data=110267632 delta_type=0 attr=gold delta_data=199484 userid=1265 source=enhance time=2013-04-08_11:30:04.509777
[profile_attr] old_data=605 delta_type=1 attr=attr_4 delta_data=200 userid=1317 source=loads_attachment time=2013-04-08_11:32:58.402406
[profile_attr] old_data=489432 delta_type=1 attr=gold delta_data=100000 userid=1317 source=loads_attachment time=2013-04-08_11:32:58.402589
[profile_attr] old_data=1086137564 delta_type=0 attr=gold delta_data=100 userid=611 source=mosaic time=2013-04-08_11:38:06.693157
[profile_attr] old_data=1086137464 delta_type=0 attr=gold delta_data=100 userid=611 source=mosaic time=2013-04-08_11:38:19.049734
[profile_attr] old_data=51004 delta_type=1 attr=hp delta_data=576 userid=611 source=dump_data time=2013-04-08_11:38:28.221363
[profile_attr] old_data=1086137364 delta_type=0 attr=gold delta_data=100 userid=611 source=mosaic time=2013-04-08_11:38:28.282614
[profile_attr] old_data=1086137264 delta_type=0 attr=gold delta_data=100 userid=611 source=mosaic time=2013-04-08_11:38:44.599302
[profile_attr] old_data=1086137164 delta_type=0 attr=gold delta_data=100 userid=611 source=mosaic time=2013-04-08_11:38:47.346508
[profile_attr] old_data=1086137064 delta_type=0 attr=gold delta_data=2000 userid=611 source=combine time=2013-04-08_11:38:55.469662
[profile_attr] old_data=1086135064 delta_type=0 attr=gold delta_data=100 userid=611 source=mosaic time=2013-04-08_11:39:18.218953
[profile_attr] old_data=1086134964 delta_type=0 attr=gold delta_data=100 userid=611 source=mosaic time=2013-04-08_11:39:34.946565
[profile_attr] old_data=1086134864 delta_type=0 attr=gold delta_data=100 userid=611 source=mosaic time=2013-04-08_11:39:40.363500
[profile_attr] old_data=1086134764 delta_type=0 attr=gold delta_data=100 userid=611 source=mosaic time=2013-04-08_11:40:06.563814
[profile_attr] old_data=2773 delta_type=0 attr=token delta_data=3 userid=1265 source=end_clean_instance time=2013-04-08_11:41:14.383323
[profile_attr] old_data=1005 delta_type=0 attr=attr_10 delta_data=10 userid=1265 source=end_clean_instance time=2013-04-08_11:41:14.383439
[profile_attr] old_data=107900 delta_type=1 attr=attr_1 delta_data=55500 userid=1265 source=end_clean_instance time=2013-04-08_11:41:14.383556
[profile_attr] old_data=110068148 delta_type=1 attr=gold delta_data=4869 userid=1265 source=end_clean_instance time=2013-04-08_11:41:14.383686
[profile_attr] old_data=3873 delta_type=0 attr=token delta_data=297 userid=1317 source=multi_buy time=2013-04-08_11:42:05.237770
[profile_attr] old_data=110073017 delta_type=1 attr=gold delta_data=801000 userid=1265 source=dump_data time=2013-04-08_11:42:15.905597
[profile_attr] old_data=110874017 delta_type=1 attr=gold delta_data=478800 userid=1265 source=sell time=2013-04-08_11:42:16.084814
[profile_attr] old_data=99979 delta_type=0 attr=attr_10 delta_data=10 userid=611 source=enter time=2013-04-08_11:42:28.370219
[profile_attr] old_data=111352817 delta_type=1 attr=gold delta_data=8400 userid=1265 source=sell time=2013-04-08_11:42:32.799875
[profile_attr] old_data=111361217 delta_type=1 attr=gold delta_data=103800 userid=1265 source=sell time=2013-04-08_11:42:35.783781
[profile_attr] old_data=118299 delta_type=1 attr=attr_1 delta_data=700 userid=611 source=dump_data time=2013-04-08_11:43:53.067591
[profile_attr] old_data=1086134664 delta_type=1 attr=gold delta_data=141 userid=611 source=dump_data time=2013-04-08_11:43:53.068504
[profile_attr] old_data=3341900 delta_type=1 attr=attr_3 delta_data=10000 userid=1265 source=dump_data time=2013-04-08_11:44:15.504047
[profile_attr] old_data=255 delta_type=1 attr=maze_info delta_data=128 userid=1265 source=dump_data time=2013-04-08_11:44:15.506318
[profile_attr] old_data=1 delta_type=1 attr=mount_status delta_data=-1 userid=1265 source=dump_data time=2013-04-08_11:44:15.506652
[profile_attr] old_data=118999 delta_type=1 attr=attr_1 delta_data=6200 userid=611 source=dump_data time=2013-04-08_11:44:38.220330
[profile_attr] old_data=1086134805 delta_type=1 attr=gold delta_data=3200 userid=611 source=dump_data time=2013-04-08_11:44:38.221146
[profile_attr] old_data=99969 delta_type=0 attr=attr_10 delta_data=10 userid=611 source=enter time=2013-04-08_11:44:42.556020
[profile_attr] old_data=3351900 delta_type=1 attr=attr_3 delta_data=23200 userid=1265 source=dump_data time=2013-04-08_11:44:57.543435
[profile_attr] old_data=383 delta_type=1 attr=maze_info delta_data=128 userid=1265 source=dump_data time=2013-04-08_11:44:57.545687
[profile_attr] old_data=125199 delta_type=1 attr=attr_1 delta_data=1400 userid=611 source=dump_data time=2013-04-08_11:45:41.215251
[profile_attr] old_data=1086138005 delta_type=1 attr=gold delta_data=342 userid=611 source=dump_data time=2013-04-08_11:45:41.216050
[profile_attr] old_data=3375100 delta_type=1 attr=attr_3 delta_data=38700 userid=1265 source=dump_data time=2013-04-08_11:45:54.056212
[profile_attr] old_data=511 delta_type=1 attr=maze_info delta_data=128 userid=1265 source=dump_data time=2013-04-08_11:45:54.060381
[profile_attr] old_data=126599 delta_type=1 attr=attr_1 delta_data=3200 userid=611 source=dump_data time=2013-04-08_11:46:21.965423
[profile_attr] old_data=1086138347 delta_type=1 attr=gold delta_data=7100 userid=611 source=dump_data time=2013-04-08_11:46:21.966324
[profile_attr] old_data=3413800 delta_type=1 attr=attr_3 delta_data=56100 userid=1265 source=dump_data time=2013-04-08_11:47:41.962635
[profile_attr] old_data=639 delta_type=1 attr=maze_info delta_data=128 userid=1265 source=dump_data time=2013-04-08_11:47:41.964714
[profile_attr] old_data=129799 delta_type=0 attr=attr_1 delta_data=1000.0 userid=611 source=upgrade time=2013-04-08_11:47:55.627845
[profile_attr] old_data=128799 delta_type=0 attr=attr_1 delta_data=1000.0 userid=611 source=upgrade time=2013-04-08_11:47:57.571232
[profile_attr] old_data=127799 delta_type=0 attr=attr_1 delta_data=2900.0 userid=611 source=upgrade time=2013-04-08_11:47:58.534112
[profile_attr] old_data=124899 delta_type=0 attr=attr_1 delta_data=5600.0 userid=611 source=upgrade time=2013-04-08_11:47:58.900652
[profile_attr] old_data=119299 delta_type=0 attr=attr_1 delta_data=8800.0 userid=611 source=upgrade time=2013-04-08_11:47:59.487907
[profile_attr] old_data=110499 delta_type=0 attr=attr_1 delta_data=12600.0 userid=611 source=upgrade time=2013-04-08_11:48:00.053781
[profile_attr] old_data=97899 delta_type=0 attr=attr_1 delta_data=16900.0 userid=611 source=upgrade time=2013-04-08_11:48:00.591164
[profile_attr] old_data=80999 delta_type=0 attr=attr_1 delta_data=21600.0 userid=611 source=upgrade time=2013-04-08_11:48:01.189844
[profile_attr] old_data=59399 delta_type=0 attr=attr_1 delta_data=26700.0 userid=611 source=upgrade time=2013-04-08_11:48:01.665145
[profile_attr] old_data=32699 delta_type=0 attr=attr_1 delta_data=32300.0 userid=611 source=upgrade time=2013-04-08_11:48:02.129319
[profile_attr] old_data=3469900 delta_type=1 attr=attr_3 delta_data=75100 userid=1265 source=dump_data time=2013-04-08_11:49:49.092725
[profile_attr] old_data=767 delta_type=1 attr=maze_info delta_data=128 userid=1265 source=dump_data time=2013-04-08_11:49:49.094843
[profile_attr] old_data=10000 delta_type=0 attr=attr_6 delta_data=20 userid=1317 source=buy time=2013-04-08_11:51:12.742822
[profile_attr] old_data=0 delta_type=1 attr=attr_1 delta_data=4200 userid=619 source=dump_data time=2013-04-08_11:51:13.823141
[profile_attr] old_data=10000 delta_type=1 attr=gold delta_data=2100 userid=619 source=dump_data time=2013-04-08_11:51:13.824418
[profile_attr] old_data=100 delta_type=1 attr=hp delta_data=100 userid=619 source=dump_data time=2013-04-08_11:51:13.825035
[profile_attr] old_data=40.579180003 delta_type=1 attr=mp delta_data=-0.579180003048 userid=619 source=dump_data time=2013-04-08_11:51:13.826201
[profile_attr] old_data=200 delta_type=0 attr=attr_10 delta_data=10 userid=619 source=enter time=2013-04-08_11:51:18.625650
[profile_attr] old_data=12100 delta_type=1 attr=gold delta_data=3 userid=619 source=dump_data time=2013-04-08_11:51:34.024999
[profile_attr] old_data=200 delta_type=1 attr=hp delta_data=-11 userid=619 source=dump_data time=2013-04-08_11:51:34.025616
[profile_attr] old_data=3576 delta_type=0 attr=token delta_data=20 userid=1317 source=buy time=2013-04-08_11:51:43.167471
[profile_attr] old_data=1400120 delta_type=1 attr=attr_4 delta_data=200 userid=1093 source=loads_attachment time=2013-04-08_11:52:20.144850
[profile_attr] old_data=1789327 delta_type=1 attr=gold delta_data=100000 userid=1093 source=loads_attachment time=2013-04-08_11:52:20.145005
[profile_attr] old_data=1400320 delta_type=1 attr=attr_4 delta_data=200 userid=1093 source=loads_attachment time=2013-04-08_11:52:24.852301
[profile_attr] old_data=1889327 delta_type=1 attr=gold delta_data=100000 userid=1093 source=loads_attachment time=2013-04-08_11:52:24.852457
[profile_attr] old_data=1400520 delta_type=1 attr=attr_4 delta_data=200 userid=1093 source=loads_attachment time=2013-04-08_11:52:28.685199
[profile_attr] old_data=1989327 delta_type=1 attr=gold delta_data=100000 userid=1093 source=loads_attachment time=2013-04-08_11:52:28.685352
[profile_attr] old_data=100599 delta_type=1 attr=attr_4 delta_data=200 userid=607 source=loads_attachment time=2013-04-08_11:53:35.223535
[profile_attr] old_data=23908243 delta_type=1 attr=gold delta_data=100000 userid=607 source=loads_attachment time=2013-04-08_11:53:35.223687
[profile_attr] old_data=99969 delta_type=0 attr=attr_10 delta_data=10 userid=607 source=enter time=2013-04-08_11:53:43.481676
[profile_attr] old_data=780099 delta_type=1 attr=attr_1 delta_data=700 userid=607 source=dump_data time=2013-04-08_11:54:32.099834
[profile_attr] old_data=24008243 delta_type=1 attr=gold delta_data=118 userid=607 source=dump_data time=2013-04-08_11:54:32.100596
[profile_attr] old_data=16002 delta_type=1 attr=hp delta_data=-8802 userid=1317 source=dump_data time=2013-04-08_11:54:33.433325
[profile_attr] old_data=780799 delta_type=1 attr=attr_1 delta_data=6200 userid=607 source=dump_data time=2013-04-08_11:55:05.039834
[profile_attr] old_data=24008361 delta_type=1 attr=gold delta_data=2200 userid=607 source=dump_data time=2013-04-08_11:55:05.040683
[profile_attr] old_data=99959 delta_type=0 attr=attr_10 delta_data=10 userid=607 source=enter time=2013-04-08_11:55:09.487969
[profile_attr] old_data=786999 delta_type=1 attr=attr_1 delta_data=1400 userid=607 source=dump_data time=2013-04-08_11:55:45.383853
[profile_attr] old_data=24010561 delta_type=1 attr=gold delta_data=194 userid=607 source=dump_data time=2013-04-08_11:55:45.384869
[profile_attr] old_data=30293 delta_type=1 attr=hp delta_data=-4 userid=607 source=dump_data time=2013-04-08_11:55:45.385433
[profile_attr] old_data=788399 delta_type=1 attr=attr_1 delta_data=3200 userid=607 source=dump_data time=2013-04-08_11:56:30.621721
[profile_attr] old_data=24010755 delta_type=1 attr=gold delta_data=1100 userid=607 source=dump_data time=2013-04-08_11:56:30.622563
[profile_attr] old_data=30289 delta_type=1 attr=hp delta_data=4 userid=607 source=dump_data time=2013-04-08_11:56:30.623200
[profile_attr] old_data=24011855 delta_type=0 attr=gold delta_data=752860 userid=607 source=enhance time=2013-04-08_11:56:30.765268
[profile_attr] old_data=23258995 delta_type=0 attr=gold delta_data=752860 userid=607 source=enhance time=2013-04-08_11:56:31.373849
[profile_attr] old_data=22506135 delta_type=0 attr=gold delta_data=752860 userid=607 source=enhance time=2013-04-08_11:56:31.810747
[profile_attr] old_data=21753275 delta_type=0 attr=gold delta_data=752860 userid=607 source=enhance time=2013-04-08_11:56:32.388942
[profile_attr] old_data=21000415 delta_type=0 attr=gold delta_data=752860 userid=607 source=enhance time=2013-04-08_11:56:32.825982
[profile_attr] old_data=20247555 delta_type=0 attr=gold delta_data=752860 userid=607 source=enhance time=2013-04-08_11:56:33.374533
[profile_attr] old_data=19494695 delta_type=0 attr=gold delta_data=752860 userid=607 source=enhance time=2013-04-08_11:56:33.791203
[profile_attr] old_data=18741835 delta_type=0 attr=gold delta_data=752860 userid=607 source=enhance time=2013-04-08_11:56:34.373368
[profile_attr] old_data=17988975 delta_type=0 attr=gold delta_data=752860 userid=607 source=enhance time=2013-04-08_11:56:34.957999
[profile_attr] old_data=17236115 delta_type=0 attr=gold delta_data=752860 userid=607 source=enhance time=2013-04-08_11:56:35.425281
[profile_attr] old_data=16483255 delta_type=0 attr=gold delta_data=752860 userid=607 source=enhance time=2013-04-08_11:56:36.008023
[profile_attr] old_data=15730395 delta_type=0 attr=gold delta_data=752860 userid=607 source=enhance time=2013-04-08_11:56:36.643735
[profile_attr] old_data=14977535 delta_type=0 attr=gold delta_data=752860 userid=607 source=enhance time=2013-04-08_11:56:37.172124
[profile_attr] old_data=14224675 delta_type=0 attr=gold delta_data=752860 userid=607 source=enhance time=2013-04-08_11:56:37.858153
[profile_attr] old_data=13471815 delta_type=0 attr=gold delta_data=752860 userid=607 source=enhance time=2013-04-08_11:56:38.442299
[profile_attr] old_data=12718955 delta_type=0 attr=gold delta_data=752860 userid=607 source=enhance time=2013-04-08_11:56:39.044918
[profile_attr] old_data=11966095 delta_type=0 attr=gold delta_data=752860 userid=607 source=enhance time=2013-04-08_11:56:39.629402
[profile_attr] old_data=11213235 delta_type=0 attr=gold delta_data=752860 userid=607 source=enhance time=2013-04-08_11:56:40.395942
[profile_attr] old_data=10460375 delta_type=0 attr=gold delta_data=752860 userid=607 source=enhance time=2013-04-08_11:56:40.927218
[profile_attr] old_data=9707515 delta_type=0 attr=gold delta_data=752860 userid=607 source=enhance time=2013-04-08_11:56:41.458573
[profile_attr] old_data=8954655 delta_type=0 attr=gold delta_data=752860 userid=607 source=enhance time=2013-04-08_11:56:42.112231
[profile_attr] old_data=8201795 delta_type=0 attr=gold delta_data=752860 userid=607 source=enhance time=2013-04-08_11:56:42.743075
[profile_attr] old_data=7448935 delta_type=0 attr=gold delta_data=752860 userid=607 source=enhance time=2013-04-08_11:56:43.341076
[profile_attr] old_data=6696075 delta_type=0 attr=gold delta_data=752860 userid=607 source=enhance time=2013-04-08_11:56:43.991680
[profile_attr] old_data=5943215 delta_type=1 attr=gold delta_data=1000 userid=607 source=dump_data time=2013-04-08_11:56:51.646575
[profile_attr] old_data=791599 delta_type=0 attr=attr_1 delta_data=1000.0 userid=607 source=upgrade time=2013-04-08_11:57:09.059952
[profile_attr] old_data=790599 delta_type=0 attr=attr_1 delta_data=1000.0 userid=607 source=upgrade time=2013-04-08_11:57:09.777475
[profile_attr] old_data=789599 delta_type=0 attr=attr_1 delta_data=1000.0 userid=607 source=upgrade time=2013-04-08_11:57:10.743708
[profile_attr] old_data=49978 delta_type=0 attr=token delta_data=1 userid=607 source=reset_cd time=2013-04-08_11:57:22.710474
[profile_attr] old_data=788599 delta_type=0 attr=attr_1 delta_data=1000.0 userid=607 source=upgrade time=2013-04-08_11:57:25.410709
[profile_attr] old_data=787599 delta_type=0 attr=attr_1 delta_data=2900.0 userid=607 source=upgrade time=2013-04-08_11:57:26.644509
[profile_attr] old_data=784699 delta_type=0 attr=attr_1 delta_data=5600.0 userid=607 source=upgrade time=2013-04-08_11:57:27.045189
[profile_attr] old_data=779099 delta_type=0 attr=attr_1 delta_data=2900.0 userid=607 source=upgrade time=2013-04-08_11:57:27.610165
[profile_attr] old_data=776199 delta_type=0 attr=attr_1 delta_data=2900.0 userid=607 source=upgrade time=2013-04-08_11:57:28.561928
[profile_attr] old_data=773299 delta_type=0 attr=attr_1 delta_data=5600.0 userid=607 source=upgrade time=2013-04-08_11:57:28.979583
[profile_attr] old_data=767699 delta_type=0 attr=attr_1 delta_data=2900.0 userid=607 source=upgrade time=2013-04-08_11:57:29.593259
[profile_attr] old_data=764799 delta_type=0 attr=attr_1 delta_data=5600.0 userid=607 source=upgrade time=2013-04-08_11:57:30.043745
[profile_attr] old_data=759199 delta_type=0 attr=attr_1 delta_data=8800.0 userid=607 source=upgrade time=2013-04-08_11:57:30.418489
[profile_attr] old_data=750399 delta_type=0 attr=attr_1 delta_data=12600.0 userid=607 source=upgrade time=2013-04-08_11:57:30.828781
[profile_attr] old_data=737799 delta_type=0 attr=attr_1 delta_data=16900.0 userid=607 source=upgrade time=2013-04-08_11:57:31.278708
[profile_attr] old_data=720899 delta_type=0 attr=attr_1 delta_data=21600.0 userid=607 source=upgrade time=2013-04-08_11:57:31.646179
[profile_attr] old_data=699299 delta_type=0 attr=attr_1 delta_data=26700.0 userid=607 source=upgrade time=2013-04-08_11:57:32.195912
[profile_attr] old_data=672599 delta_type=0 attr=attr_1 delta_data=32300.0 userid=607 source=upgrade time=2013-04-08_11:57:32.710216
[profile_attr] old_data=640299 delta_type=0 attr=attr_1 delta_data=38200.0 userid=607 source=upgrade time=2013-04-08_11:57:33.062531
[profile_attr] old_data=602099 delta_type=0 attr=attr_1 delta_data=44500.0 userid=607 source=upgrade time=2013-04-08_11:57:33.479104
[profile_attr] old_data=557599 delta_type=0 attr=attr_1 delta_data=51200.0 userid=607 source=upgrade time=2013-04-08_11:57:33.930257
[profile_attr] old_data=506399 delta_type=0 attr=attr_1 delta_data=58200.0 userid=607 source=upgrade time=2013-04-08_11:57:34.346713
[profile_attr] old_data=448199 delta_type=0 attr=attr_1 delta_data=65500.0 userid=607 source=upgrade time=2013-04-08_11:57:34.698109
[profile_attr] old_data=382699 delta_type=0 attr=attr_1 delta_data=73100.0 userid=607 source=upgrade time=2013-04-08_11:57:35.098064
[profile_attr] old_data=309599 delta_type=0 attr=attr_1 delta_data=81100.0 userid=607 source=upgrade time=2013-04-08_11:57:35.500851
[profile_attr] old_data=228499 delta_type=0 attr=attr_1 delta_data=89300.0 userid=607 source=upgrade time=2013-04-08_11:57:35.962965
[profile_attr] old_data=139199 delta_type=0 attr=attr_1 delta_data=97900.0 userid=607 source=upgrade time=2013-04-08_11:57:36.334096
[profile_attr] old_data=41299 delta_type=0 attr=attr_1 delta_data=8800.0 userid=607 source=upgrade time=2013-04-08_11:57:41.860800
[profile_attr] old_data=32499 delta_type=0 attr=attr_1 delta_data=12600.0 userid=607 source=upgrade time=2013-04-08_11:57:42.211239
[profile_attr] old_data=19899 delta_type=0 attr=attr_1 delta_data=16900.0 userid=607 source=upgrade time=2013-04-08_11:57:42.678144
[profile_attr] old_data=49977 delta_type=0 attr=token delta_data=36 userid=607 source=reset_cd time=2013-04-08_11:57:46.396400
[profile_attr] old_data=5944215 delta_type=0 attr=gold delta_data=752860 userid=607 source=enhance time=2013-04-08_11:58:05.210086
[profile_attr] old_data=5191355 delta_type=0 attr=gold delta_data=752860 userid=607 source=enhance time=2013-04-08_11:58:05.998013
[profile_attr] old_data=99999 delta_type=1 attr=attr_3 delta_data=10000 userid=607 source=dump_data time=2013-04-08_11:59:22.240609
[profile_attr] old_data=255 delta_type=1 attr=maze_info delta_data=128 userid=607 source=dump_data time=2013-04-08_11:59:22.242760
