[profile_attr] old_data=125199 delta_type=0 attr=attr_1 delta_data=1000.0 userid=1318 source=upgrade time=2013-04-02_13:02:56.716887
[profile_attr] old_data=124199 delta_type=0 attr=attr_1 delta_data=2900.0 userid=1318 source=upgrade time=2013-04-02_13:02:58.620652
[profile_attr] old_data=200 delta_type=0 attr=attr_10 delta_data=10 userid=1334 source=enter time=2013-04-02_13:04:26.253751
[profile_attr] old_data=99909 delta_type=0 attr=attr_10 delta_data=10 userid=824 source=enter time=2013-04-02_13:05:58.486985
[profile_attr] old_data=37050 delta_type=1 attr=hp delta_data=1635 userid=1265 source=dump_data time=2013-04-02_13:06:19.540079
[profile_attr] old_data=108499 delta_type=1 attr=attr_1 delta_data=200 userid=824 source=dump_data time=2013-04-02_13:06:51.558906
[profile_attr] old_data=361358 delta_type=1 attr=gold delta_data=161 userid=824 source=dump_data time=2013-04-02_13:06:51.560339
[profile_attr] old_data=35500 delta_type=1 attr=hp delta_data=-13 userid=824 source=dump_data time=2013-04-02_13:06:51.561074
[profile_attr] old_data=35487 delta_type=1 attr=hp delta_data=13 userid=824 source=dump_data time=2013-04-02_13:07:07.324699
[profile_attr] old_data=49794 delta_type=0 attr=token delta_data=2 userid=824 source=exchange time=2013-04-02_13:07:17.533756
[profile_attr] old_data=361519 delta_type=1 attr=gold delta_data=300000 userid=824 source=exchange time=2013-04-02_13:07:17.533858
[profile_attr] old_data=49792 delta_type=0 attr=token delta_data=4 userid=824 source=exchange time=2013-04-02_13:07:18.699757
[profile_attr] old_data=661519 delta_type=1 attr=gold delta_data=300000 userid=824 source=exchange time=2013-04-02_13:07:18.699854
[profile_attr] old_data=49788 delta_type=0 attr=token delta_data=6 userid=824 source=exchange time=2013-04-02_13:07:19.316438
[profile_attr] old_data=961519 delta_type=1 attr=gold delta_data=300000 userid=824 source=exchange time=2013-04-02_13:07:19.316534
[profile_attr] old_data=49782 delta_type=0 attr=token delta_data=8 userid=824 source=exchange time=2013-04-02_13:07:19.983890
[profile_attr] old_data=1261519 delta_type=1 attr=gold delta_data=300000 userid=824 source=exchange time=2013-04-02_13:07:19.984032
[profile_attr] old_data=49774 delta_type=0 attr=token delta_data=10 userid=824 source=exchange time=2013-04-02_13:07:20.632714
[profile_attr] old_data=1561519 delta_type=1 attr=gold delta_data=300000 userid=824 source=exchange time=2013-04-02_13:07:20.632816
[profile_attr] old_data=49764 delta_type=0 attr=token delta_data=12 userid=824 source=exchange time=2013-04-02_13:07:21.349907
[profile_attr] old_data=1861519 delta_type=1 attr=gold delta_data=300000 userid=824 source=exchange time=2013-04-02_13:07:21.350028
[profile_attr] old_data=49752 delta_type=0 attr=token delta_data=14 userid=824 source=exchange time=2013-04-02_13:07:22.066619
[profile_attr] old_data=2161519 delta_type=1 attr=gold delta_data=300000 userid=824 source=exchange time=2013-04-02_13:07:22.066719
[profile_attr] old_data=49738 delta_type=0 attr=token delta_data=16 userid=824 source=exchange time=2013-04-02_13:07:22.519683
[profile_attr] old_data=2461519 delta_type=1 attr=gold delta_data=300000 userid=824 source=exchange time=2013-04-02_13:07:22.519784
[profile_attr] old_data=49722 delta_type=0 attr=token delta_data=18 userid=824 source=exchange time=2013-04-02_13:07:22.834356
[profile_attr] old_data=2761519 delta_type=1 attr=gold delta_data=300000 userid=824 source=exchange time=2013-04-02_13:07:22.834462
[profile_attr] old_data=49704 delta_type=0 attr=token delta_data=20 userid=824 source=exchange time=2013-04-02_13:07:23.235507
[profile_attr] old_data=3061519 delta_type=1 attr=gold delta_data=300000 userid=824 source=exchange time=2013-04-02_13:07:23.235644
[profile_attr] old_data=49684 delta_type=0 attr=token delta_data=22 userid=824 source=exchange time=2013-04-02_13:07:23.542030
[profile_attr] old_data=3361519 delta_type=1 attr=gold delta_data=300000 userid=824 source=exchange time=2013-04-02_13:07:23.542129
[profile_attr] old_data=49662 delta_type=0 attr=token delta_data=24 userid=824 source=exchange time=2013-04-02_13:07:23.849556
[profile_attr] old_data=3661519 delta_type=1 attr=gold delta_data=300000 userid=824 source=exchange time=2013-04-02_13:07:23.849651
[profile_attr] old_data=49638 delta_type=0 attr=token delta_data=26 userid=824 source=exchange time=2013-04-02_13:07:24.200035
[profile_attr] old_data=3961519 delta_type=1 attr=gold delta_data=300000 userid=824 source=exchange time=2013-04-02_13:07:24.200135
[profile_attr] old_data=49612 delta_type=0 attr=token delta_data=28 userid=824 source=exchange time=2013-04-02_13:07:24.566730
[profile_attr] old_data=4261519 delta_type=1 attr=gold delta_data=300000 userid=824 source=exchange time=2013-04-02_13:07:24.566825
[profile_attr] old_data=49584 delta_type=0 attr=token delta_data=30 userid=824 source=exchange time=2013-04-02_13:07:24.866642
[profile_attr] old_data=4561519 delta_type=1 attr=gold delta_data=300000 userid=824 source=exchange time=2013-04-02_13:07:24.866737
[profile_attr] old_data=49554 delta_type=0 attr=token delta_data=32 userid=824 source=exchange time=2013-04-02_13:07:25.233103
[profile_attr] old_data=4861519 delta_type=1 attr=gold delta_data=300000 userid=824 source=exchange time=2013-04-02_13:07:25.233196
[profile_attr] old_data=49522 delta_type=0 attr=token delta_data=34 userid=824 source=exchange time=2013-04-02_13:07:25.584847
[profile_attr] old_data=5161519 delta_type=1 attr=gold delta_data=300000 userid=824 source=exchange time=2013-04-02_13:07:25.584954
[profile_attr] old_data=49488 delta_type=0 attr=token delta_data=36 userid=824 source=exchange time=2013-04-02_13:07:25.952604
[profile_attr] old_data=5461519 delta_type=1 attr=gold delta_data=300000 userid=824 source=exchange time=2013-04-02_13:07:25.952705
[profile_attr] old_data=49452 delta_type=0 attr=token delta_data=38 userid=824 source=exchange time=2013-04-02_13:07:26.316270
[profile_attr] old_data=5761519 delta_type=1 attr=gold delta_data=300000 userid=824 source=exchange time=2013-04-02_13:07:26.316368
[profile_attr] old_data=49414 delta_type=0 attr=token delta_data=40 userid=824 source=exchange time=2013-04-02_13:07:26.666680
[profile_attr] old_data=6061519 delta_type=1 attr=gold delta_data=300000 userid=824 source=exchange time=2013-04-02_13:07:26.666819
[profile_attr] old_data=49374 delta_type=0 attr=token delta_data=42 userid=824 source=exchange time=2013-04-02_13:07:26.984384
[profile_attr] old_data=6361519 delta_type=1 attr=gold delta_data=300000 userid=824 source=exchange time=2013-04-02_13:07:26.984517
[profile_attr] old_data=49332 delta_type=0 attr=token delta_data=44 userid=824 source=exchange time=2013-04-02_13:07:27.382928
[profile_attr] old_data=6661519 delta_type=1 attr=gold delta_data=300000 userid=824 source=exchange time=2013-04-02_13:07:27.383038
[profile_attr] old_data=49288 delta_type=0 attr=token delta_data=46 userid=824 source=exchange time=2013-04-02_13:07:27.752416
[profile_attr] old_data=6961519 delta_type=1 attr=gold delta_data=300000 userid=824 source=exchange time=2013-04-02_13:07:27.752610
[profile_attr] old_data=49242 delta_type=0 attr=token delta_data=48 userid=824 source=exchange time=2013-04-02_13:07:28.115965
[profile_attr] old_data=7261519 delta_type=1 attr=gold delta_data=300000 userid=824 source=exchange time=2013-04-02_13:07:28.116073
[profile_attr] old_data=49194 delta_type=0 attr=token delta_data=50 userid=824 source=exchange time=2013-04-02_13:07:28.485591
[profile_attr] old_data=7561519 delta_type=1 attr=gold delta_data=300000 userid=824 source=exchange time=2013-04-02_13:07:28.485780
[profile_attr] old_data=49144 delta_type=0 attr=token delta_data=52 userid=824 source=exchange time=2013-04-02_13:07:28.849672
[profile_attr] old_data=7861519 delta_type=1 attr=gold delta_data=300000 userid=824 source=exchange time=2013-04-02_13:07:28.849769
[profile_attr] old_data=8161519 delta_type=1 attr=gold delta_data=37600 userid=824 source=dump_data time=2013-04-02_13:08:03.352761
[profile_attr] old_data=99899 delta_type=1 attr=attr_10 delta_data=30 userid=824 source=use-item time=2013-04-02_13:08:12.364512
[profile_attr] old_data=99929 delta_type=1 attr=attr_10 delta_data=30 userid=824 source=use-item time=2013-04-02_13:08:13.764055
[profile_attr] old_data=8199119 delta_type=0 attr=gold delta_data=2000 userid=824 source=combine time=2013-04-02_13:08:44.870627
[profile_attr] old_data=8197119 delta_type=0 attr=gold delta_data=2000 userid=824 source=combine time=2013-04-02_13:08:45.838202
[profile_attr] old_data=8195119 delta_type=0 attr=gold delta_data=2000 userid=824 source=combine time=2013-04-02_13:08:48.663386
[profile_attr] old_data=8193119 delta_type=0 attr=gold delta_data=2000 userid=824 source=combine time=2013-04-02_13:08:49.353503
[profile_attr] old_data=8191119 delta_type=0 attr=gold delta_data=2000 userid=824 source=combine time=2013-04-02_13:08:54.772130
[profile_attr] old_data=108699 delta_type=1 attr=attr_1 delta_data=3300 userid=824 source=dump_data time=2013-04-02_13:09:55.365698
[profile_attr] old_data=8189119 delta_type=1 attr=gold delta_data=1200 userid=824 source=dump_data time=2013-04-02_13:09:55.366598
[profile_attr] old_data=8190319 delta_type=0 attr=gold delta_data=10 userid=824 source=enhance time=2013-04-02_13:09:55.496381
[profile_attr] old_data=8190309 delta_type=0 attr=gold delta_data=10 userid=824 source=enhance time=2013-04-02_13:09:56.283825
[profile_attr] old_data=8190299 delta_type=0 attr=gold delta_data=10 userid=824 source=enhance time=2013-04-02_13:09:57.084846
[profile_attr] old_data=8190289 delta_type=0 attr=gold delta_data=10 userid=824 source=enhance time=2013-04-02_13:09:57.775299
[profile_attr] old_data=8190279 delta_type=0 attr=gold delta_data=10 userid=824 source=enhance time=2013-04-02_13:09:58.626229
[profile_attr] old_data=111999 delta_type=1 attr=attr_1 delta_data=3100 userid=824 source=dump_data time=2013-04-02_13:10:07.478078
[profile_attr] old_data=8190269 delta_type=1 attr=gold delta_data=1100 userid=824 source=dump_data time=2013-04-02_13:10:07.479258
[profile_attr] old_data=99959 delta_type=0 attr=attr_10 delta_data=10 userid=824 source=enter time=2013-04-02_13:10:10.805808
[profile_attr] old_data=32000 delta_type=1 attr=attr_1 delta_data=2200 userid=1334 source=dump_data time=2013-04-02_13:11:04.167283
[profile_attr] old_data=955851457 delta_type=1 attr=gold delta_data=550 userid=1334 source=dump_data time=2013-04-02_13:11:04.168262
[profile_attr] old_data=47800 delta_type=1 attr=hp delta_data=-12 userid=1334 source=dump_data time=2013-04-02_13:11:04.168869
[profile_attr] old_data=1 delta_type=1 attr=mount_status delta_data=-1 userid=1334 source=dump_data time=2013-04-02_13:11:04.169643
[profile_attr] old_data=34200 delta_type=1 attr=attr_1 delta_data=3200 userid=1334 source=dump_data time=2013-04-02_13:11:26.565434
[profile_attr] old_data=955852007 delta_type=1 attr=gold delta_data=1100 userid=1334 source=dump_data time=2013-04-02_13:11:26.566891
[profile_attr] old_data=47788 delta_type=1 attr=hp delta_data=12 userid=1334 source=dump_data time=2013-04-02_13:11:26.567440
[profile_attr] old_data=0 delta_type=1 attr=mount_status delta_data=1 userid=1334 source=dump_data time=2013-04-02_13:11:26.568669
[profile_attr] old_data=190 delta_type=0 attr=attr_10 delta_data=10 userid=1334 source=enter time=2013-04-02_13:11:30.331651
[profile_attr] old_data=0 delta_type=1 attr=attr_1 delta_data=4200 userid=1337 source=dump_data time=2013-04-02_13:11:37.924899
[profile_attr] old_data=10000 delta_type=1 attr=gold delta_data=2100 userid=1337 source=dump_data time=2013-04-02_13:11:37.925711
[profile_attr] old_data=40.579180003 delta_type=1 attr=mp delta_data=-0.579180003048 userid=1337 source=dump_data time=2013-04-02_13:11:37.927244
[profile_attr] old_data=200 delta_type=0 attr=attr_10 delta_data=10 userid=1337 source=enter time=2013-04-02_13:11:41.590435
[profile_attr] old_data=115099 delta_type=1 attr=attr_1 delta_data=700 userid=824 source=dump_data time=2013-04-02_13:11:49.647357
[profile_attr] old_data=8191369 delta_type=1 attr=gold delta_data=368 userid=824 source=dump_data time=2013-04-02_13:11:49.648211
[profile_attr] old_data=35500 delta_type=1 attr=hp delta_data=-4 userid=824 source=dump_data time=2013-04-02_13:11:49.648789
[profile_attr] old_data=8191737 delta_type=1 attr=gold delta_data=150 userid=824 source=sell time=2013-04-02_13:11:49.759643
[profile_attr] old_data=37400 delta_type=1 attr=attr_1 delta_data=3200 userid=1334 source=dump_data time=2013-04-02_13:12:36.425010
[profile_attr] old_data=955853107 delta_type=1 attr=gold delta_data=405 userid=1334 source=dump_data time=2013-04-02_13:12:36.425755
[profile_attr] old_data=47800 delta_type=1 attr=hp delta_data=-11 userid=1334 source=dump_data time=2013-04-02_13:12:36.426275
[profile_attr] old_data=1 delta_type=1 attr=mount_status delta_data=-1 userid=1334 source=dump_data time=2013-04-02_13:12:36.427019
[profile_attr] old_data=0 delta_type=1 attr=attr_2 delta_data=4 userid=1337 source=dump_data time=2013-04-02_13:12:48.096329
[profile_attr] old_data=4200 delta_type=1 attr=attr_1 delta_data=200 userid=1337 source=dump_data time=2013-04-02_13:12:48.097051
[profile_attr] old_data=12100 delta_type=1 attr=gold delta_data=56 userid=1337 source=dump_data time=2013-04-02_13:12:48.097796
[profile_attr] old_data=1 delta_type=1 attr=level delta_data=1 userid=1337 source=dump_data time=2013-04-02_13:12:48.100420
[profile_attr] old_data=200 delta_type=1 attr=hp delta_data=300 userid=1337 source=dump_data time=2013-04-02_13:12:48.100729
[profile_attr] old_data=40 delta_type=1 attr=mp delta_data=2 userid=1337 source=dump_data time=2013-04-02_13:12:48.101705
[profile_attr] old_data=4400 delta_type=1 attr=attr_1 delta_data=6600 userid=1337 source=dump_data time=2013-04-02_13:13:16.344184
[profile_attr] old_data=12156 delta_type=1 attr=gold delta_data=2400 userid=1337 source=dump_data time=2013-04-02_13:13:16.344935
[profile_attr] old_data=14556 delta_type=0 attr=gold delta_data=10 userid=1337 source=enhance time=2013-04-02_13:13:16.417880
[profile_attr] old_data=14546 delta_type=0 attr=gold delta_data=10 userid=1337 source=enhance time=2013-04-02_13:13:17.131314
[profile_attr] old_data=14536 delta_type=0 attr=gold delta_data=10 userid=1337 source=enhance time=2013-04-02_13:13:17.748578
[profile_attr] old_data=14526 delta_type=0 attr=gold delta_data=10 userid=1337 source=enhance time=2013-04-02_13:13:18.416364
[profile_attr] old_data=14516 delta_type=0 attr=gold delta_data=10 userid=1337 source=enhance time=2013-04-02_13:13:19.094097
[profile_attr] old_data=11000 delta_type=1 attr=attr_1 delta_data=3100 userid=1337 source=dump_data time=2013-04-02_13:13:27.932302
[profile_attr] old_data=14506 delta_type=1 attr=gold delta_data=1100 userid=1337 source=dump_data time=2013-04-02_13:13:27.933102
[profile_attr] old_data=190 delta_type=0 attr=attr_10 delta_data=10 userid=1337 source=enter time=2013-04-02_13:13:30.124221
[profile_attr] old_data=40600 delta_type=1 attr=attr_1 delta_data=12300 userid=1334 source=dump_data time=2013-04-02_13:13:38.184619
[profile_attr] old_data=955853512 delta_type=1 attr=gold delta_data=4800 userid=1334 source=dump_data time=2013-04-02_13:13:38.185438
[profile_attr] old_data=47789 delta_type=1 attr=hp delta_data=11 userid=1334 source=dump_data time=2013-04-02_13:13:38.185987
[profile_attr] old_data=0 delta_type=1 attr=mount_status delta_data=1 userid=1334 source=dump_data time=2013-04-02_13:13:38.186761
[profile_attr] old_data=9999997 delta_type=0 attr=attr_2 delta_data=1 userid=1334 source=action_to_profile time=2013-04-02_13:13:38.251766
[profile_attr] old_data=9999996 delta_type=0 attr=attr_2 delta_data=1 userid=1334 source=action_to_profile time=2013-04-02_13:13:38.850036
[profile_attr] old_data=9999995 delta_type=0 attr=attr_2 delta_data=1 userid=1334 source=action_to_profile time=2013-04-02_13:13:39.417005
[profile_attr] old_data=9999994 delta_type=0 attr=attr_2 delta_data=1 userid=1334 source=action_to_profile time=2013-04-02_13:13:40.118260
[profile_attr] old_data=52900 delta_type=1 attr=attr_1 delta_data=4100 userid=1334 source=dump_data time=2013-04-02_13:13:46.665612
[profile_attr] old_data=955858312 delta_type=1 attr=gold delta_data=1600 userid=1334 source=dump_data time=2013-04-02_13:13:46.667067
[profile_attr] old_data=180 delta_type=0 attr=attr_10 delta_data=10 userid=1334 source=enter time=2013-04-02_13:13:51.256844
[profile_attr] old_data=115799 delta_type=1 attr=attr_1 delta_data=3100 userid=824 source=dump_data time=2013-04-02_13:14:14.884020
[profile_attr] old_data=8191887 delta_type=1 attr=gold delta_data=1100 userid=824 source=dump_data time=2013-04-02_13:14:14.884884
[profile_attr] old_data=35496 delta_type=1 attr=hp delta_data=4 userid=824 source=dump_data time=2013-04-02_13:14:14.885481
[profile_attr] old_data=8192987 delta_type=0 attr=gold delta_data=10 userid=824 source=enhance time=2013-04-02_13:14:15.041087
[profile_attr] old_data=8192977 delta_type=0 attr=gold delta_data=10 userid=824 source=enhance time=2013-04-02_13:14:15.602651
[profile_attr] old_data=8192967 delta_type=0 attr=gold delta_data=10 userid=824 source=enhance time=2013-04-02_13:14:16.236338
[profile_attr] old_data=8192957 delta_type=0 attr=gold delta_data=10 userid=824 source=enhance time=2013-04-02_13:14:16.740004
[profile_attr] old_data=8192947 delta_type=0 attr=gold delta_data=10 userid=824 source=enhance time=2013-04-02_13:14:18.135632
[profile_attr] old_data=4 delta_type=1 attr=attr_2 delta_data=4 userid=1337 source=dump_data time=2013-04-02_13:14:20.439524
[profile_attr] old_data=14100 delta_type=1 attr=attr_1 delta_data=700 userid=1337 source=dump_data time=2013-04-02_13:14:20.440315
[profile_attr] old_data=15606 delta_type=1 attr=gold delta_data=102 userid=1337 source=dump_data time=2013-04-02_13:14:20.457633
[profile_attr] old_data=500 delta_type=1 attr=hp delta_data=195 userid=1337 source=dump_data time=2013-04-02_13:14:20.458473
[profile_attr] old_data=42 delta_type=1 attr=mp delta_data=3 userid=1337 source=dump_data time=2013-04-02_13:14:20.459530
[profile_attr] old_data=118899 delta_type=1 attr=attr_1 delta_data=3100 userid=824 source=dump_data time=2013-04-02_13:14:28.713643
[profile_attr] old_data=8192937 delta_type=1 attr=gold delta_data=2100 userid=824 source=dump_data time=2013-04-02_13:14:28.714727
[profile_attr] old_data=99949 delta_type=0 attr=attr_10 delta_data=10 userid=824 source=enter time=2013-04-02_13:14:32.509306
[profile_attr] old_data=57000 delta_type=1 attr=attr_1 delta_data=4200 userid=1334 source=dump_data time=2013-04-02_13:15:21.813667
[profile_attr] old_data=955859912 delta_type=1 attr=gold delta_data=781 userid=1334 source=dump_data time=2013-04-02_13:15:21.814422
[profile_attr] old_data=1 delta_type=1 attr=mount_status delta_data=-1 userid=1334 source=dump_data time=2013-04-02_13:15:21.815594
[profile_attr] old_data=61200 delta_type=1 attr=attr_1 delta_data=20000 userid=1334 source=dump_data time=2013-04-02_13:15:46.395893
[profile_attr] old_data=955860693 delta_type=1 attr=gold delta_data=9400 userid=1334 source=dump_data time=2013-04-02_13:15:46.397013
[profile_attr] old_data=0 delta_type=1 attr=mount_status delta_data=1 userid=1334 source=dump_data time=2013-04-02_13:15:46.398415
[profile_attr] old_data=170 delta_type=0 attr=attr_10 delta_data=10 userid=1334 source=enter time=2013-04-02_13:15:50.815152
[profile_attr] old_data=121999 delta_type=1 attr=attr_1 delta_data=1400 userid=824 source=dump_data time=2013-04-02_13:16:50.796810
[profile_attr] old_data=8195037 delta_type=1 attr=gold delta_data=747 userid=824 source=dump_data time=2013-04-02_13:16:50.798330
[profile_attr] old_data=955870093 delta_type=1 attr=gold delta_data=234 userid=1334 source=dump_data time=2013-04-02_13:18:17.021690
[profile_attr] old_data=47800 delta_type=1 attr=hp delta_data=-4 userid=1334 source=dump_data time=2013-04-02_13:18:17.022230
[profile_attr] old_data=1 delta_type=1 attr=mount_status delta_data=-1 userid=1334 source=dump_data time=2013-04-02_13:18:17.022957
[profile_attr] old_data=10000 delta_type=0 attr=token delta_data=594 userid=1334 source=multi_buy time=2013-04-02_13:18:17.083847
[profile_attr] old_data=9406 delta_type=0 attr=token delta_data=2178 userid=1334 source=multi_buy time=2013-04-02_13:18:38.567105
[profile_attr] old_data=7228 delta_type=0 attr=token delta_data=50 userid=1334 source=punch time=2013-04-02_13:19:06.684639
[profile_attr] old_data=7178 delta_type=0 attr=token delta_data=50 userid=1334 source=punch time=2013-04-02_13:19:08.835124
[profile_attr] old_data=7128 delta_type=0 attr=token delta_data=50 userid=1334 source=punch time=2013-04-02_13:19:10.950182
[profile_attr] old_data=14800 delta_type=1 attr=attr_1 delta_data=3100 userid=1337 source=dump_data time=2013-04-02_13:20:48.841020
[profile_attr] old_data=15708 delta_type=1 attr=gold delta_data=1100 userid=1337 source=dump_data time=2013-04-02_13:20:48.841904
[profile_attr] old_data=695 delta_type=1 attr=hp delta_data=185 userid=1337 source=dump_data time=2013-04-02_13:20:48.842528
[profile_attr] old_data=16808 delta_type=0 attr=gold delta_data=10 userid=1337 source=enhance time=2013-04-02_13:26:42.289639
[profile_attr] old_data=880 delta_type=1 attr=hp delta_data=29 userid=1337 source=dump_data time=2013-04-02_13:26:42.949265
[profile_attr] old_data=16798 delta_type=0 attr=gold delta_data=10 userid=1337 source=enhance time=2013-04-02_13:26:43.024011
[profile_attr] old_data=909 delta_type=1 attr=hp delta_data=29 userid=1337 source=dump_data time=2013-04-02_13:26:43.556520
[profile_attr] old_data=16788 delta_type=0 attr=gold delta_data=10 userid=1337 source=enhance time=2013-04-02_13:26:43.638498
[profile_attr] old_data=938 delta_type=1 attr=hp delta_data=29 userid=1337 source=dump_data time=2013-04-02_13:26:44.131224
[profile_attr] old_data=16778 delta_type=0 attr=gold delta_data=10 userid=1337 source=enhance time=2013-04-02_13:26:44.224642
[profile_attr] old_data=967 delta_type=1 attr=hp delta_data=29 userid=1337 source=dump_data time=2013-04-02_13:26:44.657065
[profile_attr] old_data=16768 delta_type=0 attr=gold delta_data=10 userid=1337 source=enhance time=2013-04-02_13:26:44.737102
[profile_attr] old_data=104199 delta_type=1 attr=attr_1 delta_data=4200 userid=611 source=dump_data time=2013-04-02_13:28:19.827681
[profile_attr] old_data=1310592000 delta_type=1 attr=gold delta_data=2100 userid=611 source=dump_data time=2013-04-02_13:28:19.828502
[profile_attr] old_data=27600 delta_type=1 attr=hp delta_data=2400 userid=611 source=dump_data time=2013-04-02_13:28:19.829051
[profile_attr] old_data=99999 delta_type=0 attr=attr_10 delta_data=10 userid=611 source=enter time=2013-04-02_13:28:24.390542
[profile_attr] old_data=108399 delta_type=1 attr=attr_1 delta_data=200 userid=611 source=dump_data time=2013-04-02_13:28:43.190332
[profile_attr] old_data=1310594100 delta_type=1 attr=gold delta_data=42 userid=611 source=dump_data time=2013-04-02_13:28:43.191099
[profile_attr] old_data=30000 delta_type=1 attr=hp delta_data=-11 userid=611 source=dump_data time=2013-04-02_13:28:43.191617
[profile_attr] old_data=47796 delta_type=1 attr=hp delta_data=4 userid=1334 source=dump_data time=2013-04-02_13:29:33.057963
[profile_attr] old_data=99999999999 delta_type=0 attr=token delta_data=163577856 userid=1334 source=multi_buy time=2013-04-02_13:30:04.488021
[profile_attr] old_data=955870327 delta_type=0 attr=gold delta_data=100 userid=1334 source=mosaic time=2013-04-02_13:30:16.402957
[profile_attr] old_data=955870227 delta_type=0 attr=gold delta_data=100 userid=1334 source=mosaic time=2013-04-02_13:30:18.151738
[profile_attr] old_data=955870127 delta_type=0 attr=gold delta_data=100 userid=1334 source=mosaic time=2013-04-02_13:30:19.700795
[profile_attr] old_data=955870027 delta_type=0 attr=gold delta_data=100 userid=1334 source=mosaic time=2013-04-02_13:30:21.007181
[profile_attr] old_data=955869927 delta_type=0 attr=gold delta_data=1003814 userid=1334 source=enhance time=2013-04-02_13:31:07.646274
[profile_attr] old_data=954866113 delta_type=0 attr=gold delta_data=1003814 userid=1334 source=enhance time=2013-04-02_13:31:08.479465
[profile_attr] old_data=953862299 delta_type=0 attr=gold delta_data=1003814 userid=1334 source=enhance time=2013-04-02_13:31:09.260930
[profile_attr] old_data=952858485 delta_type=0 attr=gold delta_data=1003814 userid=1334 source=enhance time=2013-04-02_13:31:09.937456
[profile_attr] old_data=951854671 delta_type=0 attr=gold delta_data=1003814 userid=1334 source=enhance time=2013-04-02_13:31:10.633235
[profile_attr] old_data=950850857 delta_type=0 attr=gold delta_data=1003814 userid=1334 source=enhance time=2013-04-02_13:31:11.374412
[profile_attr] old_data=0 delta_type=1 attr=mount_status delta_data=1 userid=1334 source=dump_data time=2013-04-02_13:31:11.937225
[profile_attr] old_data=949847043 delta_type=0 attr=gold delta_data=1003814 userid=1334 source=enhance time=2013-04-02_13:31:12.058662
[profile_attr] old_data=948843229 delta_type=0 attr=gold delta_data=1003814 userid=1334 source=enhance time=2013-04-02_13:31:12.790392
[profile_attr] old_data=947839415 delta_type=0 attr=gold delta_data=1003814 userid=1334 source=enhance time=2013-04-02_13:31:13.491088
[profile_attr] old_data=946835601 delta_type=0 attr=gold delta_data=1003814 userid=1334 source=enhance time=2013-04-02_13:31:14.212029
[profile_attr] old_data=945831787 delta_type=0 attr=gold delta_data=1003814 userid=1334 source=enhance time=2013-04-02_13:31:14.894690
[profile_attr] old_data=944827973 delta_type=0 attr=gold delta_data=1003814 userid=1334 source=enhance time=2013-04-02_13:31:15.628175
[profile_attr] old_data=943824159 delta_type=0 attr=gold delta_data=1003814 userid=1334 source=enhance time=2013-04-02_13:31:16.303983
[profile_attr] old_data=942820345 delta_type=0 attr=gold delta_data=1003814 userid=1334 source=enhance time=2013-04-02_13:31:16.891484
[profile_attr] old_data=941816531 delta_type=0 attr=gold delta_data=1003814 userid=1334 source=enhance time=2013-04-02_13:31:17.447012
[profile_attr] old_data=940812717 delta_type=0 attr=gold delta_data=1003814 userid=1334 source=enhance time=2013-04-02_13:31:18.068217
[profile_attr] old_data=939808903 delta_type=0 attr=gold delta_data=1003814 userid=1334 source=enhance time=2013-04-02_13:31:18.558211
[profile_attr] old_data=938805089 delta_type=0 attr=gold delta_data=1003814 userid=1334 source=enhance time=2013-04-02_13:31:19.062309
[profile_attr] old_data=937801275 delta_type=0 attr=gold delta_data=1003814 userid=1334 source=enhance time=2013-04-02_13:31:19.558527
[profile_attr] old_data=936797461 delta_type=0 attr=gold delta_data=1003814 userid=1334 source=enhance time=2013-04-02_13:31:20.076774
[profile_attr] old_data=935793647 delta_type=0 attr=gold delta_data=1003814 userid=1334 source=enhance time=2013-04-02_13:31:20.610601
[profile_attr] old_data=934789833 delta_type=0 attr=gold delta_data=1003814 userid=1334 source=enhance time=2013-04-02_13:31:21.115640
[profile_attr] old_data=933786019 delta_type=0 attr=gold delta_data=1003814 userid=1334 source=enhance time=2013-04-02_13:31:21.654743
[profile_attr] old_data=932782205 delta_type=0 attr=gold delta_data=1003814 userid=1334 source=enhance time=2013-04-02_13:31:22.134009
[profile_attr] old_data=931778391 delta_type=0 attr=gold delta_data=1003814 userid=1334 source=enhance time=2013-04-02_13:31:22.727911
[profile_attr] old_data=930774577 delta_type=0 attr=gold delta_data=1003814 userid=1334 source=enhance time=2013-04-02_13:31:23.243909
[profile_attr] old_data=929770763 delta_type=0 attr=gold delta_data=1003814 userid=1334 source=enhance time=2013-04-02_13:31:23.743532
[profile_attr] old_data=928766949 delta_type=0 attr=gold delta_data=1003814 userid=1334 source=enhance time=2013-04-02_13:31:24.237421
[profile_attr] old_data=927763135 delta_type=0 attr=gold delta_data=1003814 userid=1334 source=enhance time=2013-04-02_13:31:24.815866
[profile_attr] old_data=926759321 delta_type=0 attr=gold delta_data=1003814 userid=1334 source=enhance time=2013-04-02_13:31:25.645607
[profile_attr] old_data=925755507 delta_type=0 attr=gold delta_data=1003814 userid=1334 source=enhance time=2013-04-02_13:31:26.131210
[profile_attr] old_data=924751693 delta_type=0 attr=gold delta_data=1003814 userid=1334 source=enhance time=2013-04-02_13:31:26.764947
[profile_attr] old_data=923747879 delta_type=0 attr=gold delta_data=1003814 userid=1334 source=enhance time=2013-04-02_13:31:27.448858
[profile_attr] old_data=922744065 delta_type=0 attr=gold delta_data=1003814 userid=1334 source=enhance time=2013-04-02_13:31:28.046590
[profile_attr] old_data=921740251 delta_type=0 attr=gold delta_data=1003814 userid=1334 source=enhance time=2013-04-02_13:31:28.596013
[profile_attr] old_data=920736437 delta_type=0 attr=gold delta_data=1003814 userid=1334 source=enhance time=2013-04-02_13:31:29.300820
[profile_attr] old_data=919732623 delta_type=0 attr=gold delta_data=1003814 userid=1334 source=enhance time=2013-04-02_13:31:31.231859
[profile_attr] old_data=99836422143 delta_type=0 attr=token delta_data=32578 userid=1334 source=multi_buy time=2013-04-02_13:31:52.228209
[profile_attr] old_data=918728809 delta_type=0 attr=gold delta_data=1003814 userid=1334 source=enhance time=2013-04-02_13:31:55.004907
[profile_attr] old_data=917724995 delta_type=0 attr=gold delta_data=1003814 userid=1334 source=enhance time=2013-04-02_13:31:57.760048
[profile_attr] old_data=916721181 delta_type=0 attr=gold delta_data=1003814 userid=1334 source=enhance time=2013-04-02_13:31:58.659390
[profile_attr] old_data=915717367 delta_type=0 attr=gold delta_data=1003814 userid=1334 source=enhance time=2013-04-02_13:31:59.484761
[profile_attr] old_data=914713553 delta_type=0 attr=gold delta_data=1003814 userid=1334 source=enhance time=2013-04-02_13:32:00.178996
[profile_attr] old_data=913709739 delta_type=0 attr=gold delta_data=1003814 userid=1334 source=enhance time=2013-04-02_13:32:01.009932
[profile_attr] old_data=912705925 delta_type=0 attr=gold delta_data=1003814 userid=1334 source=enhance time=2013-04-02_13:32:01.725481
[profile_attr] old_data=911702111 delta_type=0 attr=gold delta_data=1003814 userid=1334 source=enhance time=2013-04-02_13:32:02.363112
[profile_attr] old_data=910698297 delta_type=0 attr=gold delta_data=1003814 userid=1334 source=enhance time=2013-04-02_13:32:03.108301
[profile_attr] old_data=909694483 delta_type=0 attr=gold delta_data=1003814 userid=1334 source=enhance time=2013-04-02_13:32:03.813123
[profile_attr] old_data=908690669 delta_type=0 attr=gold delta_data=1003814 userid=1334 source=enhance time=2013-04-02_13:32:04.598420
[profile_attr] old_data=22 delta_type=1 attr=attr_2 delta_data=4 userid=1294 source=dump_data time=2013-04-02_13:57:51.853414
[profile_attr] old_data=8 delta_type=1 attr=level delta_data=2 userid=1294 source=dump_data time=2013-04-02_13:57:51.870463
[profile_attr] old_data=2405 delta_type=1 attr=hp delta_data=500 userid=1294 source=dump_data time=2013-04-02_13:57:51.870799
[profile_attr] old_data=56 delta_type=1 attr=mp delta_data=4 userid=1294 source=dump_data time=2013-04-02_13:57:51.871761
