[profile_attr] old_data=1022059 delta_type=0 attr=gold delta_data=2000 userid=1318 source=shortcut_start time=2013-04-02_11:33:27.931404
[profile_attr] old_data=1020059 delta_type=0 attr=gold delta_data=4000 userid=1318 source=shortcut_start time=2013-04-02_11:33:27.939748
[profile_attr] old_data=1016059 delta_type=0 attr=gold delta_data=2000 userid=1318 source=shortcut_start time=2013-04-02_11:33:27.947865
[profile_attr] old_data=1014059 delta_type=0 attr=gold delta_data=4000 userid=1318 source=shortcut_start time=2013-04-02_11:33:27.955992
[profile_attr] old_data=1010059 delta_type=0 attr=gold delta_data=2000 userid=1318 source=shortcut_start time=2013-04-02_11:33:27.963262
[profile_attr] old_data=1008059 delta_type=0 attr=gold delta_data=4000 userid=1318 source=shortcut_start time=2013-04-02_11:33:27.970172
[profile_attr] old_data=1004059 delta_type=0 attr=gold delta_data=6000 userid=1318 source=shortcut_start time=2013-04-02_11:33:27.977105
[profile_attr] old_data=998059 delta_type=0 attr=gold delta_data=4000 userid=1318 source=shortcut_start time=2013-04-02_11:33:27.984724
[profile_attr] old_data=994059 delta_type=0 attr=gold delta_data=6000 userid=1318 source=shortcut_start time=2013-04-02_11:33:27.992015
[profile_attr] old_data=988059 delta_type=0 attr=gold delta_data=4000 userid=1318 source=shortcut_start time=2013-04-02_11:33:27.998717
[profile_attr] old_data=984059 delta_type=0 attr=gold delta_data=2000 userid=1318 source=shortcut_start time=2013-04-02_11:33:28.005270
[profile_attr] old_data=982059 delta_type=0 attr=gold delta_data=4000 userid=1318 source=shortcut_start time=2013-04-02_11:33:28.014819
[profile_attr] old_data=978059 delta_type=0 attr=gold delta_data=2000 userid=1318 source=shortcut_start time=2013-04-02_11:33:28.025811
[profile_attr] old_data=976059 delta_type=0 attr=gold delta_data=2000 userid=1318 source=shortcut_start time=2013-04-02_11:33:28.033078
[profile_attr] old_data=974059 delta_type=0 attr=gold delta_data=4000 userid=1318 source=shortcut_start time=2013-04-02_11:33:28.040814
[profile_attr] old_data=970059 delta_type=0 attr=gold delta_data=2000 userid=1318 source=shortcut_start time=2013-04-02_11:33:28.049532
[profile_attr] old_data=968059 delta_type=0 attr=gold delta_data=2000 userid=1318 source=shortcut_start time=2013-04-02_11:33:28.056663
[profile_attr] old_data=966059 delta_type=0 attr=gold delta_data=4000 userid=1318 source=shortcut_start time=2013-04-02_11:33:28.065923
[profile_attr] old_data=962059 delta_type=0 attr=gold delta_data=2000 userid=1318 source=shortcut_start time=2013-04-02_11:33:28.076132
[profile_attr] old_data=960059 delta_type=0 attr=gold delta_data=2000 userid=1318 source=shortcut_start time=2013-04-02_11:33:28.085286
[profile_attr] old_data=126199 delta_type=0 attr=attr_1 delta_data=1000.0 userid=1318 source=upgrade time=2013-04-02_11:33:38.833378
[profile_attr] old_data=38562 delta_type=1 attr=hp delta_data=-2880 userid=1265 source=dump_data time=2013-04-02_11:33:52.529007
[profile_attr] old_data=958059 delta_type=1 attr=gold delta_data=1000 userid=1318 source=shortcut_sell time=2013-04-02_11:35:14.934410
[profile_attr] old_data=959059 delta_type=1 attr=gold delta_data=1000 userid=1318 source=shortcut_sell time=2013-04-02_11:35:14.934538
[profile_attr] old_data=960059 delta_type=1 attr=gold delta_data=1000 userid=1318 source=shortcut_sell time=2013-04-02_11:35:14.934640
[profile_attr] old_data=961059 delta_type=1 attr=gold delta_data=1000 userid=1318 source=shortcut_sell time=2013-04-02_11:35:14.934808
[profile_attr] old_data=962059 delta_type=1 attr=gold delta_data=1000 userid=1318 source=shortcut_sell time=2013-04-02_11:35:14.935014
[profile_attr] old_data=963059 delta_type=1 attr=gold delta_data=1000 userid=1318 source=shortcut_sell time=2013-04-02_11:35:14.935164
[profile_attr] old_data=964059 delta_type=1 attr=gold delta_data=1000 userid=1318 source=shortcut_sell time=2013-04-02_11:35:14.935306
[profile_attr] old_data=965059 delta_type=1 attr=gold delta_data=1000 userid=1318 source=shortcut_sell time=2013-04-02_11:35:14.935467
[profile_attr] old_data=966059 delta_type=1 attr=gold delta_data=1000 userid=1318 source=shortcut_sell time=2013-04-02_11:35:14.935606
[profile_attr] old_data=967059 delta_type=1 attr=gold delta_data=1000 userid=1318 source=shortcut_sell time=2013-04-02_11:35:14.935768
[profile_attr] old_data=968059 delta_type=1 attr=gold delta_data=1000 userid=1318 source=shortcut_sell time=2013-04-02_11:35:14.935905
[profile_attr] old_data=969059 delta_type=1 attr=gold delta_data=1000 userid=1318 source=shortcut_sell time=2013-04-02_11:35:14.936094
[profile_attr] old_data=970059 delta_type=0 attr=gold delta_data=4000 userid=1318 source=start time=2013-04-02_11:35:26.755544
[profile_attr] old_data=966059 delta_type=0 attr=gold delta_data=2000 userid=1318 source=start time=2013-04-02_11:35:47.888899
[profile_attr] old_data=964059 delta_type=0 attr=gold delta_data=2000 userid=1318 source=start time=2013-04-02_11:35:48.438263
[profile_attr] old_data=962059 delta_type=0 attr=gold delta_data=4000 userid=1318 source=start time=2013-04-02_11:36:02.804039
[profile_attr] old_data=958059 delta_type=0 attr=gold delta_data=2000 userid=1318 source=start time=2013-04-02_11:36:03.682414
[profile_attr] old_data=956059 delta_type=0 attr=gold delta_data=4000 userid=1318 source=start time=2013-04-02_11:36:04.436596
[profile_attr] old_data=952059 delta_type=1 attr=gold delta_data=1000 userid=1318 source=shortcut_sell time=2013-04-02_11:36:05.605798
[profile_attr] old_data=953059 delta_type=1 attr=gold delta_data=1000 userid=1318 source=shortcut_sell time=2013-04-02_11:36:05.606801
[profile_attr] old_data=954059 delta_type=1 attr=gold delta_data=1000 userid=1318 source=shortcut_sell time=2013-04-02_11:36:05.606993
[profile_attr] old_data=955059 delta_type=1 attr=gold delta_data=1000 userid=1318 source=shortcut_sell time=2013-04-02_11:36:05.607224
[profile_attr] old_data=956059 delta_type=1 attr=gold delta_data=1000 userid=1318 source=shortcut_sell time=2013-04-02_11:36:05.607394
[profile_attr] old_data=35682 delta_type=1 attr=hp delta_data=2880 userid=1265 source=dump_data time=2013-04-02_11:36:15.757795
[profile_attr] old_data=38562 delta_type=1 attr=hp delta_data=-38562 userid=1265 source=dump_data time=2013-04-02_11:36:31.794426
[profile_attr] old_data=1 delta_type=1 attr=mount_status delta_data=-1 userid=1265 source=dump_data time=2013-04-02_11:36:31.795272
[profile_attr] old_data=0 delta_type=1 attr=hp delta_data=38562 userid=1265 source=dump_data time=2013-04-02_11:36:43.120576
[profile_attr] old_data=3251 delta_type=0 attr=token delta_data=10 userid=1265 source=skip_cooldown time=2013-04-02_11:36:43.282306
[profile_attr] old_data=38562 delta_type=1 attr=hp delta_data=-38562 userid=1265 source=dump_data time=2013-04-02_11:37:05.118628
[profile_attr] old_data=0 delta_type=1 attr=hp delta_data=38562 userid=1265 source=dump_data time=2013-04-02_11:38:57.283355
[profile_attr] old_data=3241 delta_type=0 attr=token delta_data=8 userid=1265 source=skip_cooldown time=2013-04-02_11:38:57.495294
[profile_attr] old_data=38562 delta_type=1 attr=hp delta_data=-38562 userid=1265 source=dump_data time=2013-04-02_11:39:23.551055
[profile_attr] old_data=0 delta_type=1 attr=hp delta_data=37050 userid=1265 source=dump_data time=2013-04-02_11:42:57.732488
[profile_attr] old_data=106001576 delta_type=1 attr=gold delta_data=1060710 userid=1265 source=sell time=2013-04-02_11:42:57.924608
[profile_attr] old_data=107062286 delta_type=0 attr=gold delta_data=50000 userid=1265 source=combine time=2013-04-02_11:46:13.255854
[profile_attr] old_data=740 delta_type=1 attr=attr_10 delta_data=5 userid=1265 source=use-item time=2013-04-02_11:46:31.968525
[profile_attr] old_data=745 delta_type=1 attr=attr_10 delta_data=100 userid=1265 source=use-item time=2013-04-02_11:46:33.869110
[profile_attr] old_data=845 delta_type=1 attr=attr_10 delta_data=150 userid=1265 source=use-item time=2013-04-02_11:46:35.906215
[profile_attr] old_data=995 delta_type=1 attr=attr_10 delta_data=150 userid=1265 source=use-item time=2013-04-02_11:46:37.750085
[profile_attr] old_data=313700 delta_type=1 attr=attr_1 delta_data=50000 userid=1265 source=use-item time=2013-04-02_11:46:38.986164
[profile_attr] old_data=1145 delta_type=1 attr=attr_10 delta_data=30 userid=1265 source=use-item time=2013-04-02_11:46:46.220801
[profile_attr] old_data=0 delta_type=1 attr=mount_status delta_data=1 userid=1265 source=dump_data time=2013-04-02_11:52:45.157347
[profile_attr] old_data=1175 delta_type=0 attr=attr_10 delta_data=10 userid=1265 source=enter time=2013-04-02_11:52:49.413396
[profile_attr] old_data=107012286 delta_type=1 attr=gold delta_data=266 userid=1265 source=dump_data time=2013-04-02_11:53:32.204772
[profile_attr] old_data=37050 delta_type=1 attr=hp delta_data=-37050 userid=1265 source=dump_data time=2013-04-02_11:53:32.205392
[profile_attr] old_data=1 delta_type=1 attr=mount_status delta_data=-1 userid=1265 source=dump_data time=2013-04-02_11:53:32.206329
[profile_attr] old_data=107012552 delta_type=1 attr=gold delta_data=171 userid=1265 source=dump_data time=2013-04-02_11:55:35.826002
[profile_attr] old_data=107012723 delta_type=1 attr=gold delta_data=346 userid=1265 source=dump_data time=2013-04-02_11:56:56.928967
