[profile_attr] old_data=45169134 delta_type=1 attr=gold delta_data=452 userid=1088 source=dump_data time=2013-04-08_18:00:05.764575
[profile_attr] old_data=41213 delta_type=1 attr=hp delta_data=-2220 userid=1088 source=dump_data time=2013-04-08_18:00:05.765695
[profile_attr] old_data=7691 delta_type=1 attr=hp delta_data=2464 userid=619 source=dump_data time=2013-04-08_18:00:36.966062
[profile_attr] old_data=38993 delta_type=1 attr=hp delta_data=2220 userid=1088 source=dump_data time=2013-04-08_18:00:37.028590
[profile_attr] old_data=19 delta_type=1 attr=attr_2 delta_data=4 userid=619 source=dump_data time=2013-04-08_18:15:17.061492
[profile_attr] old_data=526600 delta_type=1 attr=attr_1 delta_data=654900 userid=619 source=dump_data time=2013-04-08_18:15:17.062278
[profile_attr] old_data=296155 delta_type=1 attr=gold delta_data=37700 userid=619 source=dump_data time=2013-04-08_18:15:17.063038
[profile_attr] old_data=13 delta_type=1 attr=level delta_data=1 userid=619 source=dump_data time=2013-04-08_18:15:17.065516
[profile_attr] old_data=10155 delta_type=1 attr=hp delta_data=300 userid=619 source=dump_data time=2013-04-08_18:15:17.065879
[profile_attr] old_data=69 delta_type=1 attr=mp delta_data=4 userid=619 source=dump_data time=2013-04-08_18:15:17.067036
[profile_attr] old_data=0 delta_type=1 attr=mount_status delta_data=1 userid=1154 source=dump_data time=2013-04-08_18:33:37.316239
[profile_attr] old_data=1100324 delta_type=1 attr=attr_4 delta_data=720 userid=1154 source=loads_attachment time=2013-04-08_18:33:38.324421
[profile_attr] old_data=1099633261 delta_type=1 attr=gold delta_data=100000 userid=1154 source=loads_attachment time=2013-04-08_18:33:38.324542
[profile_attr] old_data=1101044 delta_type=1 attr=attr_4 delta_data=720 userid=1154 source=loads_attachment time=2013-04-08_18:33:41.259017
[profile_attr] old_data=1099733261 delta_type=1 attr=gold delta_data=100000 userid=1154 source=loads_attachment time=2013-04-08_18:33:41.259142
[profile_attr] old_data=1101764 delta_type=1 attr=attr_4 delta_data=720 userid=1154 source=loads_attachment time=2013-04-08_18:33:44.579500
[profile_attr] old_data=1099833261 delta_type=1 attr=gold delta_data=100000 userid=1154 source=loads_attachment time=2013-04-08_18:33:44.579711
[profile_attr] old_data=383 delta_type=1 attr=maze_info delta_data=-12 userid=1318 source=dump_data time=2013-04-08_18:42:17.253007
[profile_attr] old_data=1 delta_type=1 attr=mount_status delta_data=-1 userid=1318 source=dump_data time=2013-04-08_18:42:17.253361
[profile_attr] old_data=635 delta_type=0 attr=attr_10 delta_data=10 userid=1265 source=enter time=2013-04-08_18:47:48.217958
[profile_attr] old_data=45100 delta_type=1 attr=attr_1 delta_data=58300 userid=1265 source=dump_data time=2013-04-08_18:50:02.258847
[profile_attr] old_data=108561107 delta_type=1 attr=gold delta_data=11118 userid=1265 source=dump_data time=2013-04-08_18:50:02.259660
[profile_attr] old_data=109909 delta_type=1 attr=hp delta_data=-6599 userid=1265 source=dump_data time=2013-04-08_18:50:02.260194
[profile_attr] old_data=1 delta_type=1 attr=mount_status delta_data=-1 userid=1265 source=dump_data time=2013-04-08_18:50:02.261009
[profile_attr] old_data=103310 delta_type=1 attr=hp delta_data=6599 userid=1265 source=dump_data time=2013-04-08_18:50:12.013652
[profile_attr] old_data=625 delta_type=0 attr=attr_10 delta_data=10 userid=1265 source=enter time=2013-04-08_18:50:14.063055
