[profile_attr] old_data=995840 delta_type=0 attr=attr_4 delta_data=1000 userid=1265 source=speical_shop time=2013-04-07_15:06:53.600275
[profile_attr] old_data=994840 delta_type=0 attr=attr_4 delta_data=1000 userid=1265 source=speical_shop time=2013-04-07_15:07:01.651402
[profile_attr] old_data=993840 delta_type=0 attr=attr_4 delta_data=500 userid=1265 source=speical_shop time=2013-04-07_15:07:07.149469
[profile_attr] old_data=993340 delta_type=0 attr=attr_4 delta_data=500 userid=1265 source=speical_shop time=2013-04-07_15:07:11.067976
[profile_attr] old_data=49988 delta_type=0 attr=token delta_data=10 userid=611 source=cheerup time=2013-04-07_15:13:03.712133
[profile_attr] old_data=49978 delta_type=0 attr=token delta_data=10 userid=611 source=cheerup time=2013-04-07_15:13:23.514626
[profile_attr] old_data=1310934142 delta_type=1 attr=gold delta_data=34757 userid=611 source=dump_data time=2013-04-07_15:14:04.280924
[profile_attr] old_data=30000 delta_type=1 attr=hp delta_data=-7951 userid=611 source=dump_data time=2013-04-07_15:14:04.281505
[profile_attr] old_data=49968 delta_type=0 attr=token delta_data=10 userid=611 source=cheerup time=2013-04-07_15:14:04.350515
[profile_attr] old_data=1310968899 delta_type=1 attr=gold delta_data=29817 userid=611 source=dump_data time=2013-04-07_15:14:07.616175
[profile_attr] old_data=22049 delta_type=1 attr=hp delta_data=-2651 userid=611 source=dump_data time=2013-04-07_15:14:07.616744
[profile_attr] old_data=49958 delta_type=0 attr=token delta_data=10 userid=611 source=cheerup time=2013-04-07_15:14:07.714203
[profile_attr] old_data=1310998716 delta_type=1 attr=gold delta_data=28488 userid=611 source=dump_data time=2013-04-07_15:14:13.485606
[profile_attr] old_data=19398 delta_type=1 attr=hp delta_data=-2650 userid=611 source=dump_data time=2013-04-07_15:14:13.486200
[profile_attr] old_data=49948 delta_type=0 attr=token delta_data=10 userid=611 source=cheerup time=2013-04-07_15:14:13.554182
[profile_attr] old_data=1311027204 delta_type=1 attr=gold delta_data=18195 userid=611 source=dump_data time=2013-04-07_15:14:19.217838
[profile_attr] old_data=16748 delta_type=1 attr=hp delta_data=-5300 userid=611 source=dump_data time=2013-04-07_15:14:19.218422
[profile_attr] old_data=49938 delta_type=0 attr=token delta_data=10 userid=611 source=cheerup time=2013-04-07_15:14:19.268373
[profile_attr] old_data=1311045399 delta_type=1 attr=gold delta_data=34898 userid=611 source=dump_data time=2013-04-07_15:14:25.208262
[profile_attr] old_data=11448 delta_type=1 attr=hp delta_data=-5301 userid=611 source=dump_data time=2013-04-07_15:14:25.208793
[profile_attr] old_data=49928 delta_type=0 attr=token delta_data=10 userid=611 source=cheerup time=2013-04-07_15:14:25.270423
[profile_attr] old_data=1311080297 delta_type=1 attr=gold delta_data=33080 userid=611 source=dump_data time=2013-04-07_15:14:36.532441
[profile_attr] old_data=6147 delta_type=1 attr=hp delta_data=-6147 userid=611 source=dump_data time=2013-04-07_15:14:36.532978
[profile_attr] old_data=49918 delta_type=0 attr=token delta_data=10 userid=611 source=revive time=2013-04-07_15:14:36.618385
[profile_attr] old_data=0 delta_type=1 attr=hp delta_data=30000 userid=611 source=dump_data time=2013-04-07_15:14:40.316918
[profile_attr] old_data=49908 delta_type=0 attr=token delta_data=10 userid=611 source=cheerup time=2013-04-07_15:14:40.383831
[profile_attr] old_data=49898 delta_type=0 attr=token delta_data=10 userid=611 source=cheerup time=2013-04-07_15:14:42.284460
[profile_attr] old_data=49888 delta_type=0 attr=token delta_data=10 userid=611 source=cheerup time=2013-04-07_15:14:44.101848
[profile_attr] old_data=49878 delta_type=0 attr=token delta_data=10 userid=611 source=cheerup time=2013-04-07_15:14:45.750857
[profile_attr] old_data=49868 delta_type=0 attr=token delta_data=10 userid=611 source=cheerup time=2013-04-07_15:14:47.367866
[profile_attr] old_data=49858 delta_type=0 attr=token delta_data=10 userid=611 source=cheerup time=2013-04-07_15:14:49.301075
[profile_attr] old_data=49848 delta_type=0 attr=token delta_data=10 userid=611 source=cheerup time=2013-04-07_15:14:50.870142
[profile_attr] old_data=49838 delta_type=0 attr=token delta_data=10 userid=611 source=cheerup time=2013-04-07_15:14:52.490365
[profile_attr] old_data=49828 delta_type=0 attr=token delta_data=10 userid=611 source=cheerup time=2013-04-07_15:14:54.103700
[profile_attr] old_data=49818 delta_type=0 attr=token delta_data=10 userid=611 source=cheerup time=2013-04-07_15:14:55.716088
[profile_attr] old_data=49808 delta_type=0 attr=token delta_data=10 userid=611 source=cheerup time=2013-04-07_15:14:57.834600
[profile_attr] old_data=49798 delta_type=0 attr=token delta_data=10 userid=611 source=cheerup time=2013-04-07_15:14:59.856129
[profile_attr] old_data=49788 delta_type=0 attr=token delta_data=10 userid=611 source=cheerup time=2013-04-07_15:15:01.984161
[profile_attr] old_data=1311113377 delta_type=1 attr=gold delta_data=724337 userid=611 source=dump_data time=2013-04-07_15:16:09.817675
[profile_attr] old_data=30000 delta_type=1 attr=hp delta_data=-30000 userid=611 source=dump_data time=2013-04-07_15:16:09.818259
[profile_attr] old_data=49778 delta_type=0 attr=token delta_data=10 userid=611 source=revive time=2013-04-07_15:16:09.893319
[profile_attr] old_data=1311837714 delta_type=1 attr=gold delta_data=1252005 userid=611 source=dump_data time=2013-04-07_15:17:40.920057
[profile_attr] old_data=0 delta_type=1 attr=hp delta_data=226 userid=611 source=dump_data time=2013-04-07_15:17:40.921094
[profile_attr] old_data=1313089719 delta_type=0 attr=gold delta_data=100 userid=611 source=mosaic time=2013-04-07_15:17:41.014656
[profile_attr] old_data=1313089619 delta_type=1 attr=gold delta_data=87662 userid=611 source=dump_data time=2013-04-07_15:17:49.686458
[profile_attr] old_data=226 delta_type=1 attr=hp delta_data=-226 userid=611 source=dump_data time=2013-04-07_15:17:49.687100
[profile_attr] old_data=49768 delta_type=0 attr=token delta_data=10 userid=611 source=revive time=2013-04-07_15:17:49.761128
[profile_attr] old_data=38685 delta_type=1 attr=hp delta_data=-18430 userid=1265 source=dump_data time=2013-04-07_15:17:58.269487
[profile_attr] old_data=1663 delta_type=1 attr=maze_info delta_data=-12 userid=1265 source=dump_data time=2013-04-07_15:17:58.270101
[profile_attr] old_data=1 delta_type=1 attr=mount_status delta_data=-1 userid=1265 source=dump_data time=2013-04-07_15:17:58.270431
[profile_attr] old_data=20255 delta_type=1 attr=hp delta_data=-20255 userid=1265 source=dump_data time=2013-04-07_15:18:36.960658
[profile_attr] old_data=3213 delta_type=0 attr=token delta_data=10 userid=1265 source=revive time=2013-04-07_15:18:37.172554
[profile_attr] old_data=0 delta_type=1 attr=hp delta_data=38685 userid=1265 source=dump_data time=2013-04-07_15:20:06.329772
[profile_attr] old_data=1651 delta_type=1 attr=maze_info delta_data=-96 userid=1265 source=dump_data time=2013-04-07_15:20:06.330368
[profile_attr] old_data=992840 delta_type=0 attr=attr_4 delta_data=500 userid=1265 source=upgrade time=2013-04-07_15:20:06.507828
[profile_attr] old_data=38685 delta_type=1 attr=hp delta_data=960 userid=1265 source=dump_data time=2013-04-07_15:20:25.037024
[profile_attr] old_data=992340 delta_type=0 attr=attr_4 delta_data=500 userid=1265 source=upgrade time=2013-04-07_15:20:25.205728
[profile_attr] old_data=1313177281 delta_type=1 attr=gold delta_data=2247650 userid=611 source=dump_data time=2013-04-07_15:20:47.316899
[profile_attr] old_data=49758 delta_type=0 attr=token delta_data=10 userid=611 source=revive time=2013-04-07_15:20:47.380241
[profile_attr] old_data=992340 delta_type=0 attr=attr_4 delta_data=500 userid=1265 source=upgrade time=2013-04-07_15:20:53.470288
[profile_attr] old_data=992340 delta_type=0 attr=attr_4 delta_data=500 userid=1265 source=upgrade time=2013-04-07_15:21:23.536316
[profile_attr] old_data=992340 delta_type=0 attr=attr_4 delta_data=500 userid=1265 source=upgrade time=2013-04-07_15:21:57.622428
[profile_attr] old_data=7201 delta_type=0 attr=token delta_data=50 userid=1317 source=generate_player_store time=2013-04-07_15:22:14.346994
[profile_attr] old_data=992340 delta_type=0 attr=attr_4 delta_data=500 userid=1265 source=upgrade time=2013-04-07_15:22:14.772340
[profile_attr] old_data=1315424931 delta_type=1 attr=gold delta_data=1408679 userid=611 source=dump_data time=2013-04-07_15:22:21.328984
[profile_attr] old_data=49748 delta_type=0 attr=token delta_data=10 userid=611 source=revive time=2013-04-07_15:22:21.381005
[profile_attr] old_data=7151 delta_type=0 attr=token delta_data=50 userid=1317 source=generate_player_store time=2013-04-07_15:22:22.191262
[profile_attr] old_data=7101 delta_type=0 attr=token delta_data=50 userid=1317 source=generate_player_store time=2013-04-07_15:22:27.367195
[profile_attr] old_data=3203 delta_type=0 attr=token delta_data=10 userid=1265 source=update_farm time=2013-04-07_15:22:43.066089
[profile_attr] old_data=3193 delta_type=0 attr=token delta_data=10 userid=1265 source=update_farm time=2013-04-07_15:22:50.706147
[profile_attr] old_data=3183 delta_type=0 attr=token delta_data=10 userid=1265 source=update_farm time=2013-04-07_15:22:57.164937
[profile_attr] old_data=3173 delta_type=0 attr=token delta_data=10 userid=1265 source=update_farm time=2013-04-07_15:23:01.465242
[profile_attr] old_data=3163 delta_type=0 attr=token delta_data=10 userid=1265 source=update_farm time=2013-04-07_15:23:05.014294
[profile_attr] old_data=7051 delta_type=0 attr=token delta_data=50 userid=1317 source=generate_player_store time=2013-04-07_15:23:07.366693
[profile_attr] old_data=3153 delta_type=0 attr=token delta_data=10 userid=1265 source=update_farm time=2013-04-07_15:23:08.387698
[profile_attr] old_data=3143 delta_type=0 attr=token delta_data=10 userid=1265 source=update_farm time=2013-04-07_15:23:11.428497
[profile_attr] old_data=7001 delta_type=0 attr=token delta_data=50 userid=1317 source=generate_player_store time=2013-04-07_15:23:15.840711
[profile_attr] old_data=3133 delta_type=0 attr=token delta_data=10 userid=1265 source=update_farm time=2013-04-07_15:23:15.948258
[profile_attr] old_data=6951 delta_type=0 attr=token delta_data=50 userid=1317 source=generate_player_store time=2013-04-07_15:23:29.164110
[profile_attr] old_data=6901 delta_type=0 attr=token delta_data=50 userid=1317 source=generate_player_store time=2013-04-07_15:23:33.180411
[profile_attr] old_data=1316833610 delta_type=1 attr=gold delta_data=411691 userid=611 source=dump_data time=2013-04-07_15:23:38.203433
[profile_attr] old_data=0 delta_type=1 attr=hp delta_data=13528 userid=611 source=dump_data time=2013-04-07_15:23:38.204016
[profile_attr] old_data=1317245301 delta_type=0 attr=gold delta_data=752860 userid=611 source=enhance time=2013-04-07_15:23:38.283080
[profile_attr] old_data=1316492441 delta_type=0 attr=gold delta_data=752860 userid=611 source=enhance time=2013-04-07_15:23:38.997041
[profile_attr] old_data=1315739581 delta_type=0 attr=gold delta_data=752860 userid=611 source=enhance time=2013-04-07_15:23:39.583562
[profile_attr] old_data=1314986721 delta_type=0 attr=gold delta_data=752860 userid=611 source=enhance time=2013-04-07_15:23:40.115858
[profile_attr] old_data=1314233861 delta_type=0 attr=gold delta_data=752860 userid=611 source=enhance time=2013-04-07_15:23:40.687335
[profile_attr] old_data=1313481001 delta_type=0 attr=gold delta_data=752860 userid=611 source=enhance time=2013-04-07_15:23:41.315223
[profile_attr] old_data=1312728141 delta_type=0 attr=gold delta_data=752860 userid=611 source=enhance time=2013-04-07_15:23:41.682530
[profile_attr] old_data=1311975281 delta_type=0 attr=gold delta_data=752860 userid=611 source=enhance time=2013-04-07_15:23:42.316643
[profile_attr] old_data=1311222421 delta_type=0 attr=gold delta_data=752860 userid=611 source=enhance time=2013-04-07_15:23:42.903451
[profile_attr] old_data=1310469561 delta_type=0 attr=gold delta_data=752860 userid=611 source=enhance time=2013-04-07_15:23:43.533500
[profile_attr] old_data=1309716701 delta_type=0 attr=gold delta_data=752860 userid=611 source=enhance time=2013-04-07_15:23:43.897422
[profile_attr] old_data=1308963841 delta_type=0 attr=gold delta_data=752860 userid=611 source=enhance time=2013-04-07_15:23:44.332325
[profile_attr] old_data=1308210981 delta_type=0 attr=gold delta_data=752860 userid=611 source=enhance time=2013-04-07_15:23:44.718763
[profile_attr] old_data=1307458121 delta_type=0 attr=gold delta_data=752860 userid=611 source=enhance time=2013-04-07_15:23:45.330890
[profile_attr] old_data=1306705261 delta_type=0 attr=gold delta_data=752860 userid=611 source=enhance time=2013-04-07_15:23:45.968827
[profile_attr] old_data=1305952401 delta_type=0 attr=gold delta_data=752860 userid=611 source=enhance time=2013-04-07_15:23:46.354319
[profile_attr] old_data=1305199541 delta_type=0 attr=gold delta_data=752860 userid=611 source=enhance time=2013-04-07_15:23:46.931034
[profile_attr] old_data=1304446681 delta_type=0 attr=gold delta_data=752860 userid=611 source=enhance time=2013-04-07_15:23:47.367256
[profile_attr] old_data=1303693821 delta_type=0 attr=gold delta_data=752860 userid=611 source=enhance time=2013-04-07_15:23:47.783008
[profile_attr] old_data=1302940961 delta_type=0 attr=gold delta_data=752860 userid=611 source=enhance time=2013-04-07_15:23:48.209675
[profile_attr] old_data=1302188101 delta_type=0 attr=gold delta_data=752860 userid=611 source=enhance time=2013-04-07_15:23:48.799448
[profile_attr] old_data=3123 delta_type=0 attr=token delta_data=10 userid=1265 source=update_farm time=2013-04-07_15:23:49.245339
[profile_attr] old_data=1301435241 delta_type=0 attr=gold delta_data=752860 userid=611 source=enhance time=2013-04-07_15:23:49.285534
[profile_attr] old_data=1300682381 delta_type=0 attr=gold delta_data=752860 userid=611 source=enhance time=2013-04-07_15:23:49.721739
[profile_attr] old_data=1299929521 delta_type=0 attr=gold delta_data=752860 userid=611 source=enhance time=2013-04-07_15:23:50.432995
[profile_attr] old_data=1299176661 delta_type=0 attr=gold delta_data=752860 userid=611 source=enhance time=2013-04-07_15:23:51.034815
[profile_attr] old_data=1298423801 delta_type=0 attr=gold delta_data=752860 userid=611 source=enhance time=2013-04-07_15:23:51.630228
[profile_attr] old_data=1297670941 delta_type=0 attr=gold delta_data=752860 userid=611 source=enhance time=2013-04-07_15:23:52.016509
[profile_attr] old_data=1296918081 delta_type=0 attr=gold delta_data=752860 userid=611 source=enhance time=2013-04-07_15:23:52.490413
[profile_attr] old_data=1296165221 delta_type=0 attr=gold delta_data=752860 userid=611 source=enhance time=2013-04-07_15:23:52.869481
[profile_attr] old_data=1295412361 delta_type=0 attr=gold delta_data=752860 userid=611 source=enhance time=2013-04-07_15:23:53.283723
[profile_attr] old_data=1294659501 delta_type=0 attr=gold delta_data=752860 userid=611 source=enhance time=2013-04-07_15:23:53.714810
[profile_attr] old_data=1293906641 delta_type=0 attr=gold delta_data=752860 userid=611 source=enhance time=2013-04-07_15:23:54.349531
[profile_attr] old_data=1293153781 delta_type=0 attr=gold delta_data=752860 userid=611 source=enhance time=2013-04-07_15:23:54.784053
[profile_attr] old_data=3113 delta_type=0 attr=token delta_data=10 userid=1265 source=update_farm time=2013-04-07_15:23:55.028803
[profile_attr] old_data=1292400921 delta_type=0 attr=gold delta_data=752860 userid=611 source=enhance time=2013-04-07_15:23:55.417989
[profile_attr] old_data=1291648061 delta_type=0 attr=gold delta_data=752860 userid=611 source=enhance time=2013-04-07_15:23:56.950606
[profile_attr] old_data=1290895201 delta_type=0 attr=gold delta_data=752860 userid=611 source=enhance time=2013-04-07_15:23:57.416579
[profile_attr] old_data=1290142341 delta_type=0 attr=gold delta_data=752860 userid=611 source=enhance time=2013-04-07_15:23:57.848001
[profile_attr] old_data=1289389481 delta_type=0 attr=gold delta_data=752860 userid=611 source=enhance time=2013-04-07_15:23:58.465007
[profile_attr] old_data=1288636621 delta_type=0 attr=gold delta_data=752860 userid=611 source=enhance time=2013-04-07_15:23:58.998763
[profile_attr] old_data=1287883761 delta_type=0 attr=gold delta_data=752860 userid=611 source=enhance time=2013-04-07_15:23:59.714187
[profile_attr] old_data=1287130901 delta_type=0 attr=gold delta_data=752860 userid=611 source=enhance time=2013-04-07_15:24:00.365620
[profile_attr] old_data=1286378041 delta_type=0 attr=gold delta_data=752860 userid=611 source=enhance time=2013-04-07_15:24:00.839783
[profile_attr] old_data=1285625181 delta_type=0 attr=gold delta_data=752860 userid=611 source=enhance time=2013-04-07_15:24:01.217437
[profile_attr] old_data=1284872321 delta_type=0 attr=gold delta_data=752860 userid=611 source=enhance time=2013-04-07_15:24:01.655194
[profile_attr] old_data=1284119461 delta_type=0 attr=gold delta_data=752860 userid=611 source=enhance time=2013-04-07_15:24:02.084587
[profile_attr] old_data=1283366601 delta_type=0 attr=gold delta_data=752860 userid=611 source=enhance time=2013-04-07_15:24:02.574837
[profile_attr] old_data=0 delta_type=1 attr=mount_status delta_data=1 userid=1265 source=dump_data time=2013-04-07_15:24:02.814196
[profile_attr] old_data=3103 delta_type=0 attr=token delta_data=10 userid=1265 source=update_farm time=2013-04-07_15:24:02.995906
[profile_attr] old_data=1282613741 delta_type=0 attr=gold delta_data=752860 userid=611 source=enhance time=2013-04-07_15:24:03.281638
[profile_attr] old_data=1281860881 delta_type=0 attr=gold delta_data=752860 userid=611 source=enhance time=2013-04-07_15:24:03.704224
[profile_attr] old_data=1281108021 delta_type=0 attr=gold delta_data=752860 userid=611 source=enhance time=2013-04-07_15:24:04.183059
[profile_attr] old_data=1280355161 delta_type=0 attr=gold delta_data=752860 userid=611 source=enhance time=2013-04-07_15:24:04.717331
[profile_attr] old_data=1279602301 delta_type=0 attr=gold delta_data=752860 userid=611 source=enhance time=2013-04-07_15:24:05.386632
[profile_attr] old_data=1278849441 delta_type=0 attr=gold delta_data=752860 userid=611 source=enhance time=2013-04-07_15:24:05.885364
[profile_attr] old_data=1278096581 delta_type=0 attr=gold delta_data=752860 userid=611 source=enhance time=2013-04-07_15:24:06.368428
[profile_attr] old_data=1277343721 delta_type=0 attr=gold delta_data=752860 userid=611 source=enhance time=2013-04-07_15:24:06.804181
[profile_attr] old_data=1276590861 delta_type=0 attr=gold delta_data=752860 userid=611 source=enhance time=2013-04-07_15:24:07.282976
[profile_attr] old_data=1275838001 delta_type=0 attr=gold delta_data=752860 userid=611 source=enhance time=2013-04-07_15:24:07.648425
[profile_attr] old_data=1275085141 delta_type=0 attr=gold delta_data=752860 userid=611 source=enhance time=2013-04-07_15:24:08.086666
[profile_attr] old_data=1274332281 delta_type=0 attr=gold delta_data=752860 userid=611 source=enhance time=2013-04-07_15:24:08.551670
[profile_attr] old_data=1273579421 delta_type=0 attr=gold delta_data=752860 userid=611 source=enhance time=2013-04-07_15:24:08.950549
[profile_attr] old_data=1272826561 delta_type=0 attr=gold delta_data=752860 userid=611 source=enhance time=2013-04-07_15:24:09.415617
[profile_attr] old_data=1272073701 delta_type=0 attr=gold delta_data=752860 userid=611 source=enhance time=2013-04-07_15:24:09.847697
[profile_attr] old_data=1271320841 delta_type=0 attr=gold delta_data=752860 userid=611 source=enhance time=2013-04-07_15:24:10.285079
[profile_attr] old_data=1270567981 delta_type=0 attr=gold delta_data=752860 userid=611 source=enhance time=2013-04-07_15:24:10.703947
[profile_attr] old_data=1269815121 delta_type=0 attr=gold delta_data=752860 userid=611 source=enhance time=2013-04-07_15:24:11.134847
[profile_attr] old_data=1269062261 delta_type=0 attr=gold delta_data=752860 userid=611 source=enhance time=2013-04-07_15:24:11.552337
[profile_attr] old_data=1268309401 delta_type=0 attr=gold delta_data=752860 userid=611 source=enhance time=2013-04-07_15:24:12.203982
[profile_attr] old_data=1267556541 delta_type=0 attr=gold delta_data=752860 userid=611 source=enhance time=2013-04-07_15:24:12.634516
[profile_attr] old_data=1266803681 delta_type=0 attr=gold delta_data=752860 userid=611 source=enhance time=2013-04-07_15:24:13.098822
[profile_attr] old_data=1266050821 delta_type=0 attr=gold delta_data=752860 userid=611 source=enhance time=2013-04-07_15:24:13.783046
[profile_attr] old_data=1265297961 delta_type=0 attr=gold delta_data=752860 userid=611 source=enhance time=2013-04-07_15:24:14.214916
[profile_attr] old_data=1264545101 delta_type=0 attr=gold delta_data=752860 userid=611 source=enhance time=2013-04-07_15:24:14.633880
[profile_attr] old_data=1263792241 delta_type=0 attr=gold delta_data=752860 userid=611 source=enhance time=2013-04-07_15:24:15.068489
[profile_attr] old_data=1263039381 delta_type=0 attr=gold delta_data=752860 userid=611 source=enhance time=2013-04-07_15:24:15.500245
[profile_attr] old_data=1262286521 delta_type=0 attr=gold delta_data=752860 userid=611 source=enhance time=2013-04-07_15:24:15.986553
[profile_attr] old_data=1261533661 delta_type=0 attr=gold delta_data=752860 userid=611 source=enhance time=2013-04-07_15:24:16.690255
[profile_attr] old_data=1260780801 delta_type=0 attr=gold delta_data=752860 userid=611 source=enhance time=2013-04-07_15:24:17.333059
[profile_attr] old_data=1260027941 delta_type=0 attr=gold delta_data=752860 userid=611 source=enhance time=2013-04-07_15:24:17.800722
[profile_attr] old_data=1259275081 delta_type=0 attr=gold delta_data=752860 userid=611 source=enhance time=2013-04-07_15:24:18.331533
[profile_attr] old_data=1258522221 delta_type=0 attr=gold delta_data=752860 userid=611 source=enhance time=2013-04-07_15:24:18.870585
[profile_attr] old_data=1257769361 delta_type=0 attr=gold delta_data=752860 userid=611 source=enhance time=2013-04-07_15:24:19.298155
[profile_attr] old_data=1257016501 delta_type=0 attr=gold delta_data=752860 userid=611 source=enhance time=2013-04-07_15:24:19.917251
[profile_attr] old_data=1256263641 delta_type=0 attr=gold delta_data=752860 userid=611 source=enhance time=2013-04-07_15:24:20.404428
[profile_attr] old_data=1255510781 delta_type=0 attr=gold delta_data=752860 userid=611 source=enhance time=2013-04-07_15:24:21.026071
[profile_attr] old_data=1254757921 delta_type=0 attr=gold delta_data=752860 userid=611 source=enhance time=2013-04-07_15:24:21.433938
[profile_attr] old_data=1254005061 delta_type=0 attr=gold delta_data=752860 userid=611 source=enhance time=2013-04-07_15:24:22.316341
[profile_attr] old_data=1253252201 delta_type=0 attr=gold delta_data=752860 userid=611 source=enhance time=2013-04-07_15:24:22.797548
[profile_attr] old_data=1252499341 delta_type=0 attr=gold delta_data=752860 userid=611 source=enhance time=2013-04-07_15:24:23.285714
[profile_attr] old_data=1251746481 delta_type=0 attr=gold delta_data=752860 userid=611 source=enhance time=2013-04-07_15:24:23.704265
[profile_attr] old_data=1250993621 delta_type=0 attr=gold delta_data=752860 userid=611 source=enhance time=2013-04-07_15:24:24.116738
[profile_attr] old_data=1250240761 delta_type=0 attr=gold delta_data=752860 userid=611 source=enhance time=2013-04-07_15:24:24.636852
[profile_attr] old_data=1249487901 delta_type=0 attr=gold delta_data=752860 userid=611 source=enhance time=2013-04-07_15:24:25.216457
[profile_attr] old_data=1248735041 delta_type=0 attr=gold delta_data=752860 userid=611 source=enhance time=2013-04-07_15:24:25.701631
[profile_attr] old_data=1247982181 delta_type=0 attr=gold delta_data=752860 userid=611 source=enhance time=2013-04-07_15:24:26.132289
[profile_attr] old_data=1247229321 delta_type=0 attr=gold delta_data=752860 userid=611 source=enhance time=2013-04-07_15:24:26.565833
[profile_attr] old_data=1246476461 delta_type=0 attr=gold delta_data=752860 userid=611 source=enhance time=2013-04-07_15:24:26.997347
[profile_attr] old_data=1245723601 delta_type=0 attr=gold delta_data=752860 userid=611 source=enhance time=2013-04-07_15:24:27.631798
[profile_attr] old_data=1244970741 delta_type=0 attr=gold delta_data=752860 userid=611 source=enhance time=2013-04-07_15:24:28.050938
[profile_attr] old_data=1244217881 delta_type=0 attr=gold delta_data=752860 userid=611 source=enhance time=2013-04-07_15:24:28.485771
[profile_attr] old_data=1243465021 delta_type=0 attr=gold delta_data=752860 userid=611 source=enhance time=2013-04-07_15:24:28.900739
[profile_attr] old_data=1242712161 delta_type=0 attr=gold delta_data=752860 userid=611 source=enhance time=2013-04-07_15:24:29.335333
[profile_attr] old_data=1241959301 delta_type=0 attr=gold delta_data=752860 userid=611 source=enhance time=2013-04-07_15:24:29.966387
[profile_attr] old_data=1241206441 delta_type=0 attr=gold delta_data=752860 userid=611 source=enhance time=2013-04-07_15:24:30.451160
[profile_attr] old_data=1240453581 delta_type=0 attr=gold delta_data=752860 userid=611 source=enhance time=2013-04-07_15:24:35.617820
[profile_attr] old_data=1239700721 delta_type=0 attr=gold delta_data=752860 userid=611 source=enhance time=2013-04-07_15:24:36.183295
[profile_attr] old_data=1238947861 delta_type=0 attr=gold delta_data=752860 userid=611 source=enhance time=2013-04-07_15:24:36.615649
[profile_attr] old_data=1238195001 delta_type=0 attr=gold delta_data=752860 userid=611 source=enhance time=2013-04-07_15:24:37.037756
[profile_attr] old_data=1237442141 delta_type=0 attr=gold delta_data=752860 userid=611 source=enhance time=2013-04-07_15:24:37.517114
[profile_attr] old_data=1236689281 delta_type=0 attr=gold delta_data=752860 userid=611 source=enhance time=2013-04-07_15:24:37.957611
[profile_attr] old_data=1235936421 delta_type=0 attr=gold delta_data=752860 userid=611 source=enhance time=2013-04-07_15:24:38.436306
[profile_attr] old_data=1235183561 delta_type=0 attr=gold delta_data=752860 userid=611 source=enhance time=2013-04-07_15:24:38.866917
[profile_attr] old_data=1234430701 delta_type=0 attr=gold delta_data=752860 userid=611 source=enhance time=2013-04-07_15:24:39.308127
[profile_attr] old_data=1233677841 delta_type=0 attr=gold delta_data=752860 userid=611 source=enhance time=2013-04-07_15:24:39.816296
[profile_attr] old_data=1232924981 delta_type=0 attr=gold delta_data=752860 userid=611 source=enhance time=2013-04-07_15:24:40.450206
[profile_attr] old_data=1232172121 delta_type=0 attr=gold delta_data=752860 userid=611 source=enhance time=2013-04-07_15:24:40.981958
[profile_attr] old_data=1231419261 delta_type=0 attr=gold delta_data=752860 userid=611 source=enhance time=2013-04-07_15:24:41.501561
[profile_attr] old_data=1230666401 delta_type=0 attr=gold delta_data=752860 userid=611 source=enhance time=2013-04-07_15:24:42.117757
[profile_attr] old_data=1229913541 delta_type=0 attr=gold delta_data=752860 userid=611 source=enhance time=2013-04-07_15:24:42.605116
[profile_attr] old_data=1229160681 delta_type=0 attr=gold delta_data=752860 userid=611 source=enhance time=2013-04-07_15:24:43.085612
[profile_attr] old_data=1228407821 delta_type=0 attr=gold delta_data=752860 userid=611 source=enhance time=2013-04-07_15:24:45.384418
[profile_attr] old_data=1227654961 delta_type=0 attr=gold delta_data=752860 userid=611 source=enhance time=2013-04-07_15:24:45.799887
[profile_attr] old_data=1226902101 delta_type=0 attr=gold delta_data=752860 userid=611 source=enhance time=2013-04-07_15:24:46.235220
[profile_attr] old_data=1226149241 delta_type=0 attr=gold delta_data=752860 userid=611 source=enhance time=2013-04-07_15:24:46.719255
[profile_attr] old_data=1225396381 delta_type=0 attr=gold delta_data=752860 userid=611 source=enhance time=2013-04-07_15:24:47.152044
[profile_attr] old_data=1224643521 delta_type=0 attr=gold delta_data=752860 userid=611 source=enhance time=2013-04-07_15:24:47.615161
[profile_attr] old_data=1223890661 delta_type=0 attr=gold delta_data=752860 userid=611 source=enhance time=2013-04-07_15:24:48.041155
[profile_attr] old_data=1223137801 delta_type=0 attr=gold delta_data=752860 userid=611 source=enhance time=2013-04-07_15:24:48.467344
[profile_attr] old_data=1222384941 delta_type=0 attr=gold delta_data=752860 userid=611 source=enhance time=2013-04-07_15:24:48.851622
[profile_attr] old_data=1221632081 delta_type=0 attr=gold delta_data=752860 userid=611 source=enhance time=2013-04-07_15:24:49.386795
[profile_attr] old_data=1220879221 delta_type=0 attr=gold delta_data=752860 userid=611 source=enhance time=2013-04-07_15:24:50.005665
[profile_attr] old_data=1220126361 delta_type=0 attr=gold delta_data=752860 userid=611 source=enhance time=2013-04-07_15:24:50.733687
[profile_attr] old_data=1219373501 delta_type=0 attr=gold delta_data=752860 userid=611 source=enhance time=2013-04-07_15:24:51.365304
[profile_attr] old_data=1218620641 delta_type=0 attr=gold delta_data=752860 userid=611 source=enhance time=2013-04-07_15:24:51.885088
[profile_attr] old_data=1217867781 delta_type=0 attr=gold delta_data=752860 userid=611 source=enhance time=2013-04-07_15:24:52.399030
[profile_attr] old_data=1217114921 delta_type=0 attr=gold delta_data=752860 userid=611 source=enhance time=2013-04-07_15:24:52.818119
[profile_attr] old_data=1216362061 delta_type=0 attr=gold delta_data=752860 userid=611 source=enhance time=2013-04-07_15:24:53.749272
[profile_attr] old_data=1215609201 delta_type=0 attr=gold delta_data=752860 userid=611 source=enhance time=2013-04-07_15:24:54.387861
[profile_attr] old_data=1214856341 delta_type=0 attr=gold delta_data=752860 userid=611 source=enhance time=2013-04-07_15:24:54.867907
[profile_attr] old_data=1214103481 delta_type=0 attr=gold delta_data=752860 userid=611 source=enhance time=2013-04-07_15:24:55.354020
[profile_attr] old_data=1213350621 delta_type=0 attr=gold delta_data=752860 userid=611 source=enhance time=2013-04-07_15:24:55.785205
[profile_attr] old_data=1212597761 delta_type=0 attr=gold delta_data=752860 userid=611 source=enhance time=2013-04-07_15:24:56.403072
[profile_attr] old_data=1211844901 delta_type=0 attr=gold delta_data=752860 userid=611 source=enhance time=2013-04-07_15:24:57.041120
[profile_attr] old_data=1211092041 delta_type=0 attr=gold delta_data=752860 userid=611 source=enhance time=2013-04-07_15:24:57.468069
[profile_attr] old_data=1210339181 delta_type=0 attr=gold delta_data=752860 userid=611 source=enhance time=2013-04-07_15:24:57.908819
[profile_attr] old_data=1209586321 delta_type=0 attr=gold delta_data=752860 userid=611 source=enhance time=2013-04-07_15:24:58.517286
[profile_attr] old_data=1208833461 delta_type=0 attr=gold delta_data=752860 userid=611 source=enhance time=2013-04-07_15:24:59.002092
[profile_attr] old_data=1208080601 delta_type=0 attr=gold delta_data=752860 userid=611 source=enhance time=2013-04-07_15:24:59.493939
[profile_attr] old_data=1207327741 delta_type=0 attr=gold delta_data=752860 userid=611 source=enhance time=2013-04-07_15:25:00.158307
[profile_attr] old_data=1206574881 delta_type=0 attr=gold delta_data=752860 userid=611 source=enhance time=2013-04-07_15:25:00.634784
[profile_attr] old_data=1205822021 delta_type=0 attr=gold delta_data=752860 userid=611 source=enhance time=2013-04-07_15:25:01.120667
[profile_attr] old_data=1205069161 delta_type=0 attr=gold delta_data=752860 userid=611 source=enhance time=2013-04-07_15:25:01.600363
[profile_attr] old_data=1204316301 delta_type=0 attr=gold delta_data=752860 userid=611 source=enhance time=2013-04-07_15:25:02.088903
[profile_attr] old_data=1203563441 delta_type=0 attr=gold delta_data=752860 userid=611 source=enhance time=2013-04-07_15:25:02.503354
[profile_attr] old_data=1202810581 delta_type=0 attr=gold delta_data=752860 userid=611 source=enhance time=2013-04-07_15:25:02.936849
[profile_attr] old_data=1202057721 delta_type=0 attr=gold delta_data=752860 userid=611 source=enhance time=2013-04-07_15:25:03.418309
[profile_attr] old_data=1201304861 delta_type=0 attr=gold delta_data=752860 userid=611 source=enhance time=2013-04-07_15:25:03.839084
[profile_attr] old_data=1200552001 delta_type=0 attr=gold delta_data=752860 userid=611 source=enhance time=2013-04-07_15:25:04.318168
[profile_attr] old_data=1199799141 delta_type=0 attr=gold delta_data=752860 userid=611 source=enhance time=2013-04-07_15:25:23.253626
[profile_attr] old_data=1199046281 delta_type=0 attr=gold delta_data=752860 userid=611 source=enhance time=2013-04-07_15:25:25.386331
[profile_attr] old_data=1198293421 delta_type=0 attr=gold delta_data=752860 userid=611 source=enhance time=2013-04-07_15:25:25.970384
[profile_attr] old_data=1197540561 delta_type=0 attr=gold delta_data=752860 userid=611 source=enhance time=2013-04-07_15:25:26.405166
[profile_attr] old_data=1196787701 delta_type=0 attr=gold delta_data=752860 userid=611 source=enhance time=2013-04-07_15:25:26.971066
[profile_attr] old_data=1196034841 delta_type=0 attr=gold delta_data=752860 userid=611 source=enhance time=2013-04-07_15:25:27.406848
[profile_attr] old_data=1195281981 delta_type=0 attr=gold delta_data=752860 userid=611 source=enhance time=2013-04-07_15:25:27.987262
[profile_attr] old_data=1194529121 delta_type=0 attr=gold delta_data=752860 userid=611 source=enhance time=2013-04-07_15:25:28.617370
[profile_attr] old_data=1193776261 delta_type=0 attr=gold delta_data=752860 userid=611 source=enhance time=2013-04-07_15:25:29.257240
[profile_attr] old_data=1193023401 delta_type=0 attr=gold delta_data=752860 userid=611 source=enhance time=2013-04-07_15:25:29.888399
[profile_attr] old_data=1192270541 delta_type=0 attr=gold delta_data=752860 userid=611 source=enhance time=2013-04-07_15:25:30.317693
[profile_attr] old_data=1191517681 delta_type=0 attr=gold delta_data=752860 userid=611 source=enhance time=2013-04-07_15:25:30.917985
[profile_attr] old_data=3184300 delta_type=0 attr=attr_3 delta_data=307000.0 userid=1265 source=upgrade time=2013-04-07_15:25:39.206202
[profile_attr] old_data=2877300 delta_type=0 attr=attr_3 delta_data=348900.0 userid=1265 source=upgrade time=2013-04-07_15:25:41.286487
[profile_attr] old_data=2528400 delta_type=0 attr=attr_3 delta_data=392900.0 userid=1265 source=upgrade time=2013-04-07_15:25:43.338274
[profile_attr] old_data=1190764821 delta_type=0 attr=gold delta_data=752860 userid=611 source=enhance time=2013-04-07_15:25:43.404978
[profile_attr] old_data=1190011961 delta_type=0 attr=gold delta_data=752860 userid=611 source=enhance time=2013-04-07_15:25:43.904824
[profile_attr] old_data=1189259101 delta_type=0 attr=gold delta_data=752860 userid=611 source=enhance time=2013-04-07_15:25:44.320228
[profile_attr] old_data=2135500 delta_type=0 attr=attr_3 delta_data=438700.0 userid=1265 source=upgrade time=2013-04-07_15:25:44.853869
[profile_attr] old_data=1696800 delta_type=0 attr=attr_3 delta_data=486400.0 userid=1265 source=upgrade time=2013-04-07_15:25:46.303441
[profile_attr] old_data=1210400 delta_type=0 attr=attr_3 delta_data=536000.0 userid=1265 source=upgrade time=2013-04-07_15:25:47.602832
[profile_attr] old_data=1188506241 delta_type=0 attr=gold delta_data=752860 userid=611 source=enhance time=2013-04-07_15:25:48.824733
[profile_attr] old_data=674400 delta_type=0 attr=attr_3 delta_data=587300.0 userid=1265 source=upgrade time=2013-04-07_15:25:49.086594
[profile_attr] old_data=1187753381 delta_type=0 attr=gold delta_data=752860 userid=611 source=enhance time=2013-04-07_15:25:49.506407
[profile_attr] old_data=1187000521 delta_type=0 attr=gold delta_data=752860 userid=611 source=enhance time=2013-04-07_15:25:50.126880
[profile_attr] old_data=1186247661 delta_type=0 attr=gold delta_data=752860 userid=611 source=enhance time=2013-04-07_15:25:50.822432
[profile_attr] old_data=1185494801 delta_type=0 attr=gold delta_data=752860 userid=611 source=enhance time=2013-04-07_15:25:51.441007
[profile_attr] old_data=1184741941 delta_type=0 attr=gold delta_data=752860 userid=611 source=enhance time=2013-04-07_15:25:51.875223
[profile_attr] old_data=1183989081 delta_type=0 attr=gold delta_data=752860 userid=611 source=enhance time=2013-04-07_15:25:52.306332
[profile_attr] old_data=1183236221 delta_type=0 attr=gold delta_data=752860 userid=611 source=enhance time=2013-04-07_15:25:53.023813
[profile_attr] old_data=1182483361 delta_type=0 attr=gold delta_data=752860 userid=611 source=enhance time=2013-04-07_15:25:53.509010
[profile_attr] old_data=1181730501 delta_type=0 attr=gold delta_data=752860 userid=611 source=enhance time=2013-04-07_15:25:53.986994
[profile_attr] old_data=1180977641 delta_type=0 attr=gold delta_data=752860 userid=611 source=enhance time=2013-04-07_15:25:54.471889
[profile_attr] old_data=1180224781 delta_type=0 attr=gold delta_data=752860 userid=611 source=enhance time=2013-04-07_15:25:54.851465
[profile_attr] old_data=1179471921 delta_type=0 attr=gold delta_data=752860 userid=611 source=enhance time=2013-04-07_15:25:55.385574
[profile_attr] old_data=1178719061 delta_type=0 attr=gold delta_data=752860 userid=611 source=enhance time=2013-04-07_15:25:55.822502
[profile_attr] old_data=1177966201 delta_type=0 attr=gold delta_data=752860 userid=611 source=enhance time=2013-04-07_15:25:56.311198
[profile_attr] old_data=1177213341 delta_type=0 attr=gold delta_data=752860 userid=611 source=enhance time=2013-04-07_15:25:56.985553
[profile_attr] old_data=1176460481 delta_type=0 attr=gold delta_data=752860 userid=611 source=enhance time=2013-04-07_15:25:57.469482
[profile_attr] old_data=1175707621 delta_type=0 attr=gold delta_data=752860 userid=611 source=enhance time=2013-04-07_15:25:58.104341
[profile_attr] old_data=1174954761 delta_type=0 attr=gold delta_data=752860 userid=611 source=enhance time=2013-04-07_15:25:58.572738
[profile_attr] old_data=1174201901 delta_type=0 attr=gold delta_data=752860 userid=611 source=enhance time=2013-04-07_15:25:59.103334
[profile_attr] old_data=1173449041 delta_type=0 attr=gold delta_data=752860 userid=611 source=enhance time=2013-04-07_15:25:59.524411
[profile_attr] old_data=1172696181 delta_type=0 attr=gold delta_data=752860 userid=611 source=enhance time=2013-04-07_15:26:00.005956
[profile_attr] old_data=1171943321 delta_type=0 attr=gold delta_data=752860 userid=611 source=enhance time=2013-04-07_15:26:00.635465
[profile_attr] old_data=1171190461 delta_type=0 attr=gold delta_data=752860 userid=611 source=enhance time=2013-04-07_15:26:01.219417
[profile_attr] old_data=1170437601 delta_type=0 attr=gold delta_data=752860 userid=611 source=enhance time=2013-04-07_15:26:01.687436
[profile_attr] old_data=1169684741 delta_type=0 attr=gold delta_data=752860 userid=611 source=enhance time=2013-04-07_15:26:03.940343
[profile_attr] old_data=1168931881 delta_type=0 attr=gold delta_data=752860 userid=611 source=enhance time=2013-04-07_15:26:04.608888
[profile_attr] old_data=1168179021 delta_type=0 attr=gold delta_data=752860 userid=611 source=enhance time=2013-04-07_15:26:05.239522
[profile_attr] old_data=1167426161 delta_type=0 attr=gold delta_data=752860 userid=611 source=enhance time=2013-04-07_15:26:05.972995
[profile_attr] old_data=1166673301 delta_type=0 attr=gold delta_data=752860 userid=611 source=enhance time=2013-04-07_15:26:06.702644
[profile_attr] old_data=1165920441 delta_type=0 attr=gold delta_data=752860 userid=611 source=enhance time=2013-04-07_15:26:07.320774
[profile_attr] old_data=1165167581 delta_type=0 attr=gold delta_data=752860 userid=611 source=enhance time=2013-04-07_15:26:07.954436
[profile_attr] old_data=1164414721 delta_type=0 attr=gold delta_data=752860 userid=611 source=enhance time=2013-04-07_15:26:08.621280
[profile_attr] old_data=1163661861 delta_type=0 attr=gold delta_data=752860 userid=611 source=enhance time=2013-04-07_15:26:09.110076
[profile_attr] old_data=1162909001 delta_type=0 attr=gold delta_data=752860 userid=611 source=enhance time=2013-04-07_15:26:09.738825
[profile_attr] old_data=1162156141 delta_type=0 attr=gold delta_data=752860 userid=611 source=enhance time=2013-04-07_15:26:10.205745
[profile_attr] old_data=1161403281 delta_type=0 attr=gold delta_data=752860 userid=611 source=enhance time=2013-04-07_15:26:10.638421
[profile_attr] old_data=1160650421 delta_type=0 attr=gold delta_data=752860 userid=611 source=enhance time=2013-04-07_15:26:11.074725
[profile_attr] old_data=1159897561 delta_type=0 attr=gold delta_data=752860 userid=611 source=enhance time=2013-04-07_15:26:11.505534
[profile_attr] old_data=1159144701 delta_type=0 attr=gold delta_data=752860 userid=611 source=enhance time=2013-04-07_15:26:11.934975
[profile_attr] old_data=1158391841 delta_type=0 attr=gold delta_data=752860 userid=611 source=enhance time=2013-04-07_15:26:12.474440
[profile_attr] old_data=1157638981 delta_type=0 attr=gold delta_data=752860 userid=611 source=enhance time=2013-04-07_15:26:13.202171
[profile_attr] old_data=1156886121 delta_type=0 attr=gold delta_data=752860 userid=611 source=enhance time=2013-04-07_15:26:13.890344
[profile_attr] old_data=1156133261 delta_type=0 attr=gold delta_data=752860 userid=611 source=enhance time=2013-04-07_15:26:14.302747
[profile_attr] old_data=1155380401 delta_type=0 attr=gold delta_data=752860 userid=611 source=enhance time=2013-04-07_15:26:14.836445
[profile_attr] old_data=1154627541 delta_type=0 attr=gold delta_data=752860 userid=611 source=enhance time=2013-04-07_15:26:15.575856
[profile_attr] old_data=1153874681 delta_type=0 attr=gold delta_data=752860 userid=611 source=enhance time=2013-04-07_15:26:16.059021
[profile_attr] old_data=1153121821 delta_type=0 attr=gold delta_data=752860 userid=611 source=enhance time=2013-04-07_15:26:16.499882
[profile_attr] old_data=1152368961 delta_type=0 attr=gold delta_data=752860 userid=611 source=enhance time=2013-04-07_15:26:16.973632
[profile_attr] old_data=1151616101 delta_type=0 attr=gold delta_data=752860 userid=611 source=enhance time=2013-04-07_15:26:17.408288
[profile_attr] old_data=1150863241 delta_type=0 attr=gold delta_data=752860 userid=611 source=enhance time=2013-04-07_15:26:18.076137
[profile_attr] old_data=1150110381 delta_type=0 attr=gold delta_data=752860 userid=611 source=enhance time=2013-04-07_15:26:22.267928
[profile_attr] old_data=1149357521 delta_type=0 attr=gold delta_data=752860 userid=611 source=enhance time=2013-04-07_15:26:22.711488
[profile_attr] old_data=1148604661 delta_type=0 attr=gold delta_data=752860 userid=611 source=enhance time=2013-04-07_15:26:23.234973
[profile_attr] old_data=1147851801 delta_type=0 attr=gold delta_data=752860 userid=611 source=enhance time=2013-04-07_15:26:24.140620
[profile_attr] old_data=1147098941 delta_type=0 attr=gold delta_data=752860 userid=611 source=enhance time=2013-04-07_15:26:24.846800
[profile_attr] old_data=1146346081 delta_type=0 attr=gold delta_data=752860 userid=611 source=enhance time=2013-04-07_15:26:25.653758
[profile_attr] old_data=1145593221 delta_type=0 attr=gold delta_data=752860 userid=611 source=enhance time=2013-04-07_15:26:26.222435
[profile_attr] old_data=1144840361 delta_type=0 attr=gold delta_data=752860 userid=611 source=enhance time=2013-04-07_15:26:26.999498
[profile_attr] old_data=1144087501 delta_type=0 attr=gold delta_data=752860 userid=611 source=enhance time=2013-04-07_15:26:27.572078
[profile_attr] old_data=1143334641 delta_type=0 attr=gold delta_data=752860 userid=611 source=enhance time=2013-04-07_15:26:28.058655
[profile_attr] old_data=1142581781 delta_type=0 attr=gold delta_data=752860 userid=611 source=enhance time=2013-04-07_15:26:28.471667
[profile_attr] old_data=1141828921 delta_type=0 attr=gold delta_data=752860 userid=611 source=enhance time=2013-04-07_15:26:28.903969
[profile_attr] old_data=1141076061 delta_type=0 attr=gold delta_data=752860 userid=611 source=enhance time=2013-04-07_15:26:29.338738
[profile_attr] old_data=1140323201 delta_type=0 attr=gold delta_data=752860 userid=611 source=enhance time=2013-04-07_15:26:29.771962
[profile_attr] old_data=1139570341 delta_type=0 attr=gold delta_data=752860 userid=611 source=enhance time=2013-04-07_15:26:30.287939
[profile_attr] old_data=1138817481 delta_type=0 attr=gold delta_data=752860 userid=611 source=enhance time=2013-04-07_15:26:30.744919
[profile_attr] old_data=1138064621 delta_type=0 attr=gold delta_data=752860 userid=611 source=enhance time=2013-04-07_15:26:31.154560
[profile_attr] old_data=1137311761 delta_type=0 attr=gold delta_data=752860 userid=611 source=enhance time=2013-04-07_15:26:31.689605
[profile_attr] old_data=1136558901 delta_type=0 attr=gold delta_data=752860 userid=611 source=enhance time=2013-04-07_15:26:32.155327
[profile_attr] old_data=1135806041 delta_type=0 attr=gold delta_data=752860 userid=611 source=enhance time=2013-04-07_15:26:32.590563
[profile_attr] old_data=1135053181 delta_type=0 attr=gold delta_data=752860 userid=611 source=enhance time=2013-04-07_15:26:33.126344
[profile_attr] old_data=1134300321 delta_type=0 attr=gold delta_data=752860 userid=611 source=enhance time=2013-04-07_15:26:33.602788
[profile_attr] old_data=1133547461 delta_type=0 attr=gold delta_data=752860 userid=611 source=enhance time=2013-04-07_15:26:34.226510
[profile_attr] old_data=1132794601 delta_type=0 attr=gold delta_data=752860 userid=611 source=enhance time=2013-04-07_15:26:37.623216
[profile_attr] old_data=1132041741 delta_type=0 attr=gold delta_data=752860 userid=611 source=enhance time=2013-04-07_15:26:38.107241
[profile_attr] old_data=1131288881 delta_type=0 attr=gold delta_data=752860 userid=611 source=enhance time=2013-04-07_15:26:38.587439
[profile_attr] old_data=1130536021 delta_type=0 attr=gold delta_data=752860 userid=611 source=enhance time=2013-04-07_15:26:39.021167
[profile_attr] old_data=1129783161 delta_type=0 attr=gold delta_data=752860 userid=611 source=enhance time=2013-04-07_15:26:39.541465
[profile_attr] old_data=1129030301 delta_type=0 attr=gold delta_data=752860 userid=611 source=enhance time=2013-04-07_15:26:39.973050
[profile_attr] old_data=1128277441 delta_type=0 attr=gold delta_data=752860 userid=611 source=enhance time=2013-04-07_15:26:40.542467
[profile_attr] old_data=1127524581 delta_type=0 attr=gold delta_data=752860 userid=611 source=enhance time=2013-04-07_15:26:42.370373
[profile_attr] old_data=1126771721 delta_type=0 attr=gold delta_data=752860 userid=611 source=enhance time=2013-04-07_15:26:42.752894
[profile_attr] old_data=1126018861 delta_type=0 attr=gold delta_data=752860 userid=611 source=enhance time=2013-04-07_15:26:43.170500
[profile_attr] old_data=1125266001 delta_type=0 attr=gold delta_data=752860 userid=611 source=enhance time=2013-04-07_15:26:43.591332
[profile_attr] old_data=1124513141 delta_type=0 attr=gold delta_data=752860 userid=611 source=enhance time=2013-04-07_15:26:44.027340
[profile_attr] old_data=1123760281 delta_type=0 attr=gold delta_data=752860 userid=611 source=enhance time=2013-04-07_15:26:44.607083
[profile_attr] old_data=1123007421 delta_type=0 attr=gold delta_data=752860 userid=611 source=enhance time=2013-04-07_15:26:45.043409
[profile_attr] old_data=1122254561 delta_type=0 attr=gold delta_data=752860 userid=611 source=enhance time=2013-04-07_15:26:45.655214
[profile_attr] old_data=1121501701 delta_type=0 attr=gold delta_data=752860 userid=611 source=enhance time=2013-04-07_15:26:46.106871
[profile_attr] old_data=1120748841 delta_type=0 attr=gold delta_data=752860 userid=611 source=enhance time=2013-04-07_15:26:46.725323
[profile_attr] old_data=1119995981 delta_type=0 attr=gold delta_data=752860 userid=611 source=enhance time=2013-04-07_15:26:47.105041
[profile_attr] old_data=1119243121 delta_type=0 attr=gold delta_data=752860 userid=611 source=enhance time=2013-04-07_15:26:47.522671
[profile_attr] old_data=1118490261 delta_type=0 attr=gold delta_data=752860 userid=611 source=enhance time=2013-04-07_15:26:47.955532
[profile_attr] old_data=1117737401 delta_type=0 attr=gold delta_data=752860 userid=611 source=enhance time=2013-04-07_15:26:48.522729
[profile_attr] old_data=1116984541 delta_type=0 attr=gold delta_data=752860 userid=611 source=enhance time=2013-04-07_15:26:54.720266
[profile_attr] old_data=1116231681 delta_type=0 attr=gold delta_data=752860 userid=611 source=enhance time=2013-04-07_15:26:55.105174
[profile_attr] old_data=1115478821 delta_type=0 attr=gold delta_data=752860 userid=611 source=enhance time=2013-04-07_15:26:55.521475
[profile_attr] old_data=1114725961 delta_type=0 attr=gold delta_data=752860 userid=611 source=enhance time=2013-04-07_15:26:56.140729
[profile_attr] old_data=1113973101 delta_type=0 attr=gold delta_data=752860 userid=611 source=enhance time=2013-04-07_15:26:56.572095
[profile_attr] old_data=1113220241 delta_type=0 attr=gold delta_data=752860 userid=611 source=enhance time=2013-04-07_15:26:57.057739
[profile_attr] old_data=1112467381 delta_type=0 attr=gold delta_data=752860 userid=611 source=enhance time=2013-04-07_15:26:57.687844
[profile_attr] old_data=1111714521 delta_type=0 attr=gold delta_data=752860 userid=611 source=enhance time=2013-04-07_15:26:58.178182
[profile_attr] old_data=1110961661 delta_type=0 attr=gold delta_data=752860 userid=611 source=enhance time=2013-04-07_15:26:58.839026
[profile_attr] old_data=1110208801 delta_type=0 attr=gold delta_data=752860 userid=611 source=enhance time=2013-04-07_15:26:59.307037
[profile_attr] old_data=1109455941 delta_type=0 attr=gold delta_data=752860 userid=611 source=enhance time=2013-04-07_15:26:59.975304
[profile_attr] old_data=1108703081 delta_type=0 attr=gold delta_data=752860 userid=611 source=enhance time=2013-04-07_15:27:00.456024
[profile_attr] old_data=1107950221 delta_type=0 attr=gold delta_data=752860 userid=611 source=enhance time=2013-04-07_15:27:00.891659
[profile_attr] old_data=1107197361 delta_type=0 attr=gold delta_data=752860 userid=611 source=enhance time=2013-04-07_15:27:02.208188
[profile_attr] old_data=1106444501 delta_type=0 attr=gold delta_data=752860 userid=611 source=enhance time=2013-04-07_15:27:02.889867
[profile_attr] old_data=1105691641 delta_type=0 attr=gold delta_data=752860 userid=611 source=enhance time=2013-04-07_15:27:03.372294
[profile_attr] old_data=1104938781 delta_type=0 attr=gold delta_data=752860 userid=611 source=enhance time=2013-04-07_15:27:03.890716
[profile_attr] old_data=1104185921 delta_type=0 attr=gold delta_data=752860 userid=611 source=enhance time=2013-04-07_15:27:04.357634
[profile_attr] old_data=1103433061 delta_type=0 attr=gold delta_data=752860 userid=611 source=enhance time=2013-04-07_15:27:04.803332
[profile_attr] old_data=1102680201 delta_type=0 attr=gold delta_data=752860 userid=611 source=enhance time=2013-04-07_15:27:05.221619
[profile_attr] old_data=1101927341 delta_type=0 attr=gold delta_data=752860 userid=611 source=enhance time=2013-04-07_15:27:05.703626
[profile_attr] old_data=1101174481 delta_type=0 attr=gold delta_data=752860 userid=611 source=enhance time=2013-04-07_15:27:06.120234
[profile_attr] old_data=1100421621 delta_type=0 attr=gold delta_data=752860 userid=611 source=enhance time=2013-04-07_15:27:06.707668
[profile_attr] old_data=1099668761 delta_type=0 attr=gold delta_data=752860 userid=611 source=enhance time=2013-04-07_15:27:07.220964
[profile_attr] old_data=1098915901 delta_type=0 attr=gold delta_data=752860 userid=611 source=enhance time=2013-04-07_15:27:07.689626
[profile_attr] old_data=1098163041 delta_type=0 attr=gold delta_data=752860 userid=611 source=enhance time=2013-04-07_15:27:08.171725
[profile_attr] old_data=1097410181 delta_type=0 attr=gold delta_data=752860 userid=611 source=enhance time=2013-04-07_15:27:08.603494
[profile_attr] old_data=1096657321 delta_type=0 attr=gold delta_data=752860 userid=611 source=enhance time=2013-04-07_15:27:09.020595
[profile_attr] old_data=1095904461 delta_type=0 attr=gold delta_data=752860 userid=611 source=enhance time=2013-04-07_15:27:09.505708
[profile_attr] old_data=1095151601 delta_type=0 attr=gold delta_data=752860 userid=611 source=enhance time=2013-04-07_15:27:09.976329
[profile_attr] old_data=1094398741 delta_type=0 attr=gold delta_data=752860 userid=611 source=enhance time=2013-04-07_15:27:10.457814
[profile_attr] old_data=1093645881 delta_type=0 attr=gold delta_data=752860 userid=611 source=enhance time=2013-04-07_15:27:10.955857
[profile_attr] old_data=1092893021 delta_type=0 attr=gold delta_data=752860 userid=611 source=enhance time=2013-04-07_15:27:11.472738
[profile_attr] old_data=1092140161 delta_type=0 attr=gold delta_data=752860 userid=611 source=enhance time=2013-04-07_15:27:11.955683
[profile_attr] old_data=1091387301 delta_type=0 attr=gold delta_data=752860 userid=611 source=enhance time=2013-04-07_15:27:12.421577
[profile_attr] old_data=1090634441 delta_type=0 attr=gold delta_data=752860 userid=611 source=enhance time=2013-04-07_15:27:12.955149
[profile_attr] old_data=1089881581 delta_type=0 attr=gold delta_data=752860 userid=611 source=enhance time=2013-04-07_15:27:13.423134
[profile_attr] old_data=1089128721 delta_type=0 attr=gold delta_data=752860 userid=611 source=enhance time=2013-04-07_15:27:13.940290
[profile_attr] old_data=1088375861 delta_type=0 attr=gold delta_data=752860 userid=611 source=enhance time=2013-04-07_15:27:14.437474
[profile_attr] old_data=1087623001 delta_type=0 attr=gold delta_data=752860 userid=611 source=enhance time=2013-04-07_15:27:14.907051
[profile_attr] old_data=1086870141 delta_type=0 attr=gold delta_data=752860 userid=611 source=enhance time=2013-04-07_15:27:15.338294
[profile_attr] old_data=1086117281 delta_type=0 attr=gold delta_data=752860 userid=611 source=enhance time=2013-04-07_15:27:15.805727
[profile_attr] old_data=1085364421 delta_type=0 attr=gold delta_data=752860 userid=611 source=enhance time=2013-04-07_15:27:16.509749
[profile_attr] old_data=1084611561 delta_type=1 attr=gold delta_data=1419342 userid=611 source=dump_data time=2013-04-07_15:28:46.966769
[profile_attr] old_data=13528 delta_type=1 attr=hp delta_data=-13528 userid=611 source=dump_data time=2013-04-07_15:28:46.967653
[profile_attr] old_data=49738 delta_type=0 attr=token delta_data=10 userid=611 source=revive time=2013-04-07_15:28:47.081766
[profile_attr] old_data=0 delta_type=1 attr=hp delta_data=41544 userid=611 source=dump_data time=2013-04-07_15:29:02.490272
[profile_attr] old_data=87100 delta_type=1 attr=attr_3 delta_data=242700 userid=1265 source=dump_data time=2013-04-07_15:29:09.343859
[profile_attr] old_data=39645 delta_type=1 attr=hp delta_data=1750 userid=1265 source=dump_data time=2013-04-07_15:29:09.345632
[profile_attr] old_data=1555 delta_type=1 attr=maze_info delta_data=236 userid=1265 source=dump_data time=2013-04-07_15:29:09.346174
[profile_attr] old_data=1 delta_type=1 attr=mount_status delta_data=-1 userid=1265 source=dump_data time=2013-04-07_15:29:09.346471
[profile_attr] old_data=0 delta_type=1 attr=pet_status delta_data=1 userid=611 source=dump_data time=2013-04-07_15:29:11.214710
[profile_attr] old_data=109999 delta_type=0 attr=attr_3 delta_data=5800.0 userid=611 source=upgrade time=2013-04-07_15:29:11.277420
[profile_attr] old_data=104199 delta_type=0 attr=attr_3 delta_data=17500.0 userid=611 source=upgrade time=2013-04-07_15:29:11.593319
[profile_attr] old_data=86699 delta_type=0 attr=attr_3 delta_data=33400.0 userid=611 source=upgrade time=2013-04-07_15:29:12.176285
[profile_attr] old_data=53299 delta_type=0 attr=attr_3 delta_data=52900.0 userid=611 source=upgrade time=2013-04-07_15:29:12.512219
[profile_attr] old_data=1086030903 delta_type=1 attr=gold delta_data=199759 userid=611 source=dump_data time=2013-04-07_15:29:43.337261
[profile_attr] old_data=41544 delta_type=1 attr=hp delta_data=-2651 userid=611 source=dump_data time=2013-04-07_15:29:43.337831
[profile_attr] old_data=38893 delta_type=1 attr=hp delta_data=4551 userid=611 source=dump_data time=2013-04-07_15:30:07.045768
[profile_attr] old_data=399 delta_type=1 attr=attr_3 delta_data=23200 userid=611 source=dump_data time=2013-04-07_15:30:43.246848
[profile_attr] old_data=383 delta_type=1 attr=maze_info delta_data=128 userid=611 source=dump_data time=2013-04-07_15:30:43.249105
[profile_attr] old_data=23599 delta_type=1 attr=attr_3 delta_data=38700 userid=611 source=dump_data time=2013-04-07_15:31:14.158175
[profile_attr] old_data=43444 delta_type=1 attr=hp delta_data=-171 userid=611 source=dump_data time=2013-04-07_15:31:14.159812
[profile_attr] old_data=511 delta_type=1 attr=maze_info delta_data=128 userid=611 source=dump_data time=2013-04-07_15:31:14.160389
[profile_attr] old_data=43273 delta_type=1 attr=hp delta_data=171 userid=611 source=dump_data time=2013-04-07_15:32:18.091897
[profile_attr] old_data=639 delta_type=1 attr=maze_info delta_data=-123 userid=611 source=dump_data time=2013-04-07_15:32:18.092506
[profile_attr] old_data=115199 delta_type=1 attr=attr_1 delta_data=3100 userid=611 source=dump_data time=2013-04-07_15:32:30.305690
[profile_attr] old_data=1086230662 delta_type=1 attr=gold delta_data=1100 userid=611 source=dump_data time=2013-04-07_15:32:30.306508
[profile_attr] old_data=99989 delta_type=0 attr=attr_10 delta_data=10 userid=611 source=enter time=2013-04-07_15:32:34.945452
[profile_attr] old_data=1086231762 delta_type=1 attr=gold delta_data=2 userid=611 source=dump_data time=2013-04-07_15:32:38.797029
[profile_attr] old_data=41395 delta_type=1 attr=hp delta_data=-41395 userid=1265 source=dump_data time=2013-04-07_15:33:33.175896
[profile_attr] old_data=1791 delta_type=1 attr=maze_info delta_data=-76 userid=1265 source=dump_data time=2013-04-07_15:33:33.176536
[profile_attr] old_data=3093 delta_type=0 attr=token delta_data=10 userid=1265 source=revive time=2013-04-07_15:33:33.351450
[profile_attr] old_data=62299 delta_type=1 attr=attr_3 delta_data=56100 userid=611 source=dump_data time=2013-04-07_15:34:32.708105
[profile_attr] old_data=516 delta_type=1 attr=maze_info delta_data=251 userid=611 source=dump_data time=2013-04-07_15:34:32.710273
[profile_attr] old_data=118399 delta_type=1 attr=attr_3 delta_data=75100 userid=611 source=dump_data time=2013-04-07_15:35:15.979904
[profile_attr] old_data=767 delta_type=1 attr=maze_info delta_data=128 userid=611 source=dump_data time=2013-04-07_15:35:15.982080
[profile_attr] old_data=8400 delta_type=1 attr=attr_1 delta_data=3300 userid=1142 source=dump_data time=2013-04-07_15:35:42.873973
[profile_attr] old_data=7634223 delta_type=1 attr=gold delta_data=1200 userid=1142 source=dump_data time=2013-04-07_15:35:42.874827
[profile_attr] old_data=0 delta_type=1 attr=mount_status delta_data=1 userid=1142 source=dump_data time=2013-04-07_15:35:42.876030
[profile_attr] old_data=44938 delta_type=0 attr=token delta_data=50 userid=1318 source=generate_player_store time=2013-04-07_15:36:35.167174
[profile_attr] old_data=44888 delta_type=0 attr=token delta_data=50 userid=1318 source=generate_player_store time=2013-04-07_15:36:39.789673
[profile_attr] old_data=5 delta_type=1 attr=attr_4 delta_data=200 userid=1317 source=loads_attachment time=2013-04-07_15:36:50.693327
[profile_attr] old_data=189462 delta_type=1 attr=gold delta_data=100000 userid=1317 source=loads_attachment time=2013-04-07_15:36:50.693442
[profile_attr] old_data=205 delta_type=1 attr=attr_4 delta_data=200 userid=1317 source=loads_attachment time=2013-04-07_15:36:50.694104
[profile_attr] old_data=289462 delta_type=1 attr=gold delta_data=100000 userid=1317 source=loads_attachment time=2013-04-07_15:36:50.694199
[profile_attr] old_data=405 delta_type=1 attr=attr_4 delta_data=200 userid=1317 source=loads_attachment time=2013-04-07_15:36:50.694848
[profile_attr] old_data=389462 delta_type=1 attr=gold delta_data=100000 userid=1317 source=loads_attachment time=2013-04-07_15:36:50.694944
[profile_attr] old_data=0 delta_type=1 attr=hp delta_data=41395 userid=1265 source=dump_data time=2013-04-07_15:37:04.107761
[profile_attr] old_data=6851 delta_type=0 attr=token delta_data=50 userid=1317 source=generate_player_store time=2013-04-07_15:37:08.630304
[profile_attr] old_data=44838 delta_type=0 attr=token delta_data=50 userid=1318 source=generate_player_store time=2013-04-07_15:37:26.101040
[profile_attr] old_data=44788 delta_type=0 attr=token delta_data=50 userid=1318 source=generate_player_store time=2013-04-07_15:38:03.553916
[profile_attr] old_data=44738 delta_type=0 attr=token delta_data=50 userid=1318 source=generate_player_store time=2013-04-07_15:38:06.237663
[profile_attr] old_data=41395 delta_type=1 attr=hp delta_data=-41395 userid=1265 source=dump_data time=2013-04-07_15:38:10.050259
[profile_attr] old_data=1715 delta_type=1 attr=maze_info delta_data=-33 userid=1265 source=dump_data time=2013-04-07_15:38:10.050889
[profile_attr] old_data=3083 delta_type=0 attr=token delta_data=10 userid=1265 source=revive time=2013-04-07_15:38:10.227632
[profile_attr] old_data=9630 delta_type=0 attr=token delta_data=10 userid=1142 source=update_farm time=2013-04-07_15:38:13.607393
[profile_attr] old_data=0 delta_type=1 attr=hp delta_data=41395 userid=1265 source=dump_data time=2013-04-07_15:38:36.416162
[profile_attr] old_data=108748364 delta_type=0 attr=gold delta_data=2000 userid=1265 source=combine time=2013-04-07_15:38:36.593348
[profile_attr] old_data=108746364 delta_type=0 attr=gold delta_data=2000 userid=1265 source=combine time=2013-04-07_15:38:38.142943
[profile_attr] old_data=108744364 delta_type=0 attr=gold delta_data=2000 userid=1265 source=combine time=2013-04-07_15:38:42.775605
[profile_attr] old_data=108742364 delta_type=0 attr=gold delta_data=2000 userid=1265 source=combine time=2013-04-07_15:38:46.725603
[profile_attr] old_data=108740364 delta_type=0 attr=gold delta_data=2000 userid=1265 source=combine time=2013-04-07_15:38:49.941892
[profile_attr] old_data=108738364 delta_type=0 attr=gold delta_data=2000 userid=1265 source=combine time=2013-04-07_15:38:52.592987
[profile_attr] old_data=108736364 delta_type=0 attr=gold delta_data=2000 userid=1265 source=combine time=2013-04-07_15:38:57.840987
[profile_attr] old_data=108734364 delta_type=0 attr=gold delta_data=2000 userid=1265 source=combine time=2013-04-07_15:39:01.391674
[profile_attr] old_data=108732364 delta_type=0 attr=gold delta_data=2000 userid=1265 source=combine time=2013-04-07_15:39:04.909305
[profile_attr] old_data=108730364 delta_type=0 attr=gold delta_data=2000 userid=1265 source=combine time=2013-04-07_15:39:09.341418
[profile_attr] old_data=108728364 delta_type=0 attr=gold delta_data=2000 userid=1265 source=combine time=2013-04-07_15:39:13.189725
[profile_attr] old_data=108726364 delta_type=0 attr=gold delta_data=2000 userid=1265 source=combine time=2013-04-07_15:39:18.906424
[profile_attr] old_data=108724364 delta_type=0 attr=gold delta_data=2000 userid=1265 source=combine time=2013-04-07_15:39:20.173406
[profile_attr] old_data=108722364 delta_type=0 attr=gold delta_data=2000 userid=1265 source=combine time=2013-04-07_15:39:21.390324
[profile_attr] old_data=108720364 delta_type=0 attr=gold delta_data=2000 userid=1265 source=combine time=2013-04-07_15:39:23.009634
[profile_attr] old_data=108718364 delta_type=0 attr=gold delta_data=2000 userid=1265 source=combine time=2013-04-07_15:39:25.623455
[profile_attr] old_data=44688 delta_type=0 attr=token delta_data=50 userid=1318 source=generate_player_store time=2013-04-07_15:39:29.066562
[profile_attr] old_data=44638 delta_type=0 attr=token delta_data=50 userid=1318 source=generate_player_store time=2013-04-07_15:40:14.127941
[profile_attr] old_data=108716364 delta_type=0 attr=gold delta_data=2000 userid=1265 source=combine time=2013-04-07_15:40:22.090728
[profile_attr] old_data=108714364 delta_type=0 attr=gold delta_data=2000 userid=1265 source=combine time=2013-04-07_15:40:23.274838
[profile_attr] old_data=108712364 delta_type=0 attr=gold delta_data=2000 userid=1265 source=combine time=2013-04-07_15:40:24.507511
[profile_attr] old_data=6801 delta_type=0 attr=token delta_data=50 userid=1317 source=generate_player_store time=2013-04-07_15:40:29.105740
[profile_attr] old_data=108710364 delta_type=0 attr=gold delta_data=2000 userid=1265 source=combine time=2013-04-07_15:40:38.140362
[profile_attr] old_data=108708364 delta_type=0 attr=gold delta_data=2000 userid=1265 source=combine time=2013-04-07_15:40:39.060293
[profile_attr] old_data=108706364 delta_type=0 attr=gold delta_data=2000 userid=1265 source=combine time=2013-04-07_15:40:39.539844
[profile_attr] old_data=108704364 delta_type=0 attr=gold delta_data=2000 userid=1265 source=combine time=2013-04-07_15:40:39.955585
[profile_attr] old_data=108702364 delta_type=0 attr=gold delta_data=2000 userid=1265 source=combine time=2013-04-07_15:40:40.373448
[profile_attr] old_data=108700364 delta_type=0 attr=gold delta_data=2000 userid=1265 source=combine time=2013-04-07_15:40:40.739183
[profile_attr] old_data=108698364 delta_type=0 attr=gold delta_data=2000 userid=1265 source=combine time=2013-04-07_15:40:41.173816
[profile_attr] old_data=108696364 delta_type=0 attr=gold delta_data=2000 userid=1265 source=combine time=2013-04-07_15:40:41.521499
[profile_attr] old_data=108694364 delta_type=0 attr=gold delta_data=2000 userid=1265 source=combine time=2013-04-07_15:40:47.273825
[profile_attr] old_data=44588 delta_type=0 attr=token delta_data=50 userid=1318 source=generate_player_store time=2013-04-07_15:40:47.753600
[profile_attr] old_data=108692364 delta_type=0 attr=gold delta_data=2000 userid=1265 source=combine time=2013-04-07_15:40:48.009100
[profile_attr] old_data=108690364 delta_type=0 attr=gold delta_data=2000 userid=1265 source=combine time=2013-04-07_15:40:48.522730
[profile_attr] old_data=108688364 delta_type=0 attr=gold delta_data=2000 userid=1265 source=combine time=2013-04-07_15:40:48.994490
[profile_attr] old_data=108686364 delta_type=0 attr=gold delta_data=69514 userid=1265 source=enhance time=2013-04-07_15:41:02.569210
[profile_attr] old_data=6751 delta_type=0 attr=token delta_data=50 userid=1317 source=generate_player_store time=2013-04-07_15:41:03.753462
[profile_attr] old_data=108616850 delta_type=0 attr=gold delta_data=69514 userid=1265 source=enhance time=2013-04-07_15:41:03.935746
[profile_attr] old_data=108547336 delta_type=0 attr=gold delta_data=69514 userid=1265 source=enhance time=2013-04-07_15:41:04.805484
[profile_attr] old_data=108477822 delta_type=0 attr=gold delta_data=69514 userid=1265 source=enhance time=2013-04-07_15:41:06.136134
[profile_attr] old_data=108408308 delta_type=0 attr=gold delta_data=69514 userid=1265 source=enhance time=2013-04-07_15:41:06.802694
[profile_attr] old_data=108338794 delta_type=0 attr=gold delta_data=69514 userid=1265 source=enhance time=2013-04-07_15:41:07.888231
[profile_attr] old_data=108269280 delta_type=0 attr=gold delta_data=69514 userid=1265 source=enhance time=2013-04-07_15:41:08.766839
[profile_attr] old_data=108199766 delta_type=0 attr=gold delta_data=69514 userid=1265 source=enhance time=2013-04-07_15:41:22.600276
[profile_attr] old_data=6701 delta_type=0 attr=token delta_data=50 userid=1317 source=generate_player_store time=2013-04-07_15:41:25.897146
[profile_attr] old_data=108130252 delta_type=0 attr=gold delta_data=69514 userid=1265 source=enhance time=2013-04-07_15:41:39.285676
[profile_attr] old_data=108060738 delta_type=0 attr=gold delta_data=69514 userid=1265 source=enhance time=2013-04-07_15:41:43.167901
[profile_attr] old_data=107991224 delta_type=0 attr=gold delta_data=69514 userid=1265 source=enhance time=2013-04-07_15:41:47.698209
[profile_attr] old_data=107921710 delta_type=0 attr=gold delta_data=69514 userid=1265 source=enhance time=2013-04-07_15:41:49.833020
[profile_attr] old_data=107852196 delta_type=0 attr=gold delta_data=69514 userid=1265 source=enhance time=2013-04-07_15:41:51.399733
[profile_attr] old_data=107782682 delta_type=0 attr=gold delta_data=69514 userid=1265 source=enhance time=2013-04-07_15:41:55.898407
[profile_attr] old_data=107713168 delta_type=0 attr=gold delta_data=69514 userid=1265 source=enhance time=2013-04-07_15:41:59.077906
[profile_attr] old_data=107643654 delta_type=0 attr=gold delta_data=100 userid=1265 source=mosaic time=2013-04-07_15:42:54.383843
[profile_attr] old_data=41395 delta_type=1 attr=hp delta_data=944 userid=1265 source=dump_data time=2013-04-07_15:44:46.155984
[profile_attr] old_data=6651 delta_type=0 attr=token delta_data=10 userid=1317 source=buy time=2013-04-07_15:44:51.976108
[profile_attr] old_data=42339 delta_type=1 attr=hp delta_data=1789 userid=1265 source=dump_data time=2013-04-07_15:45:06.587110
[profile_attr] old_data=107643554 delta_type=1 attr=gold delta_data=215000 userid=1265 source=reward_by_gametime time=2013-04-07_15:45:06.742899
[profile_attr] old_data=1355 delta_type=1 attr=attr_10 delta_data=10 userid=1265 source=reward_by_gametime time=2013-04-07_15:45:19.394031
[profile_attr] old_data=107858554 delta_type=0 attr=gold delta_data=2000 userid=1265 source=combine time=2013-04-07_15:45:46.676127
[profile_attr] old_data=107856554 delta_type=0 attr=gold delta_data=2000 userid=1265 source=combine time=2013-04-07_15:45:50.760749
[profile_attr] old_data=107854554 delta_type=0 attr=gold delta_data=2000 userid=1265 source=combine time=2013-04-07_15:45:53.941816
[profile_attr] old_data=107852554 delta_type=0 attr=gold delta_data=100 userid=1265 source=mosaic time=2013-04-07_15:46:27.242162
[profile_attr] old_data=107852454 delta_type=0 attr=gold delta_data=100 userid=1265 source=mosaic time=2013-04-07_15:46:32.841709
[profile_attr] old_data=107852354 delta_type=0 attr=gold delta_data=100 userid=1265 source=mosaic time=2013-04-07_15:46:47.888404
[profile_attr] old_data=107852254 delta_type=0 attr=gold delta_data=2000 userid=1265 source=combine time=2013-04-07_15:46:53.522725
[profile_attr] old_data=107850254 delta_type=0 attr=gold delta_data=100 userid=1265 source=mosaic time=2013-04-07_15:47:02.905200
[profile_attr] old_data=107850154 delta_type=0 attr=gold delta_data=100 userid=1265 source=mosaic time=2013-04-07_15:47:11.589900
[profile_attr] old_data=44128 delta_type=1 attr=hp delta_data=-576 userid=1265 source=dump_data time=2013-04-07_15:47:14.247216
[profile_attr] old_data=107850054 delta_type=0 attr=gold delta_data=100 userid=1265 source=mosaic time=2013-04-07_15:47:14.370025
[profile_attr] old_data=48839 delta_type=1 attr=hp delta_data=-48839 userid=1142 source=dump_data time=2013-04-07_15:47:43.161771
[profile_attr] old_data=1 delta_type=1 attr=mount_status delta_data=-1 userid=1142 source=dump_data time=2013-04-07_15:47:43.162540
[profile_attr] old_data=0 delta_type=1 attr=hp delta_data=48839 userid=1142 source=dump_data time=2013-04-07_15:47:46.723736
[profile_attr] old_data=43552 delta_type=1 attr=hp delta_data=840 userid=1265 source=dump_data time=2013-04-07_15:48:54.483087
[profile_attr] old_data=107849954 delta_type=0 attr=gold delta_data=100 userid=1265 source=mosaic time=2013-04-07_15:48:54.604605
[profile_attr] old_data=107849854 delta_type=0 attr=gold delta_data=100 userid=1265 source=mosaic time=2013-04-07_15:49:07.367279
[profile_attr] old_data=107849754 delta_type=0 attr=gold delta_data=100 userid=1265 source=mosaic time=2013-04-07_15:49:08.416838
[profile_attr] old_data=44392 delta_type=1 attr=hp delta_data=-1440 userid=1265 source=dump_data time=2013-04-07_15:49:12.425815
[profile_attr] old_data=107849654 delta_type=0 attr=gold delta_data=100 userid=1265 source=mosaic time=2013-04-07_15:49:12.585977
[profile_attr] old_data=107849554 delta_type=0 attr=gold delta_data=100 userid=1265 source=mosaic time=2013-04-07_15:49:15.168260
[profile_attr] old_data=107849454 delta_type=0 attr=gold delta_data=100 userid=1265 source=mosaic time=2013-04-07_15:49:17.601434
[profile_attr] old_data=42952 delta_type=1 attr=hp delta_data=-840 userid=1265 source=dump_data time=2013-04-07_15:49:18.582178
[profile_attr] old_data=107849354 delta_type=0 attr=gold delta_data=100 userid=1265 source=mosaic time=2013-04-07_15:49:18.699814
[profile_attr] old_data=107849254 delta_type=0 attr=gold delta_data=100 userid=1265 source=mosaic time=2013-04-07_15:49:23.183396
[profile_attr] old_data=107849154 delta_type=0 attr=gold delta_data=100 userid=1265 source=mosaic time=2013-04-07_15:49:24.117614
[profile_attr] old_data=42112 delta_type=1 attr=hp delta_data=-576 userid=1265 source=dump_data time=2013-04-07_15:49:27.890962
[profile_attr] old_data=107849054 delta_type=0 attr=gold delta_data=100 userid=1265 source=mosaic time=2013-04-07_15:49:28.017868
[profile_attr] old_data=107848954 delta_type=0 attr=gold delta_data=100 userid=1265 source=mosaic time=2013-04-07_15:49:29.084681
[profile_attr] old_data=107848854 delta_type=0 attr=gold delta_data=100 userid=1265 source=mosaic time=2013-04-07_15:49:30.401125
[profile_attr] old_data=6641 delta_type=0 attr=token delta_data=10 userid=1317 source=buy time=2013-04-07_15:49:31.463645
[profile_attr] old_data=107848754 delta_type=0 attr=gold delta_data=100 userid=1265 source=mosaic time=2013-04-07_15:49:31.599650
[profile_attr] old_data=107848654 delta_type=0 attr=gold delta_data=100 userid=1265 source=mosaic time=2013-04-07_15:49:35.365549
[profile_attr] old_data=107848554 delta_type=0 attr=gold delta_data=100 userid=1265 source=mosaic time=2013-04-07_15:49:36.502637
[profile_attr] old_data=107848454 delta_type=0 attr=gold delta_data=100 userid=1265 source=mosaic time=2013-04-07_15:49:40.916106
[profile_attr] old_data=107848354 delta_type=0 attr=gold delta_data=100 userid=1265 source=mosaic time=2013-04-07_15:49:42.033198
[profile_attr] old_data=107848254 delta_type=0 attr=gold delta_data=100 userid=1265 source=mosaic time=2013-04-07_15:49:43.182681
[profile_attr] old_data=107848154 delta_type=0 attr=gold delta_data=100 userid=1265 source=mosaic time=2013-04-07_15:50:23.931181
[profile_attr] old_data=107848054 delta_type=0 attr=gold delta_data=100 userid=1265 source=mosaic time=2013-04-07_15:50:39.764156
[profile_attr] old_data=1 delta_type=1 attr=level delta_data=29 userid=1354 source=dump_data time=2013-04-07_15:50:42.350693
[profile_attr] old_data=200 delta_type=1 attr=hp delta_data=7000 userid=1354 source=dump_data time=2013-04-07_15:50:42.351117
[profile_attr] old_data=40.579180003 delta_type=1 attr=mp delta_data=95.420819997 userid=1354 source=dump_data time=2013-04-07_15:50:42.352112
[profile_attr] old_data=107847954 delta_type=0 attr=gold delta_data=100 userid=1265 source=mosaic time=2013-04-07_15:50:45.245934
[profile_attr] old_data=41536 delta_type=1 attr=hp delta_data=1440 userid=1265 source=dump_data time=2013-04-07_15:50:50.556170
[profile_attr] old_data=107847854 delta_type=0 attr=gold delta_data=100 userid=1265 source=mosaic time=2013-04-07_15:50:50.678750
[profile_attr] old_data=107847754 delta_type=0 attr=gold delta_data=100 userid=1265 source=mosaic time=2013-04-07_15:51:04.279319
[profile_attr] old_data=107847654 delta_type=0 attr=gold delta_data=100 userid=1265 source=mosaic time=2013-04-07_15:51:15.735595
[profile_attr] old_data=107847554 delta_type=0 attr=gold delta_data=100 userid=1265 source=mosaic time=2013-04-07_15:51:25.027303
[profile_attr] old_data=107847454 delta_type=0 attr=gold delta_data=100 userid=1265 source=mosaic time=2013-04-07_15:51:27.095582
[profile_attr] old_data=107847354 delta_type=0 attr=gold delta_data=100 userid=1265 source=mosaic time=2013-04-07_15:51:30.980511
[profile_attr] old_data=107847254 delta_type=0 attr=gold delta_data=100 userid=1265 source=mosaic time=2013-04-07_15:51:44.796637
[profile_attr] old_data=99999 delta_type=1 attr=attr_1 delta_data=4200 userid=1354 source=dump_data time=2013-04-07_15:51:47.534163
[profile_attr] old_data=100000 delta_type=1 attr=gold delta_data=2100 userid=1354 source=dump_data time=2013-04-07_15:51:47.536170
[profile_attr] old_data=7200 delta_type=1 attr=hp delta_data=22800 userid=1354 source=dump_data time=2013-04-07_15:51:47.536701
[profile_attr] old_data=136 delta_type=1 attr=mp delta_data=172 userid=1354 source=dump_data time=2013-04-07_15:51:47.537764
[profile_attr] old_data=107847154 delta_type=0 attr=gold delta_data=100 userid=1265 source=mosaic time=2013-04-07_15:51:51.727036
[profile_attr] old_data=99999 delta_type=0 attr=attr_10 delta_data=10 userid=1354 source=enter time=2013-04-07_15:51:52.114265
[profile_attr] old_data=104199 delta_type=1 attr=attr_1 delta_data=200 userid=1354 source=dump_data time=2013-04-07_15:52:04.185290
[profile_attr] old_data=102100 delta_type=1 attr=gold delta_data=41 userid=1354 source=dump_data time=2013-04-07_15:52:04.186105
[profile_attr] old_data=30000 delta_type=1 attr=hp delta_data=-17 userid=1354 source=dump_data time=2013-04-07_15:52:04.186616
[profile_attr] old_data=107847054 delta_type=0 attr=gold delta_data=100 userid=1265 source=mosaic time=2013-04-07_15:52:10.309526
[profile_attr] old_data=107846954 delta_type=0 attr=gold delta_data=100 userid=1265 source=mosaic time=2013-04-07_15:52:12.444488
[profile_attr] old_data=107846854 delta_type=0 attr=gold delta_data=100 userid=1265 source=mosaic time=2013-04-07_15:52:15.926057
[profile_attr] old_data=29983 delta_type=1 attr=hp delta_data=17 userid=1354 source=dump_data time=2013-04-07_15:52:21.837272
[profile_attr] old_data=42976 delta_type=1 attr=hp delta_data=840 userid=1265 source=dump_data time=2013-04-07_15:52:23.916298
[profile_attr] old_data=107846754 delta_type=0 attr=gold delta_data=100 userid=1265 source=mosaic time=2013-04-07_15:52:24.043318
[profile_attr] old_data=107846654 delta_type=0 attr=gold delta_data=100 userid=1265 source=mosaic time=2013-04-07_15:52:29.558306
[profile_attr] old_data=107846554 delta_type=0 attr=gold delta_data=100 userid=1265 source=mosaic time=2013-04-07_15:52:30.975294
[profile_attr] old_data=104399 delta_type=1 attr=attr_1 delta_data=6600 userid=1354 source=dump_data time=2013-04-07_15:52:45.256731
[profile_attr] old_data=102141 delta_type=1 attr=gold delta_data=2400 userid=1354 source=dump_data time=2013-04-07_15:52:45.257577
[profile_attr] old_data=104541 delta_type=0 attr=gold delta_data=10 userid=1354 source=enhance time=2013-04-07_15:52:45.329259
[profile_attr] old_data=104531 delta_type=0 attr=gold delta_data=10 userid=1354 source=enhance time=2013-04-07_15:52:46.110776
[profile_attr] old_data=104521 delta_type=0 attr=gold delta_data=10 userid=1354 source=enhance time=2013-04-07_15:52:46.594104
[profile_attr] old_data=104511 delta_type=0 attr=gold delta_data=10 userid=1354 source=enhance time=2013-04-07_15:52:47.131989
[profile_attr] old_data=104501 delta_type=0 attr=gold delta_data=10 userid=1354 source=enhance time=2013-04-07_15:52:47.746233
[profile_attr] old_data=6631 delta_type=0 attr=token delta_data=50 userid=1317 source=generate_player_store time=2013-04-07_15:53:02.069118
[profile_attr] old_data=110999 delta_type=1 attr=attr_1 delta_data=3100 userid=1354 source=dump_data time=2013-04-07_15:53:02.151716
[profile_attr] old_data=104491 delta_type=1 attr=gold delta_data=1100 userid=1354 source=dump_data time=2013-04-07_15:53:02.152589
[profile_attr] old_data=489462 delta_type=0 attr=gold delta_data=10 userid=1317 source=buy time=2013-04-07_15:53:05.531126
[profile_attr] old_data=99989 delta_type=0 attr=attr_10 delta_data=10 userid=1354 source=enter time=2013-04-07_15:53:05.927787
[profile_attr] old_data=114099 delta_type=1 attr=attr_1 delta_data=700 userid=1354 source=dump_data time=2013-04-07_15:53:15.531993
[profile_attr] old_data=105591 delta_type=1 attr=gold delta_data=90 userid=1354 source=dump_data time=2013-04-07_15:53:15.532830
[profile_attr] old_data=30000 delta_type=1 attr=hp delta_data=-16 userid=1354 source=dump_data time=2013-04-07_15:53:15.533422
[profile_attr] old_data=43816 delta_type=1 attr=hp delta_data=1123 userid=1265 source=dump_data time=2013-04-07_15:53:35.085745
[profile_attr] old_data=3073 delta_type=0 attr=token delta_data=10 userid=1265 source=wash time=2013-04-07_15:53:35.213188
[profile_attr] old_data=114799 delta_type=1 attr=attr_1 delta_data=6200 userid=1354 source=dump_data time=2013-04-07_15:53:41.157120
[profile_attr] old_data=105681 delta_type=1 attr=gold delta_data=2200 userid=1354 source=dump_data time=2013-04-07_15:53:41.157906
[profile_attr] old_data=29984 delta_type=1 attr=hp delta_data=16 userid=1354 source=dump_data time=2013-04-07_15:53:41.158433
[profile_attr] old_data=107881 delta_type=0 attr=gold delta_data=10 userid=1354 source=enhance time=2013-04-07_15:53:41.245005
[profile_attr] old_data=107871 delta_type=0 attr=gold delta_data=10 userid=1354 source=enhance time=2013-04-07_15:53:41.664366
[profile_attr] old_data=107861 delta_type=0 attr=gold delta_data=10 userid=1354 source=enhance time=2013-04-07_15:53:42.088120
[profile_attr] old_data=107851 delta_type=0 attr=gold delta_data=10 userid=1354 source=enhance time=2013-04-07_15:53:42.655038
[profile_attr] old_data=107841 delta_type=0 attr=gold delta_data=10 userid=1354 source=enhance time=2013-04-07_15:53:43.339706
[profile_attr] old_data=3063 delta_type=0 attr=token delta_data=20 userid=1265 source=wash time=2013-04-07_15:53:45.305650
[profile_attr] old_data=6581 delta_type=0 attr=token delta_data=5 userid=1317 source=buy time=2013-04-07_15:53:47.745502
[profile_attr] old_data=3043 delta_type=0 attr=token delta_data=20 userid=1265 source=wash time=2013-04-07_15:53:50.794741
[profile_attr] old_data=6576 delta_type=0 attr=token delta_data=7 userid=1317 source=buy time=2013-04-07_15:54:18.421307
[profile_attr] old_data=6569 delta_type=0 attr=token delta_data=50 userid=1317 source=generate_player_store time=2013-04-07_15:54:42.002715
[profile_attr] old_data=6519 delta_type=0 attr=token delta_data=32 userid=1317 source=buy time=2013-04-07_15:54:44.564358
[profile_attr] old_data=6487 delta_type=0 attr=token delta_data=10 userid=1317 source=buy time=2013-04-07_15:55:18.433854
[profile_attr] old_data=329800 delta_type=1 attr=attr_3 delta_data=270600 userid=1265 source=dump_data time=2013-04-07_15:55:26.229695
[profile_attr] old_data=1682 delta_type=1 attr=maze_info delta_data=237 userid=1265 source=dump_data time=2013-04-07_15:55:26.231885
[profile_attr] old_data=1919 delta_type=1 attr=maze_info delta_data=-12 userid=1265 source=dump_data time=2013-04-07_15:56:24.919508
[profile_attr] old_data=107846454 delta_type=0 attr=gold delta_data=100 userid=1265 source=mosaic time=2013-04-07_15:57:26.980919
[profile_attr] old_data=107846354 delta_type=0 attr=gold delta_data=100 userid=1265 source=mosaic time=2013-04-07_15:57:29.731396
[profile_attr] old_data=107846254 delta_type=0 attr=gold delta_data=100 userid=1265 source=mosaic time=2013-04-07_15:57:32.484782
[profile_attr] old_data=44939 delta_type=1 attr=hp delta_data=-1440 userid=1265 source=dump_data time=2013-04-07_15:57:37.467114
[profile_attr] old_data=107846154 delta_type=0 attr=gold delta_data=100 userid=1265 source=mosaic time=2013-04-07_15:57:37.631261
[profile_attr] old_data=107846054 delta_type=0 attr=gold delta_data=100 userid=1265 source=mosaic time=2013-04-07_15:57:38.947951
[profile_attr] old_data=107845954 delta_type=0 attr=gold delta_data=100 userid=1265 source=mosaic time=2013-04-07_15:57:41.396391
[profile_attr] old_data=107845854 delta_type=0 attr=gold delta_data=100 userid=1265 source=mosaic time=2013-04-07_15:57:43.366526
[profile_attr] old_data=107845754 delta_type=0 attr=gold delta_data=100 userid=1265 source=mosaic time=2013-04-07_15:57:44.913165
[profile_attr] old_data=107845654 delta_type=0 attr=gold delta_data=100 userid=1265 source=mosaic time=2013-04-07_15:57:46.228945
[profile_attr] old_data=107845554 delta_type=0 attr=gold delta_data=100 userid=1265 source=mosaic time=2013-04-07_15:57:48.750715
[profile_attr] old_data=107845454 delta_type=0 attr=gold delta_data=100 userid=1265 source=mosaic time=2013-04-07_15:57:50.063271
[profile_attr] old_data=107845354 delta_type=0 attr=gold delta_data=100 userid=1265 source=mosaic time=2013-04-07_15:57:52.768987
[profile_attr] old_data=107845254 delta_type=0 attr=gold delta_data=100 userid=1265 source=mosaic time=2013-04-07_15:57:54.014638
[profile_attr] old_data=107845154 delta_type=0 attr=gold delta_data=100 userid=1265 source=mosaic time=2013-04-07_15:57:55.265681
[profile_attr] old_data=43499 delta_type=1 attr=hp delta_data=-840 userid=1265 source=dump_data time=2013-04-07_15:57:58.269194
[profile_attr] old_data=107845054 delta_type=0 attr=gold delta_data=100 userid=1265 source=mosaic time=2013-04-07_15:57:58.431200
[profile_attr] old_data=107844954 delta_type=0 attr=gold delta_data=100 userid=1265 source=mosaic time=2013-04-07_15:57:59.880619
[profile_attr] old_data=107844854 delta_type=0 attr=gold delta_data=100 userid=1265 source=mosaic time=2013-04-07_15:58:01.483647
[profile_attr] old_data=107844754 delta_type=0 attr=gold delta_data=2000 userid=1265 source=combine time=2013-04-07_15:58:08.011315
[profile_attr] old_data=107842754 delta_type=0 attr=gold delta_data=2000 userid=1265 source=combine time=2013-04-07_15:58:11.728076
[profile_attr] old_data=107840754 delta_type=0 attr=gold delta_data=2000 userid=1265 source=combine time=2013-04-07_15:58:15.660771
[profile_attr] old_data=107838754 delta_type=0 attr=gold delta_data=2000 userid=1265 source=combine time=2013-04-07_15:58:18.627170
[profile_attr] old_data=107836754 delta_type=0 attr=gold delta_data=2000 userid=1265 source=combine time=2013-04-07_15:58:21.527666
[profile_attr] old_data=107834754 delta_type=0 attr=gold delta_data=2000 userid=1265 source=combine time=2013-04-07_15:58:25.443718
[profile_attr] old_data=107832754 delta_type=0 attr=gold delta_data=2000 userid=1265 source=combine time=2013-04-07_15:58:28.812998
[profile_attr] old_data=107830754 delta_type=0 attr=gold delta_data=2000 userid=1265 source=combine time=2013-04-07_15:58:32.878976
[profile_attr] old_data=107828754 delta_type=0 attr=gold delta_data=2000 userid=1265 source=combine time=2013-04-07_15:58:35.593151
[profile_attr] old_data=107826754 delta_type=0 attr=gold delta_data=2000 userid=1265 source=combine time=2013-04-07_15:58:38.610868
[profile_attr] old_data=107824754 delta_type=0 attr=gold delta_data=2000 userid=1265 source=combine time=2013-04-07_15:58:46.292619
[profile_attr] old_data=107822754 delta_type=0 attr=gold delta_data=2000 userid=1265 source=combine time=2013-04-07_15:58:50.492442
[profile_attr] old_data=107820754 delta_type=0 attr=gold delta_data=2000 userid=1265 source=combine time=2013-04-07_15:58:54.259525
[profile_attr] old_data=107818754 delta_type=0 attr=gold delta_data=2000 userid=1265 source=combine time=2013-04-07_15:58:57.759103
[profile_attr] old_data=107816754 delta_type=0 attr=gold delta_data=2000 userid=1265 source=combine time=2013-04-07_15:59:02.343073
[profile_attr] old_data=107814754 delta_type=0 attr=gold delta_data=2000 userid=1265 source=combine time=2013-04-07_15:59:05.709542
[profile_attr] old_data=107812754 delta_type=0 attr=gold delta_data=2000 userid=1265 source=combine time=2013-04-07_15:59:10.309108
[profile_attr] old_data=107810754 delta_type=0 attr=gold delta_data=2000 userid=1265 source=combine time=2013-04-07_15:59:13.626995
[profile_attr] old_data=107808754 delta_type=0 attr=gold delta_data=2000 userid=1265 source=combine time=2013-04-07_15:59:18.558892
[profile_attr] old_data=107806754 delta_type=0 attr=gold delta_data=2000 userid=1265 source=combine time=2013-04-07_15:59:25.776670
[profile_attr] old_data=107804754 delta_type=0 attr=gold delta_data=2000 userid=1265 source=combine time=2013-04-07_15:59:41.242510
[profile_attr] old_data=107802754 delta_type=0 attr=gold delta_data=2000 userid=1265 source=combine time=2013-04-07_15:59:46.007728
[profile_attr] old_data=107800754 delta_type=0 attr=gold delta_data=2000 userid=1265 source=combine time=2013-04-07_15:59:47.210279
[profile_attr] old_data=107798754 delta_type=0 attr=gold delta_data=2000 userid=1265 source=combine time=2013-04-07_15:59:50.423776
[profile_attr] old_data=107796754 delta_type=0 attr=gold delta_data=2000 userid=1265 source=combine time=2013-04-07_15:59:51.841869
[profile_attr] old_data=107794754 delta_type=0 attr=gold delta_data=2000 userid=1265 source=combine time=2013-04-07_15:59:54.907807
[profile_attr] old_data=107792754 delta_type=0 attr=gold delta_data=2000 userid=1265 source=combine time=2013-04-07_15:59:58.924244
