[profile_attr] old_data=0 delta_type=1 attr=attr_1 delta_data=4200 userid=1344 source=dump_data time=2013-04-03_15:03:38.578514
[profile_attr] old_data=10000 delta_type=1 attr=gold delta_data=2100 userid=1344 source=dump_data time=2013-04-03_15:03:38.579485
[profile_attr] old_data=40.579180003 delta_type=1 attr=mp delta_data=-0.579180003048 userid=1344 source=dump_data time=2013-04-03_15:03:38.580961
[profile_attr] old_data=200 delta_type=0 attr=attr_10 delta_data=10 userid=1344 source=enter time=2013-04-03_15:03:42.088156
[profile_attr] old_data=4092799 delta_type=1 attr=attr_4 delta_data=200 userid=824 source=loads_attachment time=2013-04-03_15:06:29.304302
[profile_attr] old_data=5040343 delta_type=1 attr=gold delta_data=100000 userid=824 source=loads_attachment time=2013-04-03_15:06:29.304505
[profile_attr] old_data=0 delta_type=1 attr=attr_2 delta_data=4 userid=1344 source=dump_data time=2013-04-03_15:07:40.974250
[profile_attr] old_data=4200 delta_type=1 attr=attr_1 delta_data=200 userid=1344 source=dump_data time=2013-04-03_15:07:40.974987
[profile_attr] old_data=12100 delta_type=1 attr=gold delta_data=42 userid=1344 source=dump_data time=2013-04-03_15:07:40.975738
[profile_attr] old_data=1 delta_type=1 attr=level delta_data=1 userid=1344 source=dump_data time=2013-04-03_15:07:40.978253
[profile_attr] old_data=200 delta_type=1 attr=hp delta_data=298 userid=1344 source=dump_data time=2013-04-03_15:07:40.978571
[profile_attr] old_data=40 delta_type=1 attr=mp delta_data=2 userid=1344 source=dump_data time=2013-04-03_15:07:40.979523
[profile_attr] old_data=28423 delta_type=1 attr=hp delta_data=3600 userid=627 source=dump_data time=2013-04-03_15:12:46.073787
[profile_attr] old_data=99999 delta_type=1 attr=attr_4 delta_data=200 userid=1302 source=loads_attachment time=2013-04-03_15:13:53.631665
[profile_attr] old_data=103350 delta_type=1 attr=gold delta_data=100000 userid=1302 source=loads_attachment time=2013-04-03_15:13:53.631816
[profile_attr] old_data=48358 delta_type=0 attr=token delta_data=10 userid=824 source=cheerup time=2013-04-03_15:15:10.865633
[profile_attr] old_data=5040343 delta_type=1 attr=gold delta_data=1217141 userid=824 source=dump_data time=2013-04-03_15:17:42.769132
[profile_attr] old_data=54700 delta_type=1 attr=hp delta_data=-54700 userid=824 source=dump_data time=2013-04-03_15:17:42.769914
[profile_attr] old_data=48348 delta_type=0 attr=token delta_data=10 userid=824 source=revive time=2013-04-03_15:17:42.881982
[profile_attr] old_data=6257484 delta_type=1 attr=gold delta_data=180224 userid=824 source=dump_data time=2013-04-03_15:18:15.641020
[profile_attr] old_data=0 delta_type=1 attr=hp delta_data=39976 userid=824 source=dump_data time=2013-04-03_15:18:15.641830
[profile_attr] old_data=8955462 delta_type=0 attr=gold delta_data=520000 userid=966 source=combine time=2013-04-03_15:18:52.853111
[profile_attr] old_data=8435462 delta_type=0 attr=gold delta_data=520000 userid=966 source=combine time=2013-04-03_15:18:59.377912
[profile_attr] old_data=29287 delta_type=1 attr=hp delta_data=4300 userid=966 source=dump_data time=2013-04-03_15:19:05.161982
[profile_attr] old_data=7915462 delta_type=0 attr=gold delta_data=520000 userid=966 source=combine time=2013-04-03_15:19:05.329811
[profile_attr] old_data=33587 delta_type=1 attr=hp delta_data=5750 userid=966 source=dump_data time=2013-04-03_15:19:54.581034
[profile_attr] old_data=7395462 delta_type=0 attr=gold delta_data=520000 userid=966 source=combine time=2013-04-03_15:20:10.628656
[profile_attr] old_data=6875462 delta_type=0 attr=gold delta_data=520000 userid=966 source=combine time=2013-04-03_15:21:43.707133
[profile_attr] old_data=6355462 delta_type=0 attr=gold delta_data=520000 userid=966 source=combine time=2013-04-03_15:21:52.704389
[profile_attr] old_data=203350 delta_type=0 attr=gold delta_data=50000 userid=1302 source=combine time=2013-04-03_15:21:59.088283
[profile_attr] old_data=5835462 delta_type=0 attr=gold delta_data=520000 userid=966 source=combine time=2013-04-03_15:21:59.471683
[profile_attr] old_data=39337 delta_type=1 attr=hp delta_data=9600 userid=966 source=dump_data time=2013-04-03_15:22:23.055799
[profile_attr] old_data=155799 delta_type=1 attr=attr_1 delta_data=257500 userid=1302 source=dump_data time=2013-04-03_15:22:28.757993
[profile_attr] old_data=153350 delta_type=1 attr=gold delta_data=736500 userid=1302 source=dump_data time=2013-04-03_15:22:28.758747
[profile_attr] old_data=889850 delta_type=0 attr=gold delta_data=752860 userid=1302 source=enhance time=2013-04-03_15:22:28.881373
[profile_attr] old_data=5315462 delta_type=0 attr=gold delta_data=520000 userid=966 source=combine time=2013-04-03_15:22:31.537486
[profile_attr] old_data=4795462 delta_type=0 attr=gold delta_data=1050000 userid=966 source=upgrade time=2013-04-03_15:25:01.316904
