[profile_attr] old_data=107790754 delta_type=0 attr=gold delta_data=2000 userid=1265 source=combine time=2013-04-07_16:00:02.590757
[profile_attr] old_data=107788754 delta_type=0 attr=gold delta_data=2000 userid=1265 source=combine time=2013-04-07_16:00:06.956316
[profile_attr] old_data=107786754 delta_type=0 attr=gold delta_data=2000 userid=1265 source=combine time=2013-04-07_16:00:10.374303
[profile_attr] old_data=107784754 delta_type=0 attr=gold delta_data=2000 userid=1265 source=combine time=2013-04-07_16:00:13.389620
[profile_attr] old_data=107782754 delta_type=0 attr=gold delta_data=2000 userid=1265 source=combine time=2013-04-07_16:00:16.358271
[profile_attr] old_data=107780754 delta_type=0 attr=gold delta_data=2000 userid=1265 source=combine time=2013-04-07_16:00:19.225178
[profile_attr] old_data=107778754 delta_type=0 attr=gold delta_data=2000 userid=1265 source=combine time=2013-04-07_16:00:22.139532
[profile_attr] old_data=107776754 delta_type=0 attr=gold delta_data=2000 userid=1265 source=combine time=2013-04-07_16:00:23.440519
[profile_attr] old_data=107774754 delta_type=0 attr=gold delta_data=2000 userid=1265 source=combine time=2013-04-07_16:00:27.406245
[profile_attr] old_data=107772754 delta_type=0 attr=gold delta_data=2000 userid=1265 source=combine time=2013-04-07_16:00:32.157112
[profile_attr] old_data=107770754 delta_type=0 attr=gold delta_data=2000 userid=1265 source=combine time=2013-04-07_16:00:35.525134
[profile_attr] old_data=107768754 delta_type=0 attr=gold delta_data=100 userid=1265 source=mosaic time=2013-04-07_16:00:49.639102
[profile_attr] old_data=107768654 delta_type=0 attr=gold delta_data=100 userid=1265 source=mosaic time=2013-04-07_16:00:53.637902
[profile_attr] old_data=107768554 delta_type=0 attr=gold delta_data=100 userid=1265 source=mosaic time=2013-04-07_16:01:01.438408
[profile_attr] old_data=107768454 delta_type=0 attr=gold delta_data=100 userid=1265 source=mosaic time=2013-04-07_16:01:06.490085
[profile_attr] old_data=107768354 delta_type=0 attr=gold delta_data=100 userid=1265 source=mosaic time=2013-04-07_16:01:11.555909
[profile_attr] old_data=107768254 delta_type=0 attr=gold delta_data=100 userid=1265 source=mosaic time=2013-04-07_16:01:17.321129
[profile_attr] old_data=107768154 delta_type=0 attr=gold delta_data=100 userid=1265 source=mosaic time=2013-04-07_16:01:31.836302
[profile_attr] old_data=107768054 delta_type=0 attr=gold delta_data=100 userid=1265 source=mosaic time=2013-04-07_16:01:36.636641
[profile_attr] old_data=107767954 delta_type=0 attr=gold delta_data=100 userid=1265 source=mosaic time=2013-04-07_16:01:48.488831
[profile_attr] old_data=107767854 delta_type=0 attr=gold delta_data=100 userid=1265 source=mosaic time=2013-04-07_16:01:53.102195
[profile_attr] old_data=107767754 delta_type=0 attr=gold delta_data=100 userid=1265 source=mosaic time=2013-04-07_16:01:56.102679
[profile_attr] old_data=107767654 delta_type=0 attr=gold delta_data=100 userid=1265 source=mosaic time=2013-04-07_16:02:01.669151
[profile_attr] old_data=107767554 delta_type=0 attr=gold delta_data=100 userid=1265 source=mosaic time=2013-04-07_16:02:16.219413
[profile_attr] old_data=107767454 delta_type=0 attr=gold delta_data=100 userid=1265 source=mosaic time=2013-04-07_16:02:27.386527
[profile_attr] old_data=107767354 delta_type=0 attr=gold delta_data=100 userid=1265 source=mosaic time=2013-04-07_16:02:37.767510
[profile_attr] old_data=107767254 delta_type=0 attr=gold delta_data=100 userid=1265 source=mosaic time=2013-04-07_16:02:40.817605
[profile_attr] old_data=107767154 delta_type=0 attr=gold delta_data=100 userid=1265 source=mosaic time=2013-04-07_16:02:47.750779
[profile_attr] old_data=107767054 delta_type=0 attr=gold delta_data=100 userid=1265 source=mosaic time=2013-04-07_16:03:01.869137
[profile_attr] old_data=107766954 delta_type=0 attr=gold delta_data=100 userid=1265 source=mosaic time=2013-04-07_16:03:11.685704
[profile_attr] old_data=107831 delta_type=1 attr=gold delta_data=1000 userid=1354 source=dump_data time=2013-04-07_16:04:14.245798
[profile_attr] old_data=99999 delta_type=0 attr=attr_3 delta_data=5800.0 userid=1354 source=upgrade time=2013-04-07_16:04:14.303034
[profile_attr] old_data=107766854 delta_type=0 attr=gold delta_data=100 userid=1265 source=mosaic time=2013-04-07_16:06:04.328037
[profile_attr] old_data=3023 delta_type=0 attr=token delta_data=50 userid=1265 source=punch time=2013-04-07_16:06:15.298554
[profile_attr] old_data=107766754 delta_type=0 attr=gold delta_data=100 userid=1265 source=mosaic time=2013-04-07_16:06:18.845186
[profile_attr] old_data=42659 delta_type=1 attr=hp delta_data=14160 userid=1265 source=dump_data time=2013-04-07_16:06:29.095823
[profile_attr] old_data=2973 delta_type=0 attr=token delta_data=50 userid=1265 source=punch time=2013-04-07_16:06:29.262462
[profile_attr] old_data=107766654 delta_type=0 attr=gold delta_data=100 userid=1265 source=mosaic time=2013-04-07_16:06:32.426862
[profile_attr] old_data=107766554 delta_type=0 attr=gold delta_data=2000 userid=1265 source=combine time=2013-04-07_16:06:58.541644
[profile_attr] old_data=102429 delta_type=1 attr=attr_4 delta_data=200 userid=1318 source=loads_attachment time=2013-04-07_16:13:57.687606
[profile_attr] old_data=4829199 delta_type=1 attr=gold delta_data=100000 userid=1318 source=loads_attachment time=2013-04-07_16:13:57.687746
[profile_attr] old_data=4929199 delta_type=1 attr=gold delta_data=300000 userid=1318 source=reward_by_gametime time=2013-04-07_16:14:15.490620
[profile_attr] old_data=6477 delta_type=0 attr=token delta_data=32 userid=1317 source=buy time=2013-04-07_16:14:36.181986
[profile_attr] old_data=6477 delta_type=0 attr=token delta_data=50 userid=1317 source=generate_player_store time=2013-04-07_16:14:41.497672
[profile_attr] old_data=6427 delta_type=0 attr=token delta_data=7 userid=1317 source=buy time=2013-04-07_16:15:43.138135
[profile_attr] old_data=6420 delta_type=0 attr=token delta_data=50 userid=1317 source=generate_player_store time=2013-04-07_16:17:03.533493
[profile_attr] old_data=6370 delta_type=0 attr=token delta_data=15 userid=1317 source=buy time=2013-04-07_16:17:14.617039
[profile_attr] old_data=6355 delta_type=0 attr=token delta_data=50 userid=1317 source=generate_player_store time=2013-04-07_16:17:32.194965
[profile_attr] old_data=6305 delta_type=0 attr=token delta_data=10 userid=1317 source=buy time=2013-04-07_16:17:38.637772
[profile_attr] old_data=6295 delta_type=0 attr=token delta_data=112 userid=1317 source=buy time=2013-04-07_16:17:41.055969
[profile_attr] old_data=6183 delta_type=0 attr=token delta_data=5 userid=1317 source=buy time=2013-04-07_16:17:42.701232
[profile_attr] old_data=6178 delta_type=0 attr=token delta_data=8 userid=1317 source=buy time=2013-04-07_16:17:44.396987
[profile_attr] old_data=489452 delta_type=0 attr=gold delta_data=10 userid=1317 source=buy time=2013-04-07_16:17:45.819106
[profile_attr] old_data=6170 delta_type=0 attr=token delta_data=50 userid=1317 source=generate_player_store time=2013-04-07_16:17:52.027531
[profile_attr] old_data=6120 delta_type=0 attr=token delta_data=7 userid=1317 source=buy time=2013-04-07_16:17:54.055780
[profile_attr] old_data=6113 delta_type=0 attr=token delta_data=8 userid=1317 source=buy time=2013-04-07_16:17:55.688518
[profile_attr] old_data=6105 delta_type=0 attr=token delta_data=50 userid=1317 source=generate_player_store time=2013-04-07_16:20:16.761576
[profile_attr] old_data=6055 delta_type=0 attr=token delta_data=50 userid=1317 source=generate_player_store time=2013-04-07_16:20:49.070595
[profile_attr] old_data=50000 delta_type=0 attr=token delta_data=2 userid=1354 source=exchange time=2013-04-07_16:23:07.844160
[profile_attr] old_data=108831 delta_type=1 attr=gold delta_data=300000 userid=1354 source=exchange time=2013-04-07_16:23:07.844291
[profile_attr] old_data=25156 delta_type=1 attr=hp delta_data=600 userid=535 source=dump_data time=2013-04-07_16:30:14.128130
[profile_attr] old_data=448423 delta_type=1 attr=gold delta_data=1000 userid=535 source=dump_data time=2013-04-07_16:31:24.818850
[profile_attr] old_data=200 delta_type=0 attr=attr_10 delta_data=10 userid=535 source=enter time=2013-04-07_16:31:28.981181
[profile_attr] old_data=136606 delta_type=1 attr=attr_1 delta_data=1400 userid=535 source=dump_data time=2013-04-07_16:32:58.340083
[profile_attr] old_data=449423 delta_type=1 attr=gold delta_data=375 userid=535 source=dump_data time=2013-04-07_16:32:58.340932
[profile_attr] old_data=56090 delta_type=0 attr=attr_2 delta_data=1 userid=535 source=action_to_profile time=2013-04-07_16:33:15.240912
[profile_attr] old_data=0 delta_type=1 attr=attr_1 delta_data=4200 userid=1355 source=dump_data time=2013-04-07_16:34:33.091272
[profile_attr] old_data=10000 delta_type=1 attr=gold delta_data=2100 userid=1355 source=dump_data time=2013-04-07_16:34:33.092080
[profile_attr] old_data=40.579180003 delta_type=1 attr=mp delta_data=-0.579180003048 userid=1355 source=dump_data time=2013-04-07_16:34:33.093548
[profile_attr] old_data=200 delta_type=0 attr=attr_10 delta_data=10 userid=1355 source=enter time=2013-04-07_16:34:37.178640
[profile_attr] old_data=0 delta_type=1 attr=attr_2 delta_data=4 userid=1355 source=dump_data time=2013-04-07_16:35:12.097638
[profile_attr] old_data=4200 delta_type=1 attr=attr_1 delta_data=200 userid=1355 source=dump_data time=2013-04-07_16:35:12.098373
[profile_attr] old_data=12100 delta_type=1 attr=gold delta_data=56 userid=1355 source=dump_data time=2013-04-07_16:35:12.099124
[profile_attr] old_data=1 delta_type=1 attr=level delta_data=1 userid=1355 source=dump_data time=2013-04-07_16:35:12.101546
[profile_attr] old_data=200 delta_type=1 attr=hp delta_data=300 userid=1355 source=dump_data time=2013-04-07_16:35:12.101879
[profile_attr] old_data=40 delta_type=1 attr=mp delta_data=2 userid=1355 source=dump_data time=2013-04-07_16:35:12.102849
[profile_attr] old_data=4400 delta_type=1 attr=attr_1 delta_data=6600 userid=1355 source=dump_data time=2013-04-07_16:36:47.943384
[profile_attr] old_data=12156 delta_type=1 attr=gold delta_data=2400 userid=1355 source=dump_data time=2013-04-07_16:36:47.944149
[profile_attr] old_data=14556 delta_type=0 attr=gold delta_data=10 userid=1355 source=enhance time=2013-04-07_16:36:48.015835
[profile_attr] old_data=14546 delta_type=0 attr=gold delta_data=10 userid=1355 source=enhance time=2013-04-07_16:36:48.647866
[profile_attr] old_data=14536 delta_type=0 attr=gold delta_data=10 userid=1355 source=enhance time=2013-04-07_16:36:49.215931
[profile_attr] old_data=14526 delta_type=0 attr=gold delta_data=10 userid=1355 source=enhance time=2013-04-07_16:36:49.800176
[profile_attr] old_data=14516 delta_type=0 attr=gold delta_data=10 userid=1355 source=enhance time=2013-04-07_16:36:50.315872
[profile_attr] old_data=408831 delta_type=1 attr=gold delta_data=37600 userid=1354 source=dump_data time=2013-04-07_16:36:57.493179
[profile_attr] old_data=11000 delta_type=1 attr=attr_1 delta_data=3100 userid=1355 source=dump_data time=2013-04-07_16:37:14.960717
[profile_attr] old_data=14506 delta_type=1 attr=gold delta_data=1100 userid=1355 source=dump_data time=2013-04-07_16:37:14.961602
[profile_attr] old_data=190 delta_type=0 attr=attr_10 delta_data=10 userid=1355 source=enter time=2013-04-07_16:37:18.059069
[profile_attr] old_data=4 delta_type=1 attr=attr_2 delta_data=4 userid=1355 source=dump_data time=2013-04-07_16:38:18.077194
[profile_attr] old_data=14100 delta_type=1 attr=attr_1 delta_data=700 userid=1355 source=dump_data time=2013-04-07_16:38:18.077909
[profile_attr] old_data=15606 delta_type=1 attr=gold delta_data=134 userid=1355 source=dump_data time=2013-04-07_16:38:18.081616
[profile_attr] old_data=500 delta_type=1 attr=hp delta_data=200 userid=1355 source=dump_data time=2013-04-07_16:38:18.082493
[profile_attr] old_data=42 delta_type=1 attr=mp delta_data=3 userid=1355 source=dump_data time=2013-04-07_16:38:18.083470
[profile_attr] old_data=8 delta_type=1 attr=attr_2 delta_data=4 userid=1355 source=dump_data time=2013-04-07_16:39:47.422596
[profile_attr] old_data=14800 delta_type=1 attr=attr_1 delta_data=6200 userid=1355 source=dump_data time=2013-04-07_16:39:47.423338
[profile_attr] old_data=15740 delta_type=1 attr=gold delta_data=2200 userid=1355 source=dump_data time=2013-04-07_16:39:47.424108
[profile_attr] old_data=3 delta_type=1 attr=level delta_data=1 userid=1355 source=dump_data time=2013-04-07_16:39:47.442795
[profile_attr] old_data=700 delta_type=1 attr=hp delta_data=480 userid=1355 source=dump_data time=2013-04-07_16:39:47.443298
[profile_attr] old_data=45 delta_type=1 attr=mp delta_data=2 userid=1355 source=dump_data time=2013-04-07_16:39:47.444296
[profile_attr] old_data=180 delta_type=0 attr=attr_10 delta_data=10 userid=1355 source=enter time=2013-04-07_16:39:51.297350
[profile_attr] old_data=12 delta_type=1 attr=attr_2 delta_data=4 userid=1355 source=dump_data time=2013-04-07_16:40:35.097331
[profile_attr] old_data=21000 delta_type=1 attr=attr_1 delta_data=1400 userid=1355 source=dump_data time=2013-04-07_16:40:35.098813
[profile_attr] old_data=17940 delta_type=1 attr=gold delta_data=207 userid=1355 source=dump_data time=2013-04-07_16:40:35.100338
[profile_attr] old_data=4 delta_type=1 attr=level delta_data=1 userid=1355 source=dump_data time=2013-04-07_16:40:35.102954
[profile_attr] old_data=1180 delta_type=1 attr=hp delta_data=200 userid=1355 source=dump_data time=2013-04-07_16:40:35.103274
[profile_attr] old_data=47 delta_type=1 attr=mp delta_data=2 userid=1355 source=dump_data time=2013-04-07_16:40:35.104240
[profile_attr] old_data=18147 delta_type=1 attr=gold delta_data=166 userid=1355 source=dump_data time=2013-04-07_16:41:15.831665
[profile_attr] old_data=22400 delta_type=1 attr=attr_1 delta_data=3200 userid=1355 source=dump_data time=2013-04-07_16:41:29.986988
[profile_attr] old_data=18313 delta_type=1 attr=gold delta_data=1100 userid=1355 source=dump_data time=2013-04-07_16:41:29.987751
[profile_attr] old_data=16 delta_type=0 attr=attr_2 delta_data=1 userid=1355 source=action_to_profile time=2013-04-07_16:41:30.065822
[profile_attr] old_data=15 delta_type=0 attr=attr_2 delta_data=1 userid=1355 source=action_to_profile time=2013-04-07_16:41:30.516610
[profile_attr] old_data=14 delta_type=0 attr=attr_2 delta_data=1 userid=1355 source=action_to_profile time=2013-04-07_16:41:30.975635
[profile_attr] old_data=600400 delta_type=1 attr=attr_3 delta_data=299300 userid=1265 source=dump_data time=2013-04-07_16:41:41.102859
[profile_attr] old_data=1907 delta_type=1 attr=maze_info delta_data=140 userid=1265 source=dump_data time=2013-04-07_16:41:41.104924
[profile_attr] old_data=25600 delta_type=1 attr=attr_1 delta_data=6400 userid=1355 source=dump_data time=2013-04-07_16:41:42.735264
[profile_attr] old_data=19413 delta_type=1 attr=gold delta_data=2200 userid=1355 source=dump_data time=2013-04-07_16:41:42.736073
[profile_attr] old_data=899700 delta_type=1 attr=attr_3 delta_data=328800 userid=1265 source=dump_data time=2013-04-07_16:43:19.562845
[profile_attr] old_data=2047 delta_type=1 attr=maze_info delta_data=128 userid=1265 source=dump_data time=2013-04-07_16:43:19.564914
[profile_attr] old_data=1228500 delta_type=1 attr=attr_3 delta_data=359100 userid=1265 source=dump_data time=2013-04-07_16:44:23.496245
[profile_attr] old_data=2175 delta_type=1 attr=maze_info delta_data=128 userid=1265 source=dump_data time=2013-04-07_16:44:23.498335
[profile_attr] old_data=1587600 delta_type=1 attr=attr_3 delta_data=390200 userid=1265 source=dump_data time=2013-04-07_16:52:00.634741
[profile_attr] old_data=2303 delta_type=1 attr=maze_info delta_data=128 userid=1265 source=dump_data time=2013-04-07_16:52:00.637078
[profile_attr] old_data=1977800 delta_type=1 attr=attr_3 delta_data=422000 userid=1265 source=dump_data time=2013-04-07_16:53:54.821857
[profile_attr] old_data=2431 delta_type=1 attr=maze_info delta_data=128 userid=1265 source=dump_data time=2013-04-07_16:53:54.824150
[profile_attr] old_data=2399800 delta_type=1 attr=attr_3 delta_data=454500 userid=1265 source=dump_data time=2013-04-07_16:55:51.246597
[profile_attr] old_data=2559 delta_type=1 attr=maze_info delta_data=128 userid=1265 source=dump_data time=2013-04-07_16:55:51.248676
[profile_attr] old_data=44538 delta_type=0 attr=token delta_data=50 userid=1318 source=generate_player_store time=2013-04-07_16:57:32.720366
[profile_attr] old_data=2854300 delta_type=1 attr=attr_3 delta_data=487600 userid=1265 source=dump_data time=2013-04-07_16:57:40.614684
[profile_attr] old_data=2687 delta_type=1 attr=maze_info delta_data=128 userid=1265 source=dump_data time=2013-04-07_16:57:40.616794
[profile_attr] old_data=56819 delta_type=1 attr=hp delta_data=-56819 userid=1265 source=dump_data time=2013-04-07_16:58:00.977610
[profile_attr] old_data=2923 delta_type=0 attr=token delta_data=10 userid=1265 source=revive time=2013-04-07_16:58:01.131370
[profile_attr] old_data=2913 delta_type=0 attr=token delta_data=10 userid=1265 source=revive time=2013-04-07_16:58:15.514644
[profile_attr] old_data=0 delta_type=1 attr=hp delta_data=50346 userid=1265 source=dump_data time=2013-04-07_16:58:19.001249
[profile_attr] old_data=50346 delta_type=1 attr=hp delta_data=515 userid=1265 source=dump_data time=2013-04-07_16:58:19.200598
[profile_attr] old_data=44488 delta_type=0 attr=token delta_data=50 userid=1318 source=generate_player_store time=2013-04-07_16:59:54.259306
