[profile_attr] old_data=1399920 delta_type=1 attr=attr_4 delta_data=200 userid=1093 source=loads_attachment time=2013-04-03_10:25:23.622446
[profile_attr] old_data=1689327 delta_type=1 attr=gold delta_data=100000 userid=1093 source=loads_attachment time=2013-04-03_10:25:23.622564
[profile_attr] old_data=4047642 delta_type=0 attr=gold delta_data=2000 userid=1318 source=shortcut_start time=2013-04-03_10:42:00.398007
[profile_attr] old_data=4045642 delta_type=0 attr=gold delta_data=4000 userid=1318 source=shortcut_start time=2013-04-03_10:42:00.404840
[profile_attr] old_data=4041642 delta_type=0 attr=gold delta_data=6000 userid=1318 source=shortcut_start time=2013-04-03_10:42:00.410383
[profile_attr] old_data=4035642 delta_type=0 attr=gold delta_data=4000 userid=1318 source=shortcut_start time=2013-04-03_10:42:00.416933
[profile_attr] old_data=4031642 delta_type=0 attr=gold delta_data=2000 userid=1318 source=shortcut_start time=2013-04-03_10:42:00.423400
[profile_attr] old_data=4029642 delta_type=0 attr=gold delta_data=2000 userid=1318 source=shortcut_start time=2013-04-03_10:42:00.430662
[profile_attr] old_data=4027642 delta_type=0 attr=gold delta_data=4000 userid=1318 source=shortcut_start time=2013-04-03_10:42:00.436248
[profile_attr] old_data=4023642 delta_type=0 attr=gold delta_data=6000 userid=1318 source=shortcut_start time=2013-04-03_10:42:00.443171
[profile_attr] old_data=4017642 delta_type=0 attr=gold delta_data=4000 userid=1318 source=shortcut_start time=2013-04-03_10:42:00.447851
[profile_attr] old_data=4013642 delta_type=0 attr=gold delta_data=2000 userid=1318 source=shortcut_start time=2013-04-03_10:42:00.452397
[profile_attr] old_data=4011642 delta_type=0 attr=gold delta_data=4000 userid=1318 source=shortcut_start time=2013-04-03_10:42:00.457804
[profile_attr] old_data=4007642 delta_type=0 attr=gold delta_data=6000 userid=1318 source=shortcut_start time=2013-04-03_10:42:01.915184
[profile_attr] old_data=4001642 delta_type=1 attr=gold delta_data=6000 userid=1318 source=dump_data time=2013-04-03_10:42:07.191557
[profile_attr] old_data=102537684 delta_type=1 attr=attr_4 delta_data=640 userid=889 source=loads_attachment time=2013-04-03_10:42:32.334061
[profile_attr] old_data=8368669 delta_type=1 attr=gold delta_data=100000 userid=889 source=loads_attachment time=2013-04-03_10:42:32.334180
[profile_attr] old_data=0 delta_type=1 attr=mount_status delta_data=1 userid=889 source=dump_data time=2013-04-03_10:42:54.423177
[profile_attr] old_data=360 delta_type=0 attr=attr_10 delta_data=10 userid=889 source=enter time=2013-04-03_10:42:59.239090
[profile_attr] old_data=4007642 delta_type=0 attr=gold delta_data=6000 userid=1318 source=shortcut_start time=2013-04-03_10:43:25.842831
[profile_attr] old_data=4001642 delta_type=1 attr=gold delta_data=6000 userid=1318 source=dump_data time=2013-04-03_10:43:39.046582
[profile_attr] old_data=4007642 delta_type=0 attr=gold delta_data=6000 userid=1318 source=shortcut_start time=2013-04-03_10:43:56.429297
[profile_attr] old_data=4001642 delta_type=0 attr=gold delta_data=6000 userid=1318 source=shortcut_start time=2013-04-03_10:44:32.472100
[profile_attr] old_data=3995642 delta_type=0 attr=gold delta_data=6000 userid=1318 source=shortcut_start time=2013-04-03_10:44:36.128739
[profile_attr] old_data=350 delta_type=0 attr=attr_10 delta_data=10 userid=889 source=enter time=2013-04-03_10:50:39.501021
[profile_attr] old_data=340 delta_type=0 attr=attr_10 delta_data=10 userid=889 source=enter time=2013-04-03_10:53:08.969271
[profile_attr] old_data=330 delta_type=0 attr=attr_10 delta_data=10 userid=889 source=enter time=2013-04-03_10:55:57.985980
[profile_attr] old_data=99561652 delta_type=1 attr=attr_1 delta_data=200 userid=889 source=dump_data time=2013-04-03_10:56:05.662288
[profile_attr] old_data=8468669 delta_type=1 attr=gold delta_data=40 userid=889 source=dump_data time=2013-04-03_10:56:05.663125
[profile_attr] old_data=69995 delta_type=1 attr=hp delta_data=-12 userid=889 source=dump_data time=2013-04-03_10:56:05.663670
[profile_attr] old_data=1 delta_type=1 attr=mount_status delta_data=-1 userid=889 source=dump_data time=2013-04-03_10:56:05.664448
[profile_attr] old_data=69983 delta_type=1 attr=hp delta_data=12 userid=889 source=dump_data time=2013-04-03_10:56:09.559800
