[profile_attr] old_data=0 delta_type=1 attr=attr_1 delta_data=200 userid=1358 source=dump_data time=2013-04-08_15:00:14.455531
[profile_attr] old_data=0 delta_type=1 attr=attr_1 delta_data=200 userid=1358 source=dump_data time=2013-04-08_15:00:15.306354
[profile_attr] old_data=5417199 delta_type=1 attr=gold delta_data=434411 userid=1318 source=dump_data time=2013-04-08_15:02:18.723886
[profile_attr] old_data=30460 delta_type=1 attr=hp delta_data=-23558 userid=1318 source=dump_data time=2013-04-08_15:02:18.724530
[profile_attr] old_data=41262 delta_type=0 attr=token delta_data=10 userid=1318 source=cheerup time=2013-04-08_15:02:18.880751
[profile_attr] old_data=5851610 delta_type=1 attr=gold delta_data=22848 userid=1318 source=dump_data time=2013-04-08_15:02:26.160564
[profile_attr] old_data=6902 delta_type=1 attr=hp delta_data=-5890 userid=1318 source=dump_data time=2013-04-08_15:02:26.161115
[profile_attr] old_data=1012 delta_type=1 attr=hp delta_data=29448 userid=1318 source=dump_data time=2013-04-08_15:04:15.366475
[profile_attr] old_data=40.579180003 delta_type=1 attr=mp delta_data=-0.579180003048 userid=1359 source=dump_data time=2013-04-08_15:07:25.762083
[profile_attr] old_data=0 delta_type=1 attr=attr_1 delta_data=4200 userid=1359 source=dump_data time=2013-04-08_15:08:23.125006
[profile_attr] old_data=10000 delta_type=1 attr=gold delta_data=2100 userid=1359 source=dump_data time=2013-04-08_15:08:23.126422
[profile_attr] old_data=200 delta_type=0 attr=attr_10 delta_data=10 userid=1359 source=enter time=2013-04-08_15:08:29.652488
[profile_attr] old_data=0 delta_type=1 attr=attr_2 delta_data=4 userid=1359 source=dump_data time=2013-04-08_15:09:10.169790
[profile_attr] old_data=4200 delta_type=1 attr=attr_1 delta_data=200 userid=1359 source=dump_data time=2013-04-08_15:09:10.170622
[profile_attr] old_data=12100 delta_type=1 attr=gold delta_data=44 userid=1359 source=dump_data time=2013-04-08_15:09:10.171409
[profile_attr] old_data=1 delta_type=1 attr=level delta_data=1 userid=1359 source=dump_data time=2013-04-08_15:09:10.174099
[profile_attr] old_data=200 delta_type=1 attr=hp delta_data=300 userid=1359 source=dump_data time=2013-04-08_15:09:10.174421
[profile_attr] old_data=40 delta_type=1 attr=mp delta_data=2 userid=1359 source=dump_data time=2013-04-08_15:09:10.175419
[profile_attr] old_data=18331391 delta_type=0 attr=gold delta_data=290000 userid=1265 source=combine time=2013-04-08_15:09:36.974672
[profile_attr] old_data=73268 delta_type=1 attr=hp delta_data=7680 userid=1265 source=dump_data time=2013-04-08_15:09:43.507665
[profile_attr] old_data=18041391 delta_type=0 attr=gold delta_data=290000 userid=1265 source=combine time=2013-04-08_15:09:43.675879
[profile_attr] old_data=17751391 delta_type=0 attr=gold delta_data=290000 userid=1265 source=combine time=2013-04-08_15:09:51.008233
[profile_attr] old_data=17461391 delta_type=0 attr=gold delta_data=561936 userid=1265 source=enhance time=2013-04-08_15:10:02.389889
[profile_attr] old_data=16899455 delta_type=0 attr=gold delta_data=561936 userid=1265 source=enhance time=2013-04-08_15:10:03.140497
[profile_attr] old_data=16337519 delta_type=0 attr=gold delta_data=561936 userid=1265 source=enhance time=2013-04-08_15:10:03.733513
[profile_attr] old_data=15775583 delta_type=0 attr=gold delta_data=561936 userid=1265 source=enhance time=2013-04-08_15:10:04.404126
[profile_attr] old_data=15213647 delta_type=0 attr=gold delta_data=561936 userid=1265 source=enhance time=2013-04-08_15:10:05.068233
[profile_attr] old_data=14651711 delta_type=0 attr=gold delta_data=561936 userid=1265 source=enhance time=2013-04-08_15:10:05.743868
[profile_attr] old_data=14089775 delta_type=0 attr=gold delta_data=561936 userid=1265 source=enhance time=2013-04-08_15:10:06.399209
[profile_attr] old_data=13527839 delta_type=0 attr=gold delta_data=561936 userid=1265 source=enhance time=2013-04-08_15:10:07.065371
[profile_attr] old_data=12965903 delta_type=0 attr=gold delta_data=561936 userid=1265 source=enhance time=2013-04-08_15:10:07.684165
[profile_attr] old_data=12403967 delta_type=0 attr=gold delta_data=561936 userid=1265 source=enhance time=2013-04-08_15:10:08.353730
[profile_attr] old_data=11842031 delta_type=0 attr=gold delta_data=561936 userid=1265 source=enhance time=2013-04-08_15:10:09.308097
[profile_attr] old_data=11280095 delta_type=0 attr=gold delta_data=561936 userid=1265 source=enhance time=2013-04-08_15:10:09.903598
[profile_attr] old_data=10718159 delta_type=0 attr=gold delta_data=561936 userid=1265 source=enhance time=2013-04-08_15:10:10.421602
[profile_attr] old_data=10156223 delta_type=0 attr=gold delta_data=561936 userid=1265 source=enhance time=2013-04-08_15:10:11.087958
[profile_attr] old_data=9594287 delta_type=0 attr=gold delta_data=561936 userid=1265 source=enhance time=2013-04-08_15:10:13.903410
[profile_attr] old_data=9032351 delta_type=0 attr=gold delta_data=561936 userid=1265 source=enhance time=2013-04-08_15:10:14.687456
[profile_attr] old_data=8470415 delta_type=0 attr=gold delta_data=561936 userid=1265 source=enhance time=2013-04-08_15:10:15.415344
[profile_attr] old_data=7908479 delta_type=0 attr=gold delta_data=561936 userid=1265 source=enhance time=2013-04-08_15:10:16.287956
[profile_attr] old_data=7346543 delta_type=0 attr=gold delta_data=561936 userid=1265 source=enhance time=2013-04-08_15:10:16.938780
[profile_attr] old_data=6784607 delta_type=0 attr=gold delta_data=561936 userid=1265 source=enhance time=2013-04-08_15:10:17.505839
[profile_attr] old_data=6222671 delta_type=0 attr=gold delta_data=561936 userid=1265 source=enhance time=2013-04-08_15:10:18.270263
[profile_attr] old_data=5660735 delta_type=0 attr=gold delta_data=561936 userid=1265 source=enhance time=2013-04-08_15:10:19.125685
[profile_attr] old_data=5098799 delta_type=0 attr=gold delta_data=561936 userid=1265 source=enhance time=2013-04-08_15:10:19.967642
[profile_attr] old_data=4536863 delta_type=0 attr=gold delta_data=561936 userid=1265 source=enhance time=2013-04-08_15:10:20.639360
[profile_attr] old_data=3974927 delta_type=0 attr=gold delta_data=561936 userid=1265 source=enhance time=2013-04-08_15:10:21.555492
[profile_attr] old_data=3412991 delta_type=0 attr=gold delta_data=561936 userid=1265 source=enhance time=2013-04-08_15:10:22.256647
[profile_attr] old_data=2851055 delta_type=0 attr=gold delta_data=561936 userid=1265 source=enhance time=2013-04-08_15:10:23.072752
[profile_attr] old_data=2289119 delta_type=0 attr=gold delta_data=561936 userid=1265 source=enhance time=2013-04-08_15:10:28.475874
[profile_attr] old_data=1727183 delta_type=0 attr=gold delta_data=561936 userid=1265 source=enhance time=2013-04-08_15:10:31.003392
[profile_attr] old_data=1165247 delta_type=0 attr=gold delta_data=561936 userid=1265 source=enhance time=2013-04-08_15:10:31.892129
[profile_attr] old_data=603311 delta_type=0 attr=gold delta_data=561936 userid=1265 source=enhance time=2013-04-08_15:10:32.494400
[profile_attr] old_data=4400 delta_type=1 attr=attr_1 delta_data=6600 userid=1359 source=dump_data time=2013-04-08_15:10:46.439451
[profile_attr] old_data=12144 delta_type=1 attr=gold delta_data=2400 userid=1359 source=dump_data time=2013-04-08_15:10:46.440323
[profile_attr] old_data=14544 delta_type=0 attr=gold delta_data=10 userid=1359 source=enhance time=2013-04-08_15:10:46.737709
[profile_attr] old_data=14534 delta_type=0 attr=gold delta_data=10 userid=1359 source=enhance time=2013-04-08_15:10:49.212404
[profile_attr] old_data=14524 delta_type=0 attr=gold delta_data=10 userid=1359 source=enhance time=2013-04-08_15:10:51.053841
[profile_attr] old_data=14514 delta_type=0 attr=gold delta_data=10 userid=1359 source=enhance time=2013-04-08_15:10:52.536637
[profile_attr] old_data=14504 delta_type=0 attr=gold delta_data=10 userid=1359 source=enhance time=2013-04-08_15:10:54.467041
[profile_attr] old_data=11000 delta_type=1 attr=attr_1 delta_data=3100 userid=1359 source=dump_data time=2013-04-08_15:11:05.389049
[profile_attr] old_data=14494 delta_type=1 attr=gold delta_data=1100 userid=1359 source=dump_data time=2013-04-08_15:11:05.389812
[profile_attr] old_data=190 delta_type=0 attr=attr_10 delta_data=10 userid=1359 source=enter time=2013-04-08_15:11:09.409356
[profile_attr] old_data=4 delta_type=1 attr=attr_2 delta_data=4 userid=1359 source=dump_data time=2013-04-08_15:12:03.590501
[profile_attr] old_data=14100 delta_type=1 attr=attr_1 delta_data=700 userid=1359 source=dump_data time=2013-04-08_15:12:03.591368
[profile_attr] old_data=15594 delta_type=1 attr=gold delta_data=110 userid=1359 source=dump_data time=2013-04-08_15:12:03.594974
[profile_attr] old_data=500 delta_type=1 attr=hp delta_data=196 userid=1359 source=dump_data time=2013-04-08_15:12:03.595870
[profile_attr] old_data=42 delta_type=1 attr=mp delta_data=3 userid=1359 source=dump_data time=2013-04-08_15:12:03.596851
[profile_attr] old_data=41375 delta_type=1 attr=gold delta_data=5000 userid=1265 source=dump_data time=2013-04-08_15:12:57.716766
[profile_attr] old_data=755 delta_type=0 attr=attr_10 delta_data=10 userid=1265 source=enter time=2013-04-08_15:13:02.370758
[profile_attr] old_data=8 delta_type=1 attr=attr_2 delta_data=4 userid=1359 source=dump_data time=2013-04-08_15:13:02.492707
[profile_attr] old_data=14800 delta_type=1 attr=attr_1 delta_data=6200 userid=1359 source=dump_data time=2013-04-08_15:13:02.493539
[profile_attr] old_data=15704 delta_type=1 attr=gold delta_data=2200 userid=1359 source=dump_data time=2013-04-08_15:13:02.494292
[profile_attr] old_data=3 delta_type=1 attr=level delta_data=1 userid=1359 source=dump_data time=2013-04-08_15:13:02.511316
[profile_attr] old_data=696 delta_type=1 attr=hp delta_data=484 userid=1359 source=dump_data time=2013-04-08_15:13:02.511734
[profile_attr] old_data=45 delta_type=1 attr=mp delta_data=2 userid=1359 source=dump_data time=2013-04-08_15:13:02.512853
[profile_attr] old_data=80948 delta_type=1 attr=hp delta_data=-123 userid=1265 source=dump_data time=2013-04-08_15:13:06.443194
[profile_attr] old_data=1 delta_type=1 attr=mount_status delta_data=-1 userid=1265 source=dump_data time=2013-04-08_15:13:06.443959
[profile_attr] old_data=80825 delta_type=1 attr=hp delta_data=123 userid=1265 source=dump_data time=2013-04-08_15:14:13.567496
[profile_attr] old_data=46375 delta_type=0 attr=gold delta_data=2000 userid=1265 source=combine time=2013-04-08_15:14:13.732765
[profile_attr] old_data=44375 delta_type=0 attr=gold delta_data=100 userid=1265 source=mosaic time=2013-04-08_15:14:49.198514
[profile_attr] old_data=44275 delta_type=0 attr=gold delta_data=100 userid=1265 source=mosaic time=2013-04-08_15:14:52.248649
[profile_attr] old_data=1180 delta_type=1 attr=hp delta_data=11000 userid=1359 source=dump_data time=2013-04-08_15:14:53.630634
[profile_attr] old_data=47 delta_type=1 attr=mp delta_data=261 userid=1359 source=dump_data time=2013-04-08_15:14:53.632449
[profile_attr] old_data=44175 delta_type=0 attr=gold delta_data=100 userid=1265 source=mosaic time=2013-04-08_15:14:55.865102
[profile_attr] old_data=964557 delta_type=0 attr=token delta_data=50 userid=1265 source=punch time=2013-04-08_15:14:59.881900
[profile_attr] old_data=44075 delta_type=0 attr=gold delta_data=100 userid=1265 source=mosaic time=2013-04-08_15:15:09.301902
[profile_attr] old_data=43975 delta_type=0 attr=gold delta_data=100 userid=1265 source=mosaic time=2013-04-08_15:15:17.880784
[profile_attr] old_data=43875 delta_type=0 attr=gold delta_data=100 userid=1265 source=mosaic time=2013-04-08_15:15:19.865603
[profile_attr] old_data=43775 delta_type=0 attr=gold delta_data=100 userid=1265 source=mosaic time=2013-04-08_15:15:22.096474
[profile_attr] old_data=964507 delta_type=0 attr=token delta_data=50 userid=1265 source=punch time=2013-04-08_15:15:25.340577
[profile_attr] old_data=43675 delta_type=0 attr=gold delta_data=100 userid=1265 source=mosaic time=2013-04-08_15:15:40.013882
[profile_attr] old_data=43575 delta_type=0 attr=gold delta_data=100 userid=1265 source=mosaic time=2013-04-08_15:15:51.445742
[profile_attr] old_data=43475 delta_type=0 attr=gold delta_data=100 userid=1265 source=mosaic time=2013-04-08_15:15:53.778700
[profile_attr] old_data=43375 delta_type=0 attr=gold delta_data=100 userid=1265 source=mosaic time=2013-04-08_15:15:56.278134
[profile_attr] old_data=964457 delta_type=0 attr=token delta_data=50 userid=1265 source=punch time=2013-04-08_15:16:01.663738
[profile_attr] old_data=43275 delta_type=0 attr=gold delta_data=100 userid=1265 source=mosaic time=2013-04-08_15:16:02.965230
[profile_attr] old_data=80948 delta_type=1 attr=hp delta_data=14160 userid=1265 source=dump_data time=2013-04-08_15:16:09.708803
[profile_attr] old_data=43175 delta_type=0 attr=gold delta_data=100 userid=1265 source=mosaic time=2013-04-08_15:16:09.828078
[profile_attr] old_data=43075 delta_type=0 attr=gold delta_data=100 userid=1265 source=mosaic time=2013-04-08_15:16:19.728952
[profile_attr] old_data=42975 delta_type=0 attr=gold delta_data=100 userid=1265 source=mosaic time=2013-04-08_15:16:27.194114
[profile_attr] old_data=964407 delta_type=0 attr=token delta_data=50 userid=1265 source=punch time=2013-04-08_15:16:31.277640
[profile_attr] old_data=42875 delta_type=0 attr=gold delta_data=100 userid=1265 source=mosaic time=2013-04-08_15:16:39.826190
[profile_attr] old_data=42775 delta_type=0 attr=gold delta_data=100 userid=1265 source=mosaic time=2013-04-08_15:16:50.929969
[profile_attr] old_data=42675 delta_type=0 attr=gold delta_data=100 userid=1265 source=mosaic time=2013-04-08_15:16:54.376625
[profile_attr] old_data=42575 delta_type=0 attr=gold delta_data=100 userid=1265 source=mosaic time=2013-04-08_15:16:57.776738
[profile_attr] old_data=964357 delta_type=0 attr=token delta_data=50 userid=1265 source=punch time=2013-04-08_15:17:02.915652
[profile_attr] old_data=42475 delta_type=0 attr=gold delta_data=100 userid=1265 source=mosaic time=2013-04-08_15:17:04.625456
[profile_attr] old_data=1 delta_type=1 attr=level delta_data=89 userid=1360 source=dump_data time=2013-04-08_15:17:11.433482
[profile_attr] old_data=200 delta_type=1 attr=hp delta_data=21400 userid=1360 source=dump_data time=2013-04-08_15:17:11.433806
[profile_attr] old_data=40.579180003 delta_type=1 attr=mp delta_data=1519.42082 userid=1360 source=dump_data time=2013-04-08_15:17:11.434883
[profile_attr] old_data=42375 delta_type=0 attr=gold delta_data=100 userid=1265 source=mosaic time=2013-04-08_15:17:15.375118
[profile_attr] old_data=42275 delta_type=0 attr=gold delta_data=100 userid=1265 source=mosaic time=2013-04-08_15:17:18.494012
[profile_attr] old_data=42175 delta_type=0 attr=gold delta_data=100 userid=1265 source=mosaic time=2013-04-08_15:17:24.178374
[profile_attr] old_data=964307 delta_type=0 attr=token delta_data=50 userid=1265 source=punch time=2013-04-08_15:17:29.526937
[profile_attr] old_data=42075 delta_type=0 attr=gold delta_data=100 userid=1265 source=mosaic time=2013-04-08_15:17:30.727289
[profile_attr] old_data=41975 delta_type=0 attr=gold delta_data=100 userid=1265 source=mosaic time=2013-04-08_15:17:43.525176
[profile_attr] old_data=41875 delta_type=0 attr=gold delta_data=100 userid=1265 source=mosaic time=2013-04-08_15:17:45.958980
[profile_attr] old_data=41775 delta_type=0 attr=gold delta_data=100 userid=1265 source=mosaic time=2013-04-08_15:17:58.976269
[profile_attr] old_data=0 delta_type=1 attr=attr_1 delta_data=4200 userid=1360 source=dump_data time=2013-04-08_15:18:04.116922
[profile_attr] old_data=10000 delta_type=1 attr=gold delta_data=2100 userid=1360 source=dump_data time=2013-04-08_15:18:04.117746
[profile_attr] old_data=41675 delta_type=0 attr=gold delta_data=100 userid=1265 source=mosaic time=2013-04-08_15:18:09.124502
[profile_attr] old_data=41575 delta_type=0 attr=gold delta_data=100 userid=1265 source=mosaic time=2013-04-08_15:18:13.289609
[profile_attr] old_data=95108 delta_type=1 attr=hp delta_data=2160 userid=1265 source=dump_data time=2013-04-08_15:18:17.890316
[profile_attr] old_data=41475 delta_type=0 attr=gold delta_data=100 userid=1265 source=mosaic time=2013-04-08_15:18:18.008046
[profile_attr] old_data=1133700 delta_type=0 attr=attr_1 delta_data=134900.0 userid=1265 source=upgrade time=2013-04-08_15:18:56.036734
[profile_attr] old_data=998800 delta_type=0 attr=attr_1 delta_data=144900.0 userid=1265 source=upgrade time=2013-04-08_15:18:56.682633
[profile_attr] old_data=853900 delta_type=0 attr=attr_1 delta_data=155100.0 userid=1265 source=upgrade time=2013-04-08_15:18:57.022668
[profile_attr] old_data=698800 delta_type=0 attr=attr_1 delta_data=165600.0 userid=1265 source=upgrade time=2013-04-08_15:18:57.364878
[profile_attr] old_data=533200 delta_type=0 attr=attr_1 delta_data=176300.0 userid=1265 source=upgrade time=2013-04-08_15:18:58.013340
[profile_attr] old_data=356900 delta_type=0 attr=attr_1 delta_data=187300.0 userid=1265 source=upgrade time=2013-04-08_15:18:58.768702
[profile_attr] old_data=40.579180003 delta_type=1 attr=mp delta_data=-0.579180003048 userid=1361 source=dump_data time=2013-04-08_15:20:20.728426
[profile_attr] old_data=99999999 delta_type=0 attr=gold delta_data=561936 userid=1265 source=enhance time=2013-04-08_15:20:25.980269
[profile_attr] old_data=99438063 delta_type=0 attr=gold delta_data=561936 userid=1265 source=enhance time=2013-04-08_15:20:26.840488
[profile_attr] old_data=98876127 delta_type=0 attr=gold delta_data=561936 userid=1265 source=enhance time=2013-04-08_15:20:27.506244
[profile_attr] old_data=98314191 delta_type=0 attr=gold delta_data=561936 userid=1265 source=enhance time=2013-04-08_15:20:28.516519
[profile_attr] old_data=97752255 delta_type=0 attr=gold delta_data=561936 userid=1265 source=enhance time=2013-04-08_15:20:29.009899
[profile_attr] old_data=97190319 delta_type=0 attr=gold delta_data=561936 userid=1265 source=enhance time=2013-04-08_15:20:29.682814
[profile_attr] old_data=96628383 delta_type=0 attr=gold delta_data=561936 userid=1265 source=enhance time=2013-04-08_15:20:30.389328
[profile_attr] old_data=96066447 delta_type=0 attr=gold delta_data=561936 userid=1265 source=enhance time=2013-04-08_15:20:30.997438
[profile_attr] old_data=95504511 delta_type=0 attr=gold delta_data=561936 userid=1265 source=enhance time=2013-04-08_15:20:31.698929
[profile_attr] old_data=94942575 delta_type=0 attr=gold delta_data=561936 userid=1265 source=enhance time=2013-04-08_15:20:34.048107
[profile_attr] old_data=94380639 delta_type=0 attr=gold delta_data=561936 userid=1265 source=enhance time=2013-04-08_15:20:34.707441
[profile_attr] old_data=93818703 delta_type=0 attr=gold delta_data=561936 userid=1265 source=enhance time=2013-04-08_15:20:35.356027
[profile_attr] old_data=93256767 delta_type=0 attr=gold delta_data=561936 userid=1265 source=enhance time=2013-04-08_15:20:36.114159
[profile_attr] old_data=92694831 delta_type=0 attr=gold delta_data=561936 userid=1265 source=enhance time=2013-04-08_15:20:36.619973
[profile_attr] old_data=92132895 delta_type=0 attr=gold delta_data=561936 userid=1265 source=enhance time=2013-04-08_15:20:37.096284
[profile_attr] old_data=91570959 delta_type=0 attr=gold delta_data=561936 userid=1265 source=enhance time=2013-04-08_15:20:37.663230
[profile_attr] old_data=91009023 delta_type=0 attr=gold delta_data=561936 userid=1265 source=enhance time=2013-04-08_15:20:38.335481
[profile_attr] old_data=90447087 delta_type=0 attr=gold delta_data=561936 userid=1265 source=enhance time=2013-04-08_15:20:39.047803
[profile_attr] old_data=89885151 delta_type=0 attr=gold delta_data=561936 userid=1265 source=enhance time=2013-04-08_15:20:39.781296
[profile_attr] old_data=89323215 delta_type=0 attr=gold delta_data=561936 userid=1265 source=enhance time=2013-04-08_15:20:40.461044
[profile_attr] old_data=88761279 delta_type=0 attr=gold delta_data=561936 userid=1265 source=enhance time=2013-04-08_15:20:43.364538
[profile_attr] old_data=88199343 delta_type=1 attr=gold delta_data=10000 userid=1265 source=dump_data time=2013-04-08_15:21:13.913409
[profile_attr] old_data=0 delta_type=1 attr=mount_status delta_data=1 userid=1265 source=dump_data time=2013-04-08_15:21:13.914870
[profile_attr] old_data=745 delta_type=0 attr=attr_10 delta_data=10 userid=1265 source=enter time=2013-04-08_15:21:17.160607
[profile_attr] old_data=169600 delta_type=1 attr=attr_1 delta_data=57300 userid=1265 source=dump_data time=2013-04-08_15:23:26.413182
[profile_attr] old_data=88209343 delta_type=1 attr=gold delta_data=7490 userid=1265 source=dump_data time=2013-04-08_15:23:26.413937
[profile_attr] old_data=1 delta_type=1 attr=mount_status delta_data=-1 userid=1265 source=dump_data time=2013-04-08_15:23:26.415287
[profile_attr] old_data=88216833 delta_type=1 attr=gold delta_data=1229500 userid=1265 source=dump_data time=2013-04-08_15:23:37.034266
[profile_attr] old_data=0 delta_type=1 attr=mount_status delta_data=1 userid=1265 source=dump_data time=2013-04-08_15:23:37.035573
[profile_attr] old_data=735 delta_type=0 attr=attr_10 delta_data=10 userid=1265 source=enter time=2013-04-08_15:23:40.418295
[profile_attr] old_data=226900 delta_type=1 attr=attr_1 delta_data=57600 userid=1265 source=dump_data time=2013-04-08_15:25:19.690480
[profile_attr] old_data=89446333 delta_type=1 attr=gold delta_data=6828 userid=1265 source=dump_data time=2013-04-08_15:25:19.692169
[profile_attr] old_data=97268 delta_type=1 attr=hp delta_data=-2421 userid=1265 source=dump_data time=2013-04-08_15:25:19.693138
[profile_attr] old_data=1 delta_type=1 attr=mount_status delta_data=-1 userid=1265 source=dump_data time=2013-04-08_15:25:19.694896
[profile_attr] old_data=200 delta_type=0 attr=attr_10 delta_data=10 userid=1360 source=enter time=2013-04-08_15:25:26.300930
[profile_attr] old_data=1488 delta_type=1 attr=attr_2 delta_data=4 userid=1265 source=dump_data time=2013-04-08_15:26:10.542128
[profile_attr] old_data=89453161 delta_type=1 attr=gold delta_data=3597500 userid=1265 source=dump_data time=2013-04-08_15:26:10.543507
[profile_attr] old_data=43 delta_type=1 attr=level delta_data=1 userid=1265 source=dump_data time=2013-04-08_15:26:10.545941
[profile_attr] old_data=94847 delta_type=1 attr=hp delta_data=2721 userid=1265 source=dump_data time=2013-04-08_15:26:10.546292
[profile_attr] old_data=0 delta_type=1 attr=mount_status delta_data=1 userid=1265 source=dump_data time=2013-04-08_15:26:10.547077
[profile_attr] old_data=236 delta_type=1 attr=mp delta_data=10 userid=1265 source=dump_data time=2013-04-08_15:26:10.547382
[profile_attr] old_data=964257 delta_type=0 attr=token delta_data=3 userid=1265 source=end_clean_instance time=2013-04-08_15:26:13.638016
[profile_attr] old_data=725 delta_type=0 attr=attr_10 delta_data=10 userid=1265 source=end_clean_instance time=2013-04-08_15:26:13.638135
[profile_attr] old_data=284500 delta_type=1 attr=attr_1 delta_data=56800 userid=1265 source=end_clean_instance time=2013-04-08_15:26:13.638252
[profile_attr] old_data=93050661 delta_type=1 attr=gold delta_data=5627 userid=1265 source=end_clean_instance time=2013-04-08_15:26:13.638382
[profile_attr] old_data=341300 delta_type=0 attr=attr_1 delta_data=198500.0 userid=1265 source=upgrade time=2013-04-08_15:26:20.386626
[profile_attr] old_data=93056288 delta_type=1 attr=gold delta_data=1314500 userid=1265 source=dump_data time=2013-04-08_15:26:38.336930
[profile_attr] old_data=964254 delta_type=0 attr=token delta_data=3 userid=1265 source=end_clean_instance time=2013-04-08_15:26:41.469279
[profile_attr] old_data=715 delta_type=0 attr=attr_10 delta_data=10 userid=1265 source=end_clean_instance time=2013-04-08_15:26:41.469533
[profile_attr] old_data=142800 delta_type=1 attr=attr_1 delta_data=56800 userid=1265 source=end_clean_instance time=2013-04-08_15:26:41.469770
[profile_attr] old_data=94370788 delta_type=1 attr=gold delta_data=5627 userid=1265 source=end_clean_instance time=2013-04-08_15:26:41.470062
[profile_attr] old_data=94376415 delta_type=1 attr=gold delta_data=1314500 userid=1265 source=dump_data time=2013-04-08_15:26:58.737517
[profile_attr] old_data=964251 delta_type=0 attr=token delta_data=3 userid=1265 source=end_clean_instance time=2013-04-08_15:27:01.370241
[profile_attr] old_data=705 delta_type=0 attr=attr_10 delta_data=10 userid=1265 source=end_clean_instance time=2013-04-08_15:27:01.370469
[profile_attr] old_data=199600 delta_type=1 attr=attr_1 delta_data=56800 userid=1265 source=end_clean_instance time=2013-04-08_15:27:01.370706
[profile_attr] old_data=95690915 delta_type=1 attr=gold delta_data=5627 userid=1265 source=end_clean_instance time=2013-04-08_15:27:01.372056
[profile_attr] old_data=95696542 delta_type=1 attr=gold delta_data=1314500 userid=1265 source=dump_data time=2013-04-08_15:27:46.866172
[profile_attr] old_data=695 delta_type=0 attr=attr_10 delta_data=10 userid=1265 source=enter time=2013-04-08_15:27:50.185856
[profile_attr] old_data=12100 delta_type=1 attr=gold delta_data=523 userid=1360 source=dump_data time=2013-04-08_15:28:31.294280
[profile_attr] old_data=21600 delta_type=1 attr=hp delta_data=-21600 userid=1360 source=dump_data time=2013-04-08_15:28:31.294882
[profile_attr] old_data=10000 delta_type=0 attr=token delta_data=10 userid=1360 source=revive time=2013-04-08_15:28:31.773943
[profile_attr] old_data=12623 delta_type=1 attr=gold delta_data=40 userid=1360 source=dump_data time=2013-04-08_15:29:30.113636
[profile_attr] old_data=9990 delta_type=0 attr=token delta_data=10 userid=1360 source=revive time=2013-04-08_15:29:30.684942
[profile_attr] old_data=4200 delta_type=1 attr=attr_1 delta_data=48500 userid=1360 source=dump_data time=2013-04-08_15:30:51.862056
[profile_attr] old_data=12663 delta_type=1 attr=gold delta_data=1502 userid=1360 source=dump_data time=2013-04-08_15:30:51.862849
[profile_attr] old_data=0 delta_type=1 attr=hp delta_data=496 userid=1360 source=dump_data time=2013-04-08_15:30:51.863393
[profile_attr] old_data=256400 delta_type=1 attr=attr_1 delta_data=57800 userid=1265 source=dump_data time=2013-04-08_15:31:27.025016
[profile_attr] old_data=97011042 delta_type=1 attr=gold delta_data=7079 userid=1265 source=dump_data time=2013-04-08_15:31:27.025786
[profile_attr] old_data=1 delta_type=1 attr=mount_status delta_data=-1 userid=1265 source=dump_data time=2013-04-08_15:31:27.026988
[profile_attr] old_data=97018121 delta_type=1 attr=gold delta_data=3385500 userid=1265 source=dump_data time=2013-04-08_15:31:45.853851
[profile_attr] old_data=0 delta_type=1 attr=mount_status delta_data=1 userid=1265 source=dump_data time=2013-04-08_15:31:45.855161
[profile_attr] old_data=685 delta_type=0 attr=attr_10 delta_data=10 userid=1265 source=enter time=2013-04-08_15:31:49.211569
[profile_attr] old_data=496 delta_type=1 attr=hp delta_data=21104 userid=1360 source=dump_data time=2013-04-08_15:33:24.240972
[profile_attr] old_data=210 delta_type=0 attr=attr_10 delta_data=10 userid=594 source=enter time=2013-04-08_15:33:29.463776
[profile_attr] old_data=190 delta_type=0 attr=attr_10 delta_data=10 userid=1360 source=enter time=2013-04-08_15:33:32.584162
[profile_attr] old_data=314200 delta_type=1 attr=attr_1 delta_data=58100 userid=1265 source=dump_data time=2013-04-08_15:33:33.807537
[profile_attr] old_data=100403621 delta_type=1 attr=gold delta_data=12074 userid=1265 source=dump_data time=2013-04-08_15:33:33.808302
[profile_attr] old_data=97568 delta_type=1 attr=hp delta_data=-1040 userid=1265 source=dump_data time=2013-04-08_15:33:33.808819
[profile_attr] old_data=1 delta_type=1 attr=mount_status delta_data=-1 userid=1265 source=dump_data time=2013-04-08_15:33:33.810797
[profile_attr] old_data=1492 delta_type=1 attr=attr_2 delta_data=4 userid=1265 source=dump_data time=2013-04-08_15:34:04.925051
[profile_attr] old_data=100415695 delta_type=1 attr=gold delta_data=3046500 userid=1265 source=dump_data time=2013-04-08_15:34:04.926499
[profile_attr] old_data=44 delta_type=1 attr=level delta_data=1 userid=1265 source=dump_data time=2013-04-08_15:34:04.928933
[profile_attr] old_data=96528 delta_type=1 attr=hp delta_data=1240 userid=1265 source=dump_data time=2013-04-08_15:34:04.929259
[profile_attr] old_data=0 delta_type=1 attr=mount_status delta_data=1 userid=1265 source=dump_data time=2013-04-08_15:34:04.930032
[profile_attr] old_data=246 delta_type=1 attr=mp delta_data=10 userid=1265 source=dump_data time=2013-04-08_15:34:04.930351
[profile_attr] old_data=964248 delta_type=0 attr=token delta_data=3 userid=1265 source=end_clean_instance time=2013-04-08_15:34:07.952289
[profile_attr] old_data=675 delta_type=0 attr=attr_10 delta_data=10 userid=1265 source=end_clean_instance time=2013-04-08_15:34:07.952439
[profile_attr] old_data=372300 delta_type=1 attr=attr_1 delta_data=57100 userid=1265 source=end_clean_instance time=2013-04-08_15:34:07.952584
[profile_attr] old_data=103462195 delta_type=1 attr=gold delta_data=5781 userid=1265 source=end_clean_instance time=2013-04-08_15:34:07.952738
[profile_attr] old_data=103467976 delta_type=1 attr=gold delta_data=1393500 userid=1265 source=dump_data time=2013-04-08_15:34:22.704479
[profile_attr] old_data=964245 delta_type=0 attr=token delta_data=3 userid=1265 source=end_clean_instance time=2013-04-08_15:34:25.601157
[profile_attr] old_data=665 delta_type=0 attr=attr_10 delta_data=10 userid=1265 source=end_clean_instance time=2013-04-08_15:34:25.601281
[profile_attr] old_data=429400 delta_type=1 attr=attr_1 delta_data=57100 userid=1265 source=end_clean_instance time=2013-04-08_15:34:25.601426
[profile_attr] old_data=104861476 delta_type=1 attr=gold delta_data=5781 userid=1265 source=end_clean_instance time=2013-04-08_15:34:25.601558
[profile_attr] old_data=14165 delta_type=1 attr=gold delta_data=45 userid=1360 source=dump_data time=2013-04-08_15:34:28.348678
[profile_attr] old_data=21600 delta_type=1 attr=hp delta_data=-21600 userid=1360 source=dump_data time=2013-04-08_15:34:28.349323
[profile_attr] old_data=104867257 delta_type=1 attr=gold delta_data=1393500 userid=1265 source=dump_data time=2013-04-08_15:34:43.408865
[profile_attr] old_data=964242 delta_type=0 attr=token delta_data=3 userid=1265 source=end_clean_instance time=2013-04-08_15:34:46.582887
[profile_attr] old_data=655 delta_type=0 attr=attr_10 delta_data=10 userid=1265 source=end_clean_instance time=2013-04-08_15:34:46.583024
[profile_attr] old_data=486500 delta_type=1 attr=attr_1 delta_data=57100 userid=1265 source=end_clean_instance time=2013-04-08_15:34:46.583143
[profile_attr] old_data=106260757 delta_type=1 attr=gold delta_data=5781 userid=1265 source=end_clean_instance time=2013-04-08_15:34:46.583273
[profile_attr] old_data=106266538 delta_type=1 attr=gold delta_data=1393500 userid=1265 source=dump_data time=2013-04-08_15:35:02.663758
[profile_attr] old_data=4252500 delta_type=1 attr=attr_3 delta_data=215700 userid=1265 source=dump_data time=2013-04-08_15:35:42.400342
[profile_attr] old_data=1523 delta_type=1 attr=maze_info delta_data=140 userid=1265 source=dump_data time=2013-04-08_15:35:42.402524
[profile_attr] old_data=1 delta_type=1 attr=mount_status delta_data=-1 userid=1265 source=dump_data time=2013-04-08_15:35:42.402836
[profile_attr] old_data=4468200 delta_type=1 attr=attr_3 delta_data=242700 userid=1265 source=dump_data time=2013-04-08_15:36:27.291646
[profile_attr] old_data=1663 delta_type=1 attr=maze_info delta_data=128 userid=1265 source=dump_data time=2013-04-08_15:36:27.294421
[profile_attr] old_data=14210 delta_type=1 attr=gold delta_data=317 userid=1360 source=dump_data time=2013-04-08_15:36:45.823446
[profile_attr] old_data=0 delta_type=1 attr=hp delta_data=8599 userid=1360 source=dump_data time=2013-04-08_15:36:45.824003
[profile_attr] old_data=97768 delta_type=1 attr=hp delta_data=-290 userid=1265 source=dump_data time=2013-04-08_15:36:59.826937
[profile_attr] old_data=1791 delta_type=1 attr=maze_info delta_data=-124 userid=1265 source=dump_data time=2013-04-08_15:36:59.827571
[profile_attr] old_data=543600 delta_type=0 attr=attr_1 delta_data=209900.0 userid=1265 source=upgrade time=2013-04-08_15:36:59.996745
[profile_attr] old_data=97478 delta_type=1 attr=hp delta_data=-869 userid=1265 source=dump_data time=2013-04-08_15:37:03.375850
[profile_attr] old_data=333700 delta_type=0 attr=attr_1 delta_data=221600.0 userid=1265 source=upgrade time=2013-04-08_15:37:03.545990
[profile_attr] old_data=4710900 delta_type=1 attr=attr_3 delta_data=270600 userid=1265 source=dump_data time=2013-04-08_15:37:39.396619
[profile_attr] old_data=96609 delta_type=1 attr=hp delta_data=1159 userid=1265 source=dump_data time=2013-04-08_15:37:39.398375
[profile_attr] old_data=1667 delta_type=1 attr=maze_info delta_data=252 userid=1265 source=dump_data time=2013-04-08_15:37:39.398982
[profile_attr] old_data=107660038 delta_type=1 attr=gold delta_data=1000 userid=1265 source=dump_data time=2013-04-08_15:39:43.269842
[profile_attr] old_data=97768 delta_type=1 attr=hp delta_data=-1756 userid=1265 source=dump_data time=2013-04-08_15:39:43.270394
[profile_attr] old_data=992340 delta_type=1 attr=attr_4 delta_data=5 userid=1265 source=dump_data time=2013-04-08_15:39:43.272000
[profile_attr] old_data=96012 delta_type=1 attr=hp delta_data=1756 userid=1265 source=dump_data time=2013-04-08_15:40:24.784522
[profile_attr] old_data=1919 delta_type=1 attr=maze_info delta_data=-108 userid=1265 source=dump_data time=2013-04-08_15:40:57.868787
[profile_attr] old_data=992345 delta_type=1 attr=attr_4 delta_data=200 userid=1265 source=loads_attachment time=2013-04-08_15:40:58.059042
[profile_attr] old_data=107661038 delta_type=1 attr=gold delta_data=100000 userid=1265 source=loads_attachment time=2013-04-08_15:40:58.059273
[profile_attr] old_data=992545 delta_type=1 attr=attr_4 delta_data=200 userid=1265 source=loads_attachment time=2013-04-08_15:40:58.062239
[profile_attr] old_data=107761038 delta_type=1 attr=gold delta_data=100000 userid=1265 source=loads_attachment time=2013-04-08_15:40:58.062429
[profile_attr] old_data=1811 delta_type=1 attr=maze_info delta_data=-16 userid=1265 source=dump_data time=2013-04-08_15:41:06.855479
[profile_attr] old_data=4981500 delta_type=1 attr=attr_3 delta_data=299300 userid=1265 source=dump_data time=2013-04-08_15:41:26.567223
[profile_attr] old_data=97768 delta_type=1 attr=hp delta_data=-319 userid=1265 source=dump_data time=2013-04-08_15:41:26.568881
[profile_attr] old_data=1795 delta_type=1 attr=maze_info delta_data=252 userid=1265 source=dump_data time=2013-04-08_15:41:26.569449
[profile_attr] old_data=5280800 delta_type=1 attr=attr_3 delta_data=328800 userid=1265 source=dump_data time=2013-04-08_15:42:59.080940
[profile_attr] old_data=97449 delta_type=1 attr=hp delta_data=2865 userid=1265 source=dump_data time=2013-04-08_15:42:59.082573
[profile_attr] old_data=2047 delta_type=1 attr=maze_info delta_data=128 userid=1265 source=dump_data time=2013-04-08_15:42:59.083151
[profile_attr] old_data=100314 delta_type=1 attr=hp delta_data=-14 userid=1265 source=dump_data time=2013-04-08_15:43:04.215739
[profile_attr] old_data=100300 delta_type=1 attr=hp delta_data=367 userid=1265 source=dump_data time=2013-04-08_15:43:43.645762
[profile_attr] old_data=0 delta_type=1 attr=mount_status delta_data=1 userid=1265 source=dump_data time=2013-04-08_15:43:43.646988
[profile_attr] old_data=645 delta_type=0 attr=attr_10 delta_data=10 userid=1265 source=enter time=2013-04-08_15:43:48.689981
[profile_attr] old_data=112100 delta_type=1 attr=attr_1 delta_data=58300 userid=1265 source=dump_data time=2013-04-08_15:46:29.719555
[profile_attr] old_data=107861038 delta_type=1 attr=gold delta_data=13564 userid=1265 source=dump_data time=2013-04-08_15:46:29.720385
[profile_attr] old_data=100667 delta_type=1 attr=hp delta_data=-2995 userid=1265 source=dump_data time=2013-04-08_15:46:29.720936
[profile_attr] old_data=1 delta_type=1 attr=mount_status delta_data=-1 userid=1265 source=dump_data time=2013-04-08_15:46:29.721740
[profile_attr] old_data=107874602 delta_type=1 attr=gold delta_data=1308500 userid=1265 source=dump_data time=2013-04-08_15:47:50.748299
[profile_attr] old_data=97672 delta_type=1 attr=hp delta_data=2995 userid=1265 source=dump_data time=2013-04-08_15:47:50.748877
[profile_attr] old_data=0 delta_type=1 attr=mount_status delta_data=1 userid=1265 source=dump_data time=2013-04-08_15:47:50.749691
[profile_attr] old_data=170400 delta_type=0 attr=attr_1 delta_data=125300.0 userid=1265 source=upgrade time=2013-04-08_15:47:50.868413
[profile_attr] old_data=100667 delta_type=1 attr=hp delta_data=9242 userid=1265 source=dump_data time=2013-04-08_15:48:41.230295
[profile_attr] old_data=1496 delta_type=0 attr=attr_2 delta_data=1 userid=1265 source=action_to_profile time=2013-04-08_15:51:05.876618
[profile_attr] old_data=1495 delta_type=0 attr=attr_2 delta_data=1 userid=1265 source=action_to_profile time=2013-04-08_15:51:06.643831
[profile_attr] old_data=1494 delta_type=0 attr=attr_2 delta_data=1 userid=1265 source=action_to_profile time=2013-04-08_15:51:08.311057
[profile_attr] old_data=1493 delta_type=0 attr=attr_2 delta_data=1 userid=1265 source=action_to_profile time=2013-04-08_15:51:08.611935
[profile_attr] old_data=1492 delta_type=0 attr=attr_2 delta_data=1 userid=1265 source=action_to_profile time=2013-04-08_15:51:10.042740
[profile_attr] old_data=1491 delta_type=0 attr=attr_2 delta_data=1 userid=1265 source=action_to_profile time=2013-04-08_15:51:10.410815
[profile_attr] old_data=30460 delta_type=1 attr=hp delta_data=1400 userid=1318 source=dump_data time=2013-04-08_15:51:29.641636
[profile_attr] old_data=308 delta_type=1 attr=mp delta_data=92 userid=1318 source=dump_data time=2013-04-08_15:51:29.643479
[profile_attr] old_data=1490 delta_type=0 attr=attr_2 delta_data=1 userid=1265 source=action_to_profile time=2013-04-08_15:51:36.658840
[profile_attr] old_data=1489 delta_type=0 attr=attr_2 delta_data=1 userid=1265 source=action_to_profile time=2013-04-08_15:51:36.976622
[profile_attr] old_data=109183102 delta_type=1 attr=gold delta_data=5 userid=1265 source=sell time=2013-04-08_15:52:25.809758
[profile_attr] old_data=109183107 delta_type=1 attr=gold delta_data=1000 userid=1265 source=shortcut_sell time=2013-04-08_15:53:38.062092
[profile_attr] old_data=109184107 delta_type=1 attr=gold delta_data=1000 userid=1265 source=shortcut_sell time=2013-04-08_15:53:38.062219
[profile_attr] old_data=109185107 delta_type=1 attr=gold delta_data=1000 userid=1265 source=shortcut_sell time=2013-04-08_15:53:38.062332
[profile_attr] old_data=109186107 delta_type=1 attr=gold delta_data=1000 userid=1265 source=shortcut_sell time=2013-04-08_15:53:38.062451
[profile_attr] old_data=109187107 delta_type=1 attr=gold delta_data=1000 userid=1265 source=shortcut_sell time=2013-04-08_15:53:38.062557
[profile_attr] old_data=109188107 delta_type=1 attr=gold delta_data=1000 userid=1265 source=shortcut_sell time=2013-04-08_15:53:38.062678
[profile_attr] old_data=109189107 delta_type=1 attr=gold delta_data=1000 userid=1265 source=shortcut_sell time=2013-04-08_15:53:38.062781
[profile_attr] old_data=109190107 delta_type=1 attr=gold delta_data=1000 userid=1265 source=shortcut_sell time=2013-04-08_15:53:38.062889
[profile_attr] old_data=109191107 delta_type=1 attr=gold delta_data=1000 userid=1265 source=shortcut_sell time=2013-04-08_15:53:38.063005
[profile_attr] old_data=109192107 delta_type=1 attr=gold delta_data=1000 userid=1265 source=shortcut_sell time=2013-04-08_15:53:38.063118
[profile_attr] old_data=109193107 delta_type=1 attr=gold delta_data=1000 userid=1265 source=shortcut_sell time=2013-04-08_15:53:38.063229
[profile_attr] old_data=109194107 delta_type=0 attr=gold delta_data=2000 userid=1265 source=shortcut_start time=2013-04-08_15:53:42.623837
[profile_attr] old_data=109192107 delta_type=0 attr=gold delta_data=4000 userid=1265 source=shortcut_start time=2013-04-08_15:53:42.634017
[profile_attr] old_data=109188107 delta_type=0 attr=gold delta_data=2000 userid=1265 source=shortcut_start time=2013-04-08_15:53:42.642924
[profile_attr] old_data=109186107 delta_type=0 attr=gold delta_data=2000 userid=1265 source=shortcut_start time=2013-04-08_15:53:42.650391
[profile_attr] old_data=109184107 delta_type=0 attr=gold delta_data=2000 userid=1265 source=shortcut_start time=2013-04-08_15:53:42.657754
[profile_attr] old_data=109182107 delta_type=0 attr=gold delta_data=4000 userid=1265 source=shortcut_start time=2013-04-08_15:53:42.664446
[profile_attr] old_data=109178107 delta_type=0 attr=gold delta_data=2000 userid=1265 source=shortcut_start time=2013-04-08_15:53:42.671647
[profile_attr] old_data=109176107 delta_type=0 attr=gold delta_data=2000 userid=1265 source=shortcut_start time=2013-04-08_15:53:42.679047
[profile_attr] old_data=109174107 delta_type=0 attr=gold delta_data=4000 userid=1265 source=shortcut_start time=2013-04-08_15:53:42.685844
[profile_attr] old_data=109170107 delta_type=0 attr=gold delta_data=2000 userid=1265 source=shortcut_start time=2013-04-08_15:53:42.693999
[profile_attr] old_data=109168107 delta_type=0 attr=gold delta_data=4000 userid=1265 source=shortcut_start time=2013-04-08_15:53:42.702251
[profile_attr] old_data=109164107 delta_type=0 attr=gold delta_data=2000 userid=1265 source=shortcut_start time=2013-04-08_15:53:42.709133
[profile_attr] old_data=109162107 delta_type=0 attr=gold delta_data=4000 userid=1265 source=shortcut_start time=2013-04-08_15:53:42.716110
[profile_attr] old_data=109158107 delta_type=0 attr=gold delta_data=6000 userid=1265 source=shortcut_start time=2013-04-08_15:53:42.724064
[profile_attr] old_data=109152107 delta_type=0 attr=gold delta_data=8000 userid=1265 source=shortcut_start time=2013-04-08_15:53:42.732712
[profile_attr] old_data=109144107 delta_type=0 attr=gold delta_data=6000 userid=1265 source=shortcut_start time=2013-04-08_15:53:42.740125
[profile_attr] old_data=109138107 delta_type=0 attr=gold delta_data=4000 userid=1265 source=shortcut_start time=2013-04-08_15:53:42.748065
[profile_attr] old_data=109134107 delta_type=0 attr=gold delta_data=6000 userid=1265 source=shortcut_start time=2013-04-08_15:53:42.756432
[profile_attr] old_data=109128107 delta_type=0 attr=gold delta_data=4000 userid=1265 source=shortcut_start time=2013-04-08_15:53:42.766160
[profile_attr] old_data=109124107 delta_type=1 attr=gold delta_data=1000 userid=1265 source=shortcut_sell time=2013-04-08_15:53:44.778071
[profile_attr] old_data=109125107 delta_type=1 attr=gold delta_data=1000 userid=1265 source=shortcut_sell time=2013-04-08_15:53:44.778219
[profile_attr] old_data=109126107 delta_type=1 attr=gold delta_data=1000 userid=1265 source=shortcut_sell time=2013-04-08_15:53:44.778329
[profile_attr] old_data=109127107 delta_type=1 attr=gold delta_data=1000 userid=1265 source=shortcut_sell time=2013-04-08_15:53:44.778441
[profile_attr] old_data=109128107 delta_type=1 attr=gold delta_data=1000 userid=1265 source=shortcut_sell time=2013-04-08_15:53:44.778545
[profile_attr] old_data=109129107 delta_type=1 attr=gold delta_data=1000 userid=1265 source=shortcut_sell time=2013-04-08_15:53:44.778656
[profile_attr] old_data=109130107 delta_type=1 attr=gold delta_data=1000 userid=1265 source=shortcut_sell time=2013-04-08_15:53:44.778766
[profile_attr] old_data=109131107 delta_type=1 attr=gold delta_data=1000 userid=1265 source=shortcut_sell time=2013-04-08_15:53:44.778870
[profile_attr] old_data=109132107 delta_type=1 attr=gold delta_data=1000 userid=1265 source=shortcut_sell time=2013-04-08_15:53:44.778976
[profile_attr] old_data=109133107 delta_type=1 attr=gold delta_data=1000 userid=1265 source=shortcut_sell time=2013-04-08_15:53:44.779095
[profile_attr] old_data=109134107 delta_type=1 attr=gold delta_data=1000 userid=1265 source=shortcut_sell time=2013-04-08_15:53:44.779201
[profile_attr] old_data=109135107 delta_type=1 attr=gold delta_data=1000 userid=1265 source=shortcut_sell time=2013-04-08_15:53:44.779306
[profile_attr] old_data=109136107 delta_type=1 attr=gold delta_data=1000 userid=1265 source=shortcut_sell time=2013-04-08_15:53:44.779416
[profile_attr] old_data=109137107 delta_type=0 attr=gold delta_data=6000 userid=1265 source=shortcut_start time=2013-04-08_15:53:49.470885
[profile_attr] old_data=109131107 delta_type=0 attr=gold delta_data=8000 userid=1265 source=shortcut_start time=2013-04-08_15:53:49.481005
[profile_attr] old_data=109123107 delta_type=0 attr=gold delta_data=6000 userid=1265 source=shortcut_start time=2013-04-08_15:53:49.490335
[profile_attr] old_data=109117107 delta_type=0 attr=gold delta_data=4000 userid=1265 source=shortcut_start time=2013-04-08_15:53:49.498692
[profile_attr] old_data=109113107 delta_type=0 attr=gold delta_data=2000 userid=1265 source=shortcut_start time=2013-04-08_15:53:49.505580
[profile_attr] old_data=109111107 delta_type=0 attr=gold delta_data=4000 userid=1265 source=shortcut_start time=2013-04-08_15:53:49.512011
[profile_attr] old_data=109107107 delta_type=0 attr=gold delta_data=2000 userid=1265 source=shortcut_start time=2013-04-08_15:53:49.518595
[profile_attr] old_data=109105107 delta_type=0 attr=gold delta_data=2000 userid=1265 source=shortcut_start time=2013-04-08_15:53:49.525136
[profile_attr] old_data=109103107 delta_type=0 attr=gold delta_data=2000 userid=1265 source=shortcut_start time=2013-04-08_15:53:49.531594
[profile_attr] old_data=109101107 delta_type=0 attr=gold delta_data=2000 userid=1265 source=shortcut_start time=2013-04-08_15:53:49.538251
[profile_attr] old_data=109099107 delta_type=0 attr=gold delta_data=2000 userid=1265 source=shortcut_start time=2013-04-08_15:53:49.544766
[profile_attr] old_data=109097107 delta_type=0 attr=gold delta_data=4000 userid=1265 source=shortcut_start time=2013-04-08_15:53:49.551599
[profile_attr] old_data=109093107 delta_type=0 attr=gold delta_data=2000 userid=1265 source=shortcut_start time=2013-04-08_15:53:49.561073
[profile_attr] old_data=109091107 delta_type=0 attr=gold delta_data=2000 userid=1265 source=shortcut_start time=2013-04-08_15:53:49.569344
[profile_attr] old_data=109089107 delta_type=0 attr=gold delta_data=4000 userid=1265 source=shortcut_start time=2013-04-08_15:53:49.576823
[profile_attr] old_data=109085107 delta_type=0 attr=gold delta_data=2000 userid=1265 source=shortcut_start time=2013-04-08_15:53:49.584375
[profile_attr] old_data=109083107 delta_type=0 attr=gold delta_data=4000 userid=1265 source=shortcut_start time=2013-04-08_15:53:49.591484
[profile_attr] old_data=109079107 delta_type=0 attr=gold delta_data=2000 userid=1265 source=shortcut_start time=2013-04-08_15:53:49.601385
[profile_attr] old_data=109077107 delta_type=0 attr=gold delta_data=4000 userid=1265 source=shortcut_start time=2013-04-08_15:53:49.608749
[profile_attr] old_data=109073107 delta_type=1 attr=gold delta_data=1000 userid=1265 source=shortcut_sell time=2013-04-08_15:53:51.649798
[profile_attr] old_data=109074107 delta_type=1 attr=gold delta_data=1000 userid=1265 source=shortcut_sell time=2013-04-08_15:53:51.649914
[profile_attr] old_data=109075107 delta_type=1 attr=gold delta_data=1000 userid=1265 source=shortcut_sell time=2013-04-08_15:53:51.650016
[profile_attr] old_data=109076107 delta_type=1 attr=gold delta_data=1000 userid=1265 source=shortcut_sell time=2013-04-08_15:53:51.650146
[profile_attr] old_data=109077107 delta_type=1 attr=gold delta_data=1000 userid=1265 source=shortcut_sell time=2013-04-08_15:53:51.650235
[profile_attr] old_data=109078107 delta_type=1 attr=gold delta_data=1000 userid=1265 source=shortcut_sell time=2013-04-08_15:53:51.650324
[profile_attr] old_data=109079107 delta_type=1 attr=gold delta_data=1000 userid=1265 source=shortcut_sell time=2013-04-08_15:53:51.650405
[profile_attr] old_data=109080107 delta_type=1 attr=gold delta_data=1000 userid=1265 source=shortcut_sell time=2013-04-08_15:53:51.650486
[profile_attr] old_data=109081107 delta_type=1 attr=gold delta_data=1000 userid=1265 source=shortcut_sell time=2013-04-08_15:53:51.650579
[profile_attr] old_data=109082107 delta_type=1 attr=gold delta_data=1000 userid=1265 source=shortcut_sell time=2013-04-08_15:53:51.650664
[profile_attr] old_data=109083107 delta_type=1 attr=gold delta_data=1000 userid=1265 source=shortcut_sell time=2013-04-08_15:53:51.650751
[profile_attr] old_data=109084107 delta_type=0 attr=gold delta_data=6000 userid=1265 source=shortcut_start time=2013-04-08_15:53:57.184936
[profile_attr] old_data=109078107 delta_type=0 attr=gold delta_data=4000 userid=1265 source=shortcut_start time=2013-04-08_15:53:57.192008
[profile_attr] old_data=109074107 delta_type=0 attr=gold delta_data=2000 userid=1265 source=shortcut_start time=2013-04-08_15:53:57.198887
[profile_attr] old_data=109072107 delta_type=0 attr=gold delta_data=2000 userid=1265 source=shortcut_start time=2013-04-08_15:53:57.205659
[profile_attr] old_data=109070107 delta_type=0 attr=gold delta_data=2000 userid=1265 source=shortcut_start time=2013-04-08_15:53:57.212397
[profile_attr] old_data=109068107 delta_type=0 attr=gold delta_data=4000 userid=1265 source=shortcut_start time=2013-04-08_15:53:57.219032
[profile_attr] old_data=109064107 delta_type=0 attr=gold delta_data=6000 userid=1265 source=shortcut_start time=2013-04-08_15:53:57.225653
[profile_attr] old_data=109058107 delta_type=0 attr=gold delta_data=4000 userid=1265 source=shortcut_start time=2013-04-08_15:53:57.233933
[profile_attr] old_data=109054107 delta_type=0 attr=gold delta_data=2000 userid=1265 source=shortcut_start time=2013-04-08_15:53:57.241359
[profile_attr] old_data=109052107 delta_type=0 attr=gold delta_data=2000 userid=1265 source=shortcut_start time=2013-04-08_15:53:57.250622
[profile_attr] old_data=109050107 delta_type=0 attr=gold delta_data=4000 userid=1265 source=shortcut_start time=2013-04-08_15:53:57.258144
[profile_attr] old_data=109046107 delta_type=0 attr=gold delta_data=2000 userid=1265 source=shortcut_start time=2013-04-08_15:53:57.267144
[profile_attr] old_data=109044107 delta_type=0 attr=gold delta_data=2000 userid=1265 source=shortcut_start time=2013-04-08_15:53:57.275526
[profile_attr] old_data=109042107 delta_type=0 attr=gold delta_data=4000 userid=1265 source=shortcut_start time=2013-04-08_15:53:57.282576
[profile_attr] old_data=109038107 delta_type=0 attr=gold delta_data=2000 userid=1265 source=shortcut_start time=2013-04-08_15:53:57.289461
[profile_attr] old_data=109036107 delta_type=0 attr=gold delta_data=4000 userid=1265 source=shortcut_start time=2013-04-08_15:53:57.296534
[profile_attr] old_data=109032107 delta_type=0 attr=gold delta_data=2000 userid=1265 source=shortcut_start time=2013-04-08_15:53:57.306110
[profile_attr] old_data=109030107 delta_type=0 attr=gold delta_data=2000 userid=1265 source=shortcut_start time=2013-04-08_15:53:57.314920
[profile_attr] old_data=109028107 delta_type=0 attr=gold delta_data=2000 userid=1265 source=shortcut_start time=2013-04-08_15:53:57.323607
[profile_attr] old_data=109026107 delta_type=1 attr=gold delta_data=1000 userid=1265 source=shortcut_sell time=2013-04-08_15:53:59.857044
[profile_attr] old_data=109027107 delta_type=1 attr=gold delta_data=1000 userid=1265 source=shortcut_sell time=2013-04-08_15:53:59.857158
[profile_attr] old_data=109028107 delta_type=1 attr=gold delta_data=1000 userid=1265 source=shortcut_sell time=2013-04-08_15:53:59.857258
[profile_attr] old_data=109029107 delta_type=1 attr=gold delta_data=1000 userid=1265 source=shortcut_sell time=2013-04-08_15:53:59.857342
[profile_attr] old_data=109030107 delta_type=1 attr=gold delta_data=1000 userid=1265 source=shortcut_sell time=2013-04-08_15:53:59.857433
[profile_attr] old_data=109031107 delta_type=1 attr=gold delta_data=1000 userid=1265 source=shortcut_sell time=2013-04-08_15:53:59.857515
[profile_attr] old_data=109032107 delta_type=1 attr=gold delta_data=1000 userid=1265 source=shortcut_sell time=2013-04-08_15:53:59.857597
[profile_attr] old_data=109033107 delta_type=1 attr=gold delta_data=1000 userid=1265 source=shortcut_sell time=2013-04-08_15:53:59.857678
[profile_attr] old_data=109034107 delta_type=1 attr=gold delta_data=1000 userid=1265 source=shortcut_sell time=2013-04-08_15:53:59.857759
[profile_attr] old_data=109035107 delta_type=1 attr=gold delta_data=1000 userid=1265 source=shortcut_sell time=2013-04-08_15:53:59.857840
[profile_attr] old_data=109036107 delta_type=1 attr=gold delta_data=1000 userid=1265 source=shortcut_sell time=2013-04-08_15:53:59.857921
[profile_attr] old_data=109037107 delta_type=1 attr=gold delta_data=1000 userid=1265 source=shortcut_sell time=2013-04-08_15:53:59.858018
[profile_attr] old_data=109038107 delta_type=0 attr=gold delta_data=4000 userid=1265 source=shortcut_start time=2013-04-08_15:54:06.036289
[profile_attr] old_data=109034107 delta_type=0 attr=gold delta_data=2000 userid=1265 source=shortcut_start time=2013-04-08_15:54:06.046348
[profile_attr] old_data=109032107 delta_type=0 attr=gold delta_data=4000 userid=1265 source=shortcut_start time=2013-04-08_15:54:06.058513
[profile_attr] old_data=109028107 delta_type=0 attr=gold delta_data=2000 userid=1265 source=shortcut_start time=2013-04-08_15:54:06.071178
[profile_attr] old_data=109026107 delta_type=0 attr=gold delta_data=2000 userid=1265 source=shortcut_start time=2013-04-08_15:54:06.078484
[profile_attr] old_data=109024107 delta_type=0 attr=gold delta_data=4000 userid=1265 source=shortcut_start time=2013-04-08_15:54:06.085738
[profile_attr] old_data=109020107 delta_type=0 attr=gold delta_data=2000 userid=1265 source=shortcut_start time=2013-04-08_15:54:06.093044
[profile_attr] old_data=109018107 delta_type=0 attr=gold delta_data=2000 userid=1265 source=shortcut_start time=2013-04-08_15:54:06.099738
[profile_attr] old_data=109016107 delta_type=0 attr=gold delta_data=2000 userid=1265 source=shortcut_start time=2013-04-08_15:54:06.106374
[profile_attr] old_data=109014107 delta_type=0 attr=gold delta_data=2000 userid=1265 source=shortcut_start time=2013-04-08_15:54:06.113126
[profile_attr] old_data=109012107 delta_type=0 attr=gold delta_data=2000 userid=1265 source=shortcut_start time=2013-04-08_15:54:06.119916
[profile_attr] old_data=109010107 delta_type=0 attr=gold delta_data=4000 userid=1265 source=shortcut_start time=2013-04-08_15:54:06.128914
[profile_attr] old_data=109006107 delta_type=0 attr=gold delta_data=6000 userid=1265 source=shortcut_start time=2013-04-08_15:54:06.136817
[profile_attr] old_data=109000107 delta_type=0 attr=gold delta_data=8000 userid=1265 source=shortcut_start time=2013-04-08_15:54:06.143415
[profile_attr] old_data=108992107 delta_type=0 attr=gold delta_data=6000 userid=1265 source=shortcut_start time=2013-04-08_15:54:06.149985
[profile_attr] old_data=108986107 delta_type=0 attr=gold delta_data=4000 userid=1265 source=shortcut_start time=2013-04-08_15:54:06.156672
[profile_attr] old_data=108982107 delta_type=0 attr=gold delta_data=2000 userid=1265 source=shortcut_start time=2013-04-08_15:54:06.163477
[profile_attr] old_data=108980107 delta_type=0 attr=gold delta_data=2000 userid=1265 source=shortcut_start time=2013-04-08_15:54:06.170336
[profile_attr] old_data=108978107 delta_type=0 attr=gold delta_data=4000 userid=1265 source=shortcut_start time=2013-04-08_15:54:06.177086
[profile_attr] old_data=108974107 delta_type=1 attr=gold delta_data=1000 userid=1265 source=shortcut_sell time=2013-04-08_15:54:08.053853
[profile_attr] old_data=108975107 delta_type=1 attr=gold delta_data=1000 userid=1265 source=shortcut_sell time=2013-04-08_15:54:08.053989
[profile_attr] old_data=108976107 delta_type=1 attr=gold delta_data=1000 userid=1265 source=shortcut_sell time=2013-04-08_15:54:08.054109
[profile_attr] old_data=108977107 delta_type=1 attr=gold delta_data=1000 userid=1265 source=shortcut_sell time=2013-04-08_15:54:08.054226
[profile_attr] old_data=108978107 delta_type=1 attr=gold delta_data=1000 userid=1265 source=shortcut_sell time=2013-04-08_15:54:08.054341
[profile_attr] old_data=108979107 delta_type=1 attr=gold delta_data=1000 userid=1265 source=shortcut_sell time=2013-04-08_15:54:08.054448
[profile_attr] old_data=108980107 delta_type=1 attr=gold delta_data=1000 userid=1265 source=shortcut_sell time=2013-04-08_15:54:08.054554
[profile_attr] old_data=108981107 delta_type=1 attr=gold delta_data=1000 userid=1265 source=shortcut_sell time=2013-04-08_15:54:08.054671
[profile_attr] old_data=108982107 delta_type=1 attr=gold delta_data=1000 userid=1265 source=shortcut_sell time=2013-04-08_15:54:08.054782
[profile_attr] old_data=108983107 delta_type=1 attr=gold delta_data=1000 userid=1265 source=shortcut_sell time=2013-04-08_15:54:08.054893
[profile_attr] old_data=108984107 delta_type=1 attr=gold delta_data=1000 userid=1265 source=shortcut_sell time=2013-04-08_15:54:08.055081
[profile_attr] old_data=108985107 delta_type=1 attr=gold delta_data=1000 userid=1265 source=shortcut_sell time=2013-04-08_15:54:08.055259
[profile_attr] old_data=108986107 delta_type=1 attr=gold delta_data=1000 userid=1265 source=shortcut_sell time=2013-04-08_15:54:08.055433
[profile_attr] old_data=108987107 delta_type=0 attr=gold delta_data=6000 userid=1265 source=shortcut_start time=2013-04-08_15:54:12.735836
[profile_attr] old_data=108981107 delta_type=0 attr=gold delta_data=8000 userid=1265 source=shortcut_start time=2013-04-08_15:54:12.748395
[profile_attr] old_data=108973107 delta_type=0 attr=gold delta_data=6000 userid=1265 source=shortcut_start time=2013-04-08_15:54:12.755462
[profile_attr] old_data=108967107 delta_type=0 attr=gold delta_data=4000 userid=1265 source=shortcut_start time=2013-04-08_15:54:12.762581
[profile_attr] old_data=108963107 delta_type=0 attr=gold delta_data=2000 userid=1265 source=shortcut_start time=2013-04-08_15:54:12.769402
[profile_attr] old_data=108961107 delta_type=0 attr=gold delta_data=2000 userid=1265 source=shortcut_start time=2013-04-08_15:54:12.776380
[profile_attr] old_data=108959107 delta_type=0 attr=gold delta_data=2000 userid=1265 source=shortcut_start time=2013-04-08_15:54:12.787050
[profile_attr] old_data=108957107 delta_type=0 attr=gold delta_data=4000 userid=1265 source=shortcut_start time=2013-04-08_15:54:12.795330
[profile_attr] old_data=108953107 delta_type=0 attr=gold delta_data=2000 userid=1265 source=shortcut_start time=2013-04-08_15:54:12.802436
[profile_attr] old_data=108951107 delta_type=0 attr=gold delta_data=2000 userid=1265 source=shortcut_start time=2013-04-08_15:54:12.809561
[profile_attr] old_data=108949107 delta_type=0 attr=gold delta_data=4000 userid=1265 source=shortcut_start time=2013-04-08_15:54:12.819172
[profile_attr] old_data=108945107 delta_type=0 attr=gold delta_data=6000 userid=1265 source=shortcut_start time=2013-04-08_15:54:12.826181
[profile_attr] old_data=108939107 delta_type=0 attr=gold delta_data=4000 userid=1265 source=shortcut_start time=2013-04-08_15:54:12.833109
[profile_attr] old_data=108935107 delta_type=0 attr=gold delta_data=6000 userid=1265 source=shortcut_start time=2013-04-08_15:54:12.839913
[profile_attr] old_data=108929107 delta_type=0 attr=gold delta_data=8000 userid=1265 source=shortcut_start time=2013-04-08_15:54:12.846901
[profile_attr] old_data=108921107 delta_type=0 attr=gold delta_data=10000 userid=1265 source=shortcut_start time=2013-04-08_15:54:12.853970
[profile_attr] old_data=108911107 delta_type=0 attr=gold delta_data=6000 userid=1265 source=shortcut_start time=2013-04-08_15:54:12.861001
[profile_attr] old_data=108905107 delta_type=0 attr=gold delta_data=4000 userid=1265 source=shortcut_start time=2013-04-08_15:54:12.868379
[profile_attr] old_data=108901107 delta_type=0 attr=gold delta_data=6000 userid=1265 source=shortcut_start time=2013-04-08_15:54:12.878612
[profile_attr] old_data=108895107 delta_type=1 attr=gold delta_data=1000 userid=1265 source=shortcut_sell time=2013-04-08_15:54:14.450866
[profile_attr] old_data=108896107 delta_type=1 attr=gold delta_data=1000 userid=1265 source=shortcut_sell time=2013-04-08_15:54:14.450986
[profile_attr] old_data=108897107 delta_type=1 attr=gold delta_data=1000 userid=1265 source=shortcut_sell time=2013-04-08_15:54:14.451102
[profile_attr] old_data=108898107 delta_type=1 attr=gold delta_data=1000 userid=1265 source=shortcut_sell time=2013-04-08_15:54:14.451215
[profile_attr] old_data=108899107 delta_type=1 attr=gold delta_data=1000 userid=1265 source=shortcut_sell time=2013-04-08_15:54:14.451365
[profile_attr] old_data=108900107 delta_type=1 attr=gold delta_data=1000 userid=1265 source=shortcut_sell time=2013-04-08_15:54:14.451501
[profile_attr] old_data=108901107 delta_type=1 attr=gold delta_data=1000 userid=1265 source=shortcut_sell time=2013-04-08_15:54:14.451599
[profile_attr] old_data=108902107 delta_type=0 attr=gold delta_data=4000 userid=1265 source=shortcut_start time=2013-04-08_15:54:19.260013
[profile_attr] old_data=108898107 delta_type=0 attr=gold delta_data=6000 userid=1265 source=shortcut_start time=2013-04-08_15:54:19.270001
[profile_attr] old_data=108892107 delta_type=0 attr=gold delta_data=4000 userid=1265 source=shortcut_start time=2013-04-08_15:54:19.280721
[profile_attr] old_data=108888107 delta_type=0 attr=gold delta_data=6000 userid=1265 source=shortcut_start time=2013-04-08_15:54:19.288147
[profile_attr] old_data=108882107 delta_type=0 attr=gold delta_data=8000 userid=1265 source=shortcut_start time=2013-04-08_15:54:19.299874
[profile_attr] old_data=108874107 delta_type=0 attr=gold delta_data=6000 userid=1265 source=shortcut_start time=2013-04-08_15:54:19.306741
[profile_attr] old_data=108868107 delta_type=0 attr=gold delta_data=4000 userid=1265 source=shortcut_start time=2013-04-08_15:54:19.317284
[profile_attr] old_data=108864107 delta_type=0 attr=gold delta_data=2000 userid=1265 source=shortcut_start time=2013-04-08_15:54:19.323961
[profile_attr] old_data=108862107 delta_type=0 attr=gold delta_data=4000 userid=1265 source=shortcut_start time=2013-04-08_15:54:19.330882
[profile_attr] old_data=108858107 delta_type=0 attr=gold delta_data=6000 userid=1265 source=shortcut_start time=2013-04-08_15:54:19.337449
[profile_attr] old_data=108852107 delta_type=0 attr=gold delta_data=4000 userid=1265 source=shortcut_start time=2013-04-08_15:54:19.344352
[profile_attr] old_data=108848107 delta_type=0 attr=gold delta_data=6000 userid=1265 source=shortcut_start time=2013-04-08_15:54:19.351163
[profile_attr] old_data=108842107 delta_type=0 attr=gold delta_data=4000 userid=1265 source=shortcut_start time=2013-04-08_15:54:19.357809
[profile_attr] old_data=108838107 delta_type=0 attr=gold delta_data=6000 userid=1265 source=shortcut_start time=2013-04-08_15:54:19.364523
[profile_attr] old_data=108832107 delta_type=0 attr=gold delta_data=8000 userid=1265 source=shortcut_start time=2013-04-08_15:54:19.374521
[profile_attr] old_data=108824107 delta_type=0 attr=gold delta_data=6000 userid=1265 source=shortcut_start time=2013-04-08_15:54:19.381913
[profile_attr] old_data=108818107 delta_type=0 attr=gold delta_data=4000 userid=1265 source=shortcut_start time=2013-04-08_15:54:19.388557
[profile_attr] old_data=108814107 delta_type=0 attr=gold delta_data=2000 userid=1265 source=shortcut_start time=2013-04-08_15:54:19.395192
[profile_attr] old_data=108812107 delta_type=0 attr=gold delta_data=4000 userid=1265 source=shortcut_start time=2013-04-08_15:54:19.401817
[profile_attr] old_data=108808107 delta_type=1 attr=gold delta_data=1000 userid=1265 source=shortcut_sell time=2013-04-08_15:54:21.405314
[profile_attr] old_data=108809107 delta_type=1 attr=gold delta_data=1000 userid=1265 source=shortcut_sell time=2013-04-08_15:54:21.405441
[profile_attr] old_data=108810107 delta_type=1 attr=gold delta_data=1000 userid=1265 source=shortcut_sell time=2013-04-08_15:54:21.405573
[profile_attr] old_data=108811107 delta_type=1 attr=gold delta_data=1000 userid=1265 source=shortcut_sell time=2013-04-08_15:54:21.405679
[profile_attr] old_data=108812107 delta_type=1 attr=gold delta_data=1000 userid=1265 source=shortcut_sell time=2013-04-08_15:54:21.405789
[profile_attr] old_data=108813107 delta_type=1 attr=gold delta_data=1000 userid=1265 source=shortcut_sell time=2013-04-08_15:54:21.405901
[profile_attr] old_data=108814107 delta_type=1 attr=gold delta_data=1000 userid=1265 source=shortcut_sell time=2013-04-08_15:54:21.406026
[profile_attr] old_data=108815107 delta_type=1 attr=gold delta_data=1000 userid=1265 source=shortcut_sell time=2013-04-08_15:54:21.406151
[profile_attr] old_data=108816107 delta_type=1 attr=gold delta_data=1000 userid=1265 source=shortcut_sell time=2013-04-08_15:54:21.406264
[profile_attr] old_data=108817107 delta_type=1 attr=gold delta_data=1000 userid=1265 source=shortcut_sell time=2013-04-08_15:54:21.406375
[profile_attr] old_data=108818107 delta_type=1 attr=gold delta_data=1000 userid=1265 source=shortcut_sell time=2013-04-08_15:54:21.406481
[profile_attr] old_data=108819107 delta_type=1 attr=gold delta_data=1000 userid=1265 source=shortcut_sell time=2013-04-08_15:54:21.406588
[profile_attr] old_data=108820107 delta_type=0 attr=gold delta_data=2000 userid=1265 source=shortcut_start time=2013-04-08_15:54:25.618555
[profile_attr] old_data=108818107 delta_type=0 attr=gold delta_data=2000 userid=1265 source=shortcut_start time=2013-04-08_15:54:25.626574
[profile_attr] old_data=108816107 delta_type=0 attr=gold delta_data=2000 userid=1265 source=shortcut_start time=2013-04-08_15:54:25.634700
[profile_attr] old_data=108814107 delta_type=0 attr=gold delta_data=4000 userid=1265 source=shortcut_start time=2013-04-08_15:54:25.641705
[profile_attr] old_data=108810107 delta_type=0 attr=gold delta_data=2000 userid=1265 source=shortcut_start time=2013-04-08_15:54:25.648491
[profile_attr] old_data=108808107 delta_type=0 attr=gold delta_data=2000 userid=1265 source=shortcut_start time=2013-04-08_15:54:25.655460
[profile_attr] old_data=108806107 delta_type=0 attr=gold delta_data=4000 userid=1265 source=shortcut_start time=2013-04-08_15:54:25.662532
[profile_attr] old_data=108802107 delta_type=0 attr=gold delta_data=2000 userid=1265 source=shortcut_start time=2013-04-08_15:54:25.669612
[profile_attr] old_data=108800107 delta_type=0 attr=gold delta_data=4000 userid=1265 source=shortcut_start time=2013-04-08_15:54:25.676566
[profile_attr] old_data=108796107 delta_type=0 attr=gold delta_data=2000 userid=1265 source=shortcut_start time=2013-04-08_15:54:25.683198
[profile_attr] old_data=108794107 delta_type=0 attr=gold delta_data=4000 userid=1265 source=shortcut_start time=2013-04-08_15:54:25.689777
[profile_attr] old_data=108790107 delta_type=0 attr=gold delta_data=2000 userid=1265 source=shortcut_start time=2013-04-08_15:54:25.696344
[profile_attr] old_data=108788107 delta_type=0 attr=gold delta_data=2000 userid=1265 source=shortcut_start time=2013-04-08_15:54:25.703137
[profile_attr] old_data=108786107 delta_type=0 attr=gold delta_data=2000 userid=1265 source=shortcut_start time=2013-04-08_15:54:25.709649
[profile_attr] old_data=108784107 delta_type=0 attr=gold delta_data=4000 userid=1265 source=shortcut_start time=2013-04-08_15:54:25.716289
[profile_attr] old_data=108780107 delta_type=0 attr=gold delta_data=2000 userid=1265 source=shortcut_start time=2013-04-08_15:54:25.722862
[profile_attr] old_data=108778107 delta_type=0 attr=gold delta_data=2000 userid=1265 source=shortcut_start time=2013-04-08_15:54:25.731871
[profile_attr] old_data=108776107 delta_type=0 attr=gold delta_data=2000 userid=1265 source=shortcut_start time=2013-04-08_15:54:25.739346
[profile_attr] old_data=108774107 delta_type=0 attr=gold delta_data=2000 userid=1265 source=shortcut_start time=2013-04-08_15:54:25.746074
[profile_attr] old_data=108772107 delta_type=1 attr=gold delta_data=1000 userid=1265 source=shortcut_sell time=2013-04-08_15:54:27.580864
[profile_attr] old_data=108773107 delta_type=1 attr=gold delta_data=1000 userid=1265 source=shortcut_sell time=2013-04-08_15:54:27.581016
[profile_attr] old_data=108774107 delta_type=1 attr=gold delta_data=1000 userid=1265 source=shortcut_sell time=2013-04-08_15:54:27.581203
[profile_attr] old_data=108775107 delta_type=1 attr=gold delta_data=1000 userid=1265 source=shortcut_sell time=2013-04-08_15:54:27.581323
[profile_attr] old_data=108776107 delta_type=1 attr=gold delta_data=1000 userid=1265 source=shortcut_sell time=2013-04-08_15:54:27.581461
[profile_attr] old_data=108777107 delta_type=1 attr=gold delta_data=1000 userid=1265 source=shortcut_sell time=2013-04-08_15:54:27.581598
[profile_attr] old_data=108778107 delta_type=1 attr=gold delta_data=1000 userid=1265 source=shortcut_sell time=2013-04-08_15:54:27.581736
[profile_attr] old_data=108779107 delta_type=1 attr=gold delta_data=1000 userid=1265 source=shortcut_sell time=2013-04-08_15:54:27.581880
[profile_attr] old_data=108780107 delta_type=1 attr=gold delta_data=1000 userid=1265 source=shortcut_sell time=2013-04-08_15:54:27.582094
[profile_attr] old_data=108781107 delta_type=1 attr=gold delta_data=1000 userid=1265 source=shortcut_sell time=2013-04-08_15:54:27.582223
[profile_attr] old_data=108782107 delta_type=1 attr=gold delta_data=1000 userid=1265 source=shortcut_sell time=2013-04-08_15:54:27.582359
[profile_attr] old_data=108783107 delta_type=1 attr=gold delta_data=1000 userid=1265 source=shortcut_sell time=2013-04-08_15:54:27.582511
[profile_attr] old_data=108784107 delta_type=1 attr=gold delta_data=1000 userid=1265 source=shortcut_sell time=2013-04-08_15:54:27.582648
[profile_attr] old_data=108785107 delta_type=0 attr=gold delta_data=2000 userid=1265 source=shortcut_start time=2013-04-08_15:54:32.309545
[profile_attr] old_data=108783107 delta_type=0 attr=gold delta_data=2000 userid=1265 source=shortcut_start time=2013-04-08_15:54:32.317246
[profile_attr] old_data=108781107 delta_type=0 attr=gold delta_data=4000 userid=1265 source=shortcut_start time=2013-04-08_15:54:32.326398
[profile_attr] old_data=108777107 delta_type=0 attr=gold delta_data=2000 userid=1265 source=shortcut_start time=2013-04-08_15:54:32.335560
[profile_attr] old_data=108775107 delta_type=0 attr=gold delta_data=4000 userid=1265 source=shortcut_start time=2013-04-08_15:54:32.343723
[profile_attr] old_data=108771107 delta_type=0 attr=gold delta_data=2000 userid=1265 source=shortcut_start time=2013-04-08_15:54:32.350962
[profile_attr] old_data=108769107 delta_type=0 attr=gold delta_data=2000 userid=1265 source=shortcut_start time=2013-04-08_15:54:32.358235
[profile_attr] old_data=108767107 delta_type=0 attr=gold delta_data=2000 userid=1265 source=shortcut_start time=2013-04-08_15:54:32.365354
[profile_attr] old_data=108765107 delta_type=0 attr=gold delta_data=4000 userid=1265 source=shortcut_start time=2013-04-08_15:54:32.372950
[profile_attr] old_data=108761107 delta_type=0 attr=gold delta_data=6000 userid=1265 source=shortcut_start time=2013-04-08_15:54:32.380558
[profile_attr] old_data=108755107 delta_type=0 attr=gold delta_data=4000 userid=1265 source=shortcut_start time=2013-04-08_15:54:32.387901
[profile_attr] old_data=108751107 delta_type=0 attr=gold delta_data=6000 userid=1265 source=shortcut_start time=2013-04-08_15:54:32.395195
[profile_attr] old_data=108745107 delta_type=0 attr=gold delta_data=4000 userid=1265 source=shortcut_start time=2013-04-08_15:54:32.402635
[profile_attr] old_data=108741107 delta_type=0 attr=gold delta_data=2000 userid=1265 source=shortcut_start time=2013-04-08_15:54:32.409601
[profile_attr] old_data=108739107 delta_type=0 attr=gold delta_data=4000 userid=1265 source=shortcut_start time=2013-04-08_15:54:32.416403
[profile_attr] old_data=108735107 delta_type=0 attr=gold delta_data=2000 userid=1265 source=shortcut_start time=2013-04-08_15:54:32.423542
[profile_attr] old_data=108733107 delta_type=0 attr=gold delta_data=2000 userid=1265 source=shortcut_start time=2013-04-08_15:54:32.430905
[profile_attr] old_data=108731107 delta_type=0 attr=gold delta_data=4000 userid=1265 source=shortcut_start time=2013-04-08_15:54:32.438444
[profile_attr] old_data=108727107 delta_type=0 attr=gold delta_data=2000 userid=1265 source=shortcut_start time=2013-04-08_15:54:32.445388
[profile_attr] old_data=108725107 delta_type=1 attr=gold delta_data=1000 userid=1265 source=shortcut_sell time=2013-04-08_15:54:36.235127
[profile_attr] old_data=108726107 delta_type=1 attr=gold delta_data=1000 userid=1265 source=shortcut_sell time=2013-04-08_15:54:36.235244
[profile_attr] old_data=108727107 delta_type=1 attr=gold delta_data=1000 userid=1265 source=shortcut_sell time=2013-04-08_15:54:36.235335
[profile_attr] old_data=108728107 delta_type=1 attr=gold delta_data=1000 userid=1265 source=shortcut_sell time=2013-04-08_15:54:36.235420
[profile_attr] old_data=108729107 delta_type=1 attr=gold delta_data=1000 userid=1265 source=shortcut_sell time=2013-04-08_15:54:36.235502
[profile_attr] old_data=108730107 delta_type=1 attr=gold delta_data=1000 userid=1265 source=shortcut_sell time=2013-04-08_15:54:36.235587
[profile_attr] old_data=108731107 delta_type=1 attr=gold delta_data=1000 userid=1265 source=shortcut_sell time=2013-04-08_15:54:36.235667
[profile_attr] old_data=108732107 delta_type=1 attr=gold delta_data=1000 userid=1265 source=shortcut_sell time=2013-04-08_15:54:36.235752
[profile_attr] old_data=108733107 delta_type=1 attr=gold delta_data=1000 userid=1265 source=shortcut_sell time=2013-04-08_15:54:36.235841
[profile_attr] old_data=108734107 delta_type=1 attr=gold delta_data=1000 userid=1265 source=shortcut_sell time=2013-04-08_15:54:36.235930
[profile_attr] old_data=108735107 delta_type=1 attr=gold delta_data=1000 userid=1265 source=shortcut_sell time=2013-04-08_15:54:36.236027
[profile_attr] old_data=108736107 delta_type=0 attr=gold delta_data=4000 userid=1265 source=shortcut_start time=2013-04-08_15:54:40.235837
[profile_attr] old_data=108732107 delta_type=0 attr=gold delta_data=6000 userid=1265 source=shortcut_start time=2013-04-08_15:54:40.245988
[profile_attr] old_data=108726107 delta_type=0 attr=gold delta_data=8000 userid=1265 source=shortcut_start time=2013-04-08_15:54:40.255528
[profile_attr] old_data=108718107 delta_type=0 attr=gold delta_data=6000 userid=1265 source=shortcut_start time=2013-04-08_15:54:40.269980
[profile_attr] old_data=108712107 delta_type=0 attr=gold delta_data=4000 userid=1265 source=shortcut_start time=2013-04-08_15:54:40.276804
[profile_attr] old_data=108708107 delta_type=0 attr=gold delta_data=6000 userid=1265 source=shortcut_start time=2013-04-08_15:54:40.284798
[profile_attr] old_data=108702107 delta_type=0 attr=gold delta_data=4000 userid=1265 source=shortcut_start time=2013-04-08_15:54:40.291503
[profile_attr] old_data=108698107 delta_type=0 attr=gold delta_data=2000 userid=1265 source=shortcut_start time=2013-04-08_15:54:40.300739
[profile_attr] old_data=108696107 delta_type=0 attr=gold delta_data=4000 userid=1265 source=shortcut_start time=2013-04-08_15:54:40.308208
[profile_attr] old_data=108692107 delta_type=0 attr=gold delta_data=6000 userid=1265 source=shortcut_start time=2013-04-08_15:54:40.315015
[profile_attr] old_data=108686107 delta_type=0 attr=gold delta_data=4000 userid=1265 source=shortcut_start time=2013-04-08_15:54:40.321901
[profile_attr] old_data=108682107 delta_type=0 attr=gold delta_data=6000 userid=1265 source=shortcut_start time=2013-04-08_15:54:40.328607
[profile_attr] old_data=108676107 delta_type=0 attr=gold delta_data=4000 userid=1265 source=shortcut_start time=2013-04-08_15:54:40.337457
[profile_attr] old_data=108672107 delta_type=0 attr=gold delta_data=6000 userid=1265 source=shortcut_start time=2013-04-08_15:54:40.344398
[profile_attr] old_data=108666107 delta_type=0 attr=gold delta_data=8000 userid=1265 source=shortcut_start time=2013-04-08_15:54:40.351388
[profile_attr] old_data=108658107 delta_type=0 attr=gold delta_data=10000 userid=1265 source=shortcut_start time=2013-04-08_15:54:40.358321
[profile_attr] old_data=108648107 delta_type=0 attr=gold delta_data=6000 userid=1265 source=shortcut_start time=2013-04-08_15:54:40.366614
[profile_attr] old_data=108642107 delta_type=0 attr=gold delta_data=4000 userid=1265 source=shortcut_start time=2013-04-08_15:54:40.374356
[profile_attr] old_data=108638107 delta_type=0 attr=gold delta_data=2000 userid=1265 source=shortcut_start time=2013-04-08_15:54:40.385904
[profile_attr] old_data=108636107 delta_type=1 attr=gold delta_data=1000 userid=1265 source=shortcut_sell time=2013-04-08_15:55:00.219340
[profile_attr] old_data=108637107 delta_type=1 attr=gold delta_data=1000 userid=1265 source=shortcut_sell time=2013-04-08_15:55:00.219473
[profile_attr] old_data=108638107 delta_type=1 attr=gold delta_data=1000 userid=1265 source=shortcut_sell time=2013-04-08_15:55:00.219627
[profile_attr] old_data=108639107 delta_type=1 attr=gold delta_data=1000 userid=1265 source=shortcut_sell time=2013-04-08_15:55:00.219744
[profile_attr] old_data=108640107 delta_type=1 attr=gold delta_data=1000 userid=1265 source=shortcut_sell time=2013-04-08_15:55:00.219850
[profile_attr] old_data=108641107 delta_type=1 attr=gold delta_data=1000 userid=1265 source=shortcut_sell time=2013-04-08_15:55:00.219963
[profile_attr] old_data=108642107 delta_type=1 attr=gold delta_data=1000 userid=1265 source=shortcut_sell time=2013-04-08_15:55:00.220075
[profile_attr] old_data=108643107 delta_type=1 attr=gold delta_data=1000 userid=1265 source=shortcut_sell time=2013-04-08_15:55:00.220180
[profile_attr] old_data=108644107 delta_type=0 attr=gold delta_data=4000 userid=1265 source=shortcut_start time=2013-04-08_15:55:02.650880
[profile_attr] old_data=108640107 delta_type=0 attr=gold delta_data=6000 userid=1265 source=shortcut_start time=2013-04-08_15:55:02.658878
[profile_attr] old_data=108634107 delta_type=0 attr=gold delta_data=4000 userid=1265 source=shortcut_start time=2013-04-08_15:55:02.666246
[profile_attr] old_data=108630107 delta_type=0 attr=gold delta_data=2000 userid=1265 source=shortcut_start time=2013-04-08_15:55:02.673166
[profile_attr] old_data=108628107 delta_type=0 attr=gold delta_data=4000 userid=1265 source=shortcut_start time=2013-04-08_15:55:02.680044
[profile_attr] old_data=108624107 delta_type=0 attr=gold delta_data=2000 userid=1265 source=shortcut_start time=2013-04-08_15:55:02.686714
[profile_attr] old_data=108622107 delta_type=0 attr=gold delta_data=4000 userid=1265 source=shortcut_start time=2013-04-08_15:55:02.693210
[profile_attr] old_data=108618107 delta_type=0 attr=gold delta_data=2000 userid=1265 source=shortcut_start time=2013-04-08_15:55:02.701196
[profile_attr] old_data=108616107 delta_type=0 attr=gold delta_data=2000 userid=1265 source=shortcut_start time=2013-04-08_15:55:02.708049
[profile_attr] old_data=108614107 delta_type=0 attr=gold delta_data=2000 userid=1265 source=shortcut_start time=2013-04-08_15:55:02.714736
[profile_attr] old_data=108612107 delta_type=0 attr=gold delta_data=2000 userid=1265 source=shortcut_start time=2013-04-08_15:55:02.721402
[profile_attr] old_data=108610107 delta_type=0 attr=gold delta_data=4000 userid=1265 source=shortcut_start time=2013-04-08_15:55:02.734054
[profile_attr] old_data=108606107 delta_type=0 attr=gold delta_data=2000 userid=1265 source=shortcut_start time=2013-04-08_15:55:02.741220
[profile_attr] old_data=108604107 delta_type=0 attr=gold delta_data=4000 userid=1265 source=shortcut_start time=2013-04-08_15:55:02.748141
[profile_attr] old_data=108600107 delta_type=0 attr=gold delta_data=6000 userid=1265 source=shortcut_start time=2013-04-08_15:55:02.755121
[profile_attr] old_data=108594107 delta_type=0 attr=gold delta_data=4000 userid=1265 source=shortcut_start time=2013-04-08_15:55:02.762270
[profile_attr] old_data=108590107 delta_type=0 attr=gold delta_data=6000 userid=1265 source=shortcut_start time=2013-04-08_15:55:02.769350
[profile_attr] old_data=108584107 delta_type=0 attr=gold delta_data=4000 userid=1265 source=shortcut_start time=2013-04-08_15:55:02.778705
[profile_attr] old_data=108580107 delta_type=0 attr=gold delta_data=6000 userid=1265 source=shortcut_start time=2013-04-08_15:55:02.786651
[profile_attr] old_data=108574107 delta_type=1 attr=gold delta_data=1000 userid=1265 source=shortcut_sell time=2013-04-08_15:55:08.467423
[profile_attr] old_data=108575107 delta_type=1 attr=gold delta_data=1000 userid=1265 source=shortcut_sell time=2013-04-08_15:55:08.467541
[profile_attr] old_data=108576107 delta_type=1 attr=gold delta_data=1000 userid=1265 source=shortcut_sell time=2013-04-08_15:55:08.467623
[profile_attr] old_data=108577107 delta_type=1 attr=gold delta_data=1000 userid=1265 source=shortcut_sell time=2013-04-08_15:55:08.467709
[profile_attr] old_data=108578107 delta_type=1 attr=gold delta_data=1000 userid=1265 source=shortcut_sell time=2013-04-08_15:55:08.467793
[profile_attr] old_data=108579107 delta_type=1 attr=gold delta_data=1000 userid=1265 source=shortcut_sell time=2013-04-08_15:55:08.467874
[profile_attr] old_data=108580107 delta_type=1 attr=gold delta_data=1000 userid=1265 source=shortcut_sell time=2013-04-08_15:55:08.467965
[profile_attr] old_data=108581107 delta_type=1 attr=gold delta_data=1000 userid=1265 source=shortcut_sell time=2013-04-08_15:55:08.468058
[profile_attr] old_data=108582107 delta_type=1 attr=gold delta_data=1000 userid=1265 source=shortcut_sell time=2013-04-08_15:55:08.468143
[profile_attr] old_data=108583107 delta_type=1 attr=gold delta_data=1000 userid=1265 source=shortcut_sell time=2013-04-08_15:55:08.468225
[profile_attr] old_data=108584107 delta_type=1 attr=gold delta_data=1000 userid=1265 source=shortcut_sell time=2013-04-08_15:55:08.468303
[profile_attr] old_data=8599 delta_type=1 attr=hp delta_data=13001 userid=1360 source=dump_data time=2013-04-08_15:55:19.048649
[profile_attr] old_data=180 delta_type=0 attr=attr_10 delta_data=10 userid=1360 source=enter time=2013-04-08_15:55:29.936130
[profile_attr] old_data=14527 delta_type=1 attr=gold delta_data=235 userid=1360 source=dump_data time=2013-04-08_15:57:01.899438
[profile_attr] old_data=21600 delta_type=1 attr=hp delta_data=-1081 userid=1360 source=dump_data time=2013-04-08_15:57:01.900050
[profile_attr] old_data=20519 delta_type=1 attr=hp delta_data=1081 userid=1360 source=dump_data time=2013-04-08_15:59:40.601519
[profile_attr] old_data=170 delta_type=0 attr=attr_10 delta_data=10 userid=1360 source=enter time=2013-04-08_15:59:49.389050
