[profile_attr] old_data=3989642 delta_type=0 attr=gold delta_data=6000 userid=1318 source=start time=2013-04-03_11:28:42.316881
[profile_attr] old_data=3983642 delta_type=1 attr=gold delta_data=1000 userid=1318 source=shortcut_sell time=2013-04-03_11:28:43.966781
[profile_attr] old_data=3984642 delta_type=1 attr=gold delta_data=1000 userid=1318 source=shortcut_sell time=2013-04-03_11:28:43.966924
[profile_attr] old_data=3985642 delta_type=1 attr=gold delta_data=1000 userid=1318 source=shortcut_sell time=2013-04-03_11:28:43.967017
[profile_attr] old_data=3986642 delta_type=1 attr=gold delta_data=1000 userid=1318 source=shortcut_sell time=2013-04-03_11:28:43.967093
[profile_attr] old_data=3987642 delta_type=1 attr=gold delta_data=1000 userid=1318 source=shortcut_sell time=2013-04-03_11:28:43.967167
[profile_attr] old_data=3988642 delta_type=1 attr=gold delta_data=1000 userid=1318 source=shortcut_sell time=2013-04-03_11:28:43.967239
[profile_attr] old_data=3989642 delta_type=1 attr=gold delta_data=1000 userid=1318 source=shortcut_sell time=2013-04-03_11:28:43.967313
[profile_attr] old_data=3990642 delta_type=1 attr=gold delta_data=1000 userid=1318 source=shortcut_sell time=2013-04-03_11:28:43.967428
[profile_attr] old_data=3991642 delta_type=1 attr=gold delta_data=1000 userid=1318 source=shortcut_sell time=2013-04-03_11:28:43.967564
[profile_attr] old_data=3992642 delta_type=0 attr=gold delta_data=6000 userid=1318 source=start time=2013-04-03_11:28:53.182023
[profile_attr] old_data=3986642 delta_type=0 attr=gold delta_data=4000 userid=1318 source=start time=2013-04-03_11:28:54.245712
[profile_attr] old_data=3982642 delta_type=0 attr=gold delta_data=2000 userid=1318 source=start time=2013-04-03_11:30:12.049368
[profile_attr] old_data=102229 delta_type=1 attr=attr_4 delta_data=200 userid=1318 source=loads_attachment time=2013-04-03_11:30:56.571496
[profile_attr] old_data=3980642 delta_type=1 attr=gold delta_data=100000 userid=1318 source=loads_attachment time=2013-04-03_11:30:56.571657
[profile_attr] old_data=24 delta_type=1 attr=attr_2 delta_data=4 userid=1337 source=dump_data time=2013-04-03_11:33:05.308687
[profile_attr] old_data=1356600 delta_type=1 attr=attr_1 delta_data=562800 userid=1337 source=dump_data time=2013-04-03_11:33:05.309443
[profile_attr] old_data=808267 delta_type=1 attr=gold delta_data=96600 userid=1337 source=dump_data time=2013-04-03_11:33:05.310222
[profile_attr] old_data=18 delta_type=1 attr=level delta_data=1 userid=1337 source=dump_data time=2013-04-03_11:33:05.313092
[profile_attr] old_data=14400 delta_type=1 attr=hp delta_data=300 userid=1337 source=dump_data time=2013-04-03_11:33:05.313409
[profile_attr] old_data=85 delta_type=1 attr=mp delta_data=3 userid=1337 source=dump_data time=2013-04-03_11:33:05.314383
[profile_attr] old_data=200 delta_type=0 attr=attr_10 delta_data=10 userid=1337 source=enter time=2013-04-03_11:33:08.735666
[profile_attr] old_data=1919400 delta_type=1 attr=attr_1 delta_data=22300 userid=1337 source=dump_data time=2013-04-03_11:34:16.194887
[profile_attr] old_data=904867 delta_type=1 attr=gold delta_data=2171 userid=1337 source=dump_data time=2013-04-03_11:34:16.195647
[profile_attr] old_data=14700 delta_type=1 attr=hp delta_data=-7052 userid=1337 source=dump_data time=2013-04-03_11:34:16.196167
[profile_attr] old_data=28 delta_type=1 attr=attr_2 delta_data=4 userid=1337 source=dump_data time=2013-04-03_11:36:11.932005
[profile_attr] old_data=1941700 delta_type=1 attr=attr_1 delta_data=613600 userid=1337 source=dump_data time=2013-04-03_11:36:11.932827
[profile_attr] old_data=907038 delta_type=1 attr=gold delta_data=75200 userid=1337 source=dump_data time=2013-04-03_11:36:11.933639
[profile_attr] old_data=19 delta_type=1 attr=level delta_data=1 userid=1337 source=dump_data time=2013-04-03_11:36:11.936245
[profile_attr] old_data=7648 delta_type=1 attr=hp delta_data=7252 userid=1337 source=dump_data time=2013-04-03_11:36:11.936600
[profile_attr] old_data=88 delta_type=1 attr=mp delta_data=3 userid=1337 source=dump_data time=2013-04-03_11:36:11.937619
[profile_attr] old_data=2555300 delta_type=0 attr=attr_1 delta_data=1000.0 userid=1337 source=upgrade time=2013-04-03_11:36:12.056670
[profile_attr] old_data=2554300 delta_type=0 attr=attr_1 delta_data=2900.0 userid=1337 source=upgrade time=2013-04-03_11:36:12.729211
[profile_attr] old_data=2551400 delta_type=0 attr=attr_1 delta_data=2900.0 userid=1337 source=upgrade time=2013-04-03_11:36:39.320778
[profile_attr] old_data=2548500 delta_type=0 attr=attr_1 delta_data=2900.0 userid=1337 source=upgrade time=2013-04-03_11:37:05.388033
[profile_attr] old_data=2545600 delta_type=0 attr=attr_1 delta_data=2900.0 userid=1337 source=upgrade time=2013-04-03_11:38:37.549167
[profile_attr] old_data=2542700 delta_type=0 attr=attr_1 delta_data=2900.0 userid=1337 source=upgrade time=2013-04-03_11:39:00.364644
[profile_attr] old_data=2539800 delta_type=0 attr=attr_1 delta_data=81100.0 userid=1337 source=upgrade time=2013-04-03_11:40:18.812998
[profile_attr] old_data=2458700 delta_type=0 attr=attr_1 delta_data=89300.0 userid=1337 source=upgrade time=2013-04-03_11:40:19.813628
[profile_attr] old_data=2369400 delta_type=0 attr=attr_1 delta_data=97900.0 userid=1337 source=upgrade time=2013-04-03_11:40:20.428650
[profile_attr] old_data=2271500 delta_type=0 attr=attr_1 delta_data=106700.0 userid=1337 source=upgrade time=2013-04-03_11:40:21.094693
[profile_attr] old_data=2164800 delta_type=0 attr=attr_1 delta_data=115900.0 userid=1337 source=upgrade time=2013-04-03_11:40:22.244528
[profile_attr] old_data=2048900 delta_type=0 attr=attr_1 delta_data=81100.0 userid=1337 source=upgrade time=2013-04-03_11:40:23.161614
[profile_attr] old_data=1967800 delta_type=0 attr=attr_1 delta_data=89300.0 userid=1337 source=upgrade time=2013-04-03_11:40:23.835081
[profile_attr] old_data=1878500 delta_type=0 attr=attr_1 delta_data=97900.0 userid=1337 source=upgrade time=2013-04-03_11:40:24.379298
[profile_attr] old_data=1780600 delta_type=0 attr=attr_1 delta_data=106700.0 userid=1337 source=upgrade time=2013-04-03_11:40:24.896123
[profile_attr] old_data=1673900 delta_type=0 attr=attr_1 delta_data=115900.0 userid=1337 source=upgrade time=2013-04-03_11:40:25.461983
[profile_attr] old_data=1558000 delta_type=0 attr=attr_1 delta_data=81100.0 userid=1337 source=upgrade time=2013-04-03_11:40:28.080781
[profile_attr] old_data=1476900 delta_type=0 attr=attr_1 delta_data=89300.0 userid=1337 source=upgrade time=2013-04-03_11:40:28.644328
[profile_attr] old_data=1387600 delta_type=0 attr=attr_1 delta_data=97900.0 userid=1337 source=upgrade time=2013-04-03_11:40:29.244507
[profile_attr] old_data=1289700 delta_type=0 attr=attr_1 delta_data=106700.0 userid=1337 source=upgrade time=2013-04-03_11:40:30.080049
[profile_attr] old_data=1183000 delta_type=0 attr=attr_1 delta_data=115900.0 userid=1337 source=upgrade time=2013-04-03_11:40:30.479421
[profile_attr] old_data=1067100 delta_type=0 attr=attr_1 delta_data=81100.0 userid=1337 source=upgrade time=2013-04-03_11:40:31.894886
[profile_attr] old_data=986000 delta_type=0 attr=attr_1 delta_data=89300.0 userid=1337 source=upgrade time=2013-04-03_11:40:32.294914
[profile_attr] old_data=896700 delta_type=0 attr=attr_1 delta_data=97900.0 userid=1337 source=upgrade time=2013-04-03_11:40:33.014276
[profile_attr] old_data=798800 delta_type=0 attr=attr_1 delta_data=106700.0 userid=1337 source=upgrade time=2013-04-03_11:40:33.562262
[profile_attr] old_data=692100 delta_type=0 attr=attr_1 delta_data=115900.0 userid=1337 source=upgrade time=2013-04-03_11:40:34.128896
[profile_attr] old_data=9939 delta_type=0 attr=token delta_data=61 userid=1337 source=reset_cd time=2013-04-03_11:40:37.644825
[profile_attr] old_data=576200 delta_type=0 attr=attr_1 delta_data=81100.0 userid=1337 source=upgrade time=2013-04-03_11:40:37.994504
[profile_attr] old_data=14900 delta_type=1 attr=hp delta_data=480 userid=1337 source=dump_data time=2013-04-03_11:40:38.543815
[profile_attr] old_data=495100 delta_type=0 attr=attr_1 delta_data=89300.0 userid=1337 source=upgrade time=2013-04-03_11:40:38.661302
[profile_attr] old_data=15380 delta_type=1 attr=hp delta_data=480 userid=1337 source=dump_data time=2013-04-03_11:40:39.117137
[profile_attr] old_data=405800 delta_type=0 attr=attr_1 delta_data=97900.0 userid=1337 source=upgrade time=2013-04-03_11:40:39.227353
[profile_attr] old_data=15860 delta_type=1 attr=hp delta_data=480 userid=1337 source=dump_data time=2013-04-03_11:40:39.678441
[profile_attr] old_data=307900 delta_type=0 attr=attr_1 delta_data=106700.0 userid=1337 source=upgrade time=2013-04-03_11:40:39.794310
[profile_attr] old_data=16340 delta_type=1 attr=hp delta_data=480 userid=1337 source=dump_data time=2013-04-03_11:40:40.508207
[profile_attr] old_data=201200 delta_type=0 attr=attr_1 delta_data=115900.0 userid=1337 source=upgrade time=2013-04-03_11:40:40.611362
[profile_attr] old_data=16820 delta_type=1 attr=hp delta_data=480 userid=1337 source=dump_data time=2013-04-03_11:40:41.822388
[profile_attr] old_data=85300 delta_type=0 attr=attr_1 delta_data=65500.0 userid=1337 source=upgrade time=2013-04-03_11:40:41.944796
[profile_attr] old_data=982238 delta_type=0 attr=gold delta_data=2000 userid=1337 source=start time=2013-04-03_11:41:21.594492
[profile_attr] old_data=980238 delta_type=1 attr=gold delta_data=1000 userid=1337 source=sell time=2013-04-03_11:41:25.309289
[profile_attr] old_data=19800 delta_type=1 attr=attr_1 delta_data=914100 userid=1337 source=dump_data time=2013-04-03_11:41:33.113397
[profile_attr] old_data=981238 delta_type=1 attr=gold delta_data=65200 userid=1337 source=dump_data time=2013-04-03_11:41:33.114188
[profile_attr] old_data=190 delta_type=0 attr=attr_10 delta_data=10 userid=1337 source=enter time=2013-04-03_11:41:37.000427
[profile_attr] old_data=933900 delta_type=1 attr=attr_1 delta_data=24500 userid=1337 source=dump_data time=2013-04-03_11:42:51.540834
[profile_attr] old_data=1046438 delta_type=1 attr=gold delta_data=2783 userid=1337 source=dump_data time=2013-04-03_11:42:51.541611
[profile_attr] old_data=17300 delta_type=1 attr=hp delta_data=-5626 userid=1337 source=dump_data time=2013-04-03_11:42:51.542121
[profile_attr] old_data=121299 delta_type=0 attr=attr_1 delta_data=2900.0 userid=1318 source=upgrade time=2013-04-03_11:43:04.669846
[profile_attr] old_data=118399 delta_type=0 attr=attr_1 delta_data=5600.0 userid=1318 source=upgrade time=2013-04-03_11:43:06.037389
[profile_attr] old_data=112799 delta_type=0 attr=attr_1 delta_data=8800.0 userid=1318 source=upgrade time=2013-04-03_11:43:07.452776
[profile_attr] old_data=103999 delta_type=0 attr=attr_1 delta_data=2900.0 userid=1318 source=upgrade time=2013-04-03_11:43:08.219641
[profile_attr] old_data=9380 delta_type=0 attr=token delta_data=35 userid=594 source=enlarge_package time=2013-04-03_11:49:40.581091
[profile_attr] old_data=9345 delta_type=0 attr=token delta_data=35 userid=594 source=enlarge_package time=2013-04-03_11:49:40.581208
[profile_attr] old_data=9310 delta_type=0 attr=token delta_data=35 userid=594 source=enlarge_package time=2013-04-03_11:49:40.581327
[profile_attr] old_data=9275 delta_type=0 attr=token delta_data=35 userid=594 source=enlarge_package time=2013-04-03_11:49:40.581462
[profile_attr] old_data=9240 delta_type=0 attr=token delta_data=35 userid=594 source=enlarge_package time=2013-04-03_11:49:40.581581
[profile_attr] old_data=9205 delta_type=0 attr=token delta_data=40 userid=594 source=enlarge_package time=2013-04-03_11:49:40.581708
[profile_attr] old_data=9165 delta_type=0 attr=token delta_data=40 userid=594 source=enlarge_package time=2013-04-03_11:49:40.581830
[profile_attr] old_data=9125 delta_type=0 attr=token delta_data=40 userid=594 source=enlarge_package time=2013-04-03_11:49:40.581955
[profile_attr] old_data=9085 delta_type=0 attr=token delta_data=40 userid=594 source=enlarge_package time=2013-04-03_11:49:40.582086
[profile_attr] old_data=9045 delta_type=0 attr=token delta_data=40 userid=594 source=enlarge_package time=2013-04-03_11:49:40.582212
[profile_attr] old_data=9005 delta_type=0 attr=token delta_data=40 userid=594 source=enlarge_package time=2013-04-03_11:49:40.582335
[profile_attr] old_data=8965 delta_type=0 attr=token delta_data=40 userid=594 source=enlarge_package time=2013-04-03_11:49:40.582459
[profile_attr] old_data=8925 delta_type=0 attr=token delta_data=40 userid=594 source=enlarge_package time=2013-04-03_11:49:40.582581
[profile_attr] old_data=8885 delta_type=0 attr=token delta_data=40 userid=594 source=enlarge_package time=2013-04-03_11:49:40.582709
[profile_attr] old_data=8845 delta_type=0 attr=token delta_data=40 userid=594 source=enlarge_package time=2013-04-03_11:49:40.582830
[profile_attr] old_data=8805 delta_type=0 attr=token delta_data=45 userid=594 source=enlarge_package time=2013-04-03_11:49:40.582944
[profile_attr] old_data=8760 delta_type=0 attr=token delta_data=45 userid=594 source=enlarge_package time=2013-04-03_11:49:40.583067
[profile_attr] old_data=8715 delta_type=0 attr=token delta_data=45 userid=594 source=enlarge_package time=2013-04-03_11:49:40.583188
[profile_attr] old_data=8670 delta_type=0 attr=token delta_data=45 userid=594 source=enlarge_package time=2013-04-03_11:49:40.583307
[profile_attr] old_data=8625 delta_type=0 attr=token delta_data=45 userid=594 source=enlarge_package time=2013-04-03_11:49:40.583430
[profile_attr] old_data=8580 delta_type=0 attr=token delta_data=45 userid=594 source=enlarge_package time=2013-04-03_11:49:40.583551
[profile_attr] old_data=8535 delta_type=0 attr=token delta_data=45 userid=594 source=enlarge_package time=2013-04-03_11:49:40.583673
[profile_attr] old_data=8490 delta_type=0 attr=token delta_data=45 userid=594 source=enlarge_package time=2013-04-03_11:49:40.583795
[profile_attr] old_data=8445 delta_type=0 attr=token delta_data=45 userid=594 source=enlarge_package time=2013-04-03_11:49:40.583916
[profile_attr] old_data=8400 delta_type=0 attr=token delta_data=45 userid=594 source=enlarge_package time=2013-04-03_11:49:40.584046
[profile_attr] old_data=8355 delta_type=0 attr=token delta_data=50 userid=594 source=enlarge_package time=2013-04-03_11:49:40.584181
[profile_attr] old_data=8305 delta_type=0 attr=token delta_data=50 userid=594 source=enlarge_package time=2013-04-03_11:49:40.584304
[profile_attr] old_data=8255 delta_type=0 attr=token delta_data=50 userid=594 source=enlarge_package time=2013-04-03_11:49:40.584425
[profile_attr] old_data=8205 delta_type=0 attr=token delta_data=50 userid=594 source=enlarge_package time=2013-04-03_11:49:40.584546
[profile_attr] old_data=8155 delta_type=0 attr=token delta_data=50 userid=594 source=enlarge_package time=2013-04-03_11:49:40.584668
[profile_attr] old_data=101099 delta_type=0 attr=attr_1 delta_data=5600.0 userid=1318 source=upgrade time=2013-04-03_11:59:46.856902
