[profile_attr] old_data=61200 delta_type=1 attr=attr_1 delta_data=20000 userid=1172 source=dump_data time=2013-04-08_17:01:15.486703
[profile_attr] old_data=35097 delta_type=1 attr=gold delta_data=9400 userid=1172 source=dump_data time=2013-04-08_17:01:15.488172
[profile_attr] old_data=2225 delta_type=1 attr=hp delta_data=180 userid=1172 source=dump_data time=2013-04-08_17:01:15.489164
[profile_attr] old_data=44497 delta_type=0 attr=gold delta_data=10 userid=1172 source=enhance time=2013-04-08_17:01:15.555817
[profile_attr] old_data=2405 delta_type=1 attr=hp delta_data=29 userid=1172 source=dump_data time=2013-04-08_17:01:15.856446
[profile_attr] old_data=44487 delta_type=0 attr=gold delta_data=10 userid=1172 source=enhance time=2013-04-08_17:01:15.935058
[profile_attr] old_data=2434 delta_type=1 attr=hp delta_data=29 userid=1172 source=dump_data time=2013-04-08_17:01:16.433477
[profile_attr] old_data=44477 delta_type=0 attr=gold delta_data=10 userid=1172 source=enhance time=2013-04-08_17:01:16.500830
[profile_attr] old_data=2463 delta_type=1 attr=hp delta_data=29 userid=1172 source=dump_data time=2013-04-08_17:01:17.102633
[profile_attr] old_data=44467 delta_type=0 attr=gold delta_data=10 userid=1172 source=enhance time=2013-04-08_17:01:17.180739
[profile_attr] old_data=2492 delta_type=1 attr=hp delta_data=29 userid=1172 source=dump_data time=2013-04-08_17:01:17.769616
[profile_attr] old_data=44457 delta_type=0 attr=gold delta_data=10 userid=1172 source=enhance time=2013-04-08_17:01:17.871832
[profile_attr] old_data=44447 delta_type=1 attr=gold delta_data=2000 userid=1172 source=dump_data time=2013-04-08_17:01:29.601683
[profile_attr] old_data=2521 delta_type=1 attr=hp delta_data=29 userid=1172 source=dump_data time=2013-04-08_17:01:29.602819
[profile_attr] old_data=140 delta_type=0 attr=attr_10 delta_data=10 userid=1172 source=enter time=2013-04-08_17:01:33.931351
[profile_attr] old_data=46447 delta_type=1 attr=gold delta_data=550 userid=1172 source=dump_data time=2013-04-08_17:03:17.483614
[profile_attr] old_data=2550 delta_type=1 attr=hp delta_data=35 userid=1172 source=dump_data time=2013-04-08_17:03:29.011269
[profile_attr] old_data=16 delta_type=1 attr=attr_2 delta_data=4 userid=1172 source=dump_data time=2013-04-08_17:04:30.433386
[profile_attr] old_data=81200 delta_type=1 attr=attr_1 delta_data=5400 userid=1172 source=dump_data time=2013-04-08_17:04:30.434153
[profile_attr] old_data=46997 delta_type=1 attr=gold delta_data=707 userid=1172 source=dump_data time=2013-04-08_17:04:30.434902
[profile_attr] old_data=8 delta_type=1 attr=level delta_data=1 userid=1172 source=dump_data time=2013-04-08_17:04:30.449864
[profile_attr] old_data=2585 delta_type=1 attr=hp delta_data=290 userid=1172 source=dump_data time=2013-04-08_17:04:30.450295
[profile_attr] old_data=56 delta_type=1 attr=mp delta_data=2 userid=1172 source=dump_data time=2013-04-08_17:04:30.451389
[profile_attr] old_data=86600 delta_type=1 attr=attr_1 delta_data=61600 userid=1172 source=dump_data time=2013-04-08_17:04:46.880555
[profile_attr] old_data=47704 delta_type=1 attr=gold delta_data=4300 userid=1172 source=dump_data time=2013-04-08_17:04:46.882108
[profile_attr] old_data=2875 delta_type=1 attr=hp delta_data=10 userid=1172 source=dump_data time=2013-04-08_17:04:46.883152
[profile_attr] old_data=20 delta_type=0 attr=attr_2 delta_data=1 userid=1172 source=action_to_profile time=2013-04-08_17:04:46.941296
[profile_attr] old_data=19 delta_type=0 attr=attr_2 delta_data=1 userid=1172 source=action_to_profile time=2013-04-08_17:04:49.274114
[profile_attr] old_data=18 delta_type=0 attr=attr_2 delta_data=1 userid=1172 source=action_to_profile time=2013-04-08_17:04:51.887953
[profile_attr] old_data=17 delta_type=0 attr=attr_2 delta_data=1 userid=1172 source=action_to_profile time=2013-04-08_17:04:52.844603
[profile_attr] old_data=16 delta_type=0 attr=attr_2 delta_data=1 userid=1172 source=action_to_profile time=2013-04-08_17:04:54.761662
[profile_attr] old_data=15 delta_type=0 attr=attr_2 delta_data=1 userid=1172 source=action_to_profile time=2013-04-08_17:04:56.823508
[profile_attr] old_data=14 delta_type=0 attr=attr_2 delta_data=1 userid=1172 source=action_to_profile time=2013-04-08_17:04:58.008810
[profile_attr] old_data=13 delta_type=0 attr=attr_2 delta_data=1 userid=1172 source=action_to_profile time=2013-04-08_17:04:58.407727
[profile_attr] old_data=12 delta_type=0 attr=attr_2 delta_data=1 userid=1172 source=action_to_profile time=2013-04-08_17:04:59.725877
[profile_attr] old_data=11 delta_type=0 attr=attr_2 delta_data=1 userid=1172 source=action_to_profile time=2013-04-08_17:05:00.075792
[profile_attr] old_data=10 delta_type=0 attr=attr_2 delta_data=1 userid=1172 source=action_to_profile time=2013-04-08_17:05:00.494039
[profile_attr] old_data=9 delta_type=0 attr=attr_2 delta_data=1 userid=1172 source=action_to_profile time=2013-04-08_17:05:01.039321
[profile_attr] old_data=148200 delta_type=1 attr=attr_1 delta_data=123200 userid=1172 source=dump_data time=2013-04-08_17:05:20.846106
[profile_attr] old_data=52004 delta_type=1 attr=gold delta_data=8600 userid=1172 source=dump_data time=2013-04-08_17:05:20.847515
[profile_attr] old_data=130 delta_type=0 attr=attr_10 delta_data=10 userid=1172 source=enter time=2013-04-08_17:05:24.893554
[profile_attr] old_data=271400 delta_type=1 attr=attr_1 delta_data=6700 userid=1172 source=dump_data time=2013-04-08_17:08:13.169015
[profile_attr] old_data=60604 delta_type=1 attr=gold delta_data=1766 userid=1172 source=dump_data time=2013-04-08_17:08:13.169783
[profile_attr] old_data=2885 delta_type=1 attr=hp delta_data=-178 userid=1172 source=dump_data time=2013-04-08_17:08:13.170311
[profile_attr] old_data=8 delta_type=1 attr=attr_2 delta_data=4 userid=1172 source=dump_data time=2013-04-08_17:08:20.042976
[profile_attr] old_data=278100 delta_type=1 attr=attr_1 delta_data=90500 userid=1172 source=dump_data time=2013-04-08_17:08:20.043767
[profile_attr] old_data=62370 delta_type=1 attr=gold delta_data=5900 userid=1172 source=dump_data time=2013-04-08_17:08:20.044533
[profile_attr] old_data=9 delta_type=1 attr=level delta_data=1 userid=1172 source=dump_data time=2013-04-08_17:08:20.059427
[profile_attr] old_data=2707 delta_type=1 attr=hp delta_data=378 userid=1172 source=dump_data time=2013-04-08_17:08:20.059768
[profile_attr] old_data=58 delta_type=1 attr=mp delta_data=2 userid=1172 source=dump_data time=2013-04-08_17:08:20.060774
[profile_attr] old_data=368600 delta_type=0 attr=attr_1 delta_data=1000.0 userid=1172 source=upgrade time=2013-04-08_17:09:03.423254
[profile_attr] old_data=367600 delta_type=0 attr=attr_1 delta_data=2900.0 userid=1172 source=upgrade time=2013-04-08_17:09:03.914391
[profile_attr] old_data=364700 delta_type=0 attr=attr_1 delta_data=5600.0 userid=1172 source=upgrade time=2013-04-08_17:09:04.301347
[profile_attr] old_data=359100 delta_type=0 attr=attr_1 delta_data=8800.0 userid=1172 source=upgrade time=2013-04-08_17:09:04.596448
[profile_attr] old_data=350300 delta_type=0 attr=attr_1 delta_data=12600.0 userid=1172 source=upgrade time=2013-04-08_17:09:04.914220
[profile_attr] old_data=337700 delta_type=0 attr=attr_1 delta_data=16900.0 userid=1172 source=upgrade time=2013-04-08_17:09:05.323179
[profile_attr] old_data=320800 delta_type=0 attr=attr_1 delta_data=21600.0 userid=1172 source=upgrade time=2013-04-08_17:09:05.652474
[profile_attr] old_data=299200 delta_type=0 attr=attr_1 delta_data=26700.0 userid=1172 source=upgrade time=2013-04-08_17:09:06.001245
[profile_attr] old_data=272500 delta_type=0 attr=attr_1 delta_data=32300.0 userid=1172 source=upgrade time=2013-04-08_17:09:06.383077
[profile_attr] old_data=240200 delta_type=0 attr=attr_1 delta_data=38200.0 userid=1172 source=upgrade time=2013-04-08_17:09:06.716093
[profile_attr] old_data=202000 delta_type=1 attr=attr_1 delta_data=181000 userid=1172 source=dump_data time=2013-04-08_17:09:40.109384
[profile_attr] old_data=68270 delta_type=1 attr=gold delta_data=11800 userid=1172 source=dump_data time=2013-04-08_17:09:40.110883
[profile_attr] old_data=120 delta_type=0 attr=attr_10 delta_data=10 userid=1172 source=enter time=2013-04-08_17:09:43.426369
[profile_attr] old_data=80070 delta_type=1 attr=gold delta_data=761 userid=1172 source=dump_data time=2013-04-08_17:10:53.959176
[profile_attr] old_data=3085 delta_type=1 attr=hp delta_data=-642 userid=1172 source=dump_data time=2013-04-08_17:10:53.959724
[profile_attr] old_data=40.579180003 delta_type=1 attr=mp delta_data=-0.579180003048 userid=1363 source=dump_data time=2013-04-08_17:14:06.087270
[profile_attr] old_data=189 delta_type=1 attr=hp delta_data=11 userid=619 source=dump_data time=2013-04-08_17:15:27.083478
[profile_attr] old_data=190 delta_type=0 attr=attr_10 delta_data=10 userid=619 source=enter time=2013-04-08_17:15:31.004459
[profile_attr] old_data=0 delta_type=1 attr=attr_2 delta_data=4 userid=619 source=dump_data time=2013-04-08_17:16:13.571084
[profile_attr] old_data=4200 delta_type=1 attr=attr_1 delta_data=200 userid=619 source=dump_data time=2013-04-08_17:16:13.571807
[profile_attr] old_data=12103 delta_type=1 attr=gold delta_data=44 userid=619 source=dump_data time=2013-04-08_17:16:13.572579
[profile_attr] old_data=1 delta_type=1 attr=level delta_data=1 userid=619 source=dump_data time=2013-04-08_17:16:13.575138
[profile_attr] old_data=200 delta_type=1 attr=hp delta_data=300 userid=619 source=dump_data time=2013-04-08_17:16:13.575691
[profile_attr] old_data=40 delta_type=1 attr=mp delta_data=2 userid=619 source=dump_data time=2013-04-08_17:16:13.577400
[profile_attr] old_data=4400 delta_type=1 attr=attr_1 delta_data=6600 userid=619 source=dump_data time=2013-04-08_17:18:03.569936
[profile_attr] old_data=12147 delta_type=1 attr=gold delta_data=2400 userid=619 source=dump_data time=2013-04-08_17:18:03.570706
[profile_attr] old_data=14547 delta_type=0 attr=gold delta_data=10 userid=619 source=enhance time=2013-04-08_17:18:03.650842
[profile_attr] old_data=14537 delta_type=0 attr=gold delta_data=10 userid=619 source=enhance time=2013-04-08_17:18:04.162061
[profile_attr] old_data=14527 delta_type=0 attr=gold delta_data=10 userid=619 source=enhance time=2013-04-08_17:18:04.694493
[profile_attr] old_data=14517 delta_type=0 attr=gold delta_data=10 userid=619 source=enhance time=2013-04-08_17:18:05.198427
[profile_attr] old_data=14507 delta_type=0 attr=gold delta_data=10 userid=619 source=enhance time=2013-04-08_17:18:06.182387
[profile_attr] old_data=11000 delta_type=1 attr=attr_1 delta_data=3100 userid=619 source=dump_data time=2013-04-08_17:18:14.319336
[profile_attr] old_data=14497 delta_type=1 attr=gold delta_data=1100 userid=619 source=dump_data time=2013-04-08_17:18:14.320223
[profile_attr] old_data=180 delta_type=0 attr=attr_10 delta_data=10 userid=619 source=enter time=2013-04-08_17:18:20.594722
[profile_attr] old_data=4 delta_type=1 attr=attr_2 delta_data=4 userid=619 source=dump_data time=2013-04-08_17:19:22.992123
[profile_attr] old_data=14100 delta_type=1 attr=attr_1 delta_data=700 userid=619 source=dump_data time=2013-04-08_17:19:22.993070
[profile_attr] old_data=15597 delta_type=1 attr=gold delta_data=104 userid=619 source=dump_data time=2013-04-08_17:19:23.009213
[profile_attr] old_data=500 delta_type=1 attr=hp delta_data=169 userid=619 source=dump_data time=2013-04-08_17:19:23.010110
[profile_attr] old_data=42 delta_type=1 attr=mp delta_data=3 userid=619 source=dump_data time=2013-04-08_17:19:23.011112
[profile_attr] old_data=14800 delta_type=1 attr=attr_1 delta_data=3100 userid=619 source=dump_data time=2013-04-08_17:19:39.224745
[profile_attr] old_data=15701 delta_type=1 attr=gold delta_data=1100 userid=619 source=dump_data time=2013-04-08_17:19:39.225568
[profile_attr] old_data=669 delta_type=1 attr=hp delta_data=211 userid=619 source=dump_data time=2013-04-08_17:19:39.226159
[profile_attr] old_data=16801 delta_type=0 attr=gold delta_data=10 userid=619 source=enhance time=2013-04-08_17:19:39.300733
[profile_attr] old_data=880 delta_type=1 attr=hp delta_data=29 userid=619 source=dump_data time=2013-04-08_17:19:39.645054
[profile_attr] old_data=16791 delta_type=0 attr=gold delta_data=10 userid=619 source=enhance time=2013-04-08_17:19:39.714402
[profile_attr] old_data=909 delta_type=1 attr=hp delta_data=29 userid=619 source=dump_data time=2013-04-08_17:19:40.067371
[profile_attr] old_data=16781 delta_type=0 attr=gold delta_data=10 userid=619 source=enhance time=2013-04-08_17:19:40.141300
[profile_attr] old_data=938 delta_type=1 attr=hp delta_data=29 userid=619 source=dump_data time=2013-04-08_17:19:40.525898
[profile_attr] old_data=16771 delta_type=0 attr=gold delta_data=10 userid=619 source=enhance time=2013-04-08_17:19:40.598758
[profile_attr] old_data=967 delta_type=1 attr=hp delta_data=29 userid=619 source=dump_data time=2013-04-08_17:19:40.946512
[profile_attr] old_data=16761 delta_type=0 attr=gold delta_data=10 userid=619 source=enhance time=2013-04-08_17:19:41.016304
[profile_attr] old_data=8 delta_type=1 attr=attr_2 delta_data=4 userid=619 source=dump_data time=2013-04-08_17:19:54.333663
[profile_attr] old_data=17900 delta_type=1 attr=attr_1 delta_data=3100 userid=619 source=dump_data time=2013-04-08_17:19:54.335139
[profile_attr] old_data=16751 delta_type=1 attr=gold delta_data=2100 userid=619 source=dump_data time=2013-04-08_17:19:54.336655
[profile_attr] old_data=3 delta_type=1 attr=level delta_data=1 userid=619 source=dump_data time=2013-04-08_17:19:54.353279
[profile_attr] old_data=996 delta_type=1 attr=hp delta_data=329 userid=619 source=dump_data time=2013-04-08_17:19:54.353692
[profile_attr] old_data=45 delta_type=1 attr=mp delta_data=2 userid=619 source=dump_data time=2013-04-08_17:19:54.357489
[profile_attr] old_data=170 delta_type=0 attr=attr_10 delta_data=10 userid=619 source=enter time=2013-04-08_17:19:58.003009
[profile_attr] old_data=12 delta_type=1 attr=attr_2 delta_data=4 userid=619 source=dump_data time=2013-04-08_17:20:43.858060
[profile_attr] old_data=21000 delta_type=1 attr=attr_1 delta_data=1400 userid=619 source=dump_data time=2013-04-08_17:20:43.858817
[profile_attr] old_data=18851 delta_type=1 attr=gold delta_data=174 userid=619 source=dump_data time=2013-04-08_17:20:43.859824
[profile_attr] old_data=4 delta_type=1 attr=level delta_data=1 userid=619 source=dump_data time=2013-04-08_17:20:43.875319
[profile_attr] old_data=1325 delta_type=1 attr=hp delta_data=143 userid=619 source=dump_data time=2013-04-08_17:20:43.875660
[profile_attr] old_data=47 delta_type=1 attr=mp delta_data=2 userid=619 source=dump_data time=2013-04-08_17:20:43.876626
[profile_attr] old_data=19025 delta_type=1 attr=gold delta_data=12 userid=619 source=dump_data time=2013-04-08_17:21:01.552244
[profile_attr] old_data=1468 delta_type=1 attr=hp delta_data=57 userid=619 source=dump_data time=2013-04-08_17:21:01.552813
[profile_attr] old_data=22400 delta_type=1 attr=attr_1 delta_data=3200 userid=619 source=dump_data time=2013-04-08_17:22:08.196514
[profile_attr] old_data=19037 delta_type=1 attr=gold delta_data=1100 userid=619 source=dump_data time=2013-04-08_17:22:08.197285
[profile_attr] old_data=20137 delta_type=0 attr=gold delta_data=10 userid=619 source=enhance time=2013-04-08_17:22:08.273223
[profile_attr] old_data=20127 delta_type=0 attr=gold delta_data=10 userid=619 source=enhance time=2013-04-08_17:22:08.756026
[profile_attr] old_data=20117 delta_type=0 attr=gold delta_data=10 userid=619 source=enhance time=2013-04-08_17:22:09.273176
[profile_attr] old_data=20107 delta_type=0 attr=gold delta_data=10 userid=619 source=enhance time=2013-04-08_17:22:09.935753
[profile_attr] old_data=20097 delta_type=0 attr=gold delta_data=10 userid=619 source=enhance time=2013-04-08_17:22:10.556779
[profile_attr] old_data=20087 delta_type=1 attr=gold delta_data=1000 userid=619 source=dump_data time=2013-04-08_17:22:19.142480
[profile_attr] old_data=16 delta_type=0 attr=attr_2 delta_data=1 userid=619 source=action_to_profile time=2013-04-08_17:22:19.209002
[profile_attr] old_data=15 delta_type=0 attr=attr_2 delta_data=1 userid=619 source=action_to_profile time=2013-04-08_17:22:19.522785
[profile_attr] old_data=14 delta_type=0 attr=attr_2 delta_data=1 userid=619 source=action_to_profile time=2013-04-08_17:22:19.775837
[profile_attr] old_data=13 delta_type=0 attr=attr_2 delta_data=1 userid=619 source=action_to_profile time=2013-04-08_17:22:20.140654
[profile_attr] old_data=12 delta_type=0 attr=attr_2 delta_data=1 userid=619 source=action_to_profile time=2013-04-08_17:22:20.743285
[profile_attr] old_data=11 delta_type=0 attr=attr_2 delta_data=1 userid=619 source=action_to_profile time=2013-04-08_17:22:21.070155
[profile_attr] old_data=10 delta_type=0 attr=attr_2 delta_data=1 userid=619 source=action_to_profile time=2013-04-08_17:22:21.454944
[profile_attr] old_data=9 delta_type=0 attr=attr_2 delta_data=1 userid=619 source=action_to_profile time=2013-04-08_17:22:21.820793
[profile_attr] old_data=953663 delta_type=0 attr=token delta_data=6144 userid=1265 source=combine time=2013-04-08_17:23:47.324859
[profile_attr] old_data=108567107 delta_type=0 attr=gold delta_data=2000 userid=1265 source=combine time=2013-04-08_17:23:47.326905
[profile_attr] old_data=25600 delta_type=1 attr=attr_1 delta_data=6400 userid=619 source=dump_data time=2013-04-08_17:23:51.630596
[profile_attr] old_data=21087 delta_type=1 attr=gold delta_data=2200 userid=619 source=dump_data time=2013-04-08_17:23:51.632757
[profile_attr] old_data=160 delta_type=0 attr=attr_10 delta_data=10 userid=619 source=enter time=2013-04-08_17:23:55.487779
[profile_attr] old_data=947519 delta_type=0 attr=token delta_data=30720 userid=1265 source=combine time=2013-04-08_17:23:56.574534
[profile_attr] old_data=108565107 delta_type=0 attr=gold delta_data=2000 userid=1265 source=combine time=2013-04-08_17:23:56.576528
[profile_attr] old_data=916799 delta_type=0 attr=token delta_data=7 userid=1265 source=combine time=2013-04-08_17:24:29.556549
[profile_attr] old_data=108563107 delta_type=0 attr=gold delta_data=2000 userid=1265 source=combine time=2013-04-08_17:24:29.558815
[profile_attr] old_data=8 delta_type=1 attr=attr_2 delta_data=4 userid=619 source=dump_data time=2013-04-08_17:25:21.032028
[profile_attr] old_data=32000 delta_type=1 attr=attr_1 delta_data=2200 userid=619 source=dump_data time=2013-04-08_17:25:21.033478
[profile_attr] old_data=23287 delta_type=1 attr=gold delta_data=651 userid=619 source=dump_data time=2013-04-08_17:25:21.035051
[profile_attr] old_data=5 delta_type=1 attr=level delta_data=1 userid=619 source=dump_data time=2013-04-08_17:25:21.052697
[profile_attr] old_data=1525 delta_type=1 attr=hp delta_data=170 userid=619 source=dump_data time=2013-04-08_17:25:21.053089
[profile_attr] old_data=49 delta_type=1 attr=mp delta_data=2 userid=619 source=dump_data time=2013-04-08_17:25:21.054084
[profile_attr] old_data=34200 delta_type=1 attr=attr_1 delta_data=3200 userid=619 source=dump_data time=2013-04-08_17:25:35.500288
[profile_attr] old_data=23938 delta_type=1 attr=gold delta_data=1100 userid=619 source=dump_data time=2013-04-08_17:25:35.501162
[profile_attr] old_data=1695 delta_type=1 attr=hp delta_data=30 userid=619 source=dump_data time=2013-04-08_17:25:35.501715
[profile_attr] old_data=12 delta_type=0 attr=attr_2 delta_data=1 userid=619 source=action_to_profile time=2013-04-08_17:25:35.564700
[profile_attr] old_data=11 delta_type=0 attr=attr_2 delta_data=1 userid=619 source=action_to_profile time=2013-04-08_17:25:36.359354
[profile_attr] old_data=25038 delta_type=0 attr=gold delta_data=10 userid=619 source=enhance time=2013-04-08_17:25:41.413837
[profile_attr] old_data=25028 delta_type=0 attr=gold delta_data=10 userid=619 source=enhance time=2013-04-08_17:25:42.044481
[profile_attr] old_data=25018 delta_type=0 attr=gold delta_data=10 userid=619 source=enhance time=2013-04-08_17:25:42.577131
[profile_attr] old_data=25008 delta_type=0 attr=gold delta_data=10 userid=619 source=enhance time=2013-04-08_17:25:43.112345
[profile_attr] old_data=24998 delta_type=0 attr=gold delta_data=10 userid=619 source=enhance time=2013-04-08_17:25:43.661197
[profile_attr] old_data=24988 delta_type=1 attr=gold delta_data=1000 userid=619 source=dump_data time=2013-04-08_17:25:57.157797
[profile_attr] old_data=150 delta_type=0 attr=attr_10 delta_data=10 userid=619 source=enter time=2013-04-08_17:26:01.400201
[profile_attr] old_data=10 delta_type=1 attr=attr_2 delta_data=4 userid=619 source=dump_data time=2013-04-08_17:28:15.865557
[profile_attr] old_data=37400 delta_type=1 attr=attr_1 delta_data=3200 userid=619 source=dump_data time=2013-04-08_17:28:15.866882
[profile_attr] old_data=25988 delta_type=1 attr=gold delta_data=398 userid=619 source=dump_data time=2013-04-08_17:28:15.868283
[profile_attr] old_data=6 delta_type=1 attr=level delta_data=1 userid=619 source=dump_data time=2013-04-08_17:28:15.884830
[profile_attr] old_data=1725 delta_type=1 attr=hp delta_data=300 userid=619 source=dump_data time=2013-04-08_17:28:15.885219
[profile_attr] old_data=51 delta_type=1 attr=mp delta_data=3 userid=619 source=dump_data time=2013-04-08_17:28:15.886199
[profile_attr] old_data=40600 delta_type=1 attr=attr_1 delta_data=16400 userid=619 source=dump_data time=2013-04-08_17:28:48.847278
[profile_attr] old_data=26386 delta_type=1 attr=gold delta_data=6400 userid=619 source=dump_data time=2013-04-08_17:28:48.848150
[profile_attr] old_data=140 delta_type=0 attr=attr_10 delta_data=10 userid=619 source=enter time=2013-04-08_17:28:53.458775
[profile_attr] old_data=14 delta_type=1 attr=attr_2 delta_data=4 userid=619 source=dump_data time=2013-04-08_17:30:24.961704
[profile_attr] old_data=57000 delta_type=1 attr=attr_1 delta_data=4200 userid=619 source=dump_data time=2013-04-08_17:30:24.962574
[profile_attr] old_data=32786 delta_type=1 attr=gold delta_data=1118 userid=619 source=dump_data time=2013-04-08_17:30:24.963469
[profile_attr] old_data=7 delta_type=1 attr=level delta_data=1 userid=619 source=dump_data time=2013-04-08_17:30:24.978816
[profile_attr] old_data=2025 delta_type=1 attr=hp delta_data=200 userid=619 source=dump_data time=2013-04-08_17:30:24.979200
[profile_attr] old_data=54 delta_type=1 attr=mp delta_data=2 userid=619 source=dump_data time=2013-04-08_17:30:24.980185
[profile_attr] old_data=33904 delta_type=1 attr=gold delta_data=18 userid=619 source=dump_data time=2013-04-08_17:30:34.912662
[profile_attr] old_data=2225 delta_type=1 attr=hp delta_data=-3 userid=619 source=dump_data time=2013-04-08_17:30:34.913211
[profile_attr] old_data=2222 delta_type=1 attr=hp delta_data=3 userid=619 source=dump_data time=2013-04-08_17:30:55.049586
[profile_attr] old_data=33922 delta_type=0 attr=gold delta_data=10 userid=619 source=enhance time=2013-04-08_17:30:55.113129
[profile_attr] old_data=33912 delta_type=0 attr=gold delta_data=10 userid=619 source=enhance time=2013-04-08_17:30:55.480958
[profile_attr] old_data=33902 delta_type=0 attr=gold delta_data=10 userid=619 source=enhance time=2013-04-08_17:30:56.007418
[profile_attr] old_data=33892 delta_type=0 attr=gold delta_data=10 userid=619 source=enhance time=2013-04-08_17:30:56.554246
[profile_attr] old_data=33882 delta_type=0 attr=gold delta_data=10 userid=619 source=enhance time=2013-04-08_17:30:57.090890
[profile_attr] old_data=61200 delta_type=1 attr=attr_1 delta_data=20000 userid=619 source=dump_data time=2013-04-08_17:31:14.899723
[profile_attr] old_data=33872 delta_type=1 attr=gold delta_data=10400 userid=619 source=dump_data time=2013-04-08_17:31:14.900541
[profile_attr] old_data=2225 delta_type=1 attr=hp delta_data=180 userid=619 source=dump_data time=2013-04-08_17:31:14.901100
[profile_attr] old_data=44272 delta_type=0 attr=gold delta_data=10 userid=619 source=enhance time=2013-04-08_17:31:14.970240
[profile_attr] old_data=2405 delta_type=1 attr=hp delta_data=29 userid=619 source=dump_data time=2013-04-08_17:31:15.432375
[profile_attr] old_data=44262 delta_type=0 attr=gold delta_data=10 userid=619 source=enhance time=2013-04-08_17:31:15.520461
[profile_attr] old_data=2434 delta_type=1 attr=hp delta_data=29 userid=619 source=dump_data time=2013-04-08_17:31:15.954658
[profile_attr] old_data=44252 delta_type=0 attr=gold delta_data=10 userid=619 source=enhance time=2013-04-08_17:31:16.044461
[profile_attr] old_data=2463 delta_type=1 attr=hp delta_data=29 userid=619 source=dump_data time=2013-04-08_17:31:16.479867
[profile_attr] old_data=44242 delta_type=0 attr=gold delta_data=10 userid=619 source=enhance time=2013-04-08_17:31:16.555098
[profile_attr] old_data=2492 delta_type=1 attr=hp delta_data=29 userid=619 source=dump_data time=2013-04-08_17:31:16.995663
[profile_attr] old_data=44232 delta_type=0 attr=gold delta_data=10 userid=619 source=enhance time=2013-04-08_17:31:17.078779
[profile_attr] old_data=44222 delta_type=1 attr=gold delta_data=1000 userid=619 source=dump_data time=2013-04-08_17:31:35.245487
[profile_attr] old_data=2521 delta_type=1 attr=hp delta_data=29 userid=619 source=dump_data time=2013-04-08_17:31:35.246386
[profile_attr] old_data=130 delta_type=0 attr=attr_10 delta_data=10 userid=619 source=enter time=2013-04-08_17:31:38.704217
[profile_attr] old_data=5305 delta_type=1 attr=hp delta_data=1200 userid=957 source=dump_data time=2013-04-08_17:32:25.770729
[profile_attr] old_data=45222 delta_type=1 attr=gold delta_data=232 userid=619 source=dump_data time=2013-04-08_17:32:25.773090
[profile_attr] old_data=120 delta_type=0 attr=attr_10 delta_data=10 userid=619 source=enter time=2013-04-08_17:33:01.112273
[profile_attr] old_data=18 delta_type=1 attr=attr_2 delta_data=4 userid=619 source=dump_data time=2013-04-08_17:35:05.631320
[profile_attr] old_data=81200 delta_type=1 attr=attr_1 delta_data=5400 userid=619 source=dump_data time=2013-04-08_17:35:05.632121
[profile_attr] old_data=45454 delta_type=1 attr=gold delta_data=1211 userid=619 source=dump_data time=2013-04-08_17:35:05.632940
[profile_attr] old_data=8 delta_type=1 attr=level delta_data=1 userid=619 source=dump_data time=2013-04-08_17:35:05.635639
[profile_attr] old_data=2550 delta_type=1 attr=hp delta_data=300 userid=619 source=dump_data time=2013-04-08_17:35:05.636006
[profile_attr] old_data=56 delta_type=1 attr=mp delta_data=2 userid=619 source=dump_data time=2013-04-08_17:35:05.636991
[profile_attr] old_data=86600 delta_type=1 attr=attr_1 delta_data=184800 userid=619 source=dump_data time=2013-04-08_17:35:33.514359
[profile_attr] old_data=46665 delta_type=1 attr=gold delta_data=12900 userid=619 source=dump_data time=2013-04-08_17:35:33.515299
[profile_attr] old_data=110 delta_type=0 attr=attr_10 delta_data=10 userid=619 source=enter time=2013-04-08_17:35:36.896770
[profile_attr] old_data=271400 delta_type=1 attr=attr_1 delta_data=6700 userid=619 source=dump_data time=2013-04-08_17:37:48.179662
[profile_attr] old_data=59565 delta_type=1 attr=gold delta_data=1609 userid=619 source=dump_data time=2013-04-08_17:37:48.180453
[profile_attr] old_data=2850 delta_type=1 attr=hp delta_data=-17 userid=619 source=dump_data time=2013-04-08_17:37:48.180985
[profile_attr] old_data=2833 delta_type=1 attr=hp delta_data=17 userid=619 source=dump_data time=2013-04-08_17:38:16.692899
[profile_attr] old_data=61174 delta_type=0 attr=gold delta_data=10 userid=619 source=enhance time=2013-04-08_17:38:16.769847
[profile_attr] old_data=61164 delta_type=0 attr=gold delta_data=10 userid=619 source=enhance time=2013-04-08_17:38:17.300774
[profile_attr] old_data=61154 delta_type=0 attr=gold delta_data=10 userid=619 source=enhance time=2013-04-08_17:38:17.764019
[profile_attr] old_data=61144 delta_type=0 attr=gold delta_data=10 userid=619 source=enhance time=2013-04-08_17:38:18.499224
[profile_attr] old_data=61134 delta_type=0 attr=gold delta_data=10 userid=619 source=enhance time=2013-04-08_17:38:19.086865
[profile_attr] old_data=22 delta_type=1 attr=attr_2 delta_data=4 userid=619 source=dump_data time=2013-04-08_17:38:26.272653
[profile_attr] old_data=278100 delta_type=1 attr=attr_1 delta_data=90500 userid=619 source=dump_data time=2013-04-08_17:38:26.273453
[profile_attr] old_data=61124 delta_type=1 attr=gold delta_data=6900 userid=619 source=dump_data time=2013-04-08_17:38:26.274270
[profile_attr] old_data=9 delta_type=1 attr=level delta_data=1 userid=619 source=dump_data time=2013-04-08_17:38:26.276752
[profile_attr] old_data=2850 delta_type=1 attr=hp delta_data=200 userid=619 source=dump_data time=2013-04-08_17:38:26.277148
[profile_attr] old_data=58 delta_type=1 attr=mp delta_data=2 userid=619 source=dump_data time=2013-04-08_17:38:26.278229
[profile_attr] old_data=68024 delta_type=0 attr=gold delta_data=10 userid=619 source=enhance time=2013-04-08_17:38:40.071238
[profile_attr] old_data=68014 delta_type=0 attr=gold delta_data=10 userid=619 source=enhance time=2013-04-08_17:38:40.679988
[profile_attr] old_data=68004 delta_type=0 attr=gold delta_data=10 userid=619 source=enhance time=2013-04-08_17:38:41.125346
[profile_attr] old_data=67994 delta_type=0 attr=gold delta_data=10 userid=619 source=enhance time=2013-04-08_17:38:41.682875
[profile_attr] old_data=67984 delta_type=0 attr=gold delta_data=10 userid=619 source=enhance time=2013-04-08_17:38:42.266102
[profile_attr] old_data=67974 delta_type=1 attr=gold delta_data=1000 userid=619 source=dump_data time=2013-04-08_17:38:50.255175
[profile_attr] old_data=368600 delta_type=0 attr=attr_1 delta_data=1000.0 userid=619 source=upgrade time=2013-04-08_17:38:50.307493
[profile_attr] old_data=367600 delta_type=0 attr=attr_1 delta_data=2900.0 userid=619 source=upgrade time=2013-04-08_17:38:50.688008
[profile_attr] old_data=364700 delta_type=0 attr=attr_1 delta_data=5600.0 userid=619 source=upgrade time=2013-04-08_17:38:51.077349
[profile_attr] old_data=359100 delta_type=0 attr=attr_1 delta_data=8800.0 userid=619 source=upgrade time=2013-04-08_17:38:51.437539
[profile_attr] old_data=350300 delta_type=0 attr=attr_1 delta_data=12600.0 userid=619 source=upgrade time=2013-04-08_17:38:51.784869
[profile_attr] old_data=337700 delta_type=0 attr=attr_1 delta_data=16900.0 userid=619 source=upgrade time=2013-04-08_17:38:52.150677
[profile_attr] old_data=320800 delta_type=0 attr=attr_1 delta_data=21600.0 userid=619 source=upgrade time=2013-04-08_17:38:52.536879
[profile_attr] old_data=299200 delta_type=0 attr=attr_1 delta_data=26700.0 userid=619 source=upgrade time=2013-04-08_17:38:52.900411
[profile_attr] old_data=272500 delta_type=0 attr=attr_1 delta_data=32300.0 userid=619 source=upgrade time=2013-04-08_17:38:53.305083
[profile_attr] old_data=240200 delta_type=0 attr=attr_1 delta_data=38200.0 userid=619 source=upgrade time=2013-04-08_17:38:53.690874
[profile_attr] old_data=202000 delta_type=0 attr=attr_1 delta_data=1000.0 userid=619 source=upgrade time=2013-04-08_17:38:54.436205
[profile_attr] old_data=201000 delta_type=0 attr=attr_1 delta_data=2900.0 userid=619 source=upgrade time=2013-04-08_17:38:54.818260
[profile_attr] old_data=198100 delta_type=0 attr=attr_1 delta_data=5600.0 userid=619 source=upgrade time=2013-04-08_17:38:55.221037
[profile_attr] old_data=192500 delta_type=0 attr=attr_1 delta_data=8800.0 userid=619 source=upgrade time=2013-04-08_17:38:55.568084
[profile_attr] old_data=183700 delta_type=0 attr=attr_1 delta_data=12600.0 userid=619 source=upgrade time=2013-04-08_17:38:56.286117
[profile_attr] old_data=171100 delta_type=0 attr=attr_1 delta_data=16900.0 userid=619 source=upgrade time=2013-04-08_17:38:58.289164
[profile_attr] old_data=154200 delta_type=0 attr=attr_1 delta_data=21600.0 userid=619 source=upgrade time=2013-04-08_17:39:00.102418
[profile_attr] old_data=132600 delta_type=0 attr=attr_1 delta_data=26700.0 userid=619 source=upgrade time=2013-04-08_17:39:01.719724
[profile_attr] old_data=105900 delta_type=0 attr=attr_1 delta_data=32300.0 userid=619 source=upgrade time=2013-04-08_17:39:03.293365
[profile_attr] old_data=73600 delta_type=0 attr=attr_1 delta_data=1000.0 userid=619 source=upgrade time=2013-04-08_17:39:04.673734
[profile_attr] old_data=72600 delta_type=0 attr=attr_1 delta_data=2900.0 userid=619 source=upgrade time=2013-04-08_17:39:05.070972
[profile_attr] old_data=69700 delta_type=0 attr=attr_1 delta_data=5600.0 userid=619 source=upgrade time=2013-04-08_17:39:05.354216
[profile_attr] old_data=64100 delta_type=0 attr=attr_1 delta_data=8800.0 userid=619 source=upgrade time=2013-04-08_17:39:05.770247
[profile_attr] old_data=55300 delta_type=0 attr=attr_1 delta_data=12600.0 userid=619 source=upgrade time=2013-04-08_17:39:06.170710
[profile_attr] old_data=42700 delta_type=0 attr=attr_1 delta_data=16900.0 userid=619 source=upgrade time=2013-04-08_17:39:06.592372
[profile_attr] old_data=25800 delta_type=0 attr=attr_1 delta_data=21600.0 userid=619 source=upgrade time=2013-04-08_17:39:07.040236
[profile_attr] old_data=4200 delta_type=1 attr=attr_1 delta_data=90500 userid=619 source=dump_data time=2013-04-08_17:39:15.795633
[profile_attr] old_data=68974 delta_type=1 attr=gold delta_data=5900 userid=619 source=dump_data time=2013-04-08_17:39:15.796576
[profile_attr] old_data=26 delta_type=0 attr=attr_2 delta_data=1 userid=619 source=action_to_profile time=2013-04-08_17:39:15.856449
[profile_attr] old_data=25 delta_type=0 attr=attr_2 delta_data=1 userid=619 source=action_to_profile time=2013-04-08_17:39:16.372521
[profile_attr] old_data=24 delta_type=0 attr=attr_2 delta_data=1 userid=619 source=action_to_profile time=2013-04-08_17:39:17.737823
[profile_attr] old_data=23 delta_type=0 attr=attr_2 delta_data=1 userid=619 source=action_to_profile time=2013-04-08_17:39:18.088301
[profile_attr] old_data=22 delta_type=0 attr=attr_2 delta_data=1 userid=619 source=action_to_profile time=2013-04-08_17:39:19.204010
[profile_attr] old_data=21 delta_type=0 attr=attr_2 delta_data=1 userid=619 source=action_to_profile time=2013-04-08_17:39:19.468494
[profile_attr] old_data=20 delta_type=0 attr=attr_2 delta_data=1 userid=619 source=action_to_profile time=2013-04-08_17:39:19.817079
[profile_attr] old_data=19 delta_type=0 attr=attr_2 delta_data=1 userid=619 source=action_to_profile time=2013-04-08_17:39:23.436135
[profile_attr] old_data=18 delta_type=0 attr=attr_2 delta_data=1 userid=619 source=action_to_profile time=2013-04-08_17:39:23.789082
[profile_attr] old_data=17 delta_type=0 attr=attr_2 delta_data=1 userid=619 source=action_to_profile time=2013-04-08_17:39:24.160124
[profile_attr] old_data=16 delta_type=0 attr=attr_2 delta_data=1 userid=619 source=action_to_profile time=2013-04-08_17:39:24.507825
[profile_attr] old_data=15 delta_type=0 attr=attr_2 delta_data=1 userid=619 source=action_to_profile time=2013-04-08_17:39:24.905787
[profile_attr] old_data=94700 delta_type=1 attr=attr_1 delta_data=90500 userid=619 source=dump_data time=2013-04-08_17:39:33.949972
[profile_attr] old_data=74874 delta_type=1 attr=gold delta_data=5900 userid=619 source=dump_data time=2013-04-08_17:39:33.951396
[profile_attr] old_data=100 delta_type=0 attr=attr_10 delta_data=10 userid=619 source=enter time=2013-04-08_17:39:38.283440
[profile_attr] old_data=41252 delta_type=0 attr=token delta_data=20 userid=1318 source=buy time=2013-04-08_17:46:30.968528
[profile_attr] old_data=90 delta_type=0 attr=attr_10 delta_data=10 userid=619 source=enter time=2013-04-08_17:46:37.461761
[profile_attr] old_data=185200 delta_type=1 attr=attr_1 delta_data=8100 userid=619 source=dump_data time=2013-04-08_17:48:30.545360
[profile_attr] old_data=80774 delta_type=1 attr=gold delta_data=1949 userid=619 source=dump_data time=2013-04-08_17:48:30.546221
[profile_attr] old_data=3050 delta_type=1 attr=hp delta_data=-23 userid=619 source=dump_data time=2013-04-08_17:48:30.546769
[profile_attr] old_data=14 delta_type=1 attr=attr_2 delta_data=4 userid=619 source=dump_data time=2013-04-08_17:48:45.165474
[profile_attr] old_data=193300 delta_type=1 attr=attr_1 delta_data=378000 userid=619 source=dump_data time=2013-04-08_17:48:45.166252
[profile_attr] old_data=82723 delta_type=1 attr=gold delta_data=23200 userid=619 source=dump_data time=2013-04-08_17:48:45.167040
[profile_attr] old_data=10 delta_type=1 attr=level delta_data=1 userid=619 source=dump_data time=2013-04-08_17:48:45.182032
[profile_attr] old_data=3027 delta_type=1 attr=hp delta_data=223 userid=619 source=dump_data time=2013-04-08_17:48:45.182418
[profile_attr] old_data=60 delta_type=1 attr=mp delta_data=3 userid=619 source=dump_data time=2013-04-08_17:48:45.183421
[profile_attr] old_data=80 delta_type=0 attr=attr_10 delta_data=10 userid=619 source=enter time=2013-04-08_17:48:49.714090
[profile_attr] old_data=3556 delta_type=0 attr=token delta_data=112 userid=1317 source=buy time=2013-04-08_17:49:02.904102
[profile_attr] old_data=170 delta_type=0 attr=attr_10 delta_data=10 userid=1317 source=enter time=2013-04-08_17:49:56.372796
[profile_attr] old_data=571300 delta_type=1 attr=attr_1 delta_data=9600 userid=619 source=dump_data time=2013-04-08_17:50:32.671744
[profile_attr] old_data=105923 delta_type=1 attr=gold delta_data=2729 userid=619 source=dump_data time=2013-04-08_17:50:32.672619
[profile_attr] old_data=541624 delta_type=1 attr=gold delta_data=41 userid=1317 source=dump_data time=2013-04-08_17:50:41.844460
[profile_attr] old_data=11520 delta_type=1 attr=hp delta_data=-25 userid=1317 source=dump_data time=2013-04-08_17:50:41.845091
[profile_attr] old_data=11495 delta_type=1 attr=hp delta_data=25 userid=1317 source=dump_data time=2013-04-08_17:50:46.810872
[profile_attr] old_data=18 delta_type=1 attr=attr_2 delta_data=4 userid=619 source=dump_data time=2013-04-08_17:50:48.957506
[profile_attr] old_data=580900 delta_type=1 attr=attr_1 delta_data=126300 userid=619 source=dump_data time=2013-04-08_17:50:48.958235
[profile_attr] old_data=108652 delta_type=1 attr=gold delta_data=7500 userid=619 source=dump_data time=2013-04-08_17:50:48.958982
[profile_attr] old_data=11 delta_type=1 attr=level delta_data=1 userid=619 source=dump_data time=2013-04-08_17:50:48.973823
[profile_attr] old_data=3250 delta_type=1 attr=hp delta_data=695 userid=619 source=dump_data time=2013-04-08_17:50:48.974211
[profile_attr] old_data=63 delta_type=1 attr=mp delta_data=3 userid=619 source=dump_data time=2013-04-08_17:50:48.975221
[profile_attr] old_data=116152 delta_type=0 attr=gold delta_data=7644 userid=619 source=enhance time=2013-04-08_17:50:49.095546
[profile_attr] old_data=3945 delta_type=1 attr=hp delta_data=73 userid=619 source=dump_data time=2013-04-08_17:50:49.548958
[profile_attr] old_data=108508 delta_type=0 attr=gold delta_data=7644 userid=619 source=enhance time=2013-04-08_17:50:49.618792
[profile_attr] old_data=4018 delta_type=1 attr=hp delta_data=73 userid=619 source=dump_data time=2013-04-08_17:50:50.022563
[profile_attr] old_data=100864 delta_type=0 attr=gold delta_data=7644 userid=619 source=enhance time=2013-04-08_17:50:50.115051
[profile_attr] old_data=4091 delta_type=1 attr=hp delta_data=73 userid=619 source=dump_data time=2013-04-08_17:50:50.610971
[profile_attr] old_data=93220 delta_type=0 attr=gold delta_data=7644 userid=619 source=enhance time=2013-04-08_17:50:50.726309
[profile_attr] old_data=4164 delta_type=1 attr=hp delta_data=73 userid=619 source=dump_data time=2013-04-08_17:50:51.176597
[profile_attr] old_data=85576 delta_type=0 attr=gold delta_data=7644 userid=619 source=enhance time=2013-04-08_17:50:51.256867
[profile_attr] old_data=4237 delta_type=1 attr=hp delta_data=73 userid=619 source=dump_data time=2013-04-08_17:50:51.759415
[profile_attr] old_data=77932 delta_type=0 attr=gold delta_data=7644 userid=619 source=enhance time=2013-04-08_17:50:51.835294
[profile_attr] old_data=4310 delta_type=1 attr=hp delta_data=73 userid=619 source=dump_data time=2013-04-08_17:50:52.242096
[profile_attr] old_data=70288 delta_type=0 attr=gold delta_data=7644 userid=619 source=enhance time=2013-04-08_17:50:52.331284
[profile_attr] old_data=4383 delta_type=1 attr=hp delta_data=73 userid=619 source=dump_data time=2013-04-08_17:50:52.862915
[profile_attr] old_data=62644 delta_type=0 attr=gold delta_data=7644 userid=619 source=enhance time=2013-04-08_17:50:52.935292
[profile_attr] old_data=4456 delta_type=1 attr=hp delta_data=73 userid=619 source=dump_data time=2013-04-08_17:50:53.400153
[profile_attr] old_data=55000 delta_type=0 attr=gold delta_data=7644 userid=619 source=enhance time=2013-04-08_17:50:53.490506
[profile_attr] old_data=4529 delta_type=1 attr=hp delta_data=73 userid=619 source=dump_data time=2013-04-08_17:50:54.034458
[profile_attr] old_data=47356 delta_type=0 attr=gold delta_data=7644 userid=619 source=enhance time=2013-04-08_17:50:54.109743
[profile_attr] old_data=4602 delta_type=1 attr=hp delta_data=73 userid=619 source=dump_data time=2013-04-08_17:51:04.253487
[profile_attr] old_data=39712 delta_type=0 attr=gold delta_data=7644 userid=619 source=enhance time=2013-04-08_17:51:04.328132
[profile_attr] old_data=32068 delta_type=0 attr=gold delta_data=7644 userid=619 source=enhance time=2013-04-08_17:51:04.918951
[profile_attr] old_data=24424 delta_type=0 attr=gold delta_data=7644 userid=619 source=enhance time=2013-04-08_17:51:05.436490
[profile_attr] old_data=16780 delta_type=0 attr=gold delta_data=7644 userid=619 source=enhance time=2013-04-08_17:51:06.241901
[profile_attr] old_data=9136 delta_type=0 attr=gold delta_data=7644 userid=619 source=enhance time=2013-04-08_17:51:06.968445
[profile_attr] old_data=11520 delta_type=1 attr=hp delta_data=-11520 userid=1317 source=dump_data time=2013-04-08_17:51:16.741757
[profile_attr] old_data=1492 delta_type=1 attr=gold delta_data=100000 userid=619 source=dump_data time=2013-04-08_17:51:35.021089
[profile_attr] old_data=101492 delta_type=0 attr=gold delta_data=7644 userid=619 source=enhance time=2013-04-08_17:51:35.088063
[profile_attr] old_data=93848 delta_type=0 attr=gold delta_data=7644 userid=619 source=enhance time=2013-04-08_17:51:35.674456
[profile_attr] old_data=86204 delta_type=0 attr=gold delta_data=7644 userid=619 source=enhance time=2013-04-08_17:51:36.214392
[profile_attr] old_data=78560 delta_type=0 attr=gold delta_data=7644 userid=619 source=enhance time=2013-04-08_17:51:36.740699
[profile_attr] old_data=70916 delta_type=0 attr=gold delta_data=7644 userid=619 source=enhance time=2013-04-08_17:51:37.572696
[profile_attr] old_data=63272 delta_type=0 attr=gold delta_data=7644 userid=619 source=enhance time=2013-04-08_17:51:38.155310
[profile_attr] old_data=55628 delta_type=0 attr=gold delta_data=7644 userid=619 source=enhance time=2013-04-08_17:51:38.787273
[profile_attr] old_data=47984 delta_type=0 attr=gold delta_data=7644 userid=619 source=enhance time=2013-04-08_17:51:39.404564
[profile_attr] old_data=0 delta_type=1 attr=hp delta_data=11520 userid=1317 source=dump_data time=2013-04-08_17:51:44.828847
[profile_attr] old_data=40340 delta_type=1 attr=gold delta_data=100000 userid=619 source=dump_data time=2013-04-08_17:51:57.241809
[profile_attr] old_data=140340 delta_type=0 attr=gold delta_data=7644 userid=619 source=enhance time=2013-04-08_17:51:57.309689
[profile_attr] old_data=132696 delta_type=0 attr=gold delta_data=7644 userid=619 source=enhance time=2013-04-08_17:51:57.891694
[profile_attr] old_data=125052 delta_type=0 attr=gold delta_data=7644 userid=619 source=enhance time=2013-04-08_17:51:58.421459
[profile_attr] old_data=117408 delta_type=0 attr=gold delta_data=7644 userid=619 source=enhance time=2013-04-08_17:51:59.001029
[profile_attr] old_data=109764 delta_type=0 attr=gold delta_data=7644 userid=619 source=enhance time=2013-04-08_17:51:59.523432
[profile_attr] old_data=102120 delta_type=0 attr=gold delta_data=7644 userid=619 source=enhance time=2013-04-08_17:52:00.080187
[profile_attr] old_data=94476 delta_type=0 attr=gold delta_data=7644 userid=619 source=enhance time=2013-04-08_17:52:00.703957
[profile_attr] old_data=86832 delta_type=0 attr=gold delta_data=7644 userid=619 source=enhance time=2013-04-08_17:52:01.188093
[profile_attr] old_data=79188 delta_type=0 attr=gold delta_data=7644 userid=619 source=enhance time=2013-04-08_17:52:01.558055
[profile_attr] old_data=71544 delta_type=0 attr=gold delta_data=7644 userid=619 source=enhance time=2013-04-08_17:52:02.225401
[profile_attr] old_data=63900 delta_type=0 attr=gold delta_data=7644 userid=619 source=enhance time=2013-04-08_17:52:02.725864
[profile_attr] old_data=56256 delta_type=1 attr=gold delta_data=100000 userid=619 source=dump_data time=2013-04-08_17:52:09.909028
[profile_attr] old_data=707200 delta_type=0 attr=attr_1 delta_data=26700.0 userid=619 source=upgrade time=2013-04-08_17:52:09.973528
[profile_attr] old_data=680500 delta_type=0 attr=attr_1 delta_data=32300.0 userid=619 source=upgrade time=2013-04-08_17:52:12.244113
[profile_attr] old_data=648200 delta_type=0 attr=attr_1 delta_data=38200.0 userid=619 source=upgrade time=2013-04-08_17:52:13.598857
[profile_attr] old_data=156256 delta_type=1 attr=gold delta_data=1000 userid=619 source=dump_data time=2013-04-08_17:52:23.100774
[profile_attr] old_data=22 delta_type=0 attr=attr_2 delta_data=1 userid=619 source=action_to_profile time=2013-04-08_17:52:23.158071
[profile_attr] old_data=21 delta_type=0 attr=attr_2 delta_data=1 userid=619 source=action_to_profile time=2013-04-08_17:52:23.590915
[profile_attr] old_data=20 delta_type=0 attr=attr_2 delta_data=1 userid=619 source=action_to_profile time=2013-04-08_17:52:23.855215
[profile_attr] old_data=19 delta_type=0 attr=attr_2 delta_data=1 userid=619 source=action_to_profile time=2013-04-08_17:52:24.257855
[profile_attr] old_data=18 delta_type=0 attr=attr_2 delta_data=1 userid=619 source=action_to_profile time=2013-04-08_17:52:24.828999
[profile_attr] old_data=17 delta_type=0 attr=attr_2 delta_data=1 userid=619 source=action_to_profile time=2013-04-08_17:52:25.078716
[profile_attr] old_data=16 delta_type=0 attr=attr_2 delta_data=1 userid=619 source=action_to_profile time=2013-04-08_17:52:25.540578
[profile_attr] old_data=541665 delta_type=1 attr=gold delta_data=150 userid=1317 source=sell time=2013-04-08_17:52:34.344106
[profile_attr] old_data=541815 delta_type=1 attr=gold delta_data=20 userid=1317 source=sell time=2013-04-08_17:52:35.127035
[profile_attr] old_data=541835 delta_type=1 attr=gold delta_data=40 userid=1317 source=sell time=2013-04-08_17:52:35.694189
[profile_attr] old_data=541875 delta_type=1 attr=gold delta_data=10 userid=1317 source=sell time=2013-04-08_17:52:36.127398
[profile_attr] old_data=541885 delta_type=1 attr=gold delta_data=90 userid=1317 source=sell time=2013-04-08_17:52:36.660185
[profile_attr] old_data=541975 delta_type=1 attr=gold delta_data=100 userid=1317 source=sell time=2013-04-08_17:52:37.194201
[profile_attr] old_data=610000 delta_type=1 attr=attr_1 delta_data=252600 userid=619 source=dump_data time=2013-04-08_17:52:39.165684
[profile_attr] old_data=157256 delta_type=1 attr=gold delta_data=15000 userid=619 source=dump_data time=2013-04-08_17:52:39.166555
[profile_attr] old_data=172256 delta_type=1 attr=gold delta_data=110000 userid=619 source=reward_by_gametime time=2013-04-08_17:52:39.225018
[profile_attr] old_data=862600 delta_type=1 attr=attr_1 delta_data=126300 userid=619 source=dump_data time=2013-04-08_17:52:59.099085
[profile_attr] old_data=282256 delta_type=1 attr=gold delta_data=7500 userid=619 source=dump_data time=2013-04-08_17:52:59.100699
[profile_attr] old_data=988900 delta_type=0 attr=attr_1 delta_data=1000.0 userid=619 source=upgrade time=2013-04-08_17:52:59.203128
[profile_attr] old_data=4675 delta_type=1 attr=hp delta_data=480 userid=619 source=dump_data time=2013-04-08_17:52:59.460682
[profile_attr] old_data=987900 delta_type=0 attr=attr_1 delta_data=2900.0 userid=619 source=upgrade time=2013-04-08_17:52:59.575054
[profile_attr] old_data=5155 delta_type=1 attr=hp delta_data=480 userid=619 source=dump_data time=2013-04-08_17:52:59.830115
[profile_attr] old_data=985000 delta_type=0 attr=attr_1 delta_data=5600.0 userid=619 source=upgrade time=2013-04-08_17:52:59.909880
[profile_attr] old_data=5635 delta_type=1 attr=hp delta_data=480 userid=619 source=dump_data time=2013-04-08_17:53:00.235196
[profile_attr] old_data=979400 delta_type=0 attr=attr_1 delta_data=8800.0 userid=619 source=upgrade time=2013-04-08_17:53:00.310149
[profile_attr] old_data=6115 delta_type=1 attr=hp delta_data=480 userid=619 source=dump_data time=2013-04-08_17:53:00.928017
[profile_attr] old_data=970600 delta_type=0 attr=attr_1 delta_data=12600.0 userid=619 source=upgrade time=2013-04-08_17:53:00.996801
[profile_attr] old_data=6595 delta_type=1 attr=hp delta_data=480 userid=619 source=dump_data time=2013-04-08_17:53:01.341939
[profile_attr] old_data=958000 delta_type=0 attr=attr_1 delta_data=16900.0 userid=619 source=upgrade time=2013-04-08_17:53:01.400783
[profile_attr] old_data=7075 delta_type=1 attr=hp delta_data=480 userid=619 source=dump_data time=2013-04-08_17:53:01.696054
[profile_attr] old_data=941100 delta_type=0 attr=attr_1 delta_data=21600.0 userid=619 source=upgrade time=2013-04-08_17:53:01.775098
[profile_attr] old_data=7555 delta_type=1 attr=hp delta_data=480 userid=619 source=dump_data time=2013-04-08_17:53:02.100507
[profile_attr] old_data=919500 delta_type=0 attr=attr_1 delta_data=26700.0 userid=619 source=upgrade time=2013-04-08_17:53:02.161704
[profile_attr] old_data=8035 delta_type=1 attr=hp delta_data=480 userid=619 source=dump_data time=2013-04-08_17:53:02.570805
[profile_attr] old_data=892800 delta_type=0 attr=attr_1 delta_data=32300.0 userid=619 source=upgrade time=2013-04-08_17:53:02.632172
[profile_attr] old_data=8515 delta_type=1 attr=hp delta_data=480 userid=619 source=dump_data time=2013-04-08_17:53:03.072862
[profile_attr] old_data=860500 delta_type=0 attr=attr_1 delta_data=38200.0 userid=619 source=upgrade time=2013-04-08_17:53:03.145790
[profile_attr] old_data=8995 delta_type=1 attr=hp delta_data=480 userid=619 source=dump_data time=2013-04-08_17:53:03.434108
[profile_attr] old_data=822300 delta_type=0 attr=attr_1 delta_data=44500.0 userid=619 source=upgrade time=2013-04-08_17:53:03.496505
[profile_attr] old_data=289756 delta_type=1 attr=gold delta_data=1000 userid=619 source=dump_data time=2013-04-08_17:53:13.984749
[profile_attr] old_data=9475 delta_type=1 attr=hp delta_data=480 userid=619 source=dump_data time=2013-04-08_17:53:13.985313
[profile_attr] old_data=777800 delta_type=0 attr=attr_1 delta_data=1000.0 userid=619 source=upgrade time=2013-04-08_17:53:14.041965
[profile_attr] old_data=776800 delta_type=0 attr=attr_1 delta_data=2900.0 userid=619 source=upgrade time=2013-04-08_17:53:14.509097
[profile_attr] old_data=773900 delta_type=0 attr=attr_1 delta_data=5600.0 userid=619 source=upgrade time=2013-04-08_17:53:14.928834
[profile_attr] old_data=768300 delta_type=0 attr=attr_1 delta_data=8800.0 userid=619 source=upgrade time=2013-04-08_17:53:15.227581
[profile_attr] old_data=759500 delta_type=0 attr=attr_1 delta_data=12600.0 userid=619 source=upgrade time=2013-04-08_17:53:15.746009
[profile_attr] old_data=746900 delta_type=0 attr=attr_1 delta_data=16900.0 userid=619 source=upgrade time=2013-04-08_17:53:16.224624
[profile_attr] old_data=730000 delta_type=0 attr=attr_1 delta_data=21600.0 userid=619 source=upgrade time=2013-04-08_17:53:16.727894
[profile_attr] old_data=708400 delta_type=0 attr=attr_1 delta_data=26700.0 userid=619 source=upgrade time=2013-04-08_17:53:17.261391
[profile_attr] old_data=681700 delta_type=0 attr=attr_1 delta_data=32300.0 userid=619 source=upgrade time=2013-04-08_17:53:17.707877
[profile_attr] old_data=649400 delta_type=0 attr=attr_1 delta_data=38200.0 userid=619 source=upgrade time=2013-04-08_17:53:18.061112
[profile_attr] old_data=611200 delta_type=0 attr=attr_1 delta_data=44500.0 userid=619 source=upgrade time=2013-04-08_17:53:18.718314
[profile_attr] old_data=566700 delta_type=0 attr=attr_1 delta_data=51200.0 userid=619 source=upgrade time=2013-04-08_17:53:19.390896
[profile_attr] old_data=290756 delta_type=1 attr=gold delta_data=1000 userid=619 source=dump_data time=2013-04-08_17:53:27.174543
[profile_attr] old_data=70 delta_type=0 attr=attr_10 delta_data=10 userid=619 source=enter time=2013-04-08_17:53:30.580757
[profile_attr] old_data=291756 delta_type=1 attr=gold delta_data=61 userid=619 source=dump_data time=2013-04-08_17:53:42.017774
[profile_attr] old_data=9955 delta_type=1 attr=hp delta_data=-25 userid=619 source=dump_data time=2013-04-08_17:53:42.018639
[profile_attr] old_data=9930 delta_type=1 attr=hp delta_data=25 userid=619 source=dump_data time=2013-04-08_17:54:50.685297
[profile_attr] old_data=60 delta_type=0 attr=attr_10 delta_data=10 userid=619 source=enter time=2013-04-08_17:54:53.707749
[profile_attr] old_data=15 delta_type=1 attr=attr_2 delta_data=4 userid=619 source=dump_data time=2013-04-08_17:56:58.337519
[profile_attr] old_data=515500 delta_type=1 attr=attr_1 delta_data=11100 userid=619 source=dump_data time=2013-04-08_17:56:58.338294
[profile_attr] old_data=291817 delta_type=1 attr=gold delta_data=4338 userid=619 source=dump_data time=2013-04-08_17:56:58.339043
[profile_attr] old_data=12 delta_type=1 attr=level delta_data=1 userid=619 source=dump_data time=2013-04-08_17:56:58.342424
[profile_attr] old_data=9955 delta_type=1 attr=hp delta_data=-2264 userid=619 source=dump_data time=2013-04-08_17:56:58.343003
[profile_attr] old_data=66 delta_type=1 attr=mp delta_data=3 userid=619 source=dump_data time=2013-04-08_17:56:58.345009
[profile_attr] old_data=99779 delta_type=0 attr=attr_10 delta_data=10 userid=1088 source=enter time=2013-04-08_17:57:26.178091
[profile_attr] old_data=99769 delta_type=0 attr=attr_10 delta_data=10 userid=1088 source=enter time=2013-04-08_17:57:38.856092
[profile_attr] old_data=45168470 delta_type=1 attr=gold delta_data=664 userid=1088 source=dump_data time=2013-04-08_17:59:07.235816
[profile_attr] old_data=41213 delta_type=1 attr=hp delta_data=-523 userid=1088 source=dump_data time=2013-04-08_17:59:07.236468
[profile_attr] old_data=40690 delta_type=1 attr=hp delta_data=523 userid=1088 source=dump_data time=2013-04-08_17:59:41.848884
[profile_attr] old_data=99759 delta_type=0 attr=attr_10 delta_data=10 userid=1088 source=enter time=2013-04-08_17:59:44.530927
