[profile_attr] old_data=2058000 delta_type=1 attr=attr_3 delta_data=10000 userid=1265 source=dump_data time=2013-04-02_18:48:08.432902
[profile_attr] old_data=38685 delta_type=1 attr=hp delta_data=-63 userid=1265 source=dump_data time=2013-04-02_18:48:08.434541
[profile_attr] old_data=255 delta_type=1 attr=maze_info delta_data=128 userid=1265 source=dump_data time=2013-04-02_18:48:08.435097
[profile_attr] old_data=2068000 delta_type=1 attr=attr_3 delta_data=23200 userid=1265 source=dump_data time=2013-04-02_18:48:53.864182
[profile_attr] old_data=38622 delta_type=1 attr=hp delta_data=-14 userid=1265 source=dump_data time=2013-04-02_18:48:53.865801
[profile_attr] old_data=383 delta_type=1 attr=maze_info delta_data=128 userid=1265 source=dump_data time=2013-04-02_18:48:53.866339
[profile_attr] old_data=2091200 delta_type=1 attr=attr_3 delta_data=38700 userid=1265 source=dump_data time=2013-04-02_18:49:40.905253
[profile_attr] old_data=38608 delta_type=1 attr=hp delta_data=77 userid=1265 source=dump_data time=2013-04-02_18:49:40.906869
[profile_attr] old_data=511 delta_type=1 attr=maze_info delta_data=128 userid=1265 source=dump_data time=2013-04-02_18:49:40.907426
[profile_attr] old_data=2129900 delta_type=1 attr=attr_3 delta_data=56100 userid=1265 source=dump_data time=2013-04-02_18:51:02.218483
[profile_attr] old_data=639 delta_type=1 attr=maze_info delta_data=128 userid=1265 source=dump_data time=2013-04-02_18:51:02.220680
[profile_attr] old_data=2186000 delta_type=1 attr=attr_3 delta_data=75100 userid=1265 source=dump_data time=2013-04-02_18:53:35.707004
[profile_attr] old_data=767 delta_type=1 attr=maze_info delta_data=128 userid=1265 source=dump_data time=2013-04-02_18:53:35.709188
[profile_attr] old_data=2261100 delta_type=1 attr=attr_3 delta_data=95600 userid=1265 source=dump_data time=2013-04-02_18:55:28.224487
[profile_attr] old_data=895 delta_type=1 attr=maze_info delta_data=128 userid=1265 source=dump_data time=2013-04-02_18:55:28.227145
[profile_attr] old_data=2356700 delta_type=1 attr=attr_3 delta_data=117400 userid=1265 source=dump_data time=2013-04-02_18:56:44.993904
[profile_attr] old_data=1023 delta_type=1 attr=maze_info delta_data=128 userid=1265 source=dump_data time=2013-04-02_18:56:44.995931
[profile_attr] old_data=2474100 delta_type=1 attr=attr_3 delta_data=140400 userid=1265 source=dump_data time=2013-04-02_18:58:29.514410
[profile_attr] old_data=1151 delta_type=1 attr=maze_info delta_data=128 userid=1265 source=dump_data time=2013-04-02_18:58:29.516563
[profile_attr] old_data=540700 delta_type=0 attr=attr_1 delta_data=2900.0 userid=1336 source=upgrade time=2013-04-02_18:59:39.124392
