[profile_attr] old_data=103400 delta_type=1 attr=attr_1 delta_data=58300 userid=1265 source=dump_data time=2013-04-08_19:01:10.983164
[profile_attr] old_data=108572225 delta_type=1 attr=gold delta_data=9576 userid=1265 source=dump_data time=2013-04-08_19:01:10.983923
[profile_attr] old_data=615 delta_type=0 attr=attr_10 delta_data=10 userid=1265 source=enter time=2013-04-08_19:01:29.044614
[profile_attr] old_data=161700 delta_type=1 attr=attr_1 delta_data=58300 userid=1265 source=dump_data time=2013-04-08_19:02:36.290914
[profile_attr] old_data=108581801 delta_type=1 attr=gold delta_data=8611 userid=1265 source=dump_data time=2013-04-08_19:02:36.291683
[profile_attr] old_data=109909 delta_type=1 attr=hp delta_data=-7047 userid=1265 source=dump_data time=2013-04-08_19:02:36.292220
[profile_attr] old_data=102862 delta_type=1 attr=hp delta_data=7047 userid=1265 source=dump_data time=2013-04-08_19:02:43.839125
[profile_attr] old_data=605 delta_type=0 attr=attr_10 delta_data=10 userid=1265 source=enter time=2013-04-08_19:02:45.961080
[profile_attr] old_data=220000 delta_type=1 attr=attr_1 delta_data=58300 userid=1265 source=dump_data time=2013-04-08_19:08:10.481671
[profile_attr] old_data=108590412 delta_type=1 attr=gold delta_data=8781 userid=1265 source=dump_data time=2013-04-08_19:08:10.482759
[profile_attr] old_data=109909 delta_type=1 attr=hp delta_data=-90662 userid=1265 source=dump_data time=2013-04-08_19:08:10.483345
[profile_attr] old_data=900 delta_type=0 attr=attr_10 delta_data=10 userid=1093 source=enter time=2013-04-08_19:19:22.094056
[profile_attr] old_data=11090200 delta_type=1 attr=attr_1 delta_data=200 userid=1093 source=dump_data time=2013-04-08_19:19:42.017093
[profile_attr] old_data=2089327 delta_type=1 attr=gold delta_data=55 userid=1093 source=dump_data time=2013-04-08_19:19:42.017884
[profile_attr] old_data=1 delta_type=1 attr=mount_status delta_data=-1 userid=1093 source=dump_data time=2013-04-08_19:19:42.019187
[profile_attr] old_data=11090400 delta_type=1 attr=attr_1 delta_data=6600 userid=1093 source=dump_data time=2013-04-08_19:25:42.421470
[profile_attr] old_data=2089382 delta_type=1 attr=gold delta_data=2400 userid=1093 source=dump_data time=2013-04-08_19:25:42.422278
[profile_attr] old_data=0 delta_type=1 attr=mount_status delta_data=1 userid=1093 source=dump_data time=2013-04-08_19:25:42.423485
[profile_attr] old_data=0 delta_type=1 attr=hp delta_data=22730 userid=1336 source=dump_data time=2013-04-08_19:29:10.251646
[profile_attr] old_data=19247 delta_type=1 attr=hp delta_data=90662 userid=1265 source=dump_data time=2013-04-08_19:51:32.773039
[profile_attr] old_data=992745 delta_type=1 attr=attr_4 delta_data=200 userid=1265 source=loads_attachment time=2013-04-08_19:53:10.815212
[profile_attr] old_data=108599193 delta_type=1 attr=gold delta_data=100000 userid=1265 source=loads_attachment time=2013-04-08_19:53:10.815352
[profile_attr] old_data=542075 delta_type=0 attr=gold delta_data=1000 userid=1317 source=send time=2013-04-08_19:54:16.834157
