[profile_attr] old_data=1697907 delta_type=0 attr=gold delta_data=1254767 userid=1318 source=enhance time=2013-04-02_15:00:10.284688
[profile_attr] old_data=49166 delta_type=0 attr=token delta_data=4 userid=1318 source=exchange time=2013-04-02_15:00:19.520277
[profile_attr] old_data=443140 delta_type=1 attr=gold delta_data=300000 userid=1318 source=exchange time=2013-04-02_15:00:19.520382
[profile_attr] old_data=49162 delta_type=0 attr=token delta_data=6 userid=1318 source=exchange time=2013-04-02_15:00:20.170970
[profile_attr] old_data=743140 delta_type=1 attr=gold delta_data=300000 userid=1318 source=exchange time=2013-04-02_15:00:20.171081
[profile_attr] old_data=49156 delta_type=0 attr=token delta_data=8 userid=1318 source=exchange time=2013-04-02_15:00:20.741712
[profile_attr] old_data=1043140 delta_type=1 attr=gold delta_data=300000 userid=1318 source=exchange time=2013-04-02_15:00:20.741855
[profile_attr] old_data=49148 delta_type=0 attr=token delta_data=10 userid=1318 source=exchange time=2013-04-02_15:00:21.137010
[profile_attr] old_data=1343140 delta_type=1 attr=gold delta_data=300000 userid=1318 source=exchange time=2013-04-02_15:00:21.137113
[profile_attr] old_data=49138 delta_type=0 attr=token delta_data=12 userid=1318 source=exchange time=2013-04-02_15:00:21.505158
[profile_attr] old_data=1643140 delta_type=1 attr=gold delta_data=300000 userid=1318 source=exchange time=2013-04-02_15:00:21.505255
[profile_attr] old_data=49126 delta_type=0 attr=token delta_data=14 userid=1318 source=exchange time=2013-04-02_15:00:21.887418
[profile_attr] old_data=1943140 delta_type=1 attr=gold delta_data=300000 userid=1318 source=exchange time=2013-04-02_15:00:21.887514
[profile_attr] old_data=49112 delta_type=0 attr=token delta_data=16 userid=1318 source=exchange time=2013-04-02_15:00:22.254861
[profile_attr] old_data=2243140 delta_type=1 attr=gold delta_data=300000 userid=1318 source=exchange time=2013-04-02_15:00:22.254970
[profile_attr] old_data=49096 delta_type=0 attr=token delta_data=18 userid=1318 source=exchange time=2013-04-02_15:00:22.622752
[profile_attr] old_data=2543140 delta_type=1 attr=gold delta_data=300000 userid=1318 source=exchange time=2013-04-02_15:00:22.622874
[profile_attr] old_data=49078 delta_type=0 attr=token delta_data=20 userid=1318 source=exchange time=2013-04-02_15:00:22.972318
[profile_attr] old_data=2843140 delta_type=1 attr=gold delta_data=300000 userid=1318 source=exchange time=2013-04-02_15:00:22.972459
[profile_attr] old_data=49058 delta_type=0 attr=token delta_data=22 userid=1318 source=exchange time=2013-04-02_15:00:23.337733
[profile_attr] old_data=3143140 delta_type=1 attr=gold delta_data=300000 userid=1318 source=exchange time=2013-04-02_15:00:23.337826
[profile_attr] old_data=49036 delta_type=0 attr=token delta_data=24 userid=1318 source=exchange time=2013-04-02_15:00:23.705186
[profile_attr] old_data=3443140 delta_type=1 attr=gold delta_data=300000 userid=1318 source=exchange time=2013-04-02_15:00:23.705286
[profile_attr] old_data=49012 delta_type=0 attr=token delta_data=26 userid=1318 source=exchange time=2013-04-02_15:00:24.074774
[profile_attr] old_data=3743140 delta_type=1 attr=gold delta_data=300000 userid=1318 source=exchange time=2013-04-02_15:00:24.074880
[profile_attr] old_data=48986 delta_type=0 attr=token delta_data=28 userid=1318 source=exchange time=2013-04-02_15:00:24.387698
[profile_attr] old_data=4043140 delta_type=1 attr=gold delta_data=300000 userid=1318 source=exchange time=2013-04-02_15:00:24.387790
[profile_attr] old_data=4343140 delta_type=0 attr=gold delta_data=1254767 userid=1318 source=enhance time=2013-04-02_15:00:28.834029
[profile_attr] old_data=3088373 delta_type=0 attr=gold delta_data=1254767 userid=1318 source=enhance time=2013-04-02_15:00:30.634870
[profile_attr] old_data=1833606 delta_type=0 attr=gold delta_data=520000 userid=1318 source=combine time=2013-04-02_15:01:08.504537
[profile_attr] old_data=1313606 delta_type=0 attr=gold delta_data=1050000 userid=1318 source=upgrade time=2013-04-02_15:01:14.374430
[profile_attr] old_data=1799646 delta_type=0 attr=gold delta_data=10 userid=1317 source=enhance time=2013-04-02_15:01:24.289975
[profile_attr] old_data=1799636 delta_type=0 attr=gold delta_data=10 userid=1317 source=enhance time=2013-04-02_15:01:25.338878
[profile_attr] old_data=1799626 delta_type=0 attr=gold delta_data=10 userid=1317 source=enhance time=2013-04-02_15:01:26.112724
[profile_attr] old_data=1799616 delta_type=0 attr=gold delta_data=10 userid=1317 source=enhance time=2013-04-02_15:01:26.806597
[profile_attr] old_data=1799606 delta_type=0 attr=gold delta_data=10 userid=1317 source=enhance time=2013-04-02_15:01:27.587609
[profile_attr] old_data=1799596 delta_type=0 attr=gold delta_data=69514 userid=1317 source=enhance time=2013-04-02_15:01:42.387536
[profile_attr] old_data=14400 delta_type=1 attr=hp delta_data=178 userid=1317 source=dump_data time=2013-04-02_15:01:43.024651
[profile_attr] old_data=1730082 delta_type=0 attr=gold delta_data=69514 userid=1317 source=enhance time=2013-04-02_15:01:43.122549
[profile_attr] old_data=14578 delta_type=1 attr=hp delta_data=178 userid=1317 source=dump_data time=2013-04-02_15:01:44.106070
[profile_attr] old_data=1660568 delta_type=0 attr=gold delta_data=69514 userid=1317 source=enhance time=2013-04-02_15:01:44.202103
[profile_attr] old_data=14756 delta_type=1 attr=hp delta_data=178 userid=1317 source=dump_data time=2013-04-02_15:01:44.991147
[profile_attr] old_data=1591054 delta_type=0 attr=gold delta_data=69514 userid=1317 source=enhance time=2013-04-02_15:01:45.089250
[profile_attr] old_data=14934 delta_type=1 attr=hp delta_data=178 userid=1317 source=dump_data time=2013-04-02_15:01:45.927725
[profile_attr] old_data=1521540 delta_type=0 attr=gold delta_data=69514 userid=1317 source=enhance time=2013-04-02_15:01:46.064234
[profile_attr] old_data=15112 delta_type=1 attr=hp delta_data=178 userid=1317 source=dump_data time=2013-04-02_15:01:46.773209
[profile_attr] old_data=1452026 delta_type=0 attr=gold delta_data=69514 userid=1317 source=enhance time=2013-04-02_15:01:46.909866
[profile_attr] old_data=1382512 delta_type=0 attr=gold delta_data=69514 userid=1317 source=enhance time=2013-04-02_15:01:48.047274
[profile_attr] old_data=15290 delta_type=1 attr=hp delta_data=178 userid=1317 source=dump_data time=2013-04-02_15:01:50.958039
[profile_attr] old_data=1312998 delta_type=0 attr=gold delta_data=69514 userid=1317 source=enhance time=2013-04-02_15:01:51.097662
[profile_attr] old_data=1243484 delta_type=0 attr=gold delta_data=69514 userid=1317 source=enhance time=2013-04-02_15:01:52.716251
[profile_attr] old_data=1173970 delta_type=0 attr=gold delta_data=69514 userid=1317 source=enhance time=2013-04-02_15:01:54.313599
[profile_attr] old_data=1104456 delta_type=0 attr=gold delta_data=69514 userid=1317 source=enhance time=2013-04-02_15:01:56.745898
[profile_attr] old_data=1034942 delta_type=0 attr=gold delta_data=10 userid=1317 source=enhance time=2013-04-02_15:02:00.028110
[profile_attr] old_data=1034932 delta_type=0 attr=gold delta_data=10 userid=1317 source=enhance time=2013-04-02_15:02:00.697985
[profile_attr] old_data=1034922 delta_type=0 attr=gold delta_data=10 userid=1317 source=enhance time=2013-04-02_15:02:01.579247
[profile_attr] old_data=1034912 delta_type=0 attr=gold delta_data=10 userid=1317 source=enhance time=2013-04-02_15:02:02.234611
[profile_attr] old_data=1034902 delta_type=0 attr=gold delta_data=10 userid=1317 source=enhance time=2013-04-02_15:02:02.913372
[profile_attr] old_data=35500 delta_type=1 attr=hp delta_data=-35500 userid=824 source=dump_data time=2013-04-02_15:04:16.476516
[profile_attr] old_data=49092 delta_type=0 attr=token delta_data=10 userid=824 source=revive time=2013-04-02_15:04:16.589279
[profile_attr] old_data=9881 delta_type=0 attr=token delta_data=50 userid=1317 source=punch time=2013-04-02_15:15:03.816378
[profile_attr] old_data=49082 delta_type=0 attr=token delta_data=10 userid=824 source=revive time=2013-04-02_15:15:06.188191
[profile_attr] old_data=9831 delta_type=0 attr=token delta_data=50 userid=1317 source=punch time=2013-04-02_15:15:07.664220
[profile_attr] old_data=1034892 delta_type=0 attr=gold delta_data=69514 userid=1317 source=enhance time=2013-04-02_15:15:18.428529
[profile_attr] old_data=965378 delta_type=0 attr=gold delta_data=69514 userid=1317 source=enhance time=2013-04-02_15:15:19.314010
[profile_attr] old_data=895864 delta_type=0 attr=gold delta_data=69514 userid=1317 source=enhance time=2013-04-02_15:15:20.096950
[profile_attr] old_data=15468 delta_type=1 attr=hp delta_data=178 userid=1317 source=dump_data time=2013-04-02_15:15:20.835947
[profile_attr] old_data=826350 delta_type=0 attr=gold delta_data=69514 userid=1317 source=enhance time=2013-04-02_15:15:20.981012
[profile_attr] old_data=15646 delta_type=1 attr=hp delta_data=178 userid=1317 source=dump_data time=2013-04-02_15:15:21.723070
[profile_attr] old_data=756836 delta_type=0 attr=gold delta_data=69514 userid=1317 source=enhance time=2013-04-02_15:15:21.844076
[profile_attr] old_data=687322 delta_type=0 attr=gold delta_data=69514 userid=1317 source=enhance time=2013-04-02_15:15:22.777793
[profile_attr] old_data=617808 delta_type=0 attr=gold delta_data=69514 userid=1317 source=enhance time=2013-04-02_15:15:23.559637
[profile_attr] old_data=15824 delta_type=1 attr=hp delta_data=178 userid=1317 source=dump_data time=2013-04-02_15:15:24.414138
[profile_attr] old_data=548294 delta_type=0 attr=gold delta_data=69514 userid=1317 source=enhance time=2013-04-02_15:15:24.499501
[profile_attr] old_data=77400 delta_type=0 attr=attr_1 delta_data=44500.0 userid=1317 source=upgrade time=2013-04-02_15:15:28.995568
[profile_attr] old_data=32900 delta_type=0 attr=attr_1 delta_data=1000.0 userid=1317 source=upgrade time=2013-04-02_15:15:30.965091
[profile_attr] old_data=31900 delta_type=0 attr=attr_1 delta_data=2900.0 userid=1317 source=upgrade time=2013-04-02_15:15:32.488897
[profile_attr] old_data=29000 delta_type=0 attr=attr_1 delta_data=5600.0 userid=1317 source=upgrade time=2013-04-02_15:15:34.049182
[profile_attr] old_data=23400 delta_type=0 attr=attr_1 delta_data=8800.0 userid=1317 source=upgrade time=2013-04-02_15:15:35.513747
[profile_attr] old_data=14600 delta_type=0 attr=attr_1 delta_data=12600.0 userid=1317 source=upgrade time=2013-04-02_15:15:37.056487
[profile_attr] old_data=2000 delta_type=0 attr=attr_1 delta_data=1000.0 userid=1317 source=upgrade time=2013-04-02_15:15:39.149312
[profile_attr] old_data=1000 delta_type=0 attr=attr_1 delta_data=1000.0 userid=1317 source=upgrade time=2013-04-02_15:15:40.773551
[profile_attr] old_data=0 delta_type=1 attr=hp delta_data=3497 userid=824 source=dump_data time=2013-04-02_15:17:04.651586
[profile_attr] old_data=49072 delta_type=0 attr=token delta_data=10 userid=824 source=cheerup time=2013-04-02_15:17:04.754150
[profile_attr] old_data=34649 delta_type=1 attr=hp delta_data=7630 userid=1318 source=dump_data time=2013-04-02_15:17:11.609340
[profile_attr] old_data=42279 delta_type=1 attr=hp delta_data=-42279 userid=1318 source=dump_data time=2013-04-02_15:17:22.239772
[profile_attr] old_data=48958 delta_type=0 attr=token delta_data=10 userid=1318 source=revive time=2013-04-02_15:17:22.349652
[profile_attr] old_data=3497 delta_type=1 attr=hp delta_data=-3497 userid=824 source=dump_data time=2013-04-02_15:17:23.403874
[profile_attr] old_data=49062 delta_type=0 attr=token delta_data=10 userid=824 source=revive time=2013-04-02_15:17:23.518696
[profile_attr] old_data=0 delta_type=1 attr=hp delta_data=5321 userid=1318 source=dump_data time=2013-04-02_15:18:29.705541
[profile_attr] old_data=0 delta_type=1 attr=hp delta_data=3413 userid=824 source=dump_data time=2013-04-02_15:18:37.109719
[profile_attr] old_data=49052 delta_type=0 attr=token delta_data=10 userid=824 source=cheerup time=2013-04-02_15:18:37.215974
[profile_attr] old_data=27410 delta_type=1 attr=gold delta_data=1000 userid=358 source=sell time=2013-04-02_15:23:28.596011
[profile_attr] old_data=28410 delta_type=1 attr=gold delta_data=1000 userid=358 source=sell time=2013-04-02_15:23:35.787568
[profile_attr] old_data=3413 delta_type=1 attr=hp delta_data=32087 userid=824 source=dump_data time=2013-04-02_15:26:30.009329
[profile_attr] old_data=5321 delta_type=1 attr=hp delta_data=29328 userid=1318 source=dump_data time=2013-04-02_15:27:40.344150
[profile_attr] old_data=29410 delta_type=1 attr=gold delta_data=1000 userid=358 source=sell time=2013-04-02_15:31:53.965703
[profile_attr] old_data=78399 delta_type=1 attr=attr_1 delta_data=6200 userid=710 source=dump_data time=2013-04-02_15:32:01.267346
[profile_attr] old_data=457542777 delta_type=1 attr=gold delta_data=3200 userid=710 source=dump_data time=2013-04-02_15:32:01.268180
[profile_attr] old_data=99649 delta_type=0 attr=attr_10 delta_data=10 userid=710 source=enter time=2013-04-02_15:32:05.478088
[profile_attr] old_data=84599 delta_type=1 attr=attr_1 delta_data=1400 userid=710 source=dump_data time=2013-04-02_15:33:52.423216
[profile_attr] old_data=457545977 delta_type=1 attr=gold delta_data=602 userid=710 source=dump_data time=2013-04-02_15:33:52.423984
[profile_attr] old_data=907686855 delta_type=0 attr=gold delta_data=100 userid=1334 source=mosaic time=2013-04-02_15:40:12.605201
[profile_attr] old_data=99836389565 delta_type=0 attr=token delta_data=50 userid=1334 source=punch time=2013-04-02_15:40:14.611933
[profile_attr] old_data=99836389515 delta_type=0 attr=token delta_data=50 userid=1334 source=punch time=2013-04-02_15:40:16.308144
[profile_attr] old_data=99836389465 delta_type=0 attr=token delta_data=50 userid=1334 source=punch time=2013-04-02_15:40:18.144768
[profile_attr] old_data=99836389415 delta_type=0 attr=token delta_data=50 userid=1334 source=punch time=2013-04-02_15:40:20.299704
[profile_attr] old_data=99836389365 delta_type=0 attr=token delta_data=50 userid=1334 source=punch time=2013-04-02_15:40:21.920580
[profile_attr] old_data=99836389315 delta_type=0 attr=token delta_data=50 userid=1334 source=punch time=2013-04-02_15:40:24.269640
[profile_attr] old_data=99836389265 delta_type=0 attr=token delta_data=50 userid=1334 source=punch time=2013-04-02_15:41:23.054616
[profile_attr] old_data=99836389215 delta_type=0 attr=token delta_data=50 userid=1334 source=punch time=2013-04-02_15:41:24.492454
[profile_attr] old_data=99836389165 delta_type=0 attr=token delta_data=50 userid=1334 source=punch time=2013-04-02_15:41:26.071984
[profile_attr] old_data=99836389115 delta_type=0 attr=token delta_data=50 userid=1334 source=punch time=2013-04-02_15:41:29.452056
[profile_attr] old_data=99836389065 delta_type=0 attr=token delta_data=50 userid=1334 source=punch time=2013-04-02_15:41:31.058747
[profile_attr] old_data=99836389015 delta_type=0 attr=token delta_data=50 userid=1334 source=punch time=2013-04-02_15:41:33.047395
[profile_attr] old_data=99836388965 delta_type=0 attr=token delta_data=50 userid=1334 source=punch time=2013-04-02_15:41:36.639406
[profile_attr] old_data=99836388915 delta_type=0 attr=token delta_data=50 userid=1334 source=punch time=2013-04-02_15:41:38.431387
[profile_attr] old_data=99836388865 delta_type=0 attr=token delta_data=50 userid=1334 source=punch time=2013-04-02_15:41:40.510022
[profile_attr] old_data=99836388815 delta_type=0 attr=token delta_data=50 userid=1334 source=punch time=2013-04-02_15:41:44.521561
[profile_attr] old_data=99836388765 delta_type=0 attr=token delta_data=50 userid=1334 source=punch time=2013-04-02_15:41:53.755818
[profile_attr] old_data=99836388715 delta_type=0 attr=token delta_data=50 userid=1334 source=punch time=2013-04-02_15:41:55.585355
[profile_attr] old_data=99836388665 delta_type=0 attr=token delta_data=50 userid=1334 source=punch time=2013-04-02_15:41:57.881724
[profile_attr] old_data=99836388615 delta_type=0 attr=token delta_data=50 userid=1334 source=punch time=2013-04-02_15:41:59.559422
[profile_attr] old_data=99836388565 delta_type=0 attr=token delta_data=50 userid=1334 source=punch time=2013-04-02_15:42:01.307070
[profile_attr] old_data=99836388515 delta_type=0 attr=token delta_data=50 userid=1334 source=punch time=2013-04-02_15:42:03.662265
[profile_attr] old_data=907686755 delta_type=1 attr=gold delta_data=40 userid=1334 source=sell time=2013-04-02_15:42:09.091751
[profile_attr] old_data=907686795 delta_type=1 attr=gold delta_data=40 userid=1334 source=sell time=2013-04-02_15:42:09.753550
[profile_attr] old_data=907686835 delta_type=1 attr=gold delta_data=150 userid=1334 source=sell time=2013-04-02_15:42:10.382226
[profile_attr] old_data=907686985 delta_type=1 attr=gold delta_data=580 userid=1334 source=sell time=2013-04-02_15:42:11.004710
[profile_attr] old_data=907687565 delta_type=1 attr=gold delta_data=580 userid=1334 source=sell time=2013-04-02_15:42:11.629818
[profile_attr] old_data=907688145 delta_type=1 attr=gold delta_data=100 userid=1334 source=sell time=2013-04-02_15:42:12.325795
[profile_attr] old_data=907688245 delta_type=1 attr=gold delta_data=50 userid=1334 source=sell time=2013-04-02_15:42:13.702246
[profile_attr] old_data=99836388465 delta_type=0 attr=token delta_data=3049259008 userid=1334 source=multi_buy time=2013-04-02_15:43:57.579016
[profile_attr] old_data=907688295 delta_type=0 attr=gold delta_data=100 userid=1334 source=mosaic time=2013-04-02_15:44:09.369569
[profile_attr] old_data=907688195 delta_type=0 attr=gold delta_data=100 userid=1334 source=mosaic time=2013-04-02_15:44:11.302707
[profile_attr] old_data=907688095 delta_type=0 attr=gold delta_data=100 userid=1334 source=mosaic time=2013-04-02_15:44:13.903079
[profile_attr] old_data=907687995 delta_type=0 attr=gold delta_data=100 userid=1334 source=mosaic time=2013-04-02_15:44:16.683480
[profile_attr] old_data=907687895 delta_type=0 attr=gold delta_data=100 userid=1334 source=mosaic time=2013-04-02_15:44:20.501453
[profile_attr] old_data=907687795 delta_type=0 attr=gold delta_data=100 userid=1334 source=mosaic time=2013-04-02_15:44:21.884467
[profile_attr] old_data=907687695 delta_type=0 attr=gold delta_data=100 userid=1334 source=mosaic time=2013-04-02_15:44:23.579738
[profile_attr] old_data=907687595 delta_type=0 attr=gold delta_data=100 userid=1334 source=mosaic time=2013-04-02_15:44:26.352864
[profile_attr] old_data=907687495 delta_type=0 attr=gold delta_data=100 userid=1334 source=mosaic time=2013-04-02_15:44:27.730157
[profile_attr] old_data=907687395 delta_type=0 attr=gold delta_data=100 userid=1334 source=mosaic time=2013-04-02_15:44:29.675130
[profile_attr] old_data=907687295 delta_type=0 attr=gold delta_data=100 userid=1334 source=mosaic time=2013-04-02_15:44:31.726705
[profile_attr] old_data=907687195 delta_type=0 attr=gold delta_data=100 userid=1334 source=mosaic time=2013-04-02_15:44:34.497319
[profile_attr] old_data=907687095 delta_type=0 attr=gold delta_data=100 userid=1334 source=mosaic time=2013-04-02_15:44:36.369577
[profile_attr] old_data=907686995 delta_type=0 attr=gold delta_data=100 userid=1334 source=mosaic time=2013-04-02_15:44:37.648699
[profile_attr] old_data=47800 delta_type=1 attr=hp delta_data=57720 userid=1334 source=dump_data time=2013-04-02_15:44:39.535806
[profile_attr] old_data=907686895 delta_type=0 attr=gold delta_data=100 userid=1334 source=mosaic time=2013-04-02_15:44:39.616910
[profile_attr] old_data=907686795 delta_type=0 attr=gold delta_data=100 userid=1334 source=mosaic time=2013-04-02_15:44:41.903431
[profile_attr] old_data=907686695 delta_type=0 attr=gold delta_data=100 userid=1334 source=mosaic time=2013-04-02_15:44:43.185164
[profile_attr] old_data=907686595 delta_type=0 attr=gold delta_data=100 userid=1334 source=mosaic time=2013-04-02_15:44:44.544338
[profile_attr] old_data=907686495 delta_type=0 attr=gold delta_data=100 userid=1334 source=mosaic time=2013-04-02_15:44:45.907753
[profile_attr] old_data=907686395 delta_type=0 attr=gold delta_data=100 userid=1334 source=mosaic time=2013-04-02_15:44:51.763884
[profile_attr] old_data=907686295 delta_type=0 attr=gold delta_data=100 userid=1334 source=mosaic time=2013-04-02_15:44:53.572861
[profile_attr] old_data=105520 delta_type=1 attr=hp delta_data=57720 userid=1334 source=dump_data time=2013-04-02_15:44:59.791349
[profile_attr] old_data=907686195 delta_type=0 attr=gold delta_data=100 userid=1334 source=mosaic time=2013-04-02_15:44:59.877455
[profile_attr] old_data=907686095 delta_type=0 attr=gold delta_data=100 userid=1334 source=mosaic time=2013-04-02_15:45:01.423096
[profile_attr] old_data=907685995 delta_type=0 attr=gold delta_data=100 userid=1334 source=mosaic time=2013-04-02_15:45:04.062406
[profile_attr] old_data=907685895 delta_type=0 attr=gold delta_data=100 userid=1334 source=mosaic time=2013-04-02_15:45:05.509390
[profile_attr] old_data=907685795 delta_type=0 attr=gold delta_data=100 userid=1334 source=mosaic time=2013-04-02_15:45:07.129912
[profile_attr] old_data=907685695 delta_type=0 attr=gold delta_data=100 userid=1334 source=mosaic time=2013-04-02_15:45:08.688825
[profile_attr] old_data=163240 delta_type=1 attr=hp delta_data=57720 userid=1334 source=dump_data time=2013-04-02_15:45:14.055236
[profile_attr] old_data=96787129457 delta_type=0 attr=token delta_data=2178 userid=1334 source=multi_buy time=2013-04-02_15:45:34.423033
[profile_attr] old_data=8 delta_type=1 attr=attr_2 delta_data=4 userid=1337 source=dump_data time=2013-04-02_15:45:50.458813
[profile_attr] old_data=17900 delta_type=1 attr=attr_1 delta_data=3100 userid=1337 source=dump_data time=2013-04-02_15:45:50.460219
[profile_attr] old_data=16758 delta_type=1 attr=gold delta_data=2100 userid=1337 source=dump_data time=2013-04-02_15:45:50.461813
[profile_attr] old_data=3 delta_type=1 attr=level delta_data=1 userid=1337 source=dump_data time=2013-04-02_15:45:50.464739
[profile_attr] old_data=996 delta_type=1 attr=hp delta_data=329 userid=1337 source=dump_data time=2013-04-02_15:45:50.465119
[profile_attr] old_data=45 delta_type=1 attr=mp delta_data=2 userid=1337 source=dump_data time=2013-04-02_15:45:50.466373
[profile_attr] old_data=180 delta_type=0 attr=attr_10 delta_data=10 userid=1337 source=enter time=2013-04-02_15:46:26.490419
[profile_attr] old_data=96787127279 delta_type=0 attr=token delta_data=2178 userid=1334 source=multi_buy time=2013-04-02_15:46:34.873443
[profile_attr] old_data=220960 delta_type=1 attr=hp delta_data=3990 userid=1334 source=dump_data time=2013-04-02_15:46:42.988771
[profile_attr] old_data=170 delta_type=0 attr=attr_10 delta_data=10 userid=1337 source=enter time=2013-04-02_15:46:46.510290
[profile_attr] old_data=12 delta_type=1 attr=attr_2 delta_data=4 userid=1337 source=dump_data time=2013-04-02_15:47:20.575268
[profile_attr] old_data=21000 delta_type=1 attr=attr_1 delta_data=1400 userid=1337 source=dump_data time=2013-04-02_15:47:20.575994
[profile_attr] old_data=18858 delta_type=1 attr=gold delta_data=162 userid=1337 source=dump_data time=2013-04-02_15:47:20.576724
[profile_attr] old_data=4 delta_type=1 attr=level delta_data=1 userid=1337 source=dump_data time=2013-04-02_15:47:20.592023
[profile_attr] old_data=1325 delta_type=1 attr=hp delta_data=193 userid=1337 source=dump_data time=2013-04-02_15:47:20.592471
[profile_attr] old_data=47 delta_type=1 attr=mp delta_data=2 userid=1337 source=dump_data time=2013-04-02_15:47:20.593445
[profile_attr] old_data=224950 delta_type=1 attr=hp delta_data=4023 userid=1334 source=dump_data time=2013-04-02_15:47:41.144209
[profile_attr] old_data=19020 delta_type=1 attr=gold delta_data=53 userid=1337 source=dump_data time=2013-04-02_15:47:43.086280
[profile_attr] old_data=1518 delta_type=1 attr=hp delta_data=7 userid=1337 source=dump_data time=2013-04-02_15:47:43.086834
[profile_attr] old_data=22400 delta_type=1 attr=attr_1 delta_data=3200 userid=1337 source=dump_data time=2013-04-02_15:47:57.664525
[profile_attr] old_data=19073 delta_type=1 attr=gold delta_data=1100 userid=1337 source=dump_data time=2013-04-02_15:47:57.665302
[profile_attr] old_data=20173 delta_type=0 attr=gold delta_data=10 userid=1337 source=enhance time=2013-04-02_15:47:57.741495
[profile_attr] old_data=20163 delta_type=0 attr=gold delta_data=10 userid=1337 source=enhance time=2013-04-02_15:47:58.455586
[profile_attr] old_data=20153 delta_type=0 attr=gold delta_data=10 userid=1337 source=enhance time=2013-04-02_15:47:59.044182
[profile_attr] old_data=20143 delta_type=0 attr=gold delta_data=10 userid=1337 source=enhance time=2013-04-02_15:47:59.556973
[profile_attr] old_data=20133 delta_type=0 attr=gold delta_data=10 userid=1337 source=enhance time=2013-04-02_15:48:00.272181
[profile_attr] old_data=20123 delta_type=1 attr=gold delta_data=1000 userid=1337 source=dump_data time=2013-04-02_15:48:13.606898
[profile_attr] old_data=16 delta_type=0 attr=attr_2 delta_data=1 userid=1337 source=action_to_profile time=2013-04-02_15:48:13.657210
[profile_attr] old_data=15 delta_type=0 attr=attr_2 delta_data=1 userid=1337 source=action_to_profile time=2013-04-02_15:48:14.374168
[profile_attr] old_data=25600 delta_type=1 attr=attr_1 delta_data=6400 userid=1337 source=dump_data time=2013-04-02_15:48:27.974893
[profile_attr] old_data=21123 delta_type=1 attr=gold delta_data=2200 userid=1337 source=dump_data time=2013-04-02_15:48:27.975799
[profile_attr] old_data=160 delta_type=0 attr=attr_10 delta_data=10 userid=1337 source=enter time=2013-04-02_15:48:32.222627
[profile_attr] old_data=34649 delta_type=1 attr=hp delta_data=-20614 userid=1318 source=dump_data time=2013-04-02_15:49:24.226250
[profile_attr] old_data=14035 delta_type=1 attr=hp delta_data=20614 userid=1318 source=dump_data time=2013-04-02_15:49:39.658947
[profile_attr] old_data=14 delta_type=1 attr=attr_2 delta_data=4 userid=1337 source=dump_data time=2013-04-02_15:50:46.592663
[profile_attr] old_data=32000 delta_type=1 attr=attr_1 delta_data=2200 userid=1337 source=dump_data time=2013-04-02_15:50:46.593950
[profile_attr] old_data=23323 delta_type=1 attr=gold delta_data=545 userid=1337 source=dump_data time=2013-04-02_15:50:46.595323
[profile_attr] old_data=5 delta_type=1 attr=level delta_data=1 userid=1337 source=dump_data time=2013-04-02_15:50:46.598073
[profile_attr] old_data=1525 delta_type=1 attr=hp delta_data=200 userid=1337 source=dump_data time=2013-04-02_15:50:46.598585
[profile_attr] old_data=49 delta_type=1 attr=mp delta_data=2 userid=1337 source=dump_data time=2013-04-02_15:50:46.600345
[profile_attr] old_data=34200 delta_type=1 attr=attr_1 delta_data=3200 userid=1337 source=dump_data time=2013-04-02_15:51:00.179064
[profile_attr] old_data=23868 delta_type=1 attr=gold delta_data=1100 userid=1337 source=dump_data time=2013-04-02_15:51:00.179843
[profile_attr] old_data=24968 delta_type=0 attr=gold delta_data=10 userid=1337 source=enhance time=2013-04-02_15:51:00.271787
[profile_attr] old_data=24958 delta_type=0 attr=gold delta_data=10 userid=1337 source=enhance time=2013-04-02_15:51:00.932580
[profile_attr] old_data=24948 delta_type=0 attr=gold delta_data=10 userid=1337 source=enhance time=2013-04-02_15:51:01.516030
[profile_attr] old_data=24938 delta_type=0 attr=gold delta_data=10 userid=1337 source=enhance time=2013-04-02_15:51:02.036813
[profile_attr] old_data=24928 delta_type=0 attr=gold delta_data=10 userid=1337 source=enhance time=2013-04-02_15:51:02.564970
[profile_attr] old_data=24918 delta_type=1 attr=gold delta_data=1000 userid=1337 source=dump_data time=2013-04-02_15:51:09.893985
[profile_attr] old_data=150 delta_type=0 attr=attr_10 delta_data=10 userid=1337 source=enter time=2013-04-02_15:51:13.566841
[profile_attr] old_data=18 delta_type=1 attr=attr_2 delta_data=4 userid=1337 source=dump_data time=2013-04-02_15:52:26.051784
[profile_attr] old_data=37400 delta_type=1 attr=attr_1 delta_data=3200 userid=1337 source=dump_data time=2013-04-02_15:52:26.052675
[profile_attr] old_data=25918 delta_type=1 attr=gold delta_data=606 userid=1337 source=dump_data time=2013-04-02_15:52:26.053423
[profile_attr] old_data=6 delta_type=1 attr=level delta_data=1 userid=1337 source=dump_data time=2013-04-02_15:52:26.055930
[profile_attr] old_data=1725 delta_type=1 attr=hp delta_data=291 userid=1337 source=dump_data time=2013-04-02_15:52:26.056341
[profile_attr] old_data=51 delta_type=1 attr=mp delta_data=3 userid=1337 source=dump_data time=2013-04-02_15:52:26.057348
[profile_attr] old_data=40600 delta_type=1 attr=attr_1 delta_data=4100 userid=1337 source=dump_data time=2013-04-02_15:52:38.603624
[profile_attr] old_data=26524 delta_type=1 attr=gold delta_data=1600 userid=1337 source=dump_data time=2013-04-02_15:52:38.604482
[profile_attr] old_data=2016 delta_type=1 attr=hp delta_data=9 userid=1337 source=dump_data time=2013-04-02_15:52:38.605036
[profile_attr] old_data=28124 delta_type=0 attr=gold delta_data=10 userid=1337 source=enhance time=2013-04-02_15:52:38.679297
[profile_attr] old_data=28114 delta_type=0 attr=gold delta_data=10 userid=1337 source=enhance time=2013-04-02_15:52:39.300956
[profile_attr] old_data=28104 delta_type=0 attr=gold delta_data=10 userid=1337 source=enhance time=2013-04-02_15:52:39.869876
[profile_attr] old_data=28094 delta_type=0 attr=gold delta_data=10 userid=1337 source=enhance time=2013-04-02_15:52:40.428810
[profile_attr] old_data=28084 delta_type=0 attr=gold delta_data=10 userid=1337 source=enhance time=2013-04-02_15:52:41.010471
[profile_attr] old_data=44700 delta_type=1 attr=attr_1 delta_data=8200 userid=1337 source=dump_data time=2013-04-02_15:52:54.418083
[profile_attr] old_data=28074 delta_type=1 attr=gold delta_data=4200 userid=1337 source=dump_data time=2013-04-02_15:52:54.418973
[profile_attr] old_data=22 delta_type=0 attr=attr_2 delta_data=1 userid=1337 source=action_to_profile time=2013-04-02_15:52:54.480436
[profile_attr] old_data=21 delta_type=0 attr=attr_2 delta_data=1 userid=1337 source=action_to_profile time=2013-04-02_15:52:55.030111
[profile_attr] old_data=20 delta_type=0 attr=attr_2 delta_data=1 userid=1337 source=action_to_profile time=2013-04-02_15:52:55.546567
[profile_attr] old_data=19 delta_type=0 attr=attr_2 delta_data=1 userid=1337 source=action_to_profile time=2013-04-02_15:52:56.031019
[profile_attr] old_data=18 delta_type=0 attr=attr_2 delta_data=1 userid=1337 source=action_to_profile time=2013-04-02_15:52:56.496814
[profile_attr] old_data=17 delta_type=0 attr=attr_2 delta_data=1 userid=1337 source=action_to_profile time=2013-04-02_15:52:58.764456
[profile_attr] old_data=16 delta_type=0 attr=attr_2 delta_data=1 userid=1337 source=action_to_profile time=2013-04-02_15:52:59.162617
[profile_attr] old_data=15 delta_type=0 attr=attr_2 delta_data=1 userid=1337 source=action_to_profile time=2013-04-02_15:52:59.578439
[profile_attr] old_data=14 delta_type=0 attr=attr_2 delta_data=1 userid=1337 source=action_to_profile time=2013-04-02_15:53:00.179189
[profile_attr] old_data=13 delta_type=0 attr=attr_2 delta_data=1 userid=1337 source=action_to_profile time=2013-04-02_15:53:02.047387
[profile_attr] old_data=52900 delta_type=1 attr=attr_1 delta_data=4100 userid=1337 source=dump_data time=2013-04-02_15:53:08.926920
[profile_attr] old_data=32274 delta_type=1 attr=gold delta_data=1600 userid=1337 source=dump_data time=2013-04-02_15:53:08.927696
[profile_attr] old_data=140 delta_type=0 attr=attr_10 delta_data=10 userid=1337 source=enter time=2013-04-02_15:53:13.171300
[profile_attr] old_data=9822 delta_type=1 attr=hp delta_data=2400 userid=356 source=dump_data time=2013-04-02_15:53:16.671075
[profile_attr] old_data=12 delta_type=1 attr=attr_2 delta_data=4 userid=1337 source=dump_data time=2013-04-02_15:54:44.090164
[profile_attr] old_data=57000 delta_type=1 attr=attr_1 delta_data=4200 userid=1337 source=dump_data time=2013-04-02_15:54:44.090956
[profile_attr] old_data=33874 delta_type=1 attr=gold delta_data=745 userid=1337 source=dump_data time=2013-04-02_15:54:44.091787
[profile_attr] old_data=7 delta_type=1 attr=level delta_data=1 userid=1337 source=dump_data time=2013-04-02_15:54:44.094314
[profile_attr] old_data=2025 delta_type=1 attr=hp delta_data=200 userid=1337 source=dump_data time=2013-04-02_15:54:44.094628
[profile_attr] old_data=54 delta_type=1 attr=mp delta_data=2 userid=1337 source=dump_data time=2013-04-02_15:54:44.095584
[profile_attr] old_data=34619 delta_type=1 attr=gold delta_data=24 userid=1337 source=dump_data time=2013-04-02_15:54:56.234234
[profile_attr] old_data=0 delta_type=1 attr=attr_1 delta_data=4200 userid=1339 source=dump_data time=2013-04-02_15:54:59.917730
[profile_attr] old_data=10000 delta_type=1 attr=gold delta_data=2100 userid=1339 source=dump_data time=2013-04-02_15:54:59.918675
[profile_attr] old_data=40.579180003 delta_type=1 attr=mp delta_data=-0.579180003048 userid=1339 source=dump_data time=2013-04-02_15:54:59.920328
[profile_attr] old_data=61200 delta_type=1 attr=attr_1 delta_data=20000 userid=1337 source=dump_data time=2013-04-02_15:55:09.150731
[profile_attr] old_data=34643 delta_type=1 attr=gold delta_data=9400 userid=1337 source=dump_data time=2013-04-02_15:55:09.151582
[profile_attr] old_data=2225 delta_type=1 attr=hp delta_data=180 userid=1337 source=dump_data time=2013-04-02_15:55:09.152166
[profile_attr] old_data=44043 delta_type=0 attr=gold delta_data=10 userid=1337 source=enhance time=2013-04-02_15:55:09.225552
[profile_attr] old_data=2405 delta_type=1 attr=hp delta_data=29 userid=1337 source=dump_data time=2013-04-02_15:55:09.873335
[profile_attr] old_data=44033 delta_type=0 attr=gold delta_data=10 userid=1337 source=enhance time=2013-04-02_15:55:09.960483
[profile_attr] old_data=200 delta_type=0 attr=attr_10 delta_data=10 userid=1339 source=enter time=2013-04-02_15:55:10.300480
[profile_attr] old_data=2434 delta_type=1 attr=hp delta_data=29 userid=1337 source=dump_data time=2013-04-02_15:55:10.402147
[profile_attr] old_data=44023 delta_type=0 attr=gold delta_data=10 userid=1337 source=enhance time=2013-04-02_15:55:10.479786
[profile_attr] old_data=2463 delta_type=1 attr=hp delta_data=29 userid=1337 source=dump_data time=2013-04-02_15:55:10.921349
[profile_attr] old_data=44013 delta_type=0 attr=gold delta_data=10 userid=1337 source=enhance time=2013-04-02_15:55:10.989989
[profile_attr] old_data=2492 delta_type=1 attr=hp delta_data=29 userid=1337 source=dump_data time=2013-04-02_15:55:11.490760
[profile_attr] old_data=44003 delta_type=0 attr=gold delta_data=10 userid=1337 source=enhance time=2013-04-02_15:55:11.578268
[profile_attr] old_data=43993 delta_type=1 attr=gold delta_data=1000 userid=1337 source=dump_data time=2013-04-02_15:55:18.833031
[profile_attr] old_data=2521 delta_type=1 attr=hp delta_data=29 userid=1337 source=dump_data time=2013-04-02_15:55:18.834375
[profile_attr] old_data=130 delta_type=0 attr=attr_10 delta_data=10 userid=1337 source=enter time=2013-04-02_15:55:23.453518
[profile_attr] old_data=12100 delta_type=1 attr=gold delta_data=2 userid=1339 source=dump_data time=2013-04-02_15:55:59.611400
[profile_attr] old_data=200 delta_type=1 attr=hp delta_data=-200 userid=1339 source=dump_data time=2013-04-02_15:55:59.612080
[profile_attr] old_data=907685595 delta_type=1 attr=gold delta_data=18973 userid=1334 source=dump_data time=2013-04-02_15:56:38.609915
[profile_attr] old_data=1 delta_type=1 attr=mount_status delta_data=-1 userid=1334 source=dump_data time=2013-04-02_15:56:38.611247
[profile_attr] old_data=96787125101 delta_type=0 attr=token delta_data=10 userid=1334 source=cheerup time=2013-04-02_15:56:38.748040
[profile_attr] old_data=907704568 delta_type=1 attr=gold delta_data=405 userid=1334 source=dump_data time=2013-04-02_15:56:40.563314
[profile_attr] old_data=96787125091 delta_type=0 attr=token delta_data=10 userid=1334 source=cheerup time=2013-04-02_15:56:40.647492
[profile_attr] old_data=96787125081 delta_type=0 attr=token delta_data=10 userid=1334 source=cheerup time=2013-04-02_15:56:42.290650
[profile_attr] old_data=907704973 delta_type=1 attr=gold delta_data=472 userid=1334 source=dump_data time=2013-04-02_15:56:43.635617
[profile_attr] old_data=96787125071 delta_type=0 attr=token delta_data=10 userid=1334 source=cheerup time=2013-04-02_15:56:43.742002
[profile_attr] old_data=0 delta_type=1 attr=attr_2 delta_data=4 userid=1339 source=dump_data time=2013-04-02_15:56:44.533803
[profile_attr] old_data=4200 delta_type=1 attr=attr_1 delta_data=200 userid=1339 source=dump_data time=2013-04-02_15:56:44.534536
[profile_attr] old_data=12102 delta_type=1 attr=gold delta_data=53 userid=1339 source=dump_data time=2013-04-02_15:56:44.535281
[profile_attr] old_data=1 delta_type=1 attr=level delta_data=1 userid=1339 source=dump_data time=2013-04-02_15:56:44.550405
[profile_attr] old_data=0 delta_type=1 attr=hp delta_data=500 userid=1339 source=dump_data time=2013-04-02_15:56:44.550764
[profile_attr] old_data=40 delta_type=1 attr=mp delta_data=2 userid=1339 source=dump_data time=2013-04-02_15:56:44.551751
[profile_attr] old_data=907705445 delta_type=1 attr=gold delta_data=581 userid=1334 source=dump_data time=2013-04-02_15:56:45.564555
[profile_attr] old_data=96787125061 delta_type=0 attr=token delta_data=10 userid=1334 source=cheerup time=2013-04-02_15:56:45.658065
[profile_attr] old_data=907706026 delta_type=1 attr=gold delta_data=538 userid=1334 source=dump_data time=2013-04-02_15:56:47.068538
[profile_attr] old_data=96787125051 delta_type=0 attr=token delta_data=10 userid=1334 source=cheerup time=2013-04-02_15:56:47.196250
[profile_attr] old_data=96787125041 delta_type=0 attr=token delta_data=10 userid=1334 source=cheerup time=2013-04-02_15:56:48.482855
[profile_attr] old_data=96787125031 delta_type=0 attr=token delta_data=10 userid=1334 source=cheerup time=2013-04-02_15:56:49.726079
[profile_attr] old_data=907706564 delta_type=1 attr=gold delta_data=638 userid=1334 source=dump_data time=2013-04-02_15:56:51.115002
[profile_attr] old_data=96787125021 delta_type=0 attr=token delta_data=10 userid=1334 source=cheerup time=2013-04-02_15:56:51.209792
[profile_attr] old_data=96787125011 delta_type=0 attr=token delta_data=10 userid=1334 source=cheerup time=2013-04-02_15:56:52.554009
[profile_attr] old_data=907707202 delta_type=1 attr=gold delta_data=1514 userid=1334 source=dump_data time=2013-04-02_15:56:53.777629
[profile_attr] old_data=96787125001 delta_type=0 attr=token delta_data=10 userid=1334 source=cheerup time=2013-04-02_15:56:53.880204
[profile_attr] old_data=96787124991 delta_type=0 attr=token delta_data=10 userid=1334 source=cheerup time=2013-04-02_15:56:55.231791
[profile_attr] old_data=907708716 delta_type=1 attr=gold delta_data=42661 userid=1334 source=dump_data time=2013-04-02_15:58:30.375597
[profile_attr] old_data=907751377 delta_type=1 attr=gold delta_data=13720 userid=1334 source=dump_data time=2013-04-02_15:58:58.376993
[profile_attr] old_data=907765097 delta_type=0 attr=gold delta_data=100 userid=1334 source=mosaic time=2013-04-02_15:58:58.475856
[profile_attr] old_data=907764997 delta_type=1 attr=gold delta_data=2076 userid=1334 source=dump_data time=2013-04-02_15:59:03.176152
[profile_attr] old_data=907767073 delta_type=0 attr=gold delta_data=100 userid=1334 source=mosaic time=2013-04-02_15:59:03.317854
[profile_attr] old_data=907766973 delta_type=1 attr=gold delta_data=9268 userid=1334 source=dump_data time=2013-04-02_15:59:15.834813
[profile_attr] old_data=907776241 delta_type=0 attr=gold delta_data=100 userid=1334 source=mosaic time=2013-04-02_15:59:15.915509
[profile_attr] old_data=907776141 delta_type=1 attr=gold delta_data=20438 userid=1334 source=dump_data time=2013-04-02_15:59:33.042610
[profile_attr] old_data=907796579 delta_type=0 attr=gold delta_data=100 userid=1334 source=mosaic time=2013-04-02_15:59:33.188356
[profile_attr] old_data=907796479 delta_type=1 attr=gold delta_data=7865 userid=1334 source=dump_data time=2013-04-02_15:59:41.006478
[profile_attr] old_data=907804344 delta_type=0 attr=gold delta_data=100 userid=1334 source=mosaic time=2013-04-02_15:59:41.109855
