[profile_attr] old_data=109999 delta_type=1 attr=attr_3 delta_data=23200 userid=607 source=dump_data time=2013-04-08_12:00:00.940391
[profile_attr] old_data=383 delta_type=1 attr=maze_info delta_data=128 userid=607 source=dump_data time=2013-04-08_12:00:00.942504
[profile_attr] old_data=133199 delta_type=1 attr=attr_3 delta_data=38700 userid=607 source=dump_data time=2013-04-08_12:00:34.193753
[profile_attr] old_data=511 delta_type=1 attr=maze_info delta_data=128 userid=607 source=dump_data time=2013-04-08_12:00:34.196198
[profile_attr] old_data=171899 delta_type=1 attr=attr_3 delta_data=56100 userid=607 source=dump_data time=2013-04-08_12:01:07.314741
[profile_attr] old_data=639 delta_type=1 attr=maze_info delta_data=128 userid=607 source=dump_data time=2013-04-08_12:01:07.317306
[profile_attr] old_data=227999 delta_type=1 attr=attr_3 delta_data=75100 userid=607 source=dump_data time=2013-04-08_12:01:38.096245
[profile_attr] old_data=767 delta_type=1 attr=maze_info delta_data=128 userid=607 source=dump_data time=2013-04-08_12:01:38.098321
[profile_attr] old_data=303099 delta_type=1 attr=attr_3 delta_data=95600 userid=607 source=dump_data time=2013-04-08_12:02:14.160835
[profile_attr] old_data=895 delta_type=1 attr=maze_info delta_data=128 userid=607 source=dump_data time=2013-04-08_12:02:14.162957
[profile_attr] old_data=398699 delta_type=1 attr=attr_3 delta_data=117400 userid=607 source=dump_data time=2013-04-08_12:02:50.735593
[profile_attr] old_data=1023 delta_type=1 attr=maze_info delta_data=128 userid=607 source=dump_data time=2013-04-08_12:02:50.737768
[profile_attr] old_data=516099 delta_type=1 attr=attr_3 delta_data=140400 userid=607 source=dump_data time=2013-04-08_12:03:25.954389
[profile_attr] old_data=1151 delta_type=1 attr=maze_info delta_data=128 userid=607 source=dump_data time=2013-04-08_12:03:25.956696
[profile_attr] old_data=656499 delta_type=1 attr=attr_3 delta_data=164500 userid=607 source=dump_data time=2013-04-08_12:04:00.320626
[profile_attr] old_data=1279 delta_type=1 attr=maze_info delta_data=128 userid=607 source=dump_data time=2013-04-08_12:04:00.322774
[profile_attr] old_data=0 delta_type=1 attr=attr_1 delta_data=4200 userid=1357 source=dump_data time=2013-04-08_12:09:04.517544
[profile_attr] old_data=10000 delta_type=1 attr=gold delta_data=2100 userid=1357 source=dump_data time=2013-04-08_12:09:04.518367
[profile_attr] old_data=40.579180003 delta_type=1 attr=mp delta_data=-0.579180003048 userid=1357 source=dump_data time=2013-04-08_12:09:04.519768
[profile_attr] old_data=200 delta_type=0 attr=attr_10 delta_data=10 userid=1357 source=enter time=2013-04-08_12:09:11.799888
[profile_attr] old_data=820999 delta_type=1 attr=attr_3 delta_data=189600 userid=607 source=dump_data time=2013-04-08_12:09:22.035774
[profile_attr] old_data=1407 delta_type=1 attr=maze_info delta_data=128 userid=607 source=dump_data time=2013-04-08_12:09:22.038099
[profile_attr] old_data=0 delta_type=1 attr=attr_2 delta_data=4 userid=1357 source=dump_data time=2013-04-08_12:09:46.984664
[profile_attr] old_data=4200 delta_type=1 attr=attr_1 delta_data=200 userid=1357 source=dump_data time=2013-04-08_12:09:46.985491
[profile_attr] old_data=12100 delta_type=1 attr=gold delta_data=44 userid=1357 source=dump_data time=2013-04-08_12:09:46.986895
[profile_attr] old_data=1 delta_type=1 attr=level delta_data=1 userid=1357 source=dump_data time=2013-04-08_12:09:47.002270
[profile_attr] old_data=200 delta_type=1 attr=hp delta_data=300 userid=1357 source=dump_data time=2013-04-08_12:09:47.002613
[profile_attr] old_data=40 delta_type=1 attr=mp delta_data=2 userid=1357 source=dump_data time=2013-04-08_12:09:47.003564
[profile_attr] old_data=1535 delta_type=1 attr=maze_info delta_data=-111 userid=607 source=dump_data time=2013-04-08_12:09:57.676910
[profile_attr] old_data=30293 delta_type=1 attr=hp delta_data=-237 userid=607 source=dump_data time=2013-04-08_12:09:59.829511
[profile_attr] old_data=1010599 delta_type=0 attr=attr_3 delta_data=5800.0 userid=607 source=upgrade time=2013-04-08_12:09:59.943801
[profile_attr] old_data=1004799 delta_type=0 attr=attr_3 delta_data=17500.0 userid=607 source=upgrade time=2013-04-08_12:10:00.556359
[profile_attr] old_data=30056 delta_type=1 attr=hp delta_data=-236 userid=607 source=dump_data time=2013-04-08_12:10:01.175707
[profile_attr] old_data=987299 delta_type=0 attr=attr_3 delta_data=33400.0 userid=607 source=upgrade time=2013-04-08_12:10:01.294450
[profile_attr] old_data=953899 delta_type=0 attr=attr_3 delta_data=52900.0 userid=607 source=upgrade time=2013-04-08_12:10:01.867998
[profile_attr] old_data=29820 delta_type=1 attr=hp delta_data=-236 userid=607 source=dump_data time=2013-04-08_12:10:02.300535
[profile_attr] old_data=900999 delta_type=0 attr=attr_3 delta_data=75600.0 userid=607 source=upgrade time=2013-04-08_12:10:02.409759
[profile_attr] old_data=825399 delta_type=0 attr=attr_3 delta_data=101300.0 userid=607 source=upgrade time=2013-04-08_12:10:03.001849
[profile_attr] old_data=29584 delta_type=1 attr=hp delta_data=-236 userid=607 source=dump_data time=2013-04-08_12:10:03.480309
[profile_attr] old_data=724099 delta_type=0 attr=attr_3 delta_data=129600.0 userid=607 source=upgrade time=2013-04-08_12:10:03.603125
[profile_attr] old_data=594499 delta_type=0 attr=attr_3 delta_data=160500.0 userid=607 source=upgrade time=2013-04-08_12:10:04.183373
[profile_attr] old_data=29348 delta_type=1 attr=hp delta_data=-237 userid=607 source=dump_data time=2013-04-08_12:10:04.950674
[profile_attr] old_data=433999 delta_type=0 attr=attr_3 delta_data=193700.0 userid=607 source=upgrade time=2013-04-08_12:10:05.056053
[profile_attr] old_data=29111 delta_type=1 attr=hp delta_data=-236 userid=607 source=dump_data time=2013-04-08_12:10:05.539183
[profile_attr] old_data=240299 delta_type=0 attr=attr_3 delta_data=229300.0 userid=607 source=upgrade time=2013-04-08_12:10:05.653730
[profile_attr] old_data=4400 delta_type=1 attr=attr_1 delta_data=6600 userid=1357 source=dump_data time=2013-04-08_12:10:06.853616
[profile_attr] old_data=12144 delta_type=1 attr=gold delta_data=2400 userid=1357 source=dump_data time=2013-04-08_12:10:06.854421
[profile_attr] old_data=14544 delta_type=0 attr=gold delta_data=10 userid=1357 source=enhance time=2013-04-08_12:10:06.946513
[profile_attr] old_data=14534 delta_type=0 attr=gold delta_data=10 userid=1357 source=enhance time=2013-04-08_12:10:07.643835
[profile_attr] old_data=14524 delta_type=0 attr=gold delta_data=10 userid=1357 source=enhance time=2013-04-08_12:10:08.326141
[profile_attr] old_data=14514 delta_type=0 attr=gold delta_data=10 userid=1357 source=enhance time=2013-04-08_12:10:08.952752
[profile_attr] old_data=10999 delta_type=1 attr=attr_3 delta_data=215700 userid=607 source=dump_data time=2013-04-08_12:10:09.196340
[profile_attr] old_data=28875 delta_type=1 attr=hp delta_data=391 userid=607 source=dump_data time=2013-04-08_12:10:09.198127
[profile_attr] old_data=1424 delta_type=1 attr=maze_info delta_data=239 userid=607 source=dump_data time=2013-04-08_12:10:09.198685
[profile_attr] old_data=14504 delta_type=0 attr=gold delta_data=10 userid=1357 source=enhance time=2013-04-08_12:10:09.509182
[profile_attr] old_data=111465017 delta_type=1 attr=gold delta_data=1000 userid=1265 source=dump_data time=2013-04-08_12:10:09.534653
[profile_attr] old_data=0 delta_type=1 attr=mount_status delta_data=1 userid=1265 source=dump_data time=2013-04-08_12:10:09.535999
[profile_attr] old_data=29266 delta_type=1 attr=hp delta_data=5087 userid=607 source=dump_data time=2013-04-08_12:10:13.783254
[profile_attr] old_data=0 delta_type=1 attr=pet_status delta_data=1 userid=607 source=dump_data time=2013-04-08_12:10:13.784539
[profile_attr] old_data=11000 delta_type=1 attr=attr_1 delta_data=3100 userid=1357 source=dump_data time=2013-04-08_12:10:15.511138
[profile_attr] old_data=14494 delta_type=1 attr=gold delta_data=1100 userid=1357 source=dump_data time=2013-04-08_12:10:15.512712
[profile_attr] old_data=190 delta_type=0 attr=attr_10 delta_data=10 userid=1357 source=enter time=2013-04-08_12:10:20.500657
[profile_attr] old_data=4 delta_type=1 attr=attr_2 delta_data=4 userid=1357 source=dump_data time=2013-04-08_12:11:05.245124
[profile_attr] old_data=14100 delta_type=1 attr=attr_1 delta_data=700 userid=1357 source=dump_data time=2013-04-08_12:11:05.245925
[profile_attr] old_data=15594 delta_type=1 attr=gold delta_data=133 userid=1357 source=dump_data time=2013-04-08_12:11:05.261875
[profile_attr] old_data=500 delta_type=1 attr=hp delta_data=192 userid=1357 source=dump_data time=2013-04-08_12:11:05.262804
[profile_attr] old_data=42 delta_type=1 attr=mp delta_data=3 userid=1357 source=dump_data time=2013-04-08_12:11:05.264239
[profile_attr] old_data=8 delta_type=1 attr=attr_2 delta_data=4 userid=1357 source=dump_data time=2013-04-08_12:11:22.847580
[profile_attr] old_data=14800 delta_type=1 attr=attr_1 delta_data=6200 userid=1357 source=dump_data time=2013-04-08_12:11:22.848351
[profile_attr] old_data=15727 delta_type=1 attr=gold delta_data=2200 userid=1357 source=dump_data time=2013-04-08_12:11:22.849241
[profile_attr] old_data=3 delta_type=1 attr=level delta_data=1 userid=1357 source=dump_data time=2013-04-08_12:11:22.866951
[profile_attr] old_data=692 delta_type=1 attr=hp delta_data=488 userid=1357 source=dump_data time=2013-04-08_12:11:22.867429
[profile_attr] old_data=45 delta_type=1 attr=mp delta_data=2 userid=1357 source=dump_data time=2013-04-08_12:11:22.868920
[profile_attr] old_data=180 delta_type=0 attr=attr_10 delta_data=10 userid=1357 source=enter time=2013-04-08_12:11:26.338023
[profile_attr] old_data=17927 delta_type=1 attr=gold delta_data=8 userid=1357 source=dump_data time=2013-04-08_12:11:32.157033
[profile_attr] old_data=17935 delta_type=0 attr=gold delta_data=10 userid=1357 source=enhance time=2013-04-08_12:11:32.257065
[profile_attr] old_data=1180 delta_type=1 attr=hp delta_data=-2 userid=1357 source=dump_data time=2013-04-08_12:11:34.079651
[profile_attr] old_data=17925 delta_type=0 attr=gold delta_data=10 userid=1357 source=enhance time=2013-04-08_12:11:34.185445
[profile_attr] old_data=17915 delta_type=1 attr=gold delta_data=4 userid=1357 source=dump_data time=2013-04-08_12:11:35.596857
[profile_attr] old_data=1178 delta_type=1 attr=hp delta_data=-2 userid=1357 source=dump_data time=2013-04-08_12:11:35.597528
[profile_attr] old_data=17919 delta_type=0 attr=gold delta_data=10 userid=1357 source=enhance time=2013-04-08_12:11:35.696821
[profile_attr] old_data=1176 delta_type=1 attr=hp delta_data=-4 userid=1357 source=dump_data time=2013-04-08_12:11:37.590836
[profile_attr] old_data=17909 delta_type=0 attr=gold delta_data=10 userid=1357 source=enhance time=2013-04-08_12:11:37.678746
[profile_attr] old_data=1172 delta_type=1 attr=hp delta_data=-2 userid=1357 source=dump_data time=2013-04-08_12:11:38.755934
[profile_attr] old_data=17899 delta_type=0 attr=gold delta_data=10 userid=1357 source=enhance time=2013-04-08_12:11:38.850026
[profile_attr] old_data=21000 delta_type=1 attr=attr_1 delta_data=1400 userid=1357 source=dump_data time=2013-04-08_12:12:12.023422
[profile_attr] old_data=17889 delta_type=1 attr=gold delta_data=174 userid=1357 source=dump_data time=2013-04-08_12:12:12.024322
[profile_attr] old_data=1170 delta_type=1 attr=hp delta_data=150 userid=1357 source=dump_data time=2013-04-08_12:12:12.024916
[profile_attr] old_data=12 delta_type=1 attr=attr_2 delta_data=4 userid=1357 source=dump_data time=2013-04-08_12:12:20.348410
[profile_attr] old_data=22400 delta_type=1 attr=attr_1 delta_data=3200 userid=1357 source=dump_data time=2013-04-08_12:12:20.349152
[profile_attr] old_data=18063 delta_type=1 attr=gold delta_data=1100 userid=1357 source=dump_data time=2013-04-08_12:12:20.349891
[profile_attr] old_data=4 delta_type=1 attr=level delta_data=1 userid=1357 source=dump_data time=2013-04-08_12:12:20.352375
[profile_attr] old_data=1320 delta_type=1 attr=hp delta_data=205 userid=1357 source=dump_data time=2013-04-08_12:12:20.352689
[profile_attr] old_data=47 delta_type=1 attr=mp delta_data=2 userid=1357 source=dump_data time=2013-04-08_12:12:20.353690
[profile_attr] old_data=3545000 delta_type=1 attr=attr_3 delta_data=95600 userid=1265 source=dump_data time=2013-04-08_12:12:25.802448
[profile_attr] old_data=895 delta_type=1 attr=maze_info delta_data=128 userid=1265 source=dump_data time=2013-04-08_12:12:25.804583
[profile_attr] old_data=1 delta_type=1 attr=mount_status delta_data=-1 userid=1265 source=dump_data time=2013-04-08_12:12:25.804914
[profile_attr] old_data=3640600 delta_type=1 attr=attr_3 delta_data=117400 userid=1265 source=dump_data time=2013-04-08_12:13:53.220868
[profile_attr] old_data=1023 delta_type=1 attr=maze_info delta_data=128 userid=1265 source=dump_data time=2013-04-08_12:13:53.222931
[profile_attr] old_data=19163 delta_type=1 attr=gold delta_data=1000 userid=1357 source=dump_data time=2013-04-08_12:14:25.975828
[profile_attr] old_data=20163 delta_type=0 attr=gold delta_data=10 userid=1357 source=enhance time=2013-04-08_12:14:43.378736
[profile_attr] old_data=20153 delta_type=0 attr=gold delta_data=10 userid=1357 source=enhance time=2013-04-08_12:14:44.693895
[profile_attr] old_data=3758000 delta_type=1 attr=attr_3 delta_data=140400 userid=1265 source=dump_data time=2013-04-08_12:14:49.467782
[profile_attr] old_data=1151 delta_type=1 attr=maze_info delta_data=128 userid=1265 source=dump_data time=2013-04-08_12:14:49.469828
[profile_attr] old_data=20143 delta_type=0 attr=gold delta_data=10 userid=1357 source=enhance time=2013-04-08_12:14:50.866762
[profile_attr] old_data=20133 delta_type=0 attr=gold delta_data=10 userid=1357 source=enhance time=2013-04-08_12:14:51.694159
[profile_attr] old_data=20123 delta_type=0 attr=gold delta_data=10 userid=1357 source=enhance time=2013-04-08_12:14:57.338177
[profile_attr] old_data=3898400 delta_type=1 attr=attr_3 delta_data=164500 userid=1265 source=dump_data time=2013-04-08_12:15:48.756231
[profile_attr] old_data=1279 delta_type=1 attr=maze_info delta_data=128 userid=1265 source=dump_data time=2013-04-08_12:15:48.758438
[profile_attr] old_data=4062900 delta_type=1 attr=attr_3 delta_data=189600 userid=1265 source=dump_data time=2013-04-08_12:16:44.725606
[profile_attr] old_data=1407 delta_type=1 attr=maze_info delta_data=128 userid=1265 source=dump_data time=2013-04-08_12:16:44.727752
[profile_attr] old_data=1535 delta_type=1 attr=maze_info delta_data=-12 userid=1265 source=dump_data time=2013-04-08_12:17:36.441204
[profile_attr] old_data=20113 delta_type=1 attr=gold delta_data=1000 userid=1357 source=dump_data time=2013-04-08_12:19:23.099312
[profile_attr] old_data=589432 delta_type=0 attr=gold delta_data=50000 userid=1317 source=combine time=2013-04-08_12:21:46.362325
[profile_attr] old_data=539432 delta_type=0 attr=gold delta_data=50000 userid=1317 source=combine time=2013-04-08_12:21:50.636664
[profile_attr] old_data=7200 delta_type=1 attr=hp delta_data=2160 userid=1317 source=dump_data time=2013-04-08_12:21:54.247941
[profile_attr] old_data=489432 delta_type=0 attr=gold delta_data=50000 userid=1317 source=combine time=2013-04-08_12:21:54.363118
[profile_attr] old_data=9360 delta_type=1 attr=hp delta_data=2160 userid=1317 source=dump_data time=2013-04-08_12:22:07.284057
[profile_attr] old_data=439432 delta_type=1 attr=gold delta_data=150 userid=1317 source=sell time=2013-04-08_12:22:30.471451
[profile_attr] old_data=439582 delta_type=1 attr=gold delta_data=100 userid=1317 source=sell time=2013-04-08_12:22:31.239495
[profile_attr] old_data=13379 delta_type=1 attr=hp delta_data=41 userid=1356 source=dump_data time=2013-04-08_12:23:46.236369
[profile_attr] old_data=200 delta_type=0 attr=attr_10 delta_data=10 userid=1356 source=enter time=2013-04-08_12:24:01.682088
[profile_attr] old_data=4 delta_type=1 attr=attr_2 delta_data=4 userid=1356 source=dump_data time=2013-04-08_12:34:42.015994
[profile_attr] old_data=704000 delta_type=1 attr=attr_1 delta_data=16400 userid=1356 source=dump_data time=2013-04-08_12:34:42.017568
[profile_attr] old_data=514652 delta_type=1 attr=gold delta_data=1375 userid=1356 source=dump_data time=2013-04-08_12:34:42.018389
[profile_attr] old_data=16 delta_type=1 attr=level delta_data=1 userid=1356 source=dump_data time=2013-04-08_12:34:42.020923
[profile_attr] old_data=13420 delta_type=1 attr=hp delta_data=252 userid=1356 source=dump_data time=2013-04-08_12:34:42.021242
[profile_attr] old_data=79 delta_type=1 attr=mp delta_data=3 userid=1356 source=dump_data time=2013-04-08_12:34:42.022174
[profile_attr] old_data=720400 delta_type=1 attr=attr_1 delta_data=233100 userid=1356 source=dump_data time=2013-04-08_12:34:56.918129
[profile_attr] old_data=516027 delta_type=1 attr=gold delta_data=34400 userid=1356 source=dump_data time=2013-04-08_12:34:56.918945
[profile_attr] old_data=13672 delta_type=1 attr=hp delta_data=48 userid=1356 source=dump_data time=2013-04-08_12:34:56.919504
[profile_attr] old_data=9882 delta_type=0 attr=token delta_data=2 userid=1356 source=exchange time=2013-04-08_12:34:57.038596
[profile_attr] old_data=550427 delta_type=1 attr=gold delta_data=135000 userid=1356 source=exchange time=2013-04-08_12:34:57.038699
[profile_attr] old_data=9880 delta_type=0 attr=token delta_data=4 userid=1356 source=exchange time=2013-04-08_12:34:59.388379
[profile_attr] old_data=685427 delta_type=1 attr=gold delta_data=135000 userid=1356 source=exchange time=2013-04-08_12:34:59.388491
[profile_attr] old_data=9876 delta_type=0 attr=token delta_data=6 userid=1356 source=exchange time=2013-04-08_12:35:01.803300
[profile_attr] old_data=820427 delta_type=1 attr=gold delta_data=135000 userid=1356 source=exchange time=2013-04-08_12:35:01.803405
[profile_attr] old_data=9870 delta_type=0 attr=token delta_data=8 userid=1356 source=exchange time=2013-04-08_12:35:02.620908
[profile_attr] old_data=955427 delta_type=1 attr=gold delta_data=135000 userid=1356 source=exchange time=2013-04-08_12:35:02.621023
[profile_attr] old_data=9862 delta_type=0 attr=token delta_data=10 userid=1356 source=exchange time=2013-04-08_12:35:03.538551
[profile_attr] old_data=1090427 delta_type=1 attr=gold delta_data=135000 userid=1356 source=exchange time=2013-04-08_12:35:03.538653
[profile_attr] old_data=1225427 delta_type=1 attr=gold delta_data=37600 userid=1356 source=dump_data time=2013-04-08_12:35:14.648887
[profile_attr] old_data=1263027 delta_type=0 attr=gold delta_data=7644 userid=1356 source=enhance time=2013-04-08_12:35:14.786526
[profile_attr] old_data=1255383 delta_type=0 attr=gold delta_data=7644 userid=1356 source=enhance time=2013-04-08_12:35:15.685622
[profile_attr] old_data=1247739 delta_type=0 attr=gold delta_data=7644 userid=1356 source=enhance time=2013-04-08_12:35:16.543893
[profile_attr] old_data=1240095 delta_type=0 attr=gold delta_data=7644 userid=1356 source=enhance time=2013-04-08_12:35:17.337154
[profile_attr] old_data=1232451 delta_type=0 attr=gold delta_data=7644 userid=1356 source=enhance time=2013-04-08_12:35:18.085449
[profile_attr] old_data=1224807 delta_type=0 attr=gold delta_data=7644 userid=1356 source=enhance time=2013-04-08_12:35:19.040501
[profile_attr] old_data=1217163 delta_type=0 attr=gold delta_data=7644 userid=1356 source=enhance time=2013-04-08_12:35:19.968486
[profile_attr] old_data=1209519 delta_type=0 attr=gold delta_data=7644 userid=1356 source=enhance time=2013-04-08_12:35:20.876093
[profile_attr] old_data=1201875 delta_type=0 attr=gold delta_data=7644 userid=1356 source=enhance time=2013-04-08_12:35:22.182478
[profile_attr] old_data=1194231 delta_type=0 attr=gold delta_data=7644 userid=1356 source=enhance time=2013-04-08_12:35:23.419831
[profile_attr] old_data=1186587 delta_type=0 attr=gold delta_data=7644 userid=1356 source=enhance time=2013-04-08_12:35:24.219822
[profile_attr] old_data=1178943 delta_type=0 attr=gold delta_data=7644 userid=1356 source=enhance time=2013-04-08_12:35:25.170842
[profile_attr] old_data=1171299 delta_type=0 attr=gold delta_data=7644 userid=1356 source=enhance time=2013-04-08_12:35:26.170377
[profile_attr] old_data=1163655 delta_type=0 attr=gold delta_data=7644 userid=1356 source=enhance time=2013-04-08_12:35:26.969673
[profile_attr] old_data=1156011 delta_type=1 attr=gold delta_data=100000 userid=1356 source=dump_data time=2013-04-08_12:35:34.972784
[profile_attr] old_data=1256011 delta_type=1 attr=gold delta_data=135000 userid=1356 source=reward_by_gametime time=2013-04-08_12:35:35.091331
[profile_attr] old_data=0 delta_type=1 attr=attr_4 delta_data=200 userid=1356 source=loads_attachment time=2013-04-08_12:35:43.705131
[profile_attr] old_data=1391011 delta_type=1 attr=gold delta_data=100000 userid=1356 source=loads_attachment time=2013-04-08_12:35:43.705276
[profile_attr] old_data=190 delta_type=0 attr=attr_10 delta_data=10 userid=1356 source=enter time=2013-04-08_12:36:21.178211
[profile_attr] old_data=1491011 delta_type=1 attr=gold delta_data=479 userid=1356 source=dump_data time=2013-04-08_12:36:48.199861
[profile_attr] old_data=13720 delta_type=1 attr=hp delta_data=-11 userid=1356 source=dump_data time=2013-04-08_12:36:48.200435
[profile_attr] old_data=953500 delta_type=0 attr=attr_1 delta_data=81100.0 userid=1356 source=upgrade time=2013-04-08_12:36:48.304806
[profile_attr] old_data=1491490 delta_type=1 attr=gold delta_data=34 userid=1356 source=dump_data time=2013-04-08_12:36:49.271033
[profile_attr] old_data=13709 delta_type=1 attr=hp delta_data=-11 userid=1356 source=dump_data time=2013-04-08_12:36:49.271646
[profile_attr] old_data=872400 delta_type=0 attr=attr_1 delta_data=89300.0 userid=1356 source=upgrade time=2013-04-08_12:36:49.376712
[profile_attr] old_data=783100 delta_type=0 attr=attr_1 delta_data=73100.0 userid=1356 source=upgrade time=2013-04-08_12:36:51.138942
[profile_attr] old_data=710000 delta_type=0 attr=attr_1 delta_data=81100.0 userid=1356 source=upgrade time=2013-04-08_12:36:52.154920
[profile_attr] old_data=628900 delta_type=0 attr=attr_1 delta_data=81100.0 userid=1356 source=upgrade time=2013-04-08_12:36:53.071961
[profile_attr] old_data=547800 delta_type=0 attr=attr_1 delta_data=89300.0 userid=1356 source=upgrade time=2013-04-08_12:36:54.137920
[profile_attr] old_data=13698 delta_type=1 attr=hp delta_data=-22 userid=1356 source=dump_data time=2013-04-08_12:36:55.489324
[profile_attr] old_data=458500 delta_type=0 attr=attr_1 delta_data=81100.0 userid=1356 source=upgrade time=2013-04-08_12:36:55.587771
[profile_attr] old_data=13676 delta_type=1 attr=hp delta_data=-11 userid=1356 source=dump_data time=2013-04-08_12:36:56.815515
[profile_attr] old_data=377400 delta_type=0 attr=attr_1 delta_data=89300.0 userid=1356 source=upgrade time=2013-04-08_12:36:56.922091
[profile_attr] old_data=288100 delta_type=0 attr=attr_1 delta_data=73100.0 userid=1356 source=upgrade time=2013-04-08_12:36:57.621815
[profile_attr] old_data=13665 delta_type=1 attr=hp delta_data=-11 userid=1356 source=dump_data time=2013-04-08_12:36:58.386493
[profile_attr] old_data=215000 delta_type=0 attr=attr_1 delta_data=81100.0 userid=1356 source=upgrade time=2013-04-08_12:36:58.518630
[profile_attr] old_data=1491524 delta_type=1 attr=gold delta_data=33 userid=1356 source=dump_data time=2013-04-08_12:36:59.328479
[profile_attr] old_data=13654 delta_type=1 attr=hp delta_data=-11 userid=1356 source=dump_data time=2013-04-08_12:36:59.329426
[profile_attr] old_data=133900 delta_type=0 attr=attr_1 delta_data=89300.0 userid=1356 source=upgrade time=2013-04-08_12:36:59.438116
[profile_attr] old_data=44600 delta_type=1 attr=attr_1 delta_data=18300 userid=1356 source=dump_data time=2013-04-08_12:38:05.444368
[profile_attr] old_data=1491557 delta_type=1 attr=gold delta_data=2314 userid=1356 source=dump_data time=2013-04-08_12:38:05.445150
[profile_attr] old_data=13643 delta_type=1 attr=hp delta_data=1517 userid=1356 source=dump_data time=2013-04-08_12:38:05.445683
[profile_attr] old_data=8 delta_type=1 attr=attr_2 delta_data=4 userid=1356 source=dump_data time=2013-04-08_12:38:19.087708
[profile_attr] old_data=62900 delta_type=1 attr=attr_1 delta_data=171200 userid=1356 source=dump_data time=2013-04-08_12:38:19.089085
[profile_attr] old_data=1493871 delta_type=1 attr=gold delta_data=27300 userid=1356 source=dump_data time=2013-04-08_12:38:19.090520
[profile_attr] old_data=17 delta_type=1 attr=level delta_data=1 userid=1356 source=dump_data time=2013-04-08_12:38:19.106536
[profile_attr] old_data=15160 delta_type=1 attr=hp delta_data=200 userid=1356 source=dump_data time=2013-04-08_12:38:19.106905
[profile_attr] old_data=82 delta_type=1 attr=mp delta_data=3 userid=1356 source=dump_data time=2013-04-08_12:38:19.107871
[profile_attr] old_data=1521171 delta_type=0 attr=gold delta_data=2000 userid=1356 source=combine time=2013-04-08_12:38:19.242613
[profile_attr] old_data=1519171 delta_type=0 attr=gold delta_data=2000 userid=1356 source=combine time=2013-04-08_12:38:22.225645
[profile_attr] old_data=9852 delta_type=0 attr=token delta_data=60 userid=1356 source=combine time=2013-04-08_12:38:26.096776
[profile_attr] old_data=1517171 delta_type=0 attr=gold delta_data=2000 userid=1356 source=combine time=2013-04-08_12:38:26.100069
[profile_attr] old_data=9792 delta_type=0 attr=token delta_data=40 userid=1356 source=combine time=2013-04-08_12:38:29.825001
[profile_attr] old_data=1515171 delta_type=0 attr=gold delta_data=2000 userid=1356 source=combine time=2013-04-08_12:38:29.828404
[profile_attr] old_data=9752 delta_type=0 attr=token delta_data=28 userid=1356 source=combine time=2013-04-08_12:38:31.874615
[profile_attr] old_data=1513171 delta_type=0 attr=gold delta_data=2000 userid=1356 source=combine time=2013-04-08_12:38:31.877391
[profile_attr] old_data=1511171 delta_type=0 attr=gold delta_data=2000 userid=1356 source=combine time=2013-04-08_12:38:34.293185
[profile_attr] old_data=1509171 delta_type=0 attr=gold delta_data=2000 userid=1356 source=combine time=2013-04-08_12:38:35.292687
[profile_attr] old_data=9724 delta_type=0 attr=token delta_data=320 userid=1356 source=combine time=2013-04-08_12:38:38.391842
[profile_attr] old_data=1507171 delta_type=0 attr=gold delta_data=2000 userid=1356 source=combine time=2013-04-08_12:38:38.396141
[profile_attr] old_data=9404 delta_type=0 attr=token delta_data=40 userid=1356 source=combine time=2013-04-08_12:38:40.807254
[profile_attr] old_data=1505171 delta_type=0 attr=gold delta_data=2000 userid=1356 source=combine time=2013-04-08_12:38:40.809868
[profile_attr] old_data=1503171 delta_type=0 attr=gold delta_data=2000 userid=1356 source=combine time=2013-04-08_12:38:43.426339
[profile_attr] old_data=9364 delta_type=0 attr=token delta_data=80 userid=1356 source=combine time=2013-04-08_12:38:44.442566
[profile_attr] old_data=1501171 delta_type=0 attr=gold delta_data=2000 userid=1356 source=combine time=2013-04-08_12:38:44.445839
[profile_attr] old_data=9284 delta_type=0 attr=token delta_data=16 userid=1356 source=combine time=2013-04-08_12:38:47.091177
[profile_attr] old_data=1499171 delta_type=0 attr=gold delta_data=2000 userid=1356 source=combine time=2013-04-08_12:38:47.094108
[profile_attr] old_data=1497171 delta_type=0 attr=gold delta_data=2000 userid=1356 source=combine time=2013-04-08_12:38:49.292362
[profile_attr] old_data=9268 delta_type=0 attr=token delta_data=20 userid=1356 source=combine time=2013-04-08_12:38:50.091072
[profile_attr] old_data=1495171 delta_type=0 attr=gold delta_data=2000 userid=1356 source=combine time=2013-04-08_12:38:50.093988
[profile_attr] old_data=9248 delta_type=0 attr=token delta_data=320 userid=1356 source=combine time=2013-04-08_12:38:52.610849
[profile_attr] old_data=1493171 delta_type=0 attr=gold delta_data=2000 userid=1356 source=combine time=2013-04-08_12:38:52.613929
[profile_attr] old_data=8928 delta_type=0 attr=token delta_data=80 userid=1356 source=combine time=2013-04-08_12:38:56.324739
[profile_attr] old_data=1491171 delta_type=0 attr=gold delta_data=2000 userid=1356 source=combine time=2013-04-08_12:38:56.327603
[profile_attr] old_data=8848 delta_type=0 attr=token delta_data=40 userid=1356 source=combine time=2013-04-08_12:38:58.493297
[profile_attr] old_data=1489171 delta_type=0 attr=gold delta_data=2000 userid=1356 source=combine time=2013-04-08_12:38:58.496415
[profile_attr] old_data=8808 delta_type=0 attr=token delta_data=32 userid=1356 source=combine time=2013-04-08_12:39:00.807892
[profile_attr] old_data=1487171 delta_type=0 attr=gold delta_data=2000 userid=1356 source=combine time=2013-04-08_12:39:00.811723
[profile_attr] old_data=8776 delta_type=0 attr=token delta_data=16 userid=1356 source=combine time=2013-04-08_12:39:03.109637
[profile_attr] old_data=1485171 delta_type=0 attr=gold delta_data=2000 userid=1356 source=combine time=2013-04-08_12:39:03.113674
[profile_attr] old_data=234100 delta_type=1 attr=attr_1 delta_data=171200 userid=1356 source=dump_data time=2013-04-08_12:39:34.544311
[profile_attr] old_data=1483171 delta_type=1 attr=gold delta_data=27300 userid=1356 source=dump_data time=2013-04-08_12:39:34.545076
[profile_attr] old_data=1510471 delta_type=0 attr=gold delta_data=100 userid=1356 source=mosaic time=2013-04-08_12:39:34.660327
[profile_attr] old_data=1510371 delta_type=0 attr=gold delta_data=100 userid=1356 source=mosaic time=2013-04-08_12:39:37.861390
[profile_attr] old_data=405300 delta_type=1 attr=attr_1 delta_data=171200 userid=1356 source=dump_data time=2013-04-08_12:40:08.600612
[profile_attr] old_data=1510271 delta_type=1 attr=gold delta_data=27300 userid=1356 source=dump_data time=2013-04-08_12:40:08.601392
[profile_attr] old_data=180 delta_type=0 attr=attr_10 delta_data=10 userid=1356 source=enter time=2013-04-08_12:40:13.829470
[profile_attr] old_data=576500 delta_type=1 attr=attr_1 delta_data=20300 userid=1356 source=dump_data time=2013-04-08_12:42:50.454087
[profile_attr] old_data=1537571 delta_type=1 attr=gold delta_data=3402 userid=1356 source=dump_data time=2013-04-08_12:42:50.454834
[profile_attr] old_data=15360 delta_type=1 attr=hp delta_data=-400 userid=1356 source=dump_data time=2013-04-08_12:42:50.455358
[profile_attr] old_data=12 delta_type=1 attr=attr_2 delta_data=4 userid=1356 source=dump_data time=2013-04-08_12:44:14.623126
[profile_attr] old_data=596800 delta_type=1 attr=attr_1 delta_data=562800 userid=1356 source=dump_data time=2013-04-08_12:44:14.624030
[profile_attr] old_data=1540973 delta_type=1 attr=gold delta_data=96600 userid=1356 source=dump_data time=2013-04-08_12:44:14.624838
[profile_attr] old_data=18 delta_type=1 attr=level delta_data=1 userid=1356 source=dump_data time=2013-04-08_12:44:14.647775
[profile_attr] old_data=14960 delta_type=1 attr=hp delta_data=700 userid=1356 source=dump_data time=2013-04-08_12:44:14.648157
[profile_attr] old_data=85 delta_type=1 attr=mp delta_data=3 userid=1356 source=dump_data time=2013-04-08_12:44:14.649113
[profile_attr] old_data=170 delta_type=0 attr=attr_10 delta_data=10 userid=1356 source=enter time=2013-04-08_12:44:18.714376
[profile_attr] old_data=1663 delta_type=1 attr=maze_info delta_data=-12 userid=607 source=dump_data time=2013-04-08_12:45:03.340971
[profile_attr] old_data=1159600 delta_type=1 attr=attr_1 delta_data=22300 userid=1356 source=dump_data time=2013-04-08_12:48:21.823279
[profile_attr] old_data=1637573 delta_type=1 attr=gold delta_data=3096 userid=1356 source=dump_data time=2013-04-08_12:48:21.824127
[profile_attr] old_data=16 delta_type=1 attr=attr_2 delta_data=4 userid=1356 source=dump_data time=2013-04-08_12:50:22.026946
[profile_attr] old_data=1181900 delta_type=1 attr=attr_1 delta_data=613600 userid=1356 source=dump_data time=2013-04-08_12:50:22.027745
[profile_attr] old_data=1640669 delta_type=1 attr=gold delta_data=75200 userid=1356 source=dump_data time=2013-04-08_12:50:22.028554
[profile_attr] old_data=19 delta_type=1 attr=level delta_data=1 userid=1356 source=dump_data time=2013-04-08_12:50:22.043672
[profile_attr] old_data=15660 delta_type=1 attr=hp delta_data=200 userid=1356 source=dump_data time=2013-04-08_12:50:22.044070
[profile_attr] old_data=88 delta_type=1 attr=mp delta_data=3 userid=1356 source=dump_data time=2013-04-08_12:50:22.045048
[profile_attr] old_data=1795500 delta_type=0 attr=attr_1 delta_data=1000.0 userid=1356 source=upgrade time=2013-04-08_12:50:22.184558
[profile_attr] old_data=1794500 delta_type=0 attr=attr_1 delta_data=2900.0 userid=1356 source=upgrade time=2013-04-08_12:50:22.706170
[profile_attr] old_data=1791600 delta_type=0 attr=attr_1 delta_data=5600.0 userid=1356 source=upgrade time=2013-04-08_12:50:23.118814
[profile_attr] old_data=1786000 delta_type=0 attr=attr_1 delta_data=8800.0 userid=1356 source=upgrade time=2013-04-08_12:50:23.617419
[profile_attr] old_data=1777200 delta_type=0 attr=attr_1 delta_data=12600.0 userid=1356 source=upgrade time=2013-04-08_12:50:24.184044
[profile_attr] old_data=1764600 delta_type=0 attr=attr_1 delta_data=16900.0 userid=1356 source=upgrade time=2013-04-08_12:50:24.752996
[profile_attr] old_data=1747700 delta_type=0 attr=attr_1 delta_data=21600.0 userid=1356 source=upgrade time=2013-04-08_12:50:25.250657
[profile_attr] old_data=1726100 delta_type=0 attr=attr_1 delta_data=26700.0 userid=1356 source=upgrade time=2013-04-08_12:50:25.751969
[profile_attr] old_data=1699400 delta_type=0 attr=attr_1 delta_data=32300.0 userid=1356 source=upgrade time=2013-04-08_12:50:26.368535
[profile_attr] old_data=1667100 delta_type=0 attr=attr_1 delta_data=38200.0 userid=1356 source=upgrade time=2013-04-08_12:50:26.917621
[profile_attr] old_data=439682 delta_type=0 attr=gold delta_data=19 userid=1317 source=enhance time=2013-04-08_12:50:30.320973
[profile_attr] old_data=439663 delta_type=0 attr=gold delta_data=19 userid=1317 source=enhance time=2013-04-08_12:50:31.145918
[profile_attr] old_data=1628900 delta_type=0 attr=attr_1 delta_data=1000.0 userid=1356 source=upgrade time=2013-04-08_12:50:31.756258
[profile_attr] old_data=439644 delta_type=0 attr=gold delta_data=19 userid=1317 source=enhance time=2013-04-08_12:50:31.830238
[profile_attr] old_data=1627900 delta_type=0 attr=attr_1 delta_data=2900.0 userid=1356 source=upgrade time=2013-04-08_12:50:32.205767
[profile_attr] old_data=439625 delta_type=0 attr=gold delta_data=19 userid=1317 source=enhance time=2013-04-08_12:50:32.547117
[profile_attr] old_data=1625000 delta_type=0 attr=attr_1 delta_data=5600.0 userid=1356 source=upgrade time=2013-04-08_12:50:32.667429
[profile_attr] old_data=1619400 delta_type=0 attr=attr_1 delta_data=8800.0 userid=1356 source=upgrade time=2013-04-08_12:50:33.067534
[profile_attr] old_data=439606 delta_type=0 attr=gold delta_data=19 userid=1317 source=enhance time=2013-04-08_12:50:33.351295
[profile_attr] old_data=1610600 delta_type=0 attr=attr_1 delta_data=12600.0 userid=1356 source=upgrade time=2013-04-08_12:50:33.468189
[profile_attr] old_data=1598000 delta_type=0 attr=attr_1 delta_data=16900.0 userid=1356 source=upgrade time=2013-04-08_12:50:33.967549
[profile_attr] old_data=439587 delta_type=0 attr=gold delta_data=19 userid=1317 source=enhance time=2013-04-08_12:50:34.350743
[profile_attr] old_data=1581100 delta_type=0 attr=attr_1 delta_data=21600.0 userid=1356 source=upgrade time=2013-04-08_12:50:34.568645
[profile_attr] old_data=1559500 delta_type=0 attr=attr_1 delta_data=26700.0 userid=1356 source=upgrade time=2013-04-08_12:50:34.934121
[profile_attr] old_data=439568 delta_type=0 attr=gold delta_data=19 userid=1317 source=enhance time=2013-04-08_12:50:35.013568
[profile_attr] old_data=1532800 delta_type=0 attr=attr_1 delta_data=32300.0 userid=1356 source=upgrade time=2013-04-08_12:50:35.335316
[profile_attr] old_data=1500500 delta_type=0 attr=attr_1 delta_data=38200.0 userid=1356 source=upgrade time=2013-04-08_12:50:35.652168
[profile_attr] old_data=439549 delta_type=0 attr=gold delta_data=19 userid=1317 source=enhance time=2013-04-08_12:50:35.779699
[profile_attr] old_data=1462300 delta_type=0 attr=attr_1 delta_data=44500.0 userid=1356 source=upgrade time=2013-04-08_12:50:36.101349
[profile_attr] old_data=439530 delta_type=0 attr=gold delta_data=19 userid=1317 source=enhance time=2013-04-08_12:50:36.530601
[profile_attr] old_data=439511 delta_type=0 attr=gold delta_data=19 userid=1317 source=enhance time=2013-04-08_12:50:37.361875
[profile_attr] old_data=439492 delta_type=0 attr=gold delta_data=19 userid=1317 source=enhance time=2013-04-08_12:50:38.078714
[profile_attr] old_data=439473 delta_type=0 attr=gold delta_data=19 userid=1317 source=enhance time=2013-04-08_12:50:38.823470
[profile_attr] old_data=439454 delta_type=0 attr=gold delta_data=19 userid=1317 source=enhance time=2013-04-08_12:50:39.546193
[profile_attr] old_data=439435 delta_type=1 attr=gold delta_data=100000 userid=1317 source=dump_data time=2013-04-08_12:51:01.850708
[profile_attr] old_data=200 delta_type=0 attr=attr_10 delta_data=10 userid=1317 source=enter time=2013-04-08_12:51:06.500679
[profile_attr] old_data=1715869 delta_type=1 attr=gold delta_data=10000 userid=1356 source=dump_data time=2013-04-08_12:51:25.749928
[profile_attr] old_data=1417800 delta_type=0 attr=attr_1 delta_data=97900.0 userid=1356 source=upgrade time=2013-04-08_12:51:25.851202
[profile_attr] old_data=1319900 delta_type=0 attr=attr_1 delta_data=106700.0 userid=1356 source=upgrade time=2013-04-08_12:51:26.371397
[profile_attr] old_data=8760 delta_type=0 attr=token delta_data=60 userid=1356 source=reset_cd time=2013-04-08_12:51:29.985621
[profile_attr] old_data=1213200 delta_type=0 attr=attr_1 delta_data=89300.0 userid=1356 source=upgrade time=2013-04-08_12:51:30.501588
[profile_attr] old_data=1123900 delta_type=0 attr=attr_1 delta_data=97900.0 userid=1356 source=upgrade time=2013-04-08_12:51:32.371167
[profile_attr] old_data=1026000 delta_type=0 attr=attr_1 delta_data=106700.0 userid=1356 source=upgrade time=2013-04-08_12:51:34.020253
[profile_attr] old_data=919300 delta_type=0 attr=attr_1 delta_data=65500.0 userid=1356 source=upgrade time=2013-04-08_12:51:35.605789
[profile_attr] old_data=853800 delta_type=0 attr=attr_1 delta_data=73100.0 userid=1356 source=upgrade time=2013-04-08_12:51:36.105060
[profile_attr] old_data=780700 delta_type=0 attr=attr_1 delta_data=81100.0 userid=1356 source=upgrade time=2013-04-08_12:51:36.618708
[profile_attr] old_data=699600 delta_type=0 attr=attr_1 delta_data=89300.0 userid=1356 source=upgrade time=2013-04-08_12:51:37.135054
[profile_attr] old_data=610300 delta_type=0 attr=attr_1 delta_data=97900.0 userid=1356 source=upgrade time=2013-04-08_12:51:37.702381
[profile_attr] old_data=512400 delta_type=0 attr=attr_1 delta_data=106700.0 userid=1356 source=upgrade time=2013-04-08_12:51:38.319041
[profile_attr] old_data=405700 delta_type=0 attr=attr_1 delta_data=115900.0 userid=1356 source=upgrade time=2013-04-08_12:51:39.022337
[profile_attr] old_data=289800 delta_type=0 attr=attr_1 delta_data=97900.0 userid=1356 source=upgrade time=2013-04-08_12:51:40.490799
[profile_attr] old_data=191900 delta_type=0 attr=attr_1 delta_data=106700.0 userid=1356 source=upgrade time=2013-04-08_12:51:41.104496
[profile_attr] old_data=1725869 delta_type=0 attr=gold delta_data=2000 userid=1356 source=shortcut_start time=2013-04-08_12:52:03.302783
[profile_attr] old_data=1723869 delta_type=0 attr=gold delta_data=2000 userid=1356 source=shortcut_start time=2013-04-08_12:52:03.310133
[profile_attr] old_data=1721869 delta_type=0 attr=gold delta_data=2000 userid=1356 source=shortcut_start time=2013-04-08_12:52:03.320197
[profile_attr] old_data=1719869 delta_type=0 attr=gold delta_data=4000 userid=1356 source=shortcut_start time=2013-04-08_12:52:03.326986
[profile_attr] old_data=1715869 delta_type=0 attr=gold delta_data=6000 userid=1356 source=shortcut_start time=2013-04-08_12:52:03.338818
[profile_attr] old_data=1709869 delta_type=0 attr=gold delta_data=4000 userid=1356 source=shortcut_start time=2013-04-08_12:52:03.345487
[profile_attr] old_data=1705869 delta_type=0 attr=gold delta_data=6000 userid=1356 source=shortcut_start time=2013-04-08_12:52:03.351920
[profile_attr] old_data=1699869 delta_type=0 attr=gold delta_data=4000 userid=1356 source=shortcut_start time=2013-04-08_12:52:03.361676
[profile_attr] old_data=1695869 delta_type=0 attr=gold delta_data=6000 userid=1356 source=shortcut_start time=2013-04-08_12:52:03.371757
[profile_attr] old_data=1689869 delta_type=0 attr=gold delta_data=8000 userid=1356 source=shortcut_start time=2013-04-08_12:52:03.379192
[profile_attr] old_data=1681869 delta_type=0 attr=gold delta_data=6000 userid=1356 source=shortcut_start time=2013-04-08_12:52:03.385615
[profile_attr] old_data=1675869 delta_type=0 attr=gold delta_data=4000 userid=1356 source=shortcut_start time=2013-04-08_12:52:03.392294
[profile_attr] old_data=1671869 delta_type=0 attr=gold delta_data=2000 userid=1356 source=shortcut_start time=2013-04-08_12:52:03.402504
[profile_attr] old_data=1669869 delta_type=0 attr=gold delta_data=2000 userid=1356 source=shortcut_start time=2013-04-08_12:52:03.409160
[profile_attr] old_data=1667869 delta_type=0 attr=gold delta_data=2000 userid=1356 source=shortcut_start time=2013-04-08_12:52:03.418575
[profile_attr] old_data=1665869 delta_type=0 attr=gold delta_data=4000 userid=1356 source=shortcut_start time=2013-04-08_12:52:03.425084
[profile_attr] old_data=1661869 delta_type=0 attr=gold delta_data=2000 userid=1356 source=shortcut_start time=2013-04-08_12:52:03.432612
[profile_attr] old_data=1659869 delta_type=0 attr=gold delta_data=2000 userid=1356 source=shortcut_start time=2013-04-08_12:52:03.439252
[profile_attr] old_data=1657869 delta_type=0 attr=gold delta_data=2000 userid=1356 source=shortcut_start time=2013-04-08_12:52:03.445768
[profile_attr] old_data=1655869 delta_type=0 attr=gold delta_data=2000 userid=1356 source=shortcut_start time=2013-04-08_12:52:03.453284
[profile_attr] old_data=539435 delta_type=1 attr=gold delta_data=1640 userid=1317 source=dump_data time=2013-04-08_12:52:33.483875
[profile_attr] old_data=11520 delta_type=1 attr=hp delta_data=-125 userid=1317 source=dump_data time=2013-04-08_12:52:33.485306
[profile_attr] old_data=41312 delta_type=0 attr=token delta_data=50 userid=1318 source=generate_player_store time=2013-04-08_12:53:50.269958
[profile_attr] old_data=11395 delta_type=1 attr=hp delta_data=125 userid=1317 source=dump_data time=2013-04-08_12:54:47.896602
[profile_attr] old_data=190 delta_type=0 attr=attr_10 delta_data=10 userid=1317 source=enter time=2013-04-08_12:55:39.313101
[profile_attr] old_data=1 delta_type=1 attr=mount_status delta_data=-1 userid=1318 source=dump_data time=2013-04-08_12:57:32.922147
[profile_attr] old_data=541075 delta_type=1 attr=gold delta_data=549 userid=1317 source=dump_data time=2013-04-08_12:57:44.713022
[profile_attr] old_data=11520 delta_type=1 attr=hp delta_data=-2635 userid=1317 source=dump_data time=2013-04-08_12:57:44.713556
[profile_attr] old_data=8885 delta_type=1 attr=hp delta_data=2635 userid=1317 source=dump_data time=2013-04-08_12:58:29.233789
[profile_attr] old_data=180 delta_type=0 attr=attr_10 delta_data=10 userid=1317 source=enter time=2013-04-08_12:58:34.784735
