[profile_attr] old_data=1500 delta_type=1 attr=attr_2 delta_data=4 userid=1265 source=dump_data time=2013-04-08_14:00:07.849759
[profile_attr] old_data=127942018 delta_type=1 attr=gold delta_data=641500 userid=1265 source=dump_data time=2013-04-08_14:00:07.851187
[profile_attr] old_data=41 delta_type=1 attr=level delta_data=1 userid=1265 source=dump_data time=2013-04-08_14:00:07.866760
[profile_attr] old_data=76719 delta_type=1 attr=hp delta_data=300 userid=1265 source=dump_data time=2013-04-08_14:00:07.867125
[profile_attr] old_data=215 delta_type=1 attr=mp delta_data=10 userid=1265 source=dump_data time=2013-04-08_14:00:07.869121
[profile_attr] old_data=2749 delta_type=0 attr=token delta_data=3 userid=1265 source=end_clean_instance time=2013-04-08_14:00:11.892286
[profile_attr] old_data=865 delta_type=0 attr=attr_10 delta_data=10 userid=1265 source=end_clean_instance time=2013-04-08_14:00:11.892405
[profile_attr] old_data=891100 delta_type=1 attr=attr_1 delta_data=55800 userid=1265 source=end_clean_instance time=2013-04-08_14:00:11.892520
[profile_attr] old_data=128583518 delta_type=1 attr=gold delta_data=5019 userid=1265 source=end_clean_instance time=2013-04-08_14:00:11.892681
[profile_attr] old_data=128588537 delta_type=1 attr=gold delta_data=641500 userid=1265 source=dump_data time=2013-04-08_14:00:33.901630
[profile_attr] old_data=2746 delta_type=0 attr=token delta_data=3 userid=1265 source=end_clean_instance time=2013-04-08_14:00:38.346531
[profile_attr] old_data=855 delta_type=0 attr=attr_10 delta_data=10 userid=1265 source=end_clean_instance time=2013-04-08_14:00:38.346648
[profile_attr] old_data=946900 delta_type=1 attr=attr_1 delta_data=55800 userid=1265 source=end_clean_instance time=2013-04-08_14:00:38.346764
[profile_attr] old_data=129230037 delta_type=1 attr=gold delta_data=5019 userid=1265 source=end_clean_instance time=2013-04-08_14:00:38.346893
[profile_attr] old_data=129235056 delta_type=1 attr=gold delta_data=641500 userid=1265 source=dump_data time=2013-04-08_14:00:56.182031
[profile_attr] old_data=2743 delta_type=0 attr=token delta_data=3 userid=1265 source=end_clean_instance time=2013-04-08_14:00:59.792408
[profile_attr] old_data=845 delta_type=0 attr=attr_10 delta_data=10 userid=1265 source=end_clean_instance time=2013-04-08_14:00:59.792528
[profile_attr] old_data=1002700 delta_type=1 attr=attr_1 delta_data=55800 userid=1265 source=end_clean_instance time=2013-04-08_14:00:59.792644
[profile_attr] old_data=129876556 delta_type=1 attr=gold delta_data=5019 userid=1265 source=end_clean_instance time=2013-04-08_14:00:59.792773
[profile_attr] old_data=129881575 delta_type=1 attr=gold delta_data=641500 userid=1265 source=dump_data time=2013-04-08_14:01:18.521771
[profile_attr] old_data=2740 delta_type=0 attr=token delta_data=3 userid=1265 source=end_clean_instance time=2013-04-08_14:01:21.405851
[profile_attr] old_data=835 delta_type=0 attr=attr_10 delta_data=10 userid=1265 source=end_clean_instance time=2013-04-08_14:01:21.405987
[profile_attr] old_data=1058500 delta_type=1 attr=attr_1 delta_data=56000 userid=1265 source=end_clean_instance time=2013-04-08_14:01:21.406118
[profile_attr] old_data=130523075 delta_type=1 attr=gold delta_data=5170 userid=1265 source=end_clean_instance time=2013-04-08_14:01:21.406254
[profile_attr] old_data=130528245 delta_type=1 attr=gold delta_data=1094500 userid=1265 source=dump_data time=2013-04-08_14:01:40.475106
[profile_attr] old_data=2737 delta_type=0 attr=token delta_data=3 userid=1265 source=end_clean_instance time=2013-04-08_14:01:43.954871
[profile_attr] old_data=825 delta_type=0 attr=attr_10 delta_data=10 userid=1265 source=end_clean_instance time=2013-04-08_14:01:43.955025
[profile_attr] old_data=1114500 delta_type=1 attr=attr_1 delta_data=56000 userid=1265 source=end_clean_instance time=2013-04-08_14:01:43.955202
[profile_attr] old_data=131622745 delta_type=1 attr=gold delta_data=5170 userid=1265 source=end_clean_instance time=2013-04-08_14:01:43.955373
[profile_attr] old_data=131627915 delta_type=1 attr=gold delta_data=1094500 userid=1265 source=dump_data time=2013-04-08_14:01:59.937564
[profile_attr] old_data=2734 delta_type=0 attr=token delta_data=3 userid=1265 source=end_clean_instance time=2013-04-08_14:02:03.371129
[profile_attr] old_data=815 delta_type=0 attr=attr_10 delta_data=10 userid=1265 source=end_clean_instance time=2013-04-08_14:02:03.371251
[profile_attr] old_data=1170500 delta_type=1 attr=attr_1 delta_data=56000 userid=1265 source=end_clean_instance time=2013-04-08_14:02:03.371392
[profile_attr] old_data=132722415 delta_type=1 attr=gold delta_data=5170 userid=1265 source=end_clean_instance time=2013-04-08_14:02:03.371526
[profile_attr] old_data=132727585 delta_type=1 attr=gold delta_data=1094500 userid=1265 source=dump_data time=2013-04-08_14:02:19.298173
[profile_attr] old_data=1226500 delta_type=0 attr=attr_1 delta_data=209900.0 userid=1265 source=upgrade time=2013-04-08_14:02:19.469934
[profile_attr] old_data=1016600 delta_type=0 attr=attr_1 delta_data=221600.0 userid=1265 source=upgrade time=2013-04-08_14:02:20.631063
[profile_attr] old_data=133822085 delta_type=1 attr=gold delta_data=5000 userid=1265 source=dump_data time=2013-04-08_14:02:36.248137
[profile_attr] old_data=2731 delta_type=0 attr=token delta_data=3 userid=1265 source=end_clean_instance time=2013-04-08_14:02:39.520258
[profile_attr] old_data=805 delta_type=0 attr=attr_10 delta_data=10 userid=1265 source=end_clean_instance time=2013-04-08_14:02:39.520417
[profile_attr] old_data=795000 delta_type=1 attr=attr_1 delta_data=56300 userid=1265 source=end_clean_instance time=2013-04-08_14:02:39.520558
[profile_attr] old_data=133827085 delta_type=1 attr=gold delta_data=5322 userid=1265 source=end_clean_instance time=2013-04-08_14:02:39.520709
[profile_attr] old_data=133832407 delta_type=1 attr=gold delta_data=1165000 userid=1265 source=dump_data time=2013-04-08_14:02:58.382507
[profile_attr] old_data=2728 delta_type=0 attr=token delta_data=3 userid=1265 source=end_clean_instance time=2013-04-08_14:03:02.053789
[profile_attr] old_data=795 delta_type=0 attr=attr_10 delta_data=10 userid=1265 source=end_clean_instance time=2013-04-08_14:03:02.053905
[profile_attr] old_data=851300 delta_type=1 attr=attr_1 delta_data=56300 userid=1265 source=end_clean_instance time=2013-04-08_14:03:02.054067
[profile_attr] old_data=134997407 delta_type=1 attr=gold delta_data=5322 userid=1265 source=end_clean_instance time=2013-04-08_14:03:02.054197
[profile_attr] old_data=353861 delta_type=1 attr=exp delta_data=30299 userid=1265 source=end_clean_instance time=2013-04-08_14:03:02.070989
[profile_attr] old_data=135002729 delta_type=1 attr=gold delta_data=1165000 userid=1265 source=dump_data time=2013-04-08_14:04:06.913099
[profile_attr] old_data=77019 delta_type=1 attr=hp delta_data=200 userid=1265 source=dump_data time=2013-04-08_14:04:06.913638
[profile_attr] old_data=225 delta_type=1 attr=mp delta_data=11 userid=1265 source=dump_data time=2013-04-08_14:04:06.914589
[profile_attr] old_data=2725 delta_type=0 attr=token delta_data=3 userid=1265 source=end_clean_instance time=2013-04-08_14:04:11.547612
[profile_attr] old_data=785 delta_type=0 attr=attr_10 delta_data=10 userid=1265 source=end_clean_instance time=2013-04-08_14:04:11.547740
[profile_attr] old_data=907600 delta_type=1 attr=attr_1 delta_data=56300 userid=1265 source=end_clean_instance time=2013-04-08_14:04:11.547885
[profile_attr] old_data=136167729 delta_type=1 attr=gold delta_data=5322 userid=1265 source=end_clean_instance time=2013-04-08_14:04:11.548063
[profile_attr] old_data=136173051 delta_type=1 attr=gold delta_data=1165000 userid=1265 source=dump_data time=2013-04-08_14:04:34.614751
[profile_attr] old_data=2722 delta_type=0 attr=token delta_data=3 userid=1265 source=end_clean_instance time=2013-04-08_14:04:37.551579
[profile_attr] old_data=775 delta_type=0 attr=attr_10 delta_data=10 userid=1265 source=end_clean_instance time=2013-04-08_14:04:37.551824
[profile_attr] old_data=963900 delta_type=1 attr=attr_1 delta_data=56600 userid=1265 source=end_clean_instance time=2013-04-08_14:04:37.552054
[profile_attr] old_data=137338051 delta_type=1 attr=gold delta_data=5474 userid=1265 source=end_clean_instance time=2013-04-08_14:04:37.552300
[profile_attr] old_data=137343525 delta_type=1 attr=gold delta_data=1548000 userid=1265 source=dump_data time=2013-04-08_14:04:58.501072
[profile_attr] old_data=2719 delta_type=0 attr=token delta_data=3 userid=1265 source=end_clean_instance time=2013-04-08_14:05:01.565414
[profile_attr] old_data=765 delta_type=0 attr=attr_10 delta_data=10 userid=1265 source=end_clean_instance time=2013-04-08_14:05:01.565538
[profile_attr] old_data=1020500 delta_type=1 attr=attr_1 delta_data=56600 userid=1265 source=end_clean_instance time=2013-04-08_14:05:01.565735
[profile_attr] old_data=138891525 delta_type=1 attr=gold delta_data=5474 userid=1265 source=end_clean_instance time=2013-04-08_14:05:01.565890
[profile_attr] old_data=138896999 delta_type=1 attr=gold delta_data=1548000 userid=1265 source=dump_data time=2013-04-08_14:05:26.025971
[profile_attr] old_data=2716 delta_type=0 attr=token delta_data=3 userid=1265 source=end_clean_instance time=2013-04-08_14:05:29.011746
[profile_attr] old_data=755 delta_type=0 attr=attr_10 delta_data=10 userid=1265 source=end_clean_instance time=2013-04-08_14:05:29.011861
[profile_attr] old_data=1077100 delta_type=1 attr=attr_1 delta_data=56600 userid=1265 source=end_clean_instance time=2013-04-08_14:05:29.011995
[profile_attr] old_data=140444999 delta_type=1 attr=gold delta_data=5474 userid=1265 source=end_clean_instance time=2013-04-08_14:05:29.012140
[profile_attr] old_data=140450473 delta_type=1 attr=gold delta_data=1548000 userid=1265 source=dump_data time=2013-04-08_14:06:37.921690
[profile_attr] old_data=141998473 delta_type=1 attr=gold delta_data=24 userid=1265 source=sell time=2013-04-08_14:08:13.006836
[profile_attr] old_data=141998497 delta_type=1 attr=gold delta_data=6 userid=1265 source=sell time=2013-04-08_14:08:18.673979
[profile_attr] old_data=141998503 delta_type=0 attr=gold delta_data=290000 userid=1265 source=combine time=2013-04-08_14:08:48.288525
[profile_attr] old_data=141708503 delta_type=0 attr=gold delta_data=290000 userid=1265 source=combine time=2013-04-08_14:08:53.425886
[profile_attr] old_data=141418503 delta_type=0 attr=gold delta_data=290000 userid=1265 source=combine time=2013-04-08_14:08:57.275098
[profile_attr] old_data=141128503 delta_type=0 attr=gold delta_data=561936 userid=1265 source=enhance time=2013-04-08_14:09:14.274272
[profile_attr] old_data=140566567 delta_type=0 attr=gold delta_data=561936 userid=1265 source=enhance time=2013-04-08_14:09:15.241715
[profile_attr] old_data=140004631 delta_type=0 attr=gold delta_data=561936 userid=1265 source=enhance time=2013-04-08_14:09:16.168540
[profile_attr] old_data=139442695 delta_type=0 attr=gold delta_data=561936 userid=1265 source=enhance time=2013-04-08_14:09:16.885394
[profile_attr] old_data=138880759 delta_type=0 attr=gold delta_data=561936 userid=1265 source=enhance time=2013-04-08_14:09:17.720884
[profile_attr] old_data=138318823 delta_type=0 attr=gold delta_data=561936 userid=1265 source=enhance time=2013-04-08_14:09:18.551954
[profile_attr] old_data=137756887 delta_type=0 attr=gold delta_data=561936 userid=1265 source=enhance time=2013-04-08_14:09:19.201033
[profile_attr] old_data=137194951 delta_type=0 attr=gold delta_data=561936 userid=1265 source=enhance time=2013-04-08_14:09:20.124656
[profile_attr] old_data=136633015 delta_type=0 attr=gold delta_data=561936 userid=1265 source=enhance time=2013-04-08_14:09:20.835885
[profile_attr] old_data=136071079 delta_type=0 attr=gold delta_data=561936 userid=1265 source=enhance time=2013-04-08_14:09:21.504967
[profile_attr] old_data=135509143 delta_type=0 attr=gold delta_data=561936 userid=1265 source=enhance time=2013-04-08_14:09:22.202134
[profile_attr] old_data=134947207 delta_type=0 attr=gold delta_data=561936 userid=1265 source=enhance time=2013-04-08_14:09:22.937037
[profile_attr] old_data=134385271 delta_type=0 attr=gold delta_data=561936 userid=1265 source=enhance time=2013-04-08_14:09:28.736019
[profile_attr] old_data=133823335 delta_type=0 attr=gold delta_data=561936 userid=1265 source=enhance time=2013-04-08_14:09:34.819937
[profile_attr] old_data=133261399 delta_type=0 attr=gold delta_data=561936 userid=1265 source=enhance time=2013-04-08_14:09:39.261132
[profile_attr] old_data=132699463 delta_type=0 attr=gold delta_data=561936 userid=1265 source=enhance time=2013-04-08_14:09:42.769188
[profile_attr] old_data=132137527 delta_type=0 attr=gold delta_data=561936 userid=1265 source=enhance time=2013-04-08_14:09:43.650064
[profile_attr] old_data=131575591 delta_type=0 attr=gold delta_data=561936 userid=1265 source=enhance time=2013-04-08_14:09:44.622862
[profile_attr] old_data=131013655 delta_type=0 attr=gold delta_data=561936 userid=1265 source=enhance time=2013-04-08_14:09:45.383838
[profile_attr] old_data=130451719 delta_type=0 attr=gold delta_data=561936 userid=1265 source=enhance time=2013-04-08_14:09:46.043271
[profile_attr] old_data=129889783 delta_type=0 attr=gold delta_data=561936 userid=1265 source=enhance time=2013-04-08_14:09:46.798573
[profile_attr] old_data=129327847 delta_type=0 attr=gold delta_data=561936 userid=1265 source=enhance time=2013-04-08_14:09:47.466683
[profile_attr] old_data=128765911 delta_type=0 attr=gold delta_data=561936 userid=1265 source=enhance time=2013-04-08_14:09:48.183277
[profile_attr] old_data=128203975 delta_type=0 attr=gold delta_data=561936 userid=1265 source=enhance time=2013-04-08_14:09:48.833317
[profile_attr] old_data=127642039 delta_type=0 attr=gold delta_data=561936 userid=1265 source=enhance time=2013-04-08_14:09:49.402110
[profile_attr] old_data=127080103 delta_type=0 attr=gold delta_data=561936 userid=1265 source=enhance time=2013-04-08_14:09:50.119602
[profile_attr] old_data=126518167 delta_type=0 attr=gold delta_data=561936 userid=1265 source=enhance time=2013-04-08_14:09:50.834445
[profile_attr] old_data=125956231 delta_type=0 attr=gold delta_data=561936 userid=1265 source=enhance time=2013-04-08_14:09:51.558344
[profile_attr] old_data=125394295 delta_type=0 attr=gold delta_data=561936 userid=1265 source=enhance time=2013-04-08_14:09:52.317258
[profile_attr] old_data=124832359 delta_type=0 attr=gold delta_data=561936 userid=1265 source=enhance time=2013-04-08_14:09:53.021091
[profile_attr] old_data=124270423 delta_type=0 attr=gold delta_data=561936 userid=1265 source=enhance time=2013-04-08_14:09:53.578778
[profile_attr] old_data=123708487 delta_type=0 attr=gold delta_data=561936 userid=1265 source=enhance time=2013-04-08_14:09:54.071081
[profile_attr] old_data=123146551 delta_type=0 attr=gold delta_data=561936 userid=1265 source=enhance time=2013-04-08_14:09:54.626321
[profile_attr] old_data=122584615 delta_type=0 attr=gold delta_data=561936 userid=1265 source=enhance time=2013-04-08_14:09:55.176747
[profile_attr] old_data=122022679 delta_type=0 attr=gold delta_data=561936 userid=1265 source=enhance time=2013-04-08_14:09:55.714500
[profile_attr] old_data=121460743 delta_type=0 attr=gold delta_data=561936 userid=1265 source=enhance time=2013-04-08_14:09:56.367275
[profile_attr] old_data=120898807 delta_type=0 attr=gold delta_data=561936 userid=1265 source=enhance time=2013-04-08_14:09:57.107396
[profile_attr] old_data=120336871 delta_type=0 attr=gold delta_data=561936 userid=1265 source=enhance time=2013-04-08_14:09:57.791654
[profile_attr] old_data=119774935 delta_type=0 attr=gold delta_data=561936 userid=1265 source=enhance time=2013-04-08_14:09:58.176028
[profile_attr] old_data=119212999 delta_type=0 attr=gold delta_data=561936 userid=1265 source=enhance time=2013-04-08_14:09:58.720014
[profile_attr] old_data=118651063 delta_type=0 attr=gold delta_data=561936 userid=1265 source=enhance time=2013-04-08_14:09:59.123838
[profile_attr] old_data=118089127 delta_type=0 attr=gold delta_data=561936 userid=1265 source=enhance time=2013-04-08_14:09:59.661835
[profile_attr] old_data=117527191 delta_type=0 attr=gold delta_data=561936 userid=1265 source=enhance time=2013-04-08_14:10:00.244101
[profile_attr] old_data=116965255 delta_type=0 attr=gold delta_data=561936 userid=1265 source=enhance time=2013-04-08_14:10:00.825888
[profile_attr] old_data=116403319 delta_type=0 attr=gold delta_data=561936 userid=1265 source=enhance time=2013-04-08_14:10:01.381619
[profile_attr] old_data=115841383 delta_type=0 attr=gold delta_data=561936 userid=1265 source=enhance time=2013-04-08_14:10:02.236006
[profile_attr] old_data=115279447 delta_type=0 attr=gold delta_data=561936 userid=1265 source=enhance time=2013-04-08_14:10:02.884221
[profile_attr] old_data=114717511 delta_type=0 attr=gold delta_data=561936 userid=1265 source=enhance time=2013-04-08_14:10:03.429515
[profile_attr] old_data=114155575 delta_type=0 attr=gold delta_data=561936 userid=1265 source=enhance time=2013-04-08_14:10:03.974975
[profile_attr] old_data=113593639 delta_type=0 attr=gold delta_data=561936 userid=1265 source=enhance time=2013-04-08_14:10:04.511951
[profile_attr] old_data=113031703 delta_type=0 attr=gold delta_data=561936 userid=1265 source=enhance time=2013-04-08_14:10:05.063693
[profile_attr] old_data=112469767 delta_type=0 attr=gold delta_data=561936 userid=1265 source=enhance time=2013-04-08_14:10:05.610687
[profile_attr] old_data=111907831 delta_type=0 attr=gold delta_data=561936 userid=1265 source=enhance time=2013-04-08_14:10:06.091852
[profile_attr] old_data=111345895 delta_type=0 attr=gold delta_data=561936 userid=1265 source=enhance time=2013-04-08_14:10:06.475885
[profile_attr] old_data=110783959 delta_type=0 attr=gold delta_data=561936 userid=1265 source=enhance time=2013-04-08_14:10:06.880315
[profile_attr] old_data=110222023 delta_type=0 attr=gold delta_data=561936 userid=1265 source=enhance time=2013-04-08_14:10:07.535739
[profile_attr] old_data=109660087 delta_type=0 attr=gold delta_data=561936 userid=1265 source=enhance time=2013-04-08_14:10:08.256246
[profile_attr] old_data=109098151 delta_type=0 attr=gold delta_data=561936 userid=1265 source=enhance time=2013-04-08_14:10:08.967865
[profile_attr] old_data=108536215 delta_type=0 attr=gold delta_data=561936 userid=1265 source=enhance time=2013-04-08_14:10:09.732055
[profile_attr] old_data=107974279 delta_type=0 attr=gold delta_data=561936 userid=1265 source=enhance time=2013-04-08_14:10:10.489238
[profile_attr] old_data=107412343 delta_type=0 attr=gold delta_data=561936 userid=1265 source=enhance time=2013-04-08_14:11:22.565341
[profile_attr] old_data=106850407 delta_type=0 attr=gold delta_data=561936 userid=1265 source=enhance time=2013-04-08_14:11:23.280472
[profile_attr] old_data=106288471 delta_type=0 attr=gold delta_data=561936 userid=1265 source=enhance time=2013-04-08_14:11:23.995609
[profile_attr] old_data=105726535 delta_type=0 attr=gold delta_data=561936 userid=1265 source=enhance time=2013-04-08_14:11:24.712981
[profile_attr] old_data=105164599 delta_type=0 attr=gold delta_data=561936 userid=1265 source=enhance time=2013-04-08_14:11:25.380169
[profile_attr] old_data=104602663 delta_type=0 attr=gold delta_data=561936 userid=1265 source=enhance time=2013-04-08_14:11:26.040942
[profile_attr] old_data=104040727 delta_type=0 attr=gold delta_data=561936 userid=1265 source=enhance time=2013-04-08_14:11:26.697046
[profile_attr] old_data=103478791 delta_type=0 attr=gold delta_data=561936 userid=1265 source=enhance time=2013-04-08_14:11:27.437502
[profile_attr] old_data=102916855 delta_type=0 attr=gold delta_data=561936 userid=1265 source=enhance time=2013-04-08_14:11:28.087328
[profile_attr] old_data=102354919 delta_type=0 attr=gold delta_data=561936 userid=1265 source=enhance time=2013-04-08_14:11:28.700815
[profile_attr] old_data=101792983 delta_type=0 attr=gold delta_data=561936 userid=1265 source=enhance time=2013-04-08_14:11:29.395317
[profile_attr] old_data=101231047 delta_type=0 attr=gold delta_data=561936 userid=1265 source=enhance time=2013-04-08_14:11:30.264727
[profile_attr] old_data=100669111 delta_type=0 attr=gold delta_data=561936 userid=1265 source=enhance time=2013-04-08_14:11:30.911255
[profile_attr] old_data=100107175 delta_type=0 attr=gold delta_data=561936 userid=1265 source=enhance time=2013-04-08_14:11:31.479723
[profile_attr] old_data=99545239 delta_type=0 attr=gold delta_data=561936 userid=1265 source=enhance time=2013-04-08_14:11:32.149098
[profile_attr] old_data=98983303 delta_type=0 attr=gold delta_data=561936 userid=1265 source=enhance time=2013-04-08_14:11:32.866656
[profile_attr] old_data=98421367 delta_type=0 attr=gold delta_data=561936 userid=1265 source=enhance time=2013-04-08_14:11:33.582071
[profile_attr] old_data=97859431 delta_type=0 attr=gold delta_data=561936 userid=1265 source=enhance time=2013-04-08_14:11:34.332564
[profile_attr] old_data=97297495 delta_type=0 attr=gold delta_data=561936 userid=1265 source=enhance time=2013-04-08_14:11:34.932804
[profile_attr] old_data=96735559 delta_type=0 attr=gold delta_data=561936 userid=1265 source=enhance time=2013-04-08_14:11:35.647014
[profile_attr] old_data=96173623 delta_type=0 attr=gold delta_data=561936 userid=1265 source=enhance time=2013-04-08_14:11:36.413264
[profile_attr] old_data=95611687 delta_type=0 attr=gold delta_data=561936 userid=1265 source=enhance time=2013-04-08_14:11:37.131384
[profile_attr] old_data=95049751 delta_type=0 attr=gold delta_data=561936 userid=1265 source=enhance time=2013-04-08_14:11:37.730405
[profile_attr] old_data=94487815 delta_type=0 attr=gold delta_data=561936 userid=1265 source=enhance time=2013-04-08_14:11:38.431714
[profile_attr] old_data=93925879 delta_type=0 attr=gold delta_data=561936 userid=1265 source=enhance time=2013-04-08_14:11:39.198190
[profile_attr] old_data=93363943 delta_type=0 attr=gold delta_data=561936 userid=1265 source=enhance time=2013-04-08_14:11:39.762235
[profile_attr] old_data=92802007 delta_type=0 attr=gold delta_data=561936 userid=1265 source=enhance time=2013-04-08_14:11:40.382592
[profile_attr] old_data=92240071 delta_type=0 attr=gold delta_data=561936 userid=1265 source=enhance time=2013-04-08_14:11:41.145219
[profile_attr] old_data=91678135 delta_type=0 attr=gold delta_data=561936 userid=1265 source=enhance time=2013-04-08_14:11:41.930373
[profile_attr] old_data=91116199 delta_type=0 attr=gold delta_data=561936 userid=1265 source=enhance time=2013-04-08_14:11:42.679548
[profile_attr] old_data=90554263 delta_type=0 attr=gold delta_data=561936 userid=1265 source=enhance time=2013-04-08_14:11:43.498272
[profile_attr] old_data=89992327 delta_type=0 attr=gold delta_data=561936 userid=1265 source=enhance time=2013-04-08_14:11:44.096231
[profile_attr] old_data=89430391 delta_type=0 attr=gold delta_data=561936 userid=1265 source=enhance time=2013-04-08_14:11:44.894015
[profile_attr] old_data=88868455 delta_type=0 attr=gold delta_data=561936 userid=1265 source=enhance time=2013-04-08_14:11:45.466382
[profile_attr] old_data=88306519 delta_type=0 attr=gold delta_data=561936 userid=1265 source=enhance time=2013-04-08_14:11:46.215922
[profile_attr] old_data=87744583 delta_type=0 attr=gold delta_data=561936 userid=1265 source=enhance time=2013-04-08_14:11:46.949879
[profile_attr] old_data=87182647 delta_type=0 attr=gold delta_data=561936 userid=1265 source=enhance time=2013-04-08_14:11:47.545122
[profile_attr] old_data=86620711 delta_type=0 attr=gold delta_data=561936 userid=1265 source=enhance time=2013-04-08_14:11:48.294207
[profile_attr] old_data=86058775 delta_type=0 attr=gold delta_data=561936 userid=1265 source=enhance time=2013-04-08_14:11:49.063627
[profile_attr] old_data=85496839 delta_type=0 attr=gold delta_data=561936 userid=1265 source=enhance time=2013-04-08_14:11:49.820594
[profile_attr] old_data=84934903 delta_type=0 attr=gold delta_data=561936 userid=1265 source=enhance time=2013-04-08_14:11:50.579399
[profile_attr] old_data=84372967 delta_type=0 attr=gold delta_data=561936 userid=1265 source=enhance time=2013-04-08_14:11:51.332167
[profile_attr] old_data=83811031 delta_type=0 attr=gold delta_data=561936 userid=1265 source=enhance time=2013-04-08_14:11:52.092964
[profile_attr] old_data=83249095 delta_type=0 attr=gold delta_data=561936 userid=1265 source=enhance time=2013-04-08_14:11:52.845308
[profile_attr] old_data=82687159 delta_type=0 attr=gold delta_data=561936 userid=1265 source=enhance time=2013-04-08_14:11:53.411153
[profile_attr] old_data=82125223 delta_type=0 attr=gold delta_data=561936 userid=1265 source=enhance time=2013-04-08_14:11:53.961409
[profile_attr] old_data=81563287 delta_type=0 attr=gold delta_data=561936 userid=1265 source=enhance time=2013-04-08_14:11:54.681852
[profile_attr] old_data=81001351 delta_type=0 attr=gold delta_data=561936 userid=1265 source=enhance time=2013-04-08_14:11:55.427678
[profile_attr] old_data=80439415 delta_type=0 attr=gold delta_data=561936 userid=1265 source=enhance time=2013-04-08_14:11:56.195795
[profile_attr] old_data=79877479 delta_type=0 attr=gold delta_data=561936 userid=1265 source=enhance time=2013-04-08_14:11:56.919164
[profile_attr] old_data=79315543 delta_type=0 attr=gold delta_data=561936 userid=1265 source=enhance time=2013-04-08_14:11:57.662305
[profile_attr] old_data=78753607 delta_type=0 attr=gold delta_data=561936 userid=1265 source=enhance time=2013-04-08_14:11:58.231455
[profile_attr] old_data=78191671 delta_type=0 attr=gold delta_data=561936 userid=1265 source=enhance time=2013-04-08_14:11:58.794721
[profile_attr] old_data=77629735 delta_type=0 attr=gold delta_data=561936 userid=1265 source=enhance time=2013-04-08_14:11:59.560478
[profile_attr] old_data=77067799 delta_type=0 attr=gold delta_data=561936 userid=1265 source=enhance time=2013-04-08_14:12:00.245041
[profile_attr] old_data=76505863 delta_type=0 attr=gold delta_data=561936 userid=1265 source=enhance time=2013-04-08_14:12:00.995963
[profile_attr] old_data=75943927 delta_type=0 attr=gold delta_data=561936 userid=1265 source=enhance time=2013-04-08_14:12:01.749669
[profile_attr] old_data=75381991 delta_type=0 attr=gold delta_data=561936 userid=1265 source=enhance time=2013-04-08_14:12:02.528473
[profile_attr] old_data=74820055 delta_type=1 attr=gold delta_data=5000 userid=1265 source=dump_data time=2013-04-08_14:12:36.363495
[profile_attr] old_data=74825055 delta_type=0 attr=gold delta_data=561936 userid=1265 source=enhance time=2013-04-08_14:12:36.511844
[profile_attr] old_data=74263119 delta_type=0 attr=gold delta_data=561936 userid=1265 source=enhance time=2013-04-08_14:12:37.158409
[profile_attr] old_data=73701183 delta_type=0 attr=gold delta_data=561936 userid=1265 source=enhance time=2013-04-08_14:12:37.927989
[profile_attr] old_data=73139247 delta_type=0 attr=gold delta_data=561936 userid=1265 source=enhance time=2013-04-08_14:12:38.795594
[profile_attr] old_data=72577311 delta_type=0 attr=gold delta_data=561936 userid=1265 source=enhance time=2013-04-08_14:12:39.510976
[profile_attr] old_data=72015375 delta_type=0 attr=gold delta_data=561936 userid=1265 source=enhance time=2013-04-08_14:12:40.291010
[profile_attr] old_data=71453439 delta_type=0 attr=gold delta_data=561936 userid=1265 source=enhance time=2013-04-08_14:12:41.058598
[profile_attr] old_data=70891503 delta_type=0 attr=gold delta_data=561936 userid=1265 source=enhance time=2013-04-08_14:12:41.841469
[profile_attr] old_data=70329567 delta_type=0 attr=gold delta_data=561936 userid=1265 source=enhance time=2013-04-08_14:12:42.683040
[profile_attr] old_data=69767631 delta_type=0 attr=gold delta_data=561936 userid=1265 source=enhance time=2013-04-08_14:12:43.410736
[profile_attr] old_data=69205695 delta_type=0 attr=gold delta_data=561936 userid=1265 source=enhance time=2013-04-08_14:12:44.116308
[profile_attr] old_data=68643759 delta_type=0 attr=gold delta_data=561936 userid=1265 source=enhance time=2013-04-08_14:12:44.815787
[profile_attr] old_data=68081823 delta_type=0 attr=gold delta_data=561936 userid=1265 source=enhance time=2013-04-08_14:12:45.535990
[profile_attr] old_data=67519887 delta_type=0 attr=gold delta_data=561936 userid=1265 source=enhance time=2013-04-08_14:12:46.263175
[profile_attr] old_data=66957951 delta_type=0 attr=gold delta_data=561936 userid=1265 source=enhance time=2013-04-08_14:12:47.036077
[profile_attr] old_data=66396015 delta_type=0 attr=gold delta_data=561936 userid=1265 source=enhance time=2013-04-08_14:12:47.724153
[profile_attr] old_data=65834079 delta_type=0 attr=gold delta_data=561936 userid=1265 source=enhance time=2013-04-08_14:12:48.446651
[profile_attr] old_data=65272143 delta_type=0 attr=gold delta_data=561936 userid=1265 source=enhance time=2013-04-08_14:12:49.141304
[profile_attr] old_data=64710207 delta_type=0 attr=gold delta_data=561936 userid=1265 source=enhance time=2013-04-08_14:12:49.912300
[profile_attr] old_data=64148271 delta_type=0 attr=gold delta_data=561936 userid=1265 source=enhance time=2013-04-08_14:12:50.674014
[profile_attr] old_data=63586335 delta_type=0 attr=gold delta_data=561936 userid=1265 source=enhance time=2013-04-08_14:12:51.392827
[profile_attr] old_data=63024399 delta_type=0 attr=gold delta_data=561936 userid=1265 source=enhance time=2013-04-08_14:12:52.147400
[profile_attr] old_data=62462463 delta_type=0 attr=gold delta_data=561936 userid=1265 source=enhance time=2013-04-08_14:12:52.874090
[profile_attr] old_data=61900527 delta_type=0 attr=gold delta_data=561936 userid=1265 source=enhance time=2013-04-08_14:12:53.496755
[profile_attr] old_data=61338591 delta_type=0 attr=gold delta_data=561936 userid=1265 source=enhance time=2013-04-08_14:12:54.310467
[profile_attr] old_data=60776655 delta_type=0 attr=gold delta_data=561936 userid=1265 source=enhance time=2013-04-08_14:12:55.090604
[profile_attr] old_data=60214719 delta_type=0 attr=gold delta_data=561936 userid=1265 source=enhance time=2013-04-08_14:12:55.706405
[profile_attr] old_data=59652783 delta_type=0 attr=gold delta_data=561936 userid=1265 source=enhance time=2013-04-08_14:12:56.258619
[profile_attr] old_data=59090847 delta_type=0 attr=gold delta_data=561936 userid=1265 source=enhance time=2013-04-08_14:12:56.825851
[profile_attr] old_data=58528911 delta_type=0 attr=gold delta_data=561936 userid=1265 source=enhance time=2013-04-08_14:12:57.594591
[profile_attr] old_data=57966975 delta_type=0 attr=gold delta_data=561936 userid=1265 source=enhance time=2013-04-08_14:12:58.411454
[profile_attr] old_data=57405039 delta_type=0 attr=gold delta_data=561936 userid=1265 source=enhance time=2013-04-08_14:12:59.212303
[profile_attr] old_data=56843103 delta_type=0 attr=gold delta_data=561936 userid=1265 source=enhance time=2013-04-08_14:12:59.843465
[profile_attr] old_data=56281167 delta_type=0 attr=gold delta_data=561936 userid=1265 source=enhance time=2013-04-08_14:13:00.575272
[profile_attr] old_data=55719231 delta_type=0 attr=gold delta_data=561936 userid=1265 source=enhance time=2013-04-08_14:13:01.131419
[profile_attr] old_data=55157295 delta_type=0 attr=gold delta_data=561936 userid=1265 source=enhance time=2013-04-08_14:13:01.892850
[profile_attr] old_data=54595359 delta_type=0 attr=gold delta_data=561936 userid=1265 source=enhance time=2013-04-08_14:13:02.576267
[profile_attr] old_data=99929 delta_type=0 attr=attr_10 delta_data=10 userid=1154 source=enter time=2013-04-08_14:19:50.957831
[profile_attr] old_data=342599 delta_type=1 attr=attr_1 delta_data=52600 userid=1154 source=dump_data time=2013-04-08_14:20:41.649769
[profile_attr] old_data=1098189431 delta_type=1 attr=gold delta_data=2808 userid=1154 source=dump_data time=2013-04-08_14:20:41.650544
[profile_attr] old_data=45600 delta_type=1 attr=hp delta_data=-2638 userid=1154 source=dump_data time=2013-04-08_14:20:41.651077
[profile_attr] old_data=1 delta_type=1 attr=mount_status delta_data=-1 userid=1154 source=dump_data time=2013-04-08_14:20:41.651818
[profile_attr] old_data=1098192239 delta_type=1 attr=gold delta_data=1440000 userid=1154 source=dump_data time=2013-04-08_14:21:31.129434
[profile_attr] old_data=42962 delta_type=1 attr=hp delta_data=2638 userid=1154 source=dump_data time=2013-04-08_14:21:31.130345
[profile_attr] old_data=0 delta_type=1 attr=mount_status delta_data=1 userid=1154 source=dump_data time=2013-04-08_14:21:31.131125
[profile_attr] old_data=99919 delta_type=0 attr=attr_10 delta_data=10 userid=1154 source=enter time=2013-04-08_14:21:35.107573
[profile_attr] old_data=1099632239 delta_type=1 attr=gold delta_data=847 userid=1154 source=dump_data time=2013-04-08_14:23:31.228094
[profile_attr] old_data=45600 delta_type=1 attr=hp delta_data=-45600 userid=1154 source=dump_data time=2013-04-08_14:23:31.228649
[profile_attr] old_data=1 delta_type=1 attr=mount_status delta_data=-1 userid=1154 source=dump_data time=2013-04-08_14:23:31.229406
[profile_attr] old_data=0 delta_type=1 attr=hp delta_data=45600 userid=1154 source=dump_data time=2013-04-08_14:23:34.458948
[profile_attr] old_data=999999 delta_type=0 attr=token delta_data=35442 userid=1265 source=multi_buy time=2013-04-08_14:27:05.227013
[profile_attr] old_data=54033423 delta_type=0 attr=gold delta_data=561936 userid=1265 source=enhance time=2013-04-08_14:27:18.489507
[profile_attr] old_data=53471487 delta_type=0 attr=gold delta_data=561936 userid=1265 source=enhance time=2013-04-08_14:27:19.741047
[profile_attr] old_data=52909551 delta_type=0 attr=gold delta_data=561936 userid=1265 source=enhance time=2013-04-08_14:27:20.508207
[profile_attr] old_data=52347615 delta_type=0 attr=gold delta_data=561936 userid=1265 source=enhance time=2013-04-08_14:27:21.224838
[profile_attr] old_data=51785679 delta_type=0 attr=gold delta_data=561936 userid=1265 source=enhance time=2013-04-08_14:27:22.511671
[profile_attr] old_data=51223743 delta_type=0 attr=gold delta_data=561936 userid=1265 source=enhance time=2013-04-08_14:27:23.590316
[profile_attr] old_data=50661807 delta_type=0 attr=gold delta_data=561936 userid=1265 source=enhance time=2013-04-08_14:27:24.574911
[profile_attr] old_data=50099871 delta_type=0 attr=gold delta_data=561936 userid=1265 source=enhance time=2013-04-08_14:27:25.892188
[profile_attr] old_data=49537935 delta_type=0 attr=gold delta_data=561936 userid=1265 source=enhance time=2013-04-08_14:27:27.391620
[profile_attr] old_data=48975999 delta_type=0 attr=gold delta_data=561936 userid=1265 source=enhance time=2013-04-08_14:27:28.857487
[profile_attr] old_data=48414063 delta_type=0 attr=gold delta_data=561936 userid=1265 source=enhance time=2013-04-08_14:29:23.908505
[profile_attr] old_data=47852127 delta_type=0 attr=gold delta_data=561936 userid=1265 source=enhance time=2013-04-08_14:29:24.567538
[profile_attr] old_data=47290191 delta_type=0 attr=gold delta_data=561936 userid=1265 source=enhance time=2013-04-08_14:29:25.251292
[profile_attr] old_data=46728255 delta_type=0 attr=gold delta_data=561936 userid=1265 source=enhance time=2013-04-08_14:29:25.901186
[profile_attr] old_data=46166319 delta_type=0 attr=gold delta_data=561936 userid=1265 source=enhance time=2013-04-08_14:29:26.623618
[profile_attr] old_data=45604383 delta_type=0 attr=gold delta_data=561936 userid=1265 source=enhance time=2013-04-08_14:29:27.367498
[profile_attr] old_data=45042447 delta_type=0 attr=gold delta_data=561936 userid=1265 source=enhance time=2013-04-08_14:29:28.039540
[profile_attr] old_data=44480511 delta_type=0 attr=gold delta_data=561936 userid=1265 source=enhance time=2013-04-08_14:29:28.685307
[profile_attr] old_data=43918575 delta_type=0 attr=gold delta_data=561936 userid=1265 source=enhance time=2013-04-08_14:29:29.306255
[profile_attr] old_data=43356639 delta_type=0 attr=gold delta_data=561936 userid=1265 source=enhance time=2013-04-08_14:29:29.869372
[profile_attr] old_data=42794703 delta_type=0 attr=gold delta_data=561936 userid=1265 source=enhance time=2013-04-08_14:29:30.523052
[profile_attr] old_data=42232767 delta_type=0 attr=gold delta_data=561936 userid=1265 source=enhance time=2013-04-08_14:29:31.188012
[profile_attr] old_data=41670831 delta_type=0 attr=gold delta_data=561936 userid=1265 source=enhance time=2013-04-08_14:29:31.801034
[profile_attr] old_data=41108895 delta_type=0 attr=gold delta_data=561936 userid=1265 source=enhance time=2013-04-08_14:29:34.420526
[profile_attr] old_data=40546959 delta_type=0 attr=gold delta_data=561936 userid=1265 source=enhance time=2013-04-08_14:29:35.283144
[profile_attr] old_data=39985023 delta_type=0 attr=gold delta_data=561936 userid=1265 source=enhance time=2013-04-08_14:29:36.053646
[profile_attr] old_data=39423087 delta_type=0 attr=gold delta_data=561936 userid=1265 source=enhance time=2013-04-08_14:29:36.804875
[profile_attr] old_data=38861151 delta_type=0 attr=gold delta_data=561936 userid=1265 source=enhance time=2013-04-08_14:29:37.420769
[profile_attr] old_data=38299215 delta_type=0 attr=gold delta_data=561936 userid=1265 source=enhance time=2013-04-08_14:29:38.151931
[profile_attr] old_data=37737279 delta_type=0 attr=gold delta_data=561936 userid=1265 source=enhance time=2013-04-08_14:29:38.867966
[profile_attr] old_data=37175343 delta_type=0 attr=gold delta_data=561936 userid=1265 source=enhance time=2013-04-08_14:29:40.635120
[profile_attr] old_data=36613407 delta_type=0 attr=gold delta_data=561936 userid=1265 source=enhance time=2013-04-08_14:29:41.302676
[profile_attr] old_data=36051471 delta_type=0 attr=gold delta_data=561936 userid=1265 source=enhance time=2013-04-08_14:29:41.920206
[profile_attr] old_data=35489535 delta_type=0 attr=gold delta_data=561936 userid=1265 source=enhance time=2013-04-08_14:29:42.639853
[profile_attr] old_data=34927599 delta_type=0 attr=gold delta_data=561936 userid=1265 source=enhance time=2013-04-08_14:29:43.290868
[profile_attr] old_data=34365663 delta_type=1 attr=gold delta_data=5000 userid=1265 source=dump_data time=2013-04-08_14:34:20.339435
[profile_attr] old_data=1504 delta_type=0 attr=attr_2 delta_data=1 userid=1265 source=action_to_profile time=2013-04-08_14:35:32.256072
[profile_attr] old_data=1503 delta_type=0 attr=attr_2 delta_data=1 userid=1265 source=action_to_profile time=2013-04-08_14:35:32.622766
[profile_attr] old_data=1502 delta_type=0 attr=attr_2 delta_data=1 userid=1265 source=action_to_profile time=2013-04-08_14:35:35.437323
[profile_attr] old_data=1501 delta_type=0 attr=attr_2 delta_data=1 userid=1265 source=action_to_profile time=2013-04-08_14:35:36.356054
[profile_attr] old_data=1500 delta_type=0 attr=attr_2 delta_data=1 userid=1265 source=action_to_profile time=2013-04-08_14:35:38.221531
[profile_attr] old_data=1499 delta_type=0 attr=attr_2 delta_data=1 userid=1265 source=action_to_profile time=2013-04-08_14:35:39.139812
[profile_attr] old_data=1498 delta_type=0 attr=attr_2 delta_data=1 userid=1265 source=action_to_profile time=2013-04-08_14:35:40.755143
[profile_attr] old_data=1497 delta_type=0 attr=attr_2 delta_data=1 userid=1265 source=action_to_profile time=2013-04-08_14:35:41.506707
[profile_attr] old_data=1496 delta_type=0 attr=attr_2 delta_data=1 userid=1265 source=action_to_profile time=2013-04-08_14:35:46.654789
[profile_attr] old_data=1495 delta_type=0 attr=attr_2 delta_data=1 userid=1265 source=action_to_profile time=2013-04-08_14:35:47.006458
[profile_attr] old_data=1494 delta_type=0 attr=attr_2 delta_data=1 userid=1265 source=action_to_profile time=2013-04-08_14:35:48.770818
[profile_attr] old_data=1493 delta_type=0 attr=attr_2 delta_data=1 userid=1265 source=action_to_profile time=2013-04-08_14:35:49.088794
[profile_attr] old_data=1492 delta_type=0 attr=attr_2 delta_data=1 userid=1265 source=action_to_profile time=2013-04-08_14:35:50.355985
[profile_attr] old_data=1491 delta_type=0 attr=attr_2 delta_data=1 userid=1265 source=action_to_profile time=2013-04-08_14:35:50.770200
[profile_attr] old_data=1490 delta_type=0 attr=attr_2 delta_data=1 userid=1265 source=action_to_profile time=2013-04-08_14:35:51.937159
[profile_attr] old_data=1489 delta_type=0 attr=attr_2 delta_data=1 userid=1265 source=action_to_profile time=2013-04-08_14:35:52.236100
[profile_attr] old_data=34370663 delta_type=0 attr=gold delta_data=100 userid=1265 source=mosaic time=2013-04-08_14:36:42.440662
[profile_attr] old_data=34370563 delta_type=0 attr=gold delta_data=100 userid=1265 source=mosaic time=2013-04-08_14:36:43.920570
[profile_attr] old_data=34370463 delta_type=0 attr=gold delta_data=100 userid=1265 source=mosaic time=2013-04-08_14:37:02.704646
[profile_attr] old_data=34370363 delta_type=0 attr=gold delta_data=100 userid=1265 source=mosaic time=2013-04-08_14:37:03.738850
[profile_attr] old_data=34370263 delta_type=0 attr=gold delta_data=100 userid=1265 source=mosaic time=2013-04-08_14:37:06.058895
[profile_attr] old_data=34370163 delta_type=0 attr=gold delta_data=100 userid=1265 source=mosaic time=2013-04-08_14:37:07.205175
[profile_attr] old_data=99909 delta_type=0 attr=attr_10 delta_data=10 userid=1154 source=enter time=2013-04-08_14:37:07.499633
[profile_attr] old_data=34370063 delta_type=0 attr=gold delta_data=100 userid=1265 source=mosaic time=2013-04-08_14:37:13.003780
[profile_attr] old_data=34369963 delta_type=0 attr=gold delta_data=100 userid=1265 source=mosaic time=2013-04-08_14:37:14.287596
[profile_attr] old_data=34369863 delta_type=0 attr=gold delta_data=100 userid=1265 source=mosaic time=2013-04-08_14:37:15.555345
[profile_attr] old_data=34369763 delta_type=0 attr=gold delta_data=100 userid=1265 source=mosaic time=2013-04-08_14:37:16.621111
[profile_attr] old_data=1099633086 delta_type=1 attr=gold delta_data=275 userid=1154 source=dump_data time=2013-04-08_14:37:47.312590
[profile_attr] old_data=45600 delta_type=1 attr=hp delta_data=-160 userid=1154 source=dump_data time=2013-04-08_14:37:47.313602
[profile_attr] old_data=1099633361 delta_type=0 attr=gold delta_data=100 userid=1154 source=mosaic time=2013-04-08_14:37:47.490968
[profile_attr] old_data=40081 delta_type=0 attr=token delta_data=50 userid=1154 source=punch time=2013-04-08_14:37:52.491415
[profile_attr] old_data=40031 delta_type=0 attr=token delta_data=50 userid=1154 source=punch time=2013-04-08_14:37:54.798460
[profile_attr] old_data=39981 delta_type=0 attr=token delta_data=50 userid=1154 source=punch time=2013-04-08_14:37:57.168864
[profile_attr] old_data=77219 delta_type=1 attr=hp delta_data=15700 userid=1265 source=dump_data time=2013-04-08_14:38:54.018439
[profile_attr] old_data=34369663 delta_type=0 attr=gold delta_data=100 userid=1265 source=mosaic time=2013-04-08_14:38:54.186187
[profile_attr] old_data=34369563 delta_type=0 attr=gold delta_data=100 userid=1265 source=mosaic time=2013-04-08_14:38:56.614285
[profile_attr] old_data=34369463 delta_type=0 attr=gold delta_data=100 userid=1265 source=mosaic time=2013-04-08_14:38:59.486150
[profile_attr] old_data=34369363 delta_type=0 attr=gold delta_data=100 userid=1265 source=mosaic time=2013-04-08_14:39:00.766027
[profile_attr] old_data=34369263 delta_type=0 attr=gold delta_data=100 userid=1265 source=mosaic time=2013-04-08_14:39:05.514914
[profile_attr] old_data=34369163 delta_type=0 attr=gold delta_data=100 userid=1265 source=mosaic time=2013-04-08_14:39:06.782069
[profile_attr] old_data=34369063 delta_type=0 attr=gold delta_data=100 userid=1265 source=mosaic time=2013-04-08_14:39:10.384371
[profile_attr] old_data=34368963 delta_type=0 attr=gold delta_data=100 userid=1265 source=mosaic time=2013-04-08_14:39:11.133912
[profile_attr] old_data=34368863 delta_type=0 attr=gold delta_data=100 userid=1265 source=mosaic time=2013-04-08_14:39:12.214722
[profile_attr] old_data=92919 delta_type=1 attr=hp delta_data=-14160 userid=1265 source=dump_data time=2013-04-08_14:39:14.067588
[profile_attr] old_data=34368763 delta_type=0 attr=gold delta_data=100 userid=1265 source=mosaic time=2013-04-08_14:39:14.234518
[profile_attr] old_data=745 delta_type=1 attr=attr_10 delta_data=10 userid=1265 source=reward_by_gametime time=2013-04-08_14:41:42.157470
[profile_attr] old_data=99939 delta_type=1 attr=attr_10 delta_data=10 userid=1318 source=reward_by_gametime time=2013-04-08_14:46:03.272306
[profile_attr] old_data=45440 delta_type=1 attr=hp delta_data=160 userid=1154 source=dump_data time=2013-04-08_14:48:35.616423
[profile_attr] old_data=34368663 delta_type=0 attr=gold delta_data=290000 userid=1265 source=combine time=2013-04-08_14:49:19.026737
[profile_attr] old_data=34078663 delta_type=0 attr=gold delta_data=290000 userid=1265 source=combine time=2013-04-08_14:51:47.770718
[profile_attr] old_data=33788663 delta_type=0 attr=gold delta_data=290000 userid=1265 source=combine time=2013-04-08_14:51:52.804246
[profile_attr] old_data=33498663 delta_type=0 attr=gold delta_data=561936 userid=1265 source=enhance time=2013-04-08_14:52:24.536838
[profile_attr] old_data=32936727 delta_type=0 attr=gold delta_data=561936 userid=1265 source=enhance time=2013-04-08_14:52:25.621381
[profile_attr] old_data=32374791 delta_type=0 attr=gold delta_data=561936 userid=1265 source=enhance time=2013-04-08_14:52:26.262871
[profile_attr] old_data=31812855 delta_type=0 attr=gold delta_data=561936 userid=1265 source=enhance time=2013-04-08_14:52:27.030462
[profile_attr] old_data=31250919 delta_type=0 attr=gold delta_data=561936 userid=1265 source=enhance time=2013-04-08_14:52:27.695885
[profile_attr] old_data=30688983 delta_type=0 attr=gold delta_data=561936 userid=1265 source=enhance time=2013-04-08_14:52:28.578951
[profile_attr] old_data=30127047 delta_type=0 attr=gold delta_data=561936 userid=1265 source=enhance time=2013-04-08_14:52:29.250754
[profile_attr] old_data=29565111 delta_type=0 attr=gold delta_data=561936 userid=1265 source=enhance time=2013-04-08_14:52:29.982345
[profile_attr] old_data=29003175 delta_type=0 attr=gold delta_data=561936 userid=1265 source=enhance time=2013-04-08_14:52:30.680855
[profile_attr] old_data=28441239 delta_type=0 attr=gold delta_data=561936 userid=1265 source=enhance time=2013-04-08_14:52:31.367708
[profile_attr] old_data=27879303 delta_type=0 attr=gold delta_data=561936 userid=1265 source=enhance time=2013-04-08_14:52:31.994600
[profile_attr] old_data=27317367 delta_type=0 attr=gold delta_data=561936 userid=1265 source=enhance time=2013-04-08_14:52:32.662565
[profile_attr] old_data=26755431 delta_type=0 attr=gold delta_data=561936 userid=1265 source=enhance time=2013-04-08_14:52:33.314846
[profile_attr] old_data=26193495 delta_type=0 attr=gold delta_data=561936 userid=1265 source=enhance time=2013-04-08_14:52:33.847921
[profile_attr] old_data=25631559 delta_type=0 attr=gold delta_data=561936 userid=1265 source=enhance time=2013-04-08_14:52:34.517008
[profile_attr] old_data=25069623 delta_type=0 attr=gold delta_data=561936 userid=1265 source=enhance time=2013-04-08_14:52:36.748504
[profile_attr] old_data=24507687 delta_type=0 attr=gold delta_data=561936 userid=1265 source=enhance time=2013-04-08_14:52:37.762547
[profile_attr] old_data=23945751 delta_type=0 attr=gold delta_data=561936 userid=1265 source=enhance time=2013-04-08_14:52:38.783020
[profile_attr] old_data=23383815 delta_type=0 attr=gold delta_data=561936 userid=1265 source=enhance time=2013-04-08_14:52:40.133630
[profile_attr] old_data=22821879 delta_type=0 attr=gold delta_data=561936 userid=1265 source=enhance time=2013-04-08_14:52:40.864238
[profile_attr] old_data=22259943 delta_type=0 attr=gold delta_data=561936 userid=1265 source=enhance time=2013-04-08_14:52:41.596799
[profile_attr] old_data=21698007 delta_type=0 attr=gold delta_data=561936 userid=1265 source=enhance time=2013-04-08_14:52:42.341683
[profile_attr] old_data=21136071 delta_type=0 attr=gold delta_data=561936 userid=1265 source=enhance time=2013-04-08_14:52:43.162614
[profile_attr] old_data=20574135 delta_type=0 attr=gold delta_data=561936 userid=1265 source=enhance time=2013-04-08_14:52:44.014541
[profile_attr] old_data=20012199 delta_type=0 attr=gold delta_data=561936 userid=1265 source=enhance time=2013-04-08_14:52:44.831058
[profile_attr] old_data=19450263 delta_type=0 attr=gold delta_data=561936 userid=1265 source=enhance time=2013-04-08_14:52:45.601058
[profile_attr] old_data=18888327 delta_type=0 attr=gold delta_data=561936 userid=1265 source=enhance time=2013-04-08_14:52:46.212002
[profile_attr] old_data=18326391 delta_type=1 attr=gold delta_data=5000 userid=1265 source=dump_data time=2013-04-08_14:56:22.500013
[profile_attr] old_data=78759 delta_type=1 attr=hp delta_data=-3424 userid=1265 source=dump_data time=2013-04-08_14:56:22.500937
[profile_attr] old_data=40.579180003 delta_type=1 attr=mp delta_data=-0.579180003048 userid=1358 source=dump_data time=2013-04-08_14:57:19.769978
[profile_attr] old_data=0 delta_type=1 attr=attr_1 delta_data=4200 userid=1358 source=dump_data time=2013-04-08_14:59:37.456539
[profile_attr] old_data=0 delta_type=1 attr=attr_1 delta_data=4200 userid=1358 source=dump_data time=2013-04-08_14:59:38.113246
[profile_attr] old_data=200 delta_type=0 attr=attr_10 delta_data=10 userid=1358 source=enter time=2013-04-08_14:59:49.498906
[profile_attr] old_data=75335 delta_type=1 attr=hp delta_data=-2067 userid=1265 source=dump_data time=2013-04-08_14:59:58.520128
