[profile_attr] old_data=48937 delta_type=1 attr=hp delta_data=3947 userid=966 source=dump_data time=2013-04-03_16:05:40.276772
[profile_attr] old_data=0 delta_type=1 attr=mount_status delta_data=1 userid=889 source=dump_data time=2013-04-03_16:06:21.155564
[profile_attr] old_data=8468709 delta_type=1 attr=gold delta_data=243000 userid=889 source=dump_data time=2013-04-03_16:08:08.945893
[profile_attr] old_data=1 delta_type=1 attr=mount_status delta_data=-1 userid=889 source=dump_data time=2013-04-03_16:09:28.913427
[profile_attr] old_data=0 delta_type=1 attr=mount_status delta_data=1 userid=889 source=dump_data time=2013-04-03_16:13:22.485383
[profile_attr] old_data=8711709 delta_type=1 attr=gold delta_data=5000 userid=889 source=dump_data time=2013-04-03_16:16:08.039199
[profile_attr] old_data=4078642 delta_type=0 attr=gold delta_data=2000 userid=1318 source=shortcut_start time=2013-04-03_16:18:32.494150
[profile_attr] old_data=4076642 delta_type=0 attr=gold delta_data=4000 userid=1318 source=shortcut_start time=2013-04-03_16:18:32.507878
[profile_attr] old_data=4072642 delta_type=0 attr=gold delta_data=2000 userid=1318 source=shortcut_start time=2013-04-03_16:18:32.514926
[profile_attr] old_data=4070642 delta_type=0 attr=gold delta_data=2000 userid=1318 source=shortcut_start time=2013-04-03_16:18:32.523370
[profile_attr] old_data=4068642 delta_type=0 attr=gold delta_data=2000 userid=1318 source=shortcut_start time=2013-04-03_16:18:32.531811
[profile_attr] old_data=4066642 delta_type=0 attr=gold delta_data=2000 userid=1318 source=shortcut_start time=2013-04-03_16:18:32.540457
[profile_attr] old_data=4064642 delta_type=0 attr=gold delta_data=2000 userid=1318 source=shortcut_start time=2013-04-03_16:18:32.548683
[profile_attr] old_data=4062642 delta_type=0 attr=gold delta_data=2000 userid=1318 source=shortcut_start time=2013-04-03_16:18:33.917129
[profile_attr] old_data=4060642 delta_type=0 attr=gold delta_data=2000 userid=1318 source=start time=2013-04-03_16:18:36.889145
[profile_attr] old_data=4058642 delta_type=0 attr=gold delta_data=2000 userid=1318 source=start time=2013-04-03_16:18:38.206268
[profile_attr] old_data=4056642 delta_type=1 attr=gold delta_data=1000 userid=1318 source=shortcut_sell time=2013-04-03_16:18:39.717938
[profile_attr] old_data=4057642 delta_type=1 attr=gold delta_data=1000 userid=1318 source=shortcut_sell time=2013-04-03_16:18:39.718071
[profile_attr] old_data=4058642 delta_type=1 attr=gold delta_data=1000 userid=1318 source=shortcut_sell time=2013-04-03_16:18:39.718154
[profile_attr] old_data=4059642 delta_type=1 attr=gold delta_data=1000 userid=1318 source=shortcut_sell time=2013-04-03_16:18:39.718233
[profile_attr] old_data=4060642 delta_type=1 attr=gold delta_data=1000 userid=1318 source=shortcut_sell time=2013-04-03_16:18:39.718309
[profile_attr] old_data=4061642 delta_type=1 attr=gold delta_data=1000 userid=1318 source=shortcut_sell time=2013-04-03_16:18:39.718385
[profile_attr] old_data=1 delta_type=1 attr=mount_status delta_data=-1 userid=889 source=dump_data time=2013-04-03_16:27:40.559009
[profile_attr] old_data=4062642 delta_type=0 attr=gold delta_data=2000 userid=1318 source=start time=2013-04-03_16:32:52.575612
[profile_attr] old_data=4060642 delta_type=0 attr=gold delta_data=2000 userid=1318 source=start time=2013-04-03_16:32:53.587649
[profile_attr] old_data=4058642 delta_type=0 attr=gold delta_data=4000 userid=1318 source=shortcut_start time=2013-04-03_16:32:54.957247
[profile_attr] old_data=4054642 delta_type=0 attr=gold delta_data=6000 userid=1318 source=shortcut_start time=2013-04-03_16:32:54.965964
[profile_attr] old_data=4048642 delta_type=0 attr=gold delta_data=4000 userid=1318 source=shortcut_start time=2013-04-03_16:32:54.974703
[profile_attr] old_data=4044642 delta_type=0 attr=gold delta_data=6000 userid=1318 source=shortcut_start time=2013-04-03_16:32:54.982427
[profile_attr] old_data=4038642 delta_type=1 attr=gold delta_data=1000 userid=1318 source=shortcut_sell time=2013-04-03_16:32:56.976064
[profile_attr] old_data=4039642 delta_type=0 attr=gold delta_data=8000 userid=1318 source=start time=2013-04-03_16:33:07.592791
[profile_attr] old_data=4031642 delta_type=0 attr=gold delta_data=6000 userid=1318 source=start time=2013-04-03_16:33:08.452580
[profile_attr] old_data=95499 delta_type=0 attr=attr_1 delta_data=12600.0 userid=1318 source=upgrade time=2013-04-03_16:33:27.977919
[profile_attr] old_data=82899 delta_type=0 attr=attr_1 delta_data=16900.0 userid=1318 source=upgrade time=2013-04-03_16:33:30.043564
[profile_attr] old_data=65999 delta_type=0 attr=attr_1 delta_data=21600.0 userid=1318 source=upgrade time=2013-04-03_16:33:31.042142
[profile_attr] old_data=44399 delta_type=0 attr=attr_1 delta_data=26700.0 userid=1318 source=upgrade time=2013-04-03_16:33:32.000531
[profile_attr] old_data=4025642 delta_type=0 attr=gold delta_data=7644 userid=1318 source=enhance time=2013-04-03_16:33:40.722294
[profile_attr] old_data=4017998 delta_type=0 attr=gold delta_data=7644 userid=1318 source=enhance time=2013-04-03_16:33:43.321985
[profile_attr] old_data=4010354 delta_type=0 attr=gold delta_data=7644 userid=1318 source=enhance time=2013-04-03_16:33:44.632004
[profile_attr] old_data=4002710 delta_type=0 attr=gold delta_data=7644 userid=1318 source=enhance time=2013-04-03_16:33:45.709162
[profile_attr] old_data=18802 delta_type=1 attr=hp delta_data=-3220 userid=1269 source=dump_data time=2013-04-03_16:36:13.438701
[profile_attr] old_data=1097862686 delta_type=0 attr=gold delta_data=23171 userid=1154 source=enhance time=2013-04-03_16:36:29.908250
[profile_attr] old_data=1097839515 delta_type=0 attr=gold delta_data=23171 userid=1154 source=enhance time=2013-04-03_16:36:31.188675
[profile_attr] old_data=1097816344 delta_type=0 attr=gold delta_data=23171 userid=1154 source=enhance time=2013-04-03_16:36:32.044227
[profile_attr] old_data=1097793173 delta_type=0 attr=gold delta_data=23171 userid=1154 source=enhance time=2013-04-03_16:36:33.088739
[profile_attr] old_data=1097770002 delta_type=0 attr=gold delta_data=23171 userid=1154 source=enhance time=2013-04-03_16:36:34.002569
[profile_attr] old_data=0 delta_type=1 attr=attr_1 delta_data=4200 userid=1346 source=dump_data time=2013-04-03_16:41:48.719428
[profile_attr] old_data=10000 delta_type=1 attr=gold delta_data=2100 userid=1346 source=dump_data time=2013-04-03_16:41:48.720271
[profile_attr] old_data=40.579180003 delta_type=1 attr=mp delta_data=-0.579180003048 userid=1346 source=dump_data time=2013-04-03_16:41:48.721733
[profile_attr] old_data=200 delta_type=0 attr=attr_10 delta_data=10 userid=1346 source=enter time=2013-04-03_16:41:52.845781
[profile_attr] old_data=32800 delta_type=1 attr=hp delta_data=3600 userid=1282 source=dump_data time=2013-04-03_16:44:44.054883
[profile_attr] old_data=0 delta_type=1 attr=mount_status delta_data=1 userid=889 source=dump_data time=2013-04-03_16:45:49.967937
[profile_attr] old_data=4200 delta_type=1 attr=attr_1 delta_data=6600 userid=1346 source=dump_data time=2013-04-03_16:46:12.848115
[profile_attr] old_data=12100 delta_type=1 attr=gold delta_data=2400 userid=1346 source=dump_data time=2013-04-03_16:46:12.848855
[profile_attr] old_data=14500 delta_type=0 attr=gold delta_data=10 userid=1346 source=enhance time=2013-04-03_16:46:12.908814
[profile_attr] old_data=14490 delta_type=0 attr=gold delta_data=10 userid=1346 source=enhance time=2013-04-03_16:49:32.010080
[profile_attr] old_data=14480 delta_type=0 attr=gold delta_data=10 userid=1346 source=enhance time=2013-04-03_16:49:38.464143
[profile_attr] old_data=14470 delta_type=0 attr=gold delta_data=10 userid=1346 source=enhance time=2013-04-03_16:49:42.990997
[profile_attr] old_data=1 delta_type=1 attr=mount_status delta_data=-1 userid=889 source=dump_data time=2013-04-03_16:49:46.115196
[profile_attr] old_data=14460 delta_type=0 attr=gold delta_data=10 userid=1346 source=enhance time=2013-04-03_16:50:01.128913
[profile_attr] old_data=14450 delta_type=0 attr=gold delta_data=10 userid=1346 source=enhance time=2013-04-03_16:50:03.591637
[profile_attr] old_data=0 delta_type=1 attr=attr_2 delta_data=4 userid=1346 source=dump_data time=2013-04-03_16:52:31.602806
[profile_attr] old_data=10800 delta_type=1 attr=attr_1 delta_data=3100 userid=1346 source=dump_data time=2013-04-03_16:52:31.603568
[profile_attr] old_data=14440 delta_type=1 attr=gold delta_data=1100 userid=1346 source=dump_data time=2013-04-03_16:52:31.604332
[profile_attr] old_data=1 delta_type=1 attr=level delta_data=1 userid=1346 source=dump_data time=2013-04-03_16:52:31.606817
[profile_attr] old_data=200 delta_type=1 attr=hp delta_data=300 userid=1346 source=dump_data time=2013-04-03_16:52:31.607168
[profile_attr] old_data=40 delta_type=1 attr=mp delta_data=2 userid=1346 source=dump_data time=2013-04-03_16:52:31.608168
[profile_attr] old_data=0 delta_type=1 attr=mount_status delta_data=1 userid=889 source=dump_data time=2013-04-03_16:56:08.806998
[profile_attr] old_data=8716709 delta_type=1 attr=gold delta_data=5000 userid=889 source=dump_data time=2013-04-03_16:56:53.084449
[profile_attr] old_data=0 delta_type=1 attr=attr_1 delta_data=4200 userid=1347 source=dump_data time=2013-04-03_16:56:55.751574
[profile_attr] old_data=10000 delta_type=1 attr=gold delta_data=2100 userid=1347 source=dump_data time=2013-04-03_16:56:55.752734
[profile_attr] old_data=40.579180003 delta_type=1 attr=mp delta_data=-0.579180003048 userid=1347 source=dump_data time=2013-04-03_16:56:55.754754
[profile_attr] old_data=200 delta_type=0 attr=attr_10 delta_data=10 userid=1347 source=enter time=2013-04-03_16:56:59.265756
[profile_attr] old_data=0 delta_type=1 attr=attr_2 delta_data=4 userid=1347 source=dump_data time=2013-04-03_16:57:29.201560
[profile_attr] old_data=4200 delta_type=1 attr=attr_1 delta_data=200 userid=1347 source=dump_data time=2013-04-03_16:57:29.202400
[profile_attr] old_data=12100 delta_type=1 attr=gold delta_data=42 userid=1347 source=dump_data time=2013-04-03_16:57:29.203208
[profile_attr] old_data=1 delta_type=1 attr=level delta_data=1 userid=1347 source=dump_data time=2013-04-03_16:57:29.218545
[profile_attr] old_data=200 delta_type=1 attr=hp delta_data=298 userid=1347 source=dump_data time=2013-04-03_16:57:29.218872
[profile_attr] old_data=40 delta_type=1 attr=mp delta_data=2 userid=1347 source=dump_data time=2013-04-03_16:57:29.219853
[profile_attr] old_data=4400 delta_type=1 attr=attr_1 delta_data=6600 userid=1347 source=dump_data time=2013-04-03_16:57:43.364790
[profile_attr] old_data=12142 delta_type=1 attr=gold delta_data=2400 userid=1347 source=dump_data time=2013-04-03_16:57:43.365618
[profile_attr] old_data=498 delta_type=1 attr=hp delta_data=2 userid=1347 source=dump_data time=2013-04-03_16:57:43.366198
[profile_attr] old_data=14542 delta_type=0 attr=gold delta_data=10 userid=1347 source=enhance time=2013-04-03_16:57:59.999188
[profile_attr] old_data=14532 delta_type=0 attr=gold delta_data=10 userid=1347 source=enhance time=2013-04-03_16:58:05.584629
