[profile_attr] old_data=99749 delta_type=0 attr=attr_10 delta_data=10 userid=1088 source=enter time=2013-04-08_20:04:08.566139
[profile_attr] old_data=66199 delta_type=1 attr=attr_1 delta_data=58100 userid=1088 source=dump_data time=2013-04-08_20:08:00.329444
[profile_attr] old_data=45169586 delta_type=1 attr=gold delta_data=8606 userid=1088 source=dump_data time=2013-04-08_20:08:00.330427
[profile_attr] old_data=41213 delta_type=1 attr=hp delta_data=-131 userid=1088 source=dump_data time=2013-04-08_20:08:00.330944
[profile_attr] old_data=41082 delta_type=1 attr=hp delta_data=131 userid=1088 source=dump_data time=2013-04-08_20:08:45.365799
[profile_attr] old_data=99739 delta_type=0 attr=attr_10 delta_data=10 userid=1088 source=enter time=2013-04-08_20:08:48.159168
[profile_attr] old_data=160 delta_type=0 attr=attr_10 delta_data=10 userid=1317 source=enter time=2013-04-08_20:10:43.776364
[profile_attr] old_data=541075 delta_type=1 attr=gold delta_data=141 userid=1317 source=dump_data time=2013-04-08_20:11:28.615809
[profile_attr] old_data=11520 delta_type=1 attr=hp delta_data=-7 userid=1317 source=dump_data time=2013-04-08_20:11:28.616381
[profile_attr] old_data=11513 delta_type=1 attr=hp delta_data=7 userid=1317 source=dump_data time=2013-04-08_20:11:34.501003
[profile_attr] old_data=170 delta_type=0 attr=attr_10 delta_data=10 userid=1357 source=enter time=2013-04-08_20:12:32.015304
[profile_attr] old_data=124299 delta_type=1 attr=attr_1 delta_data=58100 userid=1088 source=dump_data time=2013-04-08_20:13:19.558209
[profile_attr] old_data=45178192 delta_type=1 attr=gold delta_data=12981 userid=1088 source=dump_data time=2013-04-08_20:13:19.559612
[profile_attr] old_data=41213 delta_type=1 attr=hp delta_data=-4093 userid=1088 source=dump_data time=2013-04-08_20:13:19.560581
[profile_attr] old_data=37120 delta_type=1 attr=hp delta_data=4093 userid=1088 source=dump_data time=2013-04-08_20:13:27.805847
[profile_attr] old_data=99729 delta_type=0 attr=attr_10 delta_data=10 userid=1088 source=enter time=2013-04-08_20:13:31.164133
[profile_attr] old_data=182399 delta_type=1 attr=attr_1 delta_data=56000 userid=1088 source=dump_data time=2013-04-08_20:14:43.725359
[profile_attr] old_data=45191173 delta_type=1 attr=gold delta_data=6593 userid=1088 source=dump_data time=2013-04-08_20:14:43.726181
[profile_attr] old_data=41213 delta_type=1 attr=hp delta_data=-7346 userid=1088 source=dump_data time=2013-04-08_20:14:43.726755
[profile_attr] old_data=33867 delta_type=1 attr=hp delta_data=7346 userid=1088 source=dump_data time=2013-04-08_20:14:50.696237
[profile_attr] old_data=99719 delta_type=0 attr=attr_10 delta_data=10 userid=1088 source=enter time=2013-04-08_20:14:54.327412
[profile_attr] old_data=21113 delta_type=1 attr=gold delta_data=68 userid=1357 source=dump_data time=2013-04-08_20:15:47.022799
[profile_attr] old_data=1525 delta_type=1 attr=hp delta_data=-1525 userid=1357 source=dump_data time=2013-04-08_20:15:47.023436
[profile_attr] old_data=238399 delta_type=1 attr=attr_1 delta_data=53300 userid=1088 source=dump_data time=2013-04-08_20:16:17.329655
[profile_attr] old_data=45197766 delta_type=1 attr=gold delta_data=3439 userid=1088 source=dump_data time=2013-04-08_20:16:17.330420
[profile_attr] old_data=41213 delta_type=1 attr=hp delta_data=-1763 userid=1088 source=dump_data time=2013-04-08_20:16:17.330935
[profile_attr] old_data=40.579180003 delta_type=1 attr=mp delta_data=-0.579180003048 userid=1364 source=dump_data time=2013-04-08_20:17:21.806990
[profile_attr] old_data=200 delta_type=0 attr=attr_10 delta_data=10 userid=594 source=enter time=2013-04-08_20:19:20.922085
[profile_attr] old_data=8551252 delta_type=1 attr=attr_1 delta_data=200 userid=594 source=dump_data time=2013-04-08_20:19:42.032343
[profile_attr] old_data=1811876331 delta_type=1 attr=gold delta_data=58 userid=594 source=dump_data time=2013-04-08_20:19:42.033111
[profile_attr] old_data=8551452 delta_type=1 attr=attr_1 delta_data=3300 userid=594 source=dump_data time=2013-04-08_20:20:00.539333
[profile_attr] old_data=1811876389 delta_type=1 attr=gold delta_data=1200 userid=594 source=dump_data time=2013-04-08_20:20:00.540130
[profile_attr] old_data=0 delta_type=1 attr=mount_status delta_data=1 userid=594 source=dump_data time=2013-04-08_20:20:00.541316
[profile_attr] old_data=8105 delta_type=0 attr=token delta_data=50 userid=594 source=enlarge_package time=2013-04-08_20:20:00.680854
[profile_attr] old_data=8055 delta_type=0 attr=token delta_data=50 userid=594 source=enlarge_package time=2013-04-08_20:20:00.680991
[profile_attr] old_data=8005 delta_type=0 attr=token delta_data=50 userid=594 source=enlarge_package time=2013-04-08_20:20:00.681112
[profile_attr] old_data=7955 delta_type=0 attr=token delta_data=50 userid=594 source=enlarge_package time=2013-04-08_20:20:00.681220
[profile_attr] old_data=7905 delta_type=0 attr=token delta_data=50 userid=594 source=enlarge_package time=2013-04-08_20:20:00.681332
[profile_attr] old_data=7855 delta_type=0 attr=token delta_data=55 userid=594 source=enlarge_package time=2013-04-08_20:20:00.681442
[profile_attr] old_data=7800 delta_type=0 attr=token delta_data=55 userid=594 source=enlarge_package time=2013-04-08_20:20:00.681549
[profile_attr] old_data=7745 delta_type=0 attr=token delta_data=55 userid=594 source=enlarge_package time=2013-04-08_20:20:00.681658
[profile_attr] old_data=7690 delta_type=0 attr=token delta_data=55 userid=594 source=enlarge_package time=2013-04-08_20:20:00.681765
[profile_attr] old_data=7635 delta_type=0 attr=token delta_data=55 userid=594 source=enlarge_package time=2013-04-08_20:20:00.681871
[profile_attr] old_data=7580 delta_type=0 attr=token delta_data=55 userid=594 source=enlarge_package time=2013-04-08_20:20:00.681988
[profile_attr] old_data=7525 delta_type=0 attr=token delta_data=55 userid=594 source=enlarge_package time=2013-04-08_20:20:00.682096
[profile_attr] old_data=7470 delta_type=0 attr=token delta_data=55 userid=594 source=enlarge_package time=2013-04-08_20:20:00.682201
[profile_attr] old_data=7415 delta_type=0 attr=token delta_data=55 userid=594 source=enlarge_package time=2013-04-08_20:20:00.682307
[profile_attr] old_data=7360 delta_type=0 attr=token delta_data=55 userid=594 source=enlarge_package time=2013-04-08_20:20:00.682485
[profile_attr] old_data=7305 delta_type=0 attr=token delta_data=60 userid=594 source=enlarge_package time=2013-04-08_20:20:00.682651
[profile_attr] old_data=7245 delta_type=0 attr=token delta_data=60 userid=594 source=enlarge_package time=2013-04-08_20:20:00.682762
[profile_attr] old_data=7185 delta_type=0 attr=token delta_data=60 userid=594 source=enlarge_package time=2013-04-08_20:20:00.682872
[profile_attr] old_data=7125 delta_type=0 attr=token delta_data=60 userid=594 source=enlarge_package time=2013-04-08_20:20:00.682988
[profile_attr] old_data=7065 delta_type=0 attr=token delta_data=60 userid=594 source=enlarge_package time=2013-04-08_20:20:00.683096
[profile_attr] old_data=7005 delta_type=0 attr=token delta_data=60 userid=594 source=enlarge_package time=2013-04-08_20:20:00.683202
[profile_attr] old_data=6945 delta_type=0 attr=token delta_data=60 userid=594 source=enlarge_package time=2013-04-08_20:20:00.683311
[profile_attr] old_data=6885 delta_type=0 attr=token delta_data=60 userid=594 source=enlarge_package time=2013-04-08_20:20:00.683421
[profile_attr] old_data=6825 delta_type=0 attr=token delta_data=60 userid=594 source=enlarge_package time=2013-04-08_20:20:00.683528
[profile_attr] old_data=6765 delta_type=0 attr=token delta_data=60 userid=594 source=enlarge_package time=2013-04-08_20:20:00.683635
[profile_attr] old_data=6705 delta_type=0 attr=token delta_data=65 userid=594 source=enlarge_package time=2013-04-08_20:20:00.683743
[profile_attr] old_data=6640 delta_type=0 attr=token delta_data=65 userid=594 source=enlarge_package time=2013-04-08_20:20:00.683850
[profile_attr] old_data=6575 delta_type=0 attr=token delta_data=65 userid=594 source=enlarge_package time=2013-04-08_20:20:00.683968
[profile_attr] old_data=6510 delta_type=0 attr=token delta_data=65 userid=594 source=enlarge_package time=2013-04-08_20:20:00.684111
[profile_attr] old_data=6445 delta_type=0 attr=token delta_data=65 userid=594 source=enlarge_package time=2013-04-08_20:20:00.684222
[profile_attr] old_data=8554752 delta_type=1 attr=attr_1 delta_data=3300 userid=594 source=dump_data time=2013-04-08_20:20:23.073398
[profile_attr] old_data=1811877589 delta_type=1 attr=gold delta_data=1200 userid=594 source=dump_data time=2013-04-08_20:20:23.074178
[profile_attr] old_data=1811878789 delta_type=0 attr=gold delta_data=1254767 userid=594 source=enhance time=2013-04-08_20:20:23.253145
[profile_attr] old_data=1810624022 delta_type=0 attr=gold delta_data=1254767 userid=594 source=enhance time=2013-04-08_20:20:24.269836
[profile_attr] old_data=1809369255 delta_type=0 attr=gold delta_data=1254767 userid=594 source=enhance time=2013-04-08_20:20:25.275709
[profile_attr] old_data=1808114488 delta_type=0 attr=gold delta_data=1254767 userid=594 source=enhance time=2013-04-08_20:20:26.182531
[profile_attr] old_data=1806859721 delta_type=0 attr=gold delta_data=1254767 userid=594 source=enhance time=2013-04-08_20:20:27.051146
[profile_attr] old_data=8558052 delta_type=1 attr=attr_1 delta_data=3100 userid=594 source=dump_data time=2013-04-08_20:20:33.024087
[profile_attr] old_data=1805604954 delta_type=1 attr=gold delta_data=1100 userid=594 source=dump_data time=2013-04-08_20:20:33.024947
[profile_attr] old_data=190 delta_type=0 attr=attr_10 delta_data=10 userid=594 source=enter time=2013-04-08_20:20:37.161427
[profile_attr] old_data=8561152 delta_type=1 attr=attr_1 delta_data=700 userid=594 source=dump_data time=2013-04-08_20:21:03.900790
[profile_attr] old_data=1805606054 delta_type=1 attr=gold delta_data=90 userid=594 source=dump_data time=2013-04-08_20:21:03.901584
[profile_attr] old_data=1 delta_type=1 attr=mount_status delta_data=-1 userid=594 source=dump_data time=2013-04-08_20:21:03.902788
[profile_attr] old_data=8561852 delta_type=1 attr=attr_1 delta_data=6200 userid=594 source=dump_data time=2013-04-08_20:21:19.317877
[profile_attr] old_data=1805606144 delta_type=1 attr=gold delta_data=2200 userid=594 source=dump_data time=2013-04-08_20:21:19.318861
[profile_attr] old_data=0 delta_type=1 attr=mount_status delta_data=1 userid=594 source=dump_data time=2013-04-08_20:21:19.320500
[profile_attr] old_data=180 delta_type=0 attr=attr_10 delta_data=10 userid=594 source=enter time=2013-04-08_20:21:22.763200
[profile_attr] old_data=595 delta_type=0 attr=attr_10 delta_data=10 userid=1265 source=enter time=2013-04-08_20:21:48.684307
[profile_attr] old_data=8568052 delta_type=1 attr=attr_1 delta_data=1400 userid=594 source=dump_data time=2013-04-08_20:21:54.988797
[profile_attr] old_data=1805608344 delta_type=1 attr=gold delta_data=199 userid=594 source=dump_data time=2013-04-08_20:21:54.989555
[profile_attr] old_data=1 delta_type=1 attr=mount_status delta_data=-1 userid=594 source=dump_data time=2013-04-08_20:21:54.990716
[profile_attr] old_data=278300 delta_type=1 attr=attr_1 delta_data=1400 userid=1265 source=dump_data time=2013-04-08_20:22:30.910844
[profile_attr] old_data=108699193 delta_type=1 attr=gold delta_data=174 userid=1265 source=dump_data time=2013-04-08_20:22:30.911707
[profile_attr] old_data=585 delta_type=0 attr=attr_10 delta_data=10 userid=1265 source=enter time=2013-04-08_20:22:44.490742
[profile_attr] old_data=0 delta_type=1 attr=hp delta_data=1525 userid=1357 source=dump_data time=2013-04-08_20:22:56.774616
[profile_attr] old_data=160 delta_type=0 attr=attr_10 delta_data=10 userid=1357 source=enter time=2013-04-08_20:23:03.003284
[profile_attr] old_data=279700 delta_type=1 attr=attr_1 delta_data=1400 userid=1265 source=dump_data time=2013-04-08_20:23:15.646201
[profile_attr] old_data=108699367 delta_type=1 attr=gold delta_data=209 userid=1265 source=dump_data time=2013-04-08_20:23:15.646964
[profile_attr] old_data=575 delta_type=0 attr=attr_10 delta_data=10 userid=1265 source=enter time=2013-04-08_20:23:29.973539
[profile_attr] old_data=109909 delta_type=1 attr=hp delta_data=-4 userid=1265 source=dump_data time=2013-04-08_20:23:41.349828
[profile_attr] old_data=109905 delta_type=1 attr=hp delta_data=-1 userid=1265 source=dump_data time=2013-04-08_20:23:41.552462
[profile_attr] old_data=109904 delta_type=1 attr=hp delta_data=5 userid=1265 source=dump_data time=2013-04-08_20:23:56.335389
[profile_attr] old_data=8569452 delta_type=1 attr=attr_1 delta_data=3200 userid=594 source=dump_data time=2013-04-08_20:23:58.793770
[profile_attr] old_data=1805608543 delta_type=1 attr=gold delta_data=2100 userid=594 source=dump_data time=2013-04-08_20:23:58.794593
[profile_attr] old_data=0 delta_type=1 attr=mount_status delta_data=1 userid=594 source=dump_data time=2013-04-08_20:23:58.795821
[profile_attr] old_data=565 delta_type=0 attr=attr_10 delta_data=10 userid=1265 source=enter time=2013-04-08_20:24:01.151925
[profile_attr] old_data=170 delta_type=0 attr=attr_10 delta_data=10 userid=594 source=enter time=2013-04-08_20:24:01.364297
[profile_attr] old_data=21181 delta_type=1 attr=gold delta_data=4 userid=1357 source=dump_data time=2013-04-08_20:24:09.637116
[profile_attr] old_data=1525 delta_type=1 attr=hp delta_data=-472 userid=1357 source=dump_data time=2013-04-08_20:24:09.637645
[profile_attr] old_data=109909 delta_type=1 attr=hp delta_data=-149 userid=1265 source=dump_data time=2013-04-08_20:24:19.437744
[profile_attr] old_data=109760 delta_type=1 attr=hp delta_data=149 userid=1265 source=dump_data time=2013-04-08_20:24:38.882701
[profile_attr] old_data=555 delta_type=0 attr=attr_10 delta_data=10 userid=1265 source=enter time=2013-04-08_20:24:43.873923
[profile_attr] old_data=109909 delta_type=1 attr=hp delta_data=-181 userid=1265 source=dump_data time=2013-04-08_20:24:52.134126
[profile_attr] old_data=109728 delta_type=1 attr=hp delta_data=181 userid=1265 source=dump_data time=2013-04-08_20:25:02.692885
[profile_attr] old_data=545 delta_type=0 attr=attr_10 delta_data=10 userid=1265 source=enter time=2013-04-08_20:25:07.580114
[profile_attr] old_data=1805610643 delta_type=1 attr=gold delta_data=201 userid=594 source=dump_data time=2013-04-08_20:25:36.451143
[profile_attr] old_data=1 delta_type=1 attr=mount_status delta_data=-1 userid=594 source=dump_data time=2013-04-08_20:25:36.452570
[profile_attr] old_data=108699576 delta_type=1 attr=gold delta_data=66 userid=1265 source=dump_data time=2013-04-08_20:25:45.490188
[profile_attr] old_data=109909 delta_type=1 attr=hp delta_data=-3262 userid=1265 source=dump_data time=2013-04-08_20:25:45.490745
[profile_attr] old_data=1053 delta_type=1 attr=hp delta_data=472 userid=1357 source=dump_data time=2013-04-08_20:25:47.527844
[profile_attr] old_data=150 delta_type=0 attr=attr_10 delta_data=10 userid=1357 source=enter time=2013-04-08_20:25:53.916752
[profile_attr] old_data=106647 delta_type=1 attr=hp delta_data=3262 userid=1265 source=dump_data time=2013-04-08_20:26:01.003056
[profile_attr] old_data=535 delta_type=0 attr=attr_10 delta_data=10 userid=1265 source=enter time=2013-04-08_20:26:05.630984
[profile_attr] old_data=1488 delta_type=1 attr=attr_2 delta_data=4 userid=1265 source=dump_data time=2013-04-08_20:27:27.769042
[profile_attr] old_data=281100 delta_type=1 attr=attr_1 delta_data=58300 userid=1265 source=dump_data time=2013-04-08_20:27:27.769895
[profile_attr] old_data=108699642 delta_type=1 attr=gold delta_data=8391 userid=1265 source=dump_data time=2013-04-08_20:27:27.770659
[profile_attr] old_data=45 delta_type=1 attr=level delta_data=1 userid=1265 source=dump_data time=2013-04-08_20:27:27.786558
[profile_attr] old_data=109909 delta_type=1 attr=hp delta_data=200 userid=1265 source=dump_data time=2013-04-08_20:27:27.786898
[profile_attr] old_data=256 delta_type=1 attr=mp delta_data=11 userid=1265 source=dump_data time=2013-04-08_20:27:27.787844
[profile_attr] old_data=0 delta_type=1 attr=mount_status delta_data=1 userid=1265 source=dump_data time=2013-04-08_20:27:46.360926
[profile_attr] old_data=525 delta_type=0 attr=attr_10 delta_data=10 userid=1265 source=enter time=2013-04-08_20:27:48.456122
[profile_attr] old_data=25600 delta_type=1 attr=attr_1 delta_data=1400 userid=1357 source=dump_data time=2013-04-08_20:28:59.132141
[profile_attr] old_data=21185 delta_type=1 attr=gold delta_data=365 userid=1357 source=dump_data time=2013-04-08_20:28:59.132884
[profile_attr] old_data=140 delta_type=0 attr=attr_10 delta_data=10 userid=1357 source=enter time=2013-04-08_20:31:48.405251
[profile_attr] old_data=21550 delta_type=1 attr=gold delta_data=59 userid=1357 source=dump_data time=2013-04-08_20:32:29.996315
[profile_attr] old_data=1525 delta_type=1 attr=hp delta_data=-305 userid=1357 source=dump_data time=2013-04-08_20:32:29.996682
[profile_attr] old_data=108708033 delta_type=1 attr=gold delta_data=304 userid=1265 source=dump_data time=2013-04-08_20:33:01.213495
[profile_attr] old_data=110109 delta_type=1 attr=hp delta_data=-110109 userid=1265 source=dump_data time=2013-04-08_20:33:01.214057
[profile_attr] old_data=1 delta_type=1 attr=mount_status delta_data=-1 userid=1265 source=dump_data time=2013-04-08_20:33:01.214972
[profile_attr] old_data=16 delta_type=1 attr=attr_2 delta_data=4 userid=1357 source=dump_data time=2013-04-08_20:34:25.942141
[profile_attr] old_data=5 delta_type=1 attr=level delta_data=5 userid=1357 source=dump_data time=2013-04-08_20:34:25.958897
[profile_attr] old_data=1220 delta_type=1 attr=hp delta_data=1505 userid=1357 source=dump_data time=2013-04-08_20:34:25.959284
[profile_attr] old_data=49 delta_type=1 attr=mp delta_data=11 userid=1357 source=dump_data time=2013-04-08_20:34:25.960259
[profile_attr] old_data=0 delta_type=1 attr=hp delta_data=110109 userid=1265 source=dump_data time=2013-04-08_20:36:30.505337
[profile_attr] old_data=20 delta_type=0 attr=attr_2 delta_data=1 userid=1357 source=action_to_profile time=2013-04-08_20:41:08.137151
[profile_attr] old_data=19 delta_type=0 attr=attr_2 delta_data=1 userid=1357 source=action_to_profile time=2013-04-08_20:41:08.796188
[profile_attr] old_data=27000 delta_type=1 attr=attr_1 delta_data=6400 userid=1357 source=dump_data time=2013-04-08_20:41:19.010411
[profile_attr] old_data=21609 delta_type=1 attr=gold delta_data=2200 userid=1357 source=dump_data time=2013-04-08_20:41:19.011168
[profile_attr] old_data=130 delta_type=0 attr=attr_10 delta_data=10 userid=1357 source=enter time=2013-04-08_20:41:24.574711
[profile_attr] old_data=33400 delta_type=1 attr=attr_1 delta_data=2200 userid=1357 source=dump_data time=2013-04-08_20:45:39.760119
[profile_attr] old_data=23809 delta_type=1 attr=gold delta_data=339 userid=1357 source=dump_data time=2013-04-08_20:45:39.760894
[profile_attr] old_data=35600 delta_type=1 attr=attr_1 delta_data=3200 userid=1357 source=dump_data time=2013-04-08_20:45:50.525018
[profile_attr] old_data=24148 delta_type=1 attr=gold delta_data=1100 userid=1357 source=dump_data time=2013-04-08_20:45:50.525774
[profile_attr] old_data=120 delta_type=0 attr=attr_10 delta_data=10 userid=1357 source=enter time=2013-04-08_20:45:54.303944
[profile_attr] old_data=25248 delta_type=1 attr=gold delta_data=56 userid=1357 source=dump_data time=2013-04-08_20:46:18.106207
[profile_attr] old_data=2725 delta_type=1 attr=hp delta_data=-8 userid=1357 source=dump_data time=2013-04-08_20:46:18.106728
[profile_attr] old_data=2717 delta_type=1 attr=hp delta_data=8 userid=1357 source=dump_data time=2013-04-08_20:49:39.868493
[profile_attr] old_data=110 delta_type=0 attr=attr_10 delta_data=10 userid=1357 source=enter time=2013-04-08_20:49:47.994802
[profile_attr] old_data=38800 delta_type=1 attr=attr_1 delta_data=3200 userid=1357 source=dump_data time=2013-04-08_20:51:19.306000
[profile_attr] old_data=25304 delta_type=1 attr=gold delta_data=405 userid=1357 source=dump_data time=2013-04-08_20:51:19.306811
[profile_attr] old_data=2725 delta_type=1 attr=hp delta_data=-60 userid=1357 source=dump_data time=2013-04-08_20:51:19.307340
[profile_attr] old_data=42000 delta_type=1 attr=attr_1 delta_data=12300 userid=1357 source=dump_data time=2013-04-08_20:51:36.963678
[profile_attr] old_data=25709 delta_type=1 attr=gold delta_data=4800 userid=1357 source=dump_data time=2013-04-08_20:51:36.964443
[profile_attr] old_data=2665 delta_type=1 attr=hp delta_data=60 userid=1357 source=dump_data time=2013-04-08_20:51:36.965015
[profile_attr] old_data=18 delta_type=0 attr=attr_2 delta_data=1 userid=1357 source=action_to_profile time=2013-04-08_20:51:37.035507
[profile_attr] old_data=17 delta_type=0 attr=attr_2 delta_data=1 userid=1357 source=action_to_profile time=2013-04-08_20:51:37.646049
[profile_attr] old_data=16 delta_type=0 attr=attr_2 delta_data=1 userid=1357 source=action_to_profile time=2013-04-08_20:51:38.206815
[profile_attr] old_data=15 delta_type=0 attr=attr_2 delta_data=1 userid=1357 source=action_to_profile time=2013-04-08_20:51:38.805412
[profile_attr] old_data=54300 delta_type=1 attr=attr_1 delta_data=4100 userid=1357 source=dump_data time=2013-04-08_20:51:44.355785
[profile_attr] old_data=30509 delta_type=1 attr=gold delta_data=1600 userid=1357 source=dump_data time=2013-04-08_20:51:44.356581
[profile_attr] old_data=100 delta_type=0 attr=attr_10 delta_data=10 userid=1357 source=enter time=2013-04-08_20:51:49.445405
[profile_attr] old_data=32109 delta_type=1 attr=gold delta_data=45 userid=1357 source=dump_data time=2013-04-08_20:54:03.428723
[profile_attr] old_data=2725 delta_type=1 attr=hp delta_data=-199 userid=1357 source=dump_data time=2013-04-08_20:54:03.429675
[profile_attr] old_data=2526 delta_type=1 attr=hp delta_data=199 userid=1357 source=dump_data time=2013-04-08_20:54:15.396975
[profile_attr] old_data=228973 delta_type=1 attr=hp delta_data=-205173 userid=1334 source=dump_data time=2013-04-08_20:57:51.383112
