[profile_attr] old_data=14522 delta_type=0 attr=gold delta_data=10 userid=1347 source=enhance time=2013-04-03_17:00:01.728193
[profile_attr] old_data=14512 delta_type=0 attr=gold delta_data=10 userid=1347 source=enhance time=2013-04-03_17:03:11.577940
[profile_attr] old_data=0 delta_type=1 attr=attr_1 delta_data=4200 userid=1348 source=dump_data time=2013-04-03_17:05:02.139403
[profile_attr] old_data=10000 delta_type=1 attr=gold delta_data=2100 userid=1348 source=dump_data time=2013-04-03_17:05:02.140202
[profile_attr] old_data=40.579180003 delta_type=1 attr=mp delta_data=-0.579180003048 userid=1348 source=dump_data time=2013-04-03_17:05:02.141584
[profile_attr] old_data=200 delta_type=0 attr=attr_10 delta_data=10 userid=1348 source=enter time=2013-04-03_17:05:07.387392
[profile_attr] old_data=30460 delta_type=1 attr=hp delta_data=-30460 userid=1318 source=dump_data time=2013-04-03_17:06:42.396113
[profile_attr] old_data=0 delta_type=1 attr=attr_2 delta_data=4 userid=1348 source=dump_data time=2013-04-03_17:06:45.747085
[profile_attr] old_data=4200 delta_type=1 attr=attr_1 delta_data=200 userid=1348 source=dump_data time=2013-04-03_17:06:45.747633
[profile_attr] old_data=12100 delta_type=1 attr=gold delta_data=42 userid=1348 source=dump_data time=2013-04-03_17:06:45.748109
[profile_attr] old_data=1 delta_type=1 attr=level delta_data=1 userid=1348 source=dump_data time=2013-04-03_17:06:45.758571
[profile_attr] old_data=200 delta_type=1 attr=hp delta_data=298 userid=1348 source=dump_data time=2013-04-03_17:06:45.758799
[profile_attr] old_data=40 delta_type=1 attr=mp delta_data=2 userid=1348 source=dump_data time=2013-04-03_17:06:45.759407
[profile_attr] old_data=4400 delta_type=1 attr=attr_1 delta_data=3300 userid=1348 source=dump_data time=2013-04-03_17:06:54.565849
[profile_attr] old_data=12142 delta_type=1 attr=gold delta_data=1200 userid=1348 source=dump_data time=2013-04-03_17:06:54.566724
[profile_attr] old_data=498 delta_type=1 attr=hp delta_data=2 userid=1348 source=dump_data time=2013-04-03_17:06:54.567333
[profile_attr] old_data=0 delta_type=1 attr=hp delta_data=30460 userid=1318 source=dump_data time=2013-04-03_17:06:54.597066
[profile_attr] old_data=7700 delta_type=1 attr=attr_1 delta_data=3300 userid=1348 source=dump_data time=2013-04-03_17:08:35.216223
[profile_attr] old_data=13342 delta_type=1 attr=gold delta_data=1200 userid=1348 source=dump_data time=2013-04-03_17:08:35.217128
[profile_attr] old_data=14542 delta_type=0 attr=gold delta_data=10 userid=1348 source=enhance time=2013-04-03_17:08:35.312115
[profile_attr] old_data=0 delta_type=1 attr=attr_1 delta_data=4200 userid=1349 source=dump_data time=2013-04-03_17:14:56.737459
[profile_attr] old_data=10000 delta_type=1 attr=gold delta_data=2100 userid=1349 source=dump_data time=2013-04-03_17:14:56.738453
[profile_attr] old_data=40.579180003 delta_type=1 attr=mp delta_data=-0.579180003048 userid=1349 source=dump_data time=2013-04-03_17:14:56.740478
[profile_attr] old_data=200 delta_type=0 attr=attr_10 delta_data=10 userid=1349 source=enter time=2013-04-03_17:15:04.682661
[profile_attr] old_data=0 delta_type=1 attr=attr_2 delta_data=4 userid=1349 source=dump_data time=2013-04-03_17:15:45.486332
[profile_attr] old_data=4200 delta_type=1 attr=attr_1 delta_data=200 userid=1349 source=dump_data time=2013-04-03_17:15:45.487218
[profile_attr] old_data=12100 delta_type=1 attr=gold delta_data=42 userid=1349 source=dump_data time=2013-04-03_17:15:45.488002
[profile_attr] old_data=1 delta_type=1 attr=level delta_data=1 userid=1349 source=dump_data time=2013-04-03_17:15:45.492797
[profile_attr] old_data=200 delta_type=1 attr=hp delta_data=300 userid=1349 source=dump_data time=2013-04-03_17:15:45.493151
[profile_attr] old_data=40 delta_type=1 attr=mp delta_data=2 userid=1349 source=dump_data time=2013-04-03_17:15:45.494131
[profile_attr] old_data=4400 delta_type=1 attr=attr_1 delta_data=6600 userid=1349 source=dump_data time=2013-04-03_17:16:14.865120
[profile_attr] old_data=12142 delta_type=1 attr=gold delta_data=2400 userid=1349 source=dump_data time=2013-04-03_17:16:14.865933
[profile_attr] old_data=14542 delta_type=0 attr=gold delta_data=10 userid=1349 source=enhance time=2013-04-03_17:16:21.402790
[profile_attr] old_data=99999 delta_type=1 attr=attr_3 delta_data=10000 userid=1282 source=dump_data time=2013-04-03_17:16:42.932541
[profile_attr] old_data=255 delta_type=1 attr=maze_info delta_data=128 userid=1282 source=dump_data time=2013-04-03_17:16:42.934644
[profile_attr] old_data=109999 delta_type=1 attr=attr_3 delta_data=23200 userid=1282 source=dump_data time=2013-04-03_17:17:22.406435
[profile_attr] old_data=383 delta_type=1 attr=maze_info delta_data=128 userid=1282 source=dump_data time=2013-04-03_17:17:22.408483
[profile_attr] old_data=0 delta_type=1 attr=attr_1 delta_data=4200 userid=1350 source=dump_data time=2013-04-03_17:18:57.943510
[profile_attr] old_data=10000 delta_type=1 attr=gold delta_data=2100 userid=1350 source=dump_data time=2013-04-03_17:18:57.944775
[profile_attr] old_data=40.579180003 delta_type=1 attr=mp delta_data=-0.579180003048 userid=1350 source=dump_data time=2013-04-03_17:18:57.947258
[profile_attr] old_data=200 delta_type=0 attr=attr_10 delta_data=10 userid=1350 source=enter time=2013-04-03_17:19:03.358392
[profile_attr] old_data=0 delta_type=1 attr=attr_2 delta_data=4 userid=1350 source=dump_data time=2013-04-03_17:19:39.691252
[profile_attr] old_data=4200 delta_type=1 attr=attr_1 delta_data=200 userid=1350 source=dump_data time=2013-04-03_17:19:39.692465
[profile_attr] old_data=12100 delta_type=1 attr=gold delta_data=42 userid=1350 source=dump_data time=2013-04-03_17:19:39.693735
[profile_attr] old_data=1 delta_type=1 attr=level delta_data=1 userid=1350 source=dump_data time=2013-04-03_17:19:39.696947
[profile_attr] old_data=200 delta_type=1 attr=hp delta_data=300 userid=1350 source=dump_data time=2013-04-03_17:19:39.697500
[profile_attr] old_data=40 delta_type=1 attr=mp delta_data=2 userid=1350 source=dump_data time=2013-04-03_17:19:39.699246
[profile_attr] old_data=4400 delta_type=1 attr=attr_1 delta_data=6600 userid=1350 source=dump_data time=2013-04-03_17:19:58.021553
[profile_attr] old_data=12142 delta_type=1 attr=gold delta_data=2400 userid=1350 source=dump_data time=2013-04-03_17:19:58.022378
[profile_attr] old_data=14542 delta_type=0 attr=gold delta_data=10 userid=1350 source=enhance time=2013-04-03_17:19:58.104730
[profile_attr] old_data=0 delta_type=1 attr=attr_1 delta_data=4200 userid=1351 source=dump_data time=2013-04-03_17:23:52.309132
[profile_attr] old_data=10000 delta_type=1 attr=gold delta_data=2100 userid=1351 source=dump_data time=2013-04-03_17:23:52.309939
[profile_attr] old_data=40.579180003 delta_type=1 attr=mp delta_data=-0.579180003048 userid=1351 source=dump_data time=2013-04-03_17:23:52.312038
[profile_attr] old_data=200 delta_type=0 attr=attr_10 delta_data=10 userid=1351 source=enter time=2013-04-03_17:23:55.789075
[profile_attr] old_data=0 delta_type=1 attr=attr_2 delta_data=4 userid=1351 source=dump_data time=2013-04-03_17:24:27.094848
[profile_attr] old_data=4200 delta_type=1 attr=attr_1 delta_data=200 userid=1351 source=dump_data time=2013-04-03_17:24:27.095612
[profile_attr] old_data=12100 delta_type=1 attr=gold delta_data=42 userid=1351 source=dump_data time=2013-04-03_17:24:27.096456
[profile_attr] old_data=1 delta_type=1 attr=level delta_data=1 userid=1351 source=dump_data time=2013-04-03_17:24:27.099074
[profile_attr] old_data=200 delta_type=1 attr=hp delta_data=300 userid=1351 source=dump_data time=2013-04-03_17:24:27.099388
[profile_attr] old_data=40 delta_type=1 attr=mp delta_data=2 userid=1351 source=dump_data time=2013-04-03_17:24:27.100401
[profile_attr] old_data=4400 delta_type=1 attr=attr_1 delta_data=6600 userid=1351 source=dump_data time=2013-04-03_17:24:57.971783
[profile_attr] old_data=12142 delta_type=1 attr=gold delta_data=2400 userid=1351 source=dump_data time=2013-04-03_17:24:57.972607
[profile_attr] old_data=14542 delta_type=0 attr=gold delta_data=10 userid=1351 source=enhance time=2013-04-03_17:24:58.055617
[profile_attr] old_data=133199 delta_type=1 attr=attr_3 delta_data=38700 userid=1282 source=dump_data time=2013-04-03_17:26:48.876492
[profile_attr] old_data=511 delta_type=1 attr=maze_info delta_data=128 userid=1282 source=dump_data time=2013-04-03_17:26:48.878632
[profile_attr] old_data=171899 delta_type=1 attr=attr_3 delta_data=56100 userid=1282 source=dump_data time=2013-04-03_17:28:27.318434
[profile_attr] old_data=639 delta_type=1 attr=maze_info delta_data=128 userid=1282 source=dump_data time=2013-04-03_17:28:27.320579
[profile_attr] old_data=227999 delta_type=1 attr=attr_3 delta_data=75100 userid=1282 source=dump_data time=2013-04-03_17:29:28.252030
[profile_attr] old_data=767 delta_type=1 attr=maze_info delta_data=128 userid=1282 source=dump_data time=2013-04-03_17:29:28.254367
[profile_attr] old_data=0 delta_type=1 attr=attr_1 delta_data=4200 userid=1352 source=dump_data time=2013-04-03_17:30:18.611313
[profile_attr] old_data=10000 delta_type=1 attr=gold delta_data=2100 userid=1352 source=dump_data time=2013-04-03_17:30:18.612517
[profile_attr] old_data=40.579180003 delta_type=1 attr=mp delta_data=-0.579180003048 userid=1352 source=dump_data time=2013-04-03_17:30:18.614611
[profile_attr] old_data=200 delta_type=0 attr=attr_10 delta_data=10 userid=1352 source=enter time=2013-04-03_17:30:23.117789
[profile_attr] old_data=0 delta_type=1 attr=attr_2 delta_data=4 userid=1352 source=dump_data time=2013-04-03_17:30:52.737960
[profile_attr] old_data=4200 delta_type=1 attr=attr_1 delta_data=200 userid=1352 source=dump_data time=2013-04-03_17:30:52.738703
[profile_attr] old_data=12100 delta_type=1 attr=gold delta_data=42 userid=1352 source=dump_data time=2013-04-03_17:30:52.739476
[profile_attr] old_data=1 delta_type=1 attr=level delta_data=1 userid=1352 source=dump_data time=2013-04-03_17:30:52.742005
[profile_attr] old_data=200 delta_type=1 attr=hp delta_data=300 userid=1352 source=dump_data time=2013-04-03_17:30:52.742345
[profile_attr] old_data=40 delta_type=1 attr=mp delta_data=2 userid=1352 source=dump_data time=2013-04-03_17:30:52.743400
[profile_attr] old_data=4400 delta_type=1 attr=attr_1 delta_data=6600 userid=1352 source=dump_data time=2013-04-03_17:31:08.046350
[profile_attr] old_data=12142 delta_type=1 attr=gold delta_data=2400 userid=1352 source=dump_data time=2013-04-03_17:31:08.047114
[profile_attr] old_data=14542 delta_type=0 attr=gold delta_data=10 userid=1352 source=enhance time=2013-04-03_17:31:08.130738
[profile_attr] old_data=14532 delta_type=0 attr=gold delta_data=10 userid=1352 source=enhance time=2013-04-03_17:31:14.418122
[profile_attr] old_data=14522 delta_type=0 attr=gold delta_data=10 userid=1352 source=enhance time=2013-04-03_17:31:15.749055
[profile_attr] old_data=14512 delta_type=0 attr=gold delta_data=10 userid=1352 source=enhance time=2013-04-03_17:31:16.824668
[profile_attr] old_data=14502 delta_type=0 attr=gold delta_data=10 userid=1352 source=enhance time=2013-04-03_17:31:45.331554
[profile_attr] old_data=303099 delta_type=1 attr=attr_3 delta_data=95600 userid=1282 source=dump_data time=2013-04-03_17:32:34.869698
[profile_attr] old_data=895 delta_type=1 attr=maze_info delta_data=128 userid=1282 source=dump_data time=2013-04-03_17:32:34.871778
[profile_attr] old_data=398699 delta_type=1 attr=attr_3 delta_data=117400 userid=1282 source=dump_data time=2013-04-03_17:33:24.959261
[profile_attr] old_data=36400 delta_type=1 attr=hp delta_data=-223 userid=1282 source=dump_data time=2013-04-03_17:33:24.960980
[profile_attr] old_data=1023 delta_type=1 attr=maze_info delta_data=128 userid=1282 source=dump_data time=2013-04-03_17:33:24.961536
[profile_attr] old_data=516099 delta_type=1 attr=attr_3 delta_data=140400 userid=1282 source=dump_data time=2013-04-03_17:39:54.743550
[profile_attr] old_data=36177 delta_type=1 attr=hp delta_data=-1196 userid=1282 source=dump_data time=2013-04-03_17:39:54.745190
[profile_attr] old_data=1151 delta_type=1 attr=maze_info delta_data=128 userid=1282 source=dump_data time=2013-04-03_17:39:54.745712
[profile_attr] old_data=100000 delta_type=0 attr=gold delta_data=2000 userid=1282 source=combine time=2013-04-03_17:39:54.851713
[profile_attr] old_data=98000 delta_type=0 attr=gold delta_data=2000 userid=1282 source=combine time=2013-04-03_17:39:56.186545
[profile_attr] old_data=96000 delta_type=0 attr=gold delta_data=2000 userid=1282 source=combine time=2013-04-03_17:40:00.924867
[profile_attr] old_data=94000 delta_type=0 attr=gold delta_data=2000 userid=1282 source=combine time=2013-04-03_17:40:03.752298
[profile_attr] old_data=92000 delta_type=0 attr=gold delta_data=2000 userid=1282 source=combine time=2013-04-03_17:40:04.720773
[profile_attr] old_data=90000 delta_type=0 attr=gold delta_data=2000 userid=1282 source=combine time=2013-04-03_17:40:05.550869
[profile_attr] old_data=88000 delta_type=0 attr=gold delta_data=2000 userid=1282 source=combine time=2013-04-03_17:40:06.270777
[profile_attr] old_data=86000 delta_type=0 attr=gold delta_data=2000 userid=1282 source=combine time=2013-04-03_17:40:06.953152
[profile_attr] old_data=84000 delta_type=0 attr=gold delta_data=2000 userid=1282 source=combine time=2013-04-03_17:40:07.687487
[profile_attr] old_data=82000 delta_type=0 attr=gold delta_data=2000 userid=1282 source=combine time=2013-04-03_17:40:10.533940
[profile_attr] old_data=80000 delta_type=0 attr=gold delta_data=2000 userid=1282 source=combine time=2013-04-03_17:40:11.220753
[profile_attr] old_data=78000 delta_type=0 attr=gold delta_data=2000 userid=1282 source=combine time=2013-04-03_17:40:12.002868
[profile_attr] old_data=76000 delta_type=0 attr=gold delta_data=2000 userid=1282 source=combine time=2013-04-03_17:40:14.202650
[profile_attr] old_data=74000 delta_type=0 attr=gold delta_data=2000 userid=1282 source=combine time=2013-04-03_17:40:17.701871
[profile_attr] old_data=72000 delta_type=0 attr=gold delta_data=2000 userid=1282 source=combine time=2013-04-03_17:40:18.285541
[profile_attr] old_data=70000 delta_type=0 attr=gold delta_data=2000 userid=1282 source=combine time=2013-04-03_17:40:19.050885
[profile_attr] old_data=68000 delta_type=0 attr=gold delta_data=2000 userid=1282 source=combine time=2013-04-03_17:40:19.735063
[profile_attr] old_data=66000 delta_type=0 attr=gold delta_data=2000 userid=1282 source=combine time=2013-04-03_17:40:20.467842
[profile_attr] old_data=64000 delta_type=0 attr=gold delta_data=2000 userid=1282 source=combine time=2013-04-03_17:40:21.119917
[profile_attr] old_data=62000 delta_type=0 attr=gold delta_data=2000 userid=1282 source=combine time=2013-04-03_17:40:21.752832
[profile_attr] old_data=60000 delta_type=0 attr=gold delta_data=2000 userid=1282 source=combine time=2013-04-03_17:40:22.434324
[profile_attr] old_data=58000 delta_type=0 attr=gold delta_data=2000 userid=1282 source=combine time=2013-04-03_17:40:23.117973
[profile_attr] old_data=56000 delta_type=0 attr=gold delta_data=2000 userid=1282 source=combine time=2013-04-03_17:40:23.785632
[profile_attr] old_data=54000 delta_type=0 attr=gold delta_data=2000 userid=1282 source=combine time=2013-04-03_17:40:24.925189
[profile_attr] old_data=52000 delta_type=0 attr=gold delta_data=2000 userid=1282 source=combine time=2013-04-03_17:40:25.670930
[profile_attr] old_data=50000 delta_type=0 attr=gold delta_data=2000 userid=1282 source=combine time=2013-04-03_17:40:26.304130
[profile_attr] old_data=48000 delta_type=0 attr=gold delta_data=2000 userid=1282 source=combine time=2013-04-03_17:40:26.989756
[profile_attr] old_data=46000 delta_type=0 attr=gold delta_data=2000 userid=1282 source=combine time=2013-04-03_17:40:27.719403
[profile_attr] old_data=44000 delta_type=0 attr=gold delta_data=2000 userid=1282 source=combine time=2013-04-03_17:40:28.452589
[profile_attr] old_data=42000 delta_type=0 attr=gold delta_data=2000 userid=1282 source=combine time=2013-04-03_17:40:29.118583
[profile_attr] old_data=40000 delta_type=0 attr=gold delta_data=2000 userid=1282 source=combine time=2013-04-03_17:40:29.801689
[profile_attr] old_data=38000 delta_type=0 attr=gold delta_data=2000 userid=1282 source=combine time=2013-04-03_17:40:30.486363
[profile_attr] old_data=36000 delta_type=0 attr=gold delta_data=2000 userid=1282 source=combine time=2013-04-03_17:40:31.183578
[profile_attr] old_data=34000 delta_type=0 attr=gold delta_data=100 userid=1282 source=mosaic time=2013-04-03_17:40:51.850729
[profile_attr] old_data=50000 delta_type=0 attr=token delta_data=50 userid=1282 source=punch time=2013-04-03_17:40:58.737752
[profile_attr] old_data=33900 delta_type=0 attr=gold delta_data=100 userid=1282 source=mosaic time=2013-04-03_17:41:02.035954
[profile_attr] old_data=33800 delta_type=0 attr=gold delta_data=100 userid=1282 source=mosaic time=2013-04-03_17:41:13.719179
[profile_attr] old_data=33700 delta_type=0 attr=gold delta_data=100 userid=1282 source=mosaic time=2013-04-03_17:41:25.651987
[profile_attr] old_data=33600 delta_type=0 attr=gold delta_data=100 userid=1282 source=mosaic time=2013-04-03_17:41:34.521119
[profile_attr] old_data=33500 delta_type=0 attr=gold delta_data=100 userid=1282 source=mosaic time=2013-04-03_17:41:40.998366
[profile_attr] old_data=33400 delta_type=0 attr=gold delta_data=100 userid=1282 source=mosaic time=2013-04-03_17:41:44.682993
[profile_attr] old_data=34981 delta_type=1 attr=hp delta_data=1995 userid=1282 source=dump_data time=2013-04-03_17:42:03.884758
[profile_attr] old_data=656499 delta_type=1 attr=attr_3 delta_data=164500 userid=1282 source=dump_data time=2013-04-03_17:43:30.395409
[profile_attr] old_data=1279 delta_type=1 attr=maze_info delta_data=128 userid=1282 source=dump_data time=2013-04-03_17:43:30.397480
[profile_attr] old_data=820999 delta_type=1 attr=attr_3 delta_data=189600 userid=1282 source=dump_data time=2013-04-03_17:44:33.603155
[profile_attr] old_data=1407 delta_type=1 attr=maze_info delta_data=128 userid=1282 source=dump_data time=2013-04-03_17:44:33.605249
[profile_attr] old_data=1010599 delta_type=1 attr=attr_3 delta_data=215700 userid=1282 source=dump_data time=2013-04-03_17:49:03.496391
[profile_attr] old_data=1535 delta_type=1 attr=maze_info delta_data=128 userid=1282 source=dump_data time=2013-04-03_17:49:03.498507
[profile_attr] old_data=1226299 delta_type=1 attr=attr_3 delta_data=242700 userid=1282 source=dump_data time=2013-04-03_17:51:08.047151
[profile_attr] old_data=1663 delta_type=1 attr=maze_info delta_data=128 userid=1282 source=dump_data time=2013-04-03_17:51:08.049290
[profile_attr] old_data=36976 delta_type=1 attr=hp delta_data=-3187 userid=1282 source=dump_data time=2013-04-03_17:51:32.449178
[profile_attr] old_data=1791 delta_type=1 attr=maze_info delta_data=-8 userid=1282 source=dump_data time=2013-04-03_17:51:32.449784
[profile_attr] old_data=33300 delta_type=0 attr=gold delta_data=4000 userid=1282 source=shortcut_start time=2013-04-03_17:51:32.559318
[profile_attr] old_data=29300 delta_type=0 attr=gold delta_data=2000 userid=1282 source=shortcut_start time=2013-04-03_17:51:32.569019
[profile_attr] old_data=27300 delta_type=0 attr=gold delta_data=2000 userid=1282 source=shortcut_start time=2013-04-03_17:51:32.576076
[profile_attr] old_data=25300 delta_type=0 attr=gold delta_data=2000 userid=1282 source=shortcut_start time=2013-04-03_17:51:32.583777
[profile_attr] old_data=23300 delta_type=0 attr=gold delta_data=4000 userid=1282 source=shortcut_start time=2013-04-03_17:51:32.590595
[profile_attr] old_data=19300 delta_type=0 attr=gold delta_data=2000 userid=1282 source=shortcut_start time=2013-04-03_17:51:32.598062
[profile_attr] old_data=17300 delta_type=0 attr=gold delta_data=2000 userid=1282 source=shortcut_start time=2013-04-03_17:51:32.608780
[profile_attr] old_data=15300 delta_type=0 attr=gold delta_data=2000 userid=1282 source=shortcut_start time=2013-04-03_17:51:32.616676
[profile_attr] old_data=13300 delta_type=0 attr=gold delta_data=4000 userid=1282 source=shortcut_start time=2013-04-03_17:51:32.624609
[profile_attr] old_data=9300 delta_type=0 attr=gold delta_data=2000 userid=1282 source=shortcut_start time=2013-04-03_17:51:32.633268
[profile_attr] old_data=7300 delta_type=0 attr=gold delta_data=4000 userid=1282 source=shortcut_start time=2013-04-03_17:51:32.641508
[profile_attr] old_data=33789 delta_type=1 attr=hp delta_data=-1738 userid=1282 source=dump_data time=2013-04-03_17:51:40.919645
[profile_attr] old_data=1783 delta_type=1 attr=maze_info delta_data=-4 userid=1282 source=dump_data time=2013-04-03_17:51:40.920199
[profile_attr] old_data=3300 delta_type=1 attr=gold delta_data=1000 userid=1282 source=shortcut_sell time=2013-04-03_17:51:41.025374
[profile_attr] old_data=4300 delta_type=1 attr=gold delta_data=1000 userid=1282 source=shortcut_sell time=2013-04-03_17:51:41.025493
[profile_attr] old_data=5300 delta_type=1 attr=gold delta_data=1000 userid=1282 source=shortcut_sell time=2013-04-03_17:51:41.025577
[profile_attr] old_data=6300 delta_type=1 attr=gold delta_data=1000 userid=1282 source=shortcut_sell time=2013-04-03_17:51:41.025658
[profile_attr] old_data=32051 delta_type=1 attr=hp delta_data=1738 userid=1282 source=dump_data time=2013-04-03_17:52:21.234285
[profile_attr] old_data=1779 delta_type=1 attr=maze_info delta_data=-96 userid=1282 source=dump_data time=2013-04-03_17:52:21.235253
[profile_attr] old_data=99999 delta_type=0 attr=attr_1 delta_data=1000.0 userid=1282 source=upgrade time=2013-04-03_17:52:21.347243
[profile_attr] old_data=33789 delta_type=1 attr=hp delta_data=-869 userid=1282 source=dump_data time=2013-04-03_17:52:23.180560
[profile_attr] old_data=98999 delta_type=0 attr=attr_1 delta_data=2900.0 userid=1282 source=upgrade time=2013-04-03_17:52:23.294530
[profile_attr] old_data=32920 delta_type=1 attr=hp delta_data=-1158 userid=1282 source=dump_data time=2013-04-03_17:52:24.775486
[profile_attr] old_data=96099 delta_type=0 attr=attr_1 delta_data=5600.0 userid=1282 source=upgrade time=2013-04-03_17:52:24.876808
[profile_attr] old_data=31762 delta_type=1 attr=hp delta_data=-580 userid=1282 source=dump_data time=2013-04-03_17:52:26.064213
[profile_attr] old_data=90499 delta_type=0 attr=attr_1 delta_data=8800.0 userid=1282 source=upgrade time=2013-04-03_17:52:26.176933
[profile_attr] old_data=31182 delta_type=1 attr=hp delta_data=-869 userid=1282 source=dump_data time=2013-04-03_17:52:27.424258
[profile_attr] old_data=81699 delta_type=0 attr=attr_1 delta_data=12600.0 userid=1282 source=upgrade time=2013-04-03_17:52:27.528854
[profile_attr] old_data=30313 delta_type=1 attr=hp delta_data=-579 userid=1282 source=dump_data time=2013-04-03_17:52:28.566229
[profile_attr] old_data=69099 delta_type=0 attr=attr_1 delta_data=16900.0 userid=1282 source=upgrade time=2013-04-03_17:52:28.677258
[profile_attr] old_data=29734 delta_type=1 attr=hp delta_data=-579 userid=1282 source=dump_data time=2013-04-03_17:52:29.715614
[profile_attr] old_data=52199 delta_type=0 attr=attr_1 delta_data=21600.0 userid=1282 source=upgrade time=2013-04-03_17:52:29.831058
[profile_attr] old_data=29155 delta_type=1 attr=hp delta_data=-869 userid=1282 source=dump_data time=2013-04-03_17:52:31.275783
[profile_attr] old_data=30599 delta_type=0 attr=attr_1 delta_data=26700.0 userid=1282 source=upgrade time=2013-04-03_17:52:31.392958
