[profile_attr] old_data=99919 delta_type=1 attr=attr_10 delta_data=10 userid=1318 source=reward_by_gametime time=2013-04-02_17:01:10.133117
[profile_attr] old_data=4073642 delta_type=0 attr=gold delta_data=2000 userid=1318 source=combine time=2013-04-02_17:01:24.434118
[profile_attr] old_data=4071642 delta_type=0 attr=gold delta_data=2000 userid=1318 source=combine time=2013-04-02_17:01:26.549979
[profile_attr] old_data=4069642 delta_type=0 attr=gold delta_data=2000 userid=1318 source=combine time=2013-04-02_17:01:27.300437
[profile_attr] old_data=4067642 delta_type=0 attr=gold delta_data=2000 userid=1318 source=combine time=2013-04-02_17:01:28.033929
[profile_attr] old_data=4065642 delta_type=0 attr=gold delta_data=2000 userid=1318 source=combine time=2013-04-02_17:01:32.449882
[profile_attr] old_data=4063642 delta_type=0 attr=gold delta_data=2000 userid=1318 source=combine time=2013-04-02_17:01:33.214599
[profile_attr] old_data=4061642 delta_type=0 attr=gold delta_data=2000 userid=1318 source=combine time=2013-04-02_17:01:33.897867
[profile_attr] old_data=4059642 delta_type=0 attr=gold delta_data=2000 userid=1318 source=combine time=2013-04-02_17:01:36.164908
[profile_attr] old_data=48868 delta_type=0 attr=token delta_data=11 userid=1318 source=combine time=2013-04-02_17:01:41.981048
[profile_attr] old_data=4057642 delta_type=0 attr=gold delta_data=2000 userid=1318 source=combine time=2013-04-02_17:01:41.982938
[profile_attr] old_data=48857 delta_type=0 attr=token delta_data=22 userid=1318 source=combine time=2013-04-02_17:01:49.264803
[profile_attr] old_data=4055642 delta_type=0 attr=gold delta_data=2000 userid=1318 source=combine time=2013-04-02_17:01:49.267234
[profile_attr] old_data=0 delta_type=1 attr=attr_2 delta_data=4 userid=1337 source=dump_data time=2013-04-02_17:01:49.586638
[profile_attr] old_data=813300 delta_type=1 attr=attr_1 delta_data=11100 userid=1337 source=dump_data time=2013-04-02_17:01:49.587976
[profile_attr] old_data=161484 delta_type=1 attr=gold delta_data=1980 userid=1337 source=dump_data time=2013-04-02_17:01:49.589392
[profile_attr] old_data=12 delta_type=1 attr=level delta_data=1 userid=1337 source=dump_data time=2013-04-02_17:01:49.593063
[profile_attr] old_data=4425 delta_type=1 attr=hp delta_data=200 userid=1337 source=dump_data time=2013-04-02_17:01:49.593442
[profile_attr] old_data=66 delta_type=1 attr=mp delta_data=3 userid=1337 source=dump_data time=2013-04-02_17:01:49.594451
[profile_attr] old_data=4053642 delta_type=0 attr=gold delta_data=2000 userid=1318 source=combine time=2013-04-02_17:01:53.899427
[profile_attr] old_data=4051642 delta_type=0 attr=gold delta_data=2000 userid=1318 source=combine time=2013-04-02_17:01:56.263940
[profile_attr] old_data=48835 delta_type=0 attr=token delta_data=10 userid=1318 source=combine time=2013-04-02_17:02:00.429127
[profile_attr] old_data=4049642 delta_type=0 attr=gold delta_data=2000 userid=1318 source=combine time=2013-04-02_17:02:00.431335
[profile_attr] old_data=48825 delta_type=0 attr=token delta_data=20 userid=1318 source=enlarge_package time=2013-04-02_17:02:10.961423
[profile_attr] old_data=48805 delta_type=0 attr=token delta_data=20 userid=1318 source=enlarge_package time=2013-04-02_17:02:10.961549
[profile_attr] old_data=48785 delta_type=0 attr=token delta_data=20 userid=1318 source=enlarge_package time=2013-04-02_17:02:10.961657
[profile_attr] old_data=48765 delta_type=0 attr=token delta_data=20 userid=1318 source=enlarge_package time=2013-04-02_17:02:10.961759
[profile_attr] old_data=48745 delta_type=0 attr=token delta_data=20 userid=1318 source=enlarge_package time=2013-04-02_17:02:10.961861
[profile_attr] old_data=48725 delta_type=0 attr=token delta_data=25 userid=1318 source=enlarge_package time=2013-04-02_17:02:10.961976
[profile_attr] old_data=48700 delta_type=0 attr=token delta_data=25 userid=1318 source=enlarge_package time=2013-04-02_17:02:10.962089
[profile_attr] old_data=48675 delta_type=0 attr=token delta_data=25 userid=1318 source=enlarge_package time=2013-04-02_17:02:10.962191
[profile_attr] old_data=48650 delta_type=0 attr=token delta_data=25 userid=1318 source=enlarge_package time=2013-04-02_17:02:10.962293
[profile_attr] old_data=48625 delta_type=0 attr=token delta_data=25 userid=1318 source=enlarge_package time=2013-04-02_17:02:10.962394
[profile_attr] old_data=48600 delta_type=0 attr=token delta_data=25 userid=1318 source=enlarge_package time=2013-04-02_17:02:10.962495
[profile_attr] old_data=48575 delta_type=0 attr=token delta_data=25 userid=1318 source=enlarge_package time=2013-04-02_17:02:10.962597
[profile_attr] old_data=48550 delta_type=0 attr=token delta_data=25 userid=1318 source=enlarge_package time=2013-04-02_17:02:10.962698
[profile_attr] old_data=48525 delta_type=0 attr=token delta_data=25 userid=1318 source=enlarge_package time=2013-04-02_17:02:10.962799
[profile_attr] old_data=48500 delta_type=0 attr=token delta_data=25 userid=1318 source=enlarge_package time=2013-04-02_17:02:10.962899
[profile_attr] old_data=48475 delta_type=0 attr=token delta_data=30 userid=1318 source=enlarge_package time=2013-04-02_17:02:10.963042
[profile_attr] old_data=48445 delta_type=0 attr=token delta_data=30 userid=1318 source=enlarge_package time=2013-04-02_17:02:10.963145
[profile_attr] old_data=48415 delta_type=0 attr=token delta_data=30 userid=1318 source=enlarge_package time=2013-04-02_17:02:10.963273
[profile_attr] old_data=48385 delta_type=0 attr=token delta_data=30 userid=1318 source=enlarge_package time=2013-04-02_17:02:10.963375
[profile_attr] old_data=48355 delta_type=0 attr=token delta_data=30 userid=1318 source=enlarge_package time=2013-04-02_17:02:10.963477
[profile_attr] old_data=48325 delta_type=0 attr=token delta_data=30 userid=1318 source=enlarge_package time=2013-04-02_17:02:10.963580
[profile_attr] old_data=48295 delta_type=0 attr=token delta_data=30 userid=1318 source=enlarge_package time=2013-04-02_17:02:10.963681
[profile_attr] old_data=48265 delta_type=0 attr=token delta_data=30 userid=1318 source=enlarge_package time=2013-04-02_17:02:10.963782
[profile_attr] old_data=48235 delta_type=0 attr=token delta_data=30 userid=1318 source=enlarge_package time=2013-04-02_17:02:10.963882
[profile_attr] old_data=48205 delta_type=0 attr=token delta_data=30 userid=1318 source=enlarge_package time=2013-04-02_17:02:10.964024
[profile_attr] old_data=48175 delta_type=0 attr=token delta_data=35 userid=1318 source=enlarge_package time=2013-04-02_17:02:10.964126
[profile_attr] old_data=48140 delta_type=0 attr=token delta_data=35 userid=1318 source=enlarge_package time=2013-04-02_17:02:10.964227
[profile_attr] old_data=48105 delta_type=0 attr=token delta_data=35 userid=1318 source=enlarge_package time=2013-04-02_17:02:10.964328
[profile_attr] old_data=48070 delta_type=0 attr=token delta_data=35 userid=1318 source=enlarge_package time=2013-04-02_17:02:10.964429
[profile_attr] old_data=48035 delta_type=0 attr=token delta_data=35 userid=1318 source=enlarge_package time=2013-04-02_17:02:10.964530
[profile_attr] old_data=48000 delta_type=0 attr=token delta_data=35 userid=1318 source=enlarge_package time=2013-04-02_17:02:10.964630
[profile_attr] old_data=47965 delta_type=0 attr=token delta_data=35 userid=1318 source=enlarge_package time=2013-04-02_17:02:10.964731
[profile_attr] old_data=47930 delta_type=0 attr=token delta_data=35 userid=1318 source=enlarge_package time=2013-04-02_17:02:10.964831
[profile_attr] old_data=47895 delta_type=0 attr=token delta_data=35 userid=1318 source=enlarge_package time=2013-04-02_17:02:10.964932
[profile_attr] old_data=47860 delta_type=0 attr=token delta_data=35 userid=1318 source=enlarge_package time=2013-04-02_17:02:10.965061
[profile_attr] old_data=47825 delta_type=0 attr=token delta_data=40 userid=1318 source=enlarge_package time=2013-04-02_17:02:10.965163
[profile_attr] old_data=47785 delta_type=0 attr=token delta_data=40 userid=1318 source=enlarge_package time=2013-04-02_17:02:10.965264
[profile_attr] old_data=47745 delta_type=0 attr=token delta_data=40 userid=1318 source=enlarge_package time=2013-04-02_17:02:10.965365
[profile_attr] old_data=47705 delta_type=0 attr=token delta_data=40 userid=1318 source=enlarge_package time=2013-04-02_17:02:10.965465
[profile_attr] old_data=47665 delta_type=0 attr=token delta_data=40 userid=1318 source=enlarge_package time=2013-04-02_17:02:10.965567
[profile_attr] old_data=47625 delta_type=0 attr=token delta_data=40 userid=1318 source=enlarge_package time=2013-04-02_17:02:10.965667
[profile_attr] old_data=47585 delta_type=0 attr=token delta_data=40 userid=1318 source=enlarge_package time=2013-04-02_17:02:10.965768
[profile_attr] old_data=47545 delta_type=0 attr=token delta_data=40 userid=1318 source=enlarge_package time=2013-04-02_17:02:10.965869
[profile_attr] old_data=47505 delta_type=0 attr=token delta_data=40 userid=1318 source=enlarge_package time=2013-04-02_17:02:10.965997
[profile_attr] old_data=47465 delta_type=0 attr=token delta_data=40 userid=1318 source=enlarge_package time=2013-04-02_17:02:10.966107
[profile_attr] old_data=47425 delta_type=0 attr=token delta_data=45 userid=1318 source=enlarge_package time=2013-04-02_17:02:10.966208
[profile_attr] old_data=47380 delta_type=0 attr=token delta_data=45 userid=1318 source=enlarge_package time=2013-04-02_17:02:10.966309
[profile_attr] old_data=47335 delta_type=0 attr=token delta_data=45 userid=1318 source=enlarge_package time=2013-04-02_17:02:10.966412
[profile_attr] old_data=47290 delta_type=0 attr=token delta_data=45 userid=1318 source=enlarge_package time=2013-04-02_17:02:10.966513
[profile_attr] old_data=47245 delta_type=0 attr=token delta_data=45 userid=1318 source=enlarge_package time=2013-04-02_17:02:10.966614
[profile_attr] old_data=47200 delta_type=0 attr=token delta_data=45 userid=1318 source=enlarge_package time=2013-04-02_17:02:10.966715
[profile_attr] old_data=47155 delta_type=0 attr=token delta_data=45 userid=1318 source=enlarge_package time=2013-04-02_17:02:10.966816
[profile_attr] old_data=47110 delta_type=0 attr=token delta_data=45 userid=1318 source=enlarge_package time=2013-04-02_17:02:10.966917
[profile_attr] old_data=47065 delta_type=0 attr=token delta_data=45 userid=1318 source=enlarge_package time=2013-04-02_17:02:10.967032
[profile_attr] old_data=47020 delta_type=0 attr=token delta_data=45 userid=1318 source=enlarge_package time=2013-04-02_17:02:10.967135
[profile_attr] old_data=46975 delta_type=0 attr=token delta_data=50 userid=1318 source=enlarge_package time=2013-04-02_17:02:10.967240
[profile_attr] old_data=46925 delta_type=0 attr=token delta_data=50 userid=1318 source=enlarge_package time=2013-04-02_17:02:10.967396
[profile_attr] old_data=46875 delta_type=0 attr=token delta_data=50 userid=1318 source=enlarge_package time=2013-04-02_17:02:10.967500
[profile_attr] old_data=46825 delta_type=0 attr=token delta_data=50 userid=1318 source=enlarge_package time=2013-04-02_17:02:10.967602
[profile_attr] old_data=46775 delta_type=0 attr=token delta_data=50 userid=1318 source=enlarge_package time=2013-04-02_17:02:10.967703
[profile_attr] old_data=46725 delta_type=0 attr=token delta_data=50 userid=1318 source=enlarge_package time=2013-04-02_17:02:10.967801
[profile_attr] old_data=46675 delta_type=0 attr=token delta_data=50 userid=1318 source=enlarge_package time=2013-04-02_17:02:10.967901
[profile_attr] old_data=46625 delta_type=0 attr=token delta_data=50 userid=1318 source=enlarge_package time=2013-04-02_17:02:10.968016
[profile_attr] old_data=46575 delta_type=0 attr=token delta_data=50 userid=1318 source=enlarge_package time=2013-04-02_17:02:10.968120
[profile_attr] old_data=46525 delta_type=0 attr=token delta_data=50 userid=1318 source=enlarge_package time=2013-04-02_17:02:10.968221
[profile_attr] old_data=46475 delta_type=0 attr=token delta_data=55 userid=1318 source=enlarge_package time=2013-04-02_17:02:10.968322
[profile_attr] old_data=46420 delta_type=0 attr=token delta_data=55 userid=1318 source=enlarge_package time=2013-04-02_17:02:10.968422
[profile_attr] old_data=46365 delta_type=0 attr=token delta_data=55 userid=1318 source=enlarge_package time=2013-04-02_17:02:10.968524
[profile_attr] old_data=46310 delta_type=0 attr=token delta_data=55 userid=1318 source=enlarge_package time=2013-04-02_17:02:10.968624
[profile_attr] old_data=46255 delta_type=0 attr=token delta_data=55 userid=1318 source=enlarge_package time=2013-04-02_17:02:10.968725
[profile_attr] old_data=46200 delta_type=0 attr=token delta_data=55 userid=1318 source=enlarge_package time=2013-04-02_17:02:10.968853
[profile_attr] old_data=46145 delta_type=0 attr=token delta_data=55 userid=1318 source=enlarge_package time=2013-04-02_17:02:10.968965
[profile_attr] old_data=46090 delta_type=0 attr=token delta_data=55 userid=1318 source=enlarge_package time=2013-04-02_17:02:10.969073
[profile_attr] old_data=46035 delta_type=0 attr=token delta_data=55 userid=1318 source=enlarge_package time=2013-04-02_17:02:10.969176
[profile_attr] old_data=45980 delta_type=0 attr=token delta_data=55 userid=1318 source=enlarge_package time=2013-04-02_17:02:10.969277
[profile_attr] old_data=45925 delta_type=0 attr=token delta_data=60 userid=1318 source=enlarge_package time=2013-04-02_17:02:10.969379
[profile_attr] old_data=45865 delta_type=0 attr=token delta_data=60 userid=1318 source=enlarge_package time=2013-04-02_17:02:10.969481
[profile_attr] old_data=45805 delta_type=0 attr=token delta_data=60 userid=1318 source=enlarge_package time=2013-04-02_17:02:10.969581
[profile_attr] old_data=45745 delta_type=0 attr=token delta_data=60 userid=1318 source=enlarge_package time=2013-04-02_17:02:10.969683
[profile_attr] old_data=45685 delta_type=0 attr=token delta_data=60 userid=1318 source=enlarge_package time=2013-04-02_17:02:10.969784
[profile_attr] old_data=45625 delta_type=0 attr=token delta_data=60 userid=1318 source=enlarge_package time=2013-04-02_17:02:10.969885
[profile_attr] old_data=45565 delta_type=0 attr=token delta_data=60 userid=1318 source=enlarge_package time=2013-04-02_17:02:10.969999
[profile_attr] old_data=45505 delta_type=0 attr=token delta_data=60 userid=1318 source=enlarge_package time=2013-04-02_17:02:10.970109
[profile_attr] old_data=45445 delta_type=0 attr=token delta_data=60 userid=1318 source=enlarge_package time=2013-04-02_17:02:10.970210
[profile_attr] old_data=45385 delta_type=0 attr=token delta_data=60 userid=1318 source=enlarge_package time=2013-04-02_17:02:10.970312
[profile_attr] old_data=45325 delta_type=0 attr=token delta_data=65 userid=1318 source=enlarge_package time=2013-04-02_17:02:10.970413
[profile_attr] old_data=45260 delta_type=0 attr=token delta_data=65 userid=1318 source=enlarge_package time=2013-04-02_17:02:10.970514
[profile_attr] old_data=45195 delta_type=0 attr=token delta_data=65 userid=1318 source=enlarge_package time=2013-04-02_17:02:10.970615
[profile_attr] old_data=45130 delta_type=0 attr=token delta_data=65 userid=1318 source=enlarge_package time=2013-04-02_17:02:10.970716
[profile_attr] old_data=45065 delta_type=0 attr=token delta_data=65 userid=1318 source=enlarge_package time=2013-04-02_17:02:13.227289
[profile_attr] old_data=4 delta_type=1 attr=attr_2 delta_data=4 userid=1337 source=dump_data time=2013-04-02_17:02:17.844440
[profile_attr] old_data=824400 delta_type=1 attr=attr_1 delta_data=654900 userid=1337 source=dump_data time=2013-04-02_17:02:17.845164
[profile_attr] old_data=163464 delta_type=1 attr=gold delta_data=37700 userid=1337 source=dump_data time=2013-04-02_17:02:17.845955
[profile_attr] old_data=13 delta_type=1 attr=level delta_data=1 userid=1337 source=dump_data time=2013-04-02_17:02:17.861560
[profile_attr] old_data=4625 delta_type=1 attr=hp delta_data=300 userid=1337 source=dump_data time=2013-04-02_17:02:17.861898
[profile_attr] old_data=69 delta_type=1 attr=mp delta_data=4 userid=1337 source=dump_data time=2013-04-02_17:02:17.862856
[profile_attr] old_data=1479300 delta_type=0 attr=attr_1 delta_data=2900.0 userid=1337 source=upgrade time=2013-04-02_17:02:17.953303
[profile_attr] old_data=4925 delta_type=1 attr=hp delta_data=480 userid=1337 source=dump_data time=2013-04-02_17:02:18.240506
[profile_attr] old_data=1476400 delta_type=0 attr=attr_1 delta_data=5600.0 userid=1337 source=upgrade time=2013-04-02_17:02:18.304716
[profile_attr] old_data=5405 delta_type=1 attr=hp delta_data=480 userid=1337 source=dump_data time=2013-04-02_17:02:18.696450
[profile_attr] old_data=1470800 delta_type=0 attr=attr_1 delta_data=8800.0 userid=1337 source=upgrade time=2013-04-02_17:02:18.752362
[profile_attr] old_data=5885 delta_type=1 attr=hp delta_data=480 userid=1337 source=dump_data time=2013-04-02_17:02:19.272474
[profile_attr] old_data=1462000 delta_type=0 attr=attr_1 delta_data=12600.0 userid=1337 source=upgrade time=2013-04-02_17:02:19.385607
[profile_attr] old_data=6365 delta_type=1 attr=hp delta_data=480 userid=1337 source=dump_data time=2013-04-02_17:02:19.780834
[profile_attr] old_data=1449400 delta_type=0 attr=attr_1 delta_data=16900.0 userid=1337 source=upgrade time=2013-04-02_17:02:19.885061
[profile_attr] old_data=6845 delta_type=1 attr=hp delta_data=480 userid=1337 source=dump_data time=2013-04-02_17:02:20.291704
[profile_attr] old_data=1432500 delta_type=0 attr=attr_1 delta_data=21600.0 userid=1337 source=upgrade time=2013-04-02_17:02:20.352992
[profile_attr] old_data=7325 delta_type=1 attr=hp delta_data=480 userid=1337 source=dump_data time=2013-04-02_17:02:20.863294
[profile_attr] old_data=1410900 delta_type=0 attr=attr_1 delta_data=26700.0 userid=1337 source=upgrade time=2013-04-02_17:02:20.919151
[profile_attr] old_data=7805 delta_type=1 attr=hp delta_data=480 userid=1337 source=dump_data time=2013-04-02_17:02:21.503293
[profile_attr] old_data=1384200 delta_type=0 attr=attr_1 delta_data=32300.0 userid=1337 source=upgrade time=2013-04-02_17:02:21.569761
[profile_attr] old_data=8285 delta_type=1 attr=hp delta_data=480 userid=1337 source=dump_data time=2013-04-02_17:02:22.067002
[profile_attr] old_data=1351900 delta_type=0 attr=attr_1 delta_data=38200.0 userid=1337 source=upgrade time=2013-04-02_17:02:22.135324
[profile_attr] old_data=8765 delta_type=1 attr=hp delta_data=480 userid=1337 source=dump_data time=2013-04-02_17:02:22.577918
[profile_attr] old_data=1313700 delta_type=0 attr=attr_1 delta_data=44500.0 userid=1337 source=upgrade time=2013-04-02_17:02:22.635692
[profile_attr] old_data=201164 delta_type=1 attr=gold delta_data=1000 userid=1337 source=dump_data time=2013-04-02_17:02:35.344623
[profile_attr] old_data=9245 delta_type=1 attr=hp delta_data=480 userid=1337 source=dump_data time=2013-04-02_17:02:35.345176
[profile_attr] old_data=202164 delta_type=0 attr=gold delta_data=7644 userid=1337 source=enhance time=2013-04-02_17:02:35.421275
[profile_attr] old_data=9725 delta_type=1 attr=hp delta_data=73 userid=1337 source=dump_data time=2013-04-02_17:02:36.169759
[profile_attr] old_data=194520 delta_type=0 attr=gold delta_data=7644 userid=1337 source=enhance time=2013-04-02_17:02:36.255104
[profile_attr] old_data=9798 delta_type=1 attr=hp delta_data=73 userid=1337 source=dump_data time=2013-04-02_17:02:36.805486
[profile_attr] old_data=186876 delta_type=0 attr=gold delta_data=7644 userid=1337 source=enhance time=2013-04-02_17:02:36.883299
[profile_attr] old_data=9871 delta_type=1 attr=hp delta_data=73 userid=1337 source=dump_data time=2013-04-02_17:02:37.292646
[profile_attr] old_data=179232 delta_type=0 attr=gold delta_data=7644 userid=1337 source=enhance time=2013-04-02_17:02:37.370284
[profile_attr] old_data=9944 delta_type=1 attr=hp delta_data=73 userid=1337 source=dump_data time=2013-04-02_17:02:37.763444
[profile_attr] old_data=171588 delta_type=0 attr=gold delta_data=7644 userid=1337 source=enhance time=2013-04-02_17:02:37.849974
[profile_attr] old_data=10017 delta_type=1 attr=hp delta_data=73 userid=1337 source=dump_data time=2013-04-02_17:02:38.337686
[profile_attr] old_data=163944 delta_type=0 attr=gold delta_data=7644 userid=1337 source=enhance time=2013-04-02_17:02:38.418039
[profile_attr] old_data=10090 delta_type=1 attr=hp delta_data=73 userid=1337 source=dump_data time=2013-04-02_17:02:38.918317
[profile_attr] old_data=156300 delta_type=0 attr=gold delta_data=7644 userid=1337 source=enhance time=2013-04-02_17:02:39.000399
[profile_attr] old_data=10163 delta_type=1 attr=hp delta_data=73 userid=1337 source=dump_data time=2013-04-02_17:02:40.216457
[profile_attr] old_data=148656 delta_type=0 attr=gold delta_data=7644 userid=1337 source=enhance time=2013-04-02_17:02:40.283149
[profile_attr] old_data=10236 delta_type=1 attr=hp delta_data=73 userid=1337 source=dump_data time=2013-04-02_17:02:40.747681
[profile_attr] old_data=141012 delta_type=0 attr=gold delta_data=7644 userid=1337 source=enhance time=2013-04-02_17:02:40.818938
[profile_attr] old_data=10309 delta_type=1 attr=hp delta_data=73 userid=1337 source=dump_data time=2013-04-02_17:02:41.480060
[profile_attr] old_data=133368 delta_type=0 attr=gold delta_data=7644 userid=1337 source=enhance time=2013-04-02_17:02:41.552235
[profile_attr] old_data=125724 delta_type=0 attr=gold delta_data=7644 userid=1337 source=enhance time=2013-04-02_17:02:42.266200
[profile_attr] old_data=118080 delta_type=0 attr=gold delta_data=7644 userid=1337 source=enhance time=2013-04-02_17:02:43.104790
[profile_attr] old_data=110436 delta_type=0 attr=gold delta_data=7644 userid=1337 source=enhance time=2013-04-02_17:02:43.782820
[profile_attr] old_data=102792 delta_type=1 attr=gold delta_data=100000 userid=1337 source=dump_data time=2013-04-02_17:02:51.322688
[profile_attr] old_data=10382 delta_type=1 attr=hp delta_data=73 userid=1337 source=dump_data time=2013-04-02_17:02:51.323262
[profile_attr] old_data=202792 delta_type=0 attr=gold delta_data=7644 userid=1337 source=enhance time=2013-04-02_17:02:51.403915
[profile_attr] old_data=195148 delta_type=1 attr=gold delta_data=100000 userid=1337 source=dump_data time=2013-04-02_17:03:01.313520
[profile_attr] old_data=70 delta_type=0 attr=attr_10 delta_data=10 userid=1337 source=enter time=2013-04-02_17:03:05.074089
[profile_attr] old_data=18306 delta_type=1 attr=gold delta_data=53 userid=1340 source=dump_data time=2013-04-02_17:03:28.704248
[profile_attr] old_data=1380 delta_type=1 attr=hp delta_data=-58 userid=1340 source=dump_data time=2013-04-02_17:03:28.704815
[profile_attr] old_data=1269200 delta_type=1 attr=attr_1 delta_data=12800 userid=1337 source=dump_data time=2013-04-02_17:04:26.004158
[profile_attr] old_data=295148 delta_type=1 attr=gold delta_data=1643 userid=1337 source=dump_data time=2013-04-02_17:04:26.004979
[profile_attr] old_data=8 delta_type=1 attr=attr_2 delta_data=4 userid=1337 source=dump_data time=2013-04-02_17:05:02.235187
[profile_attr] old_data=1282000 delta_type=1 attr=attr_1 delta_data=376500 userid=1337 source=dump_data time=2013-04-02_17:05:02.236064
[profile_attr] old_data=296791 delta_type=1 attr=gold delta_data=47800 userid=1337 source=dump_data time=2013-04-02_17:05:02.237024
[profile_attr] old_data=14 delta_type=1 attr=level delta_data=1 userid=1337 source=dump_data time=2013-04-02_17:05:02.252126
[profile_attr] old_data=10455 delta_type=1 attr=hp delta_data=200 userid=1337 source=dump_data time=2013-04-02_17:05:02.252580
[profile_attr] old_data=73 delta_type=1 attr=mp delta_data=3 userid=1337 source=dump_data time=2013-04-02_17:05:02.253791
[profile_attr] old_data=1658500 delta_type=0 attr=attr_1 delta_data=1000.0 userid=1337 source=upgrade time=2013-04-02_17:05:02.346838
[profile_attr] old_data=1657500 delta_type=0 attr=attr_1 delta_data=2900.0 userid=1337 source=upgrade time=2013-04-02_17:05:02.964222
[profile_attr] old_data=1654600 delta_type=0 attr=attr_1 delta_data=5600.0 userid=1337 source=upgrade time=2013-04-02_17:05:03.413989
[profile_attr] old_data=1649000 delta_type=0 attr=attr_1 delta_data=8800.0 userid=1337 source=upgrade time=2013-04-02_17:05:04.014050
[profile_attr] old_data=1640200 delta_type=0 attr=attr_1 delta_data=12600.0 userid=1337 source=upgrade time=2013-04-02_17:05:04.579874
[profile_attr] old_data=1627600 delta_type=0 attr=attr_1 delta_data=16900.0 userid=1337 source=upgrade time=2013-04-02_17:05:05.130690
[profile_attr] old_data=1610700 delta_type=0 attr=attr_1 delta_data=21600.0 userid=1337 source=upgrade time=2013-04-02_17:05:05.829311
[profile_attr] old_data=1589100 delta_type=0 attr=attr_1 delta_data=26700.0 userid=1337 source=upgrade time=2013-04-02_17:05:06.399300
[profile_attr] old_data=1562400 delta_type=0 attr=attr_1 delta_data=32300.0 userid=1337 source=upgrade time=2013-04-02_17:05:06.897312
[profile_attr] old_data=1530100 delta_type=0 attr=attr_1 delta_data=38200.0 userid=1337 source=upgrade time=2013-04-02_17:05:07.496866
[profile_attr] old_data=1491900 delta_type=0 attr=attr_1 delta_data=44500.0 userid=1337 source=upgrade time=2013-04-02_17:05:08.079409
[profile_attr] old_data=1447400 delta_type=0 attr=attr_1 delta_data=51200.0 userid=1337 source=upgrade time=2013-04-02_17:05:08.629237
[profile_attr] old_data=1396200 delta_type=0 attr=attr_1 delta_data=51200.0 userid=1337 source=upgrade time=2013-04-02_17:05:09.496766
[profile_attr] old_data=1345000 delta_type=0 attr=attr_1 delta_data=58200.0 userid=1337 source=upgrade time=2013-04-02_17:05:09.913674
[profile_attr] old_data=1286800 delta_type=0 attr=attr_1 delta_data=65500.0 userid=1337 source=upgrade time=2013-04-02_17:05:10.531117
[profile_attr] old_data=1221300 delta_type=0 attr=attr_1 delta_data=73100.0 userid=1337 source=upgrade time=2013-04-02_17:05:11.030440
[profile_attr] old_data=1148200 delta_type=0 attr=attr_1 delta_data=51200.0 userid=1337 source=upgrade time=2013-04-02_17:05:11.780220
[profile_attr] old_data=1097000 delta_type=0 attr=attr_1 delta_data=58200.0 userid=1337 source=upgrade time=2013-04-02_17:05:12.246986
[profile_attr] old_data=1038800 delta_type=0 attr=attr_1 delta_data=65500.0 userid=1337 source=upgrade time=2013-04-02_17:05:12.766000
[profile_attr] old_data=973300 delta_type=0 attr=attr_1 delta_data=73100.0 userid=1337 source=upgrade time=2013-04-02_17:05:13.385793
[profile_attr] old_data=900200 delta_type=0 attr=attr_1 delta_data=51200.0 userid=1337 source=upgrade time=2013-04-02_17:05:14.495975
[profile_attr] old_data=10655 delta_type=1 attr=hp delta_data=480 userid=1337 source=dump_data time=2013-04-02_17:05:14.994671
[profile_attr] old_data=849000 delta_type=0 attr=attr_1 delta_data=58200.0 userid=1337 source=upgrade time=2013-04-02_17:05:15.063521
[profile_attr] old_data=11135 delta_type=1 attr=hp delta_data=480 userid=1337 source=dump_data time=2013-04-02_17:05:15.560670
[profile_attr] old_data=790800 delta_type=0 attr=attr_1 delta_data=65500.0 userid=1337 source=upgrade time=2013-04-02_17:05:15.629565
[profile_attr] old_data=11615 delta_type=1 attr=hp delta_data=480 userid=1337 source=dump_data time=2013-04-02_17:05:16.074509
[profile_attr] old_data=725300 delta_type=0 attr=attr_1 delta_data=73100.0 userid=1337 source=upgrade time=2013-04-02_17:05:16.147119
[profile_attr] old_data=12095 delta_type=1 attr=hp delta_data=480 userid=1337 source=dump_data time=2013-04-02_17:05:17.037664
[profile_attr] old_data=652200 delta_type=0 attr=attr_1 delta_data=58200.0 userid=1337 source=upgrade time=2013-04-02_17:05:17.146172
[profile_attr] old_data=594000 delta_type=0 attr=attr_1 delta_data=65500.0 userid=1337 source=upgrade time=2013-04-02_17:05:17.564557
[profile_attr] old_data=10000 delta_type=0 attr=token delta_data=59 userid=1337 source=reset_cd time=2013-04-02_17:05:19.781223
[profile_attr] old_data=528500 delta_type=0 attr=attr_1 delta_data=51200.0 userid=1337 source=upgrade time=2013-04-02_17:05:19.979854
[profile_attr] old_data=477300 delta_type=0 attr=attr_1 delta_data=58200.0 userid=1337 source=upgrade time=2013-04-02_17:05:20.414082
[profile_attr] old_data=419100 delta_type=0 attr=attr_1 delta_data=65500.0 userid=1337 source=upgrade time=2013-04-02_17:05:21.063214
[profile_attr] old_data=353600 delta_type=0 attr=attr_1 delta_data=73100.0 userid=1337 source=upgrade time=2013-04-02_17:05:21.563394
[profile_attr] old_data=280500 delta_type=0 attr=attr_1 delta_data=73100.0 userid=1337 source=upgrade time=2013-04-02_17:05:22.334263
[profile_attr] old_data=344591 delta_type=1 attr=gold delta_data=1000 userid=1337 source=dump_data time=2013-04-02_17:05:39.707177
[profile_attr] old_data=345591 delta_type=0 attr=gold delta_data=7644 userid=1337 source=enhance time=2013-04-02_17:05:39.780824
[profile_attr] old_data=337947 delta_type=0 attr=gold delta_data=7644 userid=1337 source=enhance time=2013-04-02_17:05:40.427653
[profile_attr] old_data=330303 delta_type=0 attr=gold delta_data=7644 userid=1337 source=enhance time=2013-04-02_17:05:40.965477
[profile_attr] old_data=322659 delta_type=0 attr=gold delta_data=7644 userid=1337 source=enhance time=2013-04-02_17:05:41.528121
[profile_attr] old_data=315015 delta_type=0 attr=gold delta_data=7644 userid=1337 source=enhance time=2013-04-02_17:05:42.060575
[profile_attr] old_data=307371 delta_type=0 attr=gold delta_data=7644 userid=1337 source=enhance time=2013-04-02_17:05:42.646373
[profile_attr] old_data=299727 delta_type=0 attr=gold delta_data=7644 userid=1337 source=enhance time=2013-04-02_17:05:43.226913
[profile_attr] old_data=292083 delta_type=0 attr=gold delta_data=7644 userid=1337 source=enhance time=2013-04-02_17:05:43.894542
[profile_attr] old_data=284439 delta_type=0 attr=gold delta_data=7644 userid=1337 source=enhance time=2013-04-02_17:05:44.627447
[profile_attr] old_data=276795 delta_type=0 attr=gold delta_data=7644 userid=1337 source=enhance time=2013-04-02_17:05:45.328023
[profile_attr] old_data=269151 delta_type=0 attr=gold delta_data=7644 userid=1337 source=enhance time=2013-04-02_17:05:45.966053
[profile_attr] old_data=261507 delta_type=0 attr=gold delta_data=7644 userid=1337 source=enhance time=2013-04-02_17:05:46.685920
[profile_attr] old_data=253863 delta_type=1 attr=gold delta_data=100000 userid=1337 source=dump_data time=2013-04-02_17:05:54.110645
[profile_attr] old_data=207400 delta_type=0 attr=attr_1 delta_data=1000.0 userid=1337 source=upgrade time=2013-04-02_17:05:54.179080
[profile_attr] old_data=206400 delta_type=0 attr=attr_1 delta_data=2900.0 userid=1337 source=upgrade time=2013-04-02_17:05:54.845520
[profile_attr] old_data=203500 delta_type=0 attr=attr_1 delta_data=5600.0 userid=1337 source=upgrade time=2013-04-02_17:05:55.614975
[profile_attr] old_data=197900 delta_type=0 attr=attr_1 delta_data=8800.0 userid=1337 source=upgrade time=2013-04-02_17:05:56.230425
[profile_attr] old_data=189100 delta_type=0 attr=attr_1 delta_data=12600.0 userid=1337 source=upgrade time=2013-04-02_17:05:56.978656
[profile_attr] old_data=176500 delta_type=0 attr=attr_1 delta_data=16900.0 userid=1337 source=upgrade time=2013-04-02_17:05:57.678100
[profile_attr] old_data=159600 delta_type=0 attr=attr_1 delta_data=21600.0 userid=1337 source=upgrade time=2013-04-02_17:05:58.197123
[profile_attr] old_data=138000 delta_type=0 attr=attr_1 delta_data=26700.0 userid=1337 source=upgrade time=2013-04-02_17:05:58.795614
[profile_attr] old_data=111300 delta_type=0 attr=attr_1 delta_data=32300.0 userid=1337 source=upgrade time=2013-04-02_17:05:59.261689
[profile_attr] old_data=79000 delta_type=0 attr=attr_1 delta_data=38200.0 userid=1337 source=upgrade time=2013-04-02_17:05:59.828498
[profile_attr] old_data=12575 delta_type=1 attr=hp delta_data=-12575 userid=1337 source=dump_data time=2013-04-02_17:06:42.048543
[profile_attr] old_data=40800 delta_type=1 attr=attr_1 delta_data=210200 userid=1337 source=dump_data time=2013-04-02_17:06:51.319768
[profile_attr] old_data=353863 delta_type=1 attr=gold delta_data=28600 userid=1337 source=dump_data time=2013-04-02_17:06:51.320551
[profile_attr] old_data=0 delta_type=1 attr=hp delta_data=12575 userid=1337 source=dump_data time=2013-04-02_17:06:51.321083
[profile_attr] old_data=60 delta_type=0 attr=attr_10 delta_data=10 userid=1337 source=enter time=2013-04-02_17:06:55.354674
[profile_attr] old_data=0 delta_type=1 attr=mount_status delta_data=1 userid=1334 source=dump_data time=2013-04-02_17:37:18.534893
[profile_attr] old_data=921467695 delta_type=1 attr=gold delta_data=545000 userid=1334 source=reward_by_gametime time=2013-04-02_17:37:18.592637
[profile_attr] old_data=922012695 delta_type=1 attr=gold delta_data=1267900 userid=1334 source=loads_attachment time=2013-04-02_17:38:34.996964
[profile_attr] old_data=923280595 delta_type=1 attr=gold delta_data=1267900 userid=1334 source=loads_attachment time=2013-04-02_17:38:38.065236
[profile_attr] old_data=924548495 delta_type=1 attr=gold delta_data=1981100 userid=1334 source=loads_attachment time=2013-04-02_17:38:41.601015
[profile_attr] old_data=251000 delta_type=1 attr=attr_1 delta_data=14500 userid=1337 source=dump_data time=2013-04-02_17:38:48.002765
[profile_attr] old_data=382463 delta_type=1 attr=gold delta_data=1177 userid=1337 source=dump_data time=2013-04-02_17:38:48.003758
[profile_attr] old_data=12575 delta_type=1 attr=hp delta_data=-32 userid=1337 source=dump_data time=2013-04-02_17:38:48.004645
[profile_attr] old_data=926529595 delta_type=1 attr=gold delta_data=6000 userid=1334 source=dump_data time=2013-04-02_17:39:10.928989
[profile_attr] old_data=160 delta_type=0 attr=attr_10 delta_data=10 userid=1334 source=enter time=2013-04-02_17:39:16.600533
[profile_attr] old_data=81200 delta_type=1 attr=attr_1 delta_data=5400 userid=1334 source=dump_data time=2013-04-02_17:40:37.076264
[profile_attr] old_data=926535595 delta_type=1 attr=gold delta_data=530 userid=1334 source=dump_data time=2013-04-02_17:40:37.077032
[profile_attr] old_data=1 delta_type=1 attr=mount_status delta_data=-1 userid=1334 source=dump_data time=2013-04-02_17:40:37.078222
[profile_attr] old_data=86600 delta_type=1 attr=attr_1 delta_data=184800 userid=1334 source=dump_data time=2013-04-02_17:40:55.459731
[profile_attr] old_data=926536125 delta_type=1 attr=gold delta_data=12900 userid=1334 source=dump_data time=2013-04-02_17:40:55.460878
[profile_attr] old_data=0 delta_type=1 attr=mount_status delta_data=1 userid=1334 source=dump_data time=2013-04-02_17:40:55.463060
[profile_attr] old_data=150 delta_type=0 attr=attr_10 delta_data=10 userid=1334 source=enter time=2013-04-02_17:40:59.424149
[profile_attr] old_data=12543 delta_type=1 attr=hp delta_data=32 userid=1337 source=dump_data time=2013-04-02_17:41:18.797106
[profile_attr] old_data=926549025 delta_type=1 attr=gold delta_data=168 userid=1334 source=dump_data time=2013-04-02_17:41:18.814508
[profile_attr] old_data=1 delta_type=1 attr=mount_status delta_data=-1 userid=1334 source=dump_data time=2013-04-02_17:41:18.815753
[profile_attr] old_data=12 delta_type=1 attr=attr_2 delta_data=4 userid=1337 source=dump_data time=2013-04-02_17:41:42.886404
[profile_attr] old_data=265500 delta_type=1 attr=attr_1 delta_data=443300 userid=1337 source=dump_data time=2013-04-02_17:41:42.887221
[profile_attr] old_data=383640 delta_type=1 attr=gold delta_data=63000 userid=1337 source=dump_data time=2013-04-02_17:41:42.888481
[profile_attr] old_data=15 delta_type=1 attr=level delta_data=1 userid=1337 source=dump_data time=2013-04-02_17:41:42.903937
[profile_attr] old_data=12575 delta_type=1 attr=hp delta_data=595 userid=1337 source=dump_data time=2013-04-02_17:41:42.904294
[profile_attr] old_data=76 delta_type=1 attr=mp delta_data=3 userid=1337 source=dump_data time=2013-04-02_17:41:42.905299
[profile_attr] old_data=708800 delta_type=0 attr=attr_1 delta_data=44500.0 userid=1337 source=upgrade time=2013-04-02_17:41:43.001607
[profile_attr] old_data=664300 delta_type=0 attr=attr_1 delta_data=51200.0 userid=1337 source=upgrade time=2013-04-02_17:41:43.469169
[profile_attr] old_data=613100 delta_type=0 attr=attr_1 delta_data=58200.0 userid=1337 source=upgrade time=2013-04-02_17:41:44.085340
[profile_attr] old_data=446640 delta_type=1 attr=gold delta_data=3000 userid=1337 source=dump_data time=2013-04-02_17:42:13.776114
[profile_attr] old_data=449640 delta_type=0 attr=gold delta_data=7644 userid=1337 source=enhance time=2013-04-02_17:42:13.900622
[profile_attr] old_data=441996 delta_type=0 attr=gold delta_data=7644 userid=1337 source=enhance time=2013-04-02_17:42:14.582761
[profile_attr] old_data=434352 delta_type=0 attr=gold delta_data=7644 userid=1337 source=enhance time=2013-04-02_17:42:15.236838
[profile_attr] old_data=426708 delta_type=0 attr=gold delta_data=7644 userid=1337 source=enhance time=2013-04-02_17:42:15.863654
[profile_attr] old_data=419064 delta_type=0 attr=gold delta_data=7644 userid=1337 source=enhance time=2013-04-02_17:42:16.548691
[profile_attr] old_data=411420 delta_type=0 attr=gold delta_data=7644 userid=1337 source=enhance time=2013-04-02_17:42:17.149193
[profile_attr] old_data=403776 delta_type=0 attr=gold delta_data=7644 userid=1337 source=enhance time=2013-04-02_17:42:17.781418
[profile_attr] old_data=396132 delta_type=0 attr=gold delta_data=7644 userid=1337 source=enhance time=2013-04-02_17:42:18.364708
[profile_attr] old_data=388488 delta_type=0 attr=gold delta_data=7644 userid=1337 source=enhance time=2013-04-02_17:42:18.902154
[profile_attr] old_data=380844 delta_type=0 attr=gold delta_data=7644 userid=1337 source=enhance time=2013-04-02_17:42:19.510431
[profile_attr] old_data=373200 delta_type=0 attr=gold delta_data=7644 userid=1337 source=enhance time=2013-04-02_17:42:20.015463
[profile_attr] old_data=365556 delta_type=1 attr=gold delta_data=100000 userid=1337 source=dump_data time=2013-04-02_17:42:35.940528
[profile_attr] old_data=465556 delta_type=0 attr=gold delta_data=7644 userid=1337 source=enhance time=2013-04-02_17:42:36.032531
[profile_attr] old_data=457912 delta_type=0 attr=gold delta_data=7644 userid=1337 source=enhance time=2013-04-02_17:42:36.713529
[profile_attr] old_data=450268 delta_type=0 attr=gold delta_data=7644 userid=1337 source=enhance time=2013-04-02_17:42:37.303107
[profile_attr] old_data=442624 delta_type=0 attr=gold delta_data=7644 userid=1337 source=enhance time=2013-04-02_17:42:37.835386
[profile_attr] old_data=434980 delta_type=0 attr=gold delta_data=7644 userid=1337 source=enhance time=2013-04-02_17:42:38.415485
[profile_attr] old_data=427336 delta_type=0 attr=gold delta_data=7644 userid=1337 source=enhance time=2013-04-02_17:42:39.063822
[profile_attr] old_data=419692 delta_type=0 attr=gold delta_data=7644 userid=1337 source=enhance time=2013-04-02_17:42:40.149078
[profile_attr] old_data=412048 delta_type=0 attr=gold delta_data=7644 userid=1337 source=enhance time=2013-04-02_17:42:40.738265
[profile_attr] old_data=404404 delta_type=0 attr=gold delta_data=7644 userid=1337 source=enhance time=2013-04-02_17:42:41.265118
[profile_attr] old_data=396760 delta_type=0 attr=gold delta_data=7644 userid=1337 source=enhance time=2013-04-02_17:42:41.899078
[profile_attr] old_data=389116 delta_type=0 attr=gold delta_data=7644 userid=1337 source=enhance time=2013-04-02_17:42:42.484231
[profile_attr] old_data=381472 delta_type=0 attr=gold delta_data=7644 userid=1337 source=enhance time=2013-04-02_17:42:43.581091
[profile_attr] old_data=373828 delta_type=1 attr=gold delta_data=100000 userid=1337 source=dump_data time=2013-04-02_17:42:59.533998
[profile_attr] old_data=473828 delta_type=0 attr=gold delta_data=7644 userid=1337 source=enhance time=2013-04-02_17:42:59.615185
[profile_attr] old_data=466184 delta_type=0 attr=gold delta_data=7644 userid=1337 source=enhance time=2013-04-02_17:43:00.300811
[profile_attr] old_data=458540 delta_type=0 attr=gold delta_data=7644 userid=1337 source=enhance time=2013-04-02_17:43:01.180728
[profile_attr] old_data=450896 delta_type=0 attr=gold delta_data=7644 userid=1337 source=enhance time=2013-04-02_17:43:01.915876
[profile_attr] old_data=443252 delta_type=0 attr=gold delta_data=7644 userid=1337 source=enhance time=2013-04-02_17:43:02.447903
[profile_attr] old_data=435608 delta_type=0 attr=gold delta_data=7644 userid=1337 source=enhance time=2013-04-02_17:43:03.134959
[profile_attr] old_data=427964 delta_type=0 attr=gold delta_data=7644 userid=1337 source=enhance time=2013-04-02_17:43:03.714504
[profile_attr] old_data=420320 delta_type=0 attr=gold delta_data=7644 userid=1337 source=enhance time=2013-04-02_17:43:04.252612
[profile_attr] old_data=412676 delta_type=0 attr=gold delta_data=7644 userid=1337 source=enhance time=2013-04-02_17:43:04.739094
[profile_attr] old_data=405032 delta_type=0 attr=gold delta_data=7644 userid=1337 source=enhance time=2013-04-02_17:43:05.579629
[profile_attr] old_data=397388 delta_type=0 attr=gold delta_data=7644 userid=1337 source=enhance time=2013-04-02_17:43:06.116101
[profile_attr] old_data=389744 delta_type=0 attr=gold delta_data=7644 userid=1337 source=enhance time=2013-04-02_17:43:06.696947
[profile_attr] old_data=382100 delta_type=1 attr=gold delta_data=100000 userid=1337 source=dump_data time=2013-04-02_17:43:18.008958
[profile_attr] old_data=50 delta_type=0 attr=attr_10 delta_data=10 userid=1337 source=enter time=2013-04-02_17:43:21.616802
