[profile_attr] old_data=3340 delta_type=1 attr=hp delta_data=500 userid=1166 source=dump_data time=2013-04-07_14:01:41.873664
[profile_attr] old_data=49703 delta_type=1 attr=hp delta_data=-864 userid=1142 source=dump_data time=2013-04-07_14:10:13.508769
[profile_attr] old_data=99999 delta_type=1 attr=attr_4 delta_data=200 userid=607 source=loads_attachment time=2013-04-07_14:10:43.043858
[profile_attr] old_data=35310762 delta_type=1 attr=gold delta_data=100000 userid=607 source=loads_attachment time=2013-04-07_14:10:43.043990
[profile_attr] old_data=100199 delta_type=1 attr=attr_4 delta_data=200 userid=607 source=loads_attachment time=2013-04-07_14:10:43.044864
[profile_attr] old_data=35410762 delta_type=1 attr=gold delta_data=100000 userid=607 source=loads_attachment time=2013-04-07_14:10:43.044992
[profile_attr] old_data=100399 delta_type=1 attr=attr_4 delta_data=200 userid=607 source=loads_attachment time=2013-04-07_14:10:43.046057
[profile_attr] old_data=35510762 delta_type=1 attr=gold delta_data=100000 userid=607 source=loads_attachment time=2013-04-07_14:10:43.046163
[profile_attr] old_data=765999 delta_type=1 attr=attr_1 delta_data=4200 userid=607 source=dump_data time=2013-04-07_14:13:32.369481
[profile_attr] old_data=35610762 delta_type=1 attr=gold delta_data=2100 userid=607 source=dump_data time=2013-04-07_14:13:32.370834
[profile_attr] old_data=99979 delta_type=0 attr=attr_10 delta_data=10 userid=607 source=enter time=2013-04-07_14:13:36.213023
[profile_attr] old_data=770199 delta_type=1 attr=attr_1 delta_data=200 userid=607 source=dump_data time=2013-04-07_14:13:51.476703
[profile_attr] old_data=35612862 delta_type=1 attr=gold delta_data=41 userid=607 source=dump_data time=2013-04-07_14:13:51.477498
[profile_attr] old_data=30293 delta_type=1 attr=hp delta_data=-14 userid=607 source=dump_data time=2013-04-07_14:13:51.478104
[profile_attr] old_data=770399 delta_type=1 attr=attr_1 delta_data=6600 userid=607 source=dump_data time=2013-04-07_14:14:25.005238
[profile_attr] old_data=35612903 delta_type=1 attr=gold delta_data=2400 userid=607 source=dump_data time=2013-04-07_14:14:25.006088
[profile_attr] old_data=30279 delta_type=1 attr=hp delta_data=14 userid=607 source=dump_data time=2013-04-07_14:14:25.006665
[profile_attr] old_data=49980 delta_type=0 attr=token delta_data=2 userid=607 source=exchange time=2013-04-07_14:14:25.068433
[profile_attr] old_data=35615303 delta_type=1 attr=gold delta_data=300000 userid=607 source=exchange time=2013-04-07_14:14:25.068528
[profile_attr] old_data=35915303 delta_type=1 attr=gold delta_data=37600 userid=607 source=dump_data time=2013-04-07_14:14:36.106754
[profile_attr] old_data=35952903 delta_type=0 attr=gold delta_data=752860 userid=607 source=enhance time=2013-04-07_14:14:58.785875
[profile_attr] old_data=35200043 delta_type=0 attr=gold delta_data=752860 userid=607 source=enhance time=2013-04-07_14:14:59.265702
[profile_attr] old_data=34447183 delta_type=0 attr=gold delta_data=752860 userid=607 source=enhance time=2013-04-07_14:14:59.699622
[profile_attr] old_data=33694323 delta_type=0 attr=gold delta_data=752860 userid=607 source=enhance time=2013-04-07_14:15:00.234443
[profile_attr] old_data=32941463 delta_type=0 attr=gold delta_data=752860 userid=607 source=enhance time=2013-04-07_14:15:00.715658
[profile_attr] old_data=32188603 delta_type=0 attr=gold delta_data=752860 userid=607 source=enhance time=2013-04-07_14:15:01.282574
[profile_attr] old_data=31435743 delta_type=0 attr=gold delta_data=752860 userid=607 source=enhance time=2013-04-07_14:15:01.869375
[profile_attr] old_data=30682883 delta_type=0 attr=gold delta_data=752860 userid=607 source=enhance time=2013-04-07_14:15:02.452764
[profile_attr] old_data=29930023 delta_type=0 attr=gold delta_data=752860 userid=607 source=enhance time=2013-04-07_14:15:02.882690
[profile_attr] old_data=29177163 delta_type=0 attr=gold delta_data=752860 userid=607 source=enhance time=2013-04-07_14:15:04.731691
[profile_attr] old_data=28424303 delta_type=0 attr=gold delta_data=752860 userid=607 source=enhance time=2013-04-07_14:15:05.367395
[profile_attr] old_data=27671443 delta_type=0 attr=gold delta_data=752860 userid=607 source=enhance time=2013-04-07_14:15:05.975932
[profile_attr] old_data=26918583 delta_type=0 attr=gold delta_data=752860 userid=607 source=enhance time=2013-04-07_14:15:06.535566
[profile_attr] old_data=26165723 delta_type=0 attr=gold delta_data=752860 userid=607 source=enhance time=2013-04-07_14:15:06.970173
[profile_attr] old_data=25412863 delta_type=0 attr=gold delta_data=752860 userid=607 source=enhance time=2013-04-07_14:15:07.351128
[profile_attr] old_data=24660003 delta_type=0 attr=gold delta_data=752860 userid=607 source=enhance time=2013-04-07_14:15:07.784391
[profile_attr] old_data=776999 delta_type=1 attr=attr_1 delta_data=3100 userid=607 source=dump_data time=2013-04-07_14:15:20.416643
[profile_attr] old_data=23907143 delta_type=1 attr=gold delta_data=1100 userid=607 source=dump_data time=2013-04-07_14:15:20.417438
[profile_attr] old_data=44990 delta_type=0 attr=token delta_data=28672 userid=1318 source=buy time=2013-04-07_14:48:12.508904
[profile_attr] old_data=44990 delta_type=0 attr=token delta_data=52 userid=1318 source=buy time=2013-04-07_14:48:30.667763
[profile_attr] old_data=44990 delta_type=0 attr=token delta_data=52 userid=1318 source=buy time=2013-04-07_14:49:19.043438
[profile_attr] old_data=44990 delta_type=0 attr=token delta_data=52 userid=1318 source=buy time=2013-04-07_14:51:16.261161
