[profile_attr] old_data=907804244 delta_type=1 attr=gold delta_data=233794 userid=1334 source=dump_data time=2013-04-02_16:01:55.212899
[profile_attr] old_data=81200 delta_type=1 attr=attr_1 delta_data=5400 userid=1337 source=dump_data time=2013-04-02_16:03:32.702390
[profile_attr] old_data=44993 delta_type=1 attr=gold delta_data=493 userid=1337 source=dump_data time=2013-04-02_16:03:32.703199
[profile_attr] old_data=908038038 delta_type=1 attr=gold delta_data=54725 userid=1334 source=dump_data time=2013-04-02_16:03:49.562322
[profile_attr] old_data=16 delta_type=1 attr=attr_2 delta_data=4 userid=1337 source=dump_data time=2013-04-02_16:06:03.363289
[profile_attr] old_data=86600 delta_type=1 attr=attr_1 delta_data=61600 userid=1337 source=dump_data time=2013-04-02_16:06:03.364056
[profile_attr] old_data=45486 delta_type=1 attr=gold delta_data=4300 userid=1337 source=dump_data time=2013-04-02_16:06:03.364824
[profile_attr] old_data=8 delta_type=1 attr=level delta_data=1 userid=1337 source=dump_data time=2013-04-02_16:06:03.379791
[profile_attr] old_data=2550 delta_type=1 attr=hp delta_data=300 userid=1337 source=dump_data time=2013-04-02_16:06:03.380153
[profile_attr] old_data=56 delta_type=1 attr=mp delta_data=2 userid=1337 source=dump_data time=2013-04-02_16:06:03.381108
[profile_attr] old_data=49786 delta_type=0 attr=gold delta_data=10 userid=1337 source=enhance time=2013-04-02_16:06:03.454867
[profile_attr] old_data=49776 delta_type=0 attr=gold delta_data=10 userid=1337 source=enhance time=2013-04-02_16:06:04.168959
[profile_attr] old_data=49766 delta_type=0 attr=gold delta_data=10 userid=1337 source=enhance time=2013-04-02_16:06:04.885092
[profile_attr] old_data=49756 delta_type=0 attr=gold delta_data=10 userid=1337 source=enhance time=2013-04-02_16:06:05.470331
[profile_attr] old_data=49746 delta_type=0 attr=gold delta_data=10 userid=1337 source=enhance time=2013-04-02_16:06:06.085179
[profile_attr] old_data=908092763 delta_type=1 attr=gold delta_data=71305 userid=1334 source=dump_data time=2013-04-02_16:07:37.585495
[profile_attr] old_data=148200 delta_type=1 attr=attr_1 delta_data=123200 userid=1337 source=dump_data time=2013-04-02_16:15:34.309427
[profile_attr] old_data=49736 delta_type=1 attr=gold delta_data=9600 userid=1337 source=dump_data time=2013-04-02_16:15:34.310234
[profile_attr] old_data=120 delta_type=0 attr=attr_10 delta_data=10 userid=1337 source=enter time=2013-04-02_16:15:37.632472
[profile_attr] old_data=908164068 delta_type=1 attr=gold delta_data=159277 userid=1334 source=dump_data time=2013-04-02_16:16:31.345991
[profile_attr] old_data=271400 delta_type=1 attr=attr_1 delta_data=6700 userid=1337 source=dump_data time=2013-04-02_16:17:23.113971
[profile_attr] old_data=59336 delta_type=1 attr=gold delta_data=804 userid=1337 source=dump_data time=2013-04-02_16:17:23.114730
[profile_attr] old_data=20 delta_type=1 attr=attr_2 delta_data=4 userid=1337 source=dump_data time=2013-04-02_16:17:30.911018
[profile_attr] old_data=278100 delta_type=1 attr=attr_1 delta_data=90500 userid=1337 source=dump_data time=2013-04-02_16:17:30.911804
[profile_attr] old_data=60140 delta_type=1 attr=gold delta_data=5900 userid=1337 source=dump_data time=2013-04-02_16:17:30.912559
[profile_attr] old_data=9 delta_type=1 attr=level delta_data=1 userid=1337 source=dump_data time=2013-04-02_16:17:30.927785
[profile_attr] old_data=2850 delta_type=1 attr=hp delta_data=200 userid=1337 source=dump_data time=2013-04-02_16:17:30.928222
[profile_attr] old_data=58 delta_type=1 attr=mp delta_data=2 userid=1337 source=dump_data time=2013-04-02_16:17:30.929236
[profile_attr] old_data=66040 delta_type=0 attr=gold delta_data=10 userid=1337 source=enhance time=2013-04-02_16:17:37.061512
[profile_attr] old_data=66030 delta_type=0 attr=gold delta_data=10 userid=1337 source=enhance time=2013-04-02_16:17:38.078522
[profile_attr] old_data=66020 delta_type=0 attr=gold delta_data=10 userid=1337 source=enhance time=2013-04-02_16:17:38.612255
[profile_attr] old_data=66010 delta_type=0 attr=gold delta_data=10 userid=1337 source=enhance time=2013-04-02_16:17:39.036292
[profile_attr] old_data=66000 delta_type=0 attr=gold delta_data=10 userid=1337 source=enhance time=2013-04-02_16:17:39.647052
[profile_attr] old_data=65990 delta_type=1 attr=gold delta_data=1000 userid=1337 source=dump_data time=2013-04-02_16:17:48.391430
[profile_attr] old_data=368600 delta_type=0 attr=attr_1 delta_data=1000.0 userid=1337 source=upgrade time=2013-04-02_16:17:48.462570
[profile_attr] old_data=367600 delta_type=0 attr=attr_1 delta_data=2900.0 userid=1337 source=upgrade time=2013-04-02_16:17:48.880197
[profile_attr] old_data=364700 delta_type=0 attr=attr_1 delta_data=5600.0 userid=1337 source=upgrade time=2013-04-02_16:17:49.447242
[profile_attr] old_data=359100 delta_type=0 attr=attr_1 delta_data=8800.0 userid=1337 source=upgrade time=2013-04-02_16:17:49.996375
[profile_attr] old_data=350300 delta_type=0 attr=attr_1 delta_data=12600.0 userid=1337 source=upgrade time=2013-04-02_16:17:50.563990
[profile_attr] old_data=337700 delta_type=0 attr=attr_1 delta_data=16900.0 userid=1337 source=upgrade time=2013-04-02_16:17:51.079853
[profile_attr] old_data=320800 delta_type=0 attr=attr_1 delta_data=21600.0 userid=1337 source=upgrade time=2013-04-02_16:17:51.495708
[profile_attr] old_data=299200 delta_type=0 attr=attr_1 delta_data=26700.0 userid=1337 source=upgrade time=2013-04-02_16:17:52.064534
[profile_attr] old_data=272500 delta_type=0 attr=attr_1 delta_data=32300.0 userid=1337 source=upgrade time=2013-04-02_16:17:53.979139
[profile_attr] old_data=240200 delta_type=0 attr=attr_1 delta_data=38200.0 userid=1337 source=upgrade time=2013-04-02_16:17:54.481572
[profile_attr] old_data=202000 delta_type=1 attr=attr_1 delta_data=90500 userid=1337 source=dump_data time=2013-04-02_16:18:00.360213
[profile_attr] old_data=66990 delta_type=1 attr=gold delta_data=5900 userid=1337 source=dump_data time=2013-04-02_16:18:00.360981
[profile_attr] old_data=24 delta_type=0 attr=attr_2 delta_data=1 userid=1337 source=action_to_profile time=2013-04-02_16:18:00.429316
[profile_attr] old_data=23 delta_type=0 attr=attr_2 delta_data=1 userid=1337 source=action_to_profile time=2013-04-02_16:18:01.046024
[profile_attr] old_data=22 delta_type=0 attr=attr_2 delta_data=1 userid=1337 source=action_to_profile time=2013-04-02_16:18:01.514111
[profile_attr] old_data=21 delta_type=0 attr=attr_2 delta_data=1 userid=1337 source=action_to_profile time=2013-04-02_16:18:01.778091
[profile_attr] old_data=20 delta_type=0 attr=attr_2 delta_data=1 userid=1337 source=action_to_profile time=2013-04-02_16:18:02.228182
[profile_attr] old_data=19 delta_type=0 attr=attr_2 delta_data=1 userid=1337 source=action_to_profile time=2013-04-02_16:18:02.645751
[profile_attr] old_data=18 delta_type=0 attr=attr_2 delta_data=1 userid=1337 source=action_to_profile time=2013-04-02_16:18:03.562711
[profile_attr] old_data=292500 delta_type=1 attr=attr_1 delta_data=90500 userid=1337 source=dump_data time=2013-04-02_16:18:13.405873
[profile_attr] old_data=72890 delta_type=1 attr=gold delta_data=5900 userid=1337 source=dump_data time=2013-04-02_16:18:13.406668
[profile_attr] old_data=17 delta_type=0 attr=attr_2 delta_data=1 userid=1337 source=action_to_profile time=2013-04-02_16:18:13.463173
[profile_attr] old_data=16 delta_type=0 attr=attr_2 delta_data=1 userid=1337 source=action_to_profile time=2013-04-02_16:18:13.878009
[profile_attr] old_data=15 delta_type=0 attr=attr_2 delta_data=1 userid=1337 source=action_to_profile time=2013-04-02_16:18:14.246928
[profile_attr] old_data=14 delta_type=0 attr=attr_2 delta_data=1 userid=1337 source=action_to_profile time=2013-04-02_16:18:15.147046
[profile_attr] old_data=13 delta_type=0 attr=attr_2 delta_data=1 userid=1337 source=action_to_profile time=2013-04-02_16:18:15.412930
[profile_attr] old_data=12 delta_type=0 attr=attr_2 delta_data=1 userid=1337 source=action_to_profile time=2013-04-02_16:18:15.861988
[profile_attr] old_data=11 delta_type=0 attr=attr_2 delta_data=1 userid=1337 source=action_to_profile time=2013-04-02_16:18:16.978833
[profile_attr] old_data=10 delta_type=0 attr=attr_2 delta_data=1 userid=1337 source=action_to_profile time=2013-04-02_16:18:17.250053
[profile_attr] old_data=85999 delta_type=1 attr=attr_1 delta_data=3200 userid=710 source=dump_data time=2013-04-02_16:18:48.883677
[profile_attr] old_data=457546579 delta_type=1 attr=gold delta_data=7100 userid=710 source=dump_data time=2013-04-02_16:18:48.884465
[profile_attr] old_data=908323345 delta_type=1 attr=gold delta_data=18449 userid=1334 source=dump_data time=2013-04-02_16:19:00.366064
[profile_attr] old_data=96787124981 delta_type=0 attr=token delta_data=10 userid=1334 source=cheerup time=2013-04-02_16:19:00.435668
[profile_attr] old_data=99639 delta_type=0 attr=attr_10 delta_data=10 userid=710 source=enter time=2013-04-02_16:19:09.618744
[profile_attr] old_data=908341794 delta_type=1 attr=gold delta_data=5296 userid=1334 source=dump_data time=2013-04-02_16:19:11.994794
[profile_attr] old_data=4400 delta_type=1 attr=attr_1 delta_data=6600 userid=1339 source=dump_data time=2013-04-02_16:19:34.448070
[profile_attr] old_data=12155 delta_type=1 attr=gold delta_data=2400 userid=1339 source=dump_data time=2013-04-02_16:19:34.448851
[profile_attr] old_data=69995 delta_type=1 attr=hp delta_data=-69995 userid=889 source=dump_data time=2013-04-02_16:19:35.415603
[profile_attr] old_data=5488 delta_type=0 attr=token delta_data=10 userid=889 source=revive time=2013-04-02_16:19:35.626461
[profile_attr] old_data=0 delta_type=1 attr=hp delta_data=69995 userid=889 source=dump_data time=2013-04-02_16:19:37.023078
[profile_attr] old_data=60262 delta_type=1 attr=hp delta_data=3800 userid=594 source=dump_data time=2013-04-02_16:20:08.825669
[profile_attr] old_data=34649 delta_type=1 attr=hp delta_data=-34649 userid=1318 source=dump_data time=2013-04-02_16:20:23.710345
[profile_attr] old_data=48948 delta_type=0 attr=token delta_data=10 userid=1318 source=revive time=2013-04-02_16:20:23.832291
[profile_attr] old_data=1666417173 delta_type=1 attr=gold delta_data=118239 userid=594 source=dump_data time=2013-04-02_16:20:30.487841
[profile_attr] old_data=1 delta_type=1 attr=mount_status delta_data=-1 userid=594 source=dump_data time=2013-04-02_16:20:30.489543
[profile_attr] old_data=9780 delta_type=0 attr=token delta_data=10 userid=594 source=cheerup time=2013-04-02_16:20:30.663508
[profile_attr] old_data=1666535412 delta_type=1 attr=gold delta_data=21567 userid=594 source=dump_data time=2013-04-02_16:20:32.254408
[profile_attr] old_data=9770 delta_type=0 attr=token delta_data=10 userid=594 source=cheerup time=2013-04-02_16:20:32.405686
[profile_attr] old_data=9760 delta_type=0 attr=token delta_data=10 userid=594 source=cheerup time=2013-04-02_16:20:34.692374
[profile_attr] old_data=9750 delta_type=0 attr=token delta_data=10 userid=594 source=cheerup time=2013-04-02_16:20:36.973056
[profile_attr] old_data=9740 delta_type=0 attr=token delta_data=10 userid=594 source=cheerup time=2013-04-02_16:20:38.881904
[profile_attr] old_data=1666556979 delta_type=1 attr=gold delta_data=21280 userid=594 source=dump_data time=2013-04-02_16:20:40.264633
[profile_attr] old_data=9730 delta_type=0 attr=token delta_data=10 userid=594 source=cheerup time=2013-04-02_16:20:40.453820
[profile_attr] old_data=1666578259 delta_type=1 attr=gold delta_data=26855 userid=594 source=dump_data time=2013-04-02_16:20:43.056022
[profile_attr] old_data=9720 delta_type=0 attr=token delta_data=10 userid=594 source=cheerup time=2013-04-02_16:20:43.245471
[profile_attr] old_data=1666605114 delta_type=1 attr=gold delta_data=23842 userid=594 source=dump_data time=2013-04-02_16:20:44.935743
[profile_attr] old_data=9710 delta_type=0 attr=token delta_data=10 userid=594 source=cheerup time=2013-04-02_16:20:45.106553
[profile_attr] old_data=9700 delta_type=0 attr=token delta_data=10 userid=594 source=cheerup time=2013-04-02_16:20:47.116786
[profile_attr] old_data=1666628956 delta_type=1 attr=gold delta_data=25647 userid=594 source=dump_data time=2013-04-02_16:20:49.550312
[profile_attr] old_data=9690 delta_type=0 attr=token delta_data=10 userid=594 source=cheerup time=2013-04-02_16:20:49.699875
[profile_attr] old_data=9680 delta_type=0 attr=token delta_data=10 userid=594 source=cheerup time=2013-04-02_16:20:51.486861
[profile_attr] old_data=1666654603 delta_type=1 attr=gold delta_data=60732 userid=594 source=dump_data time=2013-04-02_16:20:53.227841
[profile_attr] old_data=9670 delta_type=0 attr=token delta_data=10 userid=594 source=cheerup time=2013-04-02_16:20:53.397121
[profile_attr] old_data=1666715335 delta_type=1 attr=gold delta_data=29323 userid=594 source=dump_data time=2013-04-02_16:20:55.802147
[profile_attr] old_data=9660 delta_type=0 attr=token delta_data=10 userid=594 source=cheerup time=2013-04-02_16:20:55.962475
[profile_attr] old_data=9650 delta_type=0 attr=token delta_data=10 userid=594 source=cheerup time=2013-04-02_16:20:57.604593
[profile_attr] old_data=9640 delta_type=0 attr=token delta_data=10 userid=594 source=cheerup time=2013-04-02_16:21:00.094739
[profile_attr] old_data=1666744658 delta_type=1 attr=gold delta_data=71063 userid=594 source=dump_data time=2013-04-02_16:21:01.489137
[profile_attr] old_data=9630 delta_type=0 attr=token delta_data=10 userid=594 source=cheerup time=2013-04-02_16:21:01.650051
[profile_attr] old_data=89199 delta_type=1 attr=attr_1 delta_data=1400 userid=710 source=dump_data time=2013-04-02_16:21:03.488977
[profile_attr] old_data=457553679 delta_type=1 attr=gold delta_data=748 userid=710 source=dump_data time=2013-04-02_16:21:03.489869
[profile_attr] old_data=9620 delta_type=0 attr=token delta_data=10 userid=594 source=cheerup time=2013-04-02_16:21:04.004977
[profile_attr] old_data=1666815721 delta_type=1 attr=gold delta_data=35107 userid=594 source=dump_data time=2013-04-02_16:21:05.818786
[profile_attr] old_data=9610 delta_type=0 attr=token delta_data=10 userid=594 source=cheerup time=2013-04-02_16:21:05.985200
[profile_attr] old_data=1666850828 delta_type=1 attr=gold delta_data=36070 userid=594 source=dump_data time=2013-04-02_16:21:07.387614
[profile_attr] old_data=9600 delta_type=0 attr=token delta_data=10 userid=594 source=cheerup time=2013-04-02_16:21:07.543468
[profile_attr] old_data=9590 delta_type=0 attr=token delta_data=10 userid=594 source=cheerup time=2013-04-02_16:21:09.212307
[profile_attr] old_data=908347090 delta_type=1 attr=gold delta_data=124587 userid=1334 source=dump_data time=2013-04-02_16:21:19.975144
[profile_attr] old_data=0 delta_type=1 attr=hp delta_data=25814 userid=1318 source=dump_data time=2013-04-02_16:22:30.781949
[profile_attr] old_data=48938 delta_type=0 attr=token delta_data=10 userid=1318 source=cheerup time=2013-04-02_16:22:30.885225
[profile_attr] old_data=48928 delta_type=0 attr=token delta_data=10 userid=1318 source=cheerup time=2013-04-02_16:22:37.956707
[profile_attr] old_data=48918 delta_type=0 attr=token delta_data=10 userid=1318 source=cheerup time=2013-04-02_16:22:44.118169
[profile_attr] old_data=25814 delta_type=1 attr=hp delta_data=-5889 userid=1318 source=dump_data time=2013-04-02_16:25:13.398459
[profile_attr] old_data=110 delta_type=0 attr=attr_10 delta_data=10 userid=1337 source=enter time=2013-04-02_16:25:21.188037
[profile_attr] old_data=19925 delta_type=1 attr=hp delta_data=14724 userid=1318 source=dump_data time=2013-04-02_16:25:29.952568
[profile_attr] old_data=500 delta_type=1 attr=hp delta_data=11500 userid=1339 source=dump_data time=2013-04-02_16:25:48.075120
[profile_attr] old_data=42 delta_type=1 attr=mp delta_data=266 userid=1339 source=dump_data time=2013-04-02_16:25:48.076176
[profile_attr] old_data=999999 delta_type=0 attr=gold delta_data=2000 userid=1339 source=start time=2013-04-02_16:25:48.731172
[profile_attr] old_data=997999 delta_type=0 attr=gold delta_data=4000 userid=1339 source=start time=2013-04-02_16:25:56.270810
[profile_attr] old_data=993999 delta_type=0 attr=gold delta_data=2000 userid=1339 source=start time=2013-04-02_16:26:02.302838
[profile_attr] old_data=78790 delta_type=1 attr=gold delta_data=563 userid=1337 source=dump_data time=2013-04-02_16:26:04.066575
[profile_attr] old_data=3050 delta_type=1 attr=hp delta_data=-88 userid=1337 source=dump_data time=2013-04-02_16:26:04.069881
[profile_attr] old_data=1666886898 delta_type=1 attr=gold delta_data=8170264 userid=594 source=dump_data time=2013-04-02_16:26:04.077396
[profile_attr] old_data=0 delta_type=1 attr=attr_1 delta_data=4200 userid=1340 source=dump_data time=2013-04-02_16:26:55.253274
[profile_attr] old_data=10000 delta_type=1 attr=gold delta_data=2100 userid=1340 source=dump_data time=2013-04-02_16:26:55.254705
[profile_attr] old_data=40.579180003 delta_type=1 attr=mp delta_data=-0.579180003048 userid=1340 source=dump_data time=2013-04-02_16:26:55.256777
[profile_attr] old_data=200 delta_type=0 attr=attr_10 delta_data=10 userid=1340 source=enter time=2013-04-02_16:26:59.414571
[profile_attr] old_data=0 delta_type=1 attr=attr_1 delta_data=4200 userid=1341 source=dump_data time=2013-04-02_16:26:59.433201
[profile_attr] old_data=10000 delta_type=1 attr=gold delta_data=2100 userid=1341 source=dump_data time=2013-04-02_16:26:59.434636
[profile_attr] old_data=40.579180003 delta_type=1 attr=mp delta_data=-0.579180003048 userid=1341 source=dump_data time=2013-04-02_16:26:59.437219
[profile_attr] old_data=200 delta_type=0 attr=attr_10 delta_data=10 userid=1341 source=enter time=2013-04-02_16:27:02.123764
[profile_attr] old_data=0 delta_type=1 attr=attr_2 delta_data=4 userid=1341 source=dump_data time=2013-04-02_16:27:42.410187
[profile_attr] old_data=4200 delta_type=1 attr=attr_1 delta_data=200 userid=1341 source=dump_data time=2013-04-02_16:27:42.411197
[profile_attr] old_data=12100 delta_type=1 attr=gold delta_data=57 userid=1341 source=dump_data time=2013-04-02_16:27:42.411938
[profile_attr] old_data=1 delta_type=1 attr=level delta_data=1 userid=1341 source=dump_data time=2013-04-02_16:27:42.414567
[profile_attr] old_data=200 delta_type=1 attr=hp delta_data=300 userid=1341 source=dump_data time=2013-04-02_16:27:42.414883
[profile_attr] old_data=40 delta_type=1 attr=mp delta_data=2 userid=1341 source=dump_data time=2013-04-02_16:27:42.415847
[profile_attr] old_data=0 delta_type=1 attr=attr_2 delta_data=4 userid=1340 source=dump_data time=2013-04-02_16:27:52.247891
[profile_attr] old_data=4200 delta_type=1 attr=attr_1 delta_data=200 userid=1340 source=dump_data time=2013-04-02_16:27:52.248648
[profile_attr] old_data=12100 delta_type=1 attr=gold delta_data=110 userid=1340 source=dump_data time=2013-04-02_16:27:52.249475
[profile_attr] old_data=1 delta_type=1 attr=level delta_data=1 userid=1340 source=dump_data time=2013-04-02_16:27:52.264398
[profile_attr] old_data=200 delta_type=1 attr=hp delta_data=300 userid=1340 source=dump_data time=2013-04-02_16:27:52.264788
[profile_attr] old_data=40 delta_type=1 attr=mp delta_data=2 userid=1340 source=dump_data time=2013-04-02_16:27:52.266278
[profile_attr] old_data=4400 delta_type=1 attr=attr_1 delta_data=6600 userid=1341 source=dump_data time=2013-04-02_16:27:58.135144
[profile_attr] old_data=12157 delta_type=1 attr=gold delta_data=2400 userid=1341 source=dump_data time=2013-04-02_16:27:58.135924
[profile_attr] old_data=14557 delta_type=0 attr=gold delta_data=10 userid=1341 source=enhance time=2013-04-02_16:27:58.218992
[profile_attr] old_data=14547 delta_type=0 attr=gold delta_data=10 userid=1341 source=enhance time=2013-04-02_16:27:58.829563
[profile_attr] old_data=14537 delta_type=0 attr=gold delta_data=10 userid=1341 source=enhance time=2013-04-02_16:27:59.347286
[profile_attr] old_data=14527 delta_type=0 attr=gold delta_data=10 userid=1341 source=enhance time=2013-04-02_16:27:59.732731
[profile_attr] old_data=14517 delta_type=0 attr=gold delta_data=10 userid=1341 source=enhance time=2013-04-02_16:28:00.246356
[profile_attr] old_data=11000 delta_type=1 attr=attr_1 delta_data=3100 userid=1341 source=dump_data time=2013-04-02_16:28:10.740579
[profile_attr] old_data=14507 delta_type=1 attr=gold delta_data=1100 userid=1341 source=dump_data time=2013-04-02_16:28:10.741697
[profile_attr] old_data=190 delta_type=0 attr=attr_10 delta_data=10 userid=1341 source=enter time=2013-04-02_16:28:15.010196
[profile_attr] old_data=4400 delta_type=1 attr=attr_1 delta_data=6600 userid=1340 source=dump_data time=2013-04-02_16:28:19.744162
[profile_attr] old_data=12210 delta_type=1 attr=gold delta_data=2400 userid=1340 source=dump_data time=2013-04-02_16:28:19.744664
[profile_attr] old_data=14610 delta_type=0 attr=gold delta_data=10 userid=1340 source=enhance time=2013-04-02_16:28:19.855967
[profile_attr] old_data=14600 delta_type=0 attr=gold delta_data=10 userid=1340 source=enhance time=2013-04-02_16:28:20.906718
[profile_attr] old_data=14590 delta_type=0 attr=gold delta_data=10 userid=1340 source=enhance time=2013-04-02_16:28:21.929359
[profile_attr] old_data=14580 delta_type=0 attr=gold delta_data=10 userid=1340 source=enhance time=2013-04-02_16:28:22.893363
[profile_attr] old_data=14570 delta_type=0 attr=gold delta_data=10 userid=1340 source=enhance time=2013-04-02_16:28:24.062923
[profile_attr] old_data=11000 delta_type=1 attr=attr_1 delta_data=3100 userid=1340 source=dump_data time=2013-04-02_16:28:33.058708
[profile_attr] old_data=14560 delta_type=1 attr=gold delta_data=1100 userid=1340 source=dump_data time=2013-04-02_16:28:33.059675
[profile_attr] old_data=190 delta_type=0 attr=attr_10 delta_data=10 userid=1340 source=enter time=2013-04-02_16:28:35.575032
[profile_attr] old_data=4 delta_type=1 attr=attr_2 delta_data=4 userid=1341 source=dump_data time=2013-04-02_16:29:16.677712
[profile_attr] old_data=14100 delta_type=1 attr=attr_1 delta_data=700 userid=1341 source=dump_data time=2013-04-02_16:29:16.678488
[profile_attr] old_data=15607 delta_type=1 attr=gold delta_data=102 userid=1341 source=dump_data time=2013-04-02_16:29:16.682246
[profile_attr] old_data=500 delta_type=1 attr=hp delta_data=147 userid=1341 source=dump_data time=2013-04-02_16:29:16.683260
[profile_attr] old_data=42 delta_type=1 attr=mp delta_data=3 userid=1341 source=dump_data time=2013-04-02_16:29:16.685375
[profile_attr] old_data=8 delta_type=1 attr=attr_2 delta_data=4 userid=1341 source=dump_data time=2013-04-02_16:29:34.049885
[profile_attr] old_data=14800 delta_type=1 attr=attr_1 delta_data=6200 userid=1341 source=dump_data time=2013-04-02_16:29:34.050924
[profile_attr] old_data=15709 delta_type=1 attr=gold delta_data=2200 userid=1341 source=dump_data time=2013-04-02_16:29:34.051838
[profile_attr] old_data=3 delta_type=1 attr=level delta_data=1 userid=1341 source=dump_data time=2013-04-02_16:29:34.071065
[profile_attr] old_data=647 delta_type=1 attr=hp delta_data=533 userid=1341 source=dump_data time=2013-04-02_16:29:34.071604
[profile_attr] old_data=45 delta_type=1 attr=mp delta_data=2 userid=1341 source=dump_data time=2013-04-02_16:29:34.073094
[profile_attr] old_data=180 delta_type=0 attr=attr_10 delta_data=10 userid=1341 source=enter time=2013-04-02_16:29:37.271369
[profile_attr] old_data=4 delta_type=1 attr=attr_2 delta_data=4 userid=1340 source=dump_data time=2013-04-02_16:30:15.178079
[profile_attr] old_data=14100 delta_type=1 attr=attr_1 delta_data=700 userid=1340 source=dump_data time=2013-04-02_16:30:15.178832
[profile_attr] old_data=15660 delta_type=1 attr=gold delta_data=276 userid=1340 source=dump_data time=2013-04-02_16:30:15.186519
[profile_attr] old_data=500 delta_type=1 attr=hp delta_data=200 userid=1340 source=dump_data time=2013-04-02_16:30:15.187546
[profile_attr] old_data=42 delta_type=1 attr=mp delta_data=3 userid=1340 source=dump_data time=2013-04-02_16:30:15.189391
[profile_attr] old_data=12 delta_type=1 attr=attr_2 delta_data=4 userid=1341 source=dump_data time=2013-04-02_16:30:25.209757
[profile_attr] old_data=21000 delta_type=1 attr=attr_1 delta_data=1400 userid=1341 source=dump_data time=2013-04-02_16:30:25.210538
[profile_attr] old_data=17909 delta_type=1 attr=gold delta_data=166 userid=1341 source=dump_data time=2013-04-02_16:30:25.211338
[profile_attr] old_data=4 delta_type=1 attr=level delta_data=1 userid=1341 source=dump_data time=2013-04-02_16:30:25.226317
[profile_attr] old_data=1180 delta_type=1 attr=hp delta_data=190 userid=1341 source=dump_data time=2013-04-02_16:30:25.226684
[profile_attr] old_data=47 delta_type=1 attr=mp delta_data=2 userid=1341 source=dump_data time=2013-04-02_16:30:25.227670
[profile_attr] old_data=2962 delta_type=1 attr=hp delta_data=88 userid=1337 source=dump_data time=2013-04-02_16:30:26.007658
[profile_attr] old_data=100 delta_type=0 attr=attr_10 delta_data=10 userid=1337 source=enter time=2013-04-02_16:30:29.477988
[profile_attr] old_data=18075 delta_type=1 attr=gold delta_data=49 userid=1341 source=dump_data time=2013-04-02_16:30:38.943207
[profile_attr] old_data=1370 delta_type=1 attr=hp delta_data=10 userid=1341 source=dump_data time=2013-04-02_16:30:38.943772
[profile_attr] old_data=8 delta_type=1 attr=attr_2 delta_data=4 userid=1340 source=dump_data time=2013-04-02_16:30:49.031029
[profile_attr] old_data=14800 delta_type=1 attr=attr_1 delta_data=6200 userid=1340 source=dump_data time=2013-04-02_16:30:49.031970
[profile_attr] old_data=15936 delta_type=1 attr=gold delta_data=2200 userid=1340 source=dump_data time=2013-04-02_16:30:49.032774
[profile_attr] old_data=3 delta_type=1 attr=level delta_data=1 userid=1340 source=dump_data time=2013-04-02_16:30:49.035231
[profile_attr] old_data=700 delta_type=1 attr=hp delta_data=480 userid=1340 source=dump_data time=2013-04-02_16:30:49.035571
[profile_attr] old_data=45 delta_type=1 attr=mp delta_data=2 userid=1340 source=dump_data time=2013-04-02_16:30:49.036577
[profile_attr] old_data=180 delta_type=0 attr=attr_10 delta_data=10 userid=1340 source=enter time=2013-04-02_16:30:51.055507
[profile_attr] old_data=18124 delta_type=0 attr=gold delta_data=10 userid=1341 source=enhance time=2013-04-02_16:30:55.649498
[profile_attr] old_data=1380 delta_type=1 attr=hp delta_data=29 userid=1341 source=dump_data time=2013-04-02_16:30:55.943841
[profile_attr] old_data=18114 delta_type=0 attr=gold delta_data=10 userid=1341 source=enhance time=2013-04-02_16:30:56.012117
[profile_attr] old_data=1409 delta_type=1 attr=hp delta_data=29 userid=1341 source=dump_data time=2013-04-02_16:30:56.500303
[profile_attr] old_data=18104 delta_type=0 attr=gold delta_data=10 userid=1341 source=enhance time=2013-04-02_16:30:56.563398
[profile_attr] old_data=1438 delta_type=1 attr=hp delta_data=29 userid=1341 source=dump_data time=2013-04-02_16:30:57.015634
[profile_attr] old_data=18094 delta_type=0 attr=gold delta_data=10 userid=1341 source=enhance time=2013-04-02_16:30:57.081711
[profile_attr] old_data=1467 delta_type=1 attr=hp delta_data=29 userid=1341 source=dump_data time=2013-04-02_16:30:57.533705
[profile_attr] old_data=18084 delta_type=0 attr=gold delta_data=10 userid=1341 source=enhance time=2013-04-02_16:30:57.620984
[profile_attr] old_data=383000 delta_type=1 attr=attr_1 delta_data=8100 userid=1337 source=dump_data time=2013-04-02_16:30:57.812126
[profile_attr] old_data=79353 delta_type=1 attr=gold delta_data=653 userid=1337 source=dump_data time=2013-04-02_16:30:57.812881
[profile_attr] old_data=9 delta_type=1 attr=attr_2 delta_data=4 userid=1337 source=dump_data time=2013-04-02_16:31:10.114871
[profile_attr] old_data=391100 delta_type=1 attr=attr_1 delta_data=189000 userid=1337 source=dump_data time=2013-04-02_16:31:10.116433
[profile_attr] old_data=80006 delta_type=1 attr=gold delta_data=11600 userid=1337 source=dump_data time=2013-04-02_16:31:10.118066
[profile_attr] old_data=10 delta_type=1 attr=level delta_data=1 userid=1337 source=dump_data time=2013-04-02_16:31:10.120955
[profile_attr] old_data=3050 delta_type=1 attr=hp delta_data=200 userid=1337 source=dump_data time=2013-04-02_16:31:10.121304
[profile_attr] old_data=60 delta_type=1 attr=mp delta_data=3 userid=1337 source=dump_data time=2013-04-02_16:31:10.122286
[profile_attr] old_data=580100 delta_type=0 attr=attr_1 delta_data=1000.0 userid=1337 source=upgrade time=2013-04-02_16:31:10.186326
[profile_attr] old_data=579100 delta_type=0 attr=attr_1 delta_data=2900.0 userid=1337 source=upgrade time=2013-04-02_16:31:10.636403
[profile_attr] old_data=22400 delta_type=1 attr=attr_1 delta_data=3200 userid=1341 source=dump_data time=2013-04-02_16:31:10.665753
[profile_attr] old_data=18074 delta_type=1 attr=gold delta_data=2100 userid=1341 source=dump_data time=2013-04-02_16:31:10.666640
[profile_attr] old_data=1496 delta_type=1 attr=hp delta_data=29 userid=1341 source=dump_data time=2013-04-02_16:31:10.667240
[profile_attr] old_data=16 delta_type=0 attr=attr_2 delta_data=1 userid=1341 source=action_to_profile time=2013-04-02_16:31:10.735292
[profile_attr] old_data=576200 delta_type=0 attr=attr_1 delta_data=5600.0 userid=1337 source=upgrade time=2013-04-02_16:31:11.052993
[profile_attr] old_data=15 delta_type=0 attr=attr_2 delta_data=1 userid=1341 source=action_to_profile time=2013-04-02_16:31:11.098975
[profile_attr] old_data=570600 delta_type=0 attr=attr_1 delta_data=8800.0 userid=1337 source=upgrade time=2013-04-02_16:31:11.417032
[profile_attr] old_data=14 delta_type=0 attr=attr_2 delta_data=1 userid=1341 source=action_to_profile time=2013-04-02_16:31:11.487633
[profile_attr] old_data=13 delta_type=0 attr=attr_2 delta_data=1 userid=1341 source=action_to_profile time=2013-04-02_16:31:11.782126
[profile_attr] old_data=561800 delta_type=0 attr=attr_1 delta_data=12600.0 userid=1337 source=upgrade time=2013-04-02_16:31:11.865119
[profile_attr] old_data=549200 delta_type=0 attr=attr_1 delta_data=16900.0 userid=1337 source=upgrade time=2013-04-02_16:31:12.251570
[profile_attr] old_data=12 delta_type=0 attr=attr_2 delta_data=1 userid=1341 source=action_to_profile time=2013-04-02_16:31:12.616838
[profile_attr] old_data=532300 delta_type=0 attr=attr_1 delta_data=21600.0 userid=1337 source=upgrade time=2013-04-02_16:31:12.684966
[profile_attr] old_data=11 delta_type=0 attr=attr_2 delta_data=1 userid=1341 source=action_to_profile time=2013-04-02_16:31:12.982360
[profile_attr] old_data=510700 delta_type=0 attr=attr_1 delta_data=26700.0 userid=1337 source=upgrade time=2013-04-02_16:31:13.050234
[profile_attr] old_data=10 delta_type=0 attr=attr_2 delta_data=1 userid=1341 source=action_to_profile time=2013-04-02_16:31:13.332821
[profile_attr] old_data=484000 delta_type=0 attr=attr_1 delta_data=32300.0 userid=1337 source=upgrade time=2013-04-02_16:31:13.448690
[profile_attr] old_data=9 delta_type=0 attr=attr_2 delta_data=1 userid=1341 source=action_to_profile time=2013-04-02_16:31:13.666534
[profile_attr] old_data=451700 delta_type=0 attr=attr_1 delta_data=38200.0 userid=1337 source=upgrade time=2013-04-02_16:31:13.868165
[profile_attr] old_data=91606 delta_type=0 attr=gold delta_data=7644 userid=1337 source=enhance time=2013-04-02_16:31:23.687783
[profile_attr] old_data=83962 delta_type=0 attr=gold delta_data=7644 userid=1337 source=enhance time=2013-04-02_16:31:24.334040
[profile_attr] old_data=76318 delta_type=0 attr=gold delta_data=7644 userid=1337 source=enhance time=2013-04-02_16:31:25.000195
[profile_attr] old_data=68674 delta_type=0 attr=gold delta_data=7644 userid=1337 source=enhance time=2013-04-02_16:31:25.584286
[profile_attr] old_data=61030 delta_type=0 attr=gold delta_data=7644 userid=1337 source=enhance time=2013-04-02_16:31:26.200372
[profile_attr] old_data=25600 delta_type=1 attr=attr_1 delta_data=6400 userid=1341 source=dump_data time=2013-04-02_16:31:26.606158
[profile_attr] old_data=20174 delta_type=1 attr=gold delta_data=2200 userid=1341 source=dump_data time=2013-04-02_16:31:26.607539
[profile_attr] old_data=53386 delta_type=0 attr=gold delta_data=7644 userid=1337 source=enhance time=2013-04-02_16:31:27.082145
[profile_attr] old_data=45742 delta_type=0 attr=gold delta_data=7644 userid=1337 source=enhance time=2013-04-02_16:31:27.622107
[profile_attr] old_data=38098 delta_type=0 attr=gold delta_data=7644 userid=1337 source=enhance time=2013-04-02_16:31:28.431164
[profile_attr] old_data=30454 delta_type=0 attr=gold delta_data=7644 userid=1337 source=enhance time=2013-04-02_16:31:29.215079
[profile_attr] old_data=22810 delta_type=0 attr=gold delta_data=7644 userid=1337 source=enhance time=2013-04-02_16:31:30.348671
[profile_attr] old_data=170 delta_type=0 attr=attr_10 delta_data=10 userid=1341 source=enter time=2013-04-02_16:31:30.846761
[profile_attr] old_data=15166 delta_type=0 attr=gold delta_data=7644 userid=1337 source=enhance time=2013-04-02_16:31:31.166902
[profile_attr] old_data=12 delta_type=1 attr=attr_2 delta_data=4 userid=1340 source=dump_data time=2013-04-02_16:31:32.895153
[profile_attr] old_data=21000 delta_type=1 attr=attr_1 delta_data=1400 userid=1340 source=dump_data time=2013-04-02_16:31:32.895877
[profile_attr] old_data=18136 delta_type=1 attr=gold delta_data=170 userid=1340 source=dump_data time=2013-04-02_16:31:32.896625
[profile_attr] old_data=4 delta_type=1 attr=level delta_data=1 userid=1340 source=dump_data time=2013-04-02_16:31:32.911442
[profile_attr] old_data=1180 delta_type=1 attr=hp delta_data=200 userid=1340 source=dump_data time=2013-04-02_16:31:32.911831
[profile_attr] old_data=47 delta_type=1 attr=mp delta_data=2 userid=1340 source=dump_data time=2013-04-02_16:31:32.912852
[profile_attr] old_data=413500 delta_type=1 attr=attr_1 delta_data=189000 userid=1337 source=dump_data time=2013-04-02_16:31:44.941910
[profile_attr] old_data=7522 delta_type=1 attr=gold delta_data=11600 userid=1337 source=dump_data time=2013-04-02_16:31:44.942886
[profile_attr] old_data=602500 delta_type=0 attr=attr_1 delta_data=1000.0 userid=1337 source=upgrade time=2013-04-02_16:31:44.999318
[profile_attr] old_data=601500 delta_type=0 attr=attr_1 delta_data=2900.0 userid=1337 source=upgrade time=2013-04-02_16:31:45.416515
[profile_attr] old_data=598600 delta_type=0 attr=attr_1 delta_data=5600.0 userid=1337 source=upgrade time=2013-04-02_16:31:45.834359
[profile_attr] old_data=593000 delta_type=0 attr=attr_1 delta_data=8800.0 userid=1337 source=upgrade time=2013-04-02_16:31:46.233299
[profile_attr] old_data=584200 delta_type=0 attr=attr_1 delta_data=12600.0 userid=1337 source=upgrade time=2013-04-02_16:31:46.699407
[profile_attr] old_data=571600 delta_type=0 attr=attr_1 delta_data=16900.0 userid=1337 source=upgrade time=2013-04-02_16:31:47.118787
[profile_attr] old_data=554700 delta_type=0 attr=attr_1 delta_data=21600.0 userid=1337 source=upgrade time=2013-04-02_16:31:47.533792
[profile_attr] old_data=533100 delta_type=0 attr=attr_1 delta_data=26700.0 userid=1337 source=upgrade time=2013-04-02_16:31:47.950599
[profile_attr] old_data=506400 delta_type=0 attr=attr_1 delta_data=32300.0 userid=1337 source=upgrade time=2013-04-02_16:31:48.569263
[profile_attr] old_data=474100 delta_type=0 attr=attr_1 delta_data=38200.0 userid=1337 source=upgrade time=2013-04-02_16:31:49.018420
[profile_attr] old_data=435900 delta_type=0 attr=attr_1 delta_data=44500.0 userid=1337 source=upgrade time=2013-04-02_16:31:49.433905
[profile_attr] old_data=391400 delta_type=0 attr=attr_1 delta_data=44500.0 userid=1337 source=upgrade time=2013-04-02_16:31:50.399640
[profile_attr] old_data=346900 delta_type=0 attr=attr_1 delta_data=44500.0 userid=1337 source=upgrade time=2013-04-02_16:31:51.317452
[profile_attr] old_data=19122 delta_type=1 attr=gold delta_data=1000 userid=1337 source=dump_data time=2013-04-02_16:32:01.349561
[profile_attr] old_data=302400 delta_type=0 attr=attr_1 delta_data=1000.0 userid=1337 source=upgrade time=2013-04-02_16:32:01.417830
[profile_attr] old_data=3250 delta_type=1 attr=hp delta_data=480 userid=1337 source=dump_data time=2013-04-02_16:32:01.816154
[profile_attr] old_data=301400 delta_type=0 attr=attr_1 delta_data=2900.0 userid=1337 source=upgrade time=2013-04-02_16:32:01.887085
[profile_attr] old_data=8 delta_type=1 attr=attr_2 delta_data=4 userid=1341 source=dump_data time=2013-04-02_16:33:38.966261
[profile_attr] old_data=32000 delta_type=1 attr=attr_1 delta_data=2200 userid=1341 source=dump_data time=2013-04-02_16:33:38.967014
[profile_attr] old_data=22374 delta_type=1 attr=gold delta_data=543 userid=1341 source=dump_data time=2013-04-02_16:33:38.967778
[profile_attr] old_data=5 delta_type=1 attr=level delta_data=1 userid=1341 source=dump_data time=2013-04-02_16:33:38.983024
[profile_attr] old_data=1525 delta_type=1 attr=hp delta_data=193 userid=1341 source=dump_data time=2013-04-02_16:33:38.983373
[profile_attr] old_data=49 delta_type=1 attr=mp delta_data=2 userid=1341 source=dump_data time=2013-04-02_16:33:38.984345
[profile_attr] old_data=908471677 delta_type=1 attr=gold delta_data=515835 userid=1334 source=dump_data time=2013-04-02_16:33:39.563777
[profile_attr] old_data=96787124971 delta_type=0 attr=token delta_data=10 userid=1334 source=cheerup time=2013-04-02_16:33:39.659770
[profile_attr] old_data=34200 delta_type=1 attr=attr_1 delta_data=3200 userid=1341 source=dump_data time=2013-04-02_16:33:54.141663
[profile_attr] old_data=22917 delta_type=1 attr=gold delta_data=1100 userid=1341 source=dump_data time=2013-04-02_16:33:54.142483
[profile_attr] old_data=1718 delta_type=1 attr=hp delta_data=7 userid=1341 source=dump_data time=2013-04-02_16:33:54.143008
[profile_attr] old_data=24017 delta_type=0 attr=gold delta_data=10 userid=1341 source=enhance time=2013-04-02_16:33:54.215874
[profile_attr] old_data=24007 delta_type=0 attr=gold delta_data=10 userid=1341 source=enhance time=2013-04-02_16:33:54.785672
[profile_attr] old_data=23997 delta_type=0 attr=gold delta_data=10 userid=1341 source=enhance time=2013-04-02_16:33:55.298084
[profile_attr] old_data=23987 delta_type=0 attr=gold delta_data=10 userid=1341 source=enhance time=2013-04-02_16:33:55.863805
[profile_attr] old_data=23977 delta_type=0 attr=gold delta_data=10 userid=1341 source=enhance time=2013-04-02_16:33:56.384039
[profile_attr] old_data=23967 delta_type=1 attr=gold delta_data=1000 userid=1341 source=dump_data time=2013-04-02_16:34:02.045162
[profile_attr] old_data=24967 delta_type=0 attr=gold delta_data=10 userid=1341 source=enhance time=2013-04-02_16:34:02.112915
[profile_attr] old_data=24957 delta_type=0 attr=gold delta_data=10 userid=1341 source=enhance time=2013-04-02_16:34:02.679174
[profile_attr] old_data=24947 delta_type=0 attr=gold delta_data=10 userid=1341 source=enhance time=2013-04-02_16:34:03.246183
[profile_attr] old_data=24937 delta_type=0 attr=gold delta_data=10 userid=1341 source=enhance time=2013-04-02_16:34:03.615488
[profile_attr] old_data=24927 delta_type=0 attr=gold delta_data=10 userid=1341 source=enhance time=2013-04-02_16:34:04.030675
[profile_attr] old_data=24917 delta_type=1 attr=gold delta_data=1000 userid=1341 source=dump_data time=2013-04-02_16:34:11.810201
[profile_attr] old_data=160 delta_type=0 attr=attr_10 delta_data=10 userid=1341 source=enter time=2013-04-02_16:34:16.104870
[profile_attr] old_data=263606 delta_type=1 attr=gold delta_data=258006 userid=1318 source=dump_data time=2013-04-02_16:34:59.508597
[profile_attr] old_data=34649 delta_type=1 attr=hp delta_data=-29448 userid=1318 source=dump_data time=2013-04-02_16:34:59.509356
[profile_attr] old_data=48908 delta_type=0 attr=token delta_data=10 userid=1318 source=cheerup time=2013-04-02_16:34:59.623615
[profile_attr] old_data=908987512 delta_type=1 attr=gold delta_data=596141 userid=1334 source=dump_data time=2013-04-02_16:35:01.136310
[profile_attr] old_data=9999993 delta_type=0 attr=attr_2 delta_data=1 userid=1334 source=action_to_profile time=2013-04-02_16:35:01.261153
[profile_attr] old_data=909583653 delta_type=1 attr=gold delta_data=9265 userid=1334 source=dump_data time=2013-04-02_16:35:01.897637
[profile_attr] old_data=9999992 delta_type=0 attr=attr_2 delta_data=1 userid=1334 source=action_to_profile time=2013-04-02_16:35:01.974661
[profile_attr] old_data=9999991 delta_type=0 attr=attr_2 delta_data=1 userid=1334 source=action_to_profile time=2013-04-02_16:35:02.733118
[profile_attr] old_data=9999990 delta_type=0 attr=attr_2 delta_data=1 userid=1334 source=action_to_profile time=2013-04-02_16:35:03.243419
[profile_attr] old_data=9999989 delta_type=0 attr=attr_2 delta_data=1 userid=1334 source=action_to_profile time=2013-04-02_16:35:03.541916
[profile_attr] old_data=9999988 delta_type=0 attr=attr_2 delta_data=1 userid=1334 source=action_to_profile time=2013-04-02_16:35:03.992548
[profile_attr] old_data=9999987 delta_type=0 attr=attr_2 delta_data=1 userid=1334 source=action_to_profile time=2013-04-02_16:35:04.347894
[profile_attr] old_data=9999986 delta_type=0 attr=attr_2 delta_data=1 userid=1334 source=action_to_profile time=2013-04-02_16:35:04.697844
[profile_attr] old_data=9999985 delta_type=0 attr=attr_2 delta_data=1 userid=1334 source=action_to_profile time=2013-04-02_16:35:05.098724
[profile_attr] old_data=9999984 delta_type=0 attr=attr_2 delta_data=1 userid=1334 source=action_to_profile time=2013-04-02_16:35:05.508755
[profile_attr] old_data=9999983 delta_type=0 attr=attr_2 delta_data=1 userid=1334 source=action_to_profile time=2013-04-02_16:35:05.882799
[profile_attr] old_data=909592918 delta_type=1 attr=gold delta_data=10373 userid=1334 source=dump_data time=2013-04-02_16:35:06.091170
[profile_attr] old_data=9999982 delta_type=0 attr=attr_2 delta_data=1 userid=1334 source=action_to_profile time=2013-04-02_16:35:06.194045
[profile_attr] old_data=9999981 delta_type=0 attr=attr_2 delta_data=1 userid=1334 source=action_to_profile time=2013-04-02_16:35:06.669188
[profile_attr] old_data=9999980 delta_type=0 attr=attr_2 delta_data=1 userid=1334 source=action_to_profile time=2013-04-02_16:35:06.970056
[profile_attr] old_data=909603291 delta_type=1 attr=gold delta_data=12232 userid=1334 source=dump_data time=2013-04-02_16:35:07.280531
[profile_attr] old_data=9999979 delta_type=0 attr=attr_2 delta_data=1 userid=1334 source=action_to_profile time=2013-04-02_16:35:07.418302
[profile_attr] old_data=9999978 delta_type=0 attr=attr_2 delta_data=1 userid=1334 source=action_to_profile time=2013-04-02_16:35:07.789674
[profile_attr] old_data=9999977 delta_type=0 attr=attr_2 delta_data=1 userid=1334 source=action_to_profile time=2013-04-02_16:35:08.161426
[profile_attr] old_data=9999976 delta_type=0 attr=attr_2 delta_data=1 userid=1334 source=action_to_profile time=2013-04-02_16:35:08.461660
[profile_attr] old_data=1675057162 delta_type=1 attr=gold delta_data=509258 userid=594 source=dump_data time=2013-04-02_16:35:09.165439
[profile_attr] old_data=9580 delta_type=0 attr=token delta_data=10 userid=594 source=cheerup time=2013-04-02_16:35:09.317176
[profile_attr] old_data=9999975 delta_type=0 attr=attr_2 delta_data=1 userid=1334 source=action_to_profile time=2013-04-02_16:35:09.723705
[profile_attr] old_data=9999974 delta_type=0 attr=attr_2 delta_data=1 userid=1334 source=action_to_profile time=2013-04-02_16:35:10.012443
[profile_attr] old_data=9999973 delta_type=0 attr=attr_2 delta_data=1 userid=1334 source=action_to_profile time=2013-04-02_16:35:10.383029
[profile_attr] old_data=1675566420 delta_type=1 attr=gold delta_data=124533 userid=594 source=dump_data time=2013-04-02_16:35:10.742319
[profile_attr] old_data=9999972 delta_type=0 attr=attr_2 delta_data=1 userid=1334 source=action_to_profile time=2013-04-02_16:35:10.857317
[profile_attr] old_data=9570 delta_type=0 attr=token delta_data=10 userid=594 source=cheerup time=2013-04-02_16:35:10.938082
[profile_attr] old_data=9999971 delta_type=0 attr=attr_2 delta_data=1 userid=1334 source=action_to_profile time=2013-04-02_16:35:11.149977
[profile_attr] old_data=9999970 delta_type=0 attr=attr_2 delta_data=1 userid=1334 source=action_to_profile time=2013-04-02_16:35:11.496805
[profile_attr] old_data=9999969 delta_type=0 attr=attr_2 delta_data=1 userid=1334 source=action_to_profile time=2013-04-02_16:35:11.939699
[profile_attr] old_data=9999968 delta_type=0 attr=attr_2 delta_data=1 userid=1334 source=action_to_profile time=2013-04-02_16:35:12.300964
[profile_attr] old_data=9560 delta_type=0 attr=token delta_data=10 userid=594 source=cheerup time=2013-04-02_16:35:12.425617
[profile_attr] old_data=9999967 delta_type=0 attr=attr_2 delta_data=1 userid=1334 source=action_to_profile time=2013-04-02_16:35:12.668722
[profile_attr] old_data=9999966 delta_type=0 attr=attr_2 delta_data=1 userid=1334 source=action_to_profile time=2013-04-02_16:35:13.006934
[profile_attr] old_data=9999965 delta_type=0 attr=attr_2 delta_data=1 userid=1334 source=action_to_profile time=2013-04-02_16:35:13.430511
[profile_attr] old_data=9550 delta_type=0 attr=token delta_data=10 userid=594 source=cheerup time=2013-04-02_16:35:13.862511
[profile_attr] old_data=9999964 delta_type=0 attr=attr_2 delta_data=1 userid=1334 source=action_to_profile time=2013-04-02_16:35:13.923320
[profile_attr] old_data=9999963 delta_type=0 attr=attr_2 delta_data=1 userid=1334 source=action_to_profile time=2013-04-02_16:35:14.224695
[profile_attr] old_data=9999962 delta_type=0 attr=attr_2 delta_data=1 userid=1334 source=action_to_profile time=2013-04-02_16:35:14.577292
[profile_attr] old_data=909615523 delta_type=1 attr=gold delta_data=14691 userid=1334 source=dump_data time=2013-04-02_16:35:14.892351
[profile_attr] old_data=9999961 delta_type=0 attr=attr_2 delta_data=1 userid=1334 source=action_to_profile time=2013-04-02_16:35:14.987434
[profile_attr] old_data=9540 delta_type=0 attr=token delta_data=10 userid=594 source=cheerup time=2013-04-02_16:35:15.343223
[profile_attr] old_data=9999960 delta_type=0 attr=attr_2 delta_data=1 userid=1334 source=action_to_profile time=2013-04-02_16:35:15.438517
[profile_attr] old_data=521612 delta_type=1 attr=gold delta_data=57132 userid=1318 source=dump_data time=2013-04-02_16:35:15.509089
[profile_attr] old_data=5201 delta_type=1 attr=hp delta_data=-5201 userid=1318 source=dump_data time=2013-04-02_16:35:15.510117
[profile_attr] old_data=48898 delta_type=0 attr=token delta_data=10 userid=1318 source=revive time=2013-04-02_16:35:15.608722
[profile_attr] old_data=9999959 delta_type=0 attr=attr_2 delta_data=1 userid=1334 source=action_to_profile time=2013-04-02_16:35:15.732900
[profile_attr] old_data=9999958 delta_type=0 attr=attr_2 delta_data=1 userid=1334 source=action_to_profile time=2013-04-02_16:35:16.143023
[profile_attr] old_data=9999957 delta_type=0 attr=attr_2 delta_data=1 userid=1334 source=action_to_profile time=2013-04-02_16:35:16.511622
[profile_attr] old_data=9530 delta_type=0 attr=token delta_data=10 userid=594 source=cheerup time=2013-04-02_16:35:16.844770
[profile_attr] old_data=9999956 delta_type=0 attr=attr_2 delta_data=1 userid=1334 source=action_to_profile time=2013-04-02_16:35:16.989821
[profile_attr] old_data=9999955 delta_type=0 attr=attr_2 delta_data=1 userid=1334 source=action_to_profile time=2013-04-02_16:35:18.113726
[profile_attr] old_data=1675690953 delta_type=1 attr=gold delta_data=155063 userid=594 source=dump_data time=2013-04-02_16:35:18.337033
[profile_attr] old_data=909630214 delta_type=1 attr=gold delta_data=14350 userid=1334 source=dump_data time=2013-04-02_16:35:18.472271
[profile_attr] old_data=9520 delta_type=0 attr=token delta_data=10 userid=594 source=cheerup time=2013-04-02_16:35:18.509028
[profile_attr] old_data=9999954 delta_type=0 attr=attr_2 delta_data=1 userid=1334 source=action_to_profile time=2013-04-02_16:35:18.605166
[profile_attr] old_data=9999953 delta_type=0 attr=attr_2 delta_data=1 userid=1334 source=action_to_profile time=2013-04-02_16:35:18.922607
[profile_attr] old_data=9999952 delta_type=0 attr=attr_2 delta_data=1 userid=1334 source=action_to_profile time=2013-04-02_16:35:19.330742
[profile_attr] old_data=9999951 delta_type=0 attr=attr_2 delta_data=1 userid=1334 source=action_to_profile time=2013-04-02_16:35:19.693046
[profile_attr] old_data=1675846016 delta_type=1 attr=gold delta_data=161169 userid=594 source=dump_data time=2013-04-02_16:35:19.818655
[profile_attr] old_data=9510 delta_type=0 attr=token delta_data=10 userid=594 source=cheerup time=2013-04-02_16:35:19.953206
[profile_attr] old_data=9999950 delta_type=0 attr=attr_2 delta_data=1 userid=1334 source=action_to_profile time=2013-04-02_16:35:20.047876
[profile_attr] old_data=9999949 delta_type=0 attr=attr_2 delta_data=1 userid=1334 source=action_to_profile time=2013-04-02_16:35:20.397600
[profile_attr] old_data=9999948 delta_type=0 attr=attr_2 delta_data=1 userid=1334 source=action_to_profile time=2013-04-02_16:35:20.869927
[profile_attr] old_data=9999947 delta_type=0 attr=attr_2 delta_data=1 userid=1334 source=action_to_profile time=2013-04-02_16:35:21.282084
[profile_attr] old_data=1676007185 delta_type=1 attr=gold delta_data=202786 userid=594 source=dump_data time=2013-04-02_16:35:21.542657
[profile_attr] old_data=9500 delta_type=0 attr=token delta_data=10 userid=594 source=cheerup time=2013-04-02_16:35:21.671922
[profile_attr] old_data=9999946 delta_type=0 attr=attr_2 delta_data=1 userid=1334 source=action_to_profile time=2013-04-02_16:35:21.767374
[profile_attr] old_data=9999945 delta_type=0 attr=attr_2 delta_data=1 userid=1334 source=action_to_profile time=2013-04-02_16:35:22.207065
[profile_attr] old_data=9999944 delta_type=0 attr=attr_2 delta_data=1 userid=1334 source=action_to_profile time=2013-04-02_16:35:22.643935
[profile_attr] old_data=9999943 delta_type=0 attr=attr_2 delta_data=1 userid=1334 source=action_to_profile time=2013-04-02_16:35:23.007298
[profile_attr] old_data=9490 delta_type=0 attr=token delta_data=10 userid=594 source=cheerup time=2013-04-02_16:35:23.348235
[profile_attr] old_data=9999942 delta_type=0 attr=attr_2 delta_data=1 userid=1334 source=action_to_profile time=2013-04-02_16:35:23.404442
[profile_attr] old_data=909644564 delta_type=1 attr=gold delta_data=19928 userid=1334 source=dump_data time=2013-04-02_16:35:23.624328
[profile_attr] old_data=9999941 delta_type=0 attr=attr_2 delta_data=1 userid=1334 source=action_to_profile time=2013-04-02_16:35:23.776087
[profile_attr] old_data=9999940 delta_type=0 attr=attr_2 delta_data=1 userid=1334 source=action_to_profile time=2013-04-02_16:35:24.113381
[profile_attr] old_data=9999939 delta_type=0 attr=attr_2 delta_data=1 userid=1334 source=action_to_profile time=2013-04-02_16:35:24.453004
[profile_attr] old_data=909664492 delta_type=1 attr=gold delta_data=12547 userid=1334 source=dump_data time=2013-04-02_16:35:24.755471
[profile_attr] old_data=9999938 delta_type=0 attr=attr_2 delta_data=1 userid=1334 source=action_to_profile time=2013-04-02_16:35:24.862381
[profile_attr] old_data=9999937 delta_type=0 attr=attr_2 delta_data=1 userid=1334 source=action_to_profile time=2013-04-02_16:35:25.269541
[profile_attr] old_data=1676209971 delta_type=1 attr=gold delta_data=185844 userid=594 source=dump_data time=2013-04-02_16:35:25.581859
[profile_attr] old_data=9480 delta_type=0 attr=token delta_data=10 userid=594 source=cheerup time=2013-04-02_16:35:25.738633
[profile_attr] old_data=9999936 delta_type=0 attr=attr_2 delta_data=1 userid=1334 source=action_to_profile time=2013-04-02_16:35:26.382122
[profile_attr] old_data=9999935 delta_type=0 attr=attr_2 delta_data=1 userid=1334 source=action_to_profile time=2013-04-02_16:35:26.813118
[profile_attr] old_data=9999934 delta_type=0 attr=attr_2 delta_data=1 userid=1334 source=action_to_profile time=2013-04-02_16:35:27.146432
[profile_attr] old_data=9999933 delta_type=0 attr=attr_2 delta_data=1 userid=1334 source=action_to_profile time=2013-04-02_16:35:27.622175
[profile_attr] old_data=9999932 delta_type=0 attr=attr_2 delta_data=1 userid=1334 source=action_to_profile time=2013-04-02_16:35:27.992121
[profile_attr] old_data=9470 delta_type=0 attr=token delta_data=10 userid=594 source=cheerup time=2013-04-02_16:35:28.120294
[profile_attr] old_data=909677039 delta_type=1 attr=gold delta_data=19982 userid=1334 source=dump_data time=2013-04-02_16:35:28.198347
[profile_attr] old_data=9999931 delta_type=0 attr=attr_2 delta_data=1 userid=1334 source=action_to_profile time=2013-04-02_16:35:28.312998
[profile_attr] old_data=9999930 delta_type=0 attr=attr_2 delta_data=1 userid=1334 source=action_to_profile time=2013-04-02_16:35:28.659568
[profile_attr] old_data=9999929 delta_type=0 attr=attr_2 delta_data=1 userid=1334 source=action_to_profile time=2013-04-02_16:35:29.092403
[profile_attr] old_data=909697021 delta_type=1 attr=gold delta_data=12557 userid=1334 source=dump_data time=2013-04-02_16:35:29.328365
[profile_attr] old_data=9999928 delta_type=0 attr=attr_2 delta_data=1 userid=1334 source=action_to_profile time=2013-04-02_16:35:29.448046
[profile_attr] old_data=1676395815 delta_type=1 attr=gold delta_data=198480 userid=594 source=dump_data time=2013-04-02_16:35:29.490922
[profile_attr] old_data=9460 delta_type=0 attr=token delta_data=10 userid=594 source=cheerup time=2013-04-02_16:35:29.679442
[profile_attr] old_data=9999927 delta_type=0 attr=attr_2 delta_data=1 userid=1334 source=action_to_profile time=2013-04-02_16:35:29.763761
[profile_attr] old_data=9999926 delta_type=0 attr=attr_2 delta_data=1 userid=1334 source=action_to_profile time=2013-04-02_16:35:30.384714
[profile_attr] old_data=9999925 delta_type=0 attr=attr_2 delta_data=1 userid=1334 source=action_to_profile time=2013-04-02_16:35:30.844189
[profile_attr] old_data=1676594295 delta_type=1 attr=gold delta_data=248275 userid=594 source=dump_data time=2013-04-02_16:35:31.165774
[profile_attr] old_data=9999924 delta_type=0 attr=attr_2 delta_data=1 userid=1334 source=action_to_profile time=2013-04-02_16:35:31.199953
[profile_attr] old_data=9450 delta_type=0 attr=token delta_data=10 userid=594 source=cheerup time=2013-04-02_16:35:31.322577
[profile_attr] old_data=9999923 delta_type=0 attr=attr_2 delta_data=1 userid=1334 source=action_to_profile time=2013-04-02_16:35:31.626367
[profile_attr] old_data=9999922 delta_type=0 attr=attr_2 delta_data=1 userid=1334 source=action_to_profile time=2013-04-02_16:35:31.971865
[profile_attr] old_data=9999921 delta_type=0 attr=attr_2 delta_data=1 userid=1334 source=action_to_profile time=2013-04-02_16:35:32.408077
[profile_attr] old_data=909709578 delta_type=1 attr=gold delta_data=20482 userid=1334 source=dump_data time=2013-04-02_16:35:32.718616
[profile_attr] old_data=9999920 delta_type=0 attr=attr_2 delta_data=1 userid=1334 source=action_to_profile time=2013-04-02_16:35:32.864217
[profile_attr] old_data=9440 delta_type=0 attr=token delta_data=10 userid=594 source=cheerup time=2013-04-02_16:35:32.987625
[profile_attr] old_data=9999919 delta_type=0 attr=attr_2 delta_data=1 userid=1334 source=action_to_profile time=2013-04-02_16:35:33.244882
[profile_attr] old_data=9999918 delta_type=0 attr=attr_2 delta_data=1 userid=1334 source=action_to_profile time=2013-04-02_16:35:33.691731
[profile_attr] old_data=9999917 delta_type=0 attr=attr_2 delta_data=1 userid=1334 source=action_to_profile time=2013-04-02_16:35:33.999222
[profile_attr] old_data=9430 delta_type=0 attr=token delta_data=10 userid=594 source=cheerup time=2013-04-02_16:35:34.407625
[profile_attr] old_data=9999916 delta_type=0 attr=attr_2 delta_data=1 userid=1334 source=action_to_profile time=2013-04-02_16:35:34.519793
[profile_attr] old_data=9999915 delta_type=0 attr=attr_2 delta_data=1 userid=1334 source=action_to_profile time=2013-04-02_16:35:34.852089
[profile_attr] old_data=9999914 delta_type=0 attr=attr_2 delta_data=1 userid=1334 source=action_to_profile time=2013-04-02_16:35:35.222922
[profile_attr] old_data=9999913 delta_type=0 attr=attr_2 delta_data=1 userid=1334 source=action_to_profile time=2013-04-02_16:35:35.634918
[profile_attr] old_data=9420 delta_type=0 attr=token delta_data=10 userid=594 source=cheerup time=2013-04-02_16:35:36.011898
[profile_attr] old_data=9999912 delta_type=0 attr=attr_2 delta_data=1 userid=1334 source=action_to_profile time=2013-04-02_16:35:36.102589
[profile_attr] old_data=9999911 delta_type=0 attr=attr_2 delta_data=1 userid=1334 source=action_to_profile time=2013-04-02_16:35:36.552032
[profile_attr] old_data=9999910 delta_type=0 attr=attr_2 delta_data=1 userid=1334 source=action_to_profile time=2013-04-02_16:35:37.040582
[profile_attr] old_data=9999909 delta_type=0 attr=attr_2 delta_data=1 userid=1334 source=action_to_profile time=2013-04-02_16:35:37.527190
[profile_attr] old_data=9410 delta_type=0 attr=token delta_data=10 userid=594 source=cheerup time=2013-04-02_16:35:37.556745
[profile_attr] old_data=9999908 delta_type=0 attr=attr_2 delta_data=1 userid=1334 source=action_to_profile time=2013-04-02_16:35:38.042513
[profile_attr] old_data=9999907 delta_type=0 attr=attr_2 delta_data=1 userid=1334 source=action_to_profile time=2013-04-02_16:35:38.380447
[profile_attr] old_data=1676842570 delta_type=1 attr=gold delta_data=244440 userid=594 source=dump_data time=2013-04-02_16:35:38.756489
[profile_attr] old_data=9400 delta_type=0 attr=token delta_data=10 userid=594 source=cheerup time=2013-04-02_16:35:38.919364
[profile_attr] old_data=1677087010 delta_type=1 attr=gold delta_data=304249 userid=594 source=dump_data time=2013-04-02_16:35:40.273656
[profile_attr] old_data=9390 delta_type=0 attr=token delta_data=10 userid=594 source=cheerup time=2013-04-02_16:35:40.447170
[profile_attr] old_data=909730060 delta_type=1 attr=gold delta_data=344424 userid=1334 source=dump_data time=2013-04-02_16:36:05.865581
[profile_attr] old_data=9999906 delta_type=0 attr=attr_2 delta_data=1 userid=1334 source=action_to_profile time=2013-04-02_16:36:05.993354
[profile_attr] old_data=9999905 delta_type=0 attr=attr_2 delta_data=1 userid=1334 source=action_to_profile time=2013-04-02_16:36:06.486059
[profile_attr] old_data=9999904 delta_type=0 attr=attr_2 delta_data=1 userid=1334 source=action_to_profile time=2013-04-02_16:36:06.756384
[profile_attr] old_data=9999903 delta_type=0 attr=attr_2 delta_data=1 userid=1334 source=action_to_profile time=2013-04-02_16:36:07.183833
[profile_attr] old_data=9999902 delta_type=0 attr=attr_2 delta_data=1 userid=1334 source=action_to_profile time=2013-04-02_16:36:07.502685
[profile_attr] old_data=9999901 delta_type=0 attr=attr_2 delta_data=1 userid=1334 source=action_to_profile time=2013-04-02_16:36:07.923445
[profile_attr] old_data=9999900 delta_type=0 attr=attr_2 delta_data=1 userid=1334 source=action_to_profile time=2013-04-02_16:36:08.297825
[profile_attr] old_data=9999899 delta_type=0 attr=attr_2 delta_data=1 userid=1334 source=action_to_profile time=2013-04-02_16:36:08.644737
[profile_attr] old_data=9999898 delta_type=0 attr=attr_2 delta_data=1 userid=1334 source=action_to_profile time=2013-04-02_16:36:09.065431
[profile_attr] old_data=9999897 delta_type=0 attr=attr_2 delta_data=1 userid=1334 source=action_to_profile time=2013-04-02_16:36:09.416810
[profile_attr] old_data=9999896 delta_type=0 attr=attr_2 delta_data=1 userid=1334 source=action_to_profile time=2013-04-02_16:36:09.773315
[profile_attr] old_data=9999895 delta_type=0 attr=attr_2 delta_data=1 userid=1334 source=action_to_profile time=2013-04-02_16:36:10.203023
[profile_attr] old_data=9999894 delta_type=0 attr=attr_2 delta_data=1 userid=1334 source=action_to_profile time=2013-04-02_16:36:10.496833
[profile_attr] old_data=9999893 delta_type=0 attr=attr_2 delta_data=1 userid=1334 source=action_to_profile time=2013-04-02_16:36:10.892470
[profile_attr] old_data=9999892 delta_type=0 attr=attr_2 delta_data=1 userid=1334 source=action_to_profile time=2013-04-02_16:36:11.276715
[profile_attr] old_data=9999891 delta_type=0 attr=attr_2 delta_data=1 userid=1334 source=action_to_profile time=2013-04-02_16:36:11.603570
[profile_attr] old_data=9999890 delta_type=0 attr=attr_2 delta_data=1 userid=1334 source=action_to_profile time=2013-04-02_16:36:11.988613
[profile_attr] old_data=9999889 delta_type=0 attr=attr_2 delta_data=1 userid=1334 source=action_to_profile time=2013-04-02_16:36:12.407422
[profile_attr] old_data=9999888 delta_type=0 attr=attr_2 delta_data=1 userid=1334 source=action_to_profile time=2013-04-02_16:36:12.783752
[profile_attr] old_data=9999887 delta_type=0 attr=attr_2 delta_data=1 userid=1334 source=action_to_profile time=2013-04-02_16:36:13.137899
[profile_attr] old_data=910074484 delta_type=1 attr=gold delta_data=26785 userid=1334 source=dump_data time=2013-04-02_16:36:14.107354
[profile_attr] old_data=9999886 delta_type=0 attr=attr_2 delta_data=1 userid=1334 source=action_to_profile time=2013-04-02_16:36:14.210564
[profile_attr] old_data=9999885 delta_type=0 attr=attr_2 delta_data=1 userid=1334 source=action_to_profile time=2013-04-02_16:36:14.595310
[profile_attr] old_data=9999884 delta_type=0 attr=attr_2 delta_data=1 userid=1334 source=action_to_profile time=2013-04-02_16:36:14.968807
[profile_attr] old_data=9999883 delta_type=0 attr=attr_2 delta_data=1 userid=1334 source=action_to_profile time=2013-04-02_16:36:15.348866
[profile_attr] old_data=9999882 delta_type=0 attr=attr_2 delta_data=1 userid=1334 source=action_to_profile time=2013-04-02_16:36:15.679338
[profile_attr] old_data=9999881 delta_type=0 attr=attr_2 delta_data=1 userid=1334 source=action_to_profile time=2013-04-02_16:36:16.084980
[profile_attr] old_data=9999880 delta_type=0 attr=attr_2 delta_data=1 userid=1334 source=action_to_profile time=2013-04-02_16:36:16.423159
[profile_attr] old_data=9999879 delta_type=0 attr=attr_2 delta_data=1 userid=1334 source=action_to_profile time=2013-04-02_16:36:16.816955
[profile_attr] old_data=9999878 delta_type=0 attr=attr_2 delta_data=1 userid=1334 source=action_to_profile time=2013-04-02_16:36:17.209998
[profile_attr] old_data=9999877 delta_type=0 attr=attr_2 delta_data=1 userid=1334 source=action_to_profile time=2013-04-02_16:36:17.735328
[profile_attr] old_data=9999876 delta_type=0 attr=attr_2 delta_data=1 userid=1334 source=action_to_profile time=2013-04-02_16:36:18.144988
[profile_attr] old_data=910101269 delta_type=1 attr=gold delta_data=27048 userid=1334 source=dump_data time=2013-04-02_16:36:18.341684
[profile_attr] old_data=9999875 delta_type=0 attr=attr_2 delta_data=1 userid=1334 source=action_to_profile time=2013-04-02_16:36:18.450989
[profile_attr] old_data=9999874 delta_type=0 attr=attr_2 delta_data=1 userid=1334 source=action_to_profile time=2013-04-02_16:36:18.860021
[profile_attr] old_data=9999873 delta_type=0 attr=attr_2 delta_data=1 userid=1334 source=action_to_profile time=2013-04-02_16:36:19.248821
[profile_attr] old_data=9999872 delta_type=0 attr=attr_2 delta_data=1 userid=1334 source=action_to_profile time=2013-04-02_16:36:19.672154
[profile_attr] old_data=9999871 delta_type=0 attr=attr_2 delta_data=1 userid=1334 source=action_to_profile time=2013-04-02_16:36:20.077312
[profile_attr] old_data=9999870 delta_type=0 attr=attr_2 delta_data=1 userid=1334 source=action_to_profile time=2013-04-02_16:36:20.462633
[profile_attr] old_data=9999869 delta_type=0 attr=attr_2 delta_data=1 userid=1334 source=action_to_profile time=2013-04-02_16:36:20.903013
[profile_attr] old_data=9999868 delta_type=0 attr=attr_2 delta_data=1 userid=1334 source=action_to_profile time=2013-04-02_16:36:21.212951
[profile_attr] old_data=910128317 delta_type=1 attr=gold delta_data=44300 userid=1334 source=dump_data time=2013-04-02_16:36:24.434666
[profile_attr] old_data=9999867 delta_type=0 attr=attr_2 delta_data=1 userid=1334 source=action_to_profile time=2013-04-02_16:36:24.538940
[profile_attr] old_data=9999866 delta_type=0 attr=attr_2 delta_data=1 userid=1334 source=action_to_profile time=2013-04-02_16:36:25.081832
[profile_attr] old_data=9999865 delta_type=0 attr=attr_2 delta_data=1 userid=1334 source=action_to_profile time=2013-04-02_16:36:25.455043
[profile_attr] old_data=578744 delta_type=1 attr=gold delta_data=790884 userid=1318 source=dump_data time=2013-04-02_16:37:04.396651
[profile_attr] old_data=48888 delta_type=0 attr=token delta_data=10 userid=1318 source=revive time=2013-04-02_16:37:04.518845
[profile_attr] old_data=910172617 delta_type=1 attr=gold delta_data=905222 userid=1334 source=dump_data time=2013-04-02_16:37:23.730786
[profile_attr] old_data=9999864 delta_type=0 attr=attr_2 delta_data=1 userid=1334 source=action_to_profile time=2013-04-02_16:37:23.856716
[profile_attr] old_data=9999863 delta_type=0 attr=attr_2 delta_data=1 userid=1334 source=action_to_profile time=2013-04-02_16:37:24.616415
[profile_attr] old_data=911077839 delta_type=1 attr=gold delta_data=17164 userid=1334 source=dump_data time=2013-04-02_16:37:24.814986
[profile_attr] old_data=9999862 delta_type=0 attr=attr_2 delta_data=1 userid=1334 source=action_to_profile time=2013-04-02_16:37:24.942488
[profile_attr] old_data=911095003 delta_type=1 attr=gold delta_data=20102 userid=1334 source=dump_data time=2013-04-02_16:37:27.657319
[profile_attr] old_data=9999861 delta_type=0 attr=attr_2 delta_data=1 userid=1334 source=action_to_profile time=2013-04-02_16:37:27.810695
[profile_attr] old_data=9999860 delta_type=0 attr=attr_2 delta_data=1 userid=1334 source=action_to_profile time=2013-04-02_16:37:28.171203
[profile_attr] old_data=9999859 delta_type=0 attr=attr_2 delta_data=1 userid=1334 source=action_to_profile time=2013-04-02_16:37:28.579920
[profile_attr] old_data=9999858 delta_type=0 attr=attr_2 delta_data=1 userid=1334 source=action_to_profile time=2013-04-02_16:37:28.924213
[profile_attr] old_data=9999857 delta_type=0 attr=attr_2 delta_data=1 userid=1334 source=action_to_profile time=2013-04-02_16:37:29.279375
[profile_attr] old_data=9999856 delta_type=0 attr=attr_2 delta_data=1 userid=1334 source=action_to_profile time=2013-04-02_16:37:29.668785
[profile_attr] old_data=9999855 delta_type=0 attr=attr_2 delta_data=1 userid=1334 source=action_to_profile time=2013-04-02_16:37:30.128968
[profile_attr] old_data=9999854 delta_type=0 attr=attr_2 delta_data=1 userid=1334 source=action_to_profile time=2013-04-02_16:37:30.442865
[profile_attr] old_data=9999853 delta_type=0 attr=attr_2 delta_data=1 userid=1334 source=action_to_profile time=2013-04-02_16:37:30.785019
[profile_attr] old_data=9999852 delta_type=0 attr=attr_2 delta_data=1 userid=1334 source=action_to_profile time=2013-04-02_16:37:31.253133
[profile_attr] old_data=911115105 delta_type=1 attr=gold delta_data=27246 userid=1334 source=dump_data time=2013-04-02_16:37:31.559164
[profile_attr] old_data=9999851 delta_type=0 attr=attr_2 delta_data=1 userid=1334 source=action_to_profile time=2013-04-02_16:37:31.640492
[profile_attr] old_data=9999850 delta_type=0 attr=attr_2 delta_data=1 userid=1334 source=action_to_profile time=2013-04-02_16:37:32.023570
[profile_attr] old_data=9999849 delta_type=0 attr=attr_2 delta_data=1 userid=1334 source=action_to_profile time=2013-04-02_16:37:32.452864
[profile_attr] old_data=911142351 delta_type=1 attr=gold delta_data=24913 userid=1334 source=dump_data time=2013-04-02_16:37:32.702516
[profile_attr] old_data=9999848 delta_type=0 attr=attr_2 delta_data=1 userid=1334 source=action_to_profile time=2013-04-02_16:37:32.801749
[profile_attr] old_data=9999847 delta_type=0 attr=attr_2 delta_data=1 userid=1334 source=action_to_profile time=2013-04-02_16:37:33.166110
[profile_attr] old_data=9999846 delta_type=0 attr=attr_2 delta_data=1 userid=1334 source=action_to_profile time=2013-04-02_16:37:33.575844
[profile_attr] old_data=9999845 delta_type=0 attr=attr_2 delta_data=1 userid=1334 source=action_to_profile time=2013-04-02_16:37:33.981154
[profile_attr] old_data=9999844 delta_type=0 attr=attr_2 delta_data=1 userid=1334 source=action_to_profile time=2013-04-02_16:37:34.354454
[profile_attr] old_data=9999843 delta_type=0 attr=attr_2 delta_data=1 userid=1334 source=action_to_profile time=2013-04-02_16:37:34.757174
[profile_attr] old_data=9999842 delta_type=0 attr=attr_2 delta_data=1 userid=1334 source=action_to_profile time=2013-04-02_16:37:35.185113
[profile_attr] old_data=9999841 delta_type=0 attr=attr_2 delta_data=1 userid=1334 source=action_to_profile time=2013-04-02_16:37:36.326633
[profile_attr] old_data=9999840 delta_type=0 attr=attr_2 delta_data=1 userid=1334 source=action_to_profile time=2013-04-02_16:37:36.685530
[profile_attr] old_data=9999839 delta_type=0 attr=attr_2 delta_data=1 userid=1334 source=action_to_profile time=2013-04-02_16:37:37.043426
[profile_attr] old_data=9999838 delta_type=0 attr=attr_2 delta_data=1 userid=1334 source=action_to_profile time=2013-04-02_16:37:37.419041
[profile_attr] old_data=9999837 delta_type=0 attr=attr_2 delta_data=1 userid=1334 source=action_to_profile time=2013-04-02_16:37:37.774701
[profile_attr] old_data=9999836 delta_type=0 attr=attr_2 delta_data=1 userid=1334 source=action_to_profile time=2013-04-02_16:37:38.140615
[profile_attr] old_data=9999835 delta_type=0 attr=attr_2 delta_data=1 userid=1334 source=action_to_profile time=2013-04-02_16:37:38.545931
[profile_attr] old_data=9999834 delta_type=0 attr=attr_2 delta_data=1 userid=1334 source=action_to_profile time=2013-04-02_16:37:38.984793
[profile_attr] old_data=9999833 delta_type=0 attr=attr_2 delta_data=1 userid=1334 source=action_to_profile time=2013-04-02_16:37:39.378506
[profile_attr] old_data=9999832 delta_type=0 attr=attr_2 delta_data=1 userid=1334 source=action_to_profile time=2013-04-02_16:37:39.699884
[profile_attr] old_data=9999831 delta_type=0 attr=attr_2 delta_data=1 userid=1334 source=action_to_profile time=2013-04-02_16:37:40.283506
[profile_attr] old_data=911167264 delta_type=1 attr=gold delta_data=27246 userid=1334 source=dump_data time=2013-04-02_16:37:40.730775
[profile_attr] old_data=9999830 delta_type=0 attr=attr_2 delta_data=1 userid=1334 source=action_to_profile time=2013-04-02_16:37:40.827413
[profile_attr] old_data=9999829 delta_type=0 attr=attr_2 delta_data=1 userid=1334 source=action_to_profile time=2013-04-02_16:37:41.404164
[profile_attr] old_data=911194510 delta_type=1 attr=gold delta_data=32935 userid=1334 source=dump_data time=2013-04-02_16:37:41.666354
[profile_attr] old_data=9999828 delta_type=0 attr=attr_2 delta_data=1 userid=1334 source=action_to_profile time=2013-04-02_16:37:41.805975
[profile_attr] old_data=9999827 delta_type=0 attr=attr_2 delta_data=1 userid=1334 source=action_to_profile time=2013-04-02_16:37:42.164328
[profile_attr] old_data=9999826 delta_type=0 attr=attr_2 delta_data=1 userid=1334 source=action_to_profile time=2013-04-02_16:37:42.638785
[profile_attr] old_data=9999825 delta_type=0 attr=attr_2 delta_data=1 userid=1334 source=action_to_profile time=2013-04-02_16:37:43.197863
[profile_attr] old_data=9999824 delta_type=0 attr=attr_2 delta_data=1 userid=1334 source=action_to_profile time=2013-04-02_16:37:43.623159
[profile_attr] old_data=9999823 delta_type=0 attr=attr_2 delta_data=1 userid=1334 source=action_to_profile time=2013-04-02_16:37:44.056902
[profile_attr] old_data=911227445 delta_type=1 attr=gold delta_data=60276 userid=1334 source=dump_data time=2013-04-02_16:37:47.258378
[profile_attr] old_data=9999822 delta_type=0 attr=attr_2 delta_data=1 userid=1334 source=action_to_profile time=2013-04-02_16:37:47.420603
[profile_attr] old_data=9999821 delta_type=0 attr=attr_2 delta_data=1 userid=1334 source=action_to_profile time=2013-04-02_16:37:47.827290
[profile_attr] old_data=911287721 delta_type=1 attr=gold delta_data=27246 userid=1334 source=dump_data time=2013-04-02_16:37:48.108239
[profile_attr] old_data=9999820 delta_type=0 attr=attr_2 delta_data=1 userid=1334 source=action_to_profile time=2013-04-02_16:37:48.213793
[profile_attr] old_data=9999819 delta_type=0 attr=attr_2 delta_data=1 userid=1334 source=action_to_profile time=2013-04-02_16:37:48.637781
[profile_attr] old_data=9999818 delta_type=0 attr=attr_2 delta_data=1 userid=1334 source=action_to_profile time=2013-04-02_16:37:49.094056
[profile_attr] old_data=9999817 delta_type=0 attr=attr_2 delta_data=1 userid=1334 source=action_to_profile time=2013-04-02_16:37:49.462233
[profile_attr] old_data=9999816 delta_type=0 attr=attr_2 delta_data=1 userid=1334 source=action_to_profile time=2013-04-02_16:37:49.870739
[profile_attr] old_data=9999815 delta_type=0 attr=attr_2 delta_data=1 userid=1334 source=action_to_profile time=2013-04-02_16:37:50.336014
[profile_attr] old_data=9999814 delta_type=0 attr=attr_2 delta_data=1 userid=1334 source=action_to_profile time=2013-04-02_16:37:50.837503
[profile_attr] old_data=9999813 delta_type=0 attr=attr_2 delta_data=1 userid=1334 source=action_to_profile time=2013-04-02_16:37:51.316745
[profile_attr] old_data=9999812 delta_type=0 attr=attr_2 delta_data=1 userid=1334 source=action_to_profile time=2013-04-02_16:37:51.702464
[profile_attr] old_data=9999811 delta_type=0 attr=attr_2 delta_data=1 userid=1334 source=action_to_profile time=2013-04-02_16:37:52.154691
[profile_attr] old_data=12 delta_type=1 attr=attr_2 delta_data=4 userid=1341 source=dump_data time=2013-04-02_16:37:52.504272
[profile_attr] old_data=37400 delta_type=1 attr=attr_1 delta_data=3200 userid=1341 source=dump_data time=2013-04-02_16:37:52.505506
[profile_attr] old_data=25917 delta_type=1 attr=gold delta_data=439 userid=1341 source=dump_data time=2013-04-02_16:37:52.506794
[profile_attr] old_data=6 delta_type=1 attr=level delta_data=1 userid=1341 source=dump_data time=2013-04-02_16:37:52.523096
[profile_attr] old_data=1725 delta_type=1 attr=hp delta_data=291 userid=1341 source=dump_data time=2013-04-02_16:37:52.523444
[profile_attr] old_data=51 delta_type=1 attr=mp delta_data=3 userid=1341 source=dump_data time=2013-04-02_16:37:52.524424
[profile_attr] old_data=9999810 delta_type=0 attr=attr_2 delta_data=1 userid=1334 source=action_to_profile time=2013-04-02_16:37:52.744479
[profile_attr] old_data=9999809 delta_type=0 attr=attr_2 delta_data=1 userid=1334 source=action_to_profile time=2013-04-02_16:37:53.154450
[profile_attr] old_data=9999808 delta_type=0 attr=attr_2 delta_data=1 userid=1334 source=action_to_profile time=2013-04-02_16:37:53.630500
[profile_attr] old_data=911314967 delta_type=1 attr=gold delta_data=33030 userid=1334 source=dump_data time=2013-04-02_16:37:53.977102
[profile_attr] old_data=9999807 delta_type=0 attr=attr_2 delta_data=1 userid=1334 source=action_to_profile time=2013-04-02_16:37:54.086055
[profile_attr] old_data=9999806 delta_type=0 attr=attr_2 delta_data=1 userid=1334 source=action_to_profile time=2013-04-02_16:37:54.629390
[profile_attr] old_data=9999805 delta_type=0 attr=attr_2 delta_data=1 userid=1334 source=action_to_profile time=2013-04-02_16:37:55.217212
[profile_attr] old_data=9999804 delta_type=0 attr=attr_2 delta_data=1 userid=1334 source=action_to_profile time=2013-04-02_16:37:55.631909
[profile_attr] old_data=911347997 delta_type=1 attr=gold delta_data=20102 userid=1334 source=dump_data time=2013-04-02_16:37:55.880192
[profile_attr] old_data=9999803 delta_type=0 attr=attr_2 delta_data=1 userid=1334 source=action_to_profile time=2013-04-02_16:37:56.015746
[profile_attr] old_data=911368099 delta_type=1 attr=gold delta_data=27246 userid=1334 source=dump_data time=2013-04-02_16:37:57.345895
[profile_attr] old_data=9999802 delta_type=0 attr=attr_2 delta_data=1 userid=1334 source=action_to_profile time=2013-04-02_16:37:57.490178
[profile_attr] old_data=9999801 delta_type=0 attr=attr_2 delta_data=1 userid=1334 source=action_to_profile time=2013-04-02_16:37:57.825099
[profile_attr] old_data=9999800 delta_type=0 attr=attr_2 delta_data=1 userid=1334 source=action_to_profile time=2013-04-02_16:37:58.222820
[profile_attr] old_data=9999799 delta_type=0 attr=attr_2 delta_data=1 userid=1334 source=action_to_profile time=2013-04-02_16:37:58.705491
[profile_attr] old_data=9999798 delta_type=0 attr=attr_2 delta_data=1 userid=1334 source=action_to_profile time=2013-04-02_16:37:59.116910
[profile_attr] old_data=9999797 delta_type=0 attr=attr_2 delta_data=1 userid=1334 source=action_to_profile time=2013-04-02_16:37:59.473182
[profile_attr] old_data=9999796 delta_type=0 attr=attr_2 delta_data=1 userid=1334 source=action_to_profile time=2013-04-02_16:37:59.881568
[profile_attr] old_data=9999795 delta_type=0 attr=attr_2 delta_data=1 userid=1334 source=action_to_profile time=2013-04-02_16:38:00.319862
[profile_attr] old_data=911395345 delta_type=1 attr=gold delta_data=29070 userid=1334 source=dump_data time=2013-04-02_16:38:00.588153
[profile_attr] old_data=9999794 delta_type=0 attr=attr_2 delta_data=1 userid=1334 source=action_to_profile time=2013-04-02_16:38:00.752821
[profile_attr] old_data=9999793 delta_type=0 attr=attr_2 delta_data=1 userid=1334 source=action_to_profile time=2013-04-02_16:38:01.079084
[profile_attr] old_data=9999792 delta_type=0 attr=attr_2 delta_data=1 userid=1334 source=action_to_profile time=2013-04-02_16:38:01.509762
[profile_attr] old_data=9999791 delta_type=0 attr=attr_2 delta_data=1 userid=1334 source=action_to_profile time=2013-04-02_16:38:01.912380
[profile_attr] old_data=9999790 delta_type=0 attr=attr_2 delta_data=1 userid=1334 source=action_to_profile time=2013-04-02_16:38:02.379410
[profile_attr] old_data=911424415 delta_type=1 attr=gold delta_data=33030 userid=1334 source=dump_data time=2013-04-02_16:38:02.688177
[profile_attr] old_data=9999789 delta_type=0 attr=attr_2 delta_data=1 userid=1334 source=action_to_profile time=2013-04-02_16:38:02.796376
[profile_attr] old_data=9999788 delta_type=0 attr=attr_2 delta_data=1 userid=1334 source=action_to_profile time=2013-04-02_16:38:03.241043
[profile_attr] old_data=9999787 delta_type=0 attr=attr_2 delta_data=1 userid=1334 source=action_to_profile time=2013-04-02_16:38:03.578850
[profile_attr] old_data=9999786 delta_type=0 attr=attr_2 delta_data=1 userid=1334 source=action_to_profile time=2013-04-02_16:38:04.063140
[profile_attr] old_data=9999785 delta_type=0 attr=attr_2 delta_data=1 userid=1334 source=action_to_profile time=2013-04-02_16:38:04.449267
[profile_attr] old_data=9999784 delta_type=0 attr=attr_2 delta_data=1 userid=1334 source=action_to_profile time=2013-04-02_16:38:04.834466
[profile_attr] old_data=911457445 delta_type=1 attr=gold delta_data=29070 userid=1334 source=dump_data time=2013-04-02_16:38:05.666688
[profile_attr] old_data=9999783 delta_type=0 attr=attr_2 delta_data=1 userid=1334 source=action_to_profile time=2013-04-02_16:38:05.797489
[profile_attr] old_data=911486515 delta_type=1 attr=gold delta_data=27246 userid=1334 source=dump_data time=2013-04-02_16:38:06.565709
[profile_attr] old_data=9999782 delta_type=0 attr=attr_2 delta_data=1 userid=1334 source=action_to_profile time=2013-04-02_16:38:06.684196
[profile_attr] old_data=9999781 delta_type=0 attr=attr_2 delta_data=1 userid=1334 source=action_to_profile time=2013-04-02_16:38:07.057667
[profile_attr] old_data=9999780 delta_type=0 attr=attr_2 delta_data=1 userid=1334 source=action_to_profile time=2013-04-02_16:38:07.434080
[profile_attr] old_data=9999779 delta_type=0 attr=attr_2 delta_data=1 userid=1334 source=action_to_profile time=2013-04-02_16:38:07.839593
[profile_attr] old_data=9999778 delta_type=0 attr=attr_2 delta_data=1 userid=1334 source=action_to_profile time=2013-04-02_16:38:08.282222
[profile_attr] old_data=9999777 delta_type=0 attr=attr_2 delta_data=1 userid=1334 source=action_to_profile time=2013-04-02_16:38:08.624454
[profile_attr] old_data=9999776 delta_type=0 attr=attr_2 delta_data=1 userid=1334 source=action_to_profile time=2013-04-02_16:38:09.011455
[profile_attr] old_data=9999775 delta_type=0 attr=attr_2 delta_data=1 userid=1334 source=action_to_profile time=2013-04-02_16:38:09.447998
[profile_attr] old_data=911513761 delta_type=1 attr=gold delta_data=38039 userid=1334 source=dump_data time=2013-04-02_16:38:09.652930
[profile_attr] old_data=9999774 delta_type=0 attr=attr_2 delta_data=1 userid=1334 source=action_to_profile time=2013-04-02_16:38:09.779561
[profile_attr] old_data=9999773 delta_type=0 attr=attr_2 delta_data=1 userid=1334 source=action_to_profile time=2013-04-02_16:38:10.228194
[profile_attr] old_data=9999772 delta_type=0 attr=attr_2 delta_data=1 userid=1334 source=action_to_profile time=2013-04-02_16:38:10.644584
[profile_attr] old_data=911551800 delta_type=1 attr=gold delta_data=27246 userid=1334 source=dump_data time=2013-04-02_16:38:10.902478
[profile_attr] old_data=9999771 delta_type=0 attr=attr_2 delta_data=1 userid=1334 source=action_to_profile time=2013-04-02_16:38:11.006600
[profile_attr] old_data=9999770 delta_type=0 attr=attr_2 delta_data=1 userid=1334 source=action_to_profile time=2013-04-02_16:38:11.630545
[profile_attr] old_data=9999769 delta_type=0 attr=attr_2 delta_data=1 userid=1334 source=action_to_profile time=2013-04-02_16:38:12.002432
[profile_attr] old_data=9999768 delta_type=0 attr=attr_2 delta_data=1 userid=1334 source=action_to_profile time=2013-04-02_16:38:12.424519
[profile_attr] old_data=9999767 delta_type=0 attr=attr_2 delta_data=1 userid=1334 source=action_to_profile time=2013-04-02_16:38:12.819193
[profile_attr] old_data=9999766 delta_type=0 attr=attr_2 delta_data=1 userid=1334 source=action_to_profile time=2013-04-02_16:38:13.162733
[profile_attr] old_data=9999765 delta_type=0 attr=attr_2 delta_data=1 userid=1334 source=action_to_profile time=2013-04-02_16:38:13.583302
[profile_attr] old_data=9999764 delta_type=0 attr=attr_2 delta_data=1 userid=1334 source=action_to_profile time=2013-04-02_16:38:14.003346
[profile_attr] old_data=1369628 delta_type=1 attr=gold delta_data=472418 userid=1318 source=dump_data time=2013-04-02_16:38:16.911257
[profile_attr] old_data=48878 delta_type=0 attr=token delta_data=10 userid=1318 source=revive time=2013-04-02_16:38:17.022349
[profile_attr] old_data=40600 delta_type=1 attr=attr_1 delta_data=16400 userid=1341 source=dump_data time=2013-04-02_16:38:28.814654
[profile_attr] old_data=26356 delta_type=1 attr=gold delta_data=6400 userid=1341 source=dump_data time=2013-04-02_16:38:28.815725
[profile_attr] old_data=2016 delta_type=1 attr=hp delta_data=9 userid=1341 source=dump_data time=2013-04-02_16:38:28.816432
[profile_attr] old_data=150 delta_type=0 attr=attr_10 delta_data=10 userid=1341 source=enter time=2013-04-02_16:38:32.225429
[profile_attr] old_data=1842046 delta_type=1 attr=gold delta_data=219358 userid=1318 source=dump_data time=2013-04-02_16:41:22.459124
[profile_attr] old_data=2061404 delta_type=1 attr=gold delta_data=317664 userid=1318 source=dump_data time=2013-04-02_16:42:43.200944
[profile_attr] old_data=90 delta_type=0 attr=attr_10 delta_data=10 userid=1337 source=enter time=2013-04-02_16:43:41.514347
[profile_attr] old_data=2379068 delta_type=1 attr=gold delta_data=268174 userid=1318 source=dump_data time=2013-04-02_16:43:57.719485
[profile_attr] old_data=32756 delta_type=1 attr=gold delta_data=115 userid=1341 source=dump_data time=2013-04-02_16:44:03.540588
[profile_attr] old_data=2025 delta_type=1 attr=hp delta_data=-12 userid=1341 source=dump_data time=2013-04-02_16:44:03.541214
[profile_attr] old_data=298500 delta_type=1 attr=attr_1 delta_data=9600 userid=1337 source=dump_data time=2013-04-02_16:44:48.363569
[profile_attr] old_data=20122 delta_type=1 attr=gold delta_data=1362 userid=1337 source=dump_data time=2013-04-02_16:44:48.364344
[profile_attr] old_data=1677391259 delta_type=1 attr=gold delta_data=132503972 userid=594 source=dump_data time=2013-04-02_16:46:31.052980
[profile_attr] old_data=13 delta_type=1 attr=attr_2 delta_data=4 userid=1337 source=dump_data time=2013-04-02_16:46:36.815371
[profile_attr] old_data=308100 delta_type=1 attr=attr_1 delta_data=126300 userid=1337 source=dump_data time=2013-04-02_16:46:36.816167
[profile_attr] old_data=21484 delta_type=1 attr=gold delta_data=7500 userid=1337 source=dump_data time=2013-04-02_16:46:36.816952
[profile_attr] old_data=11 delta_type=1 attr=level delta_data=1 userid=1337 source=dump_data time=2013-04-02_16:46:36.819585
[profile_attr] old_data=3730 delta_type=1 attr=hp delta_data=695 userid=1337 source=dump_data time=2013-04-02_16:46:36.819951
[profile_attr] old_data=63 delta_type=1 attr=mp delta_data=3 userid=1337 source=dump_data time=2013-04-02_16:46:36.820952
[profile_attr] old_data=17 delta_type=0 attr=attr_2 delta_data=1 userid=1337 source=action_to_profile time=2013-04-02_16:46:36.884583
[profile_attr] old_data=16 delta_type=0 attr=attr_2 delta_data=1 userid=1337 source=action_to_profile time=2013-04-02_16:46:37.351219
[profile_attr] old_data=15 delta_type=0 attr=attr_2 delta_data=1 userid=1337 source=action_to_profile time=2013-04-02_16:46:37.850736
[profile_attr] old_data=14 delta_type=0 attr=attr_2 delta_data=1 userid=1337 source=action_to_profile time=2013-04-02_16:46:38.201184
[profile_attr] old_data=13 delta_type=0 attr=attr_2 delta_data=1 userid=1337 source=action_to_profile time=2013-04-02_16:46:38.601079
[profile_attr] old_data=1809895231 delta_type=1 attr=gold delta_data=1981100 userid=594 source=loads_attachment time=2013-04-02_16:46:38.920783
[profile_attr] old_data=12 delta_type=0 attr=attr_2 delta_data=1 userid=1337 source=action_to_profile time=2013-04-02_16:46:39.218015
[profile_attr] old_data=11 delta_type=0 attr=attr_2 delta_data=1 userid=1337 source=action_to_profile time=2013-04-02_16:46:39.487310
[profile_attr] old_data=10 delta_type=0 attr=attr_2 delta_data=1 userid=1337 source=action_to_profile time=2013-04-02_16:46:39.901024
[profile_attr] old_data=9 delta_type=0 attr=attr_2 delta_data=1 userid=1337 source=action_to_profile time=2013-04-02_16:46:40.302661
[profile_attr] old_data=8 delta_type=0 attr=attr_2 delta_data=1 userid=1337 source=action_to_profile time=2013-04-02_16:46:40.751517
[profile_attr] old_data=7 delta_type=0 attr=attr_2 delta_data=1 userid=1337 source=action_to_profile time=2013-04-02_16:46:41.218384
[profile_attr] old_data=6 delta_type=0 attr=attr_2 delta_data=1 userid=1337 source=action_to_profile time=2013-04-02_16:46:42.034160
[profile_attr] old_data=5 delta_type=0 attr=attr_2 delta_data=1 userid=1337 source=action_to_profile time=2013-04-02_16:46:42.451605
[profile_attr] old_data=4 delta_type=0 attr=attr_2 delta_data=1 userid=1337 source=action_to_profile time=2013-04-02_16:46:43.451237
[profile_attr] old_data=3 delta_type=0 attr=attr_2 delta_data=1 userid=1337 source=action_to_profile time=2013-04-02_16:46:43.851245
[profile_attr] old_data=2 delta_type=0 attr=attr_2 delta_data=1 userid=1337 source=action_to_profile time=2013-04-02_16:46:44.717587
[profile_attr] old_data=1 delta_type=0 attr=attr_2 delta_data=1 userid=1337 source=action_to_profile time=2013-04-02_16:46:45.117550
[profile_attr] old_data=0 delta_type=1 attr=hp delta_data=24570 userid=1318 source=dump_data time=2013-04-02_16:46:49.105468
[profile_attr] old_data=911579046 delta_type=1 attr=gold delta_data=9888649 userid=1334 source=dump_data time=2013-04-02_16:46:49.184496
[profile_attr] old_data=434400 delta_type=1 attr=attr_1 delta_data=252600 userid=1337 source=dump_data time=2013-04-02_16:46:55.383900
[profile_attr] old_data=28984 delta_type=1 attr=gold delta_data=15000 userid=1337 source=dump_data time=2013-04-02_16:46:55.384714
[profile_attr] old_data=43984 delta_type=1 attr=gold delta_data=110000 userid=1337 source=reward_by_gametime time=2013-04-02_16:46:55.454184
[profile_attr] old_data=687000 delta_type=1 attr=attr_1 delta_data=126300 userid=1337 source=dump_data time=2013-04-02_16:47:02.087153
[profile_attr] old_data=153984 delta_type=1 attr=gold delta_data=7500 userid=1337 source=dump_data time=2013-04-02_16:47:02.087914
[profile_attr] old_data=80 delta_type=0 attr=attr_10 delta_data=10 userid=1337 source=enter time=2013-04-02_16:47:05.552231
[profile_attr] old_data=24570 delta_type=1 attr=hp delta_data=5890 userid=1318 source=dump_data time=2013-04-02_16:54:23.875682
[profile_attr] old_data=2647242 delta_type=1 attr=gold delta_data=713200 userid=1318 source=loads_attachment time=2013-04-02_16:54:35.354396
[profile_attr] old_data=3360442 delta_type=1 attr=gold delta_data=713200 userid=1318 source=loads_attachment time=2013-04-02_16:54:52.522865
