[profile_attr] old_data=21600 delta_type=1 attr=hp delta_data=-1192 userid=1360 source=dump_data time=2013-04-08_16:00:49.794894
[profile_attr] old_data=20408 delta_type=1 attr=hp delta_data=1192 userid=1360 source=dump_data time=2013-04-08_16:06:06.128138
[profile_attr] old_data=160 delta_type=0 attr=attr_10 delta_data=10 userid=1360 source=enter time=2013-04-08_16:06:14.495078
[profile_attr] old_data=14762 delta_type=1 attr=gold delta_data=489 userid=1360 source=dump_data time=2013-04-08_16:08:56.496424
[profile_attr] old_data=21600 delta_type=1 attr=hp delta_data=-4875 userid=1360 source=dump_data time=2013-04-08_16:08:56.497059
[profile_attr] old_data=16725 delta_type=1 attr=hp delta_data=4875 userid=1360 source=dump_data time=2013-04-08_16:14:54.111443
[profile_attr] old_data=150 delta_type=0 attr=attr_10 delta_data=10 userid=1360 source=enter time=2013-04-08_16:15:02.547171
[profile_attr] old_data=15251 delta_type=1 attr=gold delta_data=128 userid=1360 source=dump_data time=2013-04-08_16:16:03.320326
[profile_attr] old_data=4443495 delta_type=1 attr=gold delta_data=3771 userid=607 source=dump_data time=2013-04-08_16:16:03.320470
[profile_attr] old_data=21600 delta_type=1 attr=hp delta_data=-142 userid=1360 source=dump_data time=2013-04-08_16:16:03.320917
[profile_attr] old_data=0 delta_type=1 attr=mount_status delta_data=1 userid=1318 source=dump_data time=2013-04-08_16:41:44.753079
[profile_attr] old_data=5874458 delta_type=0 attr=gold delta_data=2000 userid=1318 source=start time=2013-04-08_16:41:44.915708
[profile_attr] old_data=5872458 delta_type=0 attr=gold delta_data=4000 userid=1318 source=shortcut_start time=2013-04-08_16:41:47.549154
[profile_attr] old_data=5868458 delta_type=0 attr=gold delta_data=6000 userid=1318 source=shortcut_start time=2013-04-08_16:41:47.556635
[profile_attr] old_data=5862458 delta_type=0 attr=gold delta_data=4000 userid=1318 source=shortcut_start time=2013-04-08_16:41:47.564689
[profile_attr] old_data=5858458 delta_type=0 attr=gold delta_data=6000 userid=1318 source=shortcut_start time=2013-04-08_16:41:47.571333
[profile_attr] old_data=5852458 delta_type=0 attr=gold delta_data=4000 userid=1318 source=shortcut_start time=2013-04-08_16:41:47.581952
[profile_attr] old_data=5848458 delta_type=0 attr=gold delta_data=2000 userid=1318 source=shortcut_start time=2013-04-08_16:41:47.589863
[profile_attr] old_data=5846458 delta_type=0 attr=gold delta_data=4000 userid=1318 source=shortcut_start time=2013-04-08_16:41:47.596739
[profile_attr] old_data=5842458 delta_type=0 attr=gold delta_data=2000 userid=1318 source=shortcut_start time=2013-04-08_16:41:47.603600
[profile_attr] old_data=5840458 delta_type=1 attr=gold delta_data=1000 userid=1318 source=shortcut_sell time=2013-04-08_16:41:48.614149
[profile_attr] old_data=5841458 delta_type=1 attr=gold delta_data=1000 userid=1318 source=shortcut_sell time=2013-04-08_16:41:48.614276
[profile_attr] old_data=5842458 delta_type=1 attr=gold delta_data=1000 userid=1318 source=shortcut_sell time=2013-04-08_16:41:48.614399
[profile_attr] old_data=0 delta_type=1 attr=hp delta_data=2025 userid=618 source=dump_data time=2013-04-08_16:43:25.703730
[profile_attr] old_data=0 delta_type=1 attr=attr_1 delta_data=4200 userid=1172 source=dump_data time=2013-04-08_16:44:12.604612
[profile_attr] old_data=10000 delta_type=1 attr=gold delta_data=2100 userid=1172 source=dump_data time=2013-04-08_16:44:12.605441
[profile_attr] old_data=40.579180003 delta_type=1 attr=mp delta_data=-0.579180003048 userid=1172 source=dump_data time=2013-04-08_16:44:12.606861
[profile_attr] old_data=200 delta_type=0 attr=attr_10 delta_data=10 userid=1172 source=enter time=2013-04-08_16:44:16.679995
[profile_attr] old_data=0 delta_type=1 attr=attr_2 delta_data=4 userid=1172 source=dump_data time=2013-04-08_16:45:33.104241
[profile_attr] old_data=4200 delta_type=1 attr=attr_1 delta_data=200 userid=1172 source=dump_data time=2013-04-08_16:45:33.105280
[profile_attr] old_data=12100 delta_type=1 attr=gold delta_data=145 userid=1172 source=dump_data time=2013-04-08_16:45:33.106723
[profile_attr] old_data=1 delta_type=1 attr=level delta_data=1 userid=1172 source=dump_data time=2013-04-08_16:45:33.109707
[profile_attr] old_data=200 delta_type=1 attr=hp delta_data=300 userid=1172 source=dump_data time=2013-04-08_16:45:33.110074
[profile_attr] old_data=40 delta_type=1 attr=mp delta_data=2 userid=1172 source=dump_data time=2013-04-08_16:45:33.111266
[profile_attr] old_data=4400 delta_type=1 attr=attr_1 delta_data=6600 userid=1172 source=dump_data time=2013-04-08_16:45:52.065829
[profile_attr] old_data=12245 delta_type=1 attr=gold delta_data=2400 userid=1172 source=dump_data time=2013-04-08_16:45:52.066625
[profile_attr] old_data=14645 delta_type=0 attr=gold delta_data=10 userid=1172 source=enhance time=2013-04-08_16:45:52.146252
[profile_attr] old_data=14635 delta_type=0 attr=gold delta_data=10 userid=1172 source=enhance time=2013-04-08_16:45:52.509426
[profile_attr] old_data=14625 delta_type=0 attr=gold delta_data=10 userid=1172 source=enhance time=2013-04-08_16:45:52.976923
[profile_attr] old_data=14615 delta_type=0 attr=gold delta_data=10 userid=1172 source=enhance time=2013-04-08_16:45:53.297960
[profile_attr] old_data=14605 delta_type=0 attr=gold delta_data=10 userid=1172 source=enhance time=2013-04-08_16:45:53.860561
[profile_attr] old_data=11000 delta_type=1 attr=attr_1 delta_data=3100 userid=1172 source=dump_data time=2013-04-08_16:46:03.701842
[profile_attr] old_data=14595 delta_type=1 attr=gold delta_data=1100 userid=1172 source=dump_data time=2013-04-08_16:46:03.703190
[profile_attr] old_data=190 delta_type=0 attr=attr_10 delta_data=10 userid=1172 source=enter time=2013-04-08_16:46:08.143285
[profile_attr] old_data=4 delta_type=1 attr=attr_2 delta_data=4 userid=1172 source=dump_data time=2013-04-08_16:48:12.110220
[profile_attr] old_data=14100 delta_type=1 attr=attr_1 delta_data=700 userid=1172 source=dump_data time=2013-04-08_16:48:12.110935
[profile_attr] old_data=15695 delta_type=1 attr=gold delta_data=352 userid=1172 source=dump_data time=2013-04-08_16:48:12.127828
[profile_attr] old_data=500 delta_type=1 attr=hp delta_data=200 userid=1172 source=dump_data time=2013-04-08_16:48:12.128655
[profile_attr] old_data=42 delta_type=1 attr=mp delta_data=3 userid=1172 source=dump_data time=2013-04-08_16:48:12.129810
[profile_attr] old_data=8 delta_type=1 attr=attr_2 delta_data=4 userid=1172 source=dump_data time=2013-04-08_16:48:33.965573
[profile_attr] old_data=14800 delta_type=1 attr=attr_1 delta_data=6200 userid=1172 source=dump_data time=2013-04-08_16:48:33.966387
[profile_attr] old_data=16047 delta_type=1 attr=gold delta_data=2200 userid=1172 source=dump_data time=2013-04-08_16:48:33.967205
[profile_attr] old_data=3 delta_type=1 attr=level delta_data=1 userid=1172 source=dump_data time=2013-04-08_16:48:33.983093
[profile_attr] old_data=700 delta_type=1 attr=hp delta_data=480 userid=1172 source=dump_data time=2013-04-08_16:48:33.983477
[profile_attr] old_data=45 delta_type=1 attr=mp delta_data=2 userid=1172 source=dump_data time=2013-04-08_16:48:33.984527
[profile_attr] old_data=180 delta_type=0 attr=attr_10 delta_data=10 userid=1172 source=enter time=2013-04-08_16:48:38.120918
[profile_attr] old_data=12 delta_type=1 attr=attr_2 delta_data=4 userid=1172 source=dump_data time=2013-04-08_16:49:40.118419
[profile_attr] old_data=21000 delta_type=1 attr=attr_1 delta_data=1400 userid=1172 source=dump_data time=2013-04-08_16:49:40.119174
[profile_attr] old_data=18247 delta_type=1 attr=gold delta_data=269 userid=1172 source=dump_data time=2013-04-08_16:49:40.119919
[profile_attr] old_data=4 delta_type=1 attr=level delta_data=1 userid=1172 source=dump_data time=2013-04-08_16:49:40.122503
[profile_attr] old_data=1180 delta_type=1 attr=hp delta_data=195 userid=1172 source=dump_data time=2013-04-08_16:49:40.122821
[profile_attr] old_data=47 delta_type=1 attr=mp delta_data=2 userid=1172 source=dump_data time=2013-04-08_16:49:40.123790
[profile_attr] old_data=964239 delta_type=0 attr=token delta_data=80 userid=1265 source=combine time=2013-04-08_16:49:43.190696
[profile_attr] old_data=108585107 delta_type=0 attr=gold delta_data=2000 userid=1265 source=combine time=2013-04-08_16:49:43.192847
[profile_attr] old_data=18516 delta_type=1 attr=gold delta_data=8 userid=1172 source=dump_data time=2013-04-08_16:49:52.698654
[profile_attr] old_data=108583107 delta_type=0 attr=gold delta_data=2000 userid=1265 source=combine time=2013-04-08_16:50:01.653821
[profile_attr] old_data=22400 delta_type=1 attr=attr_1 delta_data=3200 userid=1172 source=dump_data time=2013-04-08_16:50:06.318669
[profile_attr] old_data=18524 delta_type=1 attr=gold delta_data=1100 userid=1172 source=dump_data time=2013-04-08_16:50:06.319531
[profile_attr] old_data=1375 delta_type=1 attr=hp delta_data=5 userid=1172 source=dump_data time=2013-04-08_16:50:06.320094
[profile_attr] old_data=16 delta_type=0 attr=attr_2 delta_data=1 userid=1172 source=action_to_profile time=2013-04-08_16:50:06.385686
[profile_attr] old_data=15 delta_type=0 attr=attr_2 delta_data=1 userid=1172 source=action_to_profile time=2013-04-08_16:50:07.083567
[profile_attr] old_data=14 delta_type=0 attr=attr_2 delta_data=1 userid=1172 source=action_to_profile time=2013-04-08_16:50:08.205346
[profile_attr] old_data=13 delta_type=0 attr=attr_2 delta_data=1 userid=1172 source=action_to_profile time=2013-04-08_16:50:10.156083
[profile_attr] old_data=25600 delta_type=1 attr=attr_1 delta_data=6400 userid=1172 source=dump_data time=2013-04-08_16:50:20.754530
[profile_attr] old_data=19624 delta_type=1 attr=gold delta_data=2200 userid=1172 source=dump_data time=2013-04-08_16:50:20.755470
[profile_attr] old_data=170 delta_type=0 attr=attr_10 delta_data=10 userid=1172 source=enter time=2013-04-08_16:50:24.829709
[profile_attr] old_data=964159 delta_type=0 attr=token delta_data=1920 userid=1265 source=combine time=2013-04-08_16:50:44.785825
[profile_attr] old_data=108581107 delta_type=0 attr=gold delta_data=2000 userid=1265 source=combine time=2013-04-08_16:50:44.788069
[profile_attr] old_data=962239 delta_type=0 attr=token delta_data=384 userid=1265 source=combine time=2013-04-08_16:50:54.536164
[profile_attr] old_data=108579107 delta_type=0 attr=gold delta_data=2000 userid=1265 source=combine time=2013-04-08_16:50:54.538137
[profile_attr] old_data=961855 delta_type=0 attr=token delta_data=512 userid=1265 source=combine time=2013-04-08_16:50:58.700984
[profile_attr] old_data=108577107 delta_type=0 attr=gold delta_data=2000 userid=1265 source=combine time=2013-04-08_16:50:58.702753
[profile_attr] old_data=961343 delta_type=0 attr=token delta_data=7680 userid=1265 source=combine time=2013-04-08_16:51:02.086137
[profile_attr] old_data=108575107 delta_type=0 attr=gold delta_data=2000 userid=1265 source=combine time=2013-04-08_16:51:02.088136
[profile_attr] old_data=108573107 delta_type=0 attr=gold delta_data=2000 userid=1265 source=combine time=2013-04-08_16:52:13.466476
[profile_attr] old_data=108571107 delta_type=0 attr=gold delta_data=2000 userid=1265 source=combine time=2013-04-08_16:52:14.568130
[profile_attr] old_data=108569107 delta_type=0 attr=gold delta_data=2000 userid=1265 source=combine time=2013-04-08_16:52:15.386107
[profile_attr] old_data=12 delta_type=1 attr=attr_2 delta_data=4 userid=1172 source=dump_data time=2013-04-08_16:53:39.584196
[profile_attr] old_data=32000 delta_type=1 attr=attr_1 delta_data=2200 userid=1172 source=dump_data time=2013-04-08_16:53:39.584954
[profile_attr] old_data=21824 delta_type=1 attr=gold delta_data=729 userid=1172 source=dump_data time=2013-04-08_16:53:39.585730
[profile_attr] old_data=5 delta_type=1 attr=level delta_data=1 userid=1172 source=dump_data time=2013-04-08_16:53:39.600808
[profile_attr] old_data=1380 delta_type=1 attr=hp delta_data=200 userid=1172 source=dump_data time=2013-04-08_16:53:39.601170
[profile_attr] old_data=49 delta_type=1 attr=mp delta_data=2 userid=1172 source=dump_data time=2013-04-08_16:53:39.602186
[profile_attr] old_data=34200 delta_type=1 attr=attr_1 delta_data=3200 userid=1172 source=dump_data time=2013-04-08_16:54:06.243563
[profile_attr] old_data=22553 delta_type=1 attr=gold delta_data=1100 userid=1172 source=dump_data time=2013-04-08_16:54:06.244380
[profile_attr] old_data=23653 delta_type=0 attr=gold delta_data=10 userid=1172 source=enhance time=2013-04-08_16:54:06.325142
[profile_attr] old_data=1580 delta_type=1 attr=hp delta_data=29 userid=1172 source=dump_data time=2013-04-08_16:54:06.923835
[profile_attr] old_data=23643 delta_type=0 attr=gold delta_data=10 userid=1172 source=enhance time=2013-04-08_16:54:07.030480
[profile_attr] old_data=1609 delta_type=1 attr=hp delta_data=29 userid=1172 source=dump_data time=2013-04-08_16:54:07.399100
[profile_attr] old_data=23633 delta_type=0 attr=gold delta_data=10 userid=1172 source=enhance time=2013-04-08_16:54:07.487901
[profile_attr] old_data=1638 delta_type=1 attr=hp delta_data=29 userid=1172 source=dump_data time=2013-04-08_16:54:07.975409
[profile_attr] old_data=23623 delta_type=0 attr=gold delta_data=10 userid=1172 source=enhance time=2013-04-08_16:54:08.057858
[profile_attr] old_data=1667 delta_type=1 attr=hp delta_data=29 userid=1172 source=dump_data time=2013-04-08_16:54:08.804757
[profile_attr] old_data=23613 delta_type=0 attr=gold delta_data=10 userid=1172 source=enhance time=2013-04-08_16:54:08.878364
[profile_attr] old_data=23603 delta_type=1 attr=gold delta_data=1000 userid=1172 source=dump_data time=2013-04-08_16:54:31.205160
[profile_attr] old_data=1696 delta_type=1 attr=hp delta_data=29 userid=1172 source=dump_data time=2013-04-08_16:54:31.205701
[profile_attr] old_data=24603 delta_type=0 attr=gold delta_data=10 userid=1172 source=enhance time=2013-04-08_16:54:31.276395
[profile_attr] old_data=24593 delta_type=0 attr=gold delta_data=10 userid=1172 source=enhance time=2013-04-08_16:54:31.706650
[profile_attr] old_data=24583 delta_type=0 attr=gold delta_data=10 userid=1172 source=enhance time=2013-04-08_16:54:32.127628
[profile_attr] old_data=24573 delta_type=0 attr=gold delta_data=10 userid=1172 source=enhance time=2013-04-08_16:54:33.039218
[profile_attr] old_data=24563 delta_type=0 attr=gold delta_data=10 userid=1172 source=enhance time=2013-04-08_16:54:33.455510
[profile_attr] old_data=24553 delta_type=1 attr=gold delta_data=1000 userid=1172 source=dump_data time=2013-04-08_16:54:42.808606
[profile_attr] old_data=25553 delta_type=0 attr=gold delta_data=10 userid=1172 source=enhance time=2013-04-08_16:54:42.888871
[profile_attr] old_data=25543 delta_type=0 attr=gold delta_data=10 userid=1172 source=enhance time=2013-04-08_16:54:43.385337
[profile_attr] old_data=25533 delta_type=0 attr=gold delta_data=10 userid=1172 source=enhance time=2013-04-08_16:54:43.871444
[profile_attr] old_data=25523 delta_type=0 attr=gold delta_data=10 userid=1172 source=enhance time=2013-04-08_16:54:44.392684
[profile_attr] old_data=25513 delta_type=0 attr=gold delta_data=10 userid=1172 source=enhance time=2013-04-08_16:54:44.756869
[profile_attr] old_data=25503 delta_type=1 attr=gold delta_data=1000 userid=1172 source=dump_data time=2013-04-08_16:54:51.686109
[profile_attr] old_data=160 delta_type=0 attr=attr_10 delta_data=10 userid=1172 source=enter time=2013-04-08_16:54:55.703003
[profile_attr] old_data=16 delta_type=1 attr=attr_2 delta_data=4 userid=1172 source=dump_data time=2013-04-08_16:56:42.689043
[profile_attr] old_data=37400 delta_type=1 attr=attr_1 delta_data=3200 userid=1172 source=dump_data time=2013-04-08_16:56:42.689804
[profile_attr] old_data=26503 delta_type=1 attr=gold delta_data=830 userid=1172 source=dump_data time=2013-04-08_16:56:42.690658
[profile_attr] old_data=6 delta_type=1 attr=level delta_data=1 userid=1172 source=dump_data time=2013-04-08_16:56:42.705878
[profile_attr] old_data=1725 delta_type=1 attr=hp delta_data=300 userid=1172 source=dump_data time=2013-04-08_16:56:42.706248
[profile_attr] old_data=51 delta_type=1 attr=mp delta_data=3 userid=1172 source=dump_data time=2013-04-08_16:56:42.707418
[profile_attr] old_data=40600 delta_type=1 attr=attr_1 delta_data=12300 userid=1172 source=dump_data time=2013-04-08_16:57:06.320462
[profile_attr] old_data=27333 delta_type=1 attr=gold delta_data=4800 userid=1172 source=dump_data time=2013-04-08_16:57:06.321247
[profile_attr] old_data=20 delta_type=0 attr=attr_2 delta_data=1 userid=1172 source=action_to_profile time=2013-04-08_16:57:06.379069
[profile_attr] old_data=19 delta_type=0 attr=attr_2 delta_data=1 userid=1172 source=action_to_profile time=2013-04-08_16:57:06.893015
[profile_attr] old_data=18 delta_type=0 attr=attr_2 delta_data=1 userid=1172 source=action_to_profile time=2013-04-08_16:57:07.412092
[profile_attr] old_data=17 delta_type=0 attr=attr_2 delta_data=1 userid=1172 source=action_to_profile time=2013-04-08_16:57:07.918462
[profile_attr] old_data=16 delta_type=0 attr=attr_2 delta_data=1 userid=1172 source=action_to_profile time=2013-04-08_16:57:08.627606
[profile_attr] old_data=15 delta_type=0 attr=attr_2 delta_data=1 userid=1172 source=action_to_profile time=2013-04-08_16:57:09.080035
[profile_attr] old_data=14 delta_type=0 attr=attr_2 delta_data=1 userid=1172 source=action_to_profile time=2013-04-08_16:57:09.793151
[profile_attr] old_data=13 delta_type=0 attr=attr_2 delta_data=1 userid=1172 source=action_to_profile time=2013-04-08_16:57:10.312809
[profile_attr] old_data=52900 delta_type=1 attr=attr_1 delta_data=4100 userid=1172 source=dump_data time=2013-04-08_16:57:17.417965
[profile_attr] old_data=32133 delta_type=1 attr=gold delta_data=1600 userid=1172 source=dump_data time=2013-04-08_16:57:17.419271
[profile_attr] old_data=150 delta_type=0 attr=attr_10 delta_data=10 userid=1172 source=enter time=2013-04-08_16:57:21.629396
[profile_attr] old_data=33733 delta_type=1 attr=gold delta_data=755 userid=1172 source=dump_data time=2013-04-08_16:58:58.600923
[profile_attr] old_data=2025 delta_type=1 attr=hp delta_data=-3 userid=1172 source=dump_data time=2013-04-08_16:58:58.601473
[profile_attr] old_data=34488 delta_type=0 attr=gold delta_data=10 userid=1172 source=enhance time=2013-04-08_16:58:58.678178
[profile_attr] old_data=2022 delta_type=1 attr=hp delta_data=-10 userid=1172 source=dump_data time=2013-04-08_16:58:59.803746
[profile_attr] old_data=34478 delta_type=0 attr=gold delta_data=10 userid=1172 source=enhance time=2013-04-08_16:58:59.882813
[profile_attr] old_data=34468 delta_type=1 attr=gold delta_data=9 userid=1172 source=dump_data time=2013-04-08_16:59:00.857895
[profile_attr] old_data=2012 delta_type=1 attr=hp delta_data=-10 userid=1172 source=dump_data time=2013-04-08_16:59:00.858893
[profile_attr] old_data=34477 delta_type=0 attr=gold delta_data=10 userid=1172 source=enhance time=2013-04-08_16:59:00.934380
[profile_attr] old_data=2002 delta_type=1 attr=hp delta_data=-8 userid=1172 source=dump_data time=2013-04-08_16:59:01.866184
[profile_attr] old_data=34467 delta_type=0 attr=gold delta_data=10 userid=1172 source=enhance time=2013-04-08_16:59:01.948922
[profile_attr] old_data=1994 delta_type=1 attr=hp delta_data=-14 userid=1172 source=dump_data time=2013-04-08_16:59:03.664308
[profile_attr] old_data=34457 delta_type=0 attr=gold delta_data=10 userid=1172 source=enhance time=2013-04-08_16:59:03.750004
[profile_attr] old_data=12 delta_type=1 attr=attr_2 delta_data=4 userid=1172 source=dump_data time=2013-04-08_16:59:52.376391
[profile_attr] old_data=57000 delta_type=1 attr=attr_1 delta_data=4200 userid=1172 source=dump_data time=2013-04-08_16:59:52.377245
[profile_attr] old_data=34447 delta_type=1 attr=gold delta_data=650 userid=1172 source=dump_data time=2013-04-08_16:59:52.378034
[profile_attr] old_data=7 delta_type=1 attr=level delta_data=1 userid=1172 source=dump_data time=2013-04-08_16:59:52.381206
[profile_attr] old_data=1980 delta_type=1 attr=hp delta_data=245 userid=1172 source=dump_data time=2013-04-08_16:59:52.381677
[profile_attr] old_data=54 delta_type=1 attr=mp delta_data=2 userid=1172 source=dump_data time=2013-04-08_16:59:52.382663
