[profile_attr] old_data=107013069 delta_type=1 attr=gold delta_data=90 userid=1265 source=dump_data time=2013-04-02_12:02:22.941229
[profile_attr] old_data=0 delta_type=1 attr=hp delta_data=37050 userid=1265 source=dump_data time=2013-04-02_12:05:09.660940
[profile_attr] old_data=37050 delta_type=1 attr=hp delta_data=1635 userid=1265 source=dump_data time=2013-04-02_12:06:12.124296
[profile_attr] old_data=69995 delta_type=1 attr=hp delta_data=-69995 userid=889 source=dump_data time=2013-04-02_12:09:35.387984
[profile_attr] old_data=208000 delta_type=1 attr=attr_5 delta_data=10 userid=889 source=dump_data time=2013-04-02_12:09:35.388289
[profile_attr] old_data=38685 delta_type=1 attr=hp delta_data=-38685 userid=1265 source=dump_data time=2013-04-02_12:09:36.505278
[profile_attr] old_data=20 delta_type=1 attr=attr_5 delta_data=10 userid=1265 source=dump_data time=2013-04-02_12:09:36.505580
[profile_attr] old_data=30460 delta_type=1 attr=hp delta_data=-6891 userid=1318 source=dump_data time=2013-04-02_12:09:38.472893
[profile_attr] old_data=0 delta_type=1 attr=attr_5 delta_data=20 userid=1318 source=dump_data time=2013-04-02_12:09:38.473322
[profile_attr] old_data=102009 delta_type=1 attr=attr_4 delta_data=20 userid=1318 source=dump_data time=2013-04-02_12:09:38.474698
[profile_attr] old_data=7200 delta_type=1 attr=hp delta_data=-7200 userid=1275 source=dump_data time=2013-04-02_12:09:41.139645
[profile_attr] old_data=10 delta_type=1 attr=attr_5 delta_data=20 userid=1275 source=dump_data time=2013-04-02_12:09:41.140036
[profile_attr] old_data=0 delta_type=1 attr=attr_4 delta_data=20 userid=1275 source=dump_data time=2013-04-02_12:09:41.141470
[profile_attr] old_data=0 delta_type=1 attr=hp delta_data=7200 userid=1275 source=dump_data time=2013-04-02_12:09:46.417188
[profile_attr] old_data=23569 delta_type=1 attr=hp delta_data=6891 userid=1318 source=dump_data time=2013-04-02_12:09:50.088049
[profile_attr] old_data=0 delta_type=1 attr=hp delta_data=38685 userid=1265 source=dump_data time=2013-04-02_12:09:51.462400
[profile_attr] old_data=0 delta_type=1 attr=hp delta_data=69995 userid=889 source=dump_data time=2013-04-02_12:10:13.689469
[profile_attr] old_data=8040115 delta_type=1 attr=gold delta_data=10415 userid=889 source=dump_data time=2013-04-02_12:11:54.153283
[profile_attr] old_data=69995 delta_type=1 attr=hp delta_data=-16 userid=889 source=dump_data time=2013-04-02_12:11:54.153837
[profile_attr] old_data=69979 delta_type=1 attr=hp delta_data=16 userid=889 source=dump_data time=2013-04-02_12:12:01.593148
[profile_attr] old_data=8050530 delta_type=1 attr=gold delta_data=1687 userid=889 source=dump_data time=2013-04-02_12:12:45.873758
[profile_attr] old_data=69995 delta_type=1 attr=hp delta_data=-25 userid=889 source=dump_data time=2013-04-02_12:12:45.874490
[profile_attr] old_data=69970 delta_type=1 attr=hp delta_data=25 userid=889 source=dump_data time=2013-04-02_12:12:50.985100
[profile_attr] old_data=1165 delta_type=1 attr=attr_10 delta_data=200 userid=1265 source=use-item time=2013-04-02_12:13:33.644325
[profile_attr] old_data=957059 delta_type=1 attr=gold delta_data=19747 userid=1318 source=dump_data time=2013-04-02_12:15:44.872308
[profile_attr] old_data=107013159 delta_type=1 attr=gold delta_data=30013 userid=1265 source=dump_data time=2013-04-02_12:15:56.094869
[profile_attr] old_data=102029 delta_type=1 attr=attr_4 delta_data=200 userid=1318 source=loads_attachment time=2013-04-02_12:17:42.774958
[profile_attr] old_data=976806 delta_type=1 attr=gold delta_data=100000 userid=1318 source=loads_attachment time=2013-04-02_12:17:42.775190
[profile_attr] old_data=107043172 delta_type=0 attr=gold delta_data=1000 userid=1265 source=send time=2013-04-02_12:18:15.355059
[profile_attr] old_data=8052217 delta_type=1 attr=gold delta_data=16452 userid=889 source=dump_data time=2013-04-02_12:18:56.047680
[profile_attr] old_data=107042172 delta_type=1 attr=gold delta_data=215000 userid=1265 source=reward_by_gametime time=2013-04-02_12:20:06.491862
[profile_attr] old_data=1076806 delta_type=0 attr=gold delta_data=1000 userid=1318 source=send time=2013-04-02_12:20:26.847529
[profile_attr] old_data=1075806 delta_type=1 attr=gold delta_data=300000 userid=1318 source=reward_by_gametime time=2013-04-02_12:20:43.478150
[profile_attr] old_data=995040 delta_type=1 attr=attr_4 delta_data=200 userid=1265 source=loads_attachment time=2013-04-02_12:21:41.375095
[profile_attr] old_data=107257172 delta_type=1 attr=gold delta_data=100000 userid=1265 source=loads_attachment time=2013-04-02_12:21:41.375208
[profile_attr] old_data=995240 delta_type=1 attr=attr_4 delta_data=200 userid=1265 source=loads_attachment time=2013-04-02_12:21:41.376245
[profile_attr] old_data=107357172 delta_type=1 attr=gold delta_data=100000 userid=1265 source=loads_attachment time=2013-04-02_12:21:41.376347
[profile_attr] old_data=995440 delta_type=1 attr=attr_4 delta_data=200 userid=1265 source=loads_attachment time=2013-04-02_12:21:41.377499
[profile_attr] old_data=107457172 delta_type=1 attr=gold delta_data=100000 userid=1265 source=loads_attachment time=2013-04-02_12:21:41.377730
[profile_attr] old_data=45281 delta_type=0 attr=token delta_data=5198 userid=1154 source=multi_buy time=2013-04-02_12:22:27.005859
[profile_attr] old_data=1097832686 delta_type=1 attr=gold delta_data=30000 userid=1154 source=get_award time=2013-04-02_12:22:40.903981
[profile_attr] old_data=38685 delta_type=1 attr=hp delta_data=-1635 userid=1265 source=dump_data time=2013-04-02_12:22:58.521574
[profile_attr] old_data=0 delta_type=1 attr=mount_status delta_data=1 userid=1265 source=dump_data time=2013-04-02_12:22:58.522459
[profile_attr] old_data=1365 delta_type=0 attr=attr_10 delta_data=10 userid=1265 source=enter time=2013-04-02_12:23:03.048827
[profile_attr] old_data=107557172 delta_type=1 attr=gold delta_data=170 userid=1265 source=dump_data time=2013-04-02_12:23:17.127362
[profile_attr] old_data=1 delta_type=1 attr=mount_status delta_data=-1 userid=1265 source=dump_data time=2013-04-02_12:23:17.128634
[profile_attr] old_data=0 delta_type=1 attr=mount_status delta_data=1 userid=1154 source=dump_data time=2013-04-02_12:23:20.095693
[profile_attr] old_data=102535764 delta_type=1 attr=attr_4 delta_data=640 userid=889 source=loads_attachment time=2013-04-02_12:25:22.847522
[profile_attr] old_data=8068669 delta_type=1 attr=gold delta_data=100000 userid=889 source=loads_attachment time=2013-04-02_12:25:22.847639
[profile_attr] old_data=102536404 delta_type=1 attr=attr_4 delta_data=640 userid=889 source=loads_attachment time=2013-04-02_12:25:26.162156
[profile_attr] old_data=8168669 delta_type=1 attr=gold delta_data=100000 userid=889 source=loads_attachment time=2013-04-02_12:25:26.162299
[profile_attr] old_data=102537044 delta_type=1 attr=attr_4 delta_data=640 userid=889 source=loads_attachment time=2013-04-02_12:25:29.232962
[profile_attr] old_data=8268669 delta_type=1 attr=gold delta_data=100000 userid=889 source=loads_attachment time=2013-04-02_12:25:29.233083
[profile_attr] old_data=40.579180003 delta_type=1 attr=mp delta_data=-0.579180003048 userid=1336 source=dump_data time=2013-04-02_12:25:44.630974
[profile_attr] old_data=1375806 delta_type=1 attr=gold delta_data=22101 userid=1318 source=dump_data time=2013-04-02_12:26:29.375364
[profile_attr] old_data=0 delta_type=1 attr=attr_1 delta_data=4200 userid=1336 source=dump_data time=2013-04-02_12:27:57.444519
[profile_attr] old_data=10000 delta_type=1 attr=gold delta_data=2100 userid=1336 source=dump_data time=2013-04-02_12:27:57.445310
[profile_attr] old_data=200 delta_type=0 attr=attr_10 delta_data=10 userid=1336 source=enter time=2013-04-02_12:28:05.457974
[profile_attr] old_data=12100 delta_type=1 attr=gold delta_data=4 userid=1336 source=dump_data time=2013-04-02_12:28:45.524420
[profile_attr] old_data=200 delta_type=1 attr=hp delta_data=-200 userid=1336 source=dump_data time=2013-04-02_12:28:45.525413
[profile_attr] old_data=12104 delta_type=1 attr=gold delta_data=35 userid=1336 source=dump_data time=2013-04-02_12:30:58.133673
[profile_attr] old_data=0 delta_type=1 attr=attr_2 delta_data=4 userid=1336 source=dump_data time=2013-04-02_12:31:25.491689
[profile_attr] old_data=4200 delta_type=1 attr=attr_1 delta_data=200 userid=1336 source=dump_data time=2013-04-02_12:31:25.492974
[profile_attr] old_data=12139 delta_type=1 attr=gold delta_data=40 userid=1336 source=dump_data time=2013-04-02_12:31:25.494116
[profile_attr] old_data=1 delta_type=1 attr=level delta_data=1 userid=1336 source=dump_data time=2013-04-02_12:31:25.496560
[profile_attr] old_data=0 delta_type=1 attr=hp delta_data=500 userid=1336 source=dump_data time=2013-04-02_12:31:25.496863
[profile_attr] old_data=40 delta_type=1 attr=mp delta_data=2 userid=1336 source=dump_data time=2013-04-02_12:31:25.497868
[profile_attr] old_data=4400 delta_type=1 attr=attr_1 delta_data=6600 userid=1336 source=dump_data time=2013-04-02_12:32:00.778280
[profile_attr] old_data=12179 delta_type=1 attr=gold delta_data=2400 userid=1336 source=dump_data time=2013-04-02_12:32:00.779081
[profile_attr] old_data=49208 delta_type=0 attr=token delta_data=2 userid=1318 source=exchange time=2013-04-02_12:32:20.567722
[profile_attr] old_data=1397907 delta_type=1 attr=gold delta_data=300000 userid=1318 source=exchange time=2013-04-02_12:32:20.567821
[profile_attr] old_data=14579 delta_type=0 attr=gold delta_data=10 userid=1336 source=enhance time=2013-04-02_12:32:26.079084
[profile_attr] old_data=14569 delta_type=0 attr=gold delta_data=10 userid=1336 source=enhance time=2013-04-02_12:32:26.561440
[profile_attr] old_data=14559 delta_type=0 attr=gold delta_data=10 userid=1336 source=enhance time=2013-04-02_12:32:27.215472
[profile_attr] old_data=14549 delta_type=0 attr=gold delta_data=10 userid=1336 source=enhance time=2013-04-02_12:32:27.727330
[profile_attr] old_data=14539 delta_type=0 attr=gold delta_data=10 userid=1336 source=enhance time=2013-04-02_12:32:28.442984
[profile_attr] old_data=11000 delta_type=1 attr=attr_1 delta_data=3100 userid=1336 source=dump_data time=2013-04-02_12:32:36.228652
[profile_attr] old_data=14529 delta_type=1 attr=gold delta_data=1100 userid=1336 source=dump_data time=2013-04-02_12:32:36.229599
[profile_attr] old_data=190 delta_type=0 attr=attr_10 delta_data=10 userid=1336 source=enter time=2013-04-02_12:32:43.239000
[profile_attr] old_data=4 delta_type=1 attr=attr_2 delta_data=4 userid=1336 source=dump_data time=2013-04-02_12:34:15.779388
[profile_attr] old_data=14100 delta_type=1 attr=attr_1 delta_data=700 userid=1336 source=dump_data time=2013-04-02_12:34:15.780134
[profile_attr] old_data=15629 delta_type=1 attr=gold delta_data=203 userid=1336 source=dump_data time=2013-04-02_12:34:15.798722
[profile_attr] old_data=500 delta_type=1 attr=hp delta_data=200 userid=1336 source=dump_data time=2013-04-02_12:34:15.799722
[profile_attr] old_data=42 delta_type=1 attr=mp delta_data=3 userid=1336 source=dump_data time=2013-04-02_12:34:15.801733
[profile_attr] old_data=8 delta_type=1 attr=attr_2 delta_data=4 userid=1336 source=dump_data time=2013-04-02_12:34:35.808615
[profile_attr] old_data=14800 delta_type=1 attr=attr_1 delta_data=3100 userid=1336 source=dump_data time=2013-04-02_12:34:35.809909
[profile_attr] old_data=15832 delta_type=1 attr=gold delta_data=1100 userid=1336 source=dump_data time=2013-04-02_12:34:35.810784
[profile_attr] old_data=3 delta_type=1 attr=level delta_data=1 userid=1336 source=dump_data time=2013-04-02_12:34:35.826956
[profile_attr] old_data=700 delta_type=1 attr=hp delta_data=480 userid=1336 source=dump_data time=2013-04-02_12:34:35.827361
[profile_attr] old_data=45 delta_type=1 attr=mp delta_data=2 userid=1336 source=dump_data time=2013-04-02_12:34:35.828347
[profile_attr] old_data=16932 delta_type=0 attr=gold delta_data=10 userid=1336 source=enhance time=2013-04-02_12:34:35.942764
[profile_attr] old_data=1180 delta_type=1 attr=hp delta_data=29 userid=1336 source=dump_data time=2013-04-02_12:34:36.367435
[profile_attr] old_data=16922 delta_type=0 attr=gold delta_data=10 userid=1336 source=enhance time=2013-04-02_12:34:36.435907
[profile_attr] old_data=1209 delta_type=1 attr=hp delta_data=29 userid=1336 source=dump_data time=2013-04-02_12:34:36.994262
[profile_attr] old_data=16912 delta_type=0 attr=gold delta_data=10 userid=1336 source=enhance time=2013-04-02_12:34:37.070075
[profile_attr] old_data=1238 delta_type=1 attr=hp delta_data=29 userid=1336 source=dump_data time=2013-04-02_12:34:37.552523
[profile_attr] old_data=16902 delta_type=0 attr=gold delta_data=10 userid=1336 source=enhance time=2013-04-02_12:34:37.640088
[profile_attr] old_data=1267 delta_type=1 attr=hp delta_data=29 userid=1336 source=dump_data time=2013-04-02_12:34:39.524665
[profile_attr] old_data=16892 delta_type=0 attr=gold delta_data=10 userid=1336 source=enhance time=2013-04-02_12:34:39.589667
[profile_attr] old_data=17900 delta_type=1 attr=attr_1 delta_data=3100 userid=1336 source=dump_data time=2013-04-02_12:35:00.235851
[profile_attr] old_data=16882 delta_type=1 attr=gold delta_data=2100 userid=1336 source=dump_data time=2013-04-02_12:35:00.236737
[profile_attr] old_data=1296 delta_type=1 attr=hp delta_data=-296 userid=1336 source=dump_data time=2013-04-02_12:35:00.237321
[profile_attr] old_data=107557342 delta_type=1 attr=gold delta_data=16022 userid=1265 source=dump_data time=2013-04-02_12:35:55.476670
[profile_attr] old_data=180 delta_type=0 attr=attr_10 delta_data=10 userid=1336 source=enter time=2013-04-02_12:40:20.356445
[profile_attr] old_data=12 delta_type=1 attr=attr_2 delta_data=4 userid=1336 source=dump_data time=2013-04-02_12:41:05.958015
[profile_attr] old_data=21000 delta_type=1 attr=attr_1 delta_data=1400 userid=1336 source=dump_data time=2013-04-02_12:41:05.958801
[profile_attr] old_data=18982 delta_type=1 attr=gold delta_data=170 userid=1336 source=dump_data time=2013-04-02_12:41:05.959564
[profile_attr] old_data=4 delta_type=1 attr=level delta_data=1 userid=1336 source=dump_data time=2013-04-02_12:41:05.963044
[profile_attr] old_data=1000 delta_type=1 attr=hp delta_data=523 userid=1336 source=dump_data time=2013-04-02_12:41:05.963356
[profile_attr] old_data=47 delta_type=1 attr=mp delta_data=2 userid=1336 source=dump_data time=2013-04-02_12:41:05.964352
[profile_attr] old_data=19152 delta_type=1 attr=gold delta_data=69 userid=1336 source=dump_data time=2013-04-02_12:41:48.958581
[profile_attr] old_data=1523 delta_type=1 attr=hp delta_data=2 userid=1336 source=dump_data time=2013-04-02_12:41:48.959140
[profile_attr] old_data=22400 delta_type=1 attr=attr_1 delta_data=3200 userid=1336 source=dump_data time=2013-04-02_12:42:07.225552
[profile_attr] old_data=19221 delta_type=1 attr=gold delta_data=1100 userid=1336 source=dump_data time=2013-04-02_12:42:07.226305
[profile_attr] old_data=20321 delta_type=0 attr=gold delta_data=10 userid=1336 source=enhance time=2013-04-02_12:42:07.288899
[profile_attr] old_data=20311 delta_type=0 attr=gold delta_data=10 userid=1336 source=enhance time=2013-04-02_12:42:07.770228
[profile_attr] old_data=20301 delta_type=0 attr=gold delta_data=10 userid=1336 source=enhance time=2013-04-02_12:42:08.270948
[profile_attr] old_data=20291 delta_type=0 attr=gold delta_data=10 userid=1336 source=enhance time=2013-04-02_12:42:08.703509
[profile_attr] old_data=20281 delta_type=0 attr=gold delta_data=10 userid=1336 source=enhance time=2013-04-02_12:42:09.391088
[profile_attr] old_data=16 delta_type=0 attr=attr_2 delta_data=1 userid=1336 source=action_to_profile time=2013-04-02_12:42:22.291431
[profile_attr] old_data=15 delta_type=0 attr=attr_2 delta_data=1 userid=1336 source=action_to_profile time=2013-04-02_12:42:23.505342
[profile_attr] old_data=3233 delta_type=0 attr=token delta_data=2 userid=1265 source=exchange time=2013-04-02_12:42:37.949783
[profile_attr] old_data=107573364 delta_type=1 attr=gold delta_data=215000 userid=1265 source=exchange time=2013-04-02_12:42:37.949884
[profile_attr] old_data=25600 delta_type=1 attr=attr_1 delta_data=6400 userid=1336 source=dump_data time=2013-04-02_12:42:38.424845
[profile_attr] old_data=20271 delta_type=1 attr=gold delta_data=3200 userid=1336 source=dump_data time=2013-04-02_12:42:38.425609
[profile_attr] old_data=3231 delta_type=0 attr=token delta_data=4 userid=1265 source=exchange time=2013-04-02_12:42:41.159410
[profile_attr] old_data=107788364 delta_type=1 attr=gold delta_data=215000 userid=1265 source=exchange time=2013-04-02_12:42:41.159509
[profile_attr] old_data=3227 delta_type=0 attr=token delta_data=6 userid=1265 source=exchange time=2013-04-02_12:42:50.146837
[profile_attr] old_data=108003364 delta_type=1 attr=gold delta_data=215000 userid=1265 source=exchange time=2013-04-02_12:42:50.146934
[profile_attr] old_data=170 delta_type=0 attr=attr_10 delta_data=10 userid=1336 source=enter time=2013-04-02_12:42:53.232732
[profile_attr] old_data=3221 delta_type=0 attr=token delta_data=8 userid=1265 source=exchange time=2013-04-02_12:42:53.776789
[profile_attr] old_data=108218364 delta_type=1 attr=gold delta_data=215000 userid=1265 source=exchange time=2013-04-02_12:42:53.776889
[profile_attr] old_data=14 delta_type=1 attr=attr_2 delta_data=4 userid=1336 source=dump_data time=2013-04-02_12:44:11.259380
[profile_attr] old_data=32000 delta_type=1 attr=attr_1 delta_data=2200 userid=1336 source=dump_data time=2013-04-02_12:44:11.260093
[profile_attr] old_data=23471 delta_type=1 attr=gold delta_data=330 userid=1336 source=dump_data time=2013-04-02_12:44:11.260873
[profile_attr] old_data=5 delta_type=1 attr=level delta_data=1 userid=1336 source=dump_data time=2013-04-02_12:44:11.275831
[profile_attr] old_data=1525 delta_type=1 attr=hp delta_data=193 userid=1336 source=dump_data time=2013-04-02_12:44:11.276203
[profile_attr] old_data=49 delta_type=1 attr=mp delta_data=2 userid=1336 source=dump_data time=2013-04-02_12:44:11.277221
[profile_attr] old_data=34200 delta_type=1 attr=attr_1 delta_data=3200 userid=1336 source=dump_data time=2013-04-02_12:46:01.470883
[profile_attr] old_data=23801 delta_type=1 attr=gold delta_data=1100 userid=1336 source=dump_data time=2013-04-02_12:46:01.471671
[profile_attr] old_data=1718 delta_type=1 attr=hp delta_data=7 userid=1336 source=dump_data time=2013-04-02_12:46:01.472226
[profile_attr] old_data=24901 delta_type=0 attr=gold delta_data=10 userid=1336 source=enhance time=2013-04-02_12:46:01.555553
[profile_attr] old_data=24891 delta_type=0 attr=gold delta_data=10 userid=1336 source=enhance time=2013-04-02_12:46:02.772875
[profile_attr] old_data=24881 delta_type=0 attr=gold delta_data=10 userid=1336 source=enhance time=2013-04-02_12:46:03.392095
[profile_attr] old_data=24871 delta_type=0 attr=gold delta_data=10 userid=1336 source=enhance time=2013-04-02_12:46:04.104881
[profile_attr] old_data=24861 delta_type=0 attr=gold delta_data=10 userid=1336 source=enhance time=2013-04-02_12:46:04.822319
[profile_attr] old_data=24851 delta_type=1 attr=gold delta_data=1000 userid=1336 source=dump_data time=2013-04-02_12:46:14.770338
[profile_attr] old_data=160 delta_type=0 attr=attr_10 delta_data=10 userid=1336 source=enter time=2013-04-02_12:46:25.292694
[profile_attr] old_data=18 delta_type=1 attr=attr_2 delta_data=4 userid=1336 source=dump_data time=2013-04-02_12:47:42.494094
[profile_attr] old_data=37400 delta_type=1 attr=attr_1 delta_data=3200 userid=1336 source=dump_data time=2013-04-02_12:47:42.495152
[profile_attr] old_data=25851 delta_type=1 attr=gold delta_data=398 userid=1336 source=dump_data time=2013-04-02_12:47:42.495947
[profile_attr] old_data=6 delta_type=1 attr=level delta_data=1 userid=1336 source=dump_data time=2013-04-02_12:47:42.498627
[profile_attr] old_data=1725 delta_type=1 attr=hp delta_data=291 userid=1336 source=dump_data time=2013-04-02_12:47:42.498953
[profile_attr] old_data=51 delta_type=1 attr=mp delta_data=3 userid=1336 source=dump_data time=2013-04-02_12:47:42.499885
[profile_attr] old_data=40600 delta_type=1 attr=attr_1 delta_data=4100 userid=1336 source=dump_data time=2013-04-02_12:47:56.234611
[profile_attr] old_data=26249 delta_type=1 attr=gold delta_data=1600 userid=1336 source=dump_data time=2013-04-02_12:47:56.235369
[profile_attr] old_data=2016 delta_type=1 attr=hp delta_data=9 userid=1336 source=dump_data time=2013-04-02_12:47:56.235876
[profile_attr] old_data=27849 delta_type=0 attr=gold delta_data=10 userid=1336 source=enhance time=2013-04-02_12:47:56.316314
[profile_attr] old_data=27839 delta_type=0 attr=gold delta_data=10 userid=1336 source=enhance time=2013-04-02_12:47:57.037020
[profile_attr] old_data=27829 delta_type=0 attr=gold delta_data=10 userid=1336 source=enhance time=2013-04-02_12:47:57.650549
[profile_attr] old_data=27819 delta_type=0 attr=gold delta_data=10 userid=1336 source=enhance time=2013-04-02_12:47:58.368034
[profile_attr] old_data=27809 delta_type=0 attr=gold delta_data=10 userid=1336 source=enhance time=2013-04-02_12:47:59.085803
[profile_attr] old_data=44700 delta_type=1 attr=attr_1 delta_data=8200 userid=1336 source=dump_data time=2013-04-02_12:48:14.156248
[profile_attr] old_data=27799 delta_type=1 attr=gold delta_data=4200 userid=1336 source=dump_data time=2013-04-02_12:48:14.157077
[profile_attr] old_data=22 delta_type=0 attr=attr_2 delta_data=1 userid=1336 source=action_to_profile time=2013-04-02_12:48:14.215538
[profile_attr] old_data=21 delta_type=0 attr=attr_2 delta_data=1 userid=1336 source=action_to_profile time=2013-04-02_12:48:15.082838
[profile_attr] old_data=20 delta_type=0 attr=attr_2 delta_data=1 userid=1336 source=action_to_profile time=2013-04-02_12:48:15.685015
[profile_attr] old_data=19 delta_type=0 attr=attr_2 delta_data=1 userid=1336 source=action_to_profile time=2013-04-02_12:48:16.301090
[profile_attr] old_data=52900 delta_type=1 attr=attr_1 delta_data=4100 userid=1336 source=dump_data time=2013-04-02_12:48:23.491035
[profile_attr] old_data=31999 delta_type=1 attr=gold delta_data=1600 userid=1336 source=dump_data time=2013-04-02_12:48:23.491902
[profile_attr] old_data=150 delta_type=0 attr=attr_10 delta_data=10 userid=1336 source=enter time=2013-04-02_12:48:35.526370
[profile_attr] old_data=18 delta_type=1 attr=attr_2 delta_data=4 userid=1336 source=dump_data time=2013-04-02_12:50:16.620151
[profile_attr] old_data=57000 delta_type=1 attr=attr_1 delta_data=4200 userid=1336 source=dump_data time=2013-04-02_12:50:16.620938
[profile_attr] old_data=33599 delta_type=1 attr=gold delta_data=769 userid=1336 source=dump_data time=2013-04-02_12:50:16.621744
[profile_attr] old_data=7 delta_type=1 attr=level delta_data=1 userid=1336 source=dump_data time=2013-04-02_12:50:16.636925
[profile_attr] old_data=2025 delta_type=1 attr=hp delta_data=200 userid=1336 source=dump_data time=2013-04-02_12:50:16.637323
[profile_attr] old_data=54 delta_type=1 attr=mp delta_data=2 userid=1336 source=dump_data time=2013-04-02_12:50:16.638264
[profile_attr] old_data=61200 delta_type=1 attr=attr_1 delta_data=20000 userid=1336 source=dump_data time=2013-04-02_12:50:35.623445
[profile_attr] old_data=34368 delta_type=1 attr=gold delta_data=9400 userid=1336 source=dump_data time=2013-04-02_12:50:35.624301
[profile_attr] old_data=2225 delta_type=1 attr=hp delta_data=180 userid=1336 source=dump_data time=2013-04-02_12:50:35.624880
[profile_attr] old_data=43768 delta_type=0 attr=gold delta_data=10 userid=1336 source=enhance time=2013-04-02_12:50:35.704237
[profile_attr] old_data=2405 delta_type=1 attr=hp delta_data=29 userid=1336 source=dump_data time=2013-04-02_12:50:36.144100
[profile_attr] old_data=43758 delta_type=0 attr=gold delta_data=10 userid=1336 source=enhance time=2013-04-02_12:50:36.223483
[profile_attr] old_data=2434 delta_type=1 attr=hp delta_data=29 userid=1336 source=dump_data time=2013-04-02_12:50:36.922705
[profile_attr] old_data=43748 delta_type=0 attr=gold delta_data=10 userid=1336 source=enhance time=2013-04-02_12:50:36.992929
[profile_attr] old_data=2463 delta_type=1 attr=hp delta_data=29 userid=1336 source=dump_data time=2013-04-02_12:50:37.807177
[profile_attr] old_data=43738 delta_type=0 attr=gold delta_data=10 userid=1336 source=enhance time=2013-04-02_12:50:37.877049
[profile_attr] old_data=2492 delta_type=1 attr=hp delta_data=29 userid=1336 source=dump_data time=2013-04-02_12:50:38.524829
[profile_attr] old_data=43728 delta_type=0 attr=gold delta_data=10 userid=1336 source=enhance time=2013-04-02_12:50:38.604584
[profile_attr] old_data=43718 delta_type=1 attr=gold delta_data=1000 userid=1336 source=dump_data time=2013-04-02_12:50:46.240422
[profile_attr] old_data=2521 delta_type=1 attr=hp delta_data=29 userid=1336 source=dump_data time=2013-04-02_12:50:46.240993
[profile_attr] old_data=140 delta_type=0 attr=attr_10 delta_data=10 userid=1336 source=enter time=2013-04-02_12:50:56.886565
[profile_attr] old_data=81200 delta_type=1 attr=attr_1 delta_data=5400 userid=1336 source=dump_data time=2013-04-02_12:52:29.286979
[profile_attr] old_data=44718 delta_type=1 attr=gold delta_data=534 userid=1336 source=dump_data time=2013-04-02_12:52:29.287728
[profile_attr] old_data=22 delta_type=1 attr=attr_2 delta_data=4 userid=1336 source=dump_data time=2013-04-02_12:52:44.757327
[profile_attr] old_data=86600 delta_type=1 attr=attr_1 delta_data=61600 userid=1336 source=dump_data time=2013-04-02_12:52:44.758110
[profile_attr] old_data=45252 delta_type=1 attr=gold delta_data=4300 userid=1336 source=dump_data time=2013-04-02_12:52:44.758885
[profile_attr] old_data=8 delta_type=1 attr=level delta_data=1 userid=1336 source=dump_data time=2013-04-02_12:52:44.773861
[profile_attr] old_data=2550 delta_type=1 attr=hp delta_data=300 userid=1336 source=dump_data time=2013-04-02_12:52:44.774246
[profile_attr] old_data=56 delta_type=1 attr=mp delta_data=2 userid=1336 source=dump_data time=2013-04-02_12:52:44.775211
[profile_attr] old_data=49552 delta_type=0 attr=gold delta_data=10 userid=1336 source=enhance time=2013-04-02_12:52:44.881720
[profile_attr] old_data=49542 delta_type=0 attr=gold delta_data=10 userid=1336 source=enhance time=2013-04-02_12:52:45.563512
[profile_attr] old_data=49532 delta_type=0 attr=gold delta_data=10 userid=1336 source=enhance time=2013-04-02_12:52:46.095410
[profile_attr] old_data=49522 delta_type=0 attr=gold delta_data=10 userid=1336 source=enhance time=2013-04-02_12:52:46.630649
[profile_attr] old_data=49512 delta_type=0 attr=gold delta_data=10 userid=1336 source=enhance time=2013-04-02_12:52:47.316083
[profile_attr] old_data=148200 delta_type=1 attr=attr_1 delta_data=123200 userid=1336 source=dump_data time=2013-04-02_12:53:00.297334
[profile_attr] old_data=49502 delta_type=1 attr=gold delta_data=9600 userid=1336 source=dump_data time=2013-04-02_12:53:00.298691
[profile_attr] old_data=130 delta_type=0 attr=attr_10 delta_data=10 userid=1336 source=enter time=2013-04-02_12:53:04.054811
[profile_attr] old_data=271400 delta_type=1 attr=attr_1 delta_data=6700 userid=1336 source=dump_data time=2013-04-02_12:55:18.588058
[profile_attr] old_data=59102 delta_type=1 attr=gold delta_data=1036 userid=1336 source=dump_data time=2013-04-02_12:55:18.588881
[profile_attr] old_data=26 delta_type=1 attr=attr_2 delta_data=4 userid=1336 source=dump_data time=2013-04-02_12:55:25.597796
[profile_attr] old_data=278100 delta_type=1 attr=attr_1 delta_data=90500 userid=1336 source=dump_data time=2013-04-02_12:55:25.598512
[profile_attr] old_data=60138 delta_type=1 attr=gold delta_data=5900 userid=1336 source=dump_data time=2013-04-02_12:55:25.599243
[profile_attr] old_data=9 delta_type=1 attr=level delta_data=1 userid=1336 source=dump_data time=2013-04-02_12:55:25.601854
[profile_attr] old_data=2850 delta_type=1 attr=hp delta_data=200 userid=1336 source=dump_data time=2013-04-02_12:55:25.602170
[profile_attr] old_data=58 delta_type=1 attr=mp delta_data=2 userid=1336 source=dump_data time=2013-04-02_12:55:25.603095
[profile_attr] old_data=66038 delta_type=0 attr=gold delta_data=10 userid=1336 source=enhance time=2013-04-02_12:55:35.870635
[profile_attr] old_data=66028 delta_type=0 attr=gold delta_data=10 userid=1336 source=enhance time=2013-04-02_12:55:36.403485
[profile_attr] old_data=66018 delta_type=0 attr=gold delta_data=10 userid=1336 source=enhance time=2013-04-02_12:55:37.350216
[profile_attr] old_data=66008 delta_type=0 attr=gold delta_data=10 userid=1336 source=enhance time=2013-04-02_12:55:38.135058
[profile_attr] old_data=65998 delta_type=0 attr=gold delta_data=10 userid=1336 source=enhance time=2013-04-02_12:55:39.069546
[profile_attr] old_data=65988 delta_type=1 attr=gold delta_data=1000 userid=1336 source=dump_data time=2013-04-02_12:55:52.965522
[profile_attr] old_data=368600 delta_type=0 attr=attr_1 delta_data=1000.0 userid=1336 source=upgrade time=2013-04-02_12:55:53.033221
[profile_attr] old_data=367600 delta_type=0 attr=attr_1 delta_data=2900.0 userid=1336 source=upgrade time=2013-04-02_12:55:53.585499
[profile_attr] old_data=364700 delta_type=0 attr=attr_1 delta_data=5600.0 userid=1336 source=upgrade time=2013-04-02_12:55:54.100279
[profile_attr] old_data=359100 delta_type=0 attr=attr_1 delta_data=8800.0 userid=1336 source=upgrade time=2013-04-02_12:55:56.019307
[profile_attr] old_data=350300 delta_type=0 attr=attr_1 delta_data=12600.0 userid=1336 source=upgrade time=2013-04-02_12:55:57.783135
[profile_attr] old_data=337700 delta_type=0 attr=attr_1 delta_data=16900.0 userid=1336 source=upgrade time=2013-04-02_12:55:58.700905
[profile_attr] old_data=320800 delta_type=0 attr=attr_1 delta_data=21600.0 userid=1336 source=upgrade time=2013-04-02_12:55:59.899781
[profile_attr] old_data=299200 delta_type=0 attr=attr_1 delta_data=26700.0 userid=1336 source=upgrade time=2013-04-02_12:56:00.882246
[profile_attr] old_data=272500 delta_type=1 attr=attr_1 delta_data=90500 userid=1336 source=dump_data time=2013-04-02_12:56:14.086449
[profile_attr] old_data=66988 delta_type=1 attr=gold delta_data=5900 userid=1336 source=dump_data time=2013-04-02_12:56:14.087941
[profile_attr] old_data=30 delta_type=0 attr=attr_2 delta_data=1 userid=1336 source=action_to_profile time=2013-04-02_12:56:14.149112
[profile_attr] old_data=29 delta_type=0 attr=attr_2 delta_data=1 userid=1336 source=action_to_profile time=2013-04-02_12:56:14.817002
[profile_attr] old_data=28 delta_type=0 attr=attr_2 delta_data=1 userid=1336 source=action_to_profile time=2013-04-02_12:56:15.364781
[profile_attr] old_data=27 delta_type=0 attr=attr_2 delta_data=1 userid=1336 source=action_to_profile time=2013-04-02_12:56:16.017678
[profile_attr] old_data=26 delta_type=0 attr=attr_2 delta_data=1 userid=1336 source=action_to_profile time=2013-04-02_12:56:16.585185
[profile_attr] old_data=25 delta_type=0 attr=attr_2 delta_data=1 userid=1336 source=action_to_profile time=2013-04-02_12:56:17.098391
[profile_attr] old_data=24 delta_type=0 attr=attr_2 delta_data=1 userid=1336 source=action_to_profile time=2013-04-02_12:56:17.815211
[profile_attr] old_data=363000 delta_type=1 attr=attr_1 delta_data=90500 userid=1336 source=dump_data time=2013-04-02_12:56:25.206929
[profile_attr] old_data=72888 delta_type=1 attr=gold delta_data=5900 userid=1336 source=dump_data time=2013-04-02_12:56:25.208361
[profile_attr] old_data=120 delta_type=0 attr=attr_10 delta_data=10 userid=1336 source=enter time=2013-04-02_12:56:28.869405
[profile_attr] old_data=453500 delta_type=1 attr=attr_1 delta_data=8100 userid=1336 source=dump_data time=2013-04-02_12:57:42.026014
[profile_attr] old_data=78788 delta_type=1 attr=gold delta_data=746 userid=1336 source=dump_data time=2013-04-02_12:57:42.026830
[profile_attr] old_data=3050 delta_type=1 attr=hp delta_data=-1731 userid=1336 source=dump_data time=2013-04-02_12:57:42.027389
[profile_attr] old_data=23 delta_type=1 attr=attr_2 delta_data=4 userid=1336 source=dump_data time=2013-04-02_12:57:58.861398
[profile_attr] old_data=461600 delta_type=1 attr=attr_1 delta_data=189000 userid=1336 source=dump_data time=2013-04-02_12:57:58.862276
[profile_attr] old_data=79534 delta_type=1 attr=gold delta_data=11600 userid=1336 source=dump_data time=2013-04-02_12:57:58.863122
[profile_attr] old_data=10 delta_type=1 attr=level delta_data=1 userid=1336 source=dump_data time=2013-04-02_12:57:58.865765
[profile_attr] old_data=1319 delta_type=1 attr=hp delta_data=1931 userid=1336 source=dump_data time=2013-04-02_12:57:58.866182
[profile_attr] old_data=60 delta_type=1 attr=mp delta_data=3 userid=1336 source=dump_data time=2013-04-02_12:57:58.867227
[profile_attr] old_data=91134 delta_type=0 attr=gold delta_data=7644 userid=1336 source=enhance time=2013-04-02_12:57:58.941419
[profile_attr] old_data=83490 delta_type=0 attr=gold delta_data=7644 userid=1336 source=enhance time=2013-04-02_12:57:59.724709
[profile_attr] old_data=75846 delta_type=0 attr=gold delta_data=7644 userid=1336 source=enhance time=2013-04-02_12:58:00.858133
[profile_attr] old_data=68202 delta_type=0 attr=gold delta_data=7644 userid=1336 source=enhance time=2013-04-02_12:58:01.543144
[profile_attr] old_data=60558 delta_type=0 attr=gold delta_data=7644 userid=1336 source=enhance time=2013-04-02_12:58:02.208001
[profile_attr] old_data=52914 delta_type=0 attr=gold delta_data=7644 userid=1336 source=enhance time=2013-04-02_12:58:02.789994
[profile_attr] old_data=45270 delta_type=0 attr=gold delta_data=7644 userid=1336 source=enhance time=2013-04-02_12:58:03.424112
[profile_attr] old_data=37626 delta_type=0 attr=gold delta_data=7644 userid=1336 source=enhance time=2013-04-02_12:58:04.292701
[profile_attr] old_data=29982 delta_type=0 attr=gold delta_data=7644 userid=1336 source=enhance time=2013-04-02_12:58:05.076314
[profile_attr] old_data=22338 delta_type=0 attr=gold delta_data=7644 userid=1336 source=enhance time=2013-04-02_12:58:05.811155
[profile_attr] old_data=14694 delta_type=1 attr=gold delta_data=100000 userid=1336 source=dump_data time=2013-04-02_12:58:15.394239
[profile_attr] old_data=650600 delta_type=0 attr=attr_1 delta_data=1000.0 userid=1336 source=upgrade time=2013-04-02_12:58:15.440254
[profile_attr] old_data=649600 delta_type=0 attr=attr_1 delta_data=2900.0 userid=1336 source=upgrade time=2013-04-02_12:58:16.112999
[profile_attr] old_data=646700 delta_type=0 attr=attr_1 delta_data=5600.0 userid=1336 source=upgrade time=2013-04-02_12:58:16.712064
[profile_attr] old_data=641100 delta_type=0 attr=attr_1 delta_data=8800.0 userid=1336 source=upgrade time=2013-04-02_12:58:17.373258
[profile_attr] old_data=632300 delta_type=0 attr=attr_1 delta_data=12600.0 userid=1336 source=upgrade time=2013-04-02_12:58:17.924288
[profile_attr] old_data=619700 delta_type=0 attr=attr_1 delta_data=16900.0 userid=1336 source=upgrade time=2013-04-02_12:58:18.492855
[profile_attr] old_data=602800 delta_type=0 attr=attr_1 delta_data=21600.0 userid=1336 source=upgrade time=2013-04-02_12:58:19.093293
[profile_attr] old_data=581200 delta_type=0 attr=attr_1 delta_data=26700.0 userid=1336 source=upgrade time=2013-04-02_12:58:19.757122
[profile_attr] old_data=554500 delta_type=0 attr=attr_1 delta_data=32300.0 userid=1336 source=upgrade time=2013-04-02_12:58:20.523155
[profile_attr] old_data=522200 delta_type=1 attr=attr_1 delta_data=189000 userid=1336 source=dump_data time=2013-04-02_12:58:35.499311
[profile_attr] old_data=114694 delta_type=1 attr=gold delta_data=11600 userid=1336 source=dump_data time=2013-04-02_12:58:35.500112
[profile_attr] old_data=126294 delta_type=0 attr=gold delta_data=7644 userid=1336 source=enhance time=2013-04-02_12:58:35.577532
[profile_attr] old_data=118650 delta_type=0 attr=gold delta_data=7644 userid=1336 source=enhance time=2013-04-02_12:58:36.076382
[profile_attr] old_data=111006 delta_type=0 attr=gold delta_data=7644 userid=1336 source=enhance time=2013-04-02_12:58:36.836921
[profile_attr] old_data=103362 delta_type=0 attr=gold delta_data=7644 userid=1336 source=enhance time=2013-04-02_12:58:37.420501
[profile_attr] old_data=95718 delta_type=0 attr=gold delta_data=7644 userid=1336 source=enhance time=2013-04-02_12:58:38.059334
[profile_attr] old_data=88074 delta_type=0 attr=gold delta_data=7644 userid=1336 source=enhance time=2013-04-02_12:58:38.688001
[profile_attr] old_data=80430 delta_type=0 attr=gold delta_data=7644 userid=1336 source=enhance time=2013-04-02_12:58:39.220467
[profile_attr] old_data=72786 delta_type=0 attr=gold delta_data=7644 userid=1336 source=enhance time=2013-04-02_12:58:39.811767
[profile_attr] old_data=65142 delta_type=0 attr=gold delta_data=7644 userid=1336 source=enhance time=2013-04-02_12:58:40.371490
[profile_attr] old_data=57498 delta_type=0 attr=gold delta_data=7644 userid=1336 source=enhance time=2013-04-02_12:58:41.404679
[profile_attr] old_data=49854 delta_type=0 attr=gold delta_data=7644 userid=1336 source=enhance time=2013-04-02_12:58:43.391578
[profile_attr] old_data=42210 delta_type=1 attr=gold delta_data=100000 userid=1336 source=dump_data time=2013-04-02_12:58:53.914129
[profile_attr] old_data=711200 delta_type=0 attr=attr_1 delta_data=1000.0 userid=1336 source=upgrade time=2013-04-02_12:58:53.972707
[profile_attr] old_data=710200 delta_type=0 attr=attr_1 delta_data=2900.0 userid=1336 source=upgrade time=2013-04-02_12:58:54.588464
[profile_attr] old_data=707300 delta_type=0 attr=attr_1 delta_data=5600.0 userid=1336 source=upgrade time=2013-04-02_12:58:55.253712
[profile_attr] old_data=701700 delta_type=0 attr=attr_1 delta_data=8800.0 userid=1336 source=upgrade time=2013-04-02_12:58:55.870984
[profile_attr] old_data=692900 delta_type=0 attr=attr_1 delta_data=12600.0 userid=1336 source=upgrade time=2013-04-02_12:58:56.489053
[profile_attr] old_data=680300 delta_type=0 attr=attr_1 delta_data=16900.0 userid=1336 source=upgrade time=2013-04-02_12:58:57.038314
[profile_attr] old_data=663400 delta_type=0 attr=attr_1 delta_data=21600.0 userid=1336 source=upgrade time=2013-04-02_12:58:57.787629
[profile_attr] old_data=641800 delta_type=0 attr=attr_1 delta_data=26700.0 userid=1336 source=upgrade time=2013-04-02_12:58:58.504251
[profile_attr] old_data=615100 delta_type=0 attr=attr_1 delta_data=32300.0 userid=1336 source=upgrade time=2013-04-02_12:58:59.372978
[profile_attr] old_data=582800 delta_type=0 attr=attr_1 delta_data=38200.0 userid=1336 source=upgrade time=2013-04-02_12:59:00.120750
[profile_attr] old_data=142210 delta_type=1 attr=gold delta_data=1000 userid=1336 source=dump_data time=2013-04-02_12:59:09.948048
[profile_attr] old_data=544600 delta_type=0 attr=attr_1 delta_data=1000.0 userid=1336 source=upgrade time=2013-04-02_12:59:10.004148
[profile_attr] old_data=3250 delta_type=1 attr=hp delta_data=480 userid=1336 source=dump_data time=2013-04-02_12:59:10.556112
[profile_attr] old_data=543600 delta_type=0 attr=attr_1 delta_data=2900.0 userid=1336 source=upgrade time=2013-04-02_12:59:10.620338
