[profile_attr] old_data=18243130 delta_type=1 attr=gold delta_data=1094500 userid=1088 source=dump_data time=2013-04-03_14:08:44.312700
[profile_attr] old_data=38513 delta_type=1 attr=hp delta_data=2400 userid=1088 source=dump_data time=2013-04-03_14:08:44.313316
[profile_attr] old_data=99899 delta_type=0 attr=attr_10 delta_data=10 userid=1088 source=enter time=2013-04-03_14:08:47.948036
[profile_attr] old_data=648499 delta_type=1 attr=attr_1 delta_data=56000 userid=1088 source=dump_data time=2013-04-03_14:09:52.120499
[profile_attr] old_data=19337630 delta_type=1 attr=gold delta_data=6349 userid=1088 source=dump_data time=2013-04-03_14:09:52.122055
[profile_attr] old_data=40913 delta_type=1 attr=hp delta_data=-4959 userid=1088 source=dump_data time=2013-04-03_14:09:52.123043
[profile_attr] old_data=1 delta_type=1 attr=mount_status delta_data=-1 userid=1088 source=dump_data time=2013-04-03_14:09:52.124485
[profile_attr] old_data=19343979 delta_type=1 attr=gold delta_data=2260500 userid=1088 source=dump_data time=2013-04-03_14:10:11.618725
[profile_attr] old_data=35954 delta_type=1 attr=hp delta_data=4959 userid=1088 source=dump_data time=2013-04-03_14:10:11.619387
[profile_attr] old_data=0 delta_type=1 attr=mount_status delta_data=1 userid=1088 source=dump_data time=2013-04-03_14:10:11.620487
[profile_attr] old_data=99889 delta_type=0 attr=attr_10 delta_data=10 userid=1088 source=enter time=2013-04-03_14:10:15.425228
[profile_attr] old_data=0 delta_type=1 attr=attr_1 delta_data=4200 userid=1342 source=dump_data time=2013-04-03_14:12:21.146820
[profile_attr] old_data=10000 delta_type=1 attr=gold delta_data=2100 userid=1342 source=dump_data time=2013-04-03_14:12:21.147952
[profile_attr] old_data=40.579180003 delta_type=1 attr=mp delta_data=-0.579180003048 userid=1342 source=dump_data time=2013-04-03_14:12:21.149910
[profile_attr] old_data=200 delta_type=0 attr=attr_10 delta_data=10 userid=1342 source=enter time=2013-04-03_14:12:27.047583
[profile_attr] old_data=0 delta_type=1 attr=attr_2 delta_data=4 userid=1342 source=dump_data time=2013-04-03_14:13:04.572650
[profile_attr] old_data=4200 delta_type=1 attr=attr_1 delta_data=200 userid=1342 source=dump_data time=2013-04-03_14:13:04.573482
[profile_attr] old_data=12100 delta_type=1 attr=gold delta_data=79 userid=1342 source=dump_data time=2013-04-03_14:13:04.574294
[profile_attr] old_data=1 delta_type=1 attr=level delta_data=1 userid=1342 source=dump_data time=2013-04-03_14:13:04.576893
[profile_attr] old_data=200 delta_type=1 attr=hp delta_data=300 userid=1342 source=dump_data time=2013-04-03_14:13:04.577252
[profile_attr] old_data=40 delta_type=1 attr=mp delta_data=2 userid=1342 source=dump_data time=2013-04-03_14:13:04.578220
[profile_attr] old_data=704499 delta_type=1 attr=attr_1 delta_data=56300 userid=1088 source=dump_data time=2013-04-03_14:13:49.297892
[profile_attr] old_data=21604479 delta_type=1 attr=gold delta_data=4779 userid=1088 source=dump_data time=2013-04-03_14:13:49.299020
[profile_attr] old_data=40913 delta_type=1 attr=hp delta_data=-992 userid=1088 source=dump_data time=2013-04-03_14:13:49.299608
[profile_attr] old_data=1 delta_type=1 attr=mount_status delta_data=-1 userid=1088 source=dump_data time=2013-04-03_14:13:49.300466
[profile_attr] old_data=21609258 delta_type=1 attr=gold delta_data=1165000 userid=1088 source=dump_data time=2013-04-03_14:14:08.606671
[profile_attr] old_data=39921 delta_type=1 attr=hp delta_data=992 userid=1088 source=dump_data time=2013-04-03_14:14:08.607297
[profile_attr] old_data=0 delta_type=1 attr=mount_status delta_data=1 userid=1088 source=dump_data time=2013-04-03_14:14:08.608111
[profile_attr] old_data=50000 delta_type=0 attr=token delta_data=2 userid=1088 source=exchange time=2013-04-03_14:14:08.721021
[profile_attr] old_data=22774258 delta_type=1 attr=gold delta_data=305000 userid=1088 source=exchange time=2013-04-03_14:14:08.721125
[profile_attr] old_data=23079258 delta_type=1 attr=gold delta_data=37600 userid=1088 source=dump_data time=2013-04-03_14:14:15.988493
[profile_attr] old_data=99879 delta_type=0 attr=attr_10 delta_data=10 userid=1088 source=enter time=2013-04-03_14:14:19.299719
[profile_attr] old_data=760799 delta_type=1 attr=attr_1 delta_data=56600 userid=1088 source=dump_data time=2013-04-03_14:16:13.347664
[profile_attr] old_data=23116858 delta_type=1 attr=gold delta_data=6785 userid=1088 source=dump_data time=2013-04-03_14:16:13.348429
[profile_attr] old_data=1 delta_type=1 attr=mount_status delta_data=-1 userid=1088 source=dump_data time=2013-04-03_14:16:13.349614
[profile_attr] old_data=23123643 delta_type=1 attr=gold delta_data=2862500 userid=1088 source=dump_data time=2013-04-03_14:16:32.766757
[profile_attr] old_data=0 delta_type=1 attr=mount_status delta_data=1 userid=1088 source=dump_data time=2013-04-03_14:16:32.768053
[profile_attr] old_data=99869 delta_type=0 attr=attr_10 delta_data=10 userid=1088 source=enter time=2013-04-03_14:16:37.066948
[profile_attr] old_data=25986143 delta_type=1 attr=gold delta_data=688 userid=1088 source=dump_data time=2013-04-03_14:20:56.055895
[profile_attr] old_data=40913 delta_type=1 attr=hp delta_data=-2216 userid=1088 source=dump_data time=2013-04-03_14:20:56.056480
[profile_attr] old_data=1 delta_type=1 attr=mount_status delta_data=-1 userid=1088 source=dump_data time=2013-04-03_14:20:56.057257
[profile_attr] old_data=38697 delta_type=1 attr=hp delta_data=2216 userid=1088 source=dump_data time=2013-04-03_14:27:09.382098
[profile_attr] old_data=0 delta_type=1 attr=mount_status delta_data=1 userid=1088 source=dump_data time=2013-04-03_14:27:09.383351
[profile_attr] old_data=99859 delta_type=0 attr=attr_10 delta_data=10 userid=1088 source=enter time=2013-04-03_14:27:12.919317
[profile_attr] old_data=40913 delta_type=1 attr=hp delta_data=-652 userid=1088 source=dump_data time=2013-04-03_14:27:18.635583
[profile_attr] old_data=1 delta_type=1 attr=mount_status delta_data=-1 userid=1088 source=dump_data time=2013-04-03_14:27:18.636460
[profile_attr] old_data=40261 delta_type=1 attr=hp delta_data=652 userid=1088 source=dump_data time=2013-04-03_14:27:51.739104
[profile_attr] old_data=0 delta_type=1 attr=mount_status delta_data=1 userid=1088 source=dump_data time=2013-04-03_14:27:51.739862
[profile_attr] old_data=99849 delta_type=0 attr=attr_10 delta_data=10 userid=1088 source=enter time=2013-04-03_14:27:54.198872
[profile_attr] old_data=817399 delta_type=1 attr=attr_1 delta_data=56800 userid=1088 source=dump_data time=2013-04-03_14:30:26.244046
[profile_attr] old_data=25986831 delta_type=1 attr=gold delta_data=5033 userid=1088 source=dump_data time=2013-04-03_14:30:26.245054
[profile_attr] old_data=40913 delta_type=1 attr=hp delta_data=-1362 userid=1088 source=dump_data time=2013-04-03_14:30:26.245652
[profile_attr] old_data=1 delta_type=1 attr=mount_status delta_data=-1 userid=1088 source=dump_data time=2013-04-03_14:30:26.246476
[profile_attr] old_data=25991864 delta_type=1 attr=gold delta_data=2708000 userid=1088 source=dump_data time=2013-04-03_14:31:27.357068
[profile_attr] old_data=39551 delta_type=1 attr=hp delta_data=1362 userid=1088 source=dump_data time=2013-04-03_14:31:27.357698
[profile_attr] old_data=99839 delta_type=0 attr=attr_10 delta_data=10 userid=1088 source=enter time=2013-04-03_14:31:31.379621
[profile_attr] old_data=874199 delta_type=1 attr=attr_1 delta_data=57100 userid=1088 source=dump_data time=2013-04-03_14:33:31.924781
[profile_attr] old_data=28699864 delta_type=1 attr=gold delta_data=6316 userid=1088 source=dump_data time=2013-04-03_14:33:31.925620
[profile_attr] old_data=100003 delta_type=1 attr=attr_2 delta_data=4 userid=1088 source=dump_data time=2013-04-03_14:34:15.438744
[profile_attr] old_data=28706180 delta_type=1 attr=gold delta_data=3852500 userid=1088 source=dump_data time=2013-04-03_14:34:15.440364
[profile_attr] old_data=51 delta_type=1 attr=level delta_data=1 userid=1088 source=dump_data time=2013-04-03_14:34:15.442604
[profile_attr] old_data=40913 delta_type=1 attr=hp delta_data=300 userid=1088 source=dump_data time=2013-04-03_14:34:15.442866
[profile_attr] old_data=0 delta_type=1 attr=mount_status delta_data=1 userid=1088 source=dump_data time=2013-04-03_14:34:15.443521
[profile_attr] old_data=323 delta_type=1 attr=mp delta_data=15 userid=1088 source=dump_data time=2013-04-03_14:34:15.443819
[profile_attr] old_data=99829 delta_type=0 attr=attr_10 delta_data=10 userid=1088 source=enter time=2013-04-03_14:34:18.783168
[profile_attr] old_data=931299 delta_type=1 attr=attr_1 delta_data=57300 userid=1088 source=dump_data time=2013-04-03_14:35:40.662927
[profile_attr] old_data=32558680 delta_type=1 attr=gold delta_data=5923 userid=1088 source=dump_data time=2013-04-03_14:35:40.663699
[profile_attr] old_data=41213 delta_type=1 attr=hp delta_data=-814 userid=1088 source=dump_data time=2013-04-03_14:35:40.664289
[profile_attr] old_data=1 delta_type=1 attr=mount_status delta_data=-1 userid=1088 source=dump_data time=2013-04-03_14:35:40.665223
[profile_attr] old_data=32564603 delta_type=1 attr=gold delta_data=1229500 userid=1088 source=dump_data time=2013-04-03_14:35:53.301801
[profile_attr] old_data=40399 delta_type=1 attr=hp delta_data=814 userid=1088 source=dump_data time=2013-04-03_14:35:53.302746
[profile_attr] old_data=0 delta_type=1 attr=mount_status delta_data=1 userid=1088 source=dump_data time=2013-04-03_14:35:53.304121
[profile_attr] old_data=99819 delta_type=0 attr=attr_10 delta_data=10 userid=1088 source=enter time=2013-04-03_14:35:57.476351
[profile_attr] old_data=988599 delta_type=1 attr=attr_1 delta_data=57600 userid=1088 source=dump_data time=2013-04-03_14:38:11.649535
[profile_attr] old_data=33794103 delta_type=1 attr=gold delta_data=6702 userid=1088 source=dump_data time=2013-04-03_14:38:11.650051
[profile_attr] old_data=1 delta_type=1 attr=mount_status delta_data=-1 userid=1088 source=dump_data time=2013-04-03_14:38:11.650811
[profile_attr] old_data=33800805 delta_type=1 attr=gold delta_data=3597500 userid=1088 source=dump_data time=2013-04-03_14:38:26.768184
[profile_attr] old_data=0 delta_type=1 attr=mount_status delta_data=1 userid=1088 source=dump_data time=2013-04-03_14:38:26.769682
[profile_attr] old_data=99809 delta_type=0 attr=attr_10 delta_data=10 userid=1088 source=enter time=2013-04-03_14:38:29.963435
[profile_attr] old_data=995640 delta_type=1 attr=attr_4 delta_data=200 userid=1265 source=loads_attachment time=2013-04-03_14:38:49.953263
[profile_attr] old_data=108433364 delta_type=1 attr=gold delta_data=100000 userid=1265 source=loads_attachment time=2013-04-03_14:38:49.953356
[profile_attr] old_data=1046199 delta_type=1 attr=attr_1 delta_data=57800 userid=1088 source=dump_data time=2013-04-03_14:39:55.902110
[profile_attr] old_data=37398305 delta_type=1 attr=gold delta_data=9915 userid=1088 source=dump_data time=2013-04-03_14:39:55.902863
[profile_attr] old_data=1 delta_type=1 attr=mount_status delta_data=-1 userid=1088 source=dump_data time=2013-04-03_14:39:55.904146
[profile_attr] old_data=37408220 delta_type=1 attr=gold delta_data=3385500 userid=1088 source=dump_data time=2013-04-03_14:40:38.680286
[profile_attr] old_data=0 delta_type=1 attr=mount_status delta_data=1 userid=1088 source=dump_data time=2013-04-03_14:40:38.683477
[profile_attr] old_data=99799 delta_type=0 attr=attr_10 delta_data=10 userid=1088 source=enter time=2013-04-03_14:40:42.170010
[profile_attr] old_data=1103999 delta_type=1 attr=attr_1 delta_data=58100 userid=1088 source=dump_data time=2013-04-03_14:41:53.764271
[profile_attr] old_data=40793720 delta_type=1 attr=gold delta_data=10154 userid=1088 source=dump_data time=2013-04-03_14:41:53.765074
[profile_attr] old_data=1 delta_type=1 attr=mount_status delta_data=-1 userid=1088 source=dump_data time=2013-04-03_14:41:53.766391
[profile_attr] old_data=1162099 delta_type=0 attr=attr_1 delta_data=1000.0 userid=1088 source=upgrade time=2013-04-03_14:41:58.696063
[profile_attr] old_data=1161099 delta_type=0 attr=attr_1 delta_data=2900.0 userid=1088 source=upgrade time=2013-04-03_14:41:59.513679
[profile_attr] old_data=1158199 delta_type=0 attr=attr_1 delta_data=5600.0 userid=1088 source=upgrade time=2013-04-03_14:42:00.031491
[profile_attr] old_data=1152599 delta_type=0 attr=attr_1 delta_data=8800.0 userid=1088 source=upgrade time=2013-04-03_14:42:00.583251
[profile_attr] old_data=1143799 delta_type=0 attr=attr_1 delta_data=12600.0 userid=1088 source=upgrade time=2013-04-03_14:42:01.096635
[profile_attr] old_data=1131199 delta_type=0 attr=attr_1 delta_data=16900.0 userid=1088 source=upgrade time=2013-04-03_14:42:01.646145
[profile_attr] old_data=1114299 delta_type=0 attr=attr_1 delta_data=21600.0 userid=1088 source=upgrade time=2013-04-03_14:42:02.264197
[profile_attr] old_data=1092699 delta_type=0 attr=attr_1 delta_data=26700.0 userid=1088 source=upgrade time=2013-04-03_14:42:02.813908
[profile_attr] old_data=1065999 delta_type=0 attr=attr_1 delta_data=32300.0 userid=1088 source=upgrade time=2013-04-03_14:42:03.230786
[profile_attr] old_data=1033699 delta_type=0 attr=attr_1 delta_data=38200.0 userid=1088 source=upgrade time=2013-04-03_14:42:03.646939
[profile_attr] old_data=995499 delta_type=0 attr=attr_1 delta_data=44500.0 userid=1088 source=upgrade time=2013-04-03_14:42:04.096132
[profile_attr] old_data=950999 delta_type=0 attr=attr_1 delta_data=51200.0 userid=1088 source=upgrade time=2013-04-03_14:42:04.548858
[profile_attr] old_data=899799 delta_type=0 attr=attr_1 delta_data=58200.0 userid=1088 source=upgrade time=2013-04-03_14:42:04.930109
[profile_attr] old_data=841599 delta_type=0 attr=attr_1 delta_data=65500.0 userid=1088 source=upgrade time=2013-04-03_14:42:05.331390
[profile_attr] old_data=776099 delta_type=0 attr=attr_1 delta_data=73100.0 userid=1088 source=upgrade time=2013-04-03_14:42:05.746685
[profile_attr] old_data=702999 delta_type=0 attr=attr_1 delta_data=81100.0 userid=1088 source=upgrade time=2013-04-03_14:42:06.180133
[profile_attr] old_data=621899 delta_type=0 attr=attr_1 delta_data=89300.0 userid=1088 source=upgrade time=2013-04-03_14:42:06.664074
[profile_attr] old_data=532599 delta_type=0 attr=attr_1 delta_data=97900.0 userid=1088 source=upgrade time=2013-04-03_14:42:07.029312
[profile_attr] old_data=434699 delta_type=0 attr=attr_1 delta_data=106700.0 userid=1088 source=upgrade time=2013-04-03_14:42:07.495403
[profile_attr] old_data=327999 delta_type=0 attr=attr_1 delta_data=115900.0 userid=1088 source=upgrade time=2013-04-03_14:42:07.894793
[profile_attr] old_data=212099 delta_type=0 attr=attr_1 delta_data=125300.0 userid=1088 source=upgrade time=2013-04-03_14:42:08.362416
[profile_attr] old_data=86799 delta_type=0 attr=attr_1 delta_data=1000.0 userid=1088 source=upgrade time=2013-04-03_14:42:09.329247
[profile_attr] old_data=85799 delta_type=0 attr=attr_1 delta_data=2900.0 userid=1088 source=upgrade time=2013-04-03_14:42:09.829193
[profile_attr] old_data=82899 delta_type=0 attr=attr_1 delta_data=5600.0 userid=1088 source=upgrade time=2013-04-03_14:42:10.462941
[profile_attr] old_data=77299 delta_type=0 attr=attr_1 delta_data=8800.0 userid=1088 source=upgrade time=2013-04-03_14:42:10.929329
[profile_attr] old_data=68499 delta_type=0 attr=attr_1 delta_data=12600.0 userid=1088 source=upgrade time=2013-04-03_14:42:11.400063
[profile_attr] old_data=55899 delta_type=0 attr=attr_1 delta_data=16900.0 userid=1088 source=upgrade time=2013-04-03_14:42:11.845782
[profile_attr] old_data=38999 delta_type=0 attr=attr_1 delta_data=21600.0 userid=1088 source=upgrade time=2013-04-03_14:42:12.313237
[profile_attr] old_data=17399 delta_type=0 attr=attr_1 delta_data=1000.0 userid=1088 source=upgrade time=2013-04-03_14:42:14.033016
[profile_attr] old_data=16399 delta_type=0 attr=attr_1 delta_data=2900.0 userid=1088 source=upgrade time=2013-04-03_14:42:15.395058
[profile_attr] old_data=13499 delta_type=0 attr=attr_1 delta_data=5600.0 userid=1088 source=upgrade time=2013-04-03_14:42:16.712382
[profile_attr] old_data=40803874 delta_type=1 attr=gold delta_data=3046500 userid=1088 source=dump_data time=2013-04-03_14:43:11.038437
[profile_attr] old_data=0 delta_type=1 attr=mount_status delta_data=1 userid=1088 source=dump_data time=2013-04-03_14:43:11.039234
[profile_attr] old_data=99789 delta_type=0 attr=attr_10 delta_data=10 userid=1088 source=enter time=2013-04-03_14:43:14.238406
[profile_attr] old_data=0 delta_type=1 attr=mount_status delta_data=1 userid=1265 source=dump_data time=2013-04-03_14:44:25.432758
[profile_attr] old_data=108533364 delta_type=1 attr=gold delta_data=215000 userid=1265 source=reward_by_gametime time=2013-04-03_14:44:25.612450
[profile_attr] old_data=7899 delta_type=1 attr=attr_1 delta_data=58300 userid=1088 source=dump_data time=2013-04-03_14:44:30.108521
[profile_attr] old_data=43850374 delta_type=1 attr=gold delta_data=9596 userid=1088 source=dump_data time=2013-04-03_14:44:30.109783
[profile_attr] old_data=1 delta_type=1 attr=mount_status delta_data=-1 userid=1088 source=dump_data time=2013-04-03_14:44:30.111045
[profile_attr] old_data=43859970 delta_type=1 attr=gold delta_data=1308500 userid=1088 source=dump_data time=2013-04-03_14:44:59.898653
[profile_attr] old_data=0 delta_type=1 attr=attr_1 delta_data=4200 userid=1343 source=dump_data time=2013-04-03_14:54:08.883861
[profile_attr] old_data=10000 delta_type=1 attr=gold delta_data=2100 userid=1343 source=dump_data time=2013-04-03_14:54:08.884680
[profile_attr] old_data=40.579180003 delta_type=1 attr=mp delta_data=-0.579180003048 userid=1343 source=dump_data time=2013-04-03_14:54:08.886152
[profile_attr] old_data=200 delta_type=0 attr=attr_10 delta_data=10 userid=1343 source=enter time=2013-04-03_14:54:13.651335
[profile_attr] old_data=0 delta_type=1 attr=attr_2 delta_data=4 userid=1343 source=dump_data time=2013-04-03_14:57:38.718642
[profile_attr] old_data=4200 delta_type=1 attr=attr_1 delta_data=200 userid=1343 source=dump_data time=2013-04-03_14:57:38.719421
[profile_attr] old_data=12100 delta_type=1 attr=gold delta_data=42 userid=1343 source=dump_data time=2013-04-03_14:57:38.720201
[profile_attr] old_data=1 delta_type=1 attr=level delta_data=1 userid=1343 source=dump_data time=2013-04-03_14:57:38.722770
[profile_attr] old_data=200 delta_type=1 attr=hp delta_data=300 userid=1343 source=dump_data time=2013-04-03_14:57:38.723100
[profile_attr] old_data=40 delta_type=1 attr=mp delta_data=2 userid=1343 source=dump_data time=2013-04-03_14:57:38.724059
