[profile_attr] old_data=2897 delta_type=0 attr=token delta_data=50 userid=1265 source=generate_player_store time=2013-04-07_18:01:06.130898
[profile_attr] old_data=2847 delta_type=0 attr=token delta_data=5 userid=1265 source=buy time=2013-04-07_18:02:48.878697
[profile_attr] old_data=42488 delta_type=0 attr=token delta_data=32 userid=1318 source=buy time=2013-04-07_18:03:18.807922
[profile_attr] old_data=42456 delta_type=0 attr=token delta_data=80 userid=1318 source=buy time=2013-04-07_18:03:23.040983
[profile_attr] old_data=42376 delta_type=0 attr=token delta_data=1 userid=1318 source=buy time=2013-04-07_18:03:25.693290
[profile_attr] old_data=42375 delta_type=0 attr=token delta_data=3 userid=1318 source=buy time=2013-04-07_18:03:27.742209
[profile_attr] old_data=42372 delta_type=0 attr=token delta_data=1 userid=1318 source=buy time=2013-04-07_18:03:30.125254
[profile_attr] old_data=42371 delta_type=0 attr=token delta_data=5 userid=1318 source=buy time=2013-04-07_18:03:43.942170
[profile_attr] old_data=42366 delta_type=0 attr=token delta_data=50 userid=1318 source=generate_player_store time=2013-04-07_18:04:13.443322
[profile_attr] old_data=42316 delta_type=0 attr=token delta_data=7 userid=1318 source=buy time=2013-04-07_18:04:16.158170
[profile_attr] old_data=42309 delta_type=0 attr=token delta_data=1 userid=1318 source=buy time=2013-04-07_18:04:18.174091
[profile_attr] old_data=42308 delta_type=0 attr=token delta_data=3 userid=1318 source=buy time=2013-04-07_18:04:22.375083
[profile_attr] old_data=42305 delta_type=0 attr=token delta_data=40 userid=1318 source=buy time=2013-04-07_18:04:43.257001
[profile_attr] old_data=42265 delta_type=0 attr=token delta_data=50 userid=1318 source=generate_player_store time=2013-04-07_18:16:17.640154
[profile_attr] old_data=42215 delta_type=0 attr=token delta_data=7 userid=1318 source=buy time=2013-04-07_18:16:33.613366
[profile_attr] old_data=42208 delta_type=0 attr=token delta_data=50 userid=1318 source=generate_player_store time=2013-04-07_18:16:35.603552
[profile_attr] old_data=42158 delta_type=0 attr=token delta_data=1 userid=1318 source=buy time=2013-04-07_18:18:22.095206
[profile_attr] old_data=42157 delta_type=0 attr=token delta_data=50 userid=1318 source=generate_player_store time=2013-04-07_18:18:25.652505
[profile_attr] old_data=42107 delta_type=0 attr=token delta_data=5 userid=1318 source=buy time=2013-04-07_18:18:32.660809
[profile_attr] old_data=42102 delta_type=0 attr=token delta_data=50 userid=1318 source=generate_player_store time=2013-04-07_18:18:36.838134
[profile_attr] old_data=42052 delta_type=0 attr=token delta_data=50 userid=1318 source=generate_player_store time=2013-04-07_18:19:25.979695
[profile_attr] old_data=42002 delta_type=0 attr=token delta_data=1 userid=1318 source=buy time=2013-04-07_18:19:28.495556
[profile_attr] old_data=42001 delta_type=0 attr=token delta_data=50 userid=1318 source=generate_player_store time=2013-04-07_18:19:31.493295
[profile_attr] old_data=41951 delta_type=0 attr=token delta_data=3 userid=1318 source=buy time=2013-04-07_18:19:40.260574
[profile_attr] old_data=41948 delta_type=0 attr=token delta_data=50 userid=1318 source=generate_player_store time=2013-04-07_18:19:52.842948
[profile_attr] old_data=5229199 delta_type=0 attr=gold delta_data=6000 userid=1318 source=shortcut_start time=2013-04-07_18:22:51.024342
[profile_attr] old_data=5223199 delta_type=0 attr=gold delta_data=8000 userid=1318 source=shortcut_start time=2013-04-07_18:22:51.032089
[profile_attr] old_data=5215199 delta_type=0 attr=gold delta_data=10000 userid=1318 source=shortcut_start time=2013-04-07_18:22:51.039007
[profile_attr] old_data=5205199 delta_type=0 attr=gold delta_data=6000 userid=1318 source=shortcut_start time=2013-04-07_18:22:51.047063
[profile_attr] old_data=5199199 delta_type=0 attr=gold delta_data=4000 userid=1318 source=shortcut_start time=2013-04-07_18:22:51.053816
[profile_attr] old_data=5195199 delta_type=0 attr=gold delta_data=6000 userid=1318 source=shortcut_start time=2013-04-07_18:22:51.060531
[profile_attr] old_data=5189199 delta_type=0 attr=gold delta_data=4000 userid=1318 source=shortcut_start time=2013-04-07_18:22:51.067342
[profile_attr] old_data=5185199 delta_type=0 attr=gold delta_data=2000 userid=1318 source=shortcut_start time=2013-04-07_18:22:51.074275
[profile_attr] old_data=5183199 delta_type=0 attr=gold delta_data=2000 userid=1318 source=shortcut_start time=2013-04-07_18:22:51.081054
[profile_attr] old_data=5181199 delta_type=0 attr=gold delta_data=4000 userid=1318 source=shortcut_start time=2013-04-07_18:22:51.088142
[profile_attr] old_data=5177199 delta_type=0 attr=gold delta_data=6000 userid=1318 source=shortcut_start time=2013-04-07_18:22:51.095305
[profile_attr] old_data=5171199 delta_type=0 attr=gold delta_data=4000 userid=1318 source=shortcut_start time=2013-04-07_18:22:51.102342
[profile_attr] old_data=5167199 delta_type=0 attr=gold delta_data=6000 userid=1318 source=shortcut_start time=2013-04-07_18:22:51.109462
[profile_attr] old_data=5161199 delta_type=0 attr=gold delta_data=4000 userid=1318 source=shortcut_start time=2013-04-07_18:22:51.116201
[profile_attr] old_data=5157199 delta_type=0 attr=gold delta_data=2000 userid=1318 source=shortcut_start time=2013-04-07_18:22:51.127589
[profile_attr] old_data=5155199 delta_type=0 attr=gold delta_data=2000 userid=1318 source=shortcut_start time=2013-04-07_18:22:51.134560
[profile_attr] old_data=5153199 delta_type=0 attr=gold delta_data=2000 userid=1318 source=shortcut_start time=2013-04-07_18:22:51.142992
[profile_attr] old_data=5151199 delta_type=0 attr=gold delta_data=2000 userid=1318 source=shortcut_start time=2013-04-07_18:22:51.149926
[profile_attr] old_data=5149199 delta_type=0 attr=gold delta_data=2000 userid=1318 source=shortcut_start time=2013-04-07_18:22:51.157036
[profile_attr] old_data=5147199 delta_type=1 attr=gold delta_data=1000 userid=1318 source=shortcut_sell time=2013-04-07_18:22:52.844971
[profile_attr] old_data=5148199 delta_type=1 attr=gold delta_data=1000 userid=1318 source=shortcut_sell time=2013-04-07_18:22:52.845130
[profile_attr] old_data=5149199 delta_type=1 attr=gold delta_data=1000 userid=1318 source=shortcut_sell time=2013-04-07_18:22:52.845236
[profile_attr] old_data=5150199 delta_type=1 attr=gold delta_data=1000 userid=1318 source=shortcut_sell time=2013-04-07_18:22:52.845334
[profile_attr] old_data=5151199 delta_type=1 attr=gold delta_data=1000 userid=1318 source=shortcut_sell time=2013-04-07_18:22:52.845431
[profile_attr] old_data=5152199 delta_type=1 attr=gold delta_data=1000 userid=1318 source=shortcut_sell time=2013-04-07_18:22:52.845531
[profile_attr] old_data=5153199 delta_type=1 attr=gold delta_data=1000 userid=1318 source=shortcut_sell time=2013-04-07_18:22:52.845643
[profile_attr] old_data=5154199 delta_type=1 attr=gold delta_data=1000 userid=1318 source=shortcut_sell time=2013-04-07_18:22:52.845750
[profile_attr] old_data=5155199 delta_type=1 attr=gold delta_data=1000 userid=1318 source=shortcut_sell time=2013-04-07_18:22:52.845850
[profile_attr] old_data=5156199 delta_type=1 attr=gold delta_data=1000 userid=1318 source=shortcut_sell time=2013-04-07_18:22:52.845999
[profile_attr] old_data=5157199 delta_type=1 attr=gold delta_data=1000 userid=1318 source=shortcut_sell time=2013-04-07_18:22:52.846105
[profile_attr] old_data=5158199 delta_type=1 attr=gold delta_data=1000 userid=1318 source=shortcut_sell time=2013-04-07_18:22:52.846204
[profile_attr] old_data=5159199 delta_type=1 attr=gold delta_data=1000 userid=1318 source=shortcut_sell time=2013-04-07_18:22:52.846302
[profile_attr] old_data=5160199 delta_type=1 attr=gold delta_data=1000 userid=1318 source=shortcut_sell time=2013-04-07_18:22:52.846402
[profile_attr] old_data=5161199 delta_type=0 attr=gold delta_data=2000 userid=1318 source=shortcut_start time=2013-04-07_18:22:54.436193
[profile_attr] old_data=5159199 delta_type=0 attr=gold delta_data=4000 userid=1318 source=shortcut_start time=2013-04-07_18:22:54.449733
[profile_attr] old_data=5155199 delta_type=0 attr=gold delta_data=2000 userid=1318 source=shortcut_start time=2013-04-07_18:22:54.457031
[profile_attr] old_data=5153199 delta_type=0 attr=gold delta_data=2000 userid=1318 source=shortcut_start time=2013-04-07_18:22:54.464067
[profile_attr] old_data=5151199 delta_type=0 attr=gold delta_data=2000 userid=1318 source=shortcut_start time=2013-04-07_18:22:54.472069
[profile_attr] old_data=5149199 delta_type=0 attr=gold delta_data=4000 userid=1318 source=shortcut_start time=2013-04-07_18:22:54.481500
[profile_attr] old_data=5145199 delta_type=0 attr=gold delta_data=2000 userid=1318 source=shortcut_start time=2013-04-07_18:22:54.490984
[profile_attr] old_data=5143199 delta_type=0 attr=gold delta_data=4000 userid=1318 source=shortcut_start time=2013-04-07_18:22:54.497796
[profile_attr] old_data=5139199 delta_type=0 attr=gold delta_data=2000 userid=1318 source=shortcut_start time=2013-04-07_18:22:54.504888
[profile_attr] old_data=5137199 delta_type=0 attr=gold delta_data=2000 userid=1318 source=shortcut_start time=2013-04-07_18:22:54.511720
[profile_attr] old_data=5135199 delta_type=0 attr=gold delta_data=2000 userid=1318 source=shortcut_start time=2013-04-07_18:22:54.518586
[profile_attr] old_data=5133199 delta_type=0 attr=gold delta_data=2000 userid=1318 source=shortcut_start time=2013-04-07_18:22:54.525446
[profile_attr] old_data=5131199 delta_type=0 attr=gold delta_data=4000 userid=1318 source=shortcut_start time=2013-04-07_18:22:54.532386
[profile_attr] old_data=5127199 delta_type=0 attr=gold delta_data=2000 userid=1318 source=shortcut_start time=2013-04-07_18:22:54.541495
[profile_attr] old_data=5125199 delta_type=1 attr=gold delta_data=1000 userid=1318 source=shortcut_sell time=2013-04-07_18:22:55.624398
[profile_attr] old_data=5126199 delta_type=1 attr=gold delta_data=1000 userid=1318 source=shortcut_sell time=2013-04-07_18:22:55.624521
[profile_attr] old_data=5127199 delta_type=1 attr=gold delta_data=1000 userid=1318 source=shortcut_sell time=2013-04-07_18:22:55.624637
[profile_attr] old_data=5128199 delta_type=1 attr=gold delta_data=1000 userid=1318 source=shortcut_sell time=2013-04-07_18:22:55.624749
[profile_attr] old_data=5129199 delta_type=1 attr=gold delta_data=1000 userid=1318 source=shortcut_sell time=2013-04-07_18:22:55.624858
[profile_attr] old_data=5130199 delta_type=1 attr=gold delta_data=1000 userid=1318 source=shortcut_sell time=2013-04-07_18:22:55.624976
[profile_attr] old_data=5131199 delta_type=1 attr=gold delta_data=1000 userid=1318 source=shortcut_sell time=2013-04-07_18:22:55.625082
[profile_attr] old_data=5132199 delta_type=1 attr=gold delta_data=1000 userid=1318 source=shortcut_sell time=2013-04-07_18:22:55.625208
[profile_attr] old_data=5133199 delta_type=1 attr=gold delta_data=1000 userid=1318 source=shortcut_sell time=2013-04-07_18:22:55.625312
[profile_attr] old_data=5134199 delta_type=1 attr=gold delta_data=1000 userid=1318 source=shortcut_sell time=2013-04-07_18:22:55.625411
[profile_attr] old_data=5135199 delta_type=0 attr=gold delta_data=2000 userid=1318 source=shortcut_start time=2013-04-07_18:22:56.628041
[profile_attr] old_data=5133199 delta_type=0 attr=gold delta_data=2000 userid=1318 source=shortcut_start time=2013-04-07_18:22:56.636973
[profile_attr] old_data=5131199 delta_type=0 attr=gold delta_data=2000 userid=1318 source=shortcut_start time=2013-04-07_18:22:56.643868
[profile_attr] old_data=5129199 delta_type=0 attr=gold delta_data=2000 userid=1318 source=shortcut_start time=2013-04-07_18:22:56.650578
[profile_attr] old_data=5127199 delta_type=0 attr=gold delta_data=4000 userid=1318 source=shortcut_start time=2013-04-07_18:22:56.659320
[profile_attr] old_data=5123199 delta_type=0 attr=gold delta_data=2000 userid=1318 source=shortcut_start time=2013-04-07_18:22:56.671077
[profile_attr] old_data=5121199 delta_type=0 attr=gold delta_data=2000 userid=1318 source=shortcut_start time=2013-04-07_18:22:56.680870
[profile_attr] old_data=5119199 delta_type=0 attr=gold delta_data=4000 userid=1318 source=shortcut_start time=2013-04-07_18:22:56.687847
[profile_attr] old_data=5115199 delta_type=0 attr=gold delta_data=2000 userid=1318 source=shortcut_start time=2013-04-07_18:22:56.694826
[profile_attr] old_data=5113199 delta_type=0 attr=gold delta_data=4000 userid=1318 source=shortcut_start time=2013-04-07_18:22:56.701955
[profile_attr] old_data=5109199 delta_type=1 attr=gold delta_data=1000 userid=1318 source=shortcut_sell time=2013-04-07_18:22:57.740496
[profile_attr] old_data=5110199 delta_type=1 attr=gold delta_data=1000 userid=1318 source=shortcut_sell time=2013-04-07_18:22:57.740614
[profile_attr] old_data=5111199 delta_type=1 attr=gold delta_data=1000 userid=1318 source=shortcut_sell time=2013-04-07_18:22:57.740728
[profile_attr] old_data=5112199 delta_type=1 attr=gold delta_data=1000 userid=1318 source=shortcut_sell time=2013-04-07_18:22:57.740833
[profile_attr] old_data=5113199 delta_type=1 attr=gold delta_data=1000 userid=1318 source=shortcut_sell time=2013-04-07_18:22:57.740932
[profile_attr] old_data=5114199 delta_type=1 attr=gold delta_data=1000 userid=1318 source=shortcut_sell time=2013-04-07_18:22:57.741052
[profile_attr] old_data=5115199 delta_type=1 attr=gold delta_data=1000 userid=1318 source=shortcut_sell time=2013-04-07_18:22:57.741150
[profile_attr] old_data=5116199 delta_type=0 attr=gold delta_data=2000 userid=1318 source=shortcut_start time=2013-04-07_18:22:58.996808
[profile_attr] old_data=5114199 delta_type=0 attr=gold delta_data=2000 userid=1318 source=shortcut_start time=2013-04-07_18:22:59.004941
[profile_attr] old_data=5112199 delta_type=0 attr=gold delta_data=2000 userid=1318 source=shortcut_start time=2013-04-07_18:22:59.012769
[profile_attr] old_data=5110199 delta_type=0 attr=gold delta_data=2000 userid=1318 source=shortcut_start time=2013-04-07_18:22:59.022163
[profile_attr] old_data=5108199 delta_type=0 attr=gold delta_data=4000 userid=1318 source=shortcut_start time=2013-04-07_18:22:59.030888
[profile_attr] old_data=5104199 delta_type=0 attr=gold delta_data=6000 userid=1318 source=shortcut_start time=2013-04-07_18:22:59.040454
[profile_attr] old_data=5098199 delta_type=0 attr=gold delta_data=4000 userid=1318 source=shortcut_start time=2013-04-07_18:22:59.048970
[profile_attr] old_data=5094199 delta_type=1 attr=gold delta_data=1000 userid=1318 source=shortcut_sell time=2013-04-07_18:22:59.909828
[profile_attr] old_data=5095199 delta_type=1 attr=gold delta_data=1000 userid=1318 source=shortcut_sell time=2013-04-07_18:22:59.909966
[profile_attr] old_data=5096199 delta_type=1 attr=gold delta_data=1000 userid=1318 source=shortcut_sell time=2013-04-07_18:22:59.910111
[profile_attr] old_data=5097199 delta_type=1 attr=gold delta_data=1000 userid=1318 source=shortcut_sell time=2013-04-07_18:22:59.910198
[profile_attr] old_data=1508 delta_type=1 attr=attr_2 delta_data=4 userid=1265 source=dump_data time=2013-04-07_18:28:00.567173
[profile_attr] old_data=34 delta_type=1 attr=level delta_data=65 userid=1265 source=dump_data time=2013-04-07_18:28:00.573264
[profile_attr] old_data=60719 delta_type=1 attr=hp delta_data=15600 userid=1265 source=dump_data time=2013-04-07_18:28:00.573581
[profile_attr] old_data=164 delta_type=1 attr=mp delta_data=2098 userid=1265 source=dump_data time=2013-04-07_18:28:00.574529
[profile_attr] old_data=76319 delta_type=1 attr=hp delta_data=-4800 userid=1265 source=dump_data time=2013-04-07_18:28:21.085941
[profile_attr] old_data=1512 delta_type=1 attr=attr_2 delta_data=4 userid=1265 source=dump_data time=2013-04-07_18:28:36.348095
[profile_attr] old_data=1512 delta_type=1 attr=attr_2 delta_data=4 userid=1265 source=dump_data time=2013-04-07_18:28:36.700769
[profile_attr] old_data=88789406 delta_type=1 attr=gold delta_data=1000 userid=1265 source=shortcut_sell time=2013-04-07_18:29:44.300897
[profile_attr] old_data=88790406 delta_type=1 attr=gold delta_data=1000 userid=1265 source=shortcut_sell time=2013-04-07_18:29:44.301073
[profile_attr] old_data=88791406 delta_type=1 attr=gold delta_data=1000 userid=1265 source=shortcut_sell time=2013-04-07_18:29:44.301163
[profile_attr] old_data=88792406 delta_type=1 attr=gold delta_data=1000 userid=1265 source=shortcut_sell time=2013-04-07_18:29:44.301241
[profile_attr] old_data=88793406 delta_type=1 attr=gold delta_data=1000 userid=1265 source=shortcut_sell time=2013-04-07_18:29:44.301320
[profile_attr] old_data=88794406 delta_type=1 attr=gold delta_data=1000 userid=1265 source=shortcut_sell time=2013-04-07_18:29:44.301396
[profile_attr] old_data=88795406 delta_type=1 attr=gold delta_data=1000 userid=1265 source=shortcut_sell time=2013-04-07_18:29:44.301472
[profile_attr] old_data=88796406 delta_type=1 attr=gold delta_data=1000 userid=1265 source=shortcut_sell time=2013-04-07_18:29:44.301547
[profile_attr] old_data=88797406 delta_type=1 attr=gold delta_data=1000 userid=1265 source=shortcut_sell time=2013-04-07_18:29:44.301623
[profile_attr] old_data=88798406 delta_type=1 attr=gold delta_data=1000 userid=1265 source=shortcut_sell time=2013-04-07_18:29:44.301699
[profile_attr] old_data=88799406 delta_type=1 attr=gold delta_data=1000 userid=1265 source=shortcut_sell time=2013-04-07_18:29:44.301774
[profile_attr] old_data=88800406 delta_type=1 attr=gold delta_data=1000 userid=1265 source=shortcut_sell time=2013-04-07_18:29:44.301849
[profile_attr] old_data=1512 delta_type=1 attr=attr_2 delta_data=4 userid=1265 source=dump_data time=2013-04-07_18:30:08.111142
[profile_attr] old_data=1512 delta_type=1 attr=attr_2 delta_data=4 userid=1265 source=dump_data time=2013-04-07_18:30:08.472928
[profile_attr] old_data=71519 delta_type=1 attr=hp delta_data=-15600 userid=1265 source=dump_data time=2013-04-07_18:45:34.275647
[profile_attr] old_data=2262 delta_type=1 attr=mp delta_data=-2098 userid=1265 source=dump_data time=2013-04-07_18:45:34.276644
[profile_attr] old_data=88801406 delta_type=0 attr=gold delta_data=8000 userid=1265 source=shortcut_start time=2013-04-07_18:51:32.680331
[profile_attr] old_data=88793406 delta_type=0 attr=gold delta_data=6000 userid=1265 source=shortcut_start time=2013-04-07_18:51:32.687841
[profile_attr] old_data=88787406 delta_type=0 attr=gold delta_data=4000 userid=1265 source=shortcut_start time=2013-04-07_18:51:32.696626
[profile_attr] old_data=88783406 delta_type=0 attr=gold delta_data=2000 userid=1265 source=shortcut_start time=2013-04-07_18:51:32.707015
[profile_attr] old_data=88781406 delta_type=0 attr=gold delta_data=2000 userid=1265 source=shortcut_start time=2013-04-07_18:51:32.714418
[profile_attr] old_data=88779406 delta_type=0 attr=gold delta_data=4000 userid=1265 source=shortcut_start time=2013-04-07_18:51:32.721778
[profile_attr] old_data=88775406 delta_type=0 attr=gold delta_data=2000 userid=1265 source=shortcut_start time=2013-04-07_18:51:32.729351
[profile_attr] old_data=88773406 delta_type=0 attr=gold delta_data=4000 userid=1265 source=shortcut_start time=2013-04-07_18:51:32.736419
[profile_attr] old_data=88769406 delta_type=0 attr=gold delta_data=6000 userid=1265 source=shortcut_start time=2013-04-07_18:51:32.746325
[profile_attr] old_data=88763406 delta_type=0 attr=gold delta_data=4000 userid=1265 source=shortcut_start time=2013-04-07_18:51:32.753449
[profile_attr] old_data=88759406 delta_type=0 attr=gold delta_data=2000 userid=1265 source=shortcut_start time=2013-04-07_18:51:32.760362
[profile_attr] old_data=88757406 delta_type=0 attr=gold delta_data=2000 userid=1265 source=shortcut_start time=2013-04-07_18:51:32.768154
[profile_attr] old_data=88755406 delta_type=0 attr=gold delta_data=2000 userid=1265 source=shortcut_start time=2013-04-07_18:51:32.775672
[profile_attr] old_data=88753406 delta_type=0 attr=gold delta_data=2000 userid=1265 source=shortcut_start time=2013-04-07_18:51:32.783114
[profile_attr] old_data=88751406 delta_type=0 attr=gold delta_data=4000 userid=1265 source=shortcut_start time=2013-04-07_18:51:32.790481
[profile_attr] old_data=88747406 delta_type=0 attr=gold delta_data=6000 userid=1265 source=shortcut_start time=2013-04-07_18:51:32.797510
[profile_attr] old_data=88741406 delta_type=0 attr=gold delta_data=4000 userid=1265 source=shortcut_start time=2013-04-07_18:51:32.805717
[profile_attr] old_data=88737406 delta_type=0 attr=gold delta_data=2000 userid=1265 source=shortcut_start time=2013-04-07_18:51:32.814674
[profile_attr] old_data=88735406 delta_type=0 attr=gold delta_data=4000 userid=1265 source=shortcut_start time=2013-04-07_18:51:32.821540
[profile_attr] old_data=88731406 delta_type=0 attr=gold delta_data=2000 userid=1265 source=shortcut_start time=2013-04-07_18:51:32.828708
[profile_attr] old_data=88729406 delta_type=1 attr=gold delta_data=1000 userid=1265 source=shortcut_sell time=2013-04-07_18:51:38.574665
[profile_attr] old_data=88730406 delta_type=1 attr=gold delta_data=1000 userid=1265 source=shortcut_sell time=2013-04-07_18:51:38.574831
[profile_attr] old_data=88731406 delta_type=1 attr=gold delta_data=1000 userid=1265 source=shortcut_sell time=2013-04-07_18:51:38.574976
[profile_attr] old_data=88732406 delta_type=1 attr=gold delta_data=1000 userid=1265 source=shortcut_sell time=2013-04-07_18:51:38.575109
[profile_attr] old_data=88733406 delta_type=1 attr=gold delta_data=1000 userid=1265 source=shortcut_sell time=2013-04-07_18:51:38.575243
[profile_attr] old_data=88734406 delta_type=1 attr=gold delta_data=1000 userid=1265 source=shortcut_sell time=2013-04-07_18:51:38.575460
[profile_attr] old_data=88735406 delta_type=1 attr=gold delta_data=1000 userid=1265 source=shortcut_sell time=2013-04-07_18:51:38.575603
[profile_attr] old_data=88736406 delta_type=1 attr=gold delta_data=1000 userid=1265 source=shortcut_sell time=2013-04-07_18:51:38.575737
[profile_attr] old_data=88737406 delta_type=1 attr=gold delta_data=1000 userid=1265 source=shortcut_sell time=2013-04-07_18:51:38.575870
[profile_attr] old_data=88738406 delta_type=1 attr=gold delta_data=1000 userid=1265 source=shortcut_sell time=2013-04-07_18:51:38.576013
[profile_attr] old_data=88739406 delta_type=1 attr=gold delta_data=1000 userid=1265 source=shortcut_sell time=2013-04-07_18:51:38.576145
[profile_attr] old_data=88740406 delta_type=1 attr=gold delta_data=1000 userid=1265 source=shortcut_sell time=2013-04-07_18:51:38.576280
[profile_attr] old_data=88741406 delta_type=1 attr=gold delta_data=1000 userid=1265 source=shortcut_sell time=2013-04-07_18:51:38.576414
[profile_attr] old_data=88742406 delta_type=1 attr=gold delta_data=1000 userid=1265 source=shortcut_sell time=2013-04-07_18:51:38.576546
[profile_attr] old_data=88743406 delta_type=0 attr=gold delta_data=4000 userid=1265 source=shortcut_start time=2013-04-07_18:51:40.949691
[profile_attr] old_data=88739406 delta_type=0 attr=gold delta_data=2000 userid=1265 source=shortcut_start time=2013-04-07_18:51:40.957680
[profile_attr] old_data=88737406 delta_type=0 attr=gold delta_data=2000 userid=1265 source=shortcut_start time=2013-04-07_18:51:40.964715
[profile_attr] old_data=88735406 delta_type=0 attr=gold delta_data=4000 userid=1265 source=shortcut_start time=2013-04-07_18:51:40.971692
[profile_attr] old_data=88731406 delta_type=0 attr=gold delta_data=2000 userid=1265 source=shortcut_start time=2013-04-07_18:51:40.978612
[profile_attr] old_data=88729406 delta_type=0 attr=gold delta_data=4000 userid=1265 source=shortcut_start time=2013-04-07_18:51:40.985674
[profile_attr] old_data=88725406 delta_type=0 attr=gold delta_data=2000 userid=1265 source=shortcut_start time=2013-04-07_18:51:40.992858
[profile_attr] old_data=88723406 delta_type=0 attr=gold delta_data=4000 userid=1265 source=shortcut_start time=2013-04-07_18:51:40.999992
[profile_attr] old_data=88719406 delta_type=0 attr=gold delta_data=2000 userid=1265 source=shortcut_start time=2013-04-07_18:51:41.006902
[profile_attr] old_data=88717406 delta_type=0 attr=gold delta_data=2000 userid=1265 source=shortcut_start time=2013-04-07_18:51:41.014177
[profile_attr] old_data=88715406 delta_type=0 attr=gold delta_data=4000 userid=1265 source=shortcut_start time=2013-04-07_18:51:41.024906
[profile_attr] old_data=88711406 delta_type=0 attr=gold delta_data=2000 userid=1265 source=shortcut_start time=2013-04-07_18:51:41.032542
[profile_attr] old_data=88709406 delta_type=0 attr=gold delta_data=2000 userid=1265 source=shortcut_start time=2013-04-07_18:51:41.039107
[profile_attr] old_data=88707406 delta_type=0 attr=gold delta_data=2000 userid=1265 source=shortcut_start time=2013-04-07_18:51:41.045759
[profile_attr] old_data=88705406 delta_type=0 attr=gold delta_data=4000 userid=1265 source=shortcut_start time=2013-04-07_18:51:41.052642
[profile_attr] old_data=88701406 delta_type=0 attr=gold delta_data=6000 userid=1265 source=shortcut_start time=2013-04-07_18:51:41.059233
[profile_attr] old_data=88695406 delta_type=0 attr=gold delta_data=4000 userid=1265 source=shortcut_start time=2013-04-07_18:51:41.065974
[profile_attr] old_data=88691406 delta_type=0 attr=gold delta_data=2000 userid=1265 source=shortcut_start time=2013-04-07_18:51:41.072853
[profile_attr] old_data=88689406 delta_type=0 attr=gold delta_data=4000 userid=1265 source=shortcut_start time=2013-04-07_18:51:41.079473
[profile_attr] old_data=88685406 delta_type=1 attr=gold delta_data=1000 userid=1265 source=shortcut_sell time=2013-04-07_18:51:45.581051
[profile_attr] old_data=88686406 delta_type=1 attr=gold delta_data=1000 userid=1265 source=shortcut_sell time=2013-04-07_18:51:45.581173
[profile_attr] old_data=88687406 delta_type=1 attr=gold delta_data=1000 userid=1265 source=shortcut_sell time=2013-04-07_18:51:45.581284
[profile_attr] old_data=88688406 delta_type=1 attr=gold delta_data=1000 userid=1265 source=shortcut_sell time=2013-04-07_18:51:45.581383
[profile_attr] old_data=88689406 delta_type=1 attr=gold delta_data=1000 userid=1265 source=shortcut_sell time=2013-04-07_18:51:45.581480
[profile_attr] old_data=88690406 delta_type=1 attr=gold delta_data=1000 userid=1265 source=shortcut_sell time=2013-04-07_18:51:45.581577
[profile_attr] old_data=88691406 delta_type=1 attr=gold delta_data=1000 userid=1265 source=shortcut_sell time=2013-04-07_18:51:45.581673
[profile_attr] old_data=88692406 delta_type=1 attr=gold delta_data=1000 userid=1265 source=shortcut_sell time=2013-04-07_18:51:45.581769
[profile_attr] old_data=88693406 delta_type=1 attr=gold delta_data=1000 userid=1265 source=shortcut_sell time=2013-04-07_18:51:45.581865
[profile_attr] old_data=88694406 delta_type=1 attr=gold delta_data=1000 userid=1265 source=shortcut_sell time=2013-04-07_18:51:45.581971
[profile_attr] old_data=88695406 delta_type=0 attr=gold delta_data=2000 userid=1265 source=shortcut_start time=2013-04-07_18:51:47.045385
[profile_attr] old_data=88693406 delta_type=0 attr=gold delta_data=2000 userid=1265 source=shortcut_start time=2013-04-07_18:51:47.054213
[profile_attr] old_data=88691406 delta_type=0 attr=gold delta_data=2000 userid=1265 source=shortcut_start time=2013-04-07_18:51:47.060918
[profile_attr] old_data=88689406 delta_type=0 attr=gold delta_data=2000 userid=1265 source=shortcut_start time=2013-04-07_18:51:47.067324
[profile_attr] old_data=88687406 delta_type=0 attr=gold delta_data=2000 userid=1265 source=shortcut_start time=2013-04-07_18:51:47.076840
[profile_attr] old_data=88685406 delta_type=0 attr=gold delta_data=2000 userid=1265 source=shortcut_start time=2013-04-07_18:51:47.084509
[profile_attr] old_data=88683406 delta_type=0 attr=gold delta_data=4000 userid=1265 source=shortcut_start time=2013-04-07_18:51:47.090842
[profile_attr] old_data=88679406 delta_type=0 attr=gold delta_data=2000 userid=1265 source=shortcut_start time=2013-04-07_18:51:47.097193
[profile_attr] old_data=88677406 delta_type=0 attr=gold delta_data=4000 userid=1265 source=shortcut_start time=2013-04-07_18:51:47.103761
[profile_attr] old_data=88673406 delta_type=0 attr=gold delta_data=6000 userid=1265 source=shortcut_start time=2013-04-07_18:51:47.110512
[profile_attr] old_data=88667406 delta_type=0 attr=gold delta_data=4000 userid=1265 source=shortcut_start time=2013-04-07_18:51:47.120273
[profile_attr] old_data=88663406 delta_type=0 attr=gold delta_data=6000 userid=1265 source=shortcut_start time=2013-04-07_18:51:47.128001
[profile_attr] old_data=88657406 delta_type=0 attr=gold delta_data=4000 userid=1265 source=shortcut_start time=2013-04-07_18:51:47.134736
[profile_attr] old_data=88653406 delta_type=0 attr=gold delta_data=6000 userid=1265 source=shortcut_start time=2013-04-07_18:51:47.142522
[profile_attr] old_data=88647406 delta_type=0 attr=gold delta_data=8000 userid=1265 source=shortcut_start time=2013-04-07_18:51:47.148976
[profile_attr] old_data=88639406 delta_type=0 attr=gold delta_data=6000 userid=1265 source=shortcut_start time=2013-04-07_18:51:47.155394
[profile_attr] old_data=88633406 delta_type=0 attr=gold delta_data=4000 userid=1265 source=shortcut_start time=2013-04-07_18:51:47.161852
[profile_attr] old_data=88629406 delta_type=0 attr=gold delta_data=2000 userid=1265 source=shortcut_start time=2013-04-07_18:51:47.168442
[profile_attr] old_data=88627406 delta_type=0 attr=gold delta_data=4000 userid=1265 source=shortcut_start time=2013-04-07_18:51:47.175755
[profile_attr] old_data=88623406 delta_type=1 attr=gold delta_data=1000 userid=1265 source=shortcut_sell time=2013-04-07_18:51:59.064471
[profile_attr] old_data=88624406 delta_type=1 attr=gold delta_data=1000 userid=1265 source=shortcut_sell time=2013-04-07_18:51:59.064637
[profile_attr] old_data=88625406 delta_type=1 attr=gold delta_data=1000 userid=1265 source=shortcut_sell time=2013-04-07_18:51:59.064777
[profile_attr] old_data=88626406 delta_type=1 attr=gold delta_data=1000 userid=1265 source=shortcut_sell time=2013-04-07_18:51:59.064914
[profile_attr] old_data=88627406 delta_type=1 attr=gold delta_data=1000 userid=1265 source=shortcut_sell time=2013-04-07_18:51:59.065072
[profile_attr] old_data=88628406 delta_type=1 attr=gold delta_data=1000 userid=1265 source=shortcut_sell time=2013-04-07_18:51:59.065208
[profile_attr] old_data=88629406 delta_type=1 attr=gold delta_data=1000 userid=1265 source=shortcut_sell time=2013-04-07_18:51:59.065346
[profile_attr] old_data=88630406 delta_type=1 attr=gold delta_data=1000 userid=1265 source=shortcut_sell time=2013-04-07_18:51:59.065484
[profile_attr] old_data=88631406 delta_type=1 attr=gold delta_data=1000 userid=1265 source=shortcut_sell time=2013-04-07_18:51:59.065620
[profile_attr] old_data=88632406 delta_type=1 attr=gold delta_data=1000 userid=1265 source=shortcut_sell time=2013-04-07_18:51:59.065759
[profile_attr] old_data=88633406 delta_type=1 attr=gold delta_data=1000 userid=1265 source=shortcut_sell time=2013-04-07_18:51:59.065897
[profile_attr] old_data=88634406 delta_type=1 attr=gold delta_data=1000 userid=1265 source=shortcut_sell time=2013-04-07_18:51:59.066046
[profile_attr] old_data=55919 delta_type=1 attr=hp delta_data=19200 userid=1265 source=dump_data time=2013-04-07_18:53:02.256119
[profile_attr] old_data=88635406 delta_type=0 attr=gold delta_data=2000 userid=1265 source=shortcut_start time=2013-04-07_18:53:14.427509
[profile_attr] old_data=88633406 delta_type=0 attr=gold delta_data=2000 userid=1265 source=shortcut_start time=2013-04-07_18:53:14.434732
[profile_attr] old_data=88631406 delta_type=0 attr=gold delta_data=2000 userid=1265 source=shortcut_start time=2013-04-07_18:53:14.441171
[profile_attr] old_data=88629406 delta_type=0 attr=gold delta_data=4000 userid=1265 source=shortcut_start time=2013-04-07_18:53:14.449310
[profile_attr] old_data=88625406 delta_type=0 attr=gold delta_data=2000 userid=1265 source=shortcut_start time=2013-04-07_18:53:14.455743
[profile_attr] old_data=88623406 delta_type=0 attr=gold delta_data=4000 userid=1265 source=shortcut_start time=2013-04-07_18:53:14.462177
[profile_attr] old_data=88619406 delta_type=0 attr=gold delta_data=2000 userid=1265 source=shortcut_start time=2013-04-07_18:53:14.469502
[profile_attr] old_data=88617406 delta_type=0 attr=gold delta_data=4000 userid=1265 source=shortcut_start time=2013-04-07_18:53:14.478975
[profile_attr] old_data=88613406 delta_type=0 attr=gold delta_data=6000 userid=1265 source=shortcut_start time=2013-04-07_18:53:14.486083
[profile_attr] old_data=88607406 delta_type=0 attr=gold delta_data=4000 userid=1265 source=shortcut_start time=2013-04-07_18:53:14.494534
[profile_attr] old_data=88603406 delta_type=0 attr=gold delta_data=2000 userid=1265 source=shortcut_start time=2013-04-07_18:53:14.501336
[profile_attr] old_data=88601406 delta_type=0 attr=gold delta_data=2000 userid=1265 source=shortcut_start time=2013-04-07_18:53:14.509943
[profile_attr] old_data=88599406 delta_type=0 attr=gold delta_data=2000 userid=1265 source=shortcut_start time=2013-04-07_18:53:14.517465
[profile_attr] old_data=88597406 delta_type=0 attr=gold delta_data=2000 userid=1265 source=shortcut_start time=2013-04-07_18:53:14.526525
[profile_attr] old_data=88595406 delta_type=0 attr=gold delta_data=2000 userid=1265 source=shortcut_start time=2013-04-07_18:53:14.534126
[profile_attr] old_data=88593406 delta_type=0 attr=gold delta_data=4000 userid=1265 source=shortcut_start time=2013-04-07_18:53:14.542925
[profile_attr] old_data=88589406 delta_type=0 attr=gold delta_data=2000 userid=1265 source=shortcut_start time=2013-04-07_18:53:14.549703
[profile_attr] old_data=88587406 delta_type=0 attr=gold delta_data=4000 userid=1265 source=shortcut_start time=2013-04-07_18:53:14.556558
[profile_attr] old_data=88583406 delta_type=0 attr=gold delta_data=2000 userid=1265 source=shortcut_start time=2013-04-07_18:53:14.563440
[profile_attr] old_data=88581406 delta_type=0 attr=gold delta_data=4000 userid=1265 source=shortcut_start time=2013-04-07_18:53:14.570300
[profile_attr] old_data=88577406 delta_type=1 attr=gold delta_data=1000 userid=1265 source=shortcut_sell time=2013-04-07_18:53:17.693222
[profile_attr] old_data=88578406 delta_type=1 attr=gold delta_data=1000 userid=1265 source=shortcut_sell time=2013-04-07_18:53:17.693397
[profile_attr] old_data=88579406 delta_type=1 attr=gold delta_data=1000 userid=1265 source=shortcut_sell time=2013-04-07_18:53:17.693534
[profile_attr] old_data=88580406 delta_type=1 attr=gold delta_data=1000 userid=1265 source=shortcut_sell time=2013-04-07_18:53:17.693668
[profile_attr] old_data=88581406 delta_type=1 attr=gold delta_data=1000 userid=1265 source=shortcut_sell time=2013-04-07_18:53:17.693803
[profile_attr] old_data=88582406 delta_type=1 attr=gold delta_data=1000 userid=1265 source=shortcut_sell time=2013-04-07_18:53:17.693952
[profile_attr] old_data=88583406 delta_type=1 attr=gold delta_data=1000 userid=1265 source=shortcut_sell time=2013-04-07_18:53:17.694099
[profile_attr] old_data=88584406 delta_type=1 attr=gold delta_data=1000 userid=1265 source=shortcut_sell time=2013-04-07_18:53:17.694232
[profile_attr] old_data=88585406 delta_type=1 attr=gold delta_data=1000 userid=1265 source=shortcut_sell time=2013-04-07_18:53:17.694366
[profile_attr] old_data=88586406 delta_type=1 attr=gold delta_data=1000 userid=1265 source=shortcut_sell time=2013-04-07_18:53:17.694516
[profile_attr] old_data=88587406 delta_type=1 attr=gold delta_data=1000 userid=1265 source=shortcut_sell time=2013-04-07_18:53:17.694650
[profile_attr] old_data=88588406 delta_type=1 attr=gold delta_data=1000 userid=1265 source=shortcut_sell time=2013-04-07_18:53:17.694785
[profile_attr] old_data=88589406 delta_type=1 attr=gold delta_data=1000 userid=1265 source=shortcut_sell time=2013-04-07_18:53:17.694925
[profile_attr] old_data=88590406 delta_type=0 attr=gold delta_data=6000 userid=1265 source=shortcut_start time=2013-04-07_18:53:22.727223
[profile_attr] old_data=88584406 delta_type=0 attr=gold delta_data=4000 userid=1265 source=shortcut_start time=2013-04-07_18:53:22.735524
[profile_attr] old_data=88580406 delta_type=0 attr=gold delta_data=2000 userid=1265 source=shortcut_start time=2013-04-07_18:53:22.742407
[profile_attr] old_data=88578406 delta_type=0 attr=gold delta_data=4000 userid=1265 source=shortcut_start time=2013-04-07_18:53:22.753230
[profile_attr] old_data=88574406 delta_type=0 attr=gold delta_data=2000 userid=1265 source=shortcut_start time=2013-04-07_18:53:22.760584
[profile_attr] old_data=88572406 delta_type=0 attr=gold delta_data=4000 userid=1265 source=shortcut_start time=2013-04-07_18:53:22.767558
[profile_attr] old_data=88568406 delta_type=0 attr=gold delta_data=2000 userid=1265 source=shortcut_start time=2013-04-07_18:53:22.774729
[profile_attr] old_data=88566406 delta_type=0 attr=gold delta_data=2000 userid=1265 source=shortcut_start time=2013-04-07_18:53:22.783196
[profile_attr] old_data=88564406 delta_type=0 attr=gold delta_data=4000 userid=1265 source=shortcut_start time=2013-04-07_18:53:22.790353
[profile_attr] old_data=88560406 delta_type=0 attr=gold delta_data=6000 userid=1265 source=shortcut_start time=2013-04-07_18:53:22.797401
[profile_attr] old_data=88554406 delta_type=0 attr=gold delta_data=4000 userid=1265 source=shortcut_start time=2013-04-07_18:53:22.804003
[profile_attr] old_data=88550406 delta_type=0 attr=gold delta_data=2000 userid=1265 source=shortcut_start time=2013-04-07_18:53:22.813647
[profile_attr] old_data=88548406 delta_type=0 attr=gold delta_data=2000 userid=1265 source=shortcut_start time=2013-04-07_18:53:22.820560
[profile_attr] old_data=88546406 delta_type=0 attr=gold delta_data=2000 userid=1265 source=shortcut_start time=2013-04-07_18:53:22.827264
[profile_attr] old_data=88544406 delta_type=0 attr=gold delta_data=4000 userid=1265 source=shortcut_start time=2013-04-07_18:53:22.834600
[profile_attr] old_data=88540406 delta_type=0 attr=gold delta_data=6000 userid=1265 source=shortcut_start time=2013-04-07_18:53:22.841549
[profile_attr] old_data=88534406 delta_type=0 attr=gold delta_data=8000 userid=1265 source=shortcut_start time=2013-04-07_18:53:22.848591
[profile_attr] old_data=88526406 delta_type=0 attr=gold delta_data=6000 userid=1265 source=shortcut_start time=2013-04-07_18:53:22.855377
[profile_attr] old_data=88520406 delta_type=0 attr=gold delta_data=4000 userid=1265 source=shortcut_start time=2013-04-07_18:53:22.862376
[profile_attr] old_data=88516406 delta_type=1 attr=gold delta_data=1000 userid=1265 source=shortcut_sell time=2013-04-07_18:53:24.879114
[profile_attr] old_data=88517406 delta_type=1 attr=gold delta_data=1000 userid=1265 source=shortcut_sell time=2013-04-07_18:53:24.879233
[profile_attr] old_data=88518406 delta_type=1 attr=gold delta_data=1000 userid=1265 source=shortcut_sell time=2013-04-07_18:53:24.879341
[profile_attr] old_data=88519406 delta_type=1 attr=gold delta_data=1000 userid=1265 source=shortcut_sell time=2013-04-07_18:53:24.879440
[profile_attr] old_data=88520406 delta_type=1 attr=gold delta_data=1000 userid=1265 source=shortcut_sell time=2013-04-07_18:53:24.879537
[profile_attr] old_data=88521406 delta_type=1 attr=gold delta_data=1000 userid=1265 source=shortcut_sell time=2013-04-07_18:53:24.879634
[profile_attr] old_data=88522406 delta_type=1 attr=gold delta_data=1000 userid=1265 source=shortcut_sell time=2013-04-07_18:53:24.879730
[profile_attr] old_data=88523406 delta_type=1 attr=gold delta_data=1000 userid=1265 source=shortcut_sell time=2013-04-07_18:53:24.879826
[profile_attr] old_data=88524406 delta_type=1 attr=gold delta_data=1000 userid=1265 source=shortcut_sell time=2013-04-07_18:53:24.879922
[profile_attr] old_data=88525406 delta_type=1 attr=gold delta_data=1000 userid=1265 source=shortcut_sell time=2013-04-07_18:53:24.880059
[profile_attr] old_data=88526406 delta_type=1 attr=gold delta_data=1000 userid=1265 source=shortcut_sell time=2013-04-07_18:53:24.880172
[profile_attr] old_data=88527406 delta_type=1 attr=gold delta_data=1000 userid=1265 source=shortcut_sell time=2013-04-07_18:53:24.880268
[profile_attr] old_data=88528406 delta_type=1 attr=gold delta_data=1000 userid=1265 source=shortcut_sell time=2013-04-07_18:53:24.880363
[profile_attr] old_data=88529406 delta_type=1 attr=gold delta_data=1000 userid=1265 source=shortcut_sell time=2013-04-07_18:53:24.880464
[profile_attr] old_data=88530406 delta_type=1 attr=gold delta_data=1000 userid=1265 source=shortcut_sell time=2013-04-07_18:53:24.880559
[profile_attr] old_data=88531406 delta_type=0 attr=gold delta_data=6000 userid=1265 source=shortcut_start time=2013-04-07_18:53:30.577693
[profile_attr] old_data=88525406 delta_type=0 attr=gold delta_data=4000 userid=1265 source=shortcut_start time=2013-04-07_18:53:30.584420
[profile_attr] old_data=88521406 delta_type=0 attr=gold delta_data=2000 userid=1265 source=shortcut_start time=2013-04-07_18:53:30.590948
[profile_attr] old_data=88519406 delta_type=0 attr=gold delta_data=2000 userid=1265 source=shortcut_start time=2013-04-07_18:53:30.599083
[profile_attr] old_data=88517406 delta_type=0 attr=gold delta_data=2000 userid=1265 source=shortcut_start time=2013-04-07_18:53:30.607804
[profile_attr] old_data=88515406 delta_type=0 attr=gold delta_data=2000 userid=1265 source=shortcut_start time=2013-04-07_18:53:30.614372
[profile_attr] old_data=88513406 delta_type=0 attr=gold delta_data=4000 userid=1265 source=shortcut_start time=2013-04-07_18:53:30.621644
[profile_attr] old_data=88509406 delta_type=0 attr=gold delta_data=2000 userid=1265 source=shortcut_start time=2013-04-07_18:53:30.628994
[profile_attr] old_data=88507406 delta_type=0 attr=gold delta_data=2000 userid=1265 source=shortcut_start time=2013-04-07_18:53:30.639749
[profile_attr] old_data=88505406 delta_type=0 attr=gold delta_data=2000 userid=1265 source=shortcut_start time=2013-04-07_18:53:30.646344
[profile_attr] old_data=88503406 delta_type=0 attr=gold delta_data=4000 userid=1265 source=shortcut_start time=2013-04-07_18:53:30.653320
[profile_attr] old_data=88499406 delta_type=0 attr=gold delta_data=6000 userid=1265 source=shortcut_start time=2013-04-07_18:53:30.660060
[profile_attr] old_data=88493406 delta_type=0 attr=gold delta_data=8000 userid=1265 source=shortcut_start time=2013-04-07_18:53:30.666572
[profile_attr] old_data=88485406 delta_type=0 attr=gold delta_data=6000 userid=1265 source=shortcut_start time=2013-04-07_18:53:30.673279
[profile_attr] old_data=88479406 delta_type=0 attr=gold delta_data=8000 userid=1265 source=shortcut_start time=2013-04-07_18:53:30.679667
[profile_attr] old_data=88471406 delta_type=0 attr=gold delta_data=6000 userid=1265 source=shortcut_start time=2013-04-07_18:53:30.686206
[profile_attr] old_data=88465406 delta_type=0 attr=gold delta_data=4000 userid=1265 source=shortcut_start time=2013-04-07_18:53:30.692603
[profile_attr] old_data=88461406 delta_type=0 attr=gold delta_data=2000 userid=1265 source=shortcut_start time=2013-04-07_18:53:30.699316
[profile_attr] old_data=88459406 delta_type=0 attr=gold delta_data=2000 userid=1265 source=shortcut_start time=2013-04-07_18:53:30.705731
[profile_attr] old_data=88457406 delta_type=1 attr=gold delta_data=1000 userid=1265 source=shortcut_sell time=2013-04-07_18:53:33.008593
[profile_attr] old_data=88458406 delta_type=1 attr=gold delta_data=1000 userid=1265 source=shortcut_sell time=2013-04-07_18:53:33.008716
[profile_attr] old_data=88459406 delta_type=1 attr=gold delta_data=1000 userid=1265 source=shortcut_sell time=2013-04-07_18:53:33.008824
[profile_attr] old_data=88460406 delta_type=1 attr=gold delta_data=1000 userid=1265 source=shortcut_sell time=2013-04-07_18:53:33.008937
[profile_attr] old_data=88461406 delta_type=1 attr=gold delta_data=1000 userid=1265 source=shortcut_sell time=2013-04-07_18:53:33.009047
[profile_attr] old_data=88462406 delta_type=1 attr=gold delta_data=1000 userid=1265 source=shortcut_sell time=2013-04-07_18:53:33.009149
[profile_attr] old_data=88463406 delta_type=1 attr=gold delta_data=1000 userid=1265 source=shortcut_sell time=2013-04-07_18:53:33.009248
[profile_attr] old_data=88464406 delta_type=1 attr=gold delta_data=1000 userid=1265 source=shortcut_sell time=2013-04-07_18:53:33.009346
[profile_attr] old_data=88465406 delta_type=1 attr=gold delta_data=1000 userid=1265 source=shortcut_sell time=2013-04-07_18:53:33.009456
[profile_attr] old_data=88466406 delta_type=1 attr=gold delta_data=1000 userid=1265 source=shortcut_sell time=2013-04-07_18:53:33.009564
[profile_attr] old_data=88467406 delta_type=1 attr=gold delta_data=1000 userid=1265 source=shortcut_sell time=2013-04-07_18:53:33.009661
[profile_attr] old_data=88468406 delta_type=1 attr=gold delta_data=1000 userid=1265 source=shortcut_sell time=2013-04-07_18:53:33.009760
[profile_attr] old_data=88469406 delta_type=1 attr=gold delta_data=1000 userid=1265 source=shortcut_sell time=2013-04-07_18:53:33.009864
[profile_attr] old_data=88470406 delta_type=0 attr=gold delta_data=2000 userid=1265 source=shortcut_start time=2013-04-07_18:53:39.126140
[profile_attr] old_data=88468406 delta_type=0 attr=gold delta_data=2000 userid=1265 source=shortcut_start time=2013-04-07_18:53:39.134908
[profile_attr] old_data=88466406 delta_type=0 attr=gold delta_data=4000 userid=1265 source=shortcut_start time=2013-04-07_18:53:39.142239
[profile_attr] old_data=88462406 delta_type=0 attr=gold delta_data=6000 userid=1265 source=shortcut_start time=2013-04-07_18:53:39.149504
[profile_attr] old_data=88456406 delta_type=0 attr=gold delta_data=4000 userid=1265 source=shortcut_start time=2013-04-07_18:53:39.156464
[profile_attr] old_data=88452406 delta_type=0 attr=gold delta_data=6000 userid=1265 source=shortcut_start time=2013-04-07_18:53:39.163279
[profile_attr] old_data=88446406 delta_type=0 attr=gold delta_data=4000 userid=1265 source=shortcut_start time=2013-04-07_18:53:39.170376
[profile_attr] old_data=88442406 delta_type=0 attr=gold delta_data=2000 userid=1265 source=shortcut_start time=2013-04-07_18:53:39.177001
[profile_attr] old_data=88440406 delta_type=0 attr=gold delta_data=4000 userid=1265 source=shortcut_start time=2013-04-07_18:53:39.187103
[profile_attr] old_data=88436406 delta_type=0 attr=gold delta_data=2000 userid=1265 source=shortcut_start time=2013-04-07_18:53:39.194047
[profile_attr] old_data=88434406 delta_type=0 attr=gold delta_data=2000 userid=1265 source=shortcut_start time=2013-04-07_18:53:39.200798
[profile_attr] old_data=88432406 delta_type=0 attr=gold delta_data=2000 userid=1265 source=shortcut_start time=2013-04-07_18:53:39.207436
[profile_attr] old_data=88430406 delta_type=0 attr=gold delta_data=2000 userid=1265 source=shortcut_start time=2013-04-07_18:53:39.215593
[profile_attr] old_data=88428406 delta_type=0 attr=gold delta_data=4000 userid=1265 source=shortcut_start time=2013-04-07_18:53:39.222216
[profile_attr] old_data=88424406 delta_type=0 attr=gold delta_data=2000 userid=1265 source=shortcut_start time=2013-04-07_18:53:39.228651
[profile_attr] old_data=88422406 delta_type=0 attr=gold delta_data=2000 userid=1265 source=shortcut_start time=2013-04-07_18:53:39.235195
[profile_attr] old_data=88420406 delta_type=0 attr=gold delta_data=2000 userid=1265 source=shortcut_start time=2013-04-07_18:53:39.242350
[profile_attr] old_data=88418406 delta_type=0 attr=gold delta_data=2000 userid=1265 source=shortcut_start time=2013-04-07_18:53:39.248871
[profile_attr] old_data=88416406 delta_type=0 attr=gold delta_data=2000 userid=1265 source=shortcut_start time=2013-04-07_18:53:39.257860
[profile_attr] old_data=88414406 delta_type=1 attr=gold delta_data=1000 userid=1265 source=shortcut_sell time=2013-04-07_18:53:41.680003
[profile_attr] old_data=88415406 delta_type=1 attr=gold delta_data=1000 userid=1265 source=shortcut_sell time=2013-04-07_18:53:41.680120
[profile_attr] old_data=88416406 delta_type=1 attr=gold delta_data=1000 userid=1265 source=shortcut_sell time=2013-04-07_18:53:41.680200
[profile_attr] old_data=88417406 delta_type=1 attr=gold delta_data=1000 userid=1265 source=shortcut_sell time=2013-04-07_18:53:41.680277
[profile_attr] old_data=88418406 delta_type=1 attr=gold delta_data=1000 userid=1265 source=shortcut_sell time=2013-04-07_18:53:41.680352
[profile_attr] old_data=88419406 delta_type=1 attr=gold delta_data=1000 userid=1265 source=shortcut_sell time=2013-04-07_18:53:41.680437
[profile_attr] old_data=88420406 delta_type=1 attr=gold delta_data=1000 userid=1265 source=shortcut_sell time=2013-04-07_18:53:41.680512
[profile_attr] old_data=88421406 delta_type=1 attr=gold delta_data=1000 userid=1265 source=shortcut_sell time=2013-04-07_18:53:41.680590
[profile_attr] old_data=88422406 delta_type=1 attr=gold delta_data=1000 userid=1265 source=shortcut_sell time=2013-04-07_18:53:41.680672
[profile_attr] old_data=88423406 delta_type=0 attr=gold delta_data=4000 userid=1265 source=shortcut_start time=2013-04-07_18:53:46.658442
[profile_attr] old_data=88419406 delta_type=0 attr=gold delta_data=2000 userid=1265 source=shortcut_start time=2013-04-07_18:53:46.665393
[profile_attr] old_data=88417406 delta_type=0 attr=gold delta_data=4000 userid=1265 source=shortcut_start time=2013-04-07_18:53:46.674862
[profile_attr] old_data=88413406 delta_type=0 attr=gold delta_data=6000 userid=1265 source=shortcut_start time=2013-04-07_18:53:46.685335
[profile_attr] old_data=88407406 delta_type=0 attr=gold delta_data=4000 userid=1265 source=shortcut_start time=2013-04-07_18:53:46.694091
[profile_attr] old_data=88403406 delta_type=0 attr=gold delta_data=6000 userid=1265 source=shortcut_start time=2013-04-07_18:53:46.703004
[profile_attr] old_data=88397406 delta_type=0 attr=gold delta_data=4000 userid=1265 source=shortcut_start time=2013-04-07_18:53:46.710933
[profile_attr] old_data=88393406 delta_type=0 attr=gold delta_data=2000 userid=1265 source=shortcut_start time=2013-04-07_18:53:46.718277
[profile_attr] old_data=88391406 delta_type=0 attr=gold delta_data=4000 userid=1265 source=shortcut_start time=2013-04-07_18:53:46.728010
[profile_attr] old_data=88387406 delta_type=0 attr=gold delta_data=2000 userid=1265 source=shortcut_start time=2013-04-07_18:53:46.736597
[profile_attr] old_data=88385406 delta_type=0 attr=gold delta_data=2000 userid=1265 source=shortcut_start time=2013-04-07_18:53:46.745535
[profile_attr] old_data=88383406 delta_type=0 attr=gold delta_data=4000 userid=1265 source=shortcut_start time=2013-04-07_18:53:46.753694
[profile_attr] old_data=88379406 delta_type=0 attr=gold delta_data=2000 userid=1265 source=shortcut_start time=2013-04-07_18:53:46.762542
[profile_attr] old_data=88377406 delta_type=0 attr=gold delta_data=2000 userid=1265 source=shortcut_start time=2013-04-07_18:53:46.769714
[profile_attr] old_data=88375406 delta_type=0 attr=gold delta_data=2000 userid=1265 source=shortcut_start time=2013-04-07_18:53:46.778812
[profile_attr] old_data=88373406 delta_type=0 attr=gold delta_data=2000 userid=1265 source=shortcut_start time=2013-04-07_18:53:46.785924
[profile_attr] old_data=88371406 delta_type=0 attr=gold delta_data=4000 userid=1265 source=shortcut_start time=2013-04-07_18:53:46.793065
[profile_attr] old_data=88367406 delta_type=0 attr=gold delta_data=6000 userid=1265 source=shortcut_start time=2013-04-07_18:53:46.803065
[profile_attr] old_data=88361406 delta_type=0 attr=gold delta_data=8000 userid=1265 source=shortcut_start time=2013-04-07_18:53:46.809795
[profile_attr] old_data=88353406 delta_type=1 attr=gold delta_data=1000 userid=1265 source=shortcut_sell time=2013-04-07_18:53:48.635892
[profile_attr] old_data=88354406 delta_type=1 attr=gold delta_data=1000 userid=1265 source=shortcut_sell time=2013-04-07_18:53:48.636011
[profile_attr] old_data=88355406 delta_type=1 attr=gold delta_data=1000 userid=1265 source=shortcut_sell time=2013-04-07_18:53:48.636101
[profile_attr] old_data=88356406 delta_type=1 attr=gold delta_data=1000 userid=1265 source=shortcut_sell time=2013-04-07_18:53:48.636185
[profile_attr] old_data=88357406 delta_type=1 attr=gold delta_data=1000 userid=1265 source=shortcut_sell time=2013-04-07_18:53:48.636260
[profile_attr] old_data=88358406 delta_type=1 attr=gold delta_data=1000 userid=1265 source=shortcut_sell time=2013-04-07_18:53:48.636339
[profile_attr] old_data=88359406 delta_type=1 attr=gold delta_data=1000 userid=1265 source=shortcut_sell time=2013-04-07_18:53:48.636414
[profile_attr] old_data=88360406 delta_type=1 attr=gold delta_data=1000 userid=1265 source=shortcut_sell time=2013-04-07_18:53:48.636507
[profile_attr] old_data=88361406 delta_type=1 attr=gold delta_data=1000 userid=1265 source=shortcut_sell time=2013-04-07_18:53:48.636583
[profile_attr] old_data=88362406 delta_type=1 attr=gold delta_data=1000 userid=1265 source=shortcut_sell time=2013-04-07_18:53:48.636662
[profile_attr] old_data=88363406 delta_type=0 attr=gold delta_data=6000 userid=1265 source=shortcut_start time=2013-04-07_18:54:10.973954
[profile_attr] old_data=88357406 delta_type=0 attr=gold delta_data=4000 userid=1265 source=shortcut_start time=2013-04-07_18:54:10.983108
[profile_attr] old_data=88353406 delta_type=0 attr=gold delta_data=2000 userid=1265 source=shortcut_start time=2013-04-07_18:54:10.989781
[profile_attr] old_data=88351406 delta_type=0 attr=gold delta_data=4000 userid=1265 source=shortcut_start time=2013-04-07_18:54:10.996400
[profile_attr] old_data=88347406 delta_type=0 attr=gold delta_data=6000 userid=1265 source=shortcut_start time=2013-04-07_18:54:11.003751
[profile_attr] old_data=88341406 delta_type=0 attr=gold delta_data=4000 userid=1265 source=shortcut_start time=2013-04-07_18:54:11.011877
[profile_attr] old_data=88337406 delta_type=0 attr=gold delta_data=2000 userid=1265 source=shortcut_start time=2013-04-07_18:54:11.021906
[profile_attr] old_data=88335406 delta_type=0 attr=gold delta_data=4000 userid=1265 source=shortcut_start time=2013-04-07_18:54:11.028959
[profile_attr] old_data=88331406 delta_type=0 attr=gold delta_data=2000 userid=1265 source=shortcut_start time=2013-04-07_18:54:11.035595
[profile_attr] old_data=88329406 delta_type=0 attr=gold delta_data=4000 userid=1265 source=shortcut_start time=2013-04-07_18:54:11.044685
[profile_attr] old_data=88325406 delta_type=0 attr=gold delta_data=6000 userid=1265 source=shortcut_start time=2013-04-07_18:54:11.052225
[profile_attr] old_data=88319406 delta_type=0 attr=gold delta_data=4000 userid=1265 source=shortcut_start time=2013-04-07_18:54:11.059232
[profile_attr] old_data=88315406 delta_type=0 attr=gold delta_data=6000 userid=1265 source=shortcut_start time=2013-04-07_18:54:11.066117
[profile_attr] old_data=88309406 delta_type=0 attr=gold delta_data=4000 userid=1265 source=shortcut_start time=2013-04-07_18:54:11.073064
[profile_attr] old_data=88305406 delta_type=0 attr=gold delta_data=2000 userid=1265 source=shortcut_start time=2013-04-07_18:54:11.079883
[profile_attr] old_data=88303406 delta_type=0 attr=gold delta_data=2000 userid=1265 source=shortcut_start time=2013-04-07_18:54:11.087655
[profile_attr] old_data=88301406 delta_type=0 attr=gold delta_data=2000 userid=1265 source=shortcut_start time=2013-04-07_18:54:11.094712
[profile_attr] old_data=88299406 delta_type=0 attr=gold delta_data=2000 userid=1265 source=shortcut_start time=2013-04-07_18:54:11.103216
[profile_attr] old_data=88297406 delta_type=0 attr=gold delta_data=2000 userid=1265 source=shortcut_start time=2013-04-07_18:54:11.111771
[profile_attr] old_data=88295406 delta_type=1 attr=gold delta_data=1000 userid=1265 source=shortcut_sell time=2013-04-07_18:54:47.624906
[profile_attr] old_data=88296406 delta_type=1 attr=gold delta_data=1000 userid=1265 source=shortcut_sell time=2013-04-07_18:54:47.625032
[profile_attr] old_data=88297406 delta_type=1 attr=gold delta_data=1000 userid=1265 source=shortcut_sell time=2013-04-07_18:54:47.625122
[profile_attr] old_data=88298406 delta_type=1 attr=gold delta_data=1000 userid=1265 source=shortcut_sell time=2013-04-07_18:54:47.625199
[profile_attr] old_data=88299406 delta_type=1 attr=gold delta_data=1000 userid=1265 source=shortcut_sell time=2013-04-07_18:54:47.625274
[profile_attr] old_data=88300406 delta_type=1 attr=gold delta_data=1000 userid=1265 source=shortcut_sell time=2013-04-07_18:54:47.625350
[profile_attr] old_data=88301406 delta_type=1 attr=gold delta_data=1000 userid=1265 source=shortcut_sell time=2013-04-07_18:54:47.625424
[profile_attr] old_data=88302406 delta_type=1 attr=gold delta_data=1000 userid=1265 source=shortcut_sell time=2013-04-07_18:54:47.625498
[profile_attr] old_data=88303406 delta_type=1 attr=gold delta_data=1000 userid=1265 source=shortcut_sell time=2013-04-07_18:54:47.625572
[profile_attr] old_data=88304406 delta_type=1 attr=gold delta_data=1000 userid=1265 source=shortcut_sell time=2013-04-07_18:54:47.625646
[profile_attr] old_data=88305406 delta_type=1 attr=gold delta_data=1000 userid=1265 source=shortcut_sell time=2013-04-07_18:54:47.625721
[profile_attr] old_data=88306406 delta_type=1 attr=gold delta_data=1000 userid=1265 source=shortcut_sell time=2013-04-07_18:54:47.625797
[profile_attr] old_data=88307406 delta_type=1 attr=gold delta_data=1000 userid=1265 source=shortcut_sell time=2013-04-07_18:54:47.625920
[profile_attr] old_data=88308406 delta_type=1 attr=gold delta_data=1000 userid=1265 source=shortcut_sell time=2013-04-07_18:54:47.626052
[profile_attr] old_data=88309406 delta_type=0 attr=gold delta_data=4000 userid=1265 source=shortcut_start time=2013-04-07_18:54:49.193015
[profile_attr] old_data=88305406 delta_type=0 attr=gold delta_data=6000 userid=1265 source=shortcut_start time=2013-04-07_18:54:49.200626
[profile_attr] old_data=88299406 delta_type=0 attr=gold delta_data=4000 userid=1265 source=shortcut_start time=2013-04-07_18:54:49.207047
[profile_attr] old_data=88295406 delta_type=0 attr=gold delta_data=2000 userid=1265 source=shortcut_start time=2013-04-07_18:54:49.215199
[profile_attr] old_data=88293406 delta_type=0 attr=gold delta_data=4000 userid=1265 source=shortcut_start time=2013-04-07_18:54:49.222626
[profile_attr] old_data=88289406 delta_type=0 attr=gold delta_data=6000 userid=1265 source=shortcut_start time=2013-04-07_18:54:49.229569
[profile_attr] old_data=88283406 delta_type=0 attr=gold delta_data=8000 userid=1265 source=shortcut_start time=2013-04-07_18:54:49.236028
[profile_attr] old_data=88275406 delta_type=0 attr=gold delta_data=6000 userid=1265 source=shortcut_start time=2013-04-07_18:54:49.242382
[profile_attr] old_data=88269406 delta_type=0 attr=gold delta_data=8000 userid=1265 source=shortcut_start time=2013-04-07_18:54:49.250765
[profile_attr] old_data=88261406 delta_type=0 attr=gold delta_data=6000 userid=1265 source=shortcut_start time=2013-04-07_18:54:49.257564
[profile_attr] old_data=88255406 delta_type=0 attr=gold delta_data=4000 userid=1265 source=shortcut_start time=2013-04-07_18:54:49.267248
[profile_attr] old_data=88251406 delta_type=0 attr=gold delta_data=2000 userid=1265 source=shortcut_start time=2013-04-07_18:54:49.274019
[profile_attr] old_data=88249406 delta_type=0 attr=gold delta_data=2000 userid=1265 source=shortcut_start time=2013-04-07_18:54:49.281112
[profile_attr] old_data=88247406 delta_type=0 attr=gold delta_data=4000 userid=1265 source=shortcut_start time=2013-04-07_18:54:49.292025
[profile_attr] old_data=88243406 delta_type=0 attr=gold delta_data=6000 userid=1265 source=shortcut_start time=2013-04-07_18:54:49.304440
[profile_attr] old_data=88237406 delta_type=0 attr=gold delta_data=4000 userid=1265 source=shortcut_start time=2013-04-07_18:54:49.311445
[profile_attr] old_data=88233406 delta_type=0 attr=gold delta_data=2000 userid=1265 source=shortcut_start time=2013-04-07_18:54:49.318401
[profile_attr] old_data=88231406 delta_type=0 attr=gold delta_data=2000 userid=1265 source=shortcut_start time=2013-04-07_18:54:49.325097
[profile_attr] old_data=88229406 delta_type=0 attr=gold delta_data=4000 userid=1265 source=shortcut_start time=2013-04-07_18:54:49.333106
[profile_attr] old_data=88225406 delta_type=0 attr=gold delta_data=6000 userid=1265 source=shortcut_start time=2013-04-07_18:54:49.341546
[profile_attr] old_data=88219406 delta_type=1 attr=gold delta_data=1000 userid=1265 source=shortcut_sell time=2013-04-07_18:56:08.253342
[profile_attr] old_data=88220406 delta_type=1 attr=gold delta_data=1000 userid=1265 source=shortcut_sell time=2013-04-07_18:56:08.253452
[profile_attr] old_data=88221406 delta_type=1 attr=gold delta_data=1000 userid=1265 source=shortcut_sell time=2013-04-07_18:56:08.253532
[profile_attr] old_data=88222406 delta_type=1 attr=gold delta_data=1000 userid=1265 source=shortcut_sell time=2013-04-07_18:56:08.253608
[profile_attr] old_data=88223406 delta_type=1 attr=gold delta_data=1000 userid=1265 source=shortcut_sell time=2013-04-07_18:56:08.253683
[profile_attr] old_data=88224406 delta_type=1 attr=gold delta_data=1000 userid=1265 source=shortcut_sell time=2013-04-07_18:56:08.253758
[profile_attr] old_data=88225406 delta_type=1 attr=gold delta_data=1000 userid=1265 source=shortcut_sell time=2013-04-07_18:56:08.253833
[profile_attr] old_data=88226406 delta_type=1 attr=gold delta_data=1000 userid=1265 source=shortcut_sell time=2013-04-07_18:56:08.253911
[profile_attr] old_data=88227406 delta_type=1 attr=gold delta_data=1000 userid=1265 source=shortcut_sell time=2013-04-07_18:56:08.253999
[profile_attr] old_data=88228406 delta_type=1 attr=gold delta_data=1000 userid=1265 source=shortcut_sell time=2013-04-07_18:56:08.254077
[profile_attr] old_data=88229406 delta_type=1 attr=gold delta_data=1000 userid=1265 source=shortcut_sell time=2013-04-07_18:56:08.254155
[profile_attr] old_data=88230406 delta_type=1 attr=gold delta_data=1000 userid=1265 source=shortcut_sell time=2013-04-07_18:56:08.254233
[profile_attr] old_data=88231406 delta_type=0 attr=gold delta_data=4000 userid=1265 source=shortcut_start time=2013-04-07_18:56:16.054481
[profile_attr] old_data=88227406 delta_type=0 attr=gold delta_data=2000 userid=1265 source=shortcut_start time=2013-04-07_18:56:16.061337
[profile_attr] old_data=88225406 delta_type=0 attr=gold delta_data=2000 userid=1265 source=shortcut_start time=2013-04-07_18:56:16.068182
[profile_attr] old_data=88223406 delta_type=0 attr=gold delta_data=4000 userid=1265 source=shortcut_start time=2013-04-07_18:56:16.074823
[profile_attr] old_data=88219406 delta_type=0 attr=gold delta_data=6000 userid=1265 source=shortcut_start time=2013-04-07_18:56:16.083186
[profile_attr] old_data=88213406 delta_type=0 attr=gold delta_data=8000 userid=1265 source=shortcut_start time=2013-04-07_18:56:16.090697
[profile_attr] old_data=88205406 delta_type=0 attr=gold delta_data=10000 userid=1265 source=shortcut_start time=2013-04-07_18:56:16.099505
[profile_attr] old_data=88195406 delta_type=0 attr=gold delta_data=6000 userid=1265 source=shortcut_start time=2013-04-07_18:56:16.108921
[profile_attr] old_data=88189406 delta_type=0 attr=gold delta_data=8000 userid=1265 source=shortcut_start time=2013-04-07_18:56:16.116953
[profile_attr] old_data=88181406 delta_type=0 attr=gold delta_data=6000 userid=1265 source=shortcut_start time=2013-04-07_18:56:16.125452
[profile_attr] old_data=88175406 delta_type=0 attr=gold delta_data=4000 userid=1265 source=shortcut_start time=2013-04-07_18:56:16.134083
[profile_attr] old_data=88171406 delta_type=0 attr=gold delta_data=2000 userid=1265 source=shortcut_start time=2013-04-07_18:56:16.141657
[profile_attr] old_data=88169406 delta_type=0 attr=gold delta_data=4000 userid=1265 source=shortcut_start time=2013-04-07_18:56:16.149058
[profile_attr] old_data=88165406 delta_type=0 attr=gold delta_data=2000 userid=1265 source=shortcut_start time=2013-04-07_18:56:16.156878
[profile_attr] old_data=88163406 delta_type=0 attr=gold delta_data=2000 userid=1265 source=shortcut_start time=2013-04-07_18:56:16.164544
[profile_attr] old_data=88161406 delta_type=0 attr=gold delta_data=2000 userid=1265 source=shortcut_start time=2013-04-07_18:56:16.171707
[profile_attr] old_data=88159406 delta_type=0 attr=gold delta_data=2000 userid=1265 source=shortcut_start time=2013-04-07_18:56:16.178580
[profile_attr] old_data=88157406 delta_type=0 attr=gold delta_data=4000 userid=1265 source=shortcut_start time=2013-04-07_18:56:16.185540
[profile_attr] old_data=88153406 delta_type=0 attr=gold delta_data=2000 userid=1265 source=shortcut_start time=2013-04-07_18:56:16.192446
[profile_attr] old_data=88151406 delta_type=1 attr=gold delta_data=1000 userid=1265 source=shortcut_sell time=2013-04-07_18:57:04.753961
[profile_attr] old_data=88152406 delta_type=1 attr=gold delta_data=1000 userid=1265 source=shortcut_sell time=2013-04-07_18:57:04.754080
[profile_attr] old_data=88153406 delta_type=1 attr=gold delta_data=1000 userid=1265 source=shortcut_sell time=2013-04-07_18:57:04.754189
[profile_attr] old_data=88154406 delta_type=1 attr=gold delta_data=1000 userid=1265 source=shortcut_sell time=2013-04-07_18:57:04.754303
[profile_attr] old_data=88155406 delta_type=1 attr=gold delta_data=1000 userid=1265 source=shortcut_sell time=2013-04-07_18:57:04.754406
[profile_attr] old_data=88156406 delta_type=1 attr=gold delta_data=1000 userid=1265 source=shortcut_sell time=2013-04-07_18:57:04.754504
[profile_attr] old_data=88157406 delta_type=1 attr=gold delta_data=1000 userid=1265 source=shortcut_sell time=2013-04-07_18:57:04.754607
[profile_attr] old_data=88158406 delta_type=0 attr=gold delta_data=2000 userid=1265 source=shortcut_start time=2013-04-07_18:58:46.196769
[profile_attr] old_data=88156406 delta_type=0 attr=gold delta_data=4000 userid=1265 source=shortcut_start time=2013-04-07_18:58:46.204240
[profile_attr] old_data=88152406 delta_type=0 attr=gold delta_data=6000 userid=1265 source=shortcut_start time=2013-04-07_18:58:46.211070
[profile_attr] old_data=88146406 delta_type=0 attr=gold delta_data=4000 userid=1265 source=shortcut_start time=2013-04-07_18:58:46.217931
[profile_attr] old_data=88142406 delta_type=0 attr=gold delta_data=6000 userid=1265 source=shortcut_start time=2013-04-07_18:58:46.224465
[profile_attr] old_data=88136406 delta_type=0 attr=gold delta_data=4000 userid=1265 source=shortcut_start time=2013-04-07_18:58:46.231625
[profile_attr] old_data=88132406 delta_type=0 attr=gold delta_data=2000 userid=1265 source=shortcut_start time=2013-04-07_18:58:46.242188
[profile_attr] old_data=88130406 delta_type=0 attr=gold delta_data=2000 userid=1265 source=shortcut_start time=2013-04-07_18:58:46.252998
[profile_attr] old_data=88128406 delta_type=0 attr=gold delta_data=2000 userid=1265 source=shortcut_start time=2013-04-07_18:58:46.259764
[profile_attr] old_data=88126406 delta_type=0 attr=gold delta_data=2000 userid=1265 source=shortcut_start time=2013-04-07_18:58:46.266350
[profile_attr] old_data=88124406 delta_type=0 attr=gold delta_data=2000 userid=1265 source=shortcut_start time=2013-04-07_18:58:46.273142
[profile_attr] old_data=88122406 delta_type=0 attr=gold delta_data=2000 userid=1265 source=shortcut_start time=2013-04-07_18:58:46.279664
[profile_attr] old_data=88120406 delta_type=0 attr=gold delta_data=2000 userid=1265 source=shortcut_start time=2013-04-07_18:58:46.286961
[profile_attr] old_data=88118406 delta_type=0 attr=gold delta_data=4000 userid=1265 source=shortcut_start time=2013-04-07_18:58:46.299673
[profile_attr] old_data=88114406 delta_type=0 attr=gold delta_data=6000 userid=1265 source=shortcut_start time=2013-04-07_18:58:46.308638
[profile_attr] old_data=88108406 delta_type=0 attr=gold delta_data=4000 userid=1265 source=shortcut_start time=2013-04-07_18:58:46.315613
[profile_attr] old_data=88104406 delta_type=0 attr=gold delta_data=2000 userid=1265 source=shortcut_start time=2013-04-07_18:58:46.322570
[profile_attr] old_data=88102406 delta_type=0 attr=gold delta_data=2000 userid=1265 source=shortcut_start time=2013-04-07_18:58:46.329819
[profile_attr] old_data=88100406 delta_type=0 attr=gold delta_data=4000 userid=1265 source=shortcut_start time=2013-04-07_18:58:46.336672
[profile_attr] old_data=88096406 delta_type=0 attr=gold delta_data=6000 userid=1265 source=shortcut_start time=2013-04-07_18:58:46.343374
[profile_attr] old_data=88090406 delta_type=1 attr=gold delta_data=1000 userid=1265 source=shortcut_sell time=2013-04-07_18:58:48.723494
[profile_attr] old_data=88091406 delta_type=1 attr=gold delta_data=1000 userid=1265 source=shortcut_sell time=2013-04-07_18:58:48.723606
[profile_attr] old_data=88092406 delta_type=1 attr=gold delta_data=1000 userid=1265 source=shortcut_sell time=2013-04-07_18:58:48.723722
[profile_attr] old_data=88093406 delta_type=1 attr=gold delta_data=1000 userid=1265 source=shortcut_sell time=2013-04-07_18:58:48.723830
[profile_attr] old_data=88094406 delta_type=1 attr=gold delta_data=1000 userid=1265 source=shortcut_sell time=2013-04-07_18:58:48.723925
[profile_attr] old_data=88095406 delta_type=1 attr=gold delta_data=1000 userid=1265 source=shortcut_sell time=2013-04-07_18:58:48.724068
[profile_attr] old_data=88096406 delta_type=1 attr=gold delta_data=1000 userid=1265 source=shortcut_sell time=2013-04-07_18:58:48.724165
[profile_attr] old_data=88097406 delta_type=1 attr=gold delta_data=1000 userid=1265 source=shortcut_sell time=2013-04-07_18:58:48.724267
[profile_attr] old_data=88098406 delta_type=1 attr=gold delta_data=1000 userid=1265 source=shortcut_sell time=2013-04-07_18:58:48.724364
[profile_attr] old_data=88099406 delta_type=1 attr=gold delta_data=1000 userid=1265 source=shortcut_sell time=2013-04-07_18:58:48.724460
[profile_attr] old_data=88100406 delta_type=1 attr=gold delta_data=1000 userid=1265 source=shortcut_sell time=2013-04-07_18:58:48.724604
[profile_attr] old_data=88101406 delta_type=0 attr=gold delta_data=4000 userid=1265 source=shortcut_start time=2013-04-07_18:58:52.247650
[profile_attr] old_data=88097406 delta_type=0 attr=gold delta_data=2000 userid=1265 source=shortcut_start time=2013-04-07_18:58:52.256304
[profile_attr] old_data=88095406 delta_type=0 attr=gold delta_data=4000 userid=1265 source=shortcut_start time=2013-04-07_18:58:52.264554
[profile_attr] old_data=88091406 delta_type=0 attr=gold delta_data=6000 userid=1265 source=shortcut_start time=2013-04-07_18:58:52.273506
[profile_attr] old_data=88085406 delta_type=0 attr=gold delta_data=4000 userid=1265 source=shortcut_start time=2013-04-07_18:58:52.280401
[profile_attr] old_data=88081406 delta_type=0 attr=gold delta_data=2000 userid=1265 source=shortcut_start time=2013-04-07_18:58:52.287029
[profile_attr] old_data=88079406 delta_type=0 attr=gold delta_data=2000 userid=1265 source=shortcut_start time=2013-04-07_18:58:52.295515
[profile_attr] old_data=88077406 delta_type=0 attr=gold delta_data=2000 userid=1265 source=shortcut_start time=2013-04-07_18:58:52.304412
[profile_attr] old_data=88075406 delta_type=0 attr=gold delta_data=2000 userid=1265 source=shortcut_start time=2013-04-07_18:58:52.311757
[profile_attr] old_data=88073406 delta_type=0 attr=gold delta_data=2000 userid=1265 source=shortcut_start time=2013-04-07_18:58:52.318846
[profile_attr] old_data=88071406 delta_type=0 attr=gold delta_data=2000 userid=1265 source=shortcut_start time=2013-04-07_18:58:52.326026
[profile_attr] old_data=88069406 delta_type=0 attr=gold delta_data=4000 userid=1265 source=shortcut_start time=2013-04-07_18:58:52.333129
[profile_attr] old_data=88065406 delta_type=0 attr=gold delta_data=2000 userid=1265 source=shortcut_start time=2013-04-07_18:58:52.339714
[profile_attr] old_data=88063406 delta_type=0 attr=gold delta_data=4000 userid=1265 source=shortcut_start time=2013-04-07_18:58:52.346220
[profile_attr] old_data=88059406 delta_type=0 attr=gold delta_data=2000 userid=1265 source=shortcut_start time=2013-04-07_18:58:52.352776
[profile_attr] old_data=88057406 delta_type=0 attr=gold delta_data=2000 userid=1265 source=shortcut_start time=2013-04-07_18:58:52.360546
[profile_attr] old_data=88055406 delta_type=0 attr=gold delta_data=2000 userid=1265 source=shortcut_start time=2013-04-07_18:58:52.366979
[profile_attr] old_data=88053406 delta_type=0 attr=gold delta_data=4000 userid=1265 source=shortcut_start time=2013-04-07_18:58:52.378029
[profile_attr] old_data=88049406 delta_type=0 attr=gold delta_data=6000 userid=1265 source=shortcut_start time=2013-04-07_18:58:52.384733
[profile_attr] old_data=88043406 delta_type=1 attr=gold delta_data=1000 userid=1265 source=shortcut_sell time=2013-04-07_18:58:54.225439
[profile_attr] old_data=88044406 delta_type=1 attr=gold delta_data=1000 userid=1265 source=shortcut_sell time=2013-04-07_18:58:54.225548
[profile_attr] old_data=88045406 delta_type=1 attr=gold delta_data=1000 userid=1265 source=shortcut_sell time=2013-04-07_18:58:54.225628
[profile_attr] old_data=88046406 delta_type=1 attr=gold delta_data=1000 userid=1265 source=shortcut_sell time=2013-04-07_18:58:54.225702
[profile_attr] old_data=88047406 delta_type=1 attr=gold delta_data=1000 userid=1265 source=shortcut_sell time=2013-04-07_18:58:54.225774
[profile_attr] old_data=88048406 delta_type=1 attr=gold delta_data=1000 userid=1265 source=shortcut_sell time=2013-04-07_18:58:54.225848
[profile_attr] old_data=88049406 delta_type=1 attr=gold delta_data=1000 userid=1265 source=shortcut_sell time=2013-04-07_18:58:54.225917
[profile_attr] old_data=88050406 delta_type=1 attr=gold delta_data=1000 userid=1265 source=shortcut_sell time=2013-04-07_18:58:54.225999
[profile_attr] old_data=88051406 delta_type=1 attr=gold delta_data=1000 userid=1265 source=shortcut_sell time=2013-04-07_18:58:54.226094
[profile_attr] old_data=88052406 delta_type=1 attr=gold delta_data=1000 userid=1265 source=shortcut_sell time=2013-04-07_18:58:54.226169
[profile_attr] old_data=88053406 delta_type=1 attr=gold delta_data=1000 userid=1265 source=shortcut_sell time=2013-04-07_18:58:54.226239
[profile_attr] old_data=88054406 delta_type=1 attr=gold delta_data=1000 userid=1265 source=shortcut_sell time=2013-04-07_18:58:54.226312
[profile_attr] old_data=88055406 delta_type=1 attr=gold delta_data=1000 userid=1265 source=shortcut_sell time=2013-04-07_18:58:54.226383
[profile_attr] old_data=88056406 delta_type=1 attr=gold delta_data=1000 userid=1265 source=shortcut_sell time=2013-04-07_18:58:54.226458
[profile_attr] old_data=88057406 delta_type=0 attr=gold delta_data=4000 userid=1265 source=shortcut_start time=2013-04-07_18:58:58.250553
[profile_attr] old_data=88053406 delta_type=0 attr=gold delta_data=2000 userid=1265 source=shortcut_start time=2013-04-07_18:58:58.259046
[profile_attr] old_data=88051406 delta_type=0 attr=gold delta_data=4000 userid=1265 source=shortcut_start time=2013-04-07_18:58:58.267641
[profile_attr] old_data=88047406 delta_type=0 attr=gold delta_data=2000 userid=1265 source=shortcut_start time=2013-04-07_18:58:58.274868
[profile_attr] old_data=88045406 delta_type=0 attr=gold delta_data=2000 userid=1265 source=shortcut_start time=2013-04-07_18:58:58.281986
[profile_attr] old_data=88043406 delta_type=0 attr=gold delta_data=4000 userid=1265 source=shortcut_start time=2013-04-07_18:58:58.289228
[profile_attr] old_data=88039406 delta_type=0 attr=gold delta_data=2000 userid=1265 source=shortcut_start time=2013-04-07_18:58:58.300046
[profile_attr] old_data=88037406 delta_type=0 attr=gold delta_data=2000 userid=1265 source=shortcut_start time=2013-04-07_18:58:58.307327
[profile_attr] old_data=88035406 delta_type=0 attr=gold delta_data=2000 userid=1265 source=shortcut_start time=2013-04-07_18:58:58.314312
[profile_attr] old_data=88033406 delta_type=0 attr=gold delta_data=4000 userid=1265 source=shortcut_start time=2013-04-07_18:58:58.321210
[profile_attr] old_data=88029406 delta_type=0 attr=gold delta_data=2000 userid=1265 source=shortcut_start time=2013-04-07_18:58:58.328853
[profile_attr] old_data=88027406 delta_type=0 attr=gold delta_data=4000 userid=1265 source=shortcut_start time=2013-04-07_18:58:58.335684
[profile_attr] old_data=88023406 delta_type=0 attr=gold delta_data=2000 userid=1265 source=shortcut_start time=2013-04-07_18:58:58.342600
[profile_attr] old_data=88021406 delta_type=0 attr=gold delta_data=4000 userid=1265 source=shortcut_start time=2013-04-07_18:58:58.349365
[profile_attr] old_data=88017406 delta_type=0 attr=gold delta_data=2000 userid=1265 source=shortcut_start time=2013-04-07_18:58:58.356108
[profile_attr] old_data=88015406 delta_type=0 attr=gold delta_data=4000 userid=1265 source=shortcut_start time=2013-04-07_18:58:58.363121
[profile_attr] old_data=88011406 delta_type=0 attr=gold delta_data=6000 userid=1265 source=shortcut_start time=2013-04-07_18:58:58.370426
[profile_attr] old_data=88005406 delta_type=0 attr=gold delta_data=4000 userid=1265 source=shortcut_start time=2013-04-07_18:58:58.377385
[profile_attr] old_data=88001406 delta_type=0 attr=gold delta_data=6000 userid=1265 source=shortcut_start time=2013-04-07_18:58:58.384927
[profile_attr] old_data=87995406 delta_type=1 attr=gold delta_data=1000 userid=1265 source=shortcut_sell time=2013-04-07_18:59:00.415066
[profile_attr] old_data=87996406 delta_type=1 attr=gold delta_data=1000 userid=1265 source=shortcut_sell time=2013-04-07_18:59:00.415188
[profile_attr] old_data=87997406 delta_type=1 attr=gold delta_data=1000 userid=1265 source=shortcut_sell time=2013-04-07_18:59:00.415330
[profile_attr] old_data=87998406 delta_type=1 attr=gold delta_data=1000 userid=1265 source=shortcut_sell time=2013-04-07_18:59:00.415414
[profile_attr] old_data=87999406 delta_type=1 attr=gold delta_data=1000 userid=1265 source=shortcut_sell time=2013-04-07_18:59:00.415487
[profile_attr] old_data=88000406 delta_type=1 attr=gold delta_data=1000 userid=1265 source=shortcut_sell time=2013-04-07_18:59:00.415560
[profile_attr] old_data=88001406 delta_type=1 attr=gold delta_data=1000 userid=1265 source=shortcut_sell time=2013-04-07_18:59:00.415641
[profile_attr] old_data=88002406 delta_type=1 attr=gold delta_data=1000 userid=1265 source=shortcut_sell time=2013-04-07_18:59:00.415713
[profile_attr] old_data=88003406 delta_type=1 attr=gold delta_data=1000 userid=1265 source=shortcut_sell time=2013-04-07_18:59:00.415784
[profile_attr] old_data=88004406 delta_type=1 attr=gold delta_data=1000 userid=1265 source=shortcut_sell time=2013-04-07_18:59:00.415856
[profile_attr] old_data=88005406 delta_type=1 attr=gold delta_data=1000 userid=1265 source=shortcut_sell time=2013-04-07_18:59:00.415928
[profile_attr] old_data=88006406 delta_type=1 attr=gold delta_data=1000 userid=1265 source=shortcut_sell time=2013-04-07_18:59:00.416014
[profile_attr] old_data=88007406 delta_type=1 attr=gold delta_data=1000 userid=1265 source=shortcut_sell time=2013-04-07_18:59:00.416139
[profile_attr] old_data=88008406 delta_type=1 attr=gold delta_data=1000 userid=1265 source=shortcut_sell time=2013-04-07_18:59:00.416269
[profile_attr] old_data=88009406 delta_type=0 attr=gold delta_data=4000 userid=1265 source=shortcut_start time=2013-04-07_18:59:07.480460
[profile_attr] old_data=88005406 delta_type=0 attr=gold delta_data=6000 userid=1265 source=shortcut_start time=2013-04-07_18:59:07.493058
[profile_attr] old_data=87999406 delta_type=0 attr=gold delta_data=4000 userid=1265 source=shortcut_start time=2013-04-07_18:59:07.500047
[profile_attr] old_data=87995406 delta_type=0 attr=gold delta_data=6000 userid=1265 source=shortcut_start time=2013-04-07_18:59:07.508417
[profile_attr] old_data=87989406 delta_type=0 attr=gold delta_data=4000 userid=1265 source=shortcut_start time=2013-04-07_18:59:07.514920
[profile_attr] old_data=87985406 delta_type=0 attr=gold delta_data=6000 userid=1265 source=shortcut_start time=2013-04-07_18:59:07.521889
[profile_attr] old_data=87979406 delta_type=0 attr=gold delta_data=8000 userid=1265 source=shortcut_start time=2013-04-07_18:59:07.528861
[profile_attr] old_data=87971406 delta_type=0 attr=gold delta_data=6000 userid=1265 source=shortcut_start time=2013-04-07_18:59:07.535777
[profile_attr] old_data=87965406 delta_type=0 attr=gold delta_data=4000 userid=1265 source=shortcut_start time=2013-04-07_18:59:07.544082
[profile_attr] old_data=87961406 delta_type=0 attr=gold delta_data=2000 userid=1265 source=shortcut_start time=2013-04-07_18:59:07.551343
[profile_attr] old_data=87959406 delta_type=0 attr=gold delta_data=2000 userid=1265 source=shortcut_start time=2013-04-07_18:59:07.558980
[profile_attr] old_data=87957406 delta_type=0 attr=gold delta_data=2000 userid=1265 source=shortcut_start time=2013-04-07_18:59:07.566008
[profile_attr] old_data=87955406 delta_type=0 attr=gold delta_data=2000 userid=1265 source=shortcut_start time=2013-04-07_18:59:07.572757
[profile_attr] old_data=87953406 delta_type=0 attr=gold delta_data=4000 userid=1265 source=shortcut_start time=2013-04-07_18:59:07.580657
[profile_attr] old_data=87949406 delta_type=0 attr=gold delta_data=2000 userid=1265 source=shortcut_start time=2013-04-07_18:59:07.587514
[profile_attr] old_data=87947406 delta_type=0 attr=gold delta_data=4000 userid=1265 source=shortcut_start time=2013-04-07_18:59:07.594658
[profile_attr] old_data=87943406 delta_type=0 attr=gold delta_data=6000 userid=1265 source=shortcut_start time=2013-04-07_18:59:07.601740
[profile_attr] old_data=87937406 delta_type=0 attr=gold delta_data=4000 userid=1265 source=shortcut_start time=2013-04-07_18:59:07.609142
[profile_attr] old_data=87933406 delta_type=0 attr=gold delta_data=6000 userid=1265 source=shortcut_start time=2013-04-07_18:59:07.616948
[profile_attr] old_data=87927406 delta_type=1 attr=gold delta_data=1000 userid=1265 source=shortcut_sell time=2013-04-07_18:59:09.653284
[profile_attr] old_data=87928406 delta_type=1 attr=gold delta_data=1000 userid=1265 source=shortcut_sell time=2013-04-07_18:59:09.653391
[profile_attr] old_data=87929406 delta_type=1 attr=gold delta_data=1000 userid=1265 source=shortcut_sell time=2013-04-07_18:59:09.653466
[profile_attr] old_data=87930406 delta_type=1 attr=gold delta_data=1000 userid=1265 source=shortcut_sell time=2013-04-07_18:59:09.653541
[profile_attr] old_data=87931406 delta_type=1 attr=gold delta_data=1000 userid=1265 source=shortcut_sell time=2013-04-07_18:59:09.653636
[profile_attr] old_data=87932406 delta_type=1 attr=gold delta_data=1000 userid=1265 source=shortcut_sell time=2013-04-07_18:59:09.653793
[profile_attr] old_data=87933406 delta_type=1 attr=gold delta_data=1000 userid=1265 source=shortcut_sell time=2013-04-07_18:59:09.653893
[profile_attr] old_data=87934406 delta_type=1 attr=gold delta_data=1000 userid=1265 source=shortcut_sell time=2013-04-07_18:59:09.654023
[profile_attr] old_data=87935406 delta_type=1 attr=gold delta_data=1000 userid=1265 source=shortcut_sell time=2013-04-07_18:59:09.654122
[profile_attr] old_data=87936406 delta_type=1 attr=gold delta_data=1000 userid=1265 source=shortcut_sell time=2013-04-07_18:59:09.654224
[profile_attr] old_data=87937406 delta_type=1 attr=gold delta_data=1000 userid=1265 source=shortcut_sell time=2013-04-07_18:59:09.654320
[profile_attr] old_data=87938406 delta_type=1 attr=gold delta_data=1000 userid=1265 source=shortcut_sell time=2013-04-07_18:59:09.654417
[profile_attr] old_data=87939406 delta_type=1 attr=gold delta_data=1000 userid=1265 source=shortcut_sell time=2013-04-07_18:59:09.654514
